Numero de CPUs logicos (threads): 40
Numero de núcleos fisicos: 10
Start -> PO
compilando PO...
make: Nothing to be done for 'all'.
___Executando PO___:
___PO com 2 Treads___
Execution Time: 14.59627
	Time:	0:00:15
	Energy:	0.0005 kWh
	CO2eq:	0.0704 g
	0.0007 km travelled by car
	Time:	0:00:15
	Energy:	0.0005 kWh
	CO2eq:	0.0704 g
	0.0007 km travelled by car
___PO com 2 Treads_concluida___
___PO com 4 Treads___
Execution Time: 8.15836
	Time:	0:00:08
	Energy:	0.0003 kWh
	CO2eq:	0.0425 g
	0.0004 km travelled by car
	Time:	0:00:08
	Energy:	0.0003 kWh
	CO2eq:	0.0425 g
	0.0004 km travelled by car
___PO com 4 Treads_concluida___
___PO com 6 Treads___
Execution Time: 5.23250
	Time:	0:00:05
	Energy:	0.0002 kWh
	CO2eq:	0.0283 g
	0.0003 km travelled by car
	Time:	0:00:05
	Energy:	0.0002 kWh
	CO2eq:	0.0283 g
	0.0003 km travelled by car
___PO com 6 Treads_concluida___
___PO com 8 Treads___
Execution Time: 4.05976
	Time:	0:00:04
	Energy:	0.0002 kWh
	CO2eq:	0.0229 g
	0.0002 km travelled by car
	Time:	0:00:04
	Energy:	0.0002 kWh
	CO2eq:	0.0229 g
	0.0002 km travelled by car
___PO com 8 Treads_concluida___
___PO com 10 Treads___
Execution Time: 3.35395
	Time:	0:00:03
	Energy:	0.0001 kWh
	CO2eq:	0.0196 g
	0.0002 km travelled by car
	Time:	0:00:03
	Energy:	0.0001 kWh
	CO2eq:	0.0196 g
	0.0002 km travelled by car
___PO com 10 Treads_concluida___
___PO com 12 Treads___
Execution Time: 2.79825
	Time:	0:00:03
	Energy:	0.0001 kWh
	CO2eq:	0.0172 g
	0.0002 km travelled by car
	Time:	0:00:03
	Energy:	0.0001 kWh
	CO2eq:	0.0172 g
	0.0002 km travelled by car
___PO com 12 Treads_concluida___
___PO com 14 Treads___
Execution Time: 2.57467
	Time:	0:00:03
	Energy:	0.0001 kWh
	CO2eq:	0.0166 g
	0.0002 km travelled by car
	Time:	0:00:03
	Energy:	0.0001 kWh
	CO2eq:	0.0166 g
	0.0002 km travelled by car
___PO com 14 Treads_concluida___
___PO com 16 Treads___
Execution Time: 2.11002
	Time:	0:00:02
	Energy:	0.0001 kWh
	CO2eq:	0.0144 g
	0.0001 km travelled by car
	Time:	0:00:02
	Energy:	0.0001 kWh
	CO2eq:	0.0144 g
	0.0001 km travelled by car
___PO com 16 Treads_concluida___
___PO com 18 Treads___
Execution Time: 1.89608
	Time:	0:00:02
	Energy:	0.0001 kWh
	CO2eq:	0.0136 g
	0.0001 km travelled by car
	Time:	0:00:02
	Energy:	0.0001 kWh
	CO2eq:	0.0136 g
	0.0001 km travelled by car
___PO com 18 Treads_concluida___
___PO com 20 Treads___
Execution Time: 1.72439
	Time:	0:00:02
	Energy:	0.0001 kWh
	CO2eq:	0.0131 g
	0.0001 km travelled by car
	Time:	0:00:02
	Energy:	0.0001 kWh
	CO2eq:	0.0131 g
	0.0001 km travelled by car
___PO com 20 Treads_concluida___
___PO com 22 Treads___
Execution Time: 1.55718
	Time:	0:00:02
	Energy:	0.0001 kWh
	CO2eq:	0.0142 g
	0.0001 km travelled by car
	Time:	0:00:02
	Energy:	0.0001 kWh
	CO2eq:	0.0142 g
	0.0001 km travelled by car
___PO com 22 Treads_concluida___
___PO com 24 Treads___
Execution Time: 1.43706
	Time:	0:00:01
	Energy:	0.0001 kWh
	CO2eq:	0.0138 g
	0.0001 km travelled by car
	Time:	0:00:01
	Energy:	0.0001 kWh
	CO2eq:	0.0138 g
	0.0001 km travelled by car
___PO com 24 Treads_concluida___
___PO com 26 Treads___
Execution Time: 1.34111
	Time:	0:00:01
	Energy:	0.0001 kWh
	CO2eq:	0.0133 g
	0.0001 km travelled by car
	Time:	0:00:01
	Energy:	0.0001 kWh
	CO2eq:	0.0133 g
	0.0001 km travelled by car
___PO com 26 Treads_concluida___
___PO com 28 Treads___
Execution Time: 1.25767
	Time:	0:00:01
	Energy:	0.0001 kWh
	CO2eq:	0.0127 g
	0.0001 km travelled by car
	Time:	0:00:01
	Energy:	0.0001 kWh
	CO2eq:	0.0127 g
	0.0001 km travelled by car
___PO com 28 Treads_concluida___
___PO com 30 Treads___
Execution Time: 1.18071
	Time:	0:00:01
	Energy:	0.0001 kWh
	CO2eq:	0.0123 g
	0.0001 km travelled by car
	Time:	0:00:01
	Energy:	0.0001 kWh
	CO2eq:	0.0123 g
	0.0001 km travelled by car
___PO com 30 Treads_concluida___
___PO com 32 Treads___
Execution Time: 1.08739
	Time:	0:00:01
	Energy:	0.0001 kWh
	CO2eq:	0.0116 g
	0.0001 km travelled by car
	Time:	0:00:01
	Energy:	0.0001 kWh
	CO2eq:	0.0116 g
	0.0001 km travelled by car
___PO com 32 Treads_concluida___
___PO com 34 Treads___
Execution Time: 1.03864
	Time:	0:00:01
	Energy:	0.0001 kWh
	CO2eq:	0.0114 g
	0.0001 km travelled by car
	Time:	0:00:01
	Energy:	0.0001 kWh
	CO2eq:	0.0114 g
	0.0001 km travelled by car
___PO com 34 Treads_concluida___
___PO com 36 Treads___
Execution Time: 0.98665
	Time:	0:00:01
	Energy:	0.0000 kWh
	CO2eq:	0.0000 g
	0.0000 km travelled by car
	Time:	0:00:01
	Energy:	0.0001 kWh
	CO2eq:	0.0112 g
	0.0001 km travelled by car
___PO com 36 Treads_concluida___
___PO com 38 Treads___
Execution Time: 0.94816
	Time:	0:00:01
	Energy:	0.0000 kWh
	CO2eq:	0.0000 g
	0.0000 km travelled by car
	Time:	0:00:01
	Energy:	0.0001 kWh
	CO2eq:	0.0108 g
	0.0001 km travelled by car
___PO com 38 Treads_concluida___
___PO com 40 Treads___
Execution Time: 0.90316
	Time:	0:00:01
	Energy:	0.0000 kWh
	CO2eq:	0.0000 g
	0.0000 km travelled by car
	Time:	0:00:01
	Energy:	0.0001 kWh
	CO2eq:	0.0100 g
	0.0001 km travelled by car
___PO com 40 Treads_concluida___
___Fim de PO___:

Start -> ST
compilando ST...
make: Nothing to be done for 'all'.
___Executando ST___:
___ST com 2 Treads___
Execution Time: 1220.30789
	Time:	0:20:21
	Energy:	0.0382 kWh
	CO2eq:	5.4153 g
	0.0504 km travelled by car
	Time:	0:20:21
	Energy:	0.0382 kWh
	CO2eq:	5.4153 g
	0.0504 km travelled by car
___ST com 2 Treads_concluida___
___ST com 4 Treads___
Execution Time: 632.82670
	Time:	0:10:33
	Energy:	0.0228 kWh
	CO2eq:	3.2257 g
	0.0300 km travelled by car
	Time:	0:10:33
	Energy:	0.0228 kWh
	CO2eq:	3.2257 g
	0.0300 km travelled by car
___ST com 4 Treads_concluida___
___ST com 6 Treads___
Execution Time: 479.63345
	Time:	0:08:00
	Energy:	0.0189 kWh
	CO2eq:	2.6852 g
	0.0250 km travelled by car
	Time:	0:08:00
	Energy:	0.0189 kWh
	CO2eq:	2.6852 g
	0.0250 km travelled by car
___ST com 6 Treads_concluida___
___ST com 8 Treads___
Execution Time: 422.58278
	Time:	0:07:03
	Energy:	0.0177 kWh
	CO2eq:	2.5134 g
	0.0234 km travelled by car
	Time:	0:07:03
	Energy:	0.0177 kWh
	CO2eq:	2.5134 g
	0.0234 km travelled by car
___ST com 8 Treads_concluida___
___ST com 10 Treads___
Execution Time: 402.60474
	Time:	0:06:43
	Energy:	0.0177 kWh
	CO2eq:	2.5065 g
	0.0233 km travelled by car
	Time:	0:06:43
	Energy:	0.0177 kWh
	CO2eq:	2.5065 g
	0.0233 km travelled by car
___ST com 10 Treads_concluida___
___ST com 12 Treads___
Execution Time: 404.75375
	Time:	0:06:45
	Energy:	0.0185 kWh
	CO2eq:	2.6291 g
	0.0245 km travelled by car
	Time:	0:06:45
	Energy:	0.0185 kWh
	CO2eq:	2.6291 g
	0.0245 km travelled by car
___ST com 12 Treads_concluida___
___ST com 14 Treads___
Execution Time: 400.73938
	Time:	0:06:41
	Energy:	0.0193 kWh
	CO2eq:	2.7314 g
	0.0254 km travelled by car
	Time:	0:06:41
	Energy:	0.0193 kWh
	CO2eq:	2.7314 g
	0.0254 km travelled by car
___ST com 14 Treads_concluida___
___ST com 16 Treads___
Execution Time: 399.06854
	Time:	0:06:39
	Energy:	0.0200 kWh
	CO2eq:	2.8339 g
	0.0264 km travelled by car
	Time:	0:06:39
	Energy:	0.0200 kWh
	CO2eq:	2.8339 g
	0.0264 km travelled by car
___ST com 16 Treads_concluida___
___ST com 18 Treads___
Execution Time: 392.17412
	Time:	0:06:32
	Energy:	0.0203 kWh
	CO2eq:	2.8844 g
	0.0268 km travelled by car
	Time:	0:06:32
	Energy:	0.0203 kWh
	CO2eq:	2.8844 g
	0.0268 km travelled by car
___ST com 18 Treads_concluida___
___ST com 20 Treads___
Execution Time: 394.02806
	Time:	0:06:34
	Energy:	0.0211 kWh
	CO2eq:	2.9948 g
	0.0279 km travelled by car
	Time:	0:06:34
	Energy:	0.0211 kWh
	CO2eq:	2.9948 g
	0.0279 km travelled by car
___ST com 20 Treads_concluida___
___ST com 22 Treads___
Execution Time: 361.05367
	Time:	0:06:01
	Energy:	0.0204 kWh
	CO2eq:	2.8962 g
	0.0269 km travelled by car
	Time:	0:06:01
	Energy:	0.0204 kWh
	CO2eq:	2.8962 g
	0.0269 km travelled by car
___ST com 22 Treads_concluida___
___ST com 24 Treads___
Execution Time: 329.44433
	Time:	0:05:30
	Energy:	0.0193 kWh
	CO2eq:	2.7334 g
	0.0254 km travelled by car
	Time:	0:05:30
	Energy:	0.0193 kWh
	CO2eq:	2.7334 g
	0.0254 km travelled by car
___ST com 24 Treads_concluida___
___ST com 26 Treads___
Execution Time: 305.91361
	Time:	0:05:06
	Energy:	0.0185 kWh
	CO2eq:	2.6182 g
	0.0244 km travelled by car
	Time:	0:05:06
	Energy:	0.0185 kWh
	CO2eq:	2.6182 g
	0.0244 km travelled by car
___ST com 26 Treads_concluida___
___ST com 28 Treads___
Execution Time: 277.87540
	Time:	0:04:38
	Energy:	0.0186 kWh
	CO2eq:	2.6406 g
	0.0246 km travelled by car
	Time:	0:04:38
	Energy:	0.0186 kWh
	CO2eq:	2.6406 g
	0.0246 km travelled by car
___ST com 28 Treads_concluida___
___ST com 30 Treads___
Execution Time: 261.79137
	Time:	0:04:22
	Energy:	0.0182 kWh
	CO2eq:	2.5752 g
	0.0240 km travelled by car
	Time:	0:04:22
	Energy:	0.0182 kWh
	CO2eq:	2.5752 g
	0.0240 km travelled by car
___ST com 30 Treads_concluida___
___ST com 32 Treads___
Execution Time: 246.69858
	Time:	0:04:07
	Energy:	0.0178 kWh
	CO2eq:	2.5187 g
	0.0234 km travelled by car
	Time:	0:04:07
	Energy:	0.0178 kWh
	CO2eq:	2.5187 g
	0.0234 km travelled by car
___ST com 32 Treads_concluida___
___ST com 34 Treads___
Execution Time: 230.37225
	Time:	0:03:51
	Energy:	0.0175 kWh
	CO2eq:	2.4749 g
	0.0230 km travelled by car
	Time:	0:03:51
	Energy:	0.0175 kWh
	CO2eq:	2.4749 g
	0.0230 km travelled by car
___ST com 34 Treads_concluida___
___ST com 36 Treads___
Execution Time: 219.03289
	Time:	0:03:39
	Energy:	0.0174 kWh
	CO2eq:	2.4727 g
	0.0230 km travelled by car
	Time:	0:03:39
	Energy:	0.0174 kWh
	CO2eq:	2.4727 g
	0.0230 km travelled by car
___ST com 36 Treads_concluida___
___ST com 38 Treads___
Execution Time: 207.57582
	Time:	0:03:28
	Energy:	0.0174 kWh
	CO2eq:	2.4625 g
	0.0229 km travelled by car
	Time:	0:03:28
	Energy:	0.0174 kWh
	CO2eq:	2.4625 g
	0.0229 km travelled by car
___ST com 38 Treads_concluida___
___ST com 40 Treads___
Execution Time: 194.59616
	Time:	0:03:15
	Energy:	0.0171 kWh
	CO2eq:	2.4211 g
	0.0225 km travelled by car
	Time:	0:03:15
	Energy:	0.0171 kWh
	CO2eq:	2.4211 g
	0.0225 km travelled by car
___ST com 40 Treads_concluida___
___Fim de ST___:

