Numero de CPUs logicos (threads): 40
Numero de núcleos fisicos: 10
Start -> PO
compilando PO...
make: Nothing to be done for 'all'.
___Executando PO___:
___PO com 2 Treads___
Execution Time: 14.97175
	Time:	0:00:15
	Energy:	0.0005 kWh
	CO2eq:	0.0726 g
	0.0007 km travelled by car
	Time:	0:00:15
	Energy:	0.0005 kWh
	CO2eq:	0.0726 g
	0.0007 km travelled by car
___PO com 2 Treads_concluida___
___PO com 4 Treads___
Execution Time: 7.36895
	Time:	0:00:07
	Energy:	0.0003 kWh
	CO2eq:	0.0388 g
	0.0004 km travelled by car
	Time:	0:00:07
	Energy:	0.0003 kWh
	CO2eq:	0.0388 g
	0.0004 km travelled by car
___PO com 4 Treads_concluida___
___PO com 6 Treads___
Execution Time: 5.26171
	Time:	0:00:05
	Energy:	0.0002 kWh
	CO2eq:	0.0287 g
	0.0003 km travelled by car
	Time:	0:00:05
	Energy:	0.0002 kWh
	CO2eq:	0.0287 g
	0.0003 km travelled by car
___PO com 6 Treads_concluida___
___PO com 8 Treads___
Execution Time: 4.06676
	Time:	0:00:04
	Energy:	0.0002 kWh
	CO2eq:	0.0232 g
	0.0002 km travelled by car
	Time:	0:00:04
	Energy:	0.0002 kWh
	CO2eq:	0.0232 g
	0.0002 km travelled by car
___PO com 8 Treads_concluida___
___PO com 10 Treads___
Execution Time: 3.36228
	Time:	0:00:03
	Energy:	0.0001 kWh
	CO2eq:	0.0198 g
	0.0002 km travelled by car
	Time:	0:00:03
	Energy:	0.0001 kWh
	CO2eq:	0.0198 g
	0.0002 km travelled by car
___PO com 10 Treads_concluida___
___PO com 12 Treads___
Execution Time: 2.88560
	Time:	0:00:03
	Energy:	0.0001 kWh
	CO2eq:	0.0179 g
	0.0002 km travelled by car
	Time:	0:00:03
	Energy:	0.0001 kWh
	CO2eq:	0.0179 g
	0.0002 km travelled by car
___PO com 12 Treads_concluida___
___PO com 14 Treads___
Execution Time: 2.57764
	Time:	0:00:03
	Energy:	0.0001 kWh
	CO2eq:	0.0167 g
	0.0002 km travelled by car
	Time:	0:00:03
	Energy:	0.0001 kWh
	CO2eq:	0.0167 g
	0.0002 km travelled by car
___PO com 14 Treads_concluida___
___PO com 16 Treads___
Execution Time: 2.11418
	Time:	0:00:02
	Energy:	0.0001 kWh
	CO2eq:	0.0146 g
	0.0001 km travelled by car
	Time:	0:00:02
	Energy:	0.0001 kWh
	CO2eq:	0.0146 g
	0.0001 km travelled by car
___PO com 16 Treads_concluida___
___PO com 18 Treads___
Execution Time: 1.90328
	Time:	0:00:02
	Energy:	0.0001 kWh
	CO2eq:	0.0138 g
	0.0001 km travelled by car
	Time:	0:00:02
	Energy:	0.0001 kWh
	CO2eq:	0.0138 g
	0.0001 km travelled by car
___PO com 18 Treads_concluida___
___PO com 20 Treads___
Execution Time: 2.10853
	Time:	0:00:02
	Energy:	0.0001 kWh
	CO2eq:	0.0155 g
	0.0001 km travelled by car
	Time:	0:00:02
	Energy:	0.0001 kWh
	CO2eq:	0.0155 g
	0.0001 km travelled by car
___PO com 20 Treads_concluida___
___PO com 22 Treads___
Execution Time: 1.56214
	Time:	0:00:02
	Energy:	0.0001 kWh
	CO2eq:	0.0144 g
	0.0001 km travelled by car
	Time:	0:00:02
	Energy:	0.0001 kWh
	CO2eq:	0.0144 g
	0.0001 km travelled by car
___PO com 22 Treads_concluida___
___PO com 24 Treads___
Execution Time: 1.64135
	Time:	0:00:02
	Energy:	0.0001 kWh
	CO2eq:	0.0153 g
	0.0001 km travelled by car
	Time:	0:00:02
	Energy:	0.0001 kWh
	CO2eq:	0.0153 g
	0.0001 km travelled by car
___PO com 24 Treads_concluida___
___PO com 26 Treads___
Execution Time: 1.34206
	Time:	0:00:01
	Energy:	0.0001 kWh
	CO2eq:	0.0133 g
	0.0001 km travelled by car
	Time:	0:00:01
	Energy:	0.0001 kWh
	CO2eq:	0.0133 g
	0.0001 km travelled by car
___PO com 26 Treads_concluida___
___PO com 28 Treads___
Execution Time: 1.25977
	Time:	0:00:01
	Energy:	0.0001 kWh
	CO2eq:	0.0128 g
	0.0001 km travelled by car
	Time:	0:00:01
	Energy:	0.0001 kWh
	CO2eq:	0.0128 g
	0.0001 km travelled by car
___PO com 28 Treads_concluida___
___PO com 30 Treads___
Execution Time: 1.17209
	Time:	0:00:01
	Energy:	0.0001 kWh
	CO2eq:	0.0122 g
	0.0001 km travelled by car
	Time:	0:00:01
	Energy:	0.0001 kWh
	CO2eq:	0.0122 g
	0.0001 km travelled by car
___PO com 30 Treads_concluida___
___PO com 32 Treads___
Execution Time: 1.08578
	Time:	0:00:01
	Energy:	0.0001 kWh
	CO2eq:	0.0117 g
	0.0001 km travelled by car
	Time:	0:00:01
	Energy:	0.0001 kWh
	CO2eq:	0.0117 g
	0.0001 km travelled by car
___PO com 32 Treads_concluida___
___PO com 34 Treads___
Execution Time: 1.25046
	Time:	0:00:01
	Energy:	0.0001 kWh
	CO2eq:	0.0134 g
	0.0001 km travelled by car
	Time:	0:00:01
	Energy:	0.0001 kWh
	CO2eq:	0.0134 g
	0.0001 km travelled by car
___PO com 34 Treads_concluida___
___PO com 36 Treads___
Execution Time: 0.99576
	Time:	0:00:01
	Energy:	0.0000 kWh
	CO2eq:	0.0000 g
	0.0000 km travelled by car
	Time:	0:00:01
	Energy:	0.0001 kWh
	CO2eq:	0.0114 g
	0.0001 km travelled by car
___PO com 36 Treads_concluida___
___PO com 38 Treads___
Execution Time: 0.94496
	Time:	0:00:01
	Energy:	0.0000 kWh
	CO2eq:	0.0000 g
	0.0000 km travelled by car
	Time:	0:00:01
	Energy:	0.0001 kWh
	CO2eq:	0.0107 g
	0.0001 km travelled by car
___PO com 38 Treads_concluida___
___PO com 40 Treads___
Execution Time: 0.90573
	Time:	0:00:01
	Energy:	0.0000 kWh
	CO2eq:	0.0000 g
	0.0000 km travelled by car
	Time:	0:00:01
	Energy:	0.0001 kWh
	CO2eq:	0.0101 g
	0.0001 km travelled by car
___PO com 40 Treads_concluida___
___Fim de PO___:

Start -> ST
compilando ST...
make: Nothing to be done for 'all'.
___Executando ST___:
___ST com 2 Treads___
Execution Time: 1222.05220
	Time:	0:20:22
	Energy:	0.0381 kWh
	CO2eq:	5.4028 g
	0.0503 km travelled by car
	Time:	0:20:22
	Energy:	0.0381 kWh
	CO2eq:	5.4028 g
	0.0503 km travelled by car
___ST com 2 Treads_concluida___
___ST com 4 Treads___
Execution Time: 632.83584
	Time:	0:10:33
	Energy:	0.0227 kWh
	CO2eq:	3.2207 g
	0.0300 km travelled by car
	Time:	0:10:33
	Energy:	0.0227 kWh
	CO2eq:	3.2207 g
	0.0300 km travelled by car
___ST com 4 Treads_concluida___
___ST com 6 Treads___
Execution Time: 489.93025
	Time:	0:08:10
	Energy:	0.0193 kWh
	CO2eq:	2.7321 g
	0.0254 km travelled by car
	Time:	0:08:10
	Energy:	0.0193 kWh
	CO2eq:	2.7321 g
	0.0254 km travelled by car
___ST com 6 Treads_concluida___
___ST com 8 Treads___
Execution Time: 436.57917
	Time:	0:07:17
	Energy:	0.0183 kWh
	CO2eq:	2.5902 g
	0.0241 km travelled by car
	Time:	0:07:17
	Energy:	0.0183 kWh
	CO2eq:	2.5902 g
	0.0241 km travelled by car
___ST com 8 Treads_concluida___
___ST com 10 Treads___
Execution Time: 412.39325
	Time:	0:06:53
	Energy:	0.0180 kWh
	CO2eq:	2.5478 g
	0.0237 km travelled by car
	Time:	0:06:53
	Energy:	0.0180 kWh
	CO2eq:	2.5478 g
	0.0237 km travelled by car
___ST com 10 Treads_concluida___
___ST com 12 Treads___
Execution Time: 402.06374
	Time:	0:06:42
	Energy:	0.0184 kWh
	CO2eq:	2.6124 g
	0.0243 km travelled by car
	Time:	0:06:42
	Energy:	0.0184 kWh
	CO2eq:	2.6124 g
	0.0243 km travelled by car
___ST com 12 Treads_concluida___
___ST com 14 Treads___
Execution Time: 395.41649
	Time:	0:06:36
	Energy:	0.0189 kWh
	CO2eq:	2.6789 g
	0.0249 km travelled by car
	Time:	0:06:36
	Energy:	0.0189 kWh
	CO2eq:	2.6789 g
	0.0249 km travelled by car
___ST com 14 Treads_concluida___
___ST com 16 Treads___
Execution Time: 394.31579
	Time:	0:06:35
	Energy:	0.0196 kWh
	CO2eq:	2.7852 g
	0.0259 km travelled by car
	Time:	0:06:35
	Energy:	0.0196 kWh
	CO2eq:	2.7852 g
	0.0259 km travelled by car
___ST com 16 Treads_concluida___
___ST com 18 Treads___
Execution Time: 398.59786
	Time:	0:06:39
	Energy:	0.0207 kWh
	CO2eq:	2.9367 g
	0.0273 km travelled by car
	Time:	0:06:39
	Energy:	0.0207 kWh
	CO2eq:	2.9367 g
	0.0273 km travelled by car
___ST com 18 Treads_concluida___
___ST com 20 Treads___
Execution Time: 399.48116
	Time:	0:06:40
	Energy:	0.0215 kWh
	CO2eq:	3.0454 g
	0.0283 km travelled by car
	Time:	0:06:40
	Energy:	0.0215 kWh
	CO2eq:	3.0454 g
	0.0283 km travelled by car
___ST com 20 Treads_concluida___
___ST com 22 Treads___
Execution Time: 357.01031
	Time:	0:05:57
	Energy:	0.0202 kWh
	CO2eq:	2.8691 g
	0.0267 km travelled by car
	Time:	0:05:57
	Energy:	0.0202 kWh
	CO2eq:	2.8691 g
	0.0267 km travelled by car
___ST com 22 Treads_concluida___
___ST com 24 Treads___
Execution Time: 330.16473
	Time:	0:05:30
	Energy:	0.0193 kWh
	CO2eq:	2.7369 g
	0.0255 km travelled by car
	Time:	0:05:30
	Energy:	0.0193 kWh
	CO2eq:	2.7369 g
	0.0255 km travelled by car
___ST com 24 Treads_concluida___
___ST com 26 Treads___
Execution Time: 304.96177
	Time:	0:05:05
	Energy:	0.0184 kWh
	CO2eq:	2.6109 g
	0.0243 km travelled by car
	Time:	0:05:05
	Energy:	0.0184 kWh
	CO2eq:	2.6109 g
	0.0243 km travelled by car
___ST com 26 Treads_concluida___
___ST com 28 Treads___
Execution Time: 281.28096
	Time:	0:04:42
	Energy:	0.0187 kWh
	CO2eq:	2.6558 g
	0.0247 km travelled by car
	Time:	0:04:42
	Energy:	0.0187 kWh
	CO2eq:	2.6558 g
	0.0247 km travelled by car
___ST com 28 Treads_concluida___
___ST com 30 Treads___
Execution Time: 262.78259
	Time:	0:04:23
	Energy:	0.0181 kWh
	CO2eq:	2.5716 g
	0.0239 km travelled by car
	Time:	0:04:23
	Energy:	0.0181 kWh
	CO2eq:	2.5716 g
	0.0239 km travelled by car
___ST com 30 Treads_concluida___
___ST com 32 Treads___
Execution Time: 245.63905
	Time:	0:04:06
	Energy:	0.0177 kWh
	CO2eq:	2.5136 g
	0.0234 km travelled by car
	Time:	0:04:06
	Energy:	0.0177 kWh
	CO2eq:	2.5136 g
	0.0234 km travelled by car
___ST com 32 Treads_concluida___
___ST com 34 Treads___
Execution Time: 231.71246
	Time:	0:03:52
	Energy:	0.0174 kWh
	CO2eq:	8.2637 g
	0.0769 km travelled by car
	Time:	0:03:52
	Energy:	0.0174 kWh
	CO2eq:	8.2637 g
	0.0769 km travelled by car
___ST com 34 Treads_concluida___
___ST com 36 Treads___
Execution Time: 215.55152
	Time:	0:03:36
	Energy:	0.0172 kWh
	CO2eq:	8.1575 g
	0.0759 km travelled by car
	Time:	0:03:36
	Energy:	0.0172 kWh
	CO2eq:	8.1575 g
	0.0759 km travelled by car
___ST com 36 Treads_concluida___
___ST com 38 Treads___
Execution Time: 204.48920
	Time:	0:03:25
	Energy:	0.0172 kWh
	CO2eq:	8.1628 g
	0.0759 km travelled by car
	Time:	0:03:25
	Energy:	0.0172 kWh
	CO2eq:	8.1628 g
	0.0759 km travelled by car
___ST com 38 Treads_concluida___
___ST com 40 Treads___
Execution Time: 193.70148
	Time:	0:03:14
	Energy:	0.0169 kWh
	CO2eq:	8.0245 g
	0.0746 km travelled by car
	Time:	0:03:14
	Energy:	0.0169 kWh
	CO2eq:	8.0245 g
	0.0746 km travelled by car
___ST com 40 Treads_concluida___
___Fim de ST___:

