Numero de CPUs logicos (threads): 40
Numero de núcleos fisicos: 10
Start -> PO
compilando PO...
make: Nothing to be done for 'all'.
___Executando PO___:
___PO com 2 Treads___
Execution Time: 14.64482
	Time:	0:00:15
	Energy:	0.0005 kWh
	CO2eq:	0.2349 g
	0.0022 km travelled by car
	Time:	0:00:15
	Energy:	0.0005 kWh
	CO2eq:	0.2349 g
	0.0022 km travelled by car
___PO com 2 Treads_concluida___
___PO com 4 Treads___
Execution Time: 7.40065
	Time:	0:00:07
	Energy:	0.0003 kWh
	CO2eq:	0.1298 g
	0.0012 km travelled by car
	Time:	0:00:07
	Energy:	0.0003 kWh
	CO2eq:	0.1298 g
	0.0012 km travelled by car
___PO com 4 Treads_concluida___
___PO com 6 Treads___
Execution Time: 5.23879
	Time:	0:00:05
	Energy:	0.0002 kWh
	CO2eq:	0.0944 g
	0.0009 km travelled by car
	Time:	0:00:05
	Energy:	0.0002 kWh
	CO2eq:	0.0944 g
	0.0009 km travelled by car
___PO com 6 Treads_concluida___
___PO com 8 Treads___
Execution Time: 4.11669
	Time:	0:00:04
	Energy:	0.0002 kWh
	CO2eq:	0.0773 g
	0.0007 km travelled by car
	Time:	0:00:04
	Energy:	0.0002 kWh
	CO2eq:	0.0773 g
	0.0007 km travelled by car
___PO com 8 Treads_concluida___
___PO com 10 Treads___
Execution Time: 3.36289
	Time:	0:00:03
	Energy:	0.0001 kWh
	CO2eq:	0.0651 g
	0.0006 km travelled by car
	Time:	0:00:03
	Energy:	0.0001 kWh
	CO2eq:	0.0651 g
	0.0006 km travelled by car
___PO com 10 Treads_concluida___
___PO com 12 Treads___
Execution Time: 2.84013
	Time:	0:00:03
	Energy:	0.0001 kWh
	CO2eq:	0.0579 g
	0.0005 km travelled by car
	Time:	0:00:03
	Energy:	0.0001 kWh
	CO2eq:	0.0579 g
	0.0005 km travelled by car
___PO com 12 Treads_concluida___
___PO com 14 Treads___
Execution Time: 2.41366
	Time:	0:00:02
	Energy:	0.0001 kWh
	CO2eq:	0.0527 g
	0.0005 km travelled by car
	Time:	0:00:02
	Energy:	0.0001 kWh
	CO2eq:	0.0527 g
	0.0005 km travelled by car
___PO com 14 Treads_concluida___
___PO com 16 Treads___
Execution Time: 2.12571
	Time:	0:00:02
	Energy:	0.0001 kWh
	CO2eq:	0.0483 g
	0.0004 km travelled by car
	Time:	0:00:02
	Energy:	0.0001 kWh
	CO2eq:	0.0483 g
	0.0004 km travelled by car
___PO com 16 Treads_concluida___
___PO com 18 Treads___
Execution Time: 1.90453
	Time:	0:00:02
	Energy:	0.0001 kWh
	CO2eq:	0.0455 g
	0.0004 km travelled by car
	Time:	0:00:02
	Energy:	0.0001 kWh
	CO2eq:	0.0455 g
	0.0004 km travelled by car
___PO com 18 Treads_concluida___
___PO com 20 Treads___
Execution Time: 1.78170
	Time:	0:00:02
	Energy:	0.0001 kWh
	CO2eq:	0.0444 g
	0.0004 km travelled by car
	Time:	0:00:02
	Energy:	0.0001 kWh
	CO2eq:	0.0444 g
	0.0004 km travelled by car
___PO com 20 Treads_concluida___
___PO com 22 Treads___
Execution Time: 1.56824
	Time:	0:00:02
	Energy:	0.0001 kWh
	CO2eq:	0.0480 g
	0.0004 km travelled by car
	Time:	0:00:02
	Energy:	0.0001 kWh
	CO2eq:	0.0480 g
	0.0004 km travelled by car
___PO com 22 Treads_concluida___
___PO com 24 Treads___
Execution Time: 1.45708
	Time:	0:00:01
	Energy:	0.0001 kWh
	CO2eq:	0.0464 g
	0.0004 km travelled by car
	Time:	0:00:01
	Energy:	0.0001 kWh
	CO2eq:	0.0464 g
	0.0004 km travelled by car
___PO com 24 Treads_concluida___
___PO com 26 Treads___
Execution Time: 1.34608
	Time:	0:00:01
	Energy:	0.0001 kWh
	CO2eq:	0.0443 g
	0.0004 km travelled by car
	Time:	0:00:01
	Energy:	0.0001 kWh
	CO2eq:	0.0443 g
	0.0004 km travelled by car
___PO com 26 Treads_concluida___
___PO com 28 Treads___
Execution Time: 1.26178
	Time:	0:00:01
	Energy:	0.0001 kWh
	CO2eq:	0.0427 g
	0.0004 km travelled by car
	Time:	0:00:01
	Energy:	0.0001 kWh
	CO2eq:	0.0427 g
	0.0004 km travelled by car
___PO com 28 Treads_concluida___
___PO com 30 Treads___
Execution Time: 1.20935
	Time:	0:00:01
	Energy:	0.0001 kWh
	CO2eq:	0.0416 g
	0.0004 km travelled by car
	Time:	0:00:01
	Energy:	0.0001 kWh
	CO2eq:	0.0416 g
	0.0004 km travelled by car
___PO com 30 Treads_concluida___
___PO com 32 Treads___
Execution Time: 1.10209
	Time:	0:00:01
	Energy:	0.0001 kWh
	CO2eq:	0.0394 g
	0.0004 km travelled by car
	Time:	0:00:01
	Energy:	0.0001 kWh
	CO2eq:	0.0394 g
	0.0004 km travelled by car
___PO com 32 Treads_concluida___
___PO com 34 Treads___
Execution Time: 1.04340
	Time:	0:00:01
	Energy:	0.0001 kWh
	CO2eq:	0.0388 g
	0.0004 km travelled by car
	Time:	0:00:01
	Energy:	0.0001 kWh
	CO2eq:	0.0388 g
	0.0004 km travelled by car
___PO com 34 Treads_concluida___
___PO com 36 Treads___
Execution Time: 1.00940
	Time:	0:00:01
	Energy:	0.0001 kWh
	CO2eq:	0.0386 g
	0.0004 km travelled by car
	Time:	0:00:01
	Energy:	0.0001 kWh
	CO2eq:	0.0386 g
	0.0004 km travelled by car
___PO com 36 Treads_concluida___
___PO com 38 Treads___
Execution Time: 0.95300
	Time:	0:00:01
	Energy:	0.0000 kWh
	CO2eq:	0.0000 g
	0.0000 km travelled by car
	Time:	0:00:01
	Energy:	0.0001 kWh
	CO2eq:	0.0362 g
	0.0003 km travelled by car
___PO com 38 Treads_concluida___
___PO com 40 Treads___
Execution Time: 0.93076
	Time:	0:00:01
	Energy:	0.0000 kWh
	CO2eq:	0.0000 g
	0.0000 km travelled by car
	Time:	0:00:01
	Energy:	0.0001 kWh
	CO2eq:	0.0355 g
	0.0003 km travelled by car
___PO com 40 Treads_concluida___
___Fim de PO___:

Start -> ST
compilando ST...
make: Nothing to be done for 'all'.
___Executando ST___:
___ST com 2 Treads___
Execution Time: 1219.47031
	Time:	0:20:20
	Energy:	0.0382 kWh
	CO2eq:	18.1563 g
	0.1689 km travelled by car
	Time:	0:20:20
	Energy:	0.0382 kWh
	CO2eq:	18.1563 g
	0.1689 km travelled by car
___ST com 2 Treads_concluida___
___ST com 4 Treads___
Execution Time: 634.14229
	Time:	0:10:34
	Energy:	0.0229 kWh
	CO2eq:	10.8579 g
	0.1010 km travelled by car
	Time:	0:10:34
	Energy:	0.0229 kWh
	CO2eq:	10.8579 g
	0.1010 km travelled by car
___ST com 4 Treads_concluida___
___ST com 6 Treads___
Execution Time: 481.31530
	Time:	0:08:02
	Energy:	0.0189 kWh
	CO2eq:	8.9731 g
	0.0835 km travelled by car
	Time:	0:08:02
	Energy:	0.0189 kWh
	CO2eq:	8.9731 g
	0.0835 km travelled by car
___ST com 6 Treads_concluida___
___ST com 8 Treads___
Execution Time: 427.32273
	Time:	0:07:08
	Energy:	0.0178 kWh
	CO2eq:	8.4713 g
	0.0788 km travelled by car
	Time:	0:07:08
	Energy:	0.0178 kWh
	CO2eq:	8.4713 g
	0.0788 km travelled by car
___ST com 8 Treads_concluida___
___ST com 10 Treads___
Execution Time: 411.32903
	Time:	0:06:52
	Energy:	0.0178 kWh
	CO2eq:	8.4568 g
	0.0787 km travelled by car
	Time:	0:06:52
	Energy:	0.0178 kWh
	CO2eq:	8.4568 g
	0.0787 km travelled by car
___ST com 10 Treads_concluida___
___ST com 12 Treads___
Execution Time: 395.72279
	Time:	0:06:36
	Energy:	0.0182 kWh
	CO2eq:	8.6594 g
	0.0806 km travelled by car
	Time:	0:06:36
	Energy:	0.0182 kWh
	CO2eq:	8.6594 g
	0.0806 km travelled by car
___ST com 12 Treads_concluida___
___ST com 14 Treads___
Execution Time: 395.20922
	Time:	0:06:36
	Energy:	0.0189 kWh
	CO2eq:	8.9838 g
	0.0836 km travelled by car
	Time:	0:06:36
	Energy:	0.0189 kWh
	CO2eq:	8.9838 g
	0.0836 km travelled by car
___ST com 14 Treads_concluida___
___ST com 16 Treads___
Execution Time: 400.03677
	Time:	0:06:40
	Energy:	0.0200 kWh
	CO2eq:	9.5030 g
	0.0884 km travelled by car
	Time:	0:06:40
	Energy:	0.0200 kWh
	CO2eq:	9.5030 g
	0.0884 km travelled by car
___ST com 16 Treads_concluida___
___ST com 18 Treads___
Execution Time: 394.62707
	Time:	0:06:35
	Energy:	0.0204 kWh
	CO2eq:	9.7110 g
	0.0903 km travelled by car
	Time:	0:06:35
	Energy:	0.0204 kWh
	CO2eq:	9.7110 g
	0.0903 km travelled by car
___ST com 18 Treads_concluida___
___ST com 20 Treads___
Execution Time: 393.20715
	Time:	0:06:34
	Energy:	0.0211 kWh
	CO2eq:	10.0429 g
	0.0934 km travelled by car
	Time:	0:06:34
	Energy:	0.0211 kWh
	CO2eq:	10.0429 g
	0.0934 km travelled by car
___ST com 20 Treads_concluida___
___ST com 22 Treads___
Execution Time: 359.13209
	Time:	0:05:59
	Energy:	0.0203 kWh
	CO2eq:	9.6357 g
	0.0896 km travelled by car
	Time:	0:05:59
	Energy:	0.0203 kWh
	CO2eq:	9.6357 g
	0.0896 km travelled by car
___ST com 22 Treads_concluida___
___ST com 24 Treads___
Execution Time: 329.71434
	Time:	0:05:30
	Energy:	0.0193 kWh
	CO2eq:	9.1759 g
	0.0854 km travelled by car
	Time:	0:05:30
	Energy:	0.0193 kWh
	CO2eq:	9.1759 g
	0.0854 km travelled by car
___ST com 24 Treads_concluida___
___ST com 26 Treads___
Execution Time: 304.61378
	Time:	0:05:05
	Energy:	0.0184 kWh
	CO2eq:	8.7351 g
	0.0813 km travelled by car
	Time:	0:05:05
	Energy:	0.0184 kWh
	CO2eq:	8.7351 g
	0.0813 km travelled by car
___ST com 26 Treads_concluida___
___ST com 28 Treads___
Execution Time: 276.92622
	Time:	0:04:37
	Energy:	0.0186 kWh
	CO2eq:	8.8208 g
	0.0821 km travelled by car
	Time:	0:04:37
	Energy:	0.0186 kWh
	CO2eq:	8.8208 g
	0.0821 km travelled by car
___ST com 28 Treads_concluida___
___ST com 30 Treads___
Execution Time: 259.17031
	Time:	0:04:19
	Energy:	0.0180 kWh
	CO2eq:	8.5490 g
	0.0795 km travelled by car
	Time:	0:04:19
	Energy:	0.0180 kWh
	CO2eq:	8.5490 g
	0.0795 km travelled by car
___ST com 30 Treads_concluida___
___ST com 32 Treads___
Execution Time: 244.26087
	Time:	0:04:05
	Energy:	0.0177 kWh
	CO2eq:	8.4277 g
	0.0784 km travelled by car
	Time:	0:04:05
	Energy:	0.0177 kWh
	CO2eq:	8.4277 g
	0.0784 km travelled by car
___ST com 32 Treads_concluida___
___ST com 34 Treads___
Execution Time: 228.08621
	Time:	0:03:48
	Energy:	0.0174 kWh
	CO2eq:	8.2551 g
	0.0768 km travelled by car
	Time:	0:03:48
	Energy:	0.0174 kWh
	CO2eq:	8.2551 g
	0.0768 km travelled by car
___ST com 34 Treads_concluida___
___ST com 36 Treads___
Execution Time: 215.52010
	Time:	0:03:36
	Energy:	0.0172 kWh
	CO2eq:	8.1861 g
	0.0761 km travelled by car
	Time:	0:03:36
	Energy:	0.0172 kWh
	CO2eq:	8.1861 g
	0.0761 km travelled by car
___ST com 36 Treads_concluida___
___ST com 38 Treads___
Execution Time: 203.86008
	Time:	0:03:24
	Energy:	0.0172 kWh
	CO2eq:	8.1740 g
	0.0760 km travelled by car
	Time:	0:03:24
	Energy:	0.0172 kWh
	CO2eq:	8.1740 g
	0.0760 km travelled by car
___ST com 38 Treads_concluida___
___ST com 40 Treads___
Execution Time: 193.77119
	Time:	0:03:14
	Energy:	0.0169 kWh
	CO2eq:	8.0437 g
	0.0748 km travelled by car
	Time:	0:03:14
	Energy:	0.0169 kWh
	CO2eq:	8.0437 g
	0.0748 km travelled by car
___ST com 40 Treads_concluida___
___Fim de ST___:

