Numero de CPUs logicos (threads): 40
Numero de núcleos fisicos: 10
Start -> PO
compilando PO...
make: Nothing to be done for 'all'.
___Executando PO___:
___PO com 2 Treads___
Execution Time: 14.63038
	Time:	0:00:15
	Energy:	0.0005 kWh
	CO2eq:	0.0704 g
	0.0007 km travelled by car
	Time:	0:00:15
	Energy:	0.0005 kWh
	CO2eq:	0.0704 g
	0.0007 km travelled by car
___PO com 2 Treads_concluida___
___PO com 4 Treads___
Execution Time: 7.41042
	Time:	0:00:07
	Energy:	0.0003 kWh
	CO2eq:	0.0386 g
	0.0004 km travelled by car
	Time:	0:00:07
	Energy:	0.0003 kWh
	CO2eq:	0.0386 g
	0.0004 km travelled by car
___PO com 4 Treads_concluida___
___PO com 6 Treads___
Execution Time: 5.26605
	Time:	0:00:05
	Energy:	0.0002 kWh
	CO2eq:	0.0281 g
	0.0003 km travelled by car
	Time:	0:00:05
	Energy:	0.0002 kWh
	CO2eq:	0.0281 g
	0.0003 km travelled by car
___PO com 6 Treads_concluida___
___PO com 8 Treads___
Execution Time: 4.07254
	Time:	0:00:04
	Energy:	0.0002 kWh
	CO2eq:	0.0228 g
	0.0002 km travelled by car
	Time:	0:00:04
	Energy:	0.0002 kWh
	CO2eq:	0.0228 g
	0.0002 km travelled by car
___PO com 8 Treads_concluida___
___PO com 10 Treads___
Execution Time: 3.38841
	Time:	0:00:03
	Energy:	0.0001 kWh
	CO2eq:	0.0197 g
	0.0002 km travelled by car
	Time:	0:00:03
	Energy:	0.0001 kWh
	CO2eq:	0.0197 g
	0.0002 km travelled by car
___PO com 10 Treads_concluida___
___PO com 12 Treads___
Execution Time: 2.83065
	Time:	0:00:03
	Energy:	0.0001 kWh
	CO2eq:	0.0173 g
	0.0002 km travelled by car
	Time:	0:00:03
	Energy:	0.0001 kWh
	CO2eq:	0.0173 g
	0.0002 km travelled by car
___PO com 12 Treads_concluida___
___PO com 14 Treads___
Execution Time: 2.43707
	Time:	0:00:02
	Energy:	0.0001 kWh
	CO2eq:	0.0158 g
	0.0001 km travelled by car
	Time:	0:00:02
	Energy:	0.0001 kWh
	CO2eq:	0.0158 g
	0.0001 km travelled by car
___PO com 14 Treads_concluida___
___PO com 16 Treads___
Execution Time: 2.13840
	Time:	0:00:02
	Energy:	0.0001 kWh
	CO2eq:	0.0145 g
	0.0001 km travelled by car
	Time:	0:00:02
	Energy:	0.0001 kWh
	CO2eq:	0.0145 g
	0.0001 km travelled by car
___PO com 16 Treads_concluida___
___PO com 18 Treads___
Execution Time: 1.95166
	Time:	0:00:02
	Energy:	0.0001 kWh
	CO2eq:	0.0138 g
	0.0001 km travelled by car
	Time:	0:00:02
	Energy:	0.0001 kWh
	CO2eq:	0.0138 g
	0.0001 km travelled by car
___PO com 18 Treads_concluida___
___PO com 20 Treads___
Execution Time: 1.73759
	Time:	0:00:02
	Energy:	0.0001 kWh
	CO2eq:	0.0131 g
	0.0001 km travelled by car
	Time:	0:00:02
	Energy:	0.0001 kWh
	CO2eq:	0.0131 g
	0.0001 km travelled by car
___PO com 20 Treads_concluida___
___PO com 22 Treads___
Execution Time: 1.56163
	Time:	0:00:02
	Energy:	0.0001 kWh
	CO2eq:	0.0143 g
	0.0001 km travelled by car
	Time:	0:00:02
	Energy:	0.0001 kWh
	CO2eq:	0.0143 g
	0.0001 km travelled by car
___PO com 22 Treads_concluida___
___PO com 24 Treads___
Execution Time: 1.46990
	Time:	0:00:01
	Energy:	0.0001 kWh
	CO2eq:	0.0140 g
	0.0001 km travelled by car
	Time:	0:00:01
	Energy:	0.0001 kWh
	CO2eq:	0.0140 g
	0.0001 km travelled by car
___PO com 24 Treads_concluida___
___PO com 26 Treads___
Execution Time: 1.34678
	Time:	0:00:01
	Energy:	0.0001 kWh
	CO2eq:	0.0133 g
	0.0001 km travelled by car
	Time:	0:00:01
	Energy:	0.0001 kWh
	CO2eq:	0.0133 g
	0.0001 km travelled by car
___PO com 26 Treads_concluida___
___PO com 28 Treads___
Execution Time: 1.26513
	Time:	0:00:01
	Energy:	0.0001 kWh
	CO2eq:	0.0128 g
	0.0001 km travelled by car
	Time:	0:00:01
	Energy:	0.0001 kWh
	CO2eq:	0.0128 g
	0.0001 km travelled by car
___PO com 28 Treads_concluida___
___PO com 30 Treads___
Execution Time: 1.19513
	Time:	0:00:01
	Energy:	0.0001 kWh
	CO2eq:	0.0124 g
	0.0001 km travelled by car
	Time:	0:00:01
	Energy:	0.0001 kWh
	CO2eq:	0.0124 g
	0.0001 km travelled by car
___PO com 30 Treads_concluida___
___PO com 32 Treads___
Execution Time: 1.10075
	Time:	0:00:01
	Energy:	0.0001 kWh
	CO2eq:	0.0118 g
	0.0001 km travelled by car
	Time:	0:00:01
	Energy:	0.0001 kWh
	CO2eq:	0.0118 g
	0.0001 km travelled by car
___PO com 32 Treads_concluida___
___PO com 34 Treads___
Execution Time: 1.05838
	Time:	0:00:01
	Energy:	0.0001 kWh
	CO2eq:	0.0116 g
	0.0001 km travelled by car
	Time:	0:00:01
	Energy:	0.0001 kWh
	CO2eq:	0.0116 g
	0.0001 km travelled by car
___PO com 34 Treads_concluida___
___PO com 36 Treads___
Execution Time: 1.02237
	Time:	0:00:01
	Energy:	0.0001 kWh
	CO2eq:	0.0116 g
	0.0001 km travelled by car
	Time:	0:00:01
	Energy:	0.0001 kWh
	CO2eq:	0.0116 g
	0.0001 km travelled by car
___PO com 36 Treads_concluida___
___PO com 38 Treads___
Execution Time: 0.95618
	Time:	0:00:01
	Energy:	0.0000 kWh
	CO2eq:	0.0000 g
	0.0000 km travelled by car
	Time:	0:00:01
	Energy:	0.0001 kWh
	CO2eq:	0.0109 g
	0.0001 km travelled by car
___PO com 38 Treads_concluida___
___PO com 40 Treads___
Execution Time: 0.90491
	Time:	0:00:01
	Energy:	0.0000 kWh
	CO2eq:	0.0000 g
	0.0000 km travelled by car
	Time:	0:00:01
	Energy:	0.0001 kWh
	CO2eq:	0.0101 g
	0.0001 km travelled by car
___PO com 40 Treads_concluida___
___Fim de PO___:

Start -> ST
compilando ST...
make: Nothing to be done for 'all'.
___Executando ST___:
___ST com 2 Treads___
Execution Time: 1215.38992
	Time:	0:20:16
	Energy:	0.0380 kWh
	CO2eq:	5.3909 g
	0.0501 km travelled by car
	Time:	0:20:16
	Energy:	0.0380 kWh
	CO2eq:	5.3909 g
	0.0501 km travelled by car
___ST com 2 Treads_concluida___
___ST com 4 Treads___
Execution Time: 634.30187
	Time:	0:10:35
	Energy:	0.0229 kWh
	CO2eq:	3.2437 g
	0.0302 km travelled by car
	Time:	0:10:35
	Energy:	0.0229 kWh
	CO2eq:	3.2437 g
	0.0302 km travelled by car
___ST com 4 Treads_concluida___
___ST com 6 Treads___
Execution Time: 480.61183
	Time:	0:08:01
	Energy:	0.0189 kWh
	CO2eq:	2.6851 g
	0.0250 km travelled by car
	Time:	0:08:01
	Energy:	0.0189 kWh
	CO2eq:	2.6851 g
	0.0250 km travelled by car
___ST com 6 Treads_concluida___
___ST com 8 Treads___
Execution Time: 433.75664
	Time:	0:07:14
	Energy:	0.0182 kWh
	CO2eq:	2.5765 g
	0.0240 km travelled by car
	Time:	0:07:14
	Energy:	0.0182 kWh
	CO2eq:	2.5765 g
	0.0240 km travelled by car
___ST com 8 Treads_concluida___
___ST com 10 Treads___
Execution Time: 413.00543
	Time:	0:06:53
	Energy:	0.0180 kWh
	CO2eq:	2.5472 g
	0.0237 km travelled by car
	Time:	0:06:53
	Energy:	0.0180 kWh
	CO2eq:	2.5472 g
	0.0237 km travelled by car
___ST com 10 Treads_concluida___
___ST com 12 Treads___
Execution Time: 396.50657
	Time:	0:06:37
	Energy:	0.0182 kWh
	CO2eq:	2.5862 g
	0.0241 km travelled by car
	Time:	0:06:37
	Energy:	0.0181 kWh
	CO2eq:	2.5727 g
	0.0239 km travelled by car
___ST com 12 Treads_concluida___
___ST com 14 Treads___
Execution Time: 400.88441
	Time:	0:06:41
	Energy:	0.0193 kWh
	CO2eq:	2.7317 g
	0.0254 km travelled by car
	Time:	0:06:41
	Energy:	0.0193 kWh
	CO2eq:	2.7317 g
	0.0254 km travelled by car
___ST com 14 Treads_concluida___
___ST com 16 Treads___
Execution Time: 397.10133
	Time:	0:06:37
	Energy:	0.0199 kWh
	CO2eq:	2.8219 g
	0.0263 km travelled by car
	Time:	0:06:37
	Energy:	0.0199 kWh
	CO2eq:	2.8219 g
	0.0263 km travelled by car
___ST com 16 Treads_concluida___
___ST com 18 Treads___
Execution Time: 397.84737
	Time:	0:06:38
	Energy:	0.0206 kWh
	CO2eq:	2.9229 g
	0.0272 km travelled by car
	Time:	0:06:38
	Energy:	0.0206 kWh
	CO2eq:	2.9229 g
	0.0272 km travelled by car
___ST com 18 Treads_concluida___
___ST com 20 Treads___
Execution Time: 398.34853
	Time:	0:06:39
	Energy:	0.0214 kWh
	CO2eq:	3.0369 g
	0.0282 km travelled by car
	Time:	0:06:39
	Energy:	0.0214 kWh
	CO2eq:	3.0369 g
	0.0282 km travelled by car
___ST com 20 Treads_concluida___
___ST com 22 Treads___
Execution Time: 358.69611
	Time:	0:05:59
	Energy:	0.0203 kWh
	CO2eq:	2.8792 g
	0.0268 km travelled by car
	Time:	0:05:59
	Energy:	0.0203 kWh
	CO2eq:	2.8792 g
	0.0268 km travelled by car
___ST com 22 Treads_concluida___
___ST com 24 Treads___
Execution Time: 329.09741
	Time:	0:05:29
	Energy:	0.0193 kWh
	CO2eq:	2.7371 g
	0.0255 km travelled by car
	Time:	0:05:29
	Energy:	0.0193 kWh
	CO2eq:	2.7371 g
	0.0255 km travelled by car
___ST com 24 Treads_concluida___
___ST com 26 Treads___
Execution Time: 302.10770
	Time:	0:05:02
	Energy:	0.0183 kWh
	CO2eq:	2.5980 g
	0.0242 km travelled by car
	Time:	0:05:02
	Energy:	0.0183 kWh
	CO2eq:	2.5980 g
	0.0242 km travelled by car
___ST com 26 Treads_concluida___
___ST com 28 Treads___
Execution Time: 278.31337
	Time:	0:04:39
	Energy:	0.0187 kWh
	CO2eq:	2.6498 g
	0.0246 km travelled by car
	Time:	0:04:39
	Energy:	0.0187 kWh
	CO2eq:	2.6498 g
	0.0246 km travelled by car
___ST com 28 Treads_concluida___
___ST com 30 Treads___
Execution Time: 259.97959
	Time:	0:04:20
	Energy:	0.0181 kWh
	CO2eq:	2.5652 g
	0.0239 km travelled by car
	Time:	0:04:20
	Energy:	0.0181 kWh
	CO2eq:	2.5652 g
	0.0239 km travelled by car
___ST com 30 Treads_concluida___
___ST com 32 Treads___
Execution Time: 242.14109
	Time:	0:04:02
	Energy:	0.0168 kWh
	CO2eq:	2.3836 g
	0.0222 km travelled by car
	Time:	0:04:02
	Energy:	0.0168 kWh
	CO2eq:	2.3836 g
	0.0222 km travelled by car
___ST com 32 Treads_concluida___
___ST com 34 Treads___
Execution Time: 231.05316
	Time:	0:03:51
	Energy:	0.0176 kWh
	CO2eq:	2.4914 g
	0.0232 km travelled by car
	Time:	0:03:51
	Energy:	0.0176 kWh
	CO2eq:	2.4914 g
	0.0232 km travelled by car
___ST com 34 Treads_concluida___
___ST com 36 Treads___
Execution Time: 215.39441
	Time:	0:03:36
	Energy:	0.0173 kWh
	CO2eq:	2.4510 g
	0.0228 km travelled by car
	Time:	0:03:36
	Energy:	0.0173 kWh
	CO2eq:	2.4510 g
	0.0228 km travelled by car
___ST com 36 Treads_concluida___
___ST com 38 Treads___
Execution Time: 204.96252
	Time:	0:03:25
	Energy:	0.0173 kWh
	CO2eq:	2.4497 g
	0.0228 km travelled by car
	Time:	0:03:25
	Energy:	0.0173 kWh
	CO2eq:	2.4497 g
	0.0228 km travelled by car
___ST com 38 Treads_concluida___
___ST com 40 Treads___
Execution Time: 197.01430
	Time:	0:03:17
	Energy:	0.0172 kWh
	CO2eq:	2.4434 g
	0.0227 km travelled by car
	Time:	0:03:17
	Energy:	0.0172 kWh
	CO2eq:	2.4434 g
	0.0227 km travelled by car
___ST com 40 Treads_concluida___
___Fim de ST___:

