Numero de CPUs logicos (threads): 40
Numero de núcleos fisicos: 10
Start -> PO
compilando PO...
make: Nothing to be done for 'all'.
___Executando PO___:
___PO com 2 Treads___
Execution Time: 14.58342
	Time:	0:00:15
	Energy:	0.0005 kWh
	CO2eq:	0.0709 g
	0.0007 km travelled by car
	Time:	0:00:15
	Energy:	0.0005 kWh
	CO2eq:	0.0709 g
	0.0007 km travelled by car
___PO com 2 Treads_concluida___
___PO com 4 Treads___
Execution Time: 7.57770
	Time:	0:00:08
	Energy:	0.0003 kWh
	CO2eq:	0.0397 g
	0.0004 km travelled by car
	Time:	0:00:08
	Energy:	0.0003 kWh
	CO2eq:	0.0397 g
	0.0004 km travelled by car
___PO com 4 Treads_concluida___
___PO com 6 Treads___
Execution Time: 5.23039
	Time:	0:00:05
	Energy:	0.0002 kWh
	CO2eq:	0.0284 g
	0.0003 km travelled by car
	Time:	0:00:05
	Energy:	0.0002 kWh
	CO2eq:	0.0284 g
	0.0003 km travelled by car
___PO com 6 Treads_concluida___
___PO com 8 Treads___
Execution Time: 4.10816
	Time:	0:00:04
	Energy:	0.0002 kWh
	CO2eq:	0.0231 g
	0.0002 km travelled by car
	Time:	0:00:04
	Energy:	0.0002 kWh
	CO2eq:	0.0231 g
	0.0002 km travelled by car
___PO com 8 Treads_concluida___
___PO com 10 Treads___
Execution Time: 3.35322
	Time:	0:00:03
	Energy:	0.0001 kWh
	CO2eq:	0.0197 g
	0.0002 km travelled by car
	Time:	0:00:03
	Energy:	0.0001 kWh
	CO2eq:	0.0197 g
	0.0002 km travelled by car
___PO com 10 Treads_concluida___
___PO com 12 Treads___
Execution Time: 2.84380
	Time:	0:00:03
	Energy:	0.0001 kWh
	CO2eq:	0.0176 g
	0.0002 km travelled by car
	Time:	0:00:03
	Energy:	0.0001 kWh
	CO2eq:	0.0176 g
	0.0002 km travelled by car
___PO com 12 Treads_concluida___
___PO com 14 Treads___
Execution Time: 2.40947
	Time:	0:00:02
	Energy:	0.0001 kWh
	CO2eq:	0.0158 g
	0.0001 km travelled by car
	Time:	0:00:02
	Energy:	0.0001 kWh
	CO2eq:	0.0158 g
	0.0001 km travelled by car
___PO com 14 Treads_concluida___
___PO com 16 Treads___
Execution Time: 2.10922
	Time:	0:00:02
	Energy:	0.0001 kWh
	CO2eq:	0.0144 g
	0.0001 km travelled by car
	Time:	0:00:02
	Energy:	0.0001 kWh
	CO2eq:	0.0144 g
	0.0001 km travelled by car
___PO com 16 Treads_concluida___
___PO com 18 Treads___
Execution Time: 1.89431
	Time:	0:00:02
	Energy:	0.0001 kWh
	CO2eq:	0.0137 g
	0.0001 km travelled by car
	Time:	0:00:02
	Energy:	0.0001 kWh
	CO2eq:	0.0137 g
	0.0001 km travelled by car
___PO com 18 Treads_concluida___
___PO com 20 Treads___
Execution Time: 1.72721
	Time:	0:00:02
	Energy:	0.0001 kWh
	CO2eq:	0.0131 g
	0.0001 km travelled by car
	Time:	0:00:02
	Energy:	0.0001 kWh
	CO2eq:	0.0131 g
	0.0001 km travelled by car
___PO com 20 Treads_concluida___
___PO com 22 Treads___
Execution Time: 1.62670
	Time:	0:00:02
	Energy:	0.0001 kWh
	CO2eq:	0.0148 g
	0.0001 km travelled by car
	Time:	0:00:02
	Energy:	0.0001 kWh
	CO2eq:	0.0148 g
	0.0001 km travelled by car
___PO com 22 Treads_concluida___
___PO com 24 Treads___
Execution Time: 1.43390
	Time:	0:00:01
	Energy:	0.0001 kWh
	CO2eq:	0.0138 g
	0.0001 km travelled by car
	Time:	0:00:01
	Energy:	0.0001 kWh
	CO2eq:	0.0138 g
	0.0001 km travelled by car
___PO com 24 Treads_concluida___
___PO com 26 Treads___
Execution Time: 1.65236
	Time:	0:00:02
	Energy:	0.0001 kWh
	CO2eq:	0.0158 g
	0.0001 km travelled by car
	Time:	0:00:02
	Energy:	0.0001 kWh
	CO2eq:	0.0158 g
	0.0001 km travelled by car
___PO com 26 Treads_concluida___
___PO com 28 Treads___
Execution Time: 1.25210
	Time:	0:00:01
	Energy:	0.0001 kWh
	CO2eq:	0.0127 g
	0.0001 km travelled by car
	Time:	0:00:01
	Energy:	0.0001 kWh
	CO2eq:	0.0127 g
	0.0001 km travelled by car
___PO com 28 Treads_concluida___
___PO com 30 Treads___
Execution Time: 1.41912
	Time:	0:00:01
	Energy:	0.0001 kWh
	CO2eq:	0.0142 g
	0.0001 km travelled by car
	Time:	0:00:01
	Energy:	0.0001 kWh
	CO2eq:	0.0142 g
	0.0001 km travelled by car
___PO com 30 Treads_concluida___
___PO com 32 Treads___
Execution Time: 1.08385
	Time:	0:00:01
	Energy:	0.0001 kWh
	CO2eq:	0.0117 g
	0.0001 km travelled by car
	Time:	0:00:01
	Energy:	0.0001 kWh
	CO2eq:	0.0117 g
	0.0001 km travelled by car
___PO com 32 Treads_concluida___
___PO com 34 Treads___
Execution Time: 1.03976
	Time:	0:00:01
	Energy:	0.0001 kWh
	CO2eq:	0.0115 g
	0.0001 km travelled by car
	Time:	0:00:01
	Energy:	0.0001 kWh
	CO2eq:	0.0115 g
	0.0001 km travelled by car
___PO com 34 Treads_concluida___
___PO com 36 Treads___
Execution Time: 0.98676
	Time:	0:00:01
	Energy:	0.0000 kWh
	CO2eq:	0.0000 g
	0.0000 km travelled by car
	Time:	0:00:01
	Energy:	0.0001 kWh
	CO2eq:	0.0113 g
	0.0001 km travelled by car
___PO com 36 Treads_concluida___
___PO com 38 Treads___
Execution Time: 0.94630
	Time:	0:00:01
	Energy:	0.0000 kWh
	CO2eq:	0.0000 g
	0.0000 km travelled by car
	Time:	0:00:01
	Energy:	0.0001 kWh
	CO2eq:	0.0107 g
	0.0001 km travelled by car
___PO com 38 Treads_concluida___
___PO com 40 Treads___
Execution Time: 0.90783
	Time:	0:00:01
	Energy:	0.0000 kWh
	CO2eq:	0.0000 g
	0.0000 km travelled by car
	Time:	0:00:01
	Energy:	0.0001 kWh
	CO2eq:	0.0103 g
	0.0001 km travelled by car
___PO com 40 Treads_concluida___
___Fim de PO___:

Start -> ST
compilando ST...
make: Nothing to be done for 'all'.
___Executando ST___:
___ST com 2 Treads___
Execution Time: 1221.62345
	Time:	0:20:22
	Energy:	0.0386 kWh
	CO2eq:	5.4668 g
	0.0509 km travelled by car
	Time:	0:20:22
	Energy:	0.0385 kWh
	CO2eq:	5.4619 g
	0.0508 km travelled by car
___ST com 2 Treads_concluida___
___ST com 4 Treads___
Execution Time: 633.04924
	Time:	0:10:33
	Energy:	0.0228 kWh
	CO2eq:	3.2336 g
	0.0301 km travelled by car
	Time:	0:10:33
	Energy:	0.0228 kWh
	CO2eq:	3.2336 g
	0.0301 km travelled by car
___ST com 4 Treads_concluida___
___ST com 6 Treads___
Execution Time: 489.62191
	Time:	0:08:10
	Energy:	0.0192 kWh
	CO2eq:	2.7171 g
	0.0253 km travelled by car
	Time:	0:08:10
	Energy:	0.0192 kWh
	CO2eq:	2.7171 g
	0.0253 km travelled by car
___ST com 6 Treads_concluida___
___ST com 8 Treads___
Execution Time: 425.83972
	Time:	0:07:06
	Energy:	0.0178 kWh
	CO2eq:	2.5287 g
	0.0235 km travelled by car
	Time:	0:07:06
	Energy:	0.0178 kWh
	CO2eq:	2.5287 g
	0.0235 km travelled by car
___ST com 8 Treads_concluida___
___ST com 10 Treads___
Execution Time: 414.10583
	Time:	0:06:54
	Energy:	0.0181 kWh
	CO2eq:	2.5653 g
	0.0239 km travelled by car
	Time:	0:06:54
	Energy:	0.0181 kWh
	CO2eq:	2.5653 g
	0.0239 km travelled by car
___ST com 10 Treads_concluida___
___ST com 12 Treads___
Execution Time: 397.47071
	Time:	0:06:38
	Energy:	0.0183 kWh
	CO2eq:	2.5923 g
	0.0241 km travelled by car
	Time:	0:06:38
	Energy:	0.0183 kWh
	CO2eq:	2.5923 g
	0.0241 km travelled by car
___ST com 12 Treads_concluida___
___ST com 14 Treads___
Execution Time: 393.60632
	Time:	0:06:34
	Energy:	0.0190 kWh
	CO2eq:	2.6897 g
	0.0250 km travelled by car
	Time:	0:06:34
	Energy:	0.0190 kWh
	CO2eq:	2.6897 g
	0.0250 km travelled by car
___ST com 14 Treads_concluida___
___ST com 16 Treads___
Execution Time: 399.96864
	Time:	0:06:40
	Energy:	0.0199 kWh
	CO2eq:	2.8198 g
	0.0262 km travelled by car
	Time:	0:06:40
	Energy:	0.0199 kWh
	CO2eq:	2.8198 g
	0.0262 km travelled by car
___ST com 16 Treads_concluida___
___ST com 18 Treads___
Execution Time: 392.39587
	Time:	0:06:33
	Energy:	0.0204 kWh
	CO2eq:	2.8904 g
	0.0269 km travelled by car
	Time:	0:06:33
	Energy:	0.0204 kWh
	CO2eq:	2.8904 g
	0.0269 km travelled by car
___ST com 18 Treads_concluida___
___ST com 20 Treads___
Execution Time: 394.96993
	Time:	0:06:35
	Energy:	0.0212 kWh
	CO2eq:	3.0043 g
	0.0279 km travelled by car
	Time:	0:06:35
	Energy:	0.0212 kWh
	CO2eq:	3.0043 g
	0.0279 km travelled by car
___ST com 20 Treads_concluida___
___ST com 22 Treads___
Execution Time: 354.20625
	Time:	0:05:55
	Energy:	0.0201 kWh
	CO2eq:	2.8512 g
	0.0265 km travelled by car
	Time:	0:05:55
	Energy:	0.0201 kWh
	CO2eq:	2.8512 g
	0.0265 km travelled by car
___ST com 22 Treads_concluida___
___ST com 24 Treads___
Execution Time: 326.98338
	Time:	0:05:27
	Energy:	0.0192 kWh
	CO2eq:	2.7271 g
	0.0254 km travelled by car
	Time:	0:05:27
	Energy:	0.0192 kWh
	CO2eq:	2.7271 g
	0.0254 km travelled by car
___ST com 24 Treads_concluida___
___ST com 26 Treads___
Execution Time: 306.76412
	Time:	0:05:07
	Energy:	0.0186 kWh
	CO2eq:	2.6308 g
	0.0245 km travelled by car
	Time:	0:05:07
	Energy:	0.0186 kWh
	CO2eq:	2.6308 g
	0.0245 km travelled by car
___ST com 26 Treads_concluida___
___ST com 28 Treads___
Execution Time: 277.62359
	Time:	0:04:38
	Energy:	0.0186 kWh
	CO2eq:	2.6414 g
	0.0246 km travelled by car
	Time:	0:04:38
	Energy:	0.0186 kWh
	CO2eq:	2.6414 g
	0.0246 km travelled by car
___ST com 28 Treads_concluida___
___ST com 30 Treads___
Execution Time: 259.89469
	Time:	0:04:20
	Energy:	0.0181 kWh
	CO2eq:	2.5669 g
	0.0239 km travelled by car
	Time:	0:04:20
	Energy:	0.0181 kWh
	CO2eq:	2.5669 g
	0.0239 km travelled by car
___ST com 30 Treads_concluida___
___ST com 32 Treads___
Execution Time: 243.24597
	Time:	0:04:04
	Energy:	0.0177 kWh
	CO2eq:	2.5079 g
	0.0233 km travelled by car
	Time:	0:04:04
	Energy:	0.0177 kWh
	CO2eq:	2.5079 g
	0.0233 km travelled by car
___ST com 32 Treads_concluida___
___ST com 34 Treads___
Execution Time: 228.41614
	Time:	0:03:49
	Energy:	0.0174 kWh
	CO2eq:	2.4651 g
	0.0229 km travelled by car
	Time:	0:03:49
	Energy:	0.0174 kWh
	CO2eq:	2.4651 g
	0.0229 km travelled by car
___ST com 34 Treads_concluida___
___ST com 36 Treads___
Execution Time: 218.03212
	Time:	0:03:38
	Energy:	0.0175 kWh
	CO2eq:	2.4780 g
	0.0231 km travelled by car
	Time:	0:03:38
	Energy:	0.0175 kWh
	CO2eq:	2.4780 g
	0.0231 km travelled by car
___ST com 36 Treads_concluida___
___ST com 38 Treads___
Execution Time: 203.93017
	Time:	0:03:24
	Energy:	0.0173 kWh
	CO2eq:	2.4495 g
	0.0228 km travelled by car
	Time:	0:03:24
	Energy:	0.0173 kWh
	CO2eq:	2.4495 g
	0.0228 km travelled by car
___ST com 38 Treads_concluida___
___ST com 40 Treads___
Execution Time: 195.33957
	Time:	0:03:16
	Energy:	0.0171 kWh
	CO2eq:	2.4212 g
	0.0225 km travelled by car
	Time:	0:03:16
	Energy:	0.0171 kWh
	CO2eq:	2.4212 g
	0.0225 km travelled by car
___ST com 40 Treads_concluida___
___Fim de ST___:

