Numero de CPUs logicos (threads): 40
Numero de núcleos fisicos: 10
Start -> PO
compilando PO...
make: Nothing to be done for 'all'.
___Executando PO___:
___PO com 2 Treads___
Execution Time: 14.56325
	Time:	0:00:15
	Energy:	0.0005 kWh
	CO2eq:	0.0703 g
	0.0007 km travelled by car
	Time:	0:00:15
	Energy:	0.0005 kWh
	CO2eq:	0.0703 g
	0.0007 km travelled by car
___PO com 2 Treads_concluida___
___PO com 4 Treads___
Execution Time: 7.37830
	Time:	0:00:07
	Energy:	0.0003 kWh
	CO2eq:	0.0387 g
	0.0004 km travelled by car
	Time:	0:00:07
	Energy:	0.0003 kWh
	CO2eq:	0.0387 g
	0.0004 km travelled by car
___PO com 4 Treads_concluida___
___PO com 6 Treads___
Execution Time: 5.23041
	Time:	0:00:05
	Energy:	0.0002 kWh
	CO2eq:	0.0277 g
	0.0003 km travelled by car
	Time:	0:00:05
	Energy:	0.0002 kWh
	CO2eq:	0.0277 g
	0.0003 km travelled by car
___PO com 6 Treads_concluida___
___PO com 8 Treads___
Execution Time: 4.06552
	Time:	0:00:04
	Energy:	0.0002 kWh
	CO2eq:	0.0230 g
	0.0002 km travelled by car
	Time:	0:00:04
	Energy:	0.0002 kWh
	CO2eq:	0.0230 g
	0.0002 km travelled by car
___PO com 8 Treads_concluida___
___PO com 10 Treads___
Execution Time: 3.35456
	Time:	0:00:03
	Energy:	0.0001 kWh
	CO2eq:	0.0197 g
	0.0002 km travelled by car
	Time:	0:00:03
	Energy:	0.0001 kWh
	CO2eq:	0.0197 g
	0.0002 km travelled by car
___PO com 10 Treads_concluida___
___PO com 12 Treads___
Execution Time: 2.83636
	Time:	0:00:03
	Energy:	0.0001 kWh
	CO2eq:	0.0171 g
	0.0002 km travelled by car
	Time:	0:00:03
	Energy:	0.0001 kWh
	CO2eq:	0.0171 g
	0.0002 km travelled by car
___PO com 12 Treads_concluida___
___PO com 14 Treads___
Execution Time: 2.55687
	Time:	0:00:03
	Energy:	0.0001 kWh
	CO2eq:	0.0166 g
	0.0002 km travelled by car
	Time:	0:00:03
	Energy:	0.0001 kWh
	CO2eq:	0.0166 g
	0.0002 km travelled by car
___PO com 14 Treads_concluida___
___PO com 16 Treads___
Execution Time: 2.13985
	Time:	0:00:02
	Energy:	0.0001 kWh
	CO2eq:	0.0147 g
	0.0001 km travelled by car
	Time:	0:00:02
	Energy:	0.0001 kWh
	CO2eq:	0.0147 g
	0.0001 km travelled by car
___PO com 16 Treads_concluida___
___PO com 18 Treads___
Execution Time: 1.89325
	Time:	0:00:02
	Energy:	0.0001 kWh
	CO2eq:	0.0134 g
	0.0001 km travelled by car
	Time:	0:00:02
	Energy:	0.0001 kWh
	CO2eq:	0.0134 g
	0.0001 km travelled by car
___PO com 18 Treads_concluida___
___PO com 20 Treads___
Execution Time: 1.73077
	Time:	0:00:02
	Energy:	0.0001 kWh
	CO2eq:	0.0130 g
	0.0001 km travelled by car
	Time:	0:00:02
	Energy:	0.0001 kWh
	CO2eq:	0.0130 g
	0.0001 km travelled by car
___PO com 20 Treads_concluida___
___PO com 22 Treads___
Execution Time: 1.56113
	Time:	0:00:02
	Energy:	0.0001 kWh
	CO2eq:	0.0142 g
	0.0001 km travelled by car
	Time:	0:00:02
	Energy:	0.0001 kWh
	CO2eq:	0.0142 g
	0.0001 km travelled by car
___PO com 22 Treads_concluida___
___PO com 24 Treads___
Execution Time: 1.44090
	Time:	0:00:01
	Energy:	0.0001 kWh
	CO2eq:	0.0140 g
	0.0001 km travelled by car
	Time:	0:00:01
	Energy:	0.0001 kWh
	CO2eq:	0.0140 g
	0.0001 km travelled by car
___PO com 24 Treads_concluida___
___PO com 26 Treads___
Execution Time: 1.34093
	Time:	0:00:01
	Energy:	0.0001 kWh
	CO2eq:	0.0132 g
	0.0001 km travelled by car
	Time:	0:00:01
	Energy:	0.0001 kWh
	CO2eq:	0.0132 g
	0.0001 km travelled by car
___PO com 26 Treads_concluida___
___PO com 28 Treads___
Execution Time: 1.25406
	Time:	0:00:01
	Energy:	0.0001 kWh
	CO2eq:	0.0130 g
	0.0001 km travelled by car
	Time:	0:00:01
	Energy:	0.0001 kWh
	CO2eq:	0.0130 g
	0.0001 km travelled by car
___PO com 28 Treads_concluida___
___PO com 30 Treads___
Execution Time: 1.17043
	Time:	0:00:01
	Energy:	0.0001 kWh
	CO2eq:	0.0122 g
	0.0001 km travelled by car
	Time:	0:00:01
	Energy:	0.0001 kWh
	CO2eq:	0.0122 g
	0.0001 km travelled by car
___PO com 30 Treads_concluida___
___PO com 32 Treads___
Execution Time: 1.09624
	Time:	0:00:01
	Energy:	0.0001 kWh
	CO2eq:	0.0118 g
	0.0001 km travelled by car
	Time:	0:00:01
	Energy:	0.0001 kWh
	CO2eq:	0.0118 g
	0.0001 km travelled by car
___PO com 32 Treads_concluida___
___PO com 34 Treads___
Execution Time: 1.03574
	Time:	0:00:01
	Energy:	0.0001 kWh
	CO2eq:	0.0115 g
	0.0001 km travelled by car
	Time:	0:00:01
	Energy:	0.0001 kWh
	CO2eq:	0.0115 g
	0.0001 km travelled by car
___PO com 34 Treads_concluida___
___PO com 36 Treads___
Execution Time: 1.07735
	Time:	0:00:01
	Energy:	0.0001 kWh
	CO2eq:	0.0121 g
	0.0001 km travelled by car
	Time:	0:00:01
	Energy:	0.0001 kWh
	CO2eq:	0.0121 g
	0.0001 km travelled by car
___PO com 36 Treads_concluida___
___PO com 38 Treads___
Execution Time: 0.94801
	Time:	0:00:01
	Energy:	0.0001 kWh
	CO2eq:	0.0112 g
	0.0001 km travelled by car
	Time:	0:00:01
	Energy:	0.0001 kWh
	CO2eq:	0.0112 g
	0.0001 km travelled by car
___PO com 38 Treads_concluida___
___PO com 40 Treads___
Execution Time: 0.90231
	Time:	0:00:01
	Energy:	0.0000 kWh
	CO2eq:	0.0000 g
	0.0000 km travelled by car
	Time:	0:00:01
	Energy:	0.0001 kWh
	CO2eq:	0.0104 g
	0.0001 km travelled by car
___PO com 40 Treads_concluida___
___Fim de PO___:

Start -> ST
compilando ST...
make: Nothing to be done for 'all'.
___Executando ST___:
___ST com 2 Treads___
Execution Time: 1218.40964
	Time:	0:20:19
	Energy:	0.0383 kWh
	CO2eq:	5.4357 g
	0.0506 km travelled by car
	Time:	0:20:19
	Energy:	0.0383 kWh
	CO2eq:	5.4357 g
	0.0506 km travelled by car
___ST com 2 Treads_concluida___
___ST com 4 Treads___
Execution Time: 633.26631
	Time:	0:10:34
	Energy:	0.0229 kWh
	CO2eq:	3.2496 g
	0.0302 km travelled by car
	Time:	0:10:34
	Energy:	0.0229 kWh
	CO2eq:	3.2496 g
	0.0302 km travelled by car
___ST com 4 Treads_concluida___
___ST com 6 Treads___
Execution Time: 490.15252
	Time:	0:08:11
	Energy:	0.0192 kWh
	CO2eq:	2.7219 g
	0.0253 km travelled by car
	Time:	0:08:11
	Energy:	0.0192 kWh
	CO2eq:	2.7219 g
	0.0253 km travelled by car
___ST com 6 Treads_concluida___
___ST com 8 Treads___
Execution Time: 435.69363
	Time:	0:07:16
	Energy:	0.0182 kWh
	CO2eq:	2.5748 g
	0.0240 km travelled by car
	Time:	0:07:16
	Energy:	0.0182 kWh
	CO2eq:	2.5748 g
	0.0240 km travelled by car
___ST com 8 Treads_concluida___
___ST com 10 Treads___
Execution Time: 413.28986
	Time:	0:06:54
	Energy:	0.0180 kWh
	CO2eq:	2.5500 g
	0.0237 km travelled by car
	Time:	0:06:54
	Energy:	0.0180 kWh
	CO2eq:	2.5500 g
	0.0237 km travelled by car
___ST com 10 Treads_concluida___
___ST com 12 Treads___
Execution Time: 394.69148
	Time:	0:06:35
	Energy:	0.0182 kWh
	CO2eq:	2.5811 g
	0.0240 km travelled by car
	Time:	0:06:35
	Energy:	0.0182 kWh
	CO2eq:	2.5811 g
	0.0240 km travelled by car
___ST com 12 Treads_concluida___
___ST com 14 Treads___
Execution Time: 401.00703
	Time:	0:06:41
	Energy:	0.0191 kWh
	CO2eq:	2.7078 g
	0.0252 km travelled by car
	Time:	0:06:41
	Energy:	0.0191 kWh
	CO2eq:	2.7078 g
	0.0252 km travelled by car
___ST com 14 Treads_concluida___
___ST com 16 Treads___
Execution Time: 400.42354
	Time:	0:06:41
	Energy:	0.0200 kWh
	CO2eq:	2.8367 g
	0.0264 km travelled by car
	Time:	0:06:41
	Energy:	0.0200 kWh
	CO2eq:	2.8367 g
	0.0264 km travelled by car
___ST com 16 Treads_concluida___
___ST com 18 Treads___
Execution Time: 399.42536
	Time:	0:06:40
	Energy:	0.0207 kWh
	CO2eq:	2.9385 g
	0.0273 km travelled by car
	Time:	0:06:40
	Energy:	0.0207 kWh
	CO2eq:	2.9385 g
	0.0273 km travelled by car
___ST com 18 Treads_concluida___
___ST com 20 Treads___
Execution Time: 398.67432
	Time:	0:06:39
	Energy:	0.0214 kWh
	CO2eq:	3.0343 g
	0.0282 km travelled by car
	Time:	0:06:39
	Energy:	0.0214 kWh
	CO2eq:	3.0343 g
	0.0282 km travelled by car
___ST com 20 Treads_concluida___
___ST com 22 Treads___
Execution Time: 360.35309
	Time:	0:06:01
	Energy:	0.0204 kWh
	CO2eq:	2.8913 g
	0.0269 km travelled by car
	Time:	0:06:01
	Energy:	0.0204 kWh
	CO2eq:	2.8913 g
	0.0269 km travelled by car
___ST com 22 Treads_concluida___
___ST com 24 Treads___
Execution Time: 329.78378
	Time:	0:05:30
	Energy:	0.0193 kWh
	CO2eq:	2.7348 g
	0.0254 km travelled by car
	Time:	0:05:30
	Energy:	0.0193 kWh
	CO2eq:	2.7348 g
	0.0254 km travelled by car
___ST com 24 Treads_concluida___
___ST com 26 Treads___
Execution Time: 300.82272
	Time:	0:05:01
	Energy:	0.0176 kWh
	CO2eq:	2.4999 g
	0.0233 km travelled by car
	Time:	0:05:01
	Energy:	0.0176 kWh
	CO2eq:	2.4999 g
	0.0233 km travelled by car
___ST com 26 Treads_concluida___
___ST com 28 Treads___
Execution Time: 279.11107
	Time:	0:04:39
	Energy:	0.0187 kWh
	CO2eq:	2.6522 g
	0.0247 km travelled by car
	Time:	0:04:39
	Energy:	0.0187 kWh
	CO2eq:	2.6522 g
	0.0247 km travelled by car
___ST com 28 Treads_concluida___
___ST com 30 Treads___
Execution Time: 262.17944
	Time:	0:04:23
	Energy:	0.0182 kWh
	CO2eq:	2.5736 g
	0.0239 km travelled by car
	Time:	0:04:23
	Energy:	0.0182 kWh
	CO2eq:	2.5736 g
	0.0239 km travelled by car
___ST com 30 Treads_concluida___
___ST com 32 Treads___
Execution Time: 243.36290
	Time:	0:04:04
	Energy:	0.0177 kWh
	CO2eq:	2.5046 g
	0.0233 km travelled by car
	Time:	0:04:04
	Energy:	0.0177 kWh
	CO2eq:	2.5046 g
	0.0233 km travelled by car
___ST com 32 Treads_concluida___
___ST com 34 Treads___
Execution Time: 229.66123
	Time:	0:03:50
	Energy:	0.0175 kWh
	CO2eq:	2.4741 g
	0.0230 km travelled by car
	Time:	0:03:50
	Energy:	0.0175 kWh
	CO2eq:	2.4741 g
	0.0230 km travelled by car
___ST com 34 Treads_concluida___
___ST com 36 Treads___
Execution Time: 216.12011
	Time:	0:03:36
	Energy:	0.0173 kWh
	CO2eq:	2.4597 g
	0.0229 km travelled by car
	Time:	0:03:36
	Energy:	0.0173 kWh
	CO2eq:	2.4597 g
	0.0229 km travelled by car
___ST com 36 Treads_concluida___
___ST com 38 Treads___
Execution Time: 204.94922
	Time:	0:03:25
	Energy:	0.0173 kWh
	CO2eq:	2.4565 g
	0.0229 km travelled by car
	Time:	0:03:25
	Energy:	0.0173 kWh
	CO2eq:	2.4565 g
	0.0229 km travelled by car
___ST com 38 Treads_concluida___
___ST com 40 Treads___
Execution Time: 195.67987
	Time:	0:03:16
	Energy:	0.0171 kWh
	CO2eq:	2.4250 g
	0.0226 km travelled by car
	Time:	0:03:16
	Energy:	0.0171 kWh
	CO2eq:	2.4250 g
	0.0226 km travelled by car
___ST com 40 Treads_concluida___
___Fim de ST___:

