Numero de CPUs logicos (threads): 40
Numero de núcleos fisicos: 10
Start -> PO
compilando PO...
make: Nothing to be done for 'all'.
___Executando PO___:
___PO com 2 Treads___
Execution Time: 14.64343
	Time:	0:00:15
	Energy:	0.0005 kWh
	CO2eq:	0.2351 g
	0.0022 km travelled by car
	Time:	0:00:15
	Energy:	0.0005 kWh
	CO2eq:	0.2351 g
	0.0022 km travelled by car
___PO com 2 Treads_concluida___
___PO com 4 Treads___
Execution Time: 7.41026
	Time:	0:00:07
	Energy:	0.0003 kWh
	CO2eq:	0.1294 g
	0.0012 km travelled by car
	Time:	0:00:07
	Energy:	0.0003 kWh
	CO2eq:	0.1294 g
	0.0012 km travelled by car
___PO com 4 Treads_concluida___
___PO com 6 Treads___
Execution Time: 5.24200
	Time:	0:00:05
	Energy:	0.0002 kWh
	CO2eq:	0.0943 g
	0.0009 km travelled by car
	Time:	0:00:05
	Energy:	0.0002 kWh
	CO2eq:	0.0943 g
	0.0009 km travelled by car
___PO com 6 Treads_concluida___
___PO com 8 Treads___
Execution Time: 4.07498
	Time:	0:00:04
	Energy:	0.0002 kWh
	CO2eq:	0.0770 g
	0.0007 km travelled by car
	Time:	0:00:04
	Energy:	0.0002 kWh
	CO2eq:	0.0770 g
	0.0007 km travelled by car
___PO com 8 Treads_concluida___
___PO com 10 Treads___
Execution Time: 3.36454
	Time:	0:00:03
	Energy:	0.0001 kWh
	CO2eq:	0.0659 g
	0.0006 km travelled by car
	Time:	0:00:03
	Energy:	0.0001 kWh
	CO2eq:	0.0659 g
	0.0006 km travelled by car
___PO com 10 Treads_concluida___
___PO com 12 Treads___
Execution Time: 2.81256
	Time:	0:00:03
	Energy:	0.0001 kWh
	CO2eq:	0.0576 g
	0.0005 km travelled by car
	Time:	0:00:03
	Energy:	0.0001 kWh
	CO2eq:	0.0576 g
	0.0005 km travelled by car
___PO com 12 Treads_concluida___
___PO com 14 Treads___
Execution Time: 2.44767
	Time:	0:00:02
	Energy:	0.0001 kWh
	CO2eq:	0.0529 g
	0.0005 km travelled by car
	Time:	0:00:02
	Energy:	0.0001 kWh
	CO2eq:	0.0529 g
	0.0005 km travelled by car
___PO com 14 Treads_concluida___
___PO com 16 Treads___
Execution Time: 2.12632
	Time:	0:00:02
	Energy:	0.0001 kWh
	CO2eq:	0.0485 g
	0.0005 km travelled by car
	Time:	0:00:02
	Energy:	0.0001 kWh
	CO2eq:	0.0485 g
	0.0005 km travelled by car
___PO com 16 Treads_concluida___
___PO com 18 Treads___
Execution Time: 1.90516
	Time:	0:00:02
	Energy:	0.0001 kWh
	CO2eq:	0.0457 g
	0.0004 km travelled by car
	Time:	0:00:02
	Energy:	0.0001 kWh
	CO2eq:	0.0457 g
	0.0004 km travelled by car
___PO com 18 Treads_concluida___
___PO com 20 Treads___
Execution Time: 1.73386
	Time:	0:00:02
	Energy:	0.0001 kWh
	CO2eq:	0.0437 g
	0.0004 km travelled by car
	Time:	0:00:02
	Energy:	0.0001 kWh
	CO2eq:	0.0437 g
	0.0004 km travelled by car
___PO com 20 Treads_concluida___
___PO com 22 Treads___
Execution Time: 1.56178
	Time:	0:00:02
	Energy:	0.0001 kWh
	CO2eq:	0.0481 g
	0.0004 km travelled by car
	Time:	0:00:02
	Energy:	0.0001 kWh
	CO2eq:	0.0481 g
	0.0004 km travelled by car
___PO com 22 Treads_concluida___
___PO com 24 Treads___
Execution Time: 1.47141
	Time:	0:00:01
	Energy:	0.0001 kWh
	CO2eq:	0.0472 g
	0.0004 km travelled by car
	Time:	0:00:01
	Energy:	0.0001 kWh
	CO2eq:	0.0472 g
	0.0004 km travelled by car
___PO com 24 Treads_concluida___
___PO com 26 Treads___
Execution Time: 1.36787
	Time:	0:00:02
	Energy:	0.0001 kWh
	CO2eq:	0.0490 g
	0.0005 km travelled by car
	Time:	0:00:02
	Energy:	0.0001 kWh
	CO2eq:	0.0490 g
	0.0005 km travelled by car
___PO com 26 Treads_concluida___
___PO com 28 Treads___
Execution Time: 1.26993
	Time:	0:00:01
	Energy:	0.0001 kWh
	CO2eq:	0.0433 g
	0.0004 km travelled by car
	Time:	0:00:01
	Energy:	0.0001 kWh
	CO2eq:	0.0433 g
	0.0004 km travelled by car
___PO com 28 Treads_concluida___
___PO com 30 Treads___
Execution Time: 1.19308
	Time:	0:00:01
	Energy:	0.0001 kWh
	CO2eq:	0.0414 g
	0.0004 km travelled by car
	Time:	0:00:01
	Energy:	0.0001 kWh
	CO2eq:	0.0414 g
	0.0004 km travelled by car
___PO com 30 Treads_concluida___
___PO com 32 Treads___
Execution Time: 1.17102
	Time:	0:00:01
	Energy:	0.0001 kWh
	CO2eq:	0.0416 g
	0.0004 km travelled by car
	Time:	0:00:01
	Energy:	0.0001 kWh
	CO2eq:	0.0416 g
	0.0004 km travelled by car
___PO com 32 Treads_concluida___
___PO com 34 Treads___
Execution Time: 1.07500
	Time:	0:00:01
	Energy:	0.0001 kWh
	CO2eq:	0.0397 g
	0.0004 km travelled by car
	Time:	0:00:01
	Energy:	0.0001 kWh
	CO2eq:	0.0397 g
	0.0004 km travelled by car
___PO com 34 Treads_concluida___
___PO com 36 Treads___
Execution Time: 0.99181
	Time:	0:00:01
	Energy:	0.0001 kWh
	CO2eq:	0.0377 g
	0.0004 km travelled by car
	Time:	0:00:01
	Energy:	0.0001 kWh
	CO2eq:	0.0377 g
	0.0004 km travelled by car
___PO com 36 Treads_concluida___
___PO com 38 Treads___
Execution Time: 0.95757
	Time:	0:00:01
	Energy:	0.0000 kWh
	CO2eq:	0.0000 g
	0.0000 km travelled by car
	Time:	0:00:01
	Energy:	0.0001 kWh
	CO2eq:	0.0364 g
	0.0003 km travelled by car
___PO com 38 Treads_concluida___
___PO com 40 Treads___
Execution Time: 0.96019
	Time:	0:00:01
	Energy:	0.0000 kWh
	CO2eq:	0.0000 g
	0.0000 km travelled by car
	Time:	0:00:01
	Energy:	0.0001 kWh
	CO2eq:	0.0372 g
	0.0003 km travelled by car
___PO com 40 Treads_concluida___
___Fim de PO___:

Start -> ST
compilando ST...
make: Nothing to be done for 'all'.
___Executando ST___:
___ST com 2 Treads___
Execution Time: 1206.08666
	Time:	0:20:06
	Energy:	0.0378 kWh
	CO2eq:	17.9483 g
	0.1670 km travelled by car
	Time:	0:20:06
	Energy:	0.0378 kWh
	CO2eq:	17.9483 g
	0.1670 km travelled by car
___ST com 2 Treads_concluida___
___ST com 4 Treads___
Execution Time: 632.91973
	Time:	0:10:33
	Energy:	0.0226 kWh
	CO2eq:	10.7586 g
	0.1001 km travelled by car
	Time:	0:10:33
	Energy:	0.0226 kWh
	CO2eq:	10.7586 g
	0.1001 km travelled by car
___ST com 4 Treads_concluida___
___ST com 6 Treads___
Execution Time: 489.39781
	Time:	0:08:10
	Energy:	0.0191 kWh
	CO2eq:	9.0512 g
	0.0842 km travelled by car
	Time:	0:08:10
	Energy:	0.0191 kWh
	CO2eq:	9.0512 g
	0.0842 km travelled by car
___ST com 6 Treads_concluida___
___ST com 8 Treads___
Execution Time: 427.66221
	Time:	0:07:08
	Energy:	0.0179 kWh
	CO2eq:	8.4841 g
	0.0789 km travelled by car
	Time:	0:07:08
	Energy:	0.0179 kWh
	CO2eq:	8.4841 g
	0.0789 km travelled by car
___ST com 8 Treads_concluida___
___ST com 10 Treads___
Execution Time: 402.86840
	Time:	0:06:43
	Energy:	0.0176 kWh
	CO2eq:	8.3776 g
	0.0779 km travelled by car
	Time:	0:06:43
	Energy:	0.0176 kWh
	CO2eq:	8.3776 g
	0.0779 km travelled by car
___ST com 10 Treads_concluida___
___ST com 12 Treads___
Execution Time: 395.73133
	Time:	0:06:36
	Energy:	0.0182 kWh
	CO2eq:	8.6513 g
	0.0805 km travelled by car
	Time:	0:06:36
	Energy:	0.0182 kWh
	CO2eq:	8.6513 g
	0.0805 km travelled by car
___ST com 12 Treads_concluida___
___ST com 14 Treads___
Execution Time: 394.49690
	Time:	0:06:35
	Energy:	0.0190 kWh
	CO2eq:	9.0161 g
	0.0839 km travelled by car
	Time:	0:06:35
	Energy:	0.0190 kWh
	CO2eq:	9.0161 g
	0.0839 km travelled by car
___ST com 14 Treads_concluida___
___ST com 16 Treads___
Execution Time: 393.05524
	Time:	0:06:33
	Energy:	0.0197 kWh
	CO2eq:	9.3470 g
	0.0869 km travelled by car
	Time:	0:06:33
	Energy:	0.0197 kWh
	CO2eq:	9.3470 g
	0.0869 km travelled by car
___ST com 16 Treads_concluida___
___ST com 18 Treads___
Execution Time: 393.36013
	Time:	0:06:34
	Energy:	0.0204 kWh
	CO2eq:	9.6722 g
	0.0900 km travelled by car
	Time:	0:06:34
	Energy:	0.0204 kWh
	CO2eq:	9.6722 g
	0.0900 km travelled by car
___ST com 18 Treads_concluida___
___ST com 20 Treads___
Execution Time: 397.49031
	Time:	0:06:38
	Energy:	0.0214 kWh
	CO2eq:	10.1669 g
	0.0946 km travelled by car
	Time:	0:06:38
	Energy:	0.0214 kWh
	CO2eq:	10.1669 g
	0.0946 km travelled by car
___ST com 20 Treads_concluida___
___ST com 22 Treads___
Execution Time: 356.18036
	Time:	0:05:57
	Energy:	0.0202 kWh
	CO2eq:	9.5761 g
	0.0891 km travelled by car
	Time:	0:05:57
	Energy:	0.0202 kWh
	CO2eq:	9.5761 g
	0.0891 km travelled by car
___ST com 22 Treads_concluida___
___ST com 24 Treads___
Execution Time: 325.50932
	Time:	0:05:26
	Energy:	0.0191 kWh
	CO2eq:	9.0704 g
	0.0844 km travelled by car
	Time:	0:05:26
	Energy:	0.0191 kWh
	CO2eq:	9.0704 g
	0.0844 km travelled by car
___ST com 24 Treads_concluida___
___ST com 26 Treads___
Execution Time: 300.67771
	Time:	0:05:01
	Energy:	0.0183 kWh
	CO2eq:	8.6773 g
	0.0807 km travelled by car
	Time:	0:05:01
	Energy:	0.0183 kWh
	CO2eq:	8.6773 g
	0.0807 km travelled by car
___ST com 26 Treads_concluida___
___ST com 28 Treads___
Execution Time: 279.24015
	Time:	0:04:40
	Energy:	0.0187 kWh
	CO2eq:	8.8701 g
	0.0825 km travelled by car
	Time:	0:04:40
	Energy:	0.0187 kWh
	CO2eq:	8.8701 g
	0.0825 km travelled by car
___ST com 28 Treads_concluida___
___ST com 30 Treads___
Execution Time: 258.19738
	Time:	0:04:19
	Energy:	0.0179 kWh
	CO2eq:	8.5110 g
	0.0792 km travelled by car
	Time:	0:04:19
	Energy:	0.0179 kWh
	CO2eq:	8.5110 g
	0.0792 km travelled by car
___ST com 30 Treads_concluida___
___ST com 32 Treads___
Execution Time: 241.59615
	Time:	0:04:02
	Energy:	0.0176 kWh
	CO2eq:	8.3438 g
	0.0776 km travelled by car
	Time:	0:04:02
	Energy:	0.0176 kWh
	CO2eq:	8.3438 g
	0.0776 km travelled by car
___ST com 32 Treads_concluida___
___ST com 34 Treads___
Execution Time: 227.74534
	Time:	0:03:48
	Energy:	0.0173 kWh
	CO2eq:	8.2339 g
	0.0766 km travelled by car
	Time:	0:03:48
	Energy:	0.0173 kWh
	CO2eq:	8.2339 g
	0.0766 km travelled by car
___ST com 34 Treads_concluida___
___ST com 36 Treads___
Execution Time: 219.56767
	Time:	0:03:40
	Energy:	0.0175 kWh
	CO2eq:	8.3128 g
	0.0773 km travelled by car
	Time:	0:03:40
	Energy:	0.0175 kWh
	CO2eq:	8.3128 g
	0.0773 km travelled by car
___ST com 36 Treads_concluida___
___ST com 38 Treads___
Execution Time: 206.69912
	Time:	0:03:27
	Energy:	0.0174 kWh
	CO2eq:	8.2414 g
	0.0767 km travelled by car
	Time:	0:03:27
	Energy:	0.0174 kWh
	CO2eq:	8.2414 g
	0.0767 km travelled by car
___ST com 38 Treads_concluida___
___ST com 40 Treads___
Execution Time: 196.23835
	Time:	0:03:17
	Energy:	0.0172 kWh
	CO2eq:	8.1776 g
	0.0761 km travelled by car
	Time:	0:03:17
	Energy:	0.0172 kWh
	CO2eq:	8.1776 g
	0.0761 km travelled by car
___ST com 40 Treads_concluida___
___Fim de ST___:

