Numero de CPUs logicos (threads): 48
Numero de núcleos fisicos: 12
Start -> PO
compilando PO...
make: Nothing to be done for 'all'.
___Executando PO___:
___PO com 2 Treads___
Execution Time: 9.91221
	Time:	0:00:10
	Energy:	0.0007 kWh
	CO2eq:	0.1020 g
	0.0009 km travelled by car
	Time:	0:00:10
	Energy:	0.0007 kWh
	CO2eq:	0.1020 g
	0.0009 km travelled by car
___PO com 2 Treads_concluida___
___PO com 4 Treads___
Execution Time: 5.06652
	Time:	0:00:05
	Energy:	0.0004 kWh
	CO2eq:	0.0563 g
	0.0005 km travelled by car
	Time:	0:00:05
	Energy:	0.0004 kWh
	CO2eq:	0.0563 g
	0.0005 km travelled by car
___PO com 4 Treads_concluida___
___PO com 6 Treads___
Execution Time: 3.48554
	Time:	0:00:03
	Energy:	0.0003 kWh
	CO2eq:	0.0417 g
	0.0004 km travelled by car
	Time:	0:00:03
	Energy:	0.0003 kWh
	CO2eq:	0.0417 g
	0.0004 km travelled by car
___PO com 6 Treads_concluida___
___PO com 8 Treads___
Execution Time: 2.68526
	Time:	0:00:03
	Energy:	0.0002 kWh
	CO2eq:	0.0341 g
	0.0003 km travelled by car
	Time:	0:00:03
	Energy:	0.0002 kWh
	CO2eq:	0.0341 g
	0.0003 km travelled by car
___PO com 8 Treads_concluida___
___PO com 10 Treads___
Execution Time: 2.30501
	Time:	0:00:02
	Energy:	0.0002 kWh
	CO2eq:	0.0303 g
	0.0003 km travelled by car
	Time:	0:00:02
	Energy:	0.0002 kWh
	CO2eq:	0.0303 g
	0.0003 km travelled by car
___PO com 10 Treads_concluida___
___PO com 12 Treads___
Execution Time: 1.88898
	Time:	0:00:02
	Energy:	0.0002 kWh
	CO2eq:	0.0260 g
	0.0002 km travelled by car
	Time:	0:00:02
	Energy:	0.0002 kWh
	CO2eq:	0.0260 g
	0.0002 km travelled by car
___PO com 12 Treads_concluida___
___PO com 14 Treads___
Execution Time: 1.56396
	Time:	0:00:02
	Energy:	0.0002 kWh
	CO2eq:	0.0225 g
	0.0002 km travelled by car
	Time:	0:00:02
	Energy:	0.0002 kWh
	CO2eq:	0.0225 g
	0.0002 km travelled by car
___PO com 14 Treads_concluida___
___PO com 16 Treads___
Execution Time: 1.32278
	Time:	0:00:01
	Energy:	0.0001 kWh
	CO2eq:	0.0190 g
	0.0002 km travelled by car
	Time:	0:00:01
	Energy:	0.0001 kWh
	CO2eq:	0.0190 g
	0.0002 km travelled by car
___PO com 16 Treads_concluida___
___PO com 18 Treads___
Execution Time: 1.10801
	Time:	0:00:01
	Energy:	0.0001 kWh
	CO2eq:	0.0158 g
	0.0001 km travelled by car
	Time:	0:00:01
	Energy:	0.0001 kWh
	CO2eq:	0.0158 g
	0.0001 km travelled by car
___PO com 18 Treads_concluida___
___PO com 20 Treads___
Execution Time: 0.99315
	Time:	0:00:01
	Energy:	0.0000 kWh
	CO2eq:	0.0000 g
	0.0000 km travelled by car
	Time:	0:00:01
	Energy:	0.0001 kWh
	CO2eq:	0.0143 g
	0.0001 km travelled by car
___PO com 20 Treads_concluida___
___PO com 22 Treads___
Execution Time: 0.95093
	Time:	0:00:01
	Energy:	0.0000 kWh
	CO2eq:	0.0000 g
	0.0000 km travelled by car
	Time:	0:00:01
	Energy:	0.0001 kWh
	CO2eq:	0.0135 g
	0.0001 km travelled by car
___PO com 22 Treads_concluida___
___PO com 24 Treads___
Execution Time: 1.24322
	Time:	0:00:01
	Energy:	0.0001 kWh
	CO2eq:	0.0177 g
	0.0002 km travelled by car
	Time:	0:00:01
	Energy:	0.0001 kWh
	CO2eq:	0.0177 g
	0.0002 km travelled by car
___PO com 24 Treads_concluida___
___PO com 26 Treads___
Execution Time: 0.80402
	Time:	0:00:01
	Energy:	0.0000 kWh
	CO2eq:	0.0000 g
	0.0000 km travelled by car
	Time:	0:00:01
	Energy:	0.0000 kWh
	CO2eq:	0.0000 g
	0.0000 km travelled by car
___PO com 26 Treads_concluida___
___PO com 28 Treads___
Execution Time: 0.75262
	Time:	0:00:01
	Energy:	0.0000 kWh
	CO2eq:	0.0000 g
	0.0000 km travelled by car
	Time:	0:00:01
	Energy:	0.0000 kWh
	CO2eq:	0.0000 g
	0.0000 km travelled by car
___PO com 28 Treads_concluida___
___PO com 30 Treads___
Execution Time: 0.70672
	Time:	0:00:01
	Energy:	0.0000 kWh
	CO2eq:	0.0000 g
	0.0000 km travelled by car
	Time:	0:00:01
	Energy:	0.0000 kWh
	CO2eq:	0.0000 g
	0.0000 km travelled by car
___PO com 30 Treads_concluida___
___PO com 32 Treads___
Execution Time: 0.65751
	Time:	0:00:01
	Energy:	0.0000 kWh
	CO2eq:	0.0000 g
	0.0000 km travelled by car
	Time:	0:00:01
	Energy:	0.0000 kWh
	CO2eq:	0.0000 g
	0.0000 km travelled by car
___PO com 32 Treads_concluida___
___PO com 34 Treads___
Execution Time: 0.62654
	Time:	0:00:01
	Energy:	0.0000 kWh
	CO2eq:	0.0000 g
	0.0000 km travelled by car
	Time:	0:00:01
	Energy:	0.0000 kWh
	CO2eq:	0.0000 g
	0.0000 km travelled by car
___PO com 34 Treads_concluida___
___PO com 36 Treads___
Execution Time: 0.64107
	Time:	0:00:01
	Energy:	0.0000 kWh
	CO2eq:	0.0000 g
	0.0000 km travelled by car
	Time:	0:00:01
	Energy:	0.0000 kWh
	CO2eq:	0.0000 g
	0.0000 km travelled by car
___PO com 36 Treads_concluida___
___PO com 38 Treads___
Execution Time: 0.57769
	Time:	0:00:01
	Energy:	0.0000 kWh
	CO2eq:	0.0000 g
	0.0000 km travelled by car
	Time:	0:00:01
	Energy:	0.0000 kWh
	CO2eq:	0.0000 g
	0.0000 km travelled by car
___PO com 38 Treads_concluida___
___PO com 40 Treads___
Execution Time: 0.54650
	Time:	0:00:01
	Energy:	0.0000 kWh
	CO2eq:	0.0000 g
	0.0000 km travelled by car
	Time:	0:00:01
	Energy:	0.0000 kWh
	CO2eq:	0.0000 g
	0.0000 km travelled by car
___PO com 40 Treads_concluida___
___PO com 42 Treads___
Execution Time: 0.52203
	Time:	0:00:01
	Energy:	0.0000 kWh
	CO2eq:	0.0000 g
	0.0000 km travelled by car
	Time:	0:00:01
	Energy:	0.0000 kWh
	CO2eq:	0.0000 g
	0.0000 km travelled by car
___PO com 42 Treads_concluida___
___PO com 44 Treads___
Execution Time: 0.49851
	Time:	0:00:01
	Energy:	0.0000 kWh
	CO2eq:	0.0000 g
	0.0000 km travelled by car
	Time:	0:00:01
	Energy:	0.0000 kWh
	CO2eq:	0.0000 g
	0.0000 km travelled by car
___PO com 44 Treads_concluida___
___PO com 46 Treads___
Execution Time: 0.47971
	Time:	0:00:00
	Energy:	0.0000 kWh
	CO2eq:	0.0000 g
	0.0000 km travelled by car
	Time:	0:00:00
	Energy:	0.0000 kWh
	CO2eq:	0.0000 g
	0.0000 km travelled by car
___PO com 46 Treads_concluida___
___PO com 48 Treads___
Execution Time: 0.48368
	Time:	0:00:00
	Energy:	0.0000 kWh
	CO2eq:	0.0000 g
	0.0000 km travelled by car
	Time:	0:00:00
	Energy:	0.0000 kWh
	CO2eq:	0.0000 g
	0.0000 km travelled by car
___PO com 48 Treads_concluida___
___Fim de PO___:

Start -> ST
compilando ST...
make: Nothing to be done for 'all'.
___Executando ST___:
___ST com 2 Treads___
Execution Time: 1228.54478
	Time:	0:20:29
	Energy:	0.0867 kWh
	CO2eq:	12.2853 g
	0.1143 km travelled by car
	Time:	0:20:29
	Energy:	0.0867 kWh
	CO2eq:	12.2853 g
	0.1143 km travelled by car
___ST com 2 Treads_concluida___
___ST com 4 Treads___
Execution Time: 1106.22059
	Time:	0:18:26
	Energy:	0.0813 kWh
	CO2eq:	11.5239 g
	0.1072 km travelled by car
	Time:	0:18:26
	Energy:	0.0813 kWh
	CO2eq:	11.5239 g
	0.1072 km travelled by car
___ST com 4 Treads_concluida___
___ST com 6 Treads___
Execution Time: 1091.62505
	Time:	0:18:12
	Energy:	0.0824 kWh
	CO2eq:	11.6869 g
	0.1087 km travelled by car
	Time:	0:18:12
	Energy:	0.0824 kWh
	CO2eq:	11.6869 g
	0.1087 km travelled by car
___ST com 6 Treads_concluida___
___ST com 8 Treads___
Execution Time: 1062.20188
	Time:	0:17:42
	Energy:	0.0821 kWh
	CO2eq:	11.6446 g
	0.1083 km travelled by car
	Time:	0:17:42
	Energy:	0.0821 kWh
	CO2eq:	11.6446 g
	0.1083 km travelled by car
___ST com 8 Treads_concluida___
___ST com 10 Treads___
Execution Time: 1031.92535
	Time:	0:17:12
	Energy:	0.0814 kWh
	CO2eq:	11.5419 g
	0.1074 km travelled by car
	Time:	0:17:12
	Energy:	0.0814 kWh
	CO2eq:	11.5419 g
	0.1074 km travelled by car
___ST com 10 Treads_concluida___
___ST com 12 Treads___
Execution Time: 1008.48073
	Time:	0:16:49
	Energy:	0.0808 kWh
	CO2eq:	11.4507 g
	0.1065 km travelled by car
	Time:	0:16:49
	Energy:	0.0808 kWh
	CO2eq:	11.4507 g
	0.1065 km travelled by car
___ST com 12 Treads_concluida___
___ST com 14 Treads___
Execution Time: 976.15670
	Time:	0:16:16
	Energy:	0.0797 kWh
	CO2eq:	11.2950 g
	0.1051 km travelled by car
	Time:	0:16:16
	Energy:	0.0797 kWh
	CO2eq:	11.2950 g
	0.1051 km travelled by car
___ST com 14 Treads_concluida___
___ST com 16 Treads___
Execution Time: 925.97874
	Time:	0:15:26
	Energy:	0.0762 kWh
	CO2eq:	10.7994 g
	0.1005 km travelled by car
	Time:	0:15:26
	Energy:	0.0762 kWh
	CO2eq:	10.7994 g
	0.1005 km travelled by car
___ST com 16 Treads_concluida___
___ST com 18 Treads___
Execution Time: 907.99971
	Time:	0:15:08
	Energy:	0.0761 kWh
	CO2eq:	10.7960 g
	0.1004 km travelled by car
	Time:	0:15:08
	Energy:	0.0761 kWh
	CO2eq:	10.7960 g
	0.1004 km travelled by car
___ST com 18 Treads_concluida___
___ST com 20 Treads___
Execution Time: 872.21270
	Time:	0:14:32
	Energy:	0.0733 kWh
	CO2eq:	10.3918 g
	0.0967 km travelled by car
	Time:	0:14:32
	Energy:	0.0733 kWh
	CO2eq:	10.3918 g
	0.0967 km travelled by car
___ST com 20 Treads_concluida___
___ST com 22 Treads___
Execution Time: 891.28820
	Time:	0:14:51
	Energy:	0.0764 kWh
	CO2eq:	10.8352 g
	0.1008 km travelled by car
	Time:	0:14:51
	Energy:	0.0764 kWh
	CO2eq:	10.8352 g
	0.1008 km travelled by car
___ST com 22 Treads_concluida___
___ST com 24 Treads___
Execution Time: 898.52334
	Time:	0:14:59
	Energy:	0.0759 kWh
	CO2eq:	10.7590 g
	0.1001 km travelled by car
	Time:	0:14:59
	Energy:	0.0759 kWh
	CO2eq:	10.7590 g
	0.1001 km travelled by car
___ST com 24 Treads_concluida___
___ST com 26 Treads___
Execution Time: 806.91251
	Time:	0:13:27
	Energy:	0.0686 kWh
	CO2eq:	9.7228 g
	0.0904 km travelled by car
	Time:	0:13:27
	Energy:	0.0686 kWh
	CO2eq:	9.7228 g
	0.0904 km travelled by car
___ST com 26 Treads_concluida___
___ST com 28 Treads___
Execution Time: 769.89025
	Time:	0:12:50
	Energy:	0.0668 kWh
	CO2eq:	9.4661 g
	0.0881 km travelled by car
	Time:	0:12:50
	Energy:	0.0668 kWh
	CO2eq:	9.4661 g
	0.0881 km travelled by car
___ST com 28 Treads_concluida___
___ST com 30 Treads___
Execution Time: 717.33881
	Time:	0:11:58
	Energy:	0.0634 kWh
	CO2eq:	8.9888 g
	0.0836 km travelled by car
	Time:	0:11:58
	Energy:	0.0634 kWh
	CO2eq:	8.9888 g
	0.0836 km travelled by car
___ST com 30 Treads_concluida___
___ST com 32 Treads___
Execution Time: 655.86053
	Time:	0:10:56
	Energy:	0.0590 kWh
	CO2eq:	8.3712 g
	0.0779 km travelled by car
	Time:	0:10:56
	Energy:	0.0590 kWh
	CO2eq:	8.3712 g
	0.0779 km travelled by car
___ST com 32 Treads_concluida___
___ST com 34 Treads___
Execution Time: 634.38732
	Time:	0:10:35
	Energy:	0.0588 kWh
	CO2eq:	8.3296 g
	0.0775 km travelled by car
	Time:	0:10:35
	Energy:	0.0588 kWh
	CO2eq:	8.3296 g
	0.0775 km travelled by car
___ST com 34 Treads_concluida___
___ST com 36 Treads___
Execution Time: 581.08360
	Time:	0:09:41
	Energy:	0.0549 kWh
	CO2eq:	7.7836 g
	0.0724 km travelled by car
	Time:	0:09:41
	Energy:	0.0549 kWh
	CO2eq:	7.7836 g
	0.0724 km travelled by car
___ST com 36 Treads_concluida___
___ST com 38 Treads___
Execution Time: 575.27774
	Time:	0:09:36
	Energy:	0.0559 kWh
	CO2eq:	7.9272 g
	0.0737 km travelled by car
	Time:	0:09:36
	Energy:	0.0559 kWh
	CO2eq:	7.9272 g
	0.0737 km travelled by car
___ST com 38 Treads_concluida___
___ST com 40 Treads___
Execution Time: 523.60756
	Time:	0:08:44
	Energy:	0.0515 kWh
	CO2eq:	7.3050 g
	0.0680 km travelled by car
	Time:	0:08:44
	Energy:	0.0515 kWh
	CO2eq:	7.3050 g
	0.0680 km travelled by car
___ST com 40 Treads_concluida___
___ST com 42 Treads___
Execution Time: 514.02011
	Time:	0:08:34
	Energy:	0.0519 kWh
	CO2eq:	7.3614 g
	0.0685 km travelled by car
	Time:	0:08:34
	Energy:	0.0519 kWh
	CO2eq:	7.3614 g
	0.0685 km travelled by car
___ST com 42 Treads_concluida___
___ST com 44 Treads___
Execution Time: 487.15629
	Time:	0:08:07
	Energy:	0.0506 kWh
	CO2eq:	7.1802 g
	0.0668 km travelled by car
	Time:	0:08:07
	Energy:	0.0506 kWh
	CO2eq:	7.1802 g
	0.0668 km travelled by car
___ST com 44 Treads_concluida___
___ST com 46 Treads___
Execution Time: 473.26868
	Time:	0:07:54
	Energy:	0.0508 kWh
	CO2eq:	7.2056 g
	0.0670 km travelled by car
	Time:	0:07:54
	Energy:	0.0508 kWh
	CO2eq:	7.2056 g
	0.0670 km travelled by car
___ST com 46 Treads_concluida___
___ST com 48 Treads___
Execution Time: 455.44313
	Time:	0:07:36
	Energy:	0.0494 kWh
	CO2eq:	6.9992 g
	0.0651 km travelled by car
	Time:	0:07:36
	Energy:	0.0494 kWh
	CO2eq:	6.9992 g
	0.0651 km travelled by car
___ST com 48 Treads_concluida___
___Fim de ST___:

