Numero de CPUs logicos (threads): 48
Numero de núcleos fisicos: 12
Start -> PO
compilando PO...
make: Nothing to be done for 'all'.
___Executando PO___:
___PO com 2 Treads___
Execution Time: 10.08201
	Time:	0:00:10
	Energy:	0.0007 kWh
	CO2eq:	0.1049 g
	0.0010 km travelled by car
	Time:	0:00:10
	Energy:	0.0007 kWh
	CO2eq:	0.1049 g
	0.0010 km travelled by car
___PO com 2 Treads_concluida___
___PO com 4 Treads___
Execution Time: 5.13074
	Time:	0:00:05
	Energy:	0.0004 kWh
	CO2eq:	0.0572 g
	0.0005 km travelled by car
	Time:	0:00:05
	Energy:	0.0004 kWh
	CO2eq:	0.0572 g
	0.0005 km travelled by car
___PO com 4 Treads_concluida___
___PO com 6 Treads___
Execution Time: 3.46632
	Time:	0:00:03
	Energy:	0.0003 kWh
	CO2eq:	0.0416 g
	0.0004 km travelled by car
	Time:	0:00:03
	Energy:	0.0003 kWh
	CO2eq:	0.0416 g
	0.0004 km travelled by car
___PO com 6 Treads_concluida___
___PO com 8 Treads___
Execution Time: 2.68158
	Time:	0:00:03
	Energy:	0.0002 kWh
	CO2eq:	0.0342 g
	0.0003 km travelled by car
	Time:	0:00:03
	Energy:	0.0002 kWh
	CO2eq:	0.0342 g
	0.0003 km travelled by car
___PO com 8 Treads_concluida___
___PO com 10 Treads___
Execution Time: 2.30957
	Time:	0:00:02
	Energy:	0.0002 kWh
	CO2eq:	0.0306 g
	0.0003 km travelled by car
	Time:	0:00:02
	Energy:	0.0002 kWh
	CO2eq:	0.0306 g
	0.0003 km travelled by car
___PO com 10 Treads_concluida___
___PO com 12 Treads___
Execution Time: 1.89160
	Time:	0:00:02
	Energy:	0.0002 kWh
	CO2eq:	0.0263 g
	0.0002 km travelled by car
	Time:	0:00:02
	Energy:	0.0002 kWh
	CO2eq:	0.0263 g
	0.0002 km travelled by car
___PO com 12 Treads_concluida___
___PO com 14 Treads___
Execution Time: 1.54676
	Time:	0:00:02
	Energy:	0.0002 kWh
	CO2eq:	0.0222 g
	0.0002 km travelled by car
	Time:	0:00:02
	Energy:	0.0002 kWh
	CO2eq:	0.0222 g
	0.0002 km travelled by car
___PO com 14 Treads_concluida___
___PO com 16 Treads___
Execution Time: 1.29247
	Time:	0:00:01
	Energy:	0.0001 kWh
	CO2eq:	0.0184 g
	0.0002 km travelled by car
	Time:	0:00:01
	Energy:	0.0001 kWh
	CO2eq:	0.0184 g
	0.0002 km travelled by car
___PO com 16 Treads_concluida___
___PO com 18 Treads___
Execution Time: 1.12914
	Time:	0:00:01
	Energy:	0.0001 kWh
	CO2eq:	0.0163 g
	0.0002 km travelled by car
	Time:	0:00:01
	Energy:	0.0001 kWh
	CO2eq:	0.0163 g
	0.0002 km travelled by car
___PO com 18 Treads_concluida___
___PO com 20 Treads___
Execution Time: 1.02960
	Time:	0:00:01
	Energy:	0.0001 kWh
	CO2eq:	0.0148 g
	0.0001 km travelled by car
	Time:	0:00:01
	Energy:	0.0001 kWh
	CO2eq:	0.0148 g
	0.0001 km travelled by car
___PO com 20 Treads_concluida___
___PO com 22 Treads___
Execution Time: 0.94608
	Time:	0:00:01
	Energy:	0.0000 kWh
	CO2eq:	0.0000 g
	0.0000 km travelled by car
	Time:	0:00:01
	Energy:	0.0001 kWh
	CO2eq:	0.0133 g
	0.0001 km travelled by car
___PO com 22 Treads_concluida___
___PO com 24 Treads___
Execution Time: 0.90350
	Time:	0:00:01
	Energy:	0.0000 kWh
	CO2eq:	0.0000 g
	0.0000 km travelled by car
	Time:	0:00:01
	Energy:	0.0001 kWh
	CO2eq:	0.0125 g
	0.0001 km travelled by car
___PO com 24 Treads_concluida___
___PO com 26 Treads___
Execution Time: 0.81000
	Time:	0:00:01
	Energy:	0.0000 kWh
	CO2eq:	0.0000 g
	0.0000 km travelled by car
	Time:	0:00:01
	Energy:	0.0000 kWh
	CO2eq:	0.0000 g
	0.0000 km travelled by car
___PO com 26 Treads_concluida___
___PO com 28 Treads___
Execution Time: 0.77416
	Time:	0:00:01
	Energy:	0.0000 kWh
	CO2eq:	0.0000 g
	0.0000 km travelled by car
	Time:	0:00:01
	Energy:	0.0000 kWh
	CO2eq:	0.0000 g
	0.0000 km travelled by car
___PO com 28 Treads_concluida___
___PO com 30 Treads___
Execution Time: 0.72228
	Time:	0:00:01
	Energy:	0.0000 kWh
	CO2eq:	0.0000 g
	0.0000 km travelled by car
	Time:	0:00:01
	Energy:	0.0000 kWh
	CO2eq:	0.0000 g
	0.0000 km travelled by car
___PO com 30 Treads_concluida___
___PO com 32 Treads___
Execution Time: 0.66239
	Time:	0:00:01
	Energy:	0.0000 kWh
	CO2eq:	0.0000 g
	0.0000 km travelled by car
	Time:	0:00:01
	Energy:	0.0000 kWh
	CO2eq:	0.0000 g
	0.0000 km travelled by car
___PO com 32 Treads_concluida___
___PO com 34 Treads___
Execution Time: 0.62853
	Time:	0:00:01
	Energy:	0.0000 kWh
	CO2eq:	0.0000 g
	0.0000 km travelled by car
	Time:	0:00:01
	Energy:	0.0000 kWh
	CO2eq:	0.0000 g
	0.0000 km travelled by car
___PO com 34 Treads_concluida___
___PO com 36 Treads___
Execution Time: 0.61992
	Time:	0:00:01
	Energy:	0.0000 kWh
	CO2eq:	0.0000 g
	0.0000 km travelled by car
	Time:	0:00:01
	Energy:	0.0000 kWh
	CO2eq:	0.0000 g
	0.0000 km travelled by car
___PO com 36 Treads_concluida___
___PO com 38 Treads___
Execution Time: 0.57362
	Time:	0:00:01
	Energy:	0.0000 kWh
	CO2eq:	0.0000 g
	0.0000 km travelled by car
	Time:	0:00:01
	Energy:	0.0000 kWh
	CO2eq:	0.0000 g
	0.0000 km travelled by car
___PO com 38 Treads_concluida___
___PO com 40 Treads___
Execution Time: 0.54619
	Time:	0:00:01
	Energy:	0.0000 kWh
	CO2eq:	0.0000 g
	0.0000 km travelled by car
	Time:	0:00:01
	Energy:	0.0000 kWh
	CO2eq:	0.0000 g
	0.0000 km travelled by car
___PO com 40 Treads_concluida___
___PO com 42 Treads___
Execution Time: 0.54447
	Time:	0:00:01
	Energy:	0.0000 kWh
	CO2eq:	0.0000 g
	0.0000 km travelled by car
	Time:	0:00:01
	Energy:	0.0000 kWh
	CO2eq:	0.0000 g
	0.0000 km travelled by car
___PO com 42 Treads_concluida___
___PO com 44 Treads___
Execution Time: 0.59264
	Time:	0:00:01
	Energy:	0.0000 kWh
	CO2eq:	0.0000 g
	0.0000 km travelled by car
	Time:	0:00:01
	Energy:	0.0000 kWh
	CO2eq:	0.0000 g
	0.0000 km travelled by car
___PO com 44 Treads_concluida___
___PO com 46 Treads___
Execution Time: 0.48427
	Time:	0:00:00
	Energy:	0.0000 kWh
	CO2eq:	0.0000 g
	0.0000 km travelled by car
	Time:	0:00:00
	Energy:	0.0000 kWh
	CO2eq:	0.0000 g
	0.0000 km travelled by car
___PO com 46 Treads_concluida___
___PO com 48 Treads___
Execution Time: 0.49429
	Time:	0:00:01
	Energy:	0.0000 kWh
	CO2eq:	0.0000 g
	0.0000 km travelled by car
	Time:	0:00:01
	Energy:	0.0000 kWh
	CO2eq:	0.0000 g
	0.0000 km travelled by car
___PO com 48 Treads_concluida___
___Fim de PO___:

Start -> ST
compilando ST...
make: Nothing to be done for 'all'.
___Executando ST___:
___ST com 2 Treads___
Execution Time: 1228.28990
	Time:	0:20:28
	Energy:	0.0865 kWh
	CO2eq:	12.2629 g
	0.1141 km travelled by car
	Time:	0:20:28
	Energy:	0.0865 kWh
	CO2eq:	12.2629 g
	0.1141 km travelled by car
___ST com 2 Treads_concluida___
___ST com 4 Treads___
Execution Time: 1110.36844
	Time:	0:18:31
	Energy:	0.0816 kWh
	CO2eq:	11.5753 g
	0.1077 km travelled by car
	Time:	0:18:31
	Energy:	0.0816 kWh
	CO2eq:	11.5753 g
	0.1077 km travelled by car
___ST com 4 Treads_concluida___
___ST com 6 Treads___
Execution Time: 1091.22019
	Time:	0:18:11
	Energy:	0.0827 kWh
	CO2eq:	11.7202 g
	0.1090 km travelled by car
	Time:	0:18:11
	Energy:	0.0827 kWh
	CO2eq:	11.7202 g
	0.1090 km travelled by car
___ST com 6 Treads_concluida___
___ST com 8 Treads___
Execution Time: 1064.51355
	Time:	0:17:45
	Energy:	0.0818 kWh
	CO2eq:	11.5921 g
	0.1078 km travelled by car
	Time:	0:17:45
	Energy:	0.0818 kWh
	CO2eq:	11.5921 g
	0.1078 km travelled by car
___ST com 8 Treads_concluida___
___ST com 10 Treads___
Execution Time: 1032.05572
	Time:	0:17:12
	Energy:	0.0816 kWh
	CO2eq:	11.5682 g
	0.1076 km travelled by car
	Time:	0:17:12
	Energy:	0.0816 kWh
	CO2eq:	11.5682 g
	0.1076 km travelled by car
___ST com 10 Treads_concluida___
___ST com 12 Treads___
Execution Time: 1008.83956
	Time:	0:16:49
	Energy:	0.0809 kWh
	CO2eq:	11.4658 g
	0.1067 km travelled by car
	Time:	0:16:49
	Energy:	0.0809 kWh
	CO2eq:	11.4658 g
	0.1067 km travelled by car
___ST com 12 Treads_concluida___
___ST com 14 Treads___
Execution Time: 974.32609
	Time:	0:16:15
	Energy:	0.0795 kWh
	CO2eq:	11.2686 g
	0.1048 km travelled by car
	Time:	0:16:15
	Energy:	0.0795 kWh
	CO2eq:	11.2686 g
	0.1048 km travelled by car
___ST com 14 Treads_concluida___
___ST com 16 Treads___
Execution Time: 923.80542
	Time:	0:15:24
	Energy:	0.0759 kWh
	CO2eq:	10.7588 g
	0.1001 km travelled by car
	Time:	0:15:24
	Energy:	0.0759 kWh
	CO2eq:	10.7588 g
	0.1001 km travelled by car
___ST com 16 Treads_concluida___
___ST com 18 Treads___
Execution Time: 907.05475
	Time:	0:15:07
	Energy:	0.0758 kWh
	CO2eq:	10.7440 g
	0.0999 km travelled by car
	Time:	0:15:07
	Energy:	0.0758 kWh
	CO2eq:	10.7440 g
	0.0999 km travelled by car
___ST com 18 Treads_concluida___
___ST com 20 Treads___
Execution Time: 873.40632
	Time:	0:14:34
	Energy:	0.0730 kWh
	CO2eq:	10.3500 g
	0.0963 km travelled by car
	Time:	0:14:34
	Energy:	0.0730 kWh
	CO2eq:	10.3500 g
	0.0963 km travelled by car
___ST com 20 Treads_concluida___
___ST com 22 Treads___
Execution Time: 892.64873
	Time:	0:14:53
	Energy:	0.0763 kWh
	CO2eq:	10.8237 g
	0.1007 km travelled by car
	Time:	0:14:53
	Energy:	0.0763 kWh
	CO2eq:	10.8237 g
	0.1007 km travelled by car
___ST com 22 Treads_concluida___
___ST com 24 Treads___
Execution Time: 896.92480
	Time:	0:14:57
	Energy:	0.0759 kWh
	CO2eq:	10.7577 g
	0.1001 km travelled by car
	Time:	0:14:57
	Energy:	0.0759 kWh
	CO2eq:	10.7577 g
	0.1001 km travelled by car
___ST com 24 Treads_concluida___
___ST com 26 Treads___
Execution Time: 810.25741
	Time:	0:13:30
	Energy:	0.0689 kWh
	CO2eq:	9.7644 g
	0.0908 km travelled by car
	Time:	0:13:30
	Energy:	0.0689 kWh
	CO2eq:	9.7644 g
	0.0908 km travelled by car
___ST com 26 Treads_concluida___
___ST com 28 Treads___
Execution Time: 770.73567
	Time:	0:12:51
	Energy:	0.0669 kWh
	CO2eq:	9.4902 g
	0.0883 km travelled by car
	Time:	0:12:51
	Energy:	0.0669 kWh
	CO2eq:	9.4787 g
	0.0882 km travelled by car
___ST com 28 Treads_concluida___
___ST com 30 Treads___
Execution Time: 714.34218
	Time:	0:11:55
	Energy:	0.0633 kWh
	CO2eq:	8.9738 g
	0.0835 km travelled by car
	Time:	0:11:55
	Energy:	0.0633 kWh
	CO2eq:	8.9738 g
	0.0835 km travelled by car
___ST com 30 Treads_concluida___
___ST com 32 Treads___
Execution Time: 652.81866
	Time:	0:10:53
	Energy:	0.0588 kWh
	CO2eq:	8.3360 g
	0.0775 km travelled by car
	Time:	0:10:53
	Energy:	0.0588 kWh
	CO2eq:	8.3360 g
	0.0775 km travelled by car
___ST com 32 Treads_concluida___
___ST com 34 Treads___
Execution Time: 636.26172
	Time:	0:10:37
	Energy:	0.0590 kWh
	CO2eq:	8.3606 g
	0.0778 km travelled by car
	Time:	0:10:37
	Energy:	0.0590 kWh
	CO2eq:	8.3606 g
	0.0778 km travelled by car
___ST com 34 Treads_concluida___
___ST com 36 Treads___
Execution Time: 581.10932
	Time:	0:09:41
	Energy:	0.0549 kWh
	CO2eq:	7.7861 g
	0.0724 km travelled by car
	Time:	0:09:41
	Energy:	0.0549 kWh
	CO2eq:	7.7861 g
	0.0724 km travelled by car
___ST com 36 Treads_concluida___
___ST com 38 Treads___
Execution Time: 574.17373
	Time:	0:09:34
	Energy:	0.0558 kWh
	CO2eq:	7.9120 g
	0.0736 km travelled by car
	Time:	0:09:34
	Energy:	0.0558 kWh
	CO2eq:	7.9120 g
	0.0736 km travelled by car
___ST com 38 Treads_concluida___
___ST com 40 Treads___
Execution Time: 522.67587
	Time:	0:08:43
	Energy:	0.0505 kWh
	CO2eq:	7.1579 g
	0.0666 km travelled by car
	Time:	0:08:43
	Energy:	0.0505 kWh
	CO2eq:	7.1579 g
	0.0666 km travelled by car
___ST com 40 Treads_concluida___
___ST com 42 Treads___
Execution Time: 515.74084
	Time:	0:08:36
	Energy:	0.0521 kWh
	CO2eq:	7.3897 g
	0.0687 km travelled by car
	Time:	0:08:36
	Energy:	0.0521 kWh
	CO2eq:	7.3897 g
	0.0687 km travelled by car
___ST com 42 Treads_concluida___
___ST com 44 Treads___
Execution Time: 486.10664
	Time:	0:08:06
	Energy:	0.0507 kWh
	CO2eq:	7.1873 g
	0.0669 km travelled by car
	Time:	0:08:06
	Energy:	0.0507 kWh
	CO2eq:	7.1873 g
	0.0669 km travelled by car
___ST com 44 Treads_concluida___
___ST com 46 Treads___
Execution Time: 474.58533
	Time:	0:07:55
	Energy:	0.0510 kWh
	CO2eq:	7.2310 g
	0.0673 km travelled by car
	Time:	0:07:55
	Energy:	0.0510 kWh
	CO2eq:	7.2310 g
	0.0673 km travelled by car
___ST com 46 Treads_concluida___
___ST com 48 Treads___
Execution Time: 455.64291
	Time:	0:07:36
	Energy:	0.0495 kWh
	CO2eq:	7.0182 g
	0.0653 km travelled by car
	Time:	0:07:36
	Energy:	0.0495 kWh
	CO2eq:	7.0182 g
	0.0653 km travelled by car
___ST com 48 Treads_concluida___
___Fim de ST___:

