Numero de CPUs logicos (threads): 48
Numero de núcleos fisicos: 12
Start -> PO
compilando PO...
make: Nothing to be done for 'all'.
___Executando PO___:
___PO com 2 Treads___
Execution Time: 9.93532
	Time:	0:00:10
	Energy:	0.0007 kWh
	CO2eq:	0.1028 g
	0.0010 km travelled by car
	Time:	0:00:10
	Energy:	0.0007 kWh
	CO2eq:	0.1028 g
	0.0010 km travelled by car
___PO com 2 Treads_concluida___
___PO com 4 Treads___
Execution Time: 5.00887
	Time:	0:00:05
	Energy:	0.0004 kWh
	CO2eq:	0.0559 g
	0.0005 km travelled by car
	Time:	0:00:05
	Energy:	0.0004 kWh
	CO2eq:	0.0559 g
	0.0005 km travelled by car
___PO com 4 Treads_concluida___
___PO com 6 Treads___
Execution Time: 3.48472
	Time:	0:00:03
	Energy:	0.0003 kWh
	CO2eq:	0.0417 g
	0.0004 km travelled by car
	Time:	0:00:03
	Energy:	0.0003 kWh
	CO2eq:	0.0417 g
	0.0004 km travelled by car
___PO com 6 Treads_concluida___
___PO com 8 Treads___
Execution Time: 2.67948
	Time:	0:00:03
	Energy:	0.0002 kWh
	CO2eq:	0.0341 g
	0.0003 km travelled by car
	Time:	0:00:03
	Energy:	0.0002 kWh
	CO2eq:	0.0341 g
	0.0003 km travelled by car
___PO com 8 Treads_concluida___
___PO com 10 Treads___
Execution Time: 2.31066
	Time:	0:00:02
	Energy:	0.0002 kWh
	CO2eq:	0.0304 g
	0.0003 km travelled by car
	Time:	0:00:02
	Energy:	0.0002 kWh
	CO2eq:	0.0304 g
	0.0003 km travelled by car
___PO com 10 Treads_concluida___
___PO com 12 Treads___
Execution Time: 1.89085
	Time:	0:00:02
	Energy:	0.0002 kWh
	CO2eq:	0.0262 g
	0.0002 km travelled by car
	Time:	0:00:02
	Energy:	0.0002 kWh
	CO2eq:	0.0262 g
	0.0002 km travelled by car
___PO com 12 Treads_concluida___
___PO com 14 Treads___
Execution Time: 1.56417
	Time:	0:00:02
	Energy:	0.0002 kWh
	CO2eq:	0.0225 g
	0.0002 km travelled by car
	Time:	0:00:02
	Energy:	0.0002 kWh
	CO2eq:	0.0225 g
	0.0002 km travelled by car
___PO com 14 Treads_concluida___
___PO com 16 Treads___
Execution Time: 1.29547
	Time:	0:00:01
	Energy:	0.0001 kWh
	CO2eq:	0.0184 g
	0.0002 km travelled by car
	Time:	0:00:01
	Energy:	0.0001 kWh
	CO2eq:	0.0184 g
	0.0002 km travelled by car
___PO com 16 Treads_concluida___
___PO com 18 Treads___
Execution Time: 1.08454
	Time:	0:00:01
	Energy:	0.0001 kWh
	CO2eq:	0.0157 g
	0.0001 km travelled by car
	Time:	0:00:01
	Energy:	0.0001 kWh
	CO2eq:	0.0157 g
	0.0001 km travelled by car
___PO com 18 Treads_concluida___
___PO com 20 Treads___
Execution Time: 1.87438
	Time:	0:00:02
	Energy:	0.0002 kWh
	CO2eq:	0.0253 g
	0.0002 km travelled by car
	Time:	0:00:02
	Energy:	0.0002 kWh
	CO2eq:	0.0253 g
	0.0002 km travelled by car
___PO com 20 Treads_concluida___
___PO com 22 Treads___
Execution Time: 0.91417
	Time:	0:00:01
	Energy:	0.0000 kWh
	CO2eq:	0.0000 g
	0.0000 km travelled by car
	Time:	0:00:01
	Energy:	0.0001 kWh
	CO2eq:	0.0127 g
	0.0001 km travelled by car
___PO com 22 Treads_concluida___
___PO com 24 Treads___
Execution Time: 0.85805
	Time:	0:00:01
	Energy:	0.0000 kWh
	CO2eq:	0.0000 g
	0.0000 km travelled by car
	Time:	0:00:01
	Energy:	0.0001 kWh
	CO2eq:	0.0116 g
	0.0001 km travelled by car
___PO com 24 Treads_concluida___
___PO com 26 Treads___
Execution Time: 0.80568
	Time:	0:00:01
	Energy:	0.0000 kWh
	CO2eq:	0.0000 g
	0.0000 km travelled by car
	Time:	0:00:01
	Energy:	0.0000 kWh
	CO2eq:	0.0000 g
	0.0000 km travelled by car
___PO com 26 Treads_concluida___
___PO com 28 Treads___
Execution Time: 0.75420
	Time:	0:00:01
	Energy:	0.0000 kWh
	CO2eq:	0.0000 g
	0.0000 km travelled by car
	Time:	0:00:01
	Energy:	0.0000 kWh
	CO2eq:	0.0000 g
	0.0000 km travelled by car
___PO com 28 Treads_concluida___
___PO com 30 Treads___
Execution Time: 0.70595
	Time:	0:00:01
	Energy:	0.0000 kWh
	CO2eq:	0.0000 g
	0.0000 km travelled by car
	Time:	0:00:01
	Energy:	0.0000 kWh
	CO2eq:	0.0000 g
	0.0000 km travelled by car
___PO com 30 Treads_concluida___
___PO com 32 Treads___
Execution Time: 0.66248
	Time:	0:00:01
	Energy:	0.0000 kWh
	CO2eq:	0.0000 g
	0.0000 km travelled by car
	Time:	0:00:01
	Energy:	0.0000 kWh
	CO2eq:	0.0000 g
	0.0000 km travelled by car
___PO com 32 Treads_concluida___
___PO com 34 Treads___
Execution Time: 0.62536
	Time:	0:00:01
	Energy:	0.0000 kWh
	CO2eq:	0.0000 g
	0.0000 km travelled by car
	Time:	0:00:01
	Energy:	0.0000 kWh
	CO2eq:	0.0000 g
	0.0000 km travelled by car
___PO com 34 Treads_concluida___
___PO com 36 Treads___
Execution Time: 0.79315
	Time:	0:00:01
	Energy:	0.0000 kWh
	CO2eq:	0.0000 g
	0.0000 km travelled by car
	Time:	0:00:01
	Energy:	0.0000 kWh
	CO2eq:	0.0000 g
	0.0000 km travelled by car
___PO com 36 Treads_concluida___
___PO com 38 Treads___
Execution Time: 0.57142
	Time:	0:00:01
	Energy:	0.0000 kWh
	CO2eq:	0.0000 g
	0.0000 km travelled by car
	Time:	0:00:01
	Energy:	0.0000 kWh
	CO2eq:	0.0000 g
	0.0000 km travelled by car
___PO com 38 Treads_concluida___
___PO com 40 Treads___
Execution Time: 0.54327
	Time:	0:00:01
	Energy:	0.0000 kWh
	CO2eq:	0.0000 g
	0.0000 km travelled by car
	Time:	0:00:01
	Energy:	0.0000 kWh
	CO2eq:	0.0000 g
	0.0000 km travelled by car
___PO com 40 Treads_concluida___
___PO com 42 Treads___
Execution Time: 0.52405
	Time:	0:00:01
	Energy:	0.0000 kWh
	CO2eq:	0.0000 g
	0.0000 km travelled by car
	Time:	0:00:01
	Energy:	0.0000 kWh
	CO2eq:	0.0000 g
	0.0000 km travelled by car
___PO com 42 Treads_concluida___
___PO com 44 Treads___
Execution Time: 0.50106
	Time:	0:00:01
	Energy:	0.0000 kWh
	CO2eq:	0.0000 g
	0.0000 km travelled by car
	Time:	0:00:01
	Energy:	0.0000 kWh
	CO2eq:	0.0000 g
	0.0000 km travelled by car
___PO com 44 Treads_concluida___
___PO com 46 Treads___
Execution Time: 0.48380
	Time:	0:00:00
	Energy:	0.0000 kWh
	CO2eq:	0.0000 g
	0.0000 km travelled by car
	Time:	0:00:00
	Energy:	0.0000 kWh
	CO2eq:	0.0000 g
	0.0000 km travelled by car
___PO com 46 Treads_concluida___
___PO com 48 Treads___
Execution Time: 0.47810
	Time:	0:00:00
	Energy:	0.0000 kWh
	CO2eq:	0.0000 g
	0.0000 km travelled by car
	Time:	0:00:00
	Energy:	0.0000 kWh
	CO2eq:	0.0000 g
	0.0000 km travelled by car
___PO com 48 Treads_concluida___
___Fim de PO___:

Start -> ST
compilando ST...
make: Nothing to be done for 'all'.
___Executando ST___:
___ST com 2 Treads___
Execution Time: 1228.38333
	Time:	0:20:29
	Energy:	0.0866 kWh
	CO2eq:	12.2722 g
	0.1142 km travelled by car
	Time:	0:20:29
	Energy:	0.0866 kWh
	CO2eq:	12.2722 g
	0.1142 km travelled by car
___ST com 2 Treads_concluida___
___ST com 4 Treads___
Execution Time: 1110.12356
	Time:	0:18:30
	Energy:	0.0814 kWh
	CO2eq:	11.5381 g
	0.1073 km travelled by car
	Time:	0:18:30
	Energy:	0.0814 kWh
	CO2eq:	11.5381 g
	0.1073 km travelled by car
___ST com 4 Treads_concluida___
___ST com 6 Treads___
Execution Time: 1089.06102
	Time:	0:18:09
	Energy:	0.0825 kWh
	CO2eq:	11.6912 g
	0.1088 km travelled by car
	Time:	0:18:09
	Energy:	0.0825 kWh
	CO2eq:	11.6912 g
	0.1088 km travelled by car
___ST com 6 Treads_concluida___
___ST com 8 Treads___
Execution Time: 1063.42093
	Time:	0:17:44
	Energy:	0.0818 kWh
	CO2eq:	11.5969 g
	0.1079 km travelled by car
	Time:	0:17:44
	Energy:	0.0818 kWh
	CO2eq:	11.5969 g
	0.1079 km travelled by car
___ST com 8 Treads_concluida___
___ST com 10 Treads___
Execution Time: 1032.51496
	Time:	0:17:13
	Energy:	0.0815 kWh
	CO2eq:	11.5485 g
	0.1074 km travelled by car
	Time:	0:17:13
	Energy:	0.0815 kWh
	CO2eq:	11.5485 g
	0.1074 km travelled by car
___ST com 10 Treads_concluida___
___ST com 12 Treads___
Execution Time: 1009.43668
	Time:	0:16:50
	Energy:	0.0810 kWh
	CO2eq:	11.4818 g
	0.1068 km travelled by car
	Time:	0:16:50
	Energy:	0.0810 kWh
	CO2eq:	11.4818 g
	0.1068 km travelled by car
___ST com 12 Treads_concluida___
___ST com 14 Treads___
Execution Time: 976.30594
	Time:	0:16:16
	Energy:	0.0799 kWh
	CO2eq:	11.3306 g
	0.1054 km travelled by car
	Time:	0:16:16
	Energy:	0.0799 kWh
	CO2eq:	11.3306 g
	0.1054 km travelled by car
___ST com 14 Treads_concluida___
___ST com 16 Treads___
Execution Time: 925.32096
	Time:	0:15:25
	Energy:	0.0764 kWh
	CO2eq:	10.8250 g
	0.1007 km travelled by car
	Time:	0:15:25
	Energy:	0.0764 kWh
	CO2eq:	10.8250 g
	0.1007 km travelled by car
___ST com 16 Treads_concluida___
___ST com 18 Treads___
Execution Time: 909.27260
	Time:	0:15:09
	Energy:	0.0763 kWh
	CO2eq:	10.8238 g
	0.1007 km travelled by car
	Time:	0:15:09
	Energy:	0.0763 kWh
	CO2eq:	10.8238 g
	0.1007 km travelled by car
___ST com 18 Treads_concluida___
___ST com 20 Treads___
Execution Time: 872.72291
	Time:	0:14:33
	Energy:	0.0730 kWh
	CO2eq:	10.3479 g
	0.0963 km travelled by car
	Time:	0:14:33
	Energy:	0.0730 kWh
	CO2eq:	10.3479 g
	0.0963 km travelled by car
___ST com 20 Treads_concluida___
___ST com 22 Treads___
Execution Time: 892.21770
	Time:	0:14:52
	Energy:	0.0764 kWh
	CO2eq:	10.8296 g
	0.1007 km travelled by car
	Time:	0:14:52
	Energy:	0.0764 kWh
	CO2eq:	10.8296 g
	0.1007 km travelled by car
___ST com 22 Treads_concluida___
___ST com 24 Treads___
Execution Time: 898.30997
	Time:	0:14:58
	Energy:	0.0759 kWh
	CO2eq:	10.7543 g
	0.1000 km travelled by car
	Time:	0:14:58
	Energy:	0.0759 kWh
	CO2eq:	10.7543 g
	0.1000 km travelled by car
___ST com 24 Treads_concluida___
___ST com 26 Treads___
Execution Time: 812.08294
	Time:	0:13:32
	Energy:	0.0690 kWh
	CO2eq:	9.7764 g
	0.0909 km travelled by car
	Time:	0:13:32
	Energy:	0.0690 kWh
	CO2eq:	9.7764 g
	0.0909 km travelled by car
___ST com 26 Treads_concluida___
___ST com 28 Treads___
Execution Time: 770.16837
	Time:	0:12:50
	Energy:	0.0668 kWh
	CO2eq:	9.4678 g
	0.0881 km travelled by car
	Time:	0:12:50
	Energy:	0.0668 kWh
	CO2eq:	9.4678 g
	0.0881 km travelled by car
___ST com 28 Treads_concluida___
___ST com 30 Treads___
Execution Time: 716.72100
	Time:	0:11:57
	Energy:	0.0634 kWh
	CO2eq:	8.9859 g
	0.0836 km travelled by car
	Time:	0:11:57
	Energy:	0.0634 kWh
	CO2eq:	8.9859 g
	0.0836 km travelled by car
___ST com 30 Treads_concluida___
___ST com 32 Treads___
Execution Time: 651.62952
	Time:	0:10:52
	Energy:	0.0587 kWh
	CO2eq:	8.3218 g
	0.0774 km travelled by car
	Time:	0:10:52
	Energy:	0.0587 kWh
	CO2eq:	8.3218 g
	0.0774 km travelled by car
___ST com 32 Treads_concluida___
___ST com 34 Treads___
Execution Time: 633.65963
	Time:	0:10:34
	Energy:	0.0587 kWh
	CO2eq:	8.3179 g
	0.0774 km travelled by car
	Time:	0:10:34
	Energy:	0.0587 kWh
	CO2eq:	8.3179 g
	0.0774 km travelled by car
___ST com 34 Treads_concluida___
___ST com 36 Treads___
Execution Time: 582.44035
	Time:	0:09:43
	Energy:	0.0550 kWh
	CO2eq:	7.7957 g
	0.0725 km travelled by car
	Time:	0:09:43
	Energy:	0.0550 kWh
	CO2eq:	7.7957 g
	0.0725 km travelled by car
___ST com 36 Treads_concluida___
___ST com 38 Treads___
Execution Time: 575.60260
	Time:	0:09:36
	Energy:	0.0559 kWh
	CO2eq:	7.9238 g
	0.0737 km travelled by car
	Time:	0:09:36
	Energy:	0.0559 kWh
	CO2eq:	7.9238 g
	0.0737 km travelled by car
___ST com 38 Treads_concluida___
___ST com 40 Treads___
Execution Time: 525.58495
	Time:	0:08:46
	Energy:	0.0517 kWh
	CO2eq:	7.3267 g
	0.0682 km travelled by car
	Time:	0:08:46
	Energy:	0.0517 kWh
	CO2eq:	7.3267 g
	0.0682 km travelled by car
___ST com 40 Treads_concluida___
___ST com 42 Treads___
Execution Time: 514.64119
	Time:	0:08:35
	Energy:	0.0520 kWh
	CO2eq:	7.3695 g
	0.0686 km travelled by car
	Time:	0:08:35
	Energy:	0.0520 kWh
	CO2eq:	7.3695 g
	0.0686 km travelled by car
___ST com 42 Treads_concluida___
___ST com 44 Treads___
Execution Time: 484.15260
	Time:	0:08:04
	Energy:	0.0504 kWh
	CO2eq:	7.1425 g
	0.0664 km travelled by car
	Time:	0:08:04
	Energy:	0.0504 kWh
	CO2eq:	7.1425 g
	0.0664 km travelled by car
___ST com 44 Treads_concluida___
___ST com 46 Treads___
Execution Time: 474.64671
	Time:	0:07:55
	Energy:	0.0510 kWh
	CO2eq:	7.2256 g
	0.0672 km travelled by car
	Time:	0:07:55
	Energy:	0.0510 kWh
	CO2eq:	7.2256 g
	0.0672 km travelled by car
___ST com 46 Treads_concluida___
___ST com 48 Treads___
Execution Time: 454.73463
	Time:	0:07:35
	Energy:	0.0493 kWh
	CO2eq:	6.9897 g
	0.0650 km travelled by car
	Time:	0:07:35
	Energy:	0.0493 kWh
	CO2eq:	6.9897 g
	0.0650 km travelled by car
___ST com 48 Treads_concluida___
___Fim de ST___:

