Numero de CPUs logicos (threads): 48
Numero de núcleos fisicos: 12
Start -> PO
compilando PO...
make: Nothing to be done for 'all'.
___Executando PO___:
___PO com 2 Treads___
Execution Time: 9.94907
	Time:	0:00:10
	Energy:	0.0007 kWh
	CO2eq:	0.1041 g
	0.0010 km travelled by car
	Time:	0:00:10
	Energy:	0.0007 kWh
	CO2eq:	0.1041 g
	0.0010 km travelled by car
___PO com 2 Treads_concluida___
___PO com 4 Treads___
Execution Time: 5.04293
	Time:	0:00:05
	Energy:	0.0004 kWh
	CO2eq:	0.0563 g
	0.0005 km travelled by car
	Time:	0:00:05
	Energy:	0.0004 kWh
	CO2eq:	0.0563 g
	0.0005 km travelled by car
___PO com 4 Treads_concluida___
___PO com 6 Treads___
Execution Time: 3.47739
	Time:	0:00:03
	Energy:	0.0003 kWh
	CO2eq:	0.0417 g
	0.0004 km travelled by car
	Time:	0:00:03
	Energy:	0.0003 kWh
	CO2eq:	0.0417 g
	0.0004 km travelled by car
___PO com 6 Treads_concluida___
___PO com 8 Treads___
Execution Time: 2.68114
	Time:	0:00:03
	Energy:	0.0002 kWh
	CO2eq:	0.0339 g
	0.0003 km travelled by car
	Time:	0:00:03
	Energy:	0.0002 kWh
	CO2eq:	0.0339 g
	0.0003 km travelled by car
___PO com 8 Treads_concluida___
___PO com 10 Treads___
Execution Time: 2.30957
	Time:	0:00:02
	Energy:	0.0002 kWh
	CO2eq:	0.0304 g
	0.0003 km travelled by car
	Time:	0:00:02
	Energy:	0.0002 kWh
	CO2eq:	0.0304 g
	0.0003 km travelled by car
___PO com 10 Treads_concluida___
___PO com 12 Treads___
Execution Time: 1.89783
	Time:	0:00:02
	Energy:	0.0002 kWh
	CO2eq:	0.0262 g
	0.0002 km travelled by car
	Time:	0:00:02
	Energy:	0.0002 kWh
	CO2eq:	0.0262 g
	0.0002 km travelled by car
___PO com 12 Treads_concluida___
___PO com 14 Treads___
Execution Time: 1.56707
	Time:	0:00:02
	Energy:	0.0002 kWh
	CO2eq:	0.0225 g
	0.0002 km travelled by car
	Time:	0:00:02
	Energy:	0.0002 kWh
	CO2eq:	0.0225 g
	0.0002 km travelled by car
___PO com 14 Treads_concluida___
___PO com 16 Treads___
Execution Time: 1.31664
	Time:	0:00:01
	Energy:	0.0001 kWh
	CO2eq:	0.0187 g
	0.0002 km travelled by car
	Time:	0:00:01
	Energy:	0.0001 kWh
	CO2eq:	0.0187 g
	0.0002 km travelled by car
___PO com 16 Treads_concluida___
___PO com 18 Treads___
Execution Time: 1.12884
	Time:	0:00:01
	Energy:	0.0001 kWh
	CO2eq:	0.0162 g
	0.0002 km travelled by car
	Time:	0:00:01
	Energy:	0.0001 kWh
	CO2eq:	0.0162 g
	0.0002 km travelled by car
___PO com 18 Treads_concluida___
___PO com 20 Treads___
Execution Time: 1.00407
	Time:	0:00:01
	Energy:	0.0001 kWh
	CO2eq:	0.0144 g
	0.0001 km travelled by car
	Time:	0:00:01
	Energy:	0.0001 kWh
	CO2eq:	0.0144 g
	0.0001 km travelled by car
___PO com 20 Treads_concluida___
___PO com 22 Treads___
Execution Time: 0.94956
	Time:	0:00:01
	Energy:	0.0000 kWh
	CO2eq:	0.0000 g
	0.0000 km travelled by car
	Time:	0:00:01
	Energy:	0.0001 kWh
	CO2eq:	0.0135 g
	0.0001 km travelled by car
___PO com 22 Treads_concluida___
___PO com 24 Treads___
Execution Time: 0.87874
	Time:	0:00:01
	Energy:	0.0000 kWh
	CO2eq:	0.0000 g
	0.0000 km travelled by car
	Time:	0:00:01
	Energy:	0.0001 kWh
	CO2eq:	0.0121 g
	0.0001 km travelled by car
___PO com 24 Treads_concluida___
___PO com 26 Treads___
Execution Time: 0.82584
	Time:	0:00:01
	Energy:	0.0000 kWh
	CO2eq:	0.0000 g
	0.0000 km travelled by car
	Time:	0:00:01
	Energy:	0.0001 kWh
	CO2eq:	0.0115 g
	0.0001 km travelled by car
___PO com 26 Treads_concluida___
___PO com 28 Treads___
Execution Time: 0.76832
	Time:	0:00:01
	Energy:	0.0000 kWh
	CO2eq:	0.0000 g
	0.0000 km travelled by car
	Time:	0:00:01
	Energy:	0.0000 kWh
	CO2eq:	0.0000 g
	0.0000 km travelled by car
___PO com 28 Treads_concluida___
___PO com 30 Treads___
Execution Time: 0.73683
	Time:	0:00:01
	Energy:	0.0000 kWh
	CO2eq:	0.0000 g
	0.0000 km travelled by car
	Time:	0:00:01
	Energy:	0.0000 kWh
	CO2eq:	0.0000 g
	0.0000 km travelled by car
___PO com 30 Treads_concluida___
___PO com 32 Treads___
Execution Time: 0.67669
	Time:	0:00:01
	Energy:	0.0000 kWh
	CO2eq:	0.0000 g
	0.0000 km travelled by car
	Time:	0:00:01
	Energy:	0.0000 kWh
	CO2eq:	0.0000 g
	0.0000 km travelled by car
___PO com 32 Treads_concluida___
___PO com 34 Treads___
Execution Time: 0.64961
	Time:	0:00:01
	Energy:	0.0000 kWh
	CO2eq:	0.0000 g
	0.0000 km travelled by car
	Time:	0:00:01
	Energy:	0.0000 kWh
	CO2eq:	0.0000 g
	0.0000 km travelled by car
___PO com 34 Treads_concluida___
___PO com 36 Treads___
Execution Time: 0.60320
	Time:	0:00:01
	Energy:	0.0000 kWh
	CO2eq:	0.0000 g
	0.0000 km travelled by car
	Time:	0:00:01
	Energy:	0.0000 kWh
	CO2eq:	0.0000 g
	0.0000 km travelled by car
___PO com 36 Treads_concluida___
___PO com 38 Treads___
Execution Time: 0.57768
	Time:	0:00:01
	Energy:	0.0000 kWh
	CO2eq:	0.0000 g
	0.0000 km travelled by car
	Time:	0:00:01
	Energy:	0.0000 kWh
	CO2eq:	0.0000 g
	0.0000 km travelled by car
___PO com 38 Treads_concluida___
___PO com 40 Treads___
Execution Time: 0.55025
	Time:	0:00:01
	Energy:	0.0000 kWh
	CO2eq:	0.0000 g
	0.0000 km travelled by car
	Time:	0:00:01
	Energy:	0.0000 kWh
	CO2eq:	0.0000 g
	0.0000 km travelled by car
___PO com 40 Treads_concluida___
___PO com 42 Treads___
Execution Time: 0.52334
	Time:	0:00:01
	Energy:	0.0000 kWh
	CO2eq:	0.0000 g
	0.0000 km travelled by car
	Time:	0:00:01
	Energy:	0.0000 kWh
	CO2eq:	0.0000 g
	0.0000 km travelled by car
___PO com 42 Treads_concluida___
___PO com 44 Treads___
Execution Time: 0.52029
	Time:	0:00:01
	Energy:	0.0000 kWh
	CO2eq:	0.0000 g
	0.0000 km travelled by car
	Time:	0:00:01
	Energy:	0.0000 kWh
	CO2eq:	0.0000 g
	0.0000 km travelled by car
___PO com 44 Treads_concluida___
___PO com 46 Treads___
Execution Time: 0.59150
	Time:	0:00:01
	Energy:	0.0000 kWh
	CO2eq:	0.0000 g
	0.0000 km travelled by car
	Time:	0:00:01
	Energy:	0.0000 kWh
	CO2eq:	0.0000 g
	0.0000 km travelled by car
___PO com 46 Treads_concluida___
___PO com 48 Treads___
Execution Time: 0.47058
	Time:	0:00:00
	Energy:	0.0000 kWh
	CO2eq:	0.0000 g
	0.0000 km travelled by car
	Time:	0:00:00
	Energy:	0.0000 kWh
	CO2eq:	0.0000 g
	0.0000 km travelled by car
___PO com 48 Treads_concluida___
___Fim de PO___:

Start -> ST
compilando ST...
make: Nothing to be done for 'all'.
___Executando ST___:
___ST com 2 Treads___
Execution Time: 1227.04171
	Time:	0:20:27
	Energy:	0.0864 kWh
	CO2eq:	12.2464 g
	0.1139 km travelled by car
	Time:	0:20:27
	Energy:	0.0864 kWh
	CO2eq:	12.2464 g
	0.1139 km travelled by car
___ST com 2 Treads_concluida___
___ST com 4 Treads___
Execution Time: 1107.81330
	Time:	0:18:28
	Energy:	0.0803 kWh
	CO2eq:	11.3885 g
	0.1059 km travelled by car
	Time:	0:18:28
	Energy:	0.0803 kWh
	CO2eq:	11.3885 g
	0.1059 km travelled by car
___ST com 4 Treads_concluida___
___ST com 6 Treads___
Execution Time: 1091.01832
	Time:	0:18:11
	Energy:	0.0823 kWh
	CO2eq:	11.6690 g
	0.1085 km travelled by car
	Time:	0:18:11
	Energy:	0.0823 kWh
	CO2eq:	11.6690 g
	0.1085 km travelled by car
___ST com 6 Treads_concluida___
___ST com 8 Treads___
Execution Time: 1061.11691
	Time:	0:17:41
	Energy:	0.0819 kWh
	CO2eq:	11.6069 g
	0.1080 km travelled by car
	Time:	0:17:41
	Energy:	0.0819 kWh
	CO2eq:	11.6069 g
	0.1080 km travelled by car
___ST com 8 Treads_concluida___
___ST com 10 Treads___
Execution Time: 1033.25423
	Time:	0:17:13
	Energy:	0.0816 kWh
	CO2eq:	11.5661 g
	0.1076 km travelled by car
	Time:	0:17:13
	Energy:	0.0816 kWh
	CO2eq:	11.5661 g
	0.1076 km travelled by car
___ST com 10 Treads_concluida___
___ST com 12 Treads___
Execution Time: 1005.63521
	Time:	0:16:46
	Energy:	0.0800 kWh
	CO2eq:	11.3394 g
	0.1055 km travelled by car
	Time:	0:16:46
	Energy:	0.0800 kWh
	CO2eq:	11.3394 g
	0.1055 km travelled by car
___ST com 12 Treads_concluida___
___ST com 14 Treads___
Execution Time: 975.04001
	Time:	0:16:15
	Energy:	0.0798 kWh
	CO2eq:	11.3188 g
	0.1053 km travelled by car
	Time:	0:16:15
	Energy:	0.0798 kWh
	CO2eq:	11.3188 g
	0.1053 km travelled by car
___ST com 14 Treads_concluida___
___ST com 16 Treads___
Execution Time: 923.28385
	Time:	0:15:23
	Energy:	0.0759 kWh
	CO2eq:	10.7573 g
	0.1001 km travelled by car
	Time:	0:15:23
	Energy:	0.0759 kWh
	CO2eq:	10.7573 g
	0.1001 km travelled by car
___ST com 16 Treads_concluida___
___ST com 18 Treads___
Execution Time: 905.82759
	Time:	0:15:06
	Energy:	0.0757 kWh
	CO2eq:	10.7295 g
	0.0998 km travelled by car
	Time:	0:15:06
	Energy:	0.0757 kWh
	CO2eq:	10.7295 g
	0.0998 km travelled by car
___ST com 18 Treads_concluida___
___ST com 20 Treads___
Execution Time: 872.06205
	Time:	0:14:32
	Energy:	0.0729 kWh
	CO2eq:	10.3378 g
	0.0962 km travelled by car
	Time:	0:14:32
	Energy:	0.0729 kWh
	CO2eq:	10.3378 g
	0.0962 km travelled by car
___ST com 20 Treads_concluida___
___ST com 22 Treads___
Execution Time: 891.92316
	Time:	0:14:52
	Energy:	0.0764 kWh
	CO2eq:	10.8331 g
	0.1008 km travelled by car
	Time:	0:14:52
	Energy:	0.0764 kWh
	CO2eq:	10.8331 g
	0.1008 km travelled by car
___ST com 22 Treads_concluida___
___ST com 24 Treads___
Execution Time: 898.25953
	Time:	0:14:58
	Energy:	0.0758 kWh
	CO2eq:	10.7481 g
	0.1000 km travelled by car
	Time:	0:14:58
	Energy:	0.0758 kWh
	CO2eq:	10.7481 g
	0.1000 km travelled by car
___ST com 24 Treads_concluida___
___ST com 26 Treads___
Execution Time: 805.59788
	Time:	0:13:26
	Energy:	0.0684 kWh
	CO2eq:	9.6954 g
	0.0902 km travelled by car
	Time:	0:13:26
	Energy:	0.0684 kWh
	CO2eq:	9.6954 g
	0.0902 km travelled by car
___ST com 26 Treads_concluida___
___ST com 28 Treads___
Execution Time: 771.35250
	Time:	0:12:52
	Energy:	0.0668 kWh
	CO2eq:	9.4774 g
	0.0882 km travelled by car
	Time:	0:12:52
	Energy:	0.0668 kWh
	CO2eq:	9.4774 g
	0.0882 km travelled by car
___ST com 28 Treads_concluida___
___ST com 30 Treads___
Execution Time: 720.68972
	Time:	0:12:01
	Energy:	0.0636 kWh
	CO2eq:	9.0186 g
	0.0839 km travelled by car
	Time:	0:12:01
	Energy:	0.0636 kWh
	CO2eq:	9.0186 g
	0.0839 km travelled by car
___ST com 30 Treads_concluida___
___ST com 32 Treads___
Execution Time: 655.15434
	Time:	0:10:55
	Energy:	0.0589 kWh
	CO2eq:	8.3525 g
	0.0777 km travelled by car
	Time:	0:10:55
	Energy:	0.0589 kWh
	CO2eq:	8.3525 g
	0.0777 km travelled by car
___ST com 32 Treads_concluida___
___ST com 34 Treads___
Execution Time: 634.52311
	Time:	0:10:35
	Energy:	0.0587 kWh
	CO2eq:	8.3230 g
	0.0774 km travelled by car
	Time:	0:10:35
	Energy:	0.0587 kWh
	CO2eq:	8.3230 g
	0.0774 km travelled by car
___ST com 34 Treads_concluida___
___ST com 36 Treads___
Execution Time: 583.13404
	Time:	0:09:43
	Energy:	0.0550 kWh
	CO2eq:	7.7948 g
	0.0725 km travelled by car
	Time:	0:09:43
	Energy:	0.0550 kWh
	CO2eq:	7.7948 g
	0.0725 km travelled by car
___ST com 36 Treads_concluida___
___ST com 38 Treads___
Execution Time: 575.91919
	Time:	0:09:36
	Energy:	0.0559 kWh
	CO2eq:	7.9254 g
	0.0737 km travelled by car
	Time:	0:09:36
	Energy:	0.0559 kWh
	CO2eq:	7.9254 g
	0.0737 km travelled by car
___ST com 38 Treads_concluida___
___ST com 40 Treads___
Execution Time: 523.13387
	Time:	0:08:43
	Energy:	0.0514 kWh
	CO2eq:	7.2920 g
	0.0678 km travelled by car
	Time:	0:08:43
	Energy:	0.0514 kWh
	CO2eq:	7.2920 g
	0.0678 km travelled by car
___ST com 40 Treads_concluida___
___ST com 42 Treads___
Execution Time: 514.77498
	Time:	0:08:35
	Energy:	0.0519 kWh
	CO2eq:	7.3605 g
	0.0685 km travelled by car
	Time:	0:08:35
	Energy:	0.0519 kWh
	CO2eq:	7.3605 g
	0.0685 km travelled by car
___ST com 42 Treads_concluida___
___ST com 44 Treads___
Execution Time: 486.66656
	Time:	0:08:07
	Energy:	0.0506 kWh
	CO2eq:	7.1681 g
	0.0667 km travelled by car
	Time:	0:08:07
	Energy:	0.0506 kWh
	CO2eq:	7.1681 g
	0.0667 km travelled by car
___ST com 44 Treads_concluida___
___ST com 46 Treads___
Execution Time: 472.78879
	Time:	0:07:53
	Energy:	0.0507 kWh
	CO2eq:	7.1895 g
	0.0669 km travelled by car
	Time:	0:07:53
	Energy:	0.0507 kWh
	CO2eq:	7.1895 g
	0.0669 km travelled by car
___ST com 46 Treads_concluida___
___ST com 48 Treads___
Execution Time: 454.75960
	Time:	0:07:35
	Energy:	0.0492 kWh
	CO2eq:	6.9810 g
	0.0649 km travelled by car
	Time:	0:07:35
	Energy:	0.0492 kWh
	CO2eq:	6.9810 g
	0.0649 km travelled by car
___ST com 48 Treads_concluida___
___Fim de ST___:

