Numero de CPUs logicos (threads): 48
Numero de núcleos fisicos: 12
Start -> PO
compilando PO...
make: Nothing to be done for 'all'.
___Executando PO___:
___PO com 2 Treads___
Execution Time: 10.12468
	Time:	0:00:10
	Energy:	0.0007 kWh
	CO2eq:	0.1030 g
	0.0010 km travelled by car
	Time:	0:00:10
	Energy:	0.0007 kWh
	CO2eq:	0.1030 g
	0.0010 km travelled by car
___PO com 2 Treads_concluida___
___PO com 4 Treads___
Execution Time: 5.01158
	Time:	0:00:05
	Energy:	0.0004 kWh
	CO2eq:	0.0549 g
	0.0005 km travelled by car
	Time:	0:00:05
	Energy:	0.0004 kWh
	CO2eq:	0.0549 g
	0.0005 km travelled by car
___PO com 4 Treads_concluida___
___PO com 6 Treads___
Execution Time: 3.55955
	Time:	0:00:04
	Energy:	0.0003 kWh
	CO2eq:	0.0421 g
	0.0004 km travelled by car
	Time:	0:00:04
	Energy:	0.0003 kWh
	CO2eq:	0.0421 g
	0.0004 km travelled by car
___PO com 6 Treads_concluida___
___PO com 8 Treads___
Execution Time: 2.70322
	Time:	0:00:03
	Energy:	0.0002 kWh
	CO2eq:	0.0339 g
	0.0003 km travelled by car
	Time:	0:00:03
	Energy:	0.0002 kWh
	CO2eq:	0.0339 g
	0.0003 km travelled by car
___PO com 8 Treads_concluida___
___PO com 10 Treads___
Execution Time: 2.34137
	Time:	0:00:02
	Energy:	0.0002 kWh
	CO2eq:	0.0307 g
	0.0003 km travelled by car
	Time:	0:00:02
	Energy:	0.0002 kWh
	CO2eq:	0.0307 g
	0.0003 km travelled by car
___PO com 10 Treads_concluida___
___PO com 12 Treads___
Execution Time: 1.92490
	Time:	0:00:02
	Energy:	0.0002 kWh
	CO2eq:	0.0266 g
	0.0002 km travelled by car
	Time:	0:00:02
	Energy:	0.0002 kWh
	CO2eq:	0.0266 g
	0.0002 km travelled by car
___PO com 12 Treads_concluida___
___PO com 14 Treads___
Execution Time: 1.73169
	Time:	0:00:02
	Energy:	0.0002 kWh
	CO2eq:	0.0242 g
	0.0002 km travelled by car
	Time:	0:00:02
	Energy:	0.0002 kWh
	CO2eq:	0.0242 g
	0.0002 km travelled by car
___PO com 14 Treads_concluida___
___PO com 16 Treads___
Execution Time: 1.33128
	Time:	0:00:01
	Energy:	0.0001 kWh
	CO2eq:	0.0190 g
	0.0002 km travelled by car
	Time:	0:00:01
	Energy:	0.0001 kWh
	CO2eq:	0.0190 g
	0.0002 km travelled by car
___PO com 16 Treads_concluida___
___PO com 18 Treads___
Execution Time: 1.16504
	Time:	0:00:01
	Energy:	0.0001 kWh
	CO2eq:	0.0165 g
	0.0002 km travelled by car
	Time:	0:00:01
	Energy:	0.0001 kWh
	CO2eq:	0.0165 g
	0.0002 km travelled by car
___PO com 18 Treads_concluida___
___PO com 20 Treads___
Execution Time: 1.06040
	Time:	0:00:01
	Energy:	0.0001 kWh
	CO2eq:	0.0151 g
	0.0001 km travelled by car
	Time:	0:00:01
	Energy:	0.0001 kWh
	CO2eq:	0.0151 g
	0.0001 km travelled by car
___PO com 20 Treads_concluida___
___PO com 22 Treads___
Execution Time: 0.92172
	Time:	0:00:01
	Energy:	0.0000 kWh
	CO2eq:	0.0000 g
	0.0000 km travelled by car
	Time:	0:00:01
	Energy:	0.0001 kWh
	CO2eq:	0.0127 g
	0.0001 km travelled by car
___PO com 22 Treads_concluida___
___PO com 24 Treads___
Execution Time: 0.88006
	Time:	0:00:01
	Energy:	0.0000 kWh
	CO2eq:	0.0000 g
	0.0000 km travelled by car
	Time:	0:00:01
	Energy:	0.0001 kWh
	CO2eq:	0.0120 g
	0.0001 km travelled by car
___PO com 24 Treads_concluida___
___PO com 26 Treads___
Execution Time: 0.82592
	Time:	0:00:01
	Energy:	0.0000 kWh
	CO2eq:	0.0000 g
	0.0000 km travelled by car
	Time:	0:00:01
	Energy:	0.0001 kWh
	CO2eq:	0.0115 g
	0.0001 km travelled by car
___PO com 26 Treads_concluida___
___PO com 28 Treads___
Execution Time: 0.77596
	Time:	0:00:01
	Energy:	0.0000 kWh
	CO2eq:	0.0000 g
	0.0000 km travelled by car
	Time:	0:00:01
	Energy:	0.0000 kWh
	CO2eq:	0.0000 g
	0.0000 km travelled by car
___PO com 28 Treads_concluida___
___PO com 30 Treads___
Execution Time: 0.72395
	Time:	0:00:01
	Energy:	0.0000 kWh
	CO2eq:	0.0000 g
	0.0000 km travelled by car
	Time:	0:00:01
	Energy:	0.0000 kWh
	CO2eq:	0.0000 g
	0.0000 km travelled by car
___PO com 30 Treads_concluida___
___PO com 32 Treads___
Execution Time: 0.67330
	Time:	0:00:01
	Energy:	0.0000 kWh
	CO2eq:	0.0000 g
	0.0000 km travelled by car
	Time:	0:00:01
	Energy:	0.0000 kWh
	CO2eq:	0.0000 g
	0.0000 km travelled by car
___PO com 32 Treads_concluida___
___PO com 34 Treads___
Execution Time: 0.63320
	Time:	0:00:01
	Energy:	0.0000 kWh
	CO2eq:	0.0000 g
	0.0000 km travelled by car
	Time:	0:00:01
	Energy:	0.0000 kWh
	CO2eq:	0.0000 g
	0.0000 km travelled by car
___PO com 34 Treads_concluida___
___PO com 36 Treads___
Execution Time: 0.61973
	Time:	0:00:01
	Energy:	0.0000 kWh
	CO2eq:	0.0000 g
	0.0000 km travelled by car
	Time:	0:00:01
	Energy:	0.0000 kWh
	CO2eq:	0.0000 g
	0.0000 km travelled by car
___PO com 36 Treads_concluida___
___PO com 38 Treads___
Execution Time: 0.59631
	Time:	0:00:01
	Energy:	0.0000 kWh
	CO2eq:	0.0000 g
	0.0000 km travelled by car
	Time:	0:00:01
	Energy:	0.0000 kWh
	CO2eq:	0.0000 g
	0.0000 km travelled by car
___PO com 38 Treads_concluida___
___PO com 40 Treads___
Execution Time: 0.55167
	Time:	0:00:01
	Energy:	0.0000 kWh
	CO2eq:	0.0000 g
	0.0000 km travelled by car
	Time:	0:00:01
	Energy:	0.0000 kWh
	CO2eq:	0.0000 g
	0.0000 km travelled by car
___PO com 40 Treads_concluida___
___PO com 42 Treads___
Execution Time: 0.52118
	Time:	0:00:01
	Energy:	0.0000 kWh
	CO2eq:	0.0000 g
	0.0000 km travelled by car
	Time:	0:00:01
	Energy:	0.0000 kWh
	CO2eq:	0.0000 g
	0.0000 km travelled by car
___PO com 42 Treads_concluida___
___PO com 44 Treads___
Execution Time: 0.50550
	Time:	0:00:01
	Energy:	0.0000 kWh
	CO2eq:	0.0000 g
	0.0000 km travelled by car
	Time:	0:00:01
	Energy:	0.0000 kWh
	CO2eq:	0.0000 g
	0.0000 km travelled by car
___PO com 44 Treads_concluida___
___PO com 46 Treads___
Execution Time: 0.50185
	Time:	0:00:01
	Energy:	0.0000 kWh
	CO2eq:	0.0000 g
	0.0000 km travelled by car
	Time:	0:00:01
	Energy:	0.0000 kWh
	CO2eq:	0.0000 g
	0.0000 km travelled by car
___PO com 46 Treads_concluida___
___PO com 48 Treads___
Execution Time: 0.47712
	Time:	0:00:00
	Energy:	0.0000 kWh
	CO2eq:	0.0000 g
	0.0000 km travelled by car
	Time:	0:00:00
	Energy:	0.0000 kWh
	CO2eq:	0.0000 g
	0.0000 km travelled by car
___PO com 48 Treads_concluida___
___Fim de PO___:

Start -> ST
compilando ST...
gcc  stream.c -o stream -fopenmp -O3 -lm
___Executando ST___:
___ST com 2 Treads___
Execution Time: 1230.43315
	Time:	0:20:31
	Energy:	0.0869 kWh
	CO2eq:	12.3247 g
	0.1146 km travelled by car
	Time:	0:20:31
	Energy:	0.0869 kWh
	CO2eq:	12.3247 g
	0.1146 km travelled by car
___ST com 2 Treads_concluida___
___ST com 4 Treads___
Execution Time: 1111.05559
	Time:	0:18:31
	Energy:	0.0818 kWh
	CO2eq:	11.5976 g
	0.1079 km travelled by car
	Time:	0:18:31
	Energy:	0.0818 kWh
	CO2eq:	11.5976 g
	0.1079 km travelled by car
___ST com 4 Treads_concluida___
___ST com 6 Treads___
Execution Time: 1092.87182
	Time:	0:18:13
	Energy:	0.0829 kWh
	CO2eq:	11.7490 g
	0.1093 km travelled by car
	Time:	0:18:13
	Energy:	0.0829 kWh
	CO2eq:	11.7490 g
	0.1093 km travelled by car
___ST com 6 Treads_concluida___
___ST com 8 Treads___
Execution Time: 1063.39292
	Time:	0:17:44
	Energy:	0.0828 kWh
	CO2eq:	11.7402 g
	0.1092 km travelled by car
	Time:	0:17:44
	Energy:	0.0828 kWh
	CO2eq:	11.7402 g
	0.1092 km travelled by car
___ST com 8 Treads_concluida___
___ST com 10 Treads___
Execution Time: 1031.96860
	Time:	0:17:12
	Energy:	0.0815 kWh
	CO2eq:	11.5602 g
	0.1075 km travelled by car
	Time:	0:17:12
	Energy:	0.0815 kWh
	CO2eq:	11.5602 g
	0.1075 km travelled by car
___ST com 10 Treads_concluida___
___ST com 12 Treads___
Execution Time: 1007.76602
	Time:	0:16:48
	Energy:	0.0811 kWh
	CO2eq:	11.4931 g
	0.1069 km travelled by car
	Time:	0:16:48
	Energy:	0.0811 kWh
	CO2eq:	11.4931 g
	0.1069 km travelled by car
___ST com 12 Treads_concluida___
___ST com 14 Treads___
Execution Time: 975.71373
	Time:	0:16:16
	Energy:	0.0796 kWh
	CO2eq:	11.2915 g
	0.1050 km travelled by car
	Time:	0:16:16
	Energy:	0.0796 kWh
	CO2eq:	11.2915 g
	0.1050 km travelled by car
___ST com 14 Treads_concluida___
___ST com 16 Treads___
Execution Time: 925.37712
	Time:	0:15:26
	Energy:	0.0762 kWh
	CO2eq:	10.7980 g
	0.1004 km travelled by car
	Time:	0:15:26
	Energy:	0.0762 kWh
	CO2eq:	10.7980 g
	0.1004 km travelled by car
___ST com 16 Treads_concluida___
___ST com 18 Treads___
Execution Time: 906.33546
	Time:	0:15:07
	Energy:	0.0759 kWh
	CO2eq:	10.7676 g
	0.1002 km travelled by car
	Time:	0:15:07
	Energy:	0.0759 kWh
	CO2eq:	10.7676 g
	0.1002 km travelled by car
___ST com 18 Treads_concluida___
___ST com 20 Treads___
Execution Time: 870.99508
	Time:	0:14:31
	Energy:	0.0729 kWh
	CO2eq:	10.3424 g
	0.0962 km travelled by car
	Time:	0:14:31
	Energy:	0.0729 kWh
	CO2eq:	10.3424 g
	0.0962 km travelled by car
___ST com 20 Treads_concluida___
___ST com 22 Treads___
Execution Time: 894.36971
	Time:	0:14:55
	Energy:	0.0766 kWh
	CO2eq:	10.8542 g
	0.1010 km travelled by car
	Time:	0:14:55
	Energy:	0.0766 kWh
	CO2eq:	10.8542 g
	0.1010 km travelled by car
___ST com 22 Treads_concluida___
___ST com 24 Treads___
Execution Time: 897.53794
	Time:	0:14:58
	Energy:	0.0760 kWh
	CO2eq:	10.7699 g
	0.1002 km travelled by car
	Time:	0:14:58
	Energy:	0.0760 kWh
	CO2eq:	10.7699 g
	0.1002 km travelled by car
___ST com 24 Treads_concluida___
___ST com 26 Treads___
Execution Time: 810.72618
	Time:	0:13:31
	Energy:	0.0689 kWh
	CO2eq:	9.7635 g
	0.0908 km travelled by car
	Time:	0:13:31
	Energy:	0.0689 kWh
	CO2eq:	9.7635 g
	0.0908 km travelled by car
___ST com 26 Treads_concluida___
___ST com 28 Treads___
Execution Time: 770.01578
	Time:	0:12:50
	Energy:	0.0670 kWh
	CO2eq:	9.4940 g
	0.0883 km travelled by car
	Time:	0:12:50
	Energy:	0.0670 kWh
	CO2eq:	9.4940 g
	0.0883 km travelled by car
___ST com 28 Treads_concluida___
___ST com 30 Treads___
Execution Time: 717.42140
	Time:	0:11:58
	Energy:	0.0636 kWh
	CO2eq:	9.0196 g
	0.0839 km travelled by car
	Time:	0:11:58
	Energy:	0.0636 kWh
	CO2eq:	9.0196 g
	0.0839 km travelled by car
___ST com 30 Treads_concluida___
___ST com 32 Treads___
Execution Time: 652.18730
	Time:	0:10:52
	Energy:	0.0587 kWh
	CO2eq:	8.3250 g
	0.0774 km travelled by car
	Time:	0:10:52
	Energy:	0.0587 kWh
	CO2eq:	8.3250 g
	0.0774 km travelled by car
___ST com 32 Treads_concluida___
___ST com 34 Treads___
Execution Time: 634.40337
	Time:	0:10:35
	Energy:	0.0588 kWh
	CO2eq:	8.3294 g
	0.0775 km travelled by car
	Time:	0:10:35
	Energy:	0.0588 kWh
	CO2eq:	8.3294 g
	0.0775 km travelled by car
___ST com 34 Treads_concluida___
___ST com 36 Treads___
Execution Time: 580.93171
	Time:	0:09:41
	Energy:	0.0549 kWh
	CO2eq:	7.7866 g
	0.0724 km travelled by car
	Time:	0:09:41
	Energy:	0.0549 kWh
	CO2eq:	7.7866 g
	0.0724 km travelled by car
___ST com 36 Treads_concluida___
___ST com 38 Treads___
Execution Time: 577.02575
	Time:	0:09:37
	Energy:	0.0560 kWh
	CO2eq:	7.9419 g
	0.0739 km travelled by car
	Time:	0:09:37
	Energy:	0.0560 kWh
	CO2eq:	7.9419 g
	0.0739 km travelled by car
___ST com 38 Treads_concluida___
___ST com 40 Treads___
Execution Time: 523.06592
	Time:	0:08:43
	Energy:	0.0515 kWh
	CO2eq:	7.3006 g
	0.0679 km travelled by car
	Time:	0:08:43
	Energy:	0.0515 kWh
	CO2eq:	7.3006 g
	0.0679 km travelled by car
___ST com 40 Treads_concluida___
___ST com 42 Treads___
Execution Time: 514.56186
	Time:	0:08:35
	Energy:	0.0519 kWh
	CO2eq:	7.3622 g
	0.0685 km travelled by car
	Time:	0:08:35
	Energy:	0.0519 kWh
	CO2eq:	7.3622 g
	0.0685 km travelled by car
___ST com 42 Treads_concluida___
___ST com 44 Treads___
Execution Time: 489.07761
	Time:	0:08:09
	Energy:	0.0509 kWh
	CO2eq:	7.2103 g
	0.0671 km travelled by car
	Time:	0:08:09
	Energy:	0.0509 kWh
	CO2eq:	7.2103 g
	0.0671 km travelled by car
___ST com 44 Treads_concluida___
___ST com 46 Treads___
Execution Time: 473.44827
	Time:	0:07:54
	Energy:	0.0510 kWh
	CO2eq:	7.2264 g
	0.0672 km travelled by car
	Time:	0:07:54
	Energy:	0.0510 kWh
	CO2eq:	7.2264 g
	0.0672 km travelled by car
___ST com 46 Treads_concluida___
___ST com 48 Treads___
Execution Time: 455.70447
	Time:	0:07:36
	Energy:	0.0495 kWh
	CO2eq:	7.0233 g
	0.0653 km travelled by car
	Time:	0:07:36
	Energy:	0.0495 kWh
	CO2eq:	7.0233 g
	0.0653 km travelled by car
___ST com 48 Treads_concluida___
___Fim de ST___:

