Numero de CPUs logicos (threads): 48
Numero de núcleos fisicos: 12
Start -> PO
compilando PO...
make: Nothing to be done for 'all'.
___Executando PO___:
___PO com 2 Treads___
Execution Time: 10.24039
	Time:	0:00:10
	Energy:	0.0007 kWh
	CO2eq:	0.1062 g
	0.0010 km travelled by car
	Time:	0:00:10
	Energy:	0.0007 kWh
	CO2eq:	0.1062 g
	0.0010 km travelled by car
___PO com 2 Treads_concluida___
___PO com 4 Treads___
Execution Time: 5.03040
	Time:	0:00:05
	Energy:	0.0004 kWh
	CO2eq:	0.0562 g
	0.0005 km travelled by car
	Time:	0:00:05
	Energy:	0.0004 kWh
	CO2eq:	0.0562 g
	0.0005 km travelled by car
___PO com 4 Treads_concluida___
___PO com 6 Treads___
Execution Time: 3.48983
	Time:	0:00:03
	Energy:	0.0003 kWh
	CO2eq:	0.0418 g
	0.0004 km travelled by car
	Time:	0:00:03
	Energy:	0.0003 kWh
	CO2eq:	0.0418 g
	0.0004 km travelled by car
___PO com 6 Treads_concluida___
___PO com 8 Treads___
Execution Time: 2.70530
	Time:	0:00:03
	Energy:	0.0002 kWh
	CO2eq:	0.0344 g
	0.0003 km travelled by car
	Time:	0:00:03
	Energy:	0.0002 kWh
	CO2eq:	0.0344 g
	0.0003 km travelled by car
___PO com 8 Treads_concluida___
___PO com 10 Treads___
Execution Time: 2.34428
	Time:	0:00:02
	Energy:	0.0002 kWh
	CO2eq:	0.0309 g
	0.0003 km travelled by car
	Time:	0:00:02
	Energy:	0.0002 kWh
	CO2eq:	0.0309 g
	0.0003 km travelled by car
___PO com 10 Treads_concluida___
___PO com 12 Treads___
Execution Time: 1.89639
	Time:	0:00:02
	Energy:	0.0002 kWh
	CO2eq:	0.0265 g
	0.0002 km travelled by car
	Time:	0:00:02
	Energy:	0.0002 kWh
	CO2eq:	0.0265 g
	0.0002 km travelled by car
___PO com 12 Treads_concluida___
___PO com 14 Treads___
Execution Time: 1.63844
	Time:	0:00:02
	Energy:	0.0002 kWh
	CO2eq:	0.0238 g
	0.0002 km travelled by car
	Time:	0:00:02
	Energy:	0.0002 kWh
	CO2eq:	0.0238 g
	0.0002 km travelled by car
___PO com 14 Treads_concluida___
___PO com 16 Treads___
Execution Time: 1.33213
	Time:	0:00:01
	Energy:	0.0001 kWh
	CO2eq:	0.0192 g
	0.0002 km travelled by car
	Time:	0:00:01
	Energy:	0.0001 kWh
	CO2eq:	0.0192 g
	0.0002 km travelled by car
___PO com 16 Treads_concluida___
___PO com 18 Treads___
Execution Time: 1.09006
	Time:	0:00:01
	Energy:	0.0001 kWh
	CO2eq:	0.0159 g
	0.0001 km travelled by car
	Time:	0:00:01
	Energy:	0.0001 kWh
	CO2eq:	0.0159 g
	0.0001 km travelled by car
___PO com 18 Treads_concluida___
___PO com 20 Treads___
Execution Time: 1.04064
	Time:	0:00:01
	Energy:	0.0001 kWh
	CO2eq:	0.0152 g
	0.0001 km travelled by car
	Time:	0:00:01
	Energy:	0.0001 kWh
	CO2eq:	0.0152 g
	0.0001 km travelled by car
___PO com 20 Treads_concluida___
___PO com 22 Treads___
Execution Time: 0.94907
	Time:	0:00:01
	Energy:	0.0000 kWh
	CO2eq:	0.0000 g
	0.0000 km travelled by car
	Time:	0:00:01
	Energy:	0.0001 kWh
	CO2eq:	0.0140 g
	0.0001 km travelled by car
___PO com 22 Treads_concluida___
___PO com 24 Treads___
Execution Time: 0.87516
	Time:	0:00:01
	Energy:	0.0000 kWh
	CO2eq:	0.0000 g
	0.0000 km travelled by car
	Time:	0:00:01
	Energy:	0.0001 kWh
	CO2eq:	0.0123 g
	0.0001 km travelled by car
___PO com 24 Treads_concluida___
___PO com 26 Treads___
Execution Time: 0.80790
	Time:	0:00:01
	Energy:	0.0000 kWh
	CO2eq:	0.0000 g
	0.0000 km travelled by car
	Time:	0:00:01
	Energy:	0.0000 kWh
	CO2eq:	0.0000 g
	0.0000 km travelled by car
___PO com 26 Treads_concluida___
___PO com 28 Treads___
Execution Time: 0.75086
	Time:	0:00:01
	Energy:	0.0000 kWh
	CO2eq:	0.0000 g
	0.0000 km travelled by car
	Time:	0:00:01
	Energy:	0.0000 kWh
	CO2eq:	0.0000 g
	0.0000 km travelled by car
___PO com 28 Treads_concluida___
___PO com 30 Treads___
Execution Time: 0.72308
	Time:	0:00:01
	Energy:	0.0000 kWh
	CO2eq:	0.0000 g
	0.0000 km travelled by car
	Time:	0:00:01
	Energy:	0.0000 kWh
	CO2eq:	0.0000 g
	0.0000 km travelled by car
___PO com 30 Treads_concluida___
___PO com 32 Treads___
Execution Time: 0.67389
	Time:	0:00:01
	Energy:	0.0000 kWh
	CO2eq:	0.0000 g
	0.0000 km travelled by car
	Time:	0:00:01
	Energy:	0.0000 kWh
	CO2eq:	0.0000 g
	0.0000 km travelled by car
___PO com 32 Treads_concluida___
___PO com 34 Treads___
Execution Time: 0.64389
	Time:	0:00:01
	Energy:	0.0000 kWh
	CO2eq:	0.0000 g
	0.0000 km travelled by car
	Time:	0:00:01
	Energy:	0.0000 kWh
	CO2eq:	0.0000 g
	0.0000 km travelled by car
___PO com 34 Treads_concluida___
___PO com 36 Treads___
Execution Time: 0.59760
	Time:	0:00:01
	Energy:	0.0000 kWh
	CO2eq:	0.0000 g
	0.0000 km travelled by car
	Time:	0:00:01
	Energy:	0.0000 kWh
	CO2eq:	0.0000 g
	0.0000 km travelled by car
___PO com 36 Treads_concluida___
___PO com 38 Treads___
Execution Time: 0.57124
	Time:	0:00:01
	Energy:	0.0000 kWh
	CO2eq:	0.0000 g
	0.0000 km travelled by car
	Time:	0:00:01
	Energy:	0.0000 kWh
	CO2eq:	0.0000 g
	0.0000 km travelled by car
___PO com 38 Treads_concluida___
___PO com 40 Treads___
Execution Time: 0.57219
	Time:	0:00:01
	Energy:	0.0000 kWh
	CO2eq:	0.0000 g
	0.0000 km travelled by car
	Time:	0:00:01
	Energy:	0.0000 kWh
	CO2eq:	0.0000 g
	0.0000 km travelled by car
___PO com 40 Treads_concluida___
___PO com 42 Treads___
Execution Time: 0.52560
	Time:	0:00:01
	Energy:	0.0000 kWh
	CO2eq:	0.0000 g
	0.0000 km travelled by car
	Time:	0:00:01
	Energy:	0.0000 kWh
	CO2eq:	0.0000 g
	0.0000 km travelled by car
___PO com 42 Treads_concluida___
___PO com 44 Treads___
Execution Time: 0.49886
	Time:	0:00:01
	Energy:	0.0000 kWh
	CO2eq:	0.0000 g
	0.0000 km travelled by car
	Time:	0:00:01
	Energy:	0.0000 kWh
	CO2eq:	0.0000 g
	0.0000 km travelled by car
___PO com 44 Treads_concluida___
___PO com 46 Treads___
Execution Time: 0.49682
	Time:	0:00:01
	Energy:	0.0000 kWh
	CO2eq:	0.0000 g
	0.0000 km travelled by car
	Time:	0:00:01
	Energy:	0.0000 kWh
	CO2eq:	0.0000 g
	0.0000 km travelled by car
___PO com 46 Treads_concluida___
___PO com 48 Treads___
Execution Time: 0.48430
	Time:	0:00:00
	Energy:	0.0000 kWh
	CO2eq:	0.0000 g
	0.0000 km travelled by car
	Time:	0:00:00
	Energy:	0.0000 kWh
	CO2eq:	0.0000 g
	0.0000 km travelled by car
___PO com 48 Treads_concluida___
___Fim de PO___:

Start -> ST
compilando ST...
make: Nothing to be done for 'all'.
___Executando ST___:
___ST com 2 Treads___
Execution Time: 1231.33189
	Time:	0:20:32
	Energy:	0.0868 kWh
	CO2eq:	12.3004 g
	0.1144 km travelled by car
	Time:	0:20:32
	Energy:	0.0868 kWh
	CO2eq:	12.3004 g
	0.1144 km travelled by car
___ST com 2 Treads_concluida___
___ST com 4 Treads___
Execution Time: 1108.38309
	Time:	0:18:29
	Energy:	0.0812 kWh
	CO2eq:	11.5099 g
	0.1071 km travelled by car
	Time:	0:18:29
	Energy:	0.0812 kWh
	CO2eq:	11.5099 g
	0.1071 km travelled by car
___ST com 4 Treads_concluida___
___ST com 6 Treads___
Execution Time: 1091.20096
	Time:	0:18:11
	Energy:	0.0825 kWh
	CO2eq:	11.7031 g
	0.1089 km travelled by car
	Time:	0:18:11
	Energy:	0.0825 kWh
	CO2eq:	11.7031 g
	0.1089 km travelled by car
___ST com 6 Treads_concluida___
___ST com 8 Treads___
Execution Time: 1064.31164
	Time:	0:17:44
	Energy:	0.0822 kWh
	CO2eq:	11.6498 g
	0.1084 km travelled by car
	Time:	0:17:44
	Energy:	0.0822 kWh
	CO2eq:	11.6498 g
	0.1084 km travelled by car
___ST com 8 Treads_concluida___
___ST com 10 Treads___
Execution Time: 1032.90882
	Time:	0:17:13
	Energy:	0.0806 kWh
	CO2eq:	11.4272 g
	0.1063 km travelled by car
	Time:	0:17:13
	Energy:	0.0806 kWh
	CO2eq:	11.4272 g
	0.1063 km travelled by car
___ST com 10 Treads_concluida___
___ST com 12 Treads___
Execution Time: 1007.20165
	Time:	0:16:47
	Energy:	0.0808 kWh
	CO2eq:	11.4527 g
	0.1065 km travelled by car
	Time:	0:16:47
	Energy:	0.0808 kWh
	CO2eq:	11.4527 g
	0.1065 km travelled by car
___ST com 12 Treads_concluida___
___ST com 14 Treads___
Execution Time: 978.78530
	Time:	0:16:19
	Energy:	0.0801 kWh
	CO2eq:	11.3516 g
	0.1056 km travelled by car
	Time:	0:16:19
	Energy:	0.0801 kWh
	CO2eq:	11.3516 g
	0.1056 km travelled by car
___ST com 14 Treads_concluida___
___ST com 16 Treads___
Execution Time: 923.52001
	Time:	0:15:24
	Energy:	0.0762 kWh
	CO2eq:	10.8038 g
	0.1005 km travelled by car
	Time:	0:15:24
	Energy:	0.0762 kWh
	CO2eq:	10.8038 g
	0.1005 km travelled by car
___ST com 16 Treads_concluida___
___ST com 18 Treads___
Execution Time: 903.66434
	Time:	0:15:04
	Energy:	0.0758 kWh
	CO2eq:	10.7433 g
	0.0999 km travelled by car
	Time:	0:15:04
	Energy:	0.0758 kWh
	CO2eq:	10.7433 g
	0.0999 km travelled by car
___ST com 18 Treads_concluida___
___ST com 20 Treads___
Execution Time: 873.70133
	Time:	0:14:34
	Energy:	0.0724 kWh
	CO2eq:	10.2624 g
	0.0955 km travelled by car
	Time:	0:14:34
	Energy:	0.0724 kWh
	CO2eq:	10.2624 g
	0.0955 km travelled by car
___ST com 20 Treads_concluida___
___ST com 22 Treads___
Execution Time: 892.78935
	Time:	0:14:53
	Energy:	0.0762 kWh
	CO2eq:	10.8102 g
	0.1006 km travelled by car
	Time:	0:14:53
	Energy:	0.0762 kWh
	CO2eq:	10.8102 g
	0.1006 km travelled by car
___ST com 22 Treads_concluida___
___ST com 24 Treads___
Execution Time: 896.55309
	Time:	0:14:57
	Energy:	0.0756 kWh
	CO2eq:	10.7148 g
	0.0997 km travelled by car
	Time:	0:14:57
	Energy:	0.0756 kWh
	CO2eq:	10.7148 g
	0.0997 km travelled by car
___ST com 24 Treads_concluida___
___ST com 26 Treads___
Execution Time: 808.93036
	Time:	0:13:29
	Energy:	0.0686 kWh
	CO2eq:	9.7246 g
	0.0905 km travelled by car
	Time:	0:13:29
	Energy:	0.0686 kWh
	CO2eq:	9.7246 g
	0.0905 km travelled by car
___ST com 26 Treads_concluida___
___ST com 28 Treads___
Execution Time: 773.05838
	Time:	0:12:53
	Energy:	0.0669 kWh
	CO2eq:	9.4878 g
	0.0883 km travelled by car
	Time:	0:12:53
	Energy:	0.0669 kWh
	CO2eq:	9.4878 g
	0.0883 km travelled by car
___ST com 28 Treads_concluida___
___ST com 30 Treads___
Execution Time: 720.86731
	Time:	0:12:01
	Energy:	0.0637 kWh
	CO2eq:	9.0240 g
	0.0839 km travelled by car
	Time:	0:12:01
	Energy:	0.0637 kWh
	CO2eq:	9.0240 g
	0.0839 km travelled by car
___ST com 30 Treads_concluida___
___ST com 32 Treads___
Execution Time: 656.20627
	Time:	0:10:56
	Energy:	0.0589 kWh
	CO2eq:	8.3551 g
	0.0777 km travelled by car
	Time:	0:10:56
	Energy:	0.0589 kWh
	CO2eq:	8.3551 g
	0.0777 km travelled by car
___ST com 32 Treads_concluida___
___ST com 34 Treads___
Execution Time: 633.50974
	Time:	0:10:34
	Energy:	0.0585 kWh
	CO2eq:	8.2958 g
	0.0772 km travelled by car
	Time:	0:10:34
	Energy:	0.0585 kWh
	CO2eq:	8.2958 g
	0.0772 km travelled by car
___ST com 34 Treads_concluida___
___ST com 36 Treads___
Execution Time: 579.24708
	Time:	0:09:39
	Energy:	0.0547 kWh
	CO2eq:	7.7554 g
	0.0721 km travelled by car
	Time:	0:09:39
	Energy:	0.0547 kWh
	CO2eq:	7.7554 g
	0.0721 km travelled by car
___ST com 36 Treads_concluida___
___ST com 38 Treads___
Execution Time: 574.92437
	Time:	0:09:35
	Energy:	0.0557 kWh
	CO2eq:	7.9021 g
	0.0735 km travelled by car
	Time:	0:09:35
	Energy:	0.0557 kWh
	CO2eq:	7.9021 g
	0.0735 km travelled by car
___ST com 38 Treads_concluida___
___ST com 40 Treads___
Execution Time: 523.72749
	Time:	0:08:44
	Energy:	0.0515 kWh
	CO2eq:	7.3000 g
	0.0679 km travelled by car
	Time:	0:08:44
	Energy:	0.0515 kWh
	CO2eq:	7.3000 g
	0.0679 km travelled by car
___ST com 40 Treads_concluida___
___ST com 42 Treads___
Execution Time: 513.36174
	Time:	0:08:34
	Energy:	0.0518 kWh
	CO2eq:	7.3464 g
	0.0683 km travelled by car
	Time:	0:08:34
	Energy:	0.0518 kWh
	CO2eq:	7.3464 g
	0.0683 km travelled by car
___ST com 42 Treads_concluida___
___ST com 44 Treads___
Execution Time: 485.12123
	Time:	0:08:05
	Energy:	0.0504 kWh
	CO2eq:	7.1412 g
	0.0664 km travelled by car
	Time:	0:08:05
	Energy:	0.0504 kWh
	CO2eq:	7.1412 g
	0.0664 km travelled by car
___ST com 44 Treads_concluida___
___ST com 46 Treads___
Execution Time: 473.18332
	Time:	0:07:53
	Energy:	0.0496 kWh
	CO2eq:	7.0323 g
	0.0654 km travelled by car
	Time:	0:07:53
	Energy:	0.0496 kWh
	CO2eq:	7.0323 g
	0.0654 km travelled by car
___ST com 46 Treads_concluida___
___ST com 48 Treads___
Execution Time: 455.33348
	Time:	0:07:36
	Energy:	0.0493 kWh
	CO2eq:	6.9901 g
	0.0650 km travelled by car
	Time:	0:07:36
	Energy:	0.0493 kWh
	CO2eq:	6.9901 g
	0.0650 km travelled by car
___ST com 48 Treads_concluida___
___Fim de ST___:

