Numero de CPUs logicos (threads): 48
Numero de núcleos fisicos: 12
Start -> PO
compilando PO...
make: Nothing to be done for 'all'.
___Executando PO___:
___PO com 2 Treads___
Execution Time: 10.06169
	Time:	0:00:10
	Energy:	0.0007 kWh
	CO2eq:	0.1047 g
	0.0010 km travelled by car
	Time:	0:00:10
	Energy:	0.0007 kWh
	CO2eq:	0.1047 g
	0.0010 km travelled by car
___PO com 2 Treads_concluida___
___PO com 4 Treads___
Execution Time: 5.07099
	Time:	0:00:05
	Energy:	0.0004 kWh
	CO2eq:	0.0565 g
	0.0005 km travelled by car
	Time:	0:00:05
	Energy:	0.0004 kWh
	CO2eq:	0.0565 g
	0.0005 km travelled by car
___PO com 4 Treads_concluida___
___PO com 6 Treads___
Execution Time: 3.48099
	Time:	0:00:04
	Energy:	0.0003 kWh
	CO2eq:	0.0420 g
	0.0004 km travelled by car
	Time:	0:00:04
	Energy:	0.0003 kWh
	CO2eq:	0.0420 g
	0.0004 km travelled by car
___PO com 6 Treads_concluida___
___PO com 8 Treads___
Execution Time: 2.70565
	Time:	0:00:03
	Energy:	0.0002 kWh
	CO2eq:	0.0344 g
	0.0003 km travelled by car
	Time:	0:00:03
	Energy:	0.0002 kWh
	CO2eq:	0.0344 g
	0.0003 km travelled by car
___PO com 8 Treads_concluida___
___PO com 10 Treads___
Execution Time: 2.31661
	Time:	0:00:02
	Energy:	0.0002 kWh
	CO2eq:	0.0305 g
	0.0003 km travelled by car
	Time:	0:00:02
	Energy:	0.0002 kWh
	CO2eq:	0.0305 g
	0.0003 km travelled by car
___PO com 10 Treads_concluida___
___PO com 12 Treads___
Execution Time: 1.90528
	Time:	0:00:02
	Energy:	0.0002 kWh
	CO2eq:	0.0263 g
	0.0002 km travelled by car
	Time:	0:00:02
	Energy:	0.0002 kWh
	CO2eq:	0.0263 g
	0.0002 km travelled by car
___PO com 12 Treads_concluida___
___PO com 14 Treads___
Execution Time: 1.54962
	Time:	0:00:02
	Energy:	0.0002 kWh
	CO2eq:	0.0223 g
	0.0002 km travelled by car
	Time:	0:00:02
	Energy:	0.0002 kWh
	CO2eq:	0.0223 g
	0.0002 km travelled by car
___PO com 14 Treads_concluida___
___PO com 16 Treads___
Execution Time: 1.33600
	Time:	0:00:01
	Energy:	0.0001 kWh
	CO2eq:	0.0191 g
	0.0002 km travelled by car
	Time:	0:00:01
	Energy:	0.0001 kWh
	CO2eq:	0.0191 g
	0.0002 km travelled by car
___PO com 16 Treads_concluida___
___PO com 18 Treads___
Execution Time: 1.09050
	Time:	0:00:01
	Energy:	0.0001 kWh
	CO2eq:	0.0156 g
	0.0001 km travelled by car
	Time:	0:00:01
	Energy:	0.0001 kWh
	CO2eq:	0.0156 g
	0.0001 km travelled by car
___PO com 18 Treads_concluida___
___PO com 20 Treads___
Execution Time: 1.01811
	Time:	0:00:01
	Energy:	0.0001 kWh
	CO2eq:	0.0146 g
	0.0001 km travelled by car
	Time:	0:00:01
	Energy:	0.0001 kWh
	CO2eq:	0.0146 g
	0.0001 km travelled by car
___PO com 20 Treads_concluida___
___PO com 22 Treads___
Execution Time: 0.96194
	Time:	0:00:01
	Energy:	0.0000 kWh
	CO2eq:	0.0000 g
	0.0000 km travelled by car
	Time:	0:00:01
	Energy:	0.0001 kWh
	CO2eq:	0.0138 g
	0.0001 km travelled by car
___PO com 22 Treads_concluida___
___PO com 24 Treads___
Execution Time: 0.86358
	Time:	0:00:01
	Energy:	0.0000 kWh
	CO2eq:	0.0000 g
	0.0000 km travelled by car
	Time:	0:00:01
	Energy:	0.0001 kWh
	CO2eq:	0.0117 g
	0.0001 km travelled by car
___PO com 24 Treads_concluida___
___PO com 26 Treads___
Execution Time: 0.82464
	Time:	0:00:01
	Energy:	0.0000 kWh
	CO2eq:	0.0000 g
	0.0000 km travelled by car
	Time:	0:00:01
	Energy:	0.0001 kWh
	CO2eq:	0.0115 g
	0.0001 km travelled by car
___PO com 26 Treads_concluida___
___PO com 28 Treads___
Execution Time: 0.77783
	Time:	0:00:01
	Energy:	0.0000 kWh
	CO2eq:	0.0000 g
	0.0000 km travelled by car
	Time:	0:00:01
	Energy:	0.0000 kWh
	CO2eq:	0.0000 g
	0.0000 km travelled by car
___PO com 28 Treads_concluida___
___PO com 30 Treads___
Execution Time: 0.72157
	Time:	0:00:01
	Energy:	0.0000 kWh
	CO2eq:	0.0000 g
	0.0000 km travelled by car
	Time:	0:00:01
	Energy:	0.0000 kWh
	CO2eq:	0.0000 g
	0.0000 km travelled by car
___PO com 30 Treads_concluida___
___PO com 32 Treads___
Execution Time: 0.66820
	Time:	0:00:01
	Energy:	0.0000 kWh
	CO2eq:	0.0000 g
	0.0000 km travelled by car
	Time:	0:00:01
	Energy:	0.0000 kWh
	CO2eq:	0.0000 g
	0.0000 km travelled by car
___PO com 32 Treads_concluida___
___PO com 34 Treads___
Execution Time: 0.62692
	Time:	0:00:01
	Energy:	0.0000 kWh
	CO2eq:	0.0000 g
	0.0000 km travelled by car
	Time:	0:00:01
	Energy:	0.0000 kWh
	CO2eq:	0.0000 g
	0.0000 km travelled by car
___PO com 34 Treads_concluida___
___PO com 36 Treads___
Execution Time: 0.62412
	Time:	0:00:01
	Energy:	0.0000 kWh
	CO2eq:	0.0000 g
	0.0000 km travelled by car
	Time:	0:00:01
	Energy:	0.0000 kWh
	CO2eq:	0.0000 g
	0.0000 km travelled by car
___PO com 36 Treads_concluida___
___PO com 38 Treads___
Execution Time: 0.58984
	Time:	0:00:01
	Energy:	0.0000 kWh
	CO2eq:	0.0000 g
	0.0000 km travelled by car
	Time:	0:00:01
	Energy:	0.0000 kWh
	CO2eq:	0.0000 g
	0.0000 km travelled by car
___PO com 38 Treads_concluida___
___PO com 40 Treads___
Execution Time: 0.54857
	Time:	0:00:01
	Energy:	0.0000 kWh
	CO2eq:	0.0000 g
	0.0000 km travelled by car
	Time:	0:00:01
	Energy:	0.0000 kWh
	CO2eq:	0.0000 g
	0.0000 km travelled by car
___PO com 40 Treads_concluida___
___PO com 42 Treads___
Execution Time: 0.54184
	Time:	0:00:01
	Energy:	0.0000 kWh
	CO2eq:	0.0000 g
	0.0000 km travelled by car
	Time:	0:00:01
	Energy:	0.0000 kWh
	CO2eq:	0.0000 g
	0.0000 km travelled by car
___PO com 42 Treads_concluida___
___PO com 44 Treads___
Execution Time: 0.51859
	Time:	0:00:01
	Energy:	0.0000 kWh
	CO2eq:	0.0000 g
	0.0000 km travelled by car
	Time:	0:00:01
	Energy:	0.0000 kWh
	CO2eq:	0.0000 g
	0.0000 km travelled by car
___PO com 44 Treads_concluida___
___PO com 46 Treads___
Execution Time: 0.48376
	Time:	0:00:01
	Energy:	0.0000 kWh
	CO2eq:	0.0000 g
	0.0000 km travelled by car
	Time:	0:00:01
	Energy:	0.0000 kWh
	CO2eq:	0.0000 g
	0.0000 km travelled by car
___PO com 46 Treads_concluida___
___PO com 48 Treads___
Execution Time: 0.50095
	Time:	0:00:01
	Energy:	0.0000 kWh
	CO2eq:	0.0000 g
	0.0000 km travelled by car
	Time:	0:00:01
	Energy:	0.0000 kWh
	CO2eq:	0.0000 g
	0.0000 km travelled by car
___PO com 48 Treads_concluida___
___Fim de PO___:

Start -> ST
compilando ST...
make: Nothing to be done for 'all'.
___Executando ST___:
___ST com 2 Treads___
Execution Time: 1229.73722
	Time:	0:20:30
	Energy:	0.0866 kWh
	CO2eq:	12.2782 g
	0.1142 km travelled by car
	Time:	0:20:30
	Energy:	0.0866 kWh
	CO2eq:	12.2782 g
	0.1142 km travelled by car
___ST com 2 Treads_concluida___
___ST com 4 Treads___
Execution Time: 1108.75010
	Time:	0:18:29
	Energy:	0.0812 kWh
	CO2eq:	11.5126 g
	0.1071 km travelled by car
	Time:	0:18:29
	Energy:	0.0812 kWh
	CO2eq:	11.5126 g
	0.1071 km travelled by car
___ST com 4 Treads_concluida___
___ST com 6 Treads___
Execution Time: 1090.25050
	Time:	0:18:10
	Energy:	0.0823 kWh
	CO2eq:	11.6739 g
	0.1086 km travelled by car
	Time:	0:18:10
	Energy:	0.0823 kWh
	CO2eq:	11.6739 g
	0.1086 km travelled by car
___ST com 6 Treads_concluida___
___ST com 8 Treads___
Execution Time: 1062.32684
	Time:	0:17:43
	Energy:	0.0820 kWh
	CO2eq:	11.6246 g
	0.1081 km travelled by car
	Time:	0:17:43
	Energy:	0.0820 kWh
	CO2eq:	11.6246 g
	0.1081 km travelled by car
___ST com 8 Treads_concluida___
___ST com 10 Treads___
Execution Time: 1032.04531
	Time:	0:17:12
	Energy:	0.0812 kWh
	CO2eq:	11.5138 g
	0.1071 km travelled by car
	Time:	0:17:12
	Energy:	0.0812 kWh
	CO2eq:	11.5138 g
	0.1071 km travelled by car
___ST com 10 Treads_concluida___
___ST com 12 Treads___
Execution Time: 1007.55669
	Time:	0:16:48
	Energy:	0.0808 kWh
	CO2eq:	11.4619 g
	0.1066 km travelled by car
	Time:	0:16:48
	Energy:	0.0808 kWh
	CO2eq:	11.4619 g
	0.1066 km travelled by car
___ST com 12 Treads_concluida___
___ST com 14 Treads___
Execution Time: 975.36474
	Time:	0:16:16
	Energy:	0.0797 kWh
	CO2eq:	11.3037 g
	0.1052 km travelled by car
	Time:	0:16:16
	Energy:	0.0797 kWh
	CO2eq:	11.3037 g
	0.1052 km travelled by car
___ST com 14 Treads_concluida___
___ST com 16 Treads___
Execution Time: 925.14211
	Time:	0:15:25
	Energy:	0.0764 kWh
	CO2eq:	10.8379 g
	0.1008 km travelled by car
	Time:	0:15:25
	Energy:	0.0764 kWh
	CO2eq:	10.8379 g
	0.1008 km travelled by car
___ST com 16 Treads_concluida___
___ST com 18 Treads___
Execution Time: 905.66395
	Time:	0:15:06
	Energy:	0.0759 kWh
	CO2eq:	10.7552 g
	0.1000 km travelled by car
	Time:	0:15:06
	Energy:	0.0759 kWh
	CO2eq:	10.7552 g
	0.1000 km travelled by car
___ST com 18 Treads_concluida___
___ST com 20 Treads___
Execution Time: 872.92576
	Time:	0:14:33
	Energy:	0.0734 kWh
	CO2eq:	10.4030 g
	0.0968 km travelled by car
	Time:	0:14:33
	Energy:	0.0734 kWh
	CO2eq:	10.4030 g
	0.0968 km travelled by car
___ST com 20 Treads_concluida___
___ST com 22 Treads___
Execution Time: 891.98492
	Time:	0:14:52
	Energy:	0.0762 kWh
	CO2eq:	10.8091 g
	0.1005 km travelled by car
	Time:	0:14:52
	Energy:	0.0762 kWh
	CO2eq:	10.8091 g
	0.1005 km travelled by car
___ST com 22 Treads_concluida___
___ST com 24 Treads___
Execution Time: 898.83235
	Time:	0:14:59
	Energy:	0.0758 kWh
	CO2eq:	10.7461 g
	0.1000 km travelled by car
	Time:	0:14:59
	Energy:	0.0758 kWh
	CO2eq:	10.7461 g
	0.1000 km travelled by car
___ST com 24 Treads_concluida___
___ST com 26 Treads___
Execution Time: 809.56168
	Time:	0:13:30
	Energy:	0.0687 kWh
	CO2eq:	9.7380 g
	0.0906 km travelled by car
	Time:	0:13:30
	Energy:	0.0687 kWh
	CO2eq:	9.7380 g
	0.0906 km travelled by car
___ST com 26 Treads_concluida___
___ST com 28 Treads___
Execution Time: 769.35933
	Time:	0:12:50
	Energy:	0.0666 kWh
	CO2eq:	9.4357 g
	0.0878 km travelled by car
	Time:	0:12:50
	Energy:	0.0666 kWh
	CO2eq:	9.4357 g
	0.0878 km travelled by car
___ST com 28 Treads_concluida___
___ST com 30 Treads___
Execution Time: 719.14467
	Time:	0:11:59
	Energy:	0.0635 kWh
	CO2eq:	8.9995 g
	0.0837 km travelled by car
	Time:	0:11:59
	Energy:	0.0635 kWh
	CO2eq:	8.9995 g
	0.0837 km travelled by car
___ST com 30 Treads_concluida___
___ST com 32 Treads___
Execution Time: 655.63840
	Time:	0:10:56
	Energy:	0.0590 kWh
	CO2eq:	8.3582 g
	0.0778 km travelled by car
	Time:	0:10:56
	Energy:	0.0590 kWh
	CO2eq:	8.3582 g
	0.0778 km travelled by car
___ST com 32 Treads_concluida___
___ST com 34 Treads___
Execution Time: 635.31626
	Time:	0:10:36
	Energy:	0.0586 kWh
	CO2eq:	8.3139 g
	0.0773 km travelled by car
	Time:	0:10:36
	Energy:	0.0586 kWh
	CO2eq:	8.3139 g
	0.0773 km travelled by car
___ST com 34 Treads_concluida___
___ST com 36 Treads___
Execution Time: 580.37914
	Time:	0:09:41
	Energy:	0.0548 kWh
	CO2eq:	7.7727 g
	0.0723 km travelled by car
	Time:	0:09:41
	Energy:	0.0548 kWh
	CO2eq:	7.7727 g
	0.0723 km travelled by car
___ST com 36 Treads_concluida___
___ST com 38 Treads___
Execution Time: 575.24790
	Time:	0:09:35
	Energy:	0.0558 kWh
	CO2eq:	7.9096 g
	0.0736 km travelled by car
	Time:	0:09:35
	Energy:	0.0558 kWh
	CO2eq:	7.9096 g
	0.0736 km travelled by car
___ST com 38 Treads_concluida___
___ST com 40 Treads___
Execution Time: 523.10816
	Time:	0:08:43
	Energy:	0.0514 kWh
	CO2eq:	7.2935 g
	0.0678 km travelled by car
	Time:	0:08:43
	Energy:	0.0514 kWh
	CO2eq:	7.2935 g
	0.0678 km travelled by car
___ST com 40 Treads_concluida___
___ST com 42 Treads___
Execution Time: 514.11637
	Time:	0:08:34
	Energy:	0.0519 kWh
	CO2eq:	7.3589 g
	0.0685 km travelled by car
	Time:	0:08:34
	Energy:	0.0519 kWh
	CO2eq:	7.3589 g
	0.0685 km travelled by car
___ST com 42 Treads_concluida___
___ST com 44 Treads___
Execution Time: 487.03355
	Time:	0:08:07
	Energy:	0.0506 kWh
	CO2eq:	7.1776 g
	0.0668 km travelled by car
	Time:	0:08:07
	Energy:	0.0506 kWh
	CO2eq:	7.1776 g
	0.0668 km travelled by car
___ST com 44 Treads_concluida___
___ST com 46 Treads___
Execution Time: 471.04688
	Time:	0:07:51
	Energy:	0.0504 kWh
	CO2eq:	7.1487 g
	0.0665 km travelled by car
	Time:	0:07:51
	Energy:	0.0504 kWh
	CO2eq:	7.1487 g
	0.0665 km travelled by car
___ST com 46 Treads_concluida___
___ST com 48 Treads___
Execution Time: 455.96657
	Time:	0:07:36
	Energy:	0.0492 kWh
	CO2eq:	6.9791 g
	0.0649 km travelled by car
	Time:	0:07:36
	Energy:	0.0492 kWh
	CO2eq:	6.9791 g
	0.0649 km travelled by car
___ST com 48 Treads_concluida___
___Fim de ST___:

