Numero de CPUs logicos (threads): 16
Numero de núcleos fisicos: 8
Start -> PO
compilando PO...
make: Nothing to be done for 'all'.
___Executando PO___:
___PO com 2 Treads___
Execution Time: 17.67605
	Time:	0:00:18
	Energy:	0.0004 kWh
	CO2eq:	0.0540 g
	0.0005 km travelled by car
	Time:	0:00:18
	Energy:	0.0004 kWh
	CO2eq:	0.0540 g
	0.0005 km travelled by car
___PO com 2 Treads_concluida___
___PO com 4 Treads___
Execution Time: 8.88562
	Time:	0:00:09
	Energy:	0.0002 kWh
	CO2eq:	0.0286 g
	0.0003 km travelled by car
	Time:	0:00:09
	Energy:	0.0002 kWh
	CO2eq:	0.0286 g
	0.0003 km travelled by car
___PO com 4 Treads_concluida___
___PO com 6 Treads___
Execution Time: 5.95687
	Time:	0:00:06
	Energy:	0.0001 kWh
	CO2eq:	0.0203 g
	0.0002 km travelled by car
	Time:	0:00:06
	Energy:	0.0001 kWh
	CO2eq:	0.0203 g
	0.0002 km travelled by car
___PO com 6 Treads_concluida___
___PO com 8 Treads___
Execution Time: 4.55557
	Time:	0:00:05
	Energy:	0.0001 kWh
	CO2eq:	0.0164 g
	0.0002 km travelled by car
	Time:	0:00:05
	Energy:	0.0001 kWh
	CO2eq:	0.0164 g
	0.0002 km travelled by car
___PO com 8 Treads_concluida___
___PO com 10 Treads___
Execution Time: 3.62553
	Time:	0:00:04
	Energy:	0.0001 kWh
	CO2eq:	0.0139 g
	0.0001 km travelled by car
	Time:	0:00:04
	Energy:	0.0001 kWh
	CO2eq:	0.0139 g
	0.0001 km travelled by car
___PO com 10 Treads_concluida___
___PO com 12 Treads___
Execution Time: 2.99733
	Time:	0:00:03
	Energy:	0.0001 kWh
	CO2eq:	0.0121 g
	0.0001 km travelled by car
	Time:	0:00:03
	Energy:	0.0001 kWh
	CO2eq:	0.0121 g
	0.0001 km travelled by car
___PO com 12 Treads_concluida___
___PO com 14 Treads___
Execution Time: 2.62109
	Time:	0:00:03
	Energy:	0.0001 kWh
	CO2eq:	0.0110 g
	0.0001 km travelled by car
	Time:	0:00:03
	Energy:	0.0001 kWh
	CO2eq:	0.0110 g
	0.0001 km travelled by car
___PO com 14 Treads_concluida___
___PO com 16 Treads___
Execution Time: 2.36257
	Time:	0:00:02
	Energy:	0.0001 kWh
	CO2eq:	0.0103 g
	0.0001 km travelled by car
	Time:	0:00:02
	Energy:	0.0001 kWh
	CO2eq:	0.0103 g
	0.0001 km travelled by car
___PO com 16 Treads_concluida___
___Fim de PO___:

Start -> ST
compilando ST...
make: Nothing to be done for 'all'.
___Executando ST___:
___ST com 2 Treads___
Execution Time: 1364.40599
	Time:	0:22:45
	Energy:	0.0304 kWh
	CO2eq:	4.3133 g
	0.0401 km travelled by car
	Time:	0:22:45
	Energy:	0.0304 kWh
	CO2eq:	4.3133 g
	0.0401 km travelled by car
___ST com 2 Treads_concluida___
___ST com 4 Treads___
Execution Time: 726.04507
	Time:	0:12:06
	Energy:	0.0176 kWh
	CO2eq:	2.4955 g
	0.0232 km travelled by car
	Time:	0:12:06
	Energy:	0.0176 kWh
	CO2eq:	2.4955 g
	0.0232 km travelled by car
___ST com 4 Treads_concluida___
___ST com 6 Treads___
Execution Time: 521.65980
	Time:	0:08:42
	Energy:	0.0135 kWh
	CO2eq:	1.9177 g
	0.0178 km travelled by car
	Time:	0:08:42
	Energy:	0.0135 kWh
	CO2eq:	1.9177 g
	0.0178 km travelled by car
___ST com 6 Treads_concluida___
___ST com 8 Treads___
Execution Time: 444.12541
	Time:	0:07:24
	Energy:	0.0120 kWh
	CO2eq:	1.7056 g
	0.0159 km travelled by car
	Time:	0:07:24
	Energy:	0.0120 kWh
	CO2eq:	1.7056 g
	0.0159 km travelled by car
___ST com 8 Treads_concluida___
___ST com 10 Treads___
Execution Time: 419.66829
	Time:	0:07:00
	Energy:	0.0118 kWh
	CO2eq:	1.6701 g
	0.0155 km travelled by car
	Time:	0:07:00
	Energy:	0.0118 kWh
	CO2eq:	1.6701 g
	0.0155 km travelled by car
___ST com 10 Treads_concluida___
___ST com 12 Treads___
Execution Time: 416.22196
	Time:	0:06:57
	Energy:	0.0120 kWh
	CO2eq:	1.7057 g
	0.0159 km travelled by car
	Time:	0:06:57
	Energy:	0.0120 kWh
	CO2eq:	1.7057 g
	0.0159 km travelled by car
___ST com 12 Treads_concluida___
___ST com 14 Treads___
Execution Time: 419.14747
	Time:	0:07:00
	Energy:	0.0124 kWh
	CO2eq:	1.7616 g
	0.0164 km travelled by car
	Time:	0:07:00
	Energy:	0.0124 kWh
	CO2eq:	1.7616 g
	0.0164 km travelled by car
___ST com 14 Treads_concluida___
___ST com 16 Treads___
Execution Time: 428.36837
	Time:	0:07:09
	Energy:	0.0129 kWh
	CO2eq:	1.8238 g
	0.0170 km travelled by car
	Time:	0:07:09
	Energy:	0.0129 kWh
	CO2eq:	1.8238 g
	0.0170 km travelled by car
___ST com 16 Treads_concluida___
___Fim de ST___:

