Numero de CPUs logicos (threads): 16
Numero de núcleos fisicos: 8
Start -> PO
compilando PO...
make: Nothing to be done for 'all'.
___Executando PO___:
___PO com 2 Treads___
Execution Time: 17.68031
	Time:	0:00:18
	Energy:	0.0004 kWh
	CO2eq:	0.0541 g
	0.0005 km travelled by car
	Time:	0:00:18
	Energy:	0.0004 kWh
	CO2eq:	0.0541 g
	0.0005 km travelled by car
___PO com 2 Treads_concluida___
___PO com 4 Treads___
Execution Time: 8.87878
	Time:	0:00:09
	Energy:	0.0002 kWh
	CO2eq:	0.0288 g
	0.0003 km travelled by car
	Time:	0:00:09
	Energy:	0.0002 kWh
	CO2eq:	0.0288 g
	0.0003 km travelled by car
___PO com 4 Treads_concluida___
___PO com 6 Treads___
Execution Time: 5.97809
	Time:	0:00:06
	Energy:	0.0001 kWh
	CO2eq:	0.0204 g
	0.0002 km travelled by car
	Time:	0:00:06
	Energy:	0.0001 kWh
	CO2eq:	0.0204 g
	0.0002 km travelled by car
___PO com 6 Treads_concluida___
___PO com 8 Treads___
Execution Time: 4.50997
	Time:	0:00:05
	Energy:	0.0001 kWh
	CO2eq:	0.0163 g
	0.0002 km travelled by car
	Time:	0:00:05
	Energy:	0.0001 kWh
	CO2eq:	0.0163 g
	0.0002 km travelled by car
___PO com 8 Treads_concluida___
___PO com 10 Treads___
Execution Time: 3.58459
	Time:	0:00:04
	Energy:	0.0001 kWh
	CO2eq:	0.0137 g
	0.0001 km travelled by car
	Time:	0:00:04
	Energy:	0.0001 kWh
	CO2eq:	0.0137 g
	0.0001 km travelled by car
___PO com 10 Treads_concluida___
___PO com 12 Treads___
Execution Time: 3.01657
	Time:	0:00:03
	Energy:	0.0001 kWh
	CO2eq:	0.0121 g
	0.0001 km travelled by car
	Time:	0:00:03
	Energy:	0.0001 kWh
	CO2eq:	0.0121 g
	0.0001 km travelled by car
___PO com 12 Treads_concluida___
___PO com 14 Treads___
Execution Time: 2.58808
	Time:	0:00:03
	Energy:	0.0001 kWh
	CO2eq:	0.0109 g
	0.0001 km travelled by car
	Time:	0:00:03
	Energy:	0.0001 kWh
	CO2eq:	0.0109 g
	0.0001 km travelled by car
___PO com 14 Treads_concluida___
___PO com 16 Treads___
Execution Time: 2.35267
	Time:	0:00:02
	Energy:	0.0001 kWh
	CO2eq:	0.0103 g
	0.0001 km travelled by car
	Time:	0:00:02
	Energy:	0.0001 kWh
	CO2eq:	0.0103 g
	0.0001 km travelled by car
___PO com 16 Treads_concluida___
___Fim de PO___:

Start -> ST
compilando ST...
make: Nothing to be done for 'all'.
___Executando ST___:
___ST com 2 Treads___
Execution Time: 1362.53904
	Time:	0:22:43
	Energy:	0.0302 kWh
	CO2eq:	4.2867 g
	0.0399 km travelled by car
	Time:	0:22:43
	Energy:	0.0302 kWh
	CO2eq:	4.2867 g
	0.0399 km travelled by car
___ST com 2 Treads_concluida___
___ST com 4 Treads___
Execution Time: 722.69898
	Time:	0:12:03
	Energy:	0.0175 kWh
	CO2eq:	2.4762 g
	0.0230 km travelled by car
	Time:	0:12:03
	Energy:	0.0175 kWh
	CO2eq:	2.4762 g
	0.0230 km travelled by car
___ST com 4 Treads_concluida___
___ST com 6 Treads___
Execution Time: 520.95332
	Time:	0:08:41
	Energy:	0.0134 kWh
	CO2eq:	1.9001 g
	0.0177 km travelled by car
	Time:	0:08:41
	Energy:	0.0134 kWh
	CO2eq:	1.9001 g
	0.0177 km travelled by car
___ST com 6 Treads_concluida___
___ST com 8 Treads___
Execution Time: 444.73293
	Time:	0:07:25
	Energy:	0.0120 kWh
	CO2eq:	1.6962 g
	0.0158 km travelled by car
	Time:	0:07:25
	Energy:	0.0120 kWh
	CO2eq:	1.6962 g
	0.0158 km travelled by car
___ST com 8 Treads_concluida___
___ST com 10 Treads___
Execution Time: 419.59657
	Time:	0:07:00
	Energy:	0.0117 kWh
	CO2eq:	1.6637 g
	0.0155 km travelled by car
	Time:	0:07:00
	Energy:	0.0117 kWh
	CO2eq:	1.6637 g
	0.0155 km travelled by car
___ST com 10 Treads_concluida___
___ST com 12 Treads___
Execution Time: 415.36524
	Time:	0:06:56
	Energy:	0.0120 kWh
	CO2eq:	1.6987 g
	0.0158 km travelled by car
	Time:	0:06:56
	Energy:	0.0120 kWh
	CO2eq:	1.6987 g
	0.0158 km travelled by car
___ST com 12 Treads_concluida___
___ST com 14 Treads___
Execution Time: 419.25529
	Time:	0:07:00
	Energy:	0.0123 kWh
	CO2eq:	1.7467 g
	0.0162 km travelled by car
	Time:	0:07:00
	Energy:	0.0123 kWh
	CO2eq:	1.7467 g
	0.0162 km travelled by car
___ST com 14 Treads_concluida___
___ST com 16 Treads___
Execution Time: 427.62316
	Time:	0:07:08
	Energy:	0.0128 kWh
	CO2eq:	1.8099 g
	0.0168 km travelled by car
	Time:	0:07:08
	Energy:	0.0128 kWh
	CO2eq:	1.8099 g
	0.0168 km travelled by car
___ST com 16 Treads_concluida___
___Fim de ST___:

