Numero de CPUs logicos (threads): 16
Numero de núcleos fisicos: 8
Start -> PO
compilando PO...
make: Nothing to be done for 'all'.
___Executando PO___:
___PO com 2 Treads___
Execution Time: 17.66773
	Time:	0:00:18
	Energy:	0.0004 kWh
	CO2eq:	0.0537 g
	0.0005 km travelled by car
	Time:	0:00:18
	Energy:	0.0004 kWh
	CO2eq:	0.0537 g
	0.0005 km travelled by car
___PO com 2 Treads_concluida___
___PO com 4 Treads___
Execution Time: 8.89871
	Time:	0:00:09
	Energy:	0.0002 kWh
	CO2eq:	0.0287 g
	0.0003 km travelled by car
	Time:	0:00:09
	Energy:	0.0002 kWh
	CO2eq:	0.0287 g
	0.0003 km travelled by car
___PO com 4 Treads_concluida___
___PO com 6 Treads___
Execution Time: 5.92545
	Time:	0:00:06
	Energy:	0.0001 kWh
	CO2eq:	0.0203 g
	0.0002 km travelled by car
	Time:	0:00:06
	Energy:	0.0001 kWh
	CO2eq:	0.0203 g
	0.0002 km travelled by car
___PO com 6 Treads_concluida___
___PO com 8 Treads___
Execution Time: 4.46069
	Time:	0:00:04
	Energy:	0.0001 kWh
	CO2eq:	0.0160 g
	0.0001 km travelled by car
	Time:	0:00:04
	Energy:	0.0001 kWh
	CO2eq:	0.0160 g
	0.0001 km travelled by car
___PO com 8 Treads_concluida___
___PO com 10 Treads___
Execution Time: 3.58133
	Time:	0:00:04
	Energy:	0.0001 kWh
	CO2eq:	0.0136 g
	0.0001 km travelled by car
	Time:	0:00:04
	Energy:	0.0001 kWh
	CO2eq:	0.0136 g
	0.0001 km travelled by car
___PO com 10 Treads_concluida___
___PO com 12 Treads___
Execution Time: 3.01212
	Time:	0:00:03
	Energy:	0.0001 kWh
	CO2eq:	0.0121 g
	0.0001 km travelled by car
	Time:	0:00:03
	Energy:	0.0001 kWh
	CO2eq:	0.0121 g
	0.0001 km travelled by car
___PO com 12 Treads_concluida___
___PO com 14 Treads___
Execution Time: 2.57311
	Time:	0:00:03
	Energy:	0.0001 kWh
	CO2eq:	0.0108 g
	0.0001 km travelled by car
	Time:	0:00:03
	Energy:	0.0001 kWh
	CO2eq:	0.0108 g
	0.0001 km travelled by car
___PO com 14 Treads_concluida___
___PO com 16 Treads___
Execution Time: 2.42963
	Time:	0:00:02
	Energy:	0.0001 kWh
	CO2eq:	0.0105 g
	0.0001 km travelled by car
	Time:	0:00:02
	Energy:	0.0001 kWh
	CO2eq:	0.0105 g
	0.0001 km travelled by car
___PO com 16 Treads_concluida___
___Fim de PO___:

Start -> ST
compilando ST...
make: Nothing to be done for 'all'.
___Executando ST___:
___ST com 2 Treads___
Execution Time: 1362.60205
	Time:	0:22:43
	Energy:	0.0302 kWh
	CO2eq:	4.2813 g
	0.0398 km travelled by car
	Time:	0:22:43
	Energy:	0.0302 kWh
	CO2eq:	4.2813 g
	0.0398 km travelled by car
___ST com 2 Treads_concluida___
___ST com 4 Treads___
Execution Time: 723.11558
	Time:	0:12:03
	Energy:	0.0175 kWh
	CO2eq:	2.4757 g
	0.0230 km travelled by car
	Time:	0:12:03
	Energy:	0.0175 kWh
	CO2eq:	2.4757 g
	0.0230 km travelled by car
___ST com 4 Treads_concluida___
___ST com 6 Treads___
Execution Time: 520.83690
	Time:	0:08:41
	Energy:	0.0135 kWh
	CO2eq:	1.9094 g
	0.0178 km travelled by car
	Time:	0:08:41
	Energy:	0.0135 kWh
	CO2eq:	1.9094 g
	0.0178 km travelled by car
___ST com 6 Treads_concluida___
___ST com 8 Treads___
Execution Time: 445.00726
	Time:	0:07:25
	Energy:	0.0121 kWh
	CO2eq:	1.7139 g
	0.0159 km travelled by car
	Time:	0:07:25
	Energy:	0.0121 kWh
	CO2eq:	1.7139 g
	0.0159 km travelled by car
___ST com 8 Treads_concluida___
___ST com 10 Treads___
Execution Time: 419.38230
	Time:	0:07:00
	Energy:	0.0118 kWh
	CO2eq:	1.6748 g
	0.0156 km travelled by car
	Time:	0:07:00
	Energy:	0.0118 kWh
	CO2eq:	1.6748 g
	0.0156 km travelled by car
___ST com 10 Treads_concluida___
___ST com 12 Treads___
Execution Time: 416.32595
	Time:	0:06:57
	Energy:	0.0121 kWh
	CO2eq:	1.7128 g
	0.0159 km travelled by car
	Time:	0:06:57
	Energy:	0.0121 kWh
	CO2eq:	1.7128 g
	0.0159 km travelled by car
___ST com 12 Treads_concluida___
___ST com 14 Treads___
Execution Time: 419.42187
	Time:	0:07:00
	Energy:	0.0124 kWh
	CO2eq:	1.7603 g
	0.0164 km travelled by car
	Time:	0:07:00
	Energy:	0.0124 kWh
	CO2eq:	1.7603 g
	0.0164 km travelled by car
___ST com 14 Treads_concluida___
___ST com 16 Treads___
Execution Time: 427.83764
	Time:	0:07:08
	Energy:	0.0128 kWh
	CO2eq:	1.8160 g
	0.0169 km travelled by car
	Time:	0:07:08
	Energy:	0.0128 kWh
	CO2eq:	1.8160 g
	0.0169 km travelled by car
___ST com 16 Treads_concluida___
___Fim de ST___:

