Numero de CPUs logicos (threads): 16
Numero de núcleos fisicos: 8
Start -> PO
compilando PO...
make: Nothing to be done for 'all'.
___Executando PO___:
___PO com 2 Treads___
Execution Time: 17.69600
	Time:	0:00:18
	Energy:	0.0004 kWh
	CO2eq:	0.0538 g
	0.0005 km travelled by car
	Time:	0:00:18
	Energy:	0.0004 kWh
	CO2eq:	0.0538 g
	0.0005 km travelled by car
___PO com 2 Treads_concluida___
___PO com 4 Treads___
Execution Time: 8.89565
	Time:	0:00:09
	Energy:	0.0002 kWh
	CO2eq:	0.0287 g
	0.0003 km travelled by car
	Time:	0:00:09
	Energy:	0.0002 kWh
	CO2eq:	0.0287 g
	0.0003 km travelled by car
___PO com 4 Treads_concluida___
___PO com 6 Treads___
Execution Time: 5.98517
	Time:	0:00:06
	Energy:	0.0001 kWh
	CO2eq:	0.0204 g
	0.0002 km travelled by car
	Time:	0:00:06
	Energy:	0.0001 kWh
	CO2eq:	0.0204 g
	0.0002 km travelled by car
___PO com 6 Treads_concluida___
___PO com 8 Treads___
Execution Time: 4.48836
	Time:	0:00:04
	Energy:	0.0001 kWh
	CO2eq:	0.0162 g
	0.0002 km travelled by car
	Time:	0:00:04
	Energy:	0.0001 kWh
	CO2eq:	0.0162 g
	0.0002 km travelled by car
___PO com 8 Treads_concluida___
___PO com 10 Treads___
Execution Time: 3.58412
	Time:	0:00:04
	Energy:	0.0001 kWh
	CO2eq:	0.0137 g
	0.0001 km travelled by car
	Time:	0:00:04
	Energy:	0.0001 kWh
	CO2eq:	0.0137 g
	0.0001 km travelled by car
___PO com 10 Treads_concluida___
___PO com 12 Treads___
Execution Time: 3.00593
	Time:	0:00:03
	Energy:	0.0001 kWh
	CO2eq:	0.0122 g
	0.0001 km travelled by car
	Time:	0:00:03
	Energy:	0.0001 kWh
	CO2eq:	0.0122 g
	0.0001 km travelled by car
___PO com 12 Treads_concluida___
___PO com 14 Treads___
Execution Time: 2.59331
	Time:	0:00:03
	Energy:	0.0001 kWh
	CO2eq:	0.0110 g
	0.0001 km travelled by car
	Time:	0:00:03
	Energy:	0.0001 kWh
	CO2eq:	0.0110 g
	0.0001 km travelled by car
___PO com 14 Treads_concluida___
___PO com 16 Treads___
Execution Time: 2.36338
	Time:	0:00:02
	Energy:	0.0001 kWh
	CO2eq:	0.0104 g
	0.0001 km travelled by car
	Time:	0:00:02
	Energy:	0.0001 kWh
	CO2eq:	0.0104 g
	0.0001 km travelled by car
___PO com 16 Treads_concluida___
___Fim de PO___:

Start -> ST
compilando ST...
make: Nothing to be done for 'all'.
___Executando ST___:
___ST com 2 Treads___
Execution Time: 1364.59324
	Time:	0:22:45
	Energy:	0.0304 kWh
	CO2eq:	4.3063 g
	0.0401 km travelled by car
	Time:	0:22:45
	Energy:	0.0304 kWh
	CO2eq:	4.3051 g
	0.0400 km travelled by car
___ST com 2 Treads_concluida___
___ST com 4 Treads___
Execution Time: 723.49929
	Time:	0:12:04
	Energy:	0.0174 kWh
	CO2eq:	2.4693 g
	0.0230 km travelled by car
	Time:	0:12:04
	Energy:	0.0174 kWh
	CO2eq:	2.4693 g
	0.0230 km travelled by car
___ST com 4 Treads_concluida___
___ST com 6 Treads___
Execution Time: 522.24032
	Time:	0:08:43
	Energy:	0.0134 kWh
	CO2eq:	1.9058 g
	0.0177 km travelled by car
	Time:	0:08:43
	Energy:	0.0134 kWh
	CO2eq:	1.9058 g
	0.0177 km travelled by car
___ST com 6 Treads_concluida___
___ST com 8 Treads___
Execution Time: 444.26130
	Time:	0:07:25
	Energy:	0.0120 kWh
	CO2eq:	1.7009 g
	0.0158 km travelled by car
	Time:	0:07:25
	Energy:	0.0120 kWh
	CO2eq:	1.7009 g
	0.0158 km travelled by car
___ST com 8 Treads_concluida___
___ST com 10 Treads___
Execution Time: 420.16233
	Time:	0:07:01
	Energy:	0.0118 kWh
	CO2eq:	1.6708 g
	0.0155 km travelled by car
	Time:	0:07:01
	Energy:	0.0118 kWh
	CO2eq:	1.6708 g
	0.0155 km travelled by car
___ST com 10 Treads_concluida___
___ST com 12 Treads___
Execution Time: 415.57797
	Time:	0:06:56
	Energy:	0.0120 kWh
	CO2eq:	1.6979 g
	0.0158 km travelled by car
	Time:	0:06:56
	Energy:	0.0120 kWh
	CO2eq:	1.6979 g
	0.0158 km travelled by car
___ST com 12 Treads_concluida___
___ST com 14 Treads___
Execution Time: 419.20718
	Time:	0:07:00
	Energy:	0.0124 kWh
	CO2eq:	1.7532 g
	0.0163 km travelled by car
	Time:	0:07:00
	Energy:	0.0124 kWh
	CO2eq:	1.7532 g
	0.0163 km travelled by car
___ST com 14 Treads_concluida___
___ST com 16 Treads___
Execution Time: 427.06292
	Time:	0:07:07
	Energy:	0.0128 kWh
	CO2eq:	1.8096 g
	0.0168 km travelled by car
	Time:	0:07:07
	Energy:	0.0128 kWh
	CO2eq:	1.8096 g
	0.0168 km travelled by car
___ST com 16 Treads_concluida___
___Fim de ST___:

