Numero de CPUs logicos (threads): 40
Numero de núcleos fisicos: 10
Entrando -> PARBOIL
Inicia py2


___Executando bfs ___:Turn x1
___bfs com 2 Treads___
IO        : 1.640923
Compute   : 1.976920
Timer Wall Time: 3.617850
	Time:	0:00:07
	Energy:	0.0002 kWh
	CO2eq:	0.0282 g
	0.0003 km travelled by car
	Time:	0:00:07
	Energy:	0.0002 kWh
	CO2eq:	0.0282 g
	0.0003 km travelled by car
___bfs com 2 Treads_concluida___
___bfs com 4 Treads___
IO        : 1.641219
Compute   : 2.491409
Timer Wall Time: 4.132633
	Time:	0:00:07
	Energy:	0.0002 kWh
	CO2eq:	0.0304 g
	0.0003 km travelled by car
	Time:	0:00:07
	Energy:	0.0002 kWh
	CO2eq:	0.0304 g
	0.0003 km travelled by car
___bfs com 4 Treads_concluida___
___bfs com 6 Treads___
IO        : 1.658480
Compute   : 2.810566
Timer Wall Time: 4.469052
	Time:	0:00:08
	Energy:	0.0002 kWh
	CO2eq:	0.0315 g
	0.0003 km travelled by car
	Time:	0:00:08
	Energy:	0.0002 kWh
	CO2eq:	0.0315 g
	0.0003 km travelled by car
___bfs com 6 Treads_concluida___
___bfs com 8 Treads___
IO        : 1.736503
Compute   : 3.134344
Timer Wall Time: 4.870854
	Time:	0:00:08
	Energy:	0.0002 kWh
	CO2eq:	0.0327 g
	0.0003 km travelled by car
	Time:	0:00:08
	Energy:	0.0002 kWh
	CO2eq:	0.0327 g
	0.0003 km travelled by car
___bfs com 8 Treads_concluida___
___bfs com 10 Treads___
IO        : 1.646722
Compute   : 3.377821
Timer Wall Time: 5.024549
	Time:	0:00:08
	Energy:	0.0002 kWh
	CO2eq:	0.0338 g
	0.0003 km travelled by car
	Time:	0:00:08
	Energy:	0.0002 kWh
	CO2eq:	0.0338 g
	0.0003 km travelled by car
___bfs com 10 Treads_concluida___
___bfs com 12 Treads___
IO        : 1.682805
Compute   : 5.870498
Timer Wall Time: 7.553309
	Time:	0:00:11
	Energy:	0.0003 kWh
	CO2eq:	0.0443 g
	0.0004 km travelled by car
	Time:	0:00:11
	Energy:	0.0003 kWh
	CO2eq:	0.0443 g
	0.0004 km travelled by car
___bfs com 12 Treads_concluida___
___bfs com 14 Treads___
IO        : 1.643868
Compute   : 6.637321
Timer Wall Time: 8.281198
	Time:	0:00:12
	Energy:	0.0003 kWh
	CO2eq:	0.0471 g
	0.0004 km travelled by car
	Time:	0:00:12
	Energy:	0.0003 kWh
	CO2eq:	0.0471 g
	0.0004 km travelled by car
___bfs com 14 Treads_concluida___
___bfs com 16 Treads___
IO        : 1.648621
Compute   : 7.351394
Timer Wall Time: 9.000021
	Time:	0:00:12
	Energy:	0.0004 kWh
	CO2eq:	0.0503 g
	0.0005 km travelled by car
	Time:	0:00:12
	Energy:	0.0004 kWh
	CO2eq:	0.0503 g
	0.0005 km travelled by car
___bfs com 16 Treads_concluida___
___bfs com 18 Treads___
IO        : 1.754431
Compute   : 8.276500
Timer Wall Time: 10.030936
	Time:	0:00:13
	Energy:	0.0004 kWh
	CO2eq:	0.0541 g
	0.0005 km travelled by car
	Time:	0:00:13
	Energy:	0.0004 kWh
	CO2eq:	0.0541 g
	0.0005 km travelled by car
___bfs com 18 Treads_concluida___
___bfs com 20 Treads___
IO        : 1.644084
Compute   : 9.485090
Timer Wall Time: 11.129181
	Time:	0:00:14
	Energy:	0.0004 kWh
	CO2eq:	0.0589 g
	0.0005 km travelled by car
	Time:	0:00:14
	Energy:	0.0004 kWh
	CO2eq:	0.0589 g
	0.0005 km travelled by car
___bfs com 20 Treads_concluida___
___bfs com 22 Treads___
IO        : 1.683008
Compute   : 11.352688
Timer Wall Time: 13.035700
	Time:	0:00:17
	Energy:	0.0007 kWh
	CO2eq:	0.1058 g
	0.0010 km travelled by car
	Time:	0:00:17
	Energy:	0.0007 kWh
	CO2eq:	0.1058 g
	0.0010 km travelled by car
___bfs com 22 Treads_concluida___
___bfs com 24 Treads___
IO        : 1.750834
Compute   : 11.792624
Timer Wall Time: 13.543465
	Time:	0:00:17
	Energy:	0.0008 kWh
	CO2eq:	0.1065 g
	0.0010 km travelled by car
	Time:	0:00:17
	Energy:	0.0008 kWh
	CO2eq:	0.1065 g
	0.0010 km travelled by car
___bfs com 24 Treads_concluida___
___bfs com 26 Treads___
IO        : 1.627711
Compute   : 12.253454
Timer Wall Time: 13.881172
	Time:	0:00:17
	Energy:	0.0008 kWh
	CO2eq:	0.1086 g
	0.0010 km travelled by car
	Time:	0:00:17
	Energy:	0.0008 kWh
	CO2eq:	0.1086 g
	0.0010 km travelled by car
___bfs com 26 Treads_concluida___
___bfs com 28 Treads___
IO        : 1.743462
Compute   : 12.751510
Timer Wall Time: 14.494979
	Time:	0:00:18
	Energy:	0.0008 kWh
	CO2eq:	0.1132 g
	0.0011 km travelled by car
	Time:	0:00:18
	Energy:	0.0008 kWh
	CO2eq:	0.1132 g
	0.0011 km travelled by car
___bfs com 28 Treads_concluida___
___bfs com 30 Treads___
IO        : 1.642859
Compute   : 13.361380
Timer Wall Time: 15.004245
	Time:	0:00:18
	Energy:	0.0008 kWh
	CO2eq:	0.1170 g
	0.0011 km travelled by car
	Time:	0:00:18
	Energy:	0.0008 kWh
	CO2eq:	0.1170 g
	0.0011 km travelled by car
___bfs com 30 Treads_concluida___
___bfs com 32 Treads___
IO        : 1.694873
Compute   : 14.359553
Timer Wall Time: 16.054432
	Time:	0:00:19
	Energy:	0.0009 kWh
	CO2eq:	0.1240 g
	0.0012 km travelled by car
	Time:	0:00:19
	Energy:	0.0009 kWh
	CO2eq:	0.1240 g
	0.0012 km travelled by car
___bfs com 32 Treads_concluida___
___bfs com 34 Treads___
IO        : 1.756845
Compute   : 14.985388
Timer Wall Time: 16.742239
	Time:	0:00:20
	Energy:	0.0009 kWh
	CO2eq:	0.1291 g
	0.0012 km travelled by car
	Time:	0:00:20
	Energy:	0.0009 kWh
	CO2eq:	0.1291 g
	0.0012 km travelled by car
___bfs com 34 Treads_concluida___
___bfs com 36 Treads___
IO        : 1.830318
Compute   : 15.923840
Timer Wall Time: 17.754166
	Time:	0:00:22
	Energy:	0.0010 kWh
	CO2eq:	0.1408 g
	0.0013 km travelled by car
	Time:	0:00:22
	Energy:	0.0010 kWh
	CO2eq:	0.1408 g
	0.0013 km travelled by car
___bfs com 36 Treads_concluida___
___bfs com 38 Treads___
IO        : 1.681011
Compute   : 17.248804
Timer Wall Time: 18.929821
	Time:	0:00:22
	Energy:	0.0010 kWh
	CO2eq:	0.1446 g
	0.0013 km travelled by car
	Time:	0:00:22
	Energy:	0.0010 kWh
	CO2eq:	0.1446 g
	0.0013 km travelled by car
___bfs com 38 Treads_concluida___
___bfs com 40 Treads___
IO        : 2.038580
Compute   : 17.996188
Timer Wall Time: 20.034775
	Time:	0:00:23
	Energy:	0.0010 kWh
	CO2eq:	0.1355 g
	0.0013 km travelled by car
	Time:	0:00:23
	Energy:	0.0010 kWh
	CO2eq:	0.1355 g
	0.0013 km travelled by car
___bfs com 40 Treads_concluida___
Turn x2
___bfs com 2 Treads___
IO        : 1.643550
Compute   : 1.996583
Timer Wall Time: 3.640143
	Time:	0:00:07
	Energy:	0.0002 kWh
	CO2eq:	0.0291 g
	0.0003 km travelled by car
	Time:	0:00:07
	Energy:	0.0002 kWh
	CO2eq:	0.0291 g
	0.0003 km travelled by car
___bfs com 2 Treads_concluida___
___bfs com 4 Treads___
IO        : 1.682992
Compute   : 2.493885
Timer Wall Time: 4.176882
	Time:	0:00:07
	Energy:	0.0002 kWh
	CO2eq:	0.0298 g
	0.0003 km travelled by car
	Time:	0:00:07
	Energy:	0.0002 kWh
	CO2eq:	0.0298 g
	0.0003 km travelled by car
___bfs com 4 Treads_concluida___
___bfs com 6 Treads___
	Time:	0:00:00
	Energy:	0.0000 kWh
	CO2eq:	0.0000 g
	0.0000 km travelled by car
	Time:	0:00:00
	Energy:	0.0000 kWh
	CO2eq:	0.0000 g
	0.0000 km travelled by car
___bfs com 6 Treads_concluida___
___bfs com 8 Treads___
IO        : 1.642385
Compute   : 3.204019
Timer Wall Time: 4.846411
	Time:	0:00:08
	Energy:	0.0002 kWh
	CO2eq:	0.0331 g
	0.0003 km travelled by car
	Time:	0:00:08
	Energy:	0.0002 kWh
	CO2eq:	0.0331 g
	0.0003 km travelled by car
___bfs com 8 Treads_concluida___
___bfs com 10 Treads___
IO        : 1.695737
Compute   : 3.347073
Timer Wall Time: 5.042817
	Time:	0:00:08
	Energy:	0.0002 kWh
	CO2eq:	0.0343 g
	0.0003 km travelled by car
	Time:	0:00:08
	Energy:	0.0002 kWh
	CO2eq:	0.0343 g
	0.0003 km travelled by car
___bfs com 10 Treads_concluida___
___bfs com 12 Treads___
IO        : 1.633036
Compute   : 5.812413
Timer Wall Time: 7.445454
	Time:	0:00:11
	Energy:	0.0003 kWh
	CO2eq:	0.0443 g
	0.0004 km travelled by car
	Time:	0:00:11
	Energy:	0.0003 kWh
	CO2eq:	0.0443 g
	0.0004 km travelled by car
___bfs com 12 Treads_concluida___
___bfs com 14 Treads___
IO        : 1.698226
Compute   : 6.383290
Timer Wall Time: 8.081521
	Time:	0:00:11
	Energy:	0.0003 kWh
	CO2eq:	0.0460 g
	0.0004 km travelled by car
	Time:	0:00:11
	Energy:	0.0003 kWh
	CO2eq:	0.0460 g
	0.0004 km travelled by car
___bfs com 14 Treads_concluida___
___bfs com 16 Treads___
IO        : 1.675259
Compute   : 7.390145
Timer Wall Time: 9.065416
	Time:	0:00:12
	Energy:	0.0003 kWh
	CO2eq:	0.0493 g
	0.0005 km travelled by car
	Time:	0:00:12
	Energy:	0.0003 kWh
	CO2eq:	0.0493 g
	0.0005 km travelled by car
___bfs com 16 Treads_concluida___
___bfs com 18 Treads___
IO        : 1.934424
Compute   : 8.332737
Timer Wall Time: 10.267167
	Time:	0:00:14
	Energy:	0.0004 kWh
	CO2eq:	0.0582 g
	0.0005 km travelled by car
	Time:	0:00:14
	Energy:	0.0004 kWh
	CO2eq:	0.0582 g
	0.0005 km travelled by car
___bfs com 18 Treads_concluida___
___bfs com 20 Treads___
IO        : 2.065816
Compute   : 9.019924
Timer Wall Time: 11.085746
	Time:	0:00:14
	Energy:	0.0004 kWh
	CO2eq:	0.0543 g
	0.0005 km travelled by car
	Time:	0:00:14
	Energy:	0.0004 kWh
	CO2eq:	0.0543 g
	0.0005 km travelled by car
___bfs com 20 Treads_concluida___
___bfs com 22 Treads___
IO        : 1.978179
Compute   : 11.355728
Timer Wall Time: 13.333913
	Time:	0:00:17
	Energy:	0.0007 kWh
	CO2eq:	0.1035 g
	0.0010 km travelled by car
	Time:	0:00:17
	Energy:	0.0007 kWh
	CO2eq:	0.1035 g
	0.0010 km travelled by car
___bfs com 22 Treads_concluida___
___bfs com 24 Treads___
IO        : 1.635685
Compute   : 11.838110
Timer Wall Time: 13.473802
	Time:	0:00:17
	Energy:	0.0007 kWh
	CO2eq:	0.1052 g
	0.0010 km travelled by car
	Time:	0:00:17
	Energy:	0.0007 kWh
	CO2eq:	0.1052 g
	0.0010 km travelled by car
___bfs com 24 Treads_concluida___
___bfs com 26 Treads___
IO        : 1.775262
Compute   : 12.326753
Timer Wall Time: 14.102022
	Time:	0:00:17
	Energy:	0.0008 kWh
	CO2eq:	0.1098 g
	0.0010 km travelled by car
	Time:	0:00:17
	Energy:	0.0008 kWh
	CO2eq:	0.1098 g
	0.0010 km travelled by car
___bfs com 26 Treads_concluida___
___bfs com 28 Treads___
IO        : 1.645592
Compute   : 13.092382
Timer Wall Time: 14.737979
	Time:	0:00:18
	Energy:	0.0008 kWh
	CO2eq:	0.1148 g
	0.0011 km travelled by car
	Time:	0:00:18
	Energy:	0.0008 kWh
	CO2eq:	0.1148 g
	0.0011 km travelled by car
___bfs com 28 Treads_concluida___
___bfs com 30 Treads___
IO        : 1.641978
Compute   : 13.727955
Timer Wall Time: 15.369939
	Time:	0:00:19
	Energy:	0.0008 kWh
	CO2eq:	0.1205 g
	0.0011 km travelled by car
	Time:	0:00:19
	Energy:	0.0008 kWh
	CO2eq:	0.1205 g
	0.0011 km travelled by car
___bfs com 30 Treads_concluida___
___bfs com 32 Treads___
IO        : 1.907116
Compute   : 14.579964
Timer Wall Time: 16.487085
	Time:	0:00:20
	Energy:	0.0009 kWh
	CO2eq:	0.1278 g
	0.0012 km travelled by car
	Time:	0:00:20
	Energy:	0.0009 kWh
	CO2eq:	0.1278 g
	0.0012 km travelled by car
___bfs com 32 Treads_concluida___
___bfs com 34 Treads___
IO        : 1.673365
Compute   : 15.346748
Timer Wall Time: 17.020119
	Time:	0:00:20
	Energy:	0.0009 kWh
	CO2eq:	0.1310 g
	0.0012 km travelled by car
	Time:	0:00:20
	Energy:	0.0009 kWh
	CO2eq:	0.1310 g
	0.0012 km travelled by car
___bfs com 34 Treads_concluida___
___bfs com 36 Treads___
IO        : 1.693082
Compute   : 15.919019
Timer Wall Time: 17.612106
	Time:	0:00:21
	Energy:	0.0010 kWh
	CO2eq:	0.1366 g
	0.0013 km travelled by car
	Time:	0:00:21
	Energy:	0.0010 kWh
	CO2eq:	0.1366 g
	0.0013 km travelled by car
___bfs com 36 Treads_concluida___
___bfs com 38 Treads___
IO        : 1.754001
Compute   : 16.774183
Timer Wall Time: 18.528191
	Time:	0:00:22
	Energy:	0.0010 kWh
	CO2eq:	0.1427 g
	0.0013 km travelled by car
	Time:	0:00:22
	Energy:	0.0010 kWh
	CO2eq:	0.1427 g
	0.0013 km travelled by car
___bfs com 38 Treads_concluida___
___bfs com 40 Treads___
IO        : 1.643659
Compute   : 17.781865
Timer Wall Time: 19.425529
	Time:	0:00:23
	Energy:	0.0010 kWh
	CO2eq:	0.1487 g
	0.0014 km travelled by car
	Time:	0:00:23
	Energy:	0.0010 kWh
	CO2eq:	0.1487 g
	0.0014 km travelled by car
___bfs com 40 Treads_concluida___
Turn x3
___bfs com 2 Treads___
IO        : 1.663883
Compute   : 2.022267
Timer Wall Time: 3.686155
	Time:	0:00:07
	Energy:	0.0002 kWh
	CO2eq:	0.0278 g
	0.0003 km travelled by car
	Time:	0:00:07
	Energy:	0.0002 kWh
	CO2eq:	0.0278 g
	0.0003 km travelled by car
___bfs com 2 Treads_concluida___
___bfs com 4 Treads___
IO        : 1.850091
Compute   : 2.476864
Timer Wall Time: 4.326963
	Time:	0:00:08
	Energy:	0.0002 kWh
	CO2eq:	0.0319 g
	0.0003 km travelled by car
	Time:	0:00:08
	Energy:	0.0002 kWh
	CO2eq:	0.0319 g
	0.0003 km travelled by car
___bfs com 4 Treads_concluida___
___bfs com 6 Treads___
IO        : 1.662318
Compute   : 2.927009
Timer Wall Time: 4.589333
	Time:	0:00:08
	Energy:	0.0002 kWh
	CO2eq:	0.0318 g
	0.0003 km travelled by car
	Time:	0:00:08
	Energy:	0.0002 kWh
	CO2eq:	0.0318 g
	0.0003 km travelled by car
___bfs com 6 Treads_concluida___
___bfs com 8 Treads___
IO        : 1.644549
Compute   : 3.201167
Timer Wall Time: 4.845721
	Time:	0:00:08
	Energy:	0.0002 kWh
	CO2eq:	0.0336 g
	0.0003 km travelled by car
	Time:	0:00:08
	Energy:	0.0002 kWh
	CO2eq:	0.0336 g
	0.0003 km travelled by car
___bfs com 8 Treads_concluida___
___bfs com 10 Treads___
IO        : 1.644236
Compute   : 3.445046
Timer Wall Time: 5.089287
	Time:	0:00:08
	Energy:	0.0002 kWh
	CO2eq:	0.0346 g
	0.0003 km travelled by car
	Time:	0:00:08
	Energy:	0.0002 kWh
	CO2eq:	0.0346 g
	0.0003 km travelled by car
___bfs com 10 Treads_concluida___
___bfs com 12 Treads___
IO        : 1.648967
Compute   : 5.783036
Timer Wall Time: 7.432008
	Time:	0:00:11
	Energy:	0.0003 kWh
	CO2eq:	0.0439 g
	0.0004 km travelled by car
	Time:	0:00:11
	Energy:	0.0003 kWh
	CO2eq:	0.0439 g
	0.0004 km travelled by car
___bfs com 12 Treads_concluida___
___bfs com 14 Treads___
IO        : 1.881365
Compute   : 6.585433
Timer Wall Time: 8.466805
	Time:	0:00:12
	Energy:	0.0003 kWh
	CO2eq:	0.0479 g
	0.0004 km travelled by car
	Time:	0:00:12
	Energy:	0.0003 kWh
	CO2eq:	0.0479 g
	0.0004 km travelled by car
___bfs com 14 Treads_concluida___
___bfs com 16 Treads___
IO        : 1.746439
Compute   : 7.524635
Timer Wall Time: 9.271080
	Time:	0:00:13
	Energy:	0.0004 kWh
	CO2eq:	0.0514 g
	0.0005 km travelled by car
	Time:	0:00:13
	Energy:	0.0004 kWh
	CO2eq:	0.0514 g
	0.0005 km travelled by car
___bfs com 16 Treads_concluida___
___bfs com 18 Treads___
IO        : 1.647063
Compute   : 8.338319
Timer Wall Time: 9.985388
	Time:	0:00:13
	Energy:	0.0004 kWh
	CO2eq:	0.0547 g
	0.0005 km travelled by car
	Time:	0:00:13
	Energy:	0.0004 kWh
	CO2eq:	0.0547 g
	0.0005 km travelled by car
___bfs com 18 Treads_concluida___
___bfs com 20 Treads___
IO        : 1.961743
Compute   : 9.204704
Timer Wall Time: 11.166454
	Time:	0:00:14
	Energy:	0.0004 kWh
	CO2eq:	0.0583 g
	0.0005 km travelled by car
	Time:	0:00:14
	Energy:	0.0004 kWh
	CO2eq:	0.0583 g
	0.0005 km travelled by car
___bfs com 20 Treads_concluida___
___bfs com 22 Treads___
IO        : 1.895287
Compute   : 11.777025
Timer Wall Time: 13.672316
	Time:	0:00:17
	Energy:	0.0008 kWh
	CO2eq:	0.1076 g
	0.0010 km travelled by car
	Time:	0:00:17
	Energy:	0.0008 kWh
	CO2eq:	0.1076 g
	0.0010 km travelled by car
___bfs com 22 Treads_concluida___
___bfs com 24 Treads___
IO        : 1.941065
Compute   : 11.888693
Timer Wall Time: 13.829763
	Time:	0:00:17
	Energy:	0.0008 kWh
	CO2eq:	0.1089 g
	0.0010 km travelled by car
	Time:	0:00:17
	Energy:	0.0008 kWh
	CO2eq:	0.1089 g
	0.0010 km travelled by car
___bfs com 24 Treads_concluida___
___bfs com 26 Treads___
IO        : 1.773361
Compute   : 12.250313
Timer Wall Time: 14.023680
	Time:	0:00:17
	Energy:	0.0008 kWh
	CO2eq:	0.1087 g
	0.0010 km travelled by car
	Time:	0:00:17
	Energy:	0.0008 kWh
	CO2eq:	0.1087 g
	0.0010 km travelled by car
___bfs com 26 Treads_concluida___
___bfs com 28 Treads___
IO        : 1.672667
Compute   : 13.297405
Timer Wall Time: 14.970077
	Time:	0:00:18
	Energy:	0.0008 kWh
	CO2eq:	0.1172 g
	0.0011 km travelled by car
	Time:	0:00:18
	Energy:	0.0008 kWh
	CO2eq:	0.1172 g
	0.0011 km travelled by car
___bfs com 28 Treads_concluida___
___bfs com 30 Treads___
IO        : 1.741347
Compute   : 13.775054
Timer Wall Time: 15.516407
	Time:	0:00:19
	Energy:	0.0009 kWh
	CO2eq:	0.1208 g
	0.0011 km travelled by car
	Time:	0:00:19
	Energy:	0.0009 kWh
	CO2eq:	0.1208 g
	0.0011 km travelled by car
___bfs com 30 Treads_concluida___
___bfs com 32 Treads___
IO        : 1.944039
Compute   : 14.464679
Timer Wall Time: 16.408726
	Time:	0:00:20
	Energy:	0.0009 kWh
	CO2eq:	0.1274 g
	0.0012 km travelled by car
	Time:	0:00:20
	Energy:	0.0009 kWh
	CO2eq:	0.1274 g
	0.0012 km travelled by car
___bfs com 32 Treads_concluida___
___bfs com 34 Treads___
IO        : 1.990843
Compute   : 15.175396
Timer Wall Time: 17.166245
	Time:	0:00:21
	Energy:	0.0009 kWh
	CO2eq:	0.1303 g
	0.0012 km travelled by car
	Time:	0:00:21
	Energy:	0.0009 kWh
	CO2eq:	0.1303 g
	0.0012 km travelled by car
___bfs com 34 Treads_concluida___
___bfs com 36 Treads___
IO        : 1.956006
Compute   : 16.192197
Timer Wall Time: 18.148211
	Time:	0:00:22
	Energy:	0.0010 kWh
	CO2eq:	0.1409 g
	0.0013 km travelled by car
	Time:	0:00:22
	Energy:	0.0010 kWh
	CO2eq:	0.1409 g
	0.0013 km travelled by car
___bfs com 36 Treads_concluida___
___bfs com 38 Treads___
IO        : 1.923642
Compute   : 16.926673
Timer Wall Time: 18.850321
	Time:	0:00:22
	Energy:	0.0010 kWh
	CO2eq:	0.1433 g
	0.0013 km travelled by car
	Time:	0:00:22
	Energy:	0.0010 kWh
	CO2eq:	0.1433 g
	0.0013 km travelled by car
___bfs com 38 Treads_concluida___
___bfs com 40 Treads___
IO        : 1.783056
Compute   : 18.283700
Timer Wall Time: 20.066761
	Time:	0:00:23
	Energy:	0.0010 kWh
	CO2eq:	0.1348 g
	0.0013 km travelled by car
	Time:	0:00:23
	Energy:	0.0010 kWh
	CO2eq:	0.1348 g
	0.0013 km travelled by car
___bfs com 40 Treads_concluida___
Turn x4
___bfs com 2 Treads___
IO        : 1.743519
Compute   : 2.012769
Timer Wall Time: 3.756296
	Time:	0:00:07
	Energy:	0.0002 kWh
	CO2eq:	0.0298 g
	0.0003 km travelled by car
	Time:	0:00:07
	Energy:	0.0002 kWh
	CO2eq:	0.0298 g
	0.0003 km travelled by car
___bfs com 2 Treads_concluida___
___bfs com 4 Treads___
IO        : 1.648152
Compute   : 2.470572
Timer Wall Time: 4.118730
	Time:	0:00:07
	Energy:	0.0002 kWh
	CO2eq:	0.0305 g
	0.0003 km travelled by car
	Time:	0:00:07
	Energy:	0.0002 kWh
	CO2eq:	0.0305 g
	0.0003 km travelled by car
___bfs com 4 Treads_concluida___
___bfs com 6 Treads___
IO        : 1.696990
Compute   : 2.810088
Timer Wall Time: 4.507085
	Time:	0:00:08
	Energy:	0.0002 kWh
	CO2eq:	0.0322 g
	0.0003 km travelled by car
	Time:	0:00:08
	Energy:	0.0002 kWh
	CO2eq:	0.0322 g
	0.0003 km travelled by car
___bfs com 6 Treads_concluida___
___bfs com 8 Treads___
IO        : 1.641067
Compute   : 3.150417
Timer Wall Time: 4.791490
	Time:	0:00:08
	Energy:	0.0002 kWh
	CO2eq:	0.0331 g
	0.0003 km travelled by car
	Time:	0:00:08
	Energy:	0.0002 kWh
	CO2eq:	0.0331 g
	0.0003 km travelled by car
___bfs com 8 Treads_concluida___
___bfs com 10 Treads___
IO        : 1.654626
Compute   : 3.326060
Timer Wall Time: 4.980693
	Time:	0:00:08
	Energy:	0.0002 kWh
	CO2eq:	0.0340 g
	0.0003 km travelled by car
	Time:	0:00:08
	Energy:	0.0002 kWh
	CO2eq:	0.0340 g
	0.0003 km travelled by car
___bfs com 10 Treads_concluida___
___bfs com 12 Treads___
IO        : 1.647503
Compute   : 6.065017
Timer Wall Time: 7.712525
	Time:	0:00:11
	Energy:	0.0003 kWh
	CO2eq:	0.0452 g
	0.0004 km travelled by car
	Time:	0:00:11
	Energy:	0.0003 kWh
	CO2eq:	0.0452 g
	0.0004 km travelled by car
___bfs com 12 Treads_concluida___
___bfs com 14 Treads___
	Time:	0:00:03
	Energy:	0.0001 kWh
	CO2eq:	0.0138 g
	0.0001 km travelled by car
	Time:	0:00:03
	Energy:	0.0001 kWh
	CO2eq:	0.0138 g
	0.0001 km travelled by car
___bfs com 14 Treads_concluida___
___bfs com 16 Treads___
IO        : 1.813398
Compute   : 7.426383
Timer Wall Time: 9.239787
	Time:	0:00:13
	Energy:	0.0004 kWh
	CO2eq:	0.0511 g
	0.0005 km travelled by car
	Time:	0:00:13
	Energy:	0.0004 kWh
	CO2eq:	0.0511 g
	0.0005 km travelled by car
___bfs com 16 Treads_concluida___
___bfs com 18 Treads___
IO        : 1.671247
Compute   : 8.027530
Timer Wall Time: 9.698784
	Time:	0:00:13
	Energy:	0.0004 kWh
	CO2eq:	0.0535 g
	0.0005 km travelled by car
	Time:	0:00:13
	Energy:	0.0004 kWh
	CO2eq:	0.0535 g
	0.0005 km travelled by car
___bfs com 18 Treads_concluida___
___bfs com 20 Treads___
IO        : 1.842388
Compute   : 9.018862
Timer Wall Time: 10.861256
	Time:	0:00:14
	Energy:	0.0004 kWh
	CO2eq:	0.0579 g
	0.0005 km travelled by car
	Time:	0:00:14
	Energy:	0.0004 kWh
	CO2eq:	0.0579 g
	0.0005 km travelled by car
___bfs com 20 Treads_concluida___
___bfs com 22 Treads___
IO        : 2.036677
Compute   : 11.162307
Timer Wall Time: 13.198989
	Time:	0:00:17
	Energy:	0.0007 kWh
	CO2eq:	0.1027 g
	0.0010 km travelled by car
	Time:	0:00:17
	Energy:	0.0007 kWh
	CO2eq:	0.1027 g
	0.0010 km travelled by car
___bfs com 22 Treads_concluida___
___bfs com 24 Treads___
IO        : 1.705112
Compute   : 11.823655
Timer Wall Time: 13.528774
	Time:	0:00:17
	Energy:	0.0007 kWh
	CO2eq:	0.1057 g
	0.0010 km travelled by car
	Time:	0:00:17
	Energy:	0.0007 kWh
	CO2eq:	0.1057 g
	0.0010 km travelled by car
___bfs com 24 Treads_concluida___
___bfs com 26 Treads___
IO        : 1.774392
Compute   : 12.294849
Timer Wall Time: 14.069248
	Time:	0:00:17
	Energy:	0.0008 kWh
	CO2eq:	0.1103 g
	0.0010 km travelled by car
	Time:	0:00:17
	Energy:	0.0008 kWh
	CO2eq:	0.1103 g
	0.0010 km travelled by car
___bfs com 26 Treads_concluida___
___bfs com 28 Treads___
IO        : 1.736570
Compute   : 13.047257
Timer Wall Time: 14.783832
	Time:	0:00:18
	Energy:	0.0008 kWh
	CO2eq:	0.1155 g
	0.0011 km travelled by car
	Time:	0:00:18
	Energy:	0.0008 kWh
	CO2eq:	0.1155 g
	0.0011 km travelled by car
___bfs com 28 Treads_concluida___
___bfs com 30 Treads___
IO        : 1.643168
Compute   : 13.434627
Timer Wall Time: 15.077802
	Time:	0:00:18
	Energy:	0.0008 kWh
	CO2eq:	0.1178 g
	0.0011 km travelled by car
	Time:	0:00:18
	Energy:	0.0008 kWh
	CO2eq:	0.1178 g
	0.0011 km travelled by car
___bfs com 30 Treads_concluida___
___bfs com 32 Treads___
IO        : 1.786133
Compute   : 14.207767
Timer Wall Time: 15.993905
	Time:	0:00:19
	Energy:	0.0009 kWh
	CO2eq:	0.1246 g
	0.0012 km travelled by car
	Time:	0:00:19
	Energy:	0.0009 kWh
	CO2eq:	0.1246 g
	0.0012 km travelled by car
___bfs com 32 Treads_concluida___
___bfs com 34 Treads___
IO        : 2.022812
Compute   : 15.356743
Timer Wall Time: 17.379560
	Time:	0:00:21
	Energy:	0.0009 kWh
	CO2eq:	0.1339 g
	0.0012 km travelled by car
	Time:	0:00:21
	Energy:	0.0009 kWh
	CO2eq:	0.1339 g
	0.0012 km travelled by car
___bfs com 34 Treads_concluida___
___bfs com 36 Treads___
IO        : 2.227267
Compute   : 15.956214
Timer Wall Time: 18.183489
	Time:	0:00:21
	Energy:	0.0010 kWh
	CO2eq:	0.1377 g
	0.0013 km travelled by car
	Time:	0:00:21
	Energy:	0.0010 kWh
	CO2eq:	0.1377 g
	0.0013 km travelled by car
___bfs com 36 Treads_concluida___
___bfs com 38 Treads___
IO        : 2.164905
Compute   : 17.085557
Timer Wall Time: 19.250469
	Time:	0:00:23
	Energy:	0.0010 kWh
	CO2eq:	0.1461 g
	0.0014 km travelled by car
	Time:	0:00:23
	Energy:	0.0010 kWh
	CO2eq:	0.1461 g
	0.0014 km travelled by car
___bfs com 38 Treads_concluida___
___bfs com 40 Treads___
IO        : 1.772630
Compute   : 17.952229
Timer Wall Time: 19.724865
	Time:	0:00:23
	Energy:	0.0011 kWh
	CO2eq:	0.1494 g
	0.0014 km travelled by car
	Time:	0:00:23
	Energy:	0.0009 kWh
	CO2eq:	0.1315 g
	0.0012 km travelled by car
___bfs com 40 Treads_concluida___
Turn x5
___bfs com 2 Treads___
IO        : 1.692952
Compute   : 2.038002
Timer Wall Time: 3.730959
	Time:	0:00:07
	Energy:	0.0002 kWh
	CO2eq:	0.0293 g
	0.0003 km travelled by car
	Time:	0:00:07
	Energy:	0.0002 kWh
	CO2eq:	0.0293 g
	0.0003 km travelled by car
___bfs com 2 Treads_concluida___
___bfs com 4 Treads___
IO        : 1.674622
Compute   : 2.513071
Timer Wall Time: 4.187701
	Time:	0:00:07
	Energy:	0.0002 kWh
	CO2eq:	0.0305 g
	0.0003 km travelled by car
	Time:	0:00:07
	Energy:	0.0002 kWh
	CO2eq:	0.0305 g
	0.0003 km travelled by car
___bfs com 4 Treads_concluida___
___bfs com 6 Treads___
IO        : 1.672769
Compute   : 2.857913
Timer Wall Time: 4.530689
	Time:	0:00:08
	Energy:	0.0002 kWh
	CO2eq:	0.0322 g
	0.0003 km travelled by car
	Time:	0:00:08
	Energy:	0.0002 kWh
	CO2eq:	0.0322 g
	0.0003 km travelled by car
___bfs com 6 Treads_concluida___
___bfs com 8 Treads___
IO        : 1.668652
Compute   : 3.120897
Timer Wall Time: 4.789557
	Time:	0:00:08
	Energy:	0.0002 kWh
	CO2eq:	0.0332 g
	0.0003 km travelled by car
	Time:	0:00:08
	Energy:	0.0002 kWh
	CO2eq:	0.0332 g
	0.0003 km travelled by car
___bfs com 8 Treads_concluida___
___bfs com 10 Treads___
IO        : 1.653896
Compute   : 3.391653
Timer Wall Time: 5.045555
	Time:	0:00:09
	Energy:	0.0002 kWh
	CO2eq:	0.0350 g
	0.0003 km travelled by car
	Time:	0:00:09
	Energy:	0.0002 kWh
	CO2eq:	0.0350 g
	0.0003 km travelled by car
___bfs com 10 Treads_concluida___
___bfs com 12 Treads___
IO        : 1.784134
Compute   : 6.017701
Timer Wall Time: 7.801843
	Time:	0:00:11
	Energy:	0.0003 kWh
	CO2eq:	0.0450 g
	0.0004 km travelled by car
	Time:	0:00:11
	Energy:	0.0003 kWh
	CO2eq:	0.0450 g
	0.0004 km travelled by car
___bfs com 12 Treads_concluida___
___bfs com 14 Treads___
IO        : 2.145597
Compute   : 6.533515
Timer Wall Time: 8.679117
	Time:	0:00:12
	Energy:	0.0003 kWh
	CO2eq:	0.0479 g
	0.0004 km travelled by car
	Time:	0:00:12
	Energy:	0.0003 kWh
	CO2eq:	0.0479 g
	0.0004 km travelled by car
___bfs com 14 Treads_concluida___
___bfs com 16 Treads___
IO        : 2.222385
Compute   : 7.853650
Timer Wall Time: 10.076041
	Time:	0:00:13
	Energy:	0.0004 kWh
	CO2eq:	0.0543 g
	0.0005 km travelled by car
	Time:	0:00:13
	Energy:	0.0004 kWh
	CO2eq:	0.0543 g
	0.0005 km travelled by car
___bfs com 16 Treads_concluida___
___bfs com 18 Treads___
IO        : 2.117368
Compute   : 8.317135
Timer Wall Time: 10.434516
	Time:	0:00:14
	Energy:	0.0004 kWh
	CO2eq:	0.0551 g
	0.0005 km travelled by car
	Time:	0:00:14
	Energy:	0.0004 kWh
	CO2eq:	0.0551 g
	0.0005 km travelled by car
___bfs com 18 Treads_concluida___
___bfs com 20 Treads___
IO        : 1.948025
Compute   : 8.917516
Timer Wall Time: 10.865546
	Time:	0:00:14
	Energy:	0.0004 kWh
	CO2eq:	0.0572 g
	0.0005 km travelled by car
	Time:	0:00:14
	Energy:	0.0004 kWh
	CO2eq:	0.0572 g
	0.0005 km travelled by car
___bfs com 20 Treads_concluida___
___bfs com 22 Treads___
IO        : 1.927134
Compute   : 11.635361
Timer Wall Time: 13.562502
	Time:	0:00:17
	Energy:	0.0007 kWh
	CO2eq:	0.1061 g
	0.0010 km travelled by car
	Time:	0:00:17
	Energy:	0.0007 kWh
	CO2eq:	0.1061 g
	0.0010 km travelled by car
___bfs com 22 Treads_concluida___
___bfs com 24 Treads___
IO        : 1.748101
Compute   : 11.830536
Timer Wall Time: 13.578642
	Time:	0:00:17
	Energy:	0.0007 kWh
	CO2eq:	0.1051 g
	0.0010 km travelled by car
	Time:	0:00:17
	Energy:	0.0007 kWh
	CO2eq:	0.1051 g
	0.0010 km travelled by car
___bfs com 24 Treads_concluida___
___bfs com 26 Treads___
IO        : 1.657900
Compute   : 12.412198
Timer Wall Time: 14.070106
	Time:	0:00:17
	Energy:	0.0008 kWh
	CO2eq:	0.1102 g
	0.0010 km travelled by car
	Time:	0:00:17
	Energy:	0.0008 kWh
	CO2eq:	0.1102 g
	0.0010 km travelled by car
___bfs com 26 Treads_concluida___
___bfs com 28 Treads___
IO        : 1.841545
Compute   : 12.961414
Timer Wall Time: 14.802968
	Time:	0:00:18
	Energy:	0.0008 kWh
	CO2eq:	0.1152 g
	0.0011 km travelled by car
	Time:	0:00:18
	Energy:	0.0008 kWh
	CO2eq:	0.1152 g
	0.0011 km travelled by car
___bfs com 28 Treads_concluida___
___bfs com 30 Treads___
IO        : 1.773321
Compute   : 13.786359
Timer Wall Time: 15.559686
	Time:	0:00:19
	Energy:	0.0009 kWh
	CO2eq:	0.1209 g
	0.0011 km travelled by car
	Time:	0:00:19
	Energy:	0.0009 kWh
	CO2eq:	0.1209 g
	0.0011 km travelled by car
___bfs com 30 Treads_concluida___
___bfs com 32 Treads___
IO        : 2.217975
Compute   : 14.284468
Timer Wall Time: 16.502447
	Time:	0:00:20
	Energy:	0.0009 kWh
	CO2eq:	0.1263 g
	0.0012 km travelled by car
	Time:	0:00:20
	Energy:	0.0009 kWh
	CO2eq:	0.1263 g
	0.0012 km travelled by car
___bfs com 32 Treads_concluida___
___bfs com 34 Treads___
IO        : 1.694886
Compute   : 15.455924
Timer Wall Time: 17.150818
	Time:	0:00:20
	Energy:	0.0009 kWh
	CO2eq:	0.1321 g
	0.0012 km travelled by car
	Time:	0:00:20
	Energy:	0.0009 kWh
	CO2eq:	0.1321 g
	0.0012 km travelled by car
___bfs com 34 Treads_concluida___
___bfs com 36 Treads___
IO        : 1.758400
Compute   : 16.225592
Timer Wall Time: 17.983997
	Time:	0:00:21
	Energy:	0.0010 kWh
	CO2eq:	0.1383 g
	0.0013 km travelled by car
	Time:	0:00:21
	Energy:	0.0010 kWh
	CO2eq:	0.1383 g
	0.0013 km travelled by car
___bfs com 36 Treads_concluida___
___bfs com 38 Treads___
IO        : 1.628740
Compute   : 17.178236
Timer Wall Time: 18.806982
	Time:	0:00:22
	Energy:	0.0010 kWh
	CO2eq:	0.1439 g
	0.0013 km travelled by car
	Time:	0:00:22
	Energy:	0.0010 kWh
	CO2eq:	0.1439 g
	0.0013 km travelled by car
___bfs com 38 Treads_concluida___
___bfs com 40 Treads___
IO        : 1.647203
Compute   : 17.797847
Timer Wall Time: 19.445057
	Time:	0:00:23
	Energy:	0.0010 kWh
	CO2eq:	0.1486 g
	0.0014 km travelled by car
	Time:	0:00:23
	Energy:	0.0010 kWh
	CO2eq:	0.1486 g
	0.0014 km travelled by car
___bfs com 40 Treads_concluida___
Turn x6
___bfs com 2 Treads___
IO        : 1.951548
Compute   : 2.044767
Timer Wall Time: 3.996321
	Time:	0:00:07
	Energy:	0.0002 kWh
	CO2eq:	0.0300 g
	0.0003 km travelled by car
	Time:	0:00:07
	Energy:	0.0002 kWh
	CO2eq:	0.0300 g
	0.0003 km travelled by car
___bfs com 2 Treads_concluida___
___bfs com 4 Treads___
IO        : 1.894972
Compute   : 2.493454
Timer Wall Time: 4.388432
	Time:	0:00:08
	Energy:	0.0002 kWh
	CO2eq:	0.0311 g
	0.0003 km travelled by car
	Time:	0:00:08
	Energy:	0.0002 kWh
	CO2eq:	0.0311 g
	0.0003 km travelled by car
___bfs com 4 Treads_concluida___
___bfs com 6 Treads___
IO        : 2.299814
Compute   : 2.827891
Timer Wall Time: 5.127716
	Time:	0:00:08
	Energy:	0.0002 kWh
	CO2eq:	0.0339 g
	0.0003 km travelled by car
	Time:	0:00:08
	Energy:	0.0002 kWh
	CO2eq:	0.0339 g
	0.0003 km travelled by car
___bfs com 6 Treads_concluida___
___bfs com 8 Treads___
IO        : 1.696611
Compute   : 3.186849
Timer Wall Time: 4.883467
	Time:	0:00:08
	Energy:	0.0002 kWh
	CO2eq:	0.0318 g
	0.0003 km travelled by car
	Time:	0:00:08
	Energy:	0.0002 kWh
	CO2eq:	0.0318 g
	0.0003 km travelled by car
___bfs com 8 Treads_concluida___
___bfs com 10 Treads___
IO        : 1.646536
Compute   : 3.334061
Timer Wall Time: 4.980605
	Time:	0:00:08
	Energy:	0.0002 kWh
	CO2eq:	0.0339 g
	0.0003 km travelled by car
	Time:	0:00:08
	Energy:	0.0002 kWh
	CO2eq:	0.0339 g
	0.0003 km travelled by car
___bfs com 10 Treads_concluida___
___bfs com 12 Treads___
IO        : 2.069345
Compute   : 5.781977
Timer Wall Time: 7.851329
	Time:	0:00:11
	Energy:	0.0003 kWh
	CO2eq:	0.0434 g
	0.0004 km travelled by car
	Time:	0:00:11
	Energy:	0.0003 kWh
	CO2eq:	0.0434 g
	0.0004 km travelled by car
___bfs com 12 Treads_concluida___
___bfs com 14 Treads___
IO        : 1.638661
Compute   : 6.803443
Timer Wall Time: 8.442110
	Time:	0:00:12
	Energy:	0.0003 kWh
	CO2eq:	0.0453 g
	0.0004 km travelled by car
	Time:	0:00:12
	Energy:	0.0003 kWh
	CO2eq:	0.0453 g
	0.0004 km travelled by car
___bfs com 14 Treads_concluida___
___bfs com 16 Treads___
IO        : 1.782499
Compute   : 7.663609
Timer Wall Time: 9.446129
	Time:	0:00:13
	Energy:	0.0004 kWh
	CO2eq:	0.0520 g
	0.0005 km travelled by car
	Time:	0:00:13
	Energy:	0.0004 kWh
	CO2eq:	0.0520 g
	0.0005 km travelled by car
___bfs com 16 Treads_concluida___
___bfs com 18 Treads___
IO        : 1.667084
Compute   : 8.349843
Timer Wall Time: 10.016934
	Time:	0:00:13
	Energy:	0.0004 kWh
	CO2eq:	0.0544 g
	0.0005 km travelled by car
	Time:	0:00:13
	Energy:	0.0004 kWh
	CO2eq:	0.0544 g
	0.0005 km travelled by car
___bfs com 18 Treads_concluida___
___bfs com 20 Treads___
IO        : 1.912578
Compute   : 9.065693
Timer Wall Time: 10.978277
	Time:	0:00:11
	Energy:	0.0003 kWh
	CO2eq:	0.0429 g
	0.0004 km travelled by car
	Time:	0:00:11
	Energy:	0.0003 kWh
	CO2eq:	0.0429 g
	0.0004 km travelled by car
___bfs com 20 Treads_concluida___
___bfs com 22 Treads___
IO        : 1.839428
Compute   : 11.436842
Timer Wall Time: 13.276276
	Time:	0:00:17
	Energy:	0.0007 kWh
	CO2eq:	0.1032 g
	0.0010 km travelled by car
	Time:	0:00:17
	Energy:	0.0007 kWh
	CO2eq:	0.1032 g
	0.0010 km travelled by car
___bfs com 22 Treads_concluida___
___bfs com 24 Treads___
IO        : 2.344627
Compute   : 11.737712
Timer Wall Time: 14.082348
	Time:	0:00:17
	Energy:	0.0008 kWh
	CO2eq:	0.1099 g
	0.0010 km travelled by car
	Time:	0:00:17
	Energy:	0.0008 kWh
	CO2eq:	0.1099 g
	0.0010 km travelled by car
___bfs com 24 Treads_concluida___
___bfs com 26 Treads___
IO        : 1.696650
Compute   : 12.045544
Timer Wall Time: 13.742200
	Time:	0:00:17
	Energy:	0.0008 kWh
	CO2eq:	0.1085 g
	0.0010 km travelled by car
	Time:	0:00:17
	Energy:	0.0008 kWh
	CO2eq:	0.1085 g
	0.0010 km travelled by car
___bfs com 26 Treads_concluida___
___bfs com 28 Treads___
IO        : 1.751524
Compute   : 13.166496
Timer Wall Time: 14.918027
	Time:	0:00:18
	Energy:	0.0008 kWh
	CO2eq:	0.1162 g
	0.0011 km travelled by car
	Time:	0:00:18
	Energy:	0.0008 kWh
	CO2eq:	0.1162 g
	0.0011 km travelled by car
___bfs com 28 Treads_concluida___
___bfs com 30 Treads___
IO        : 1.770414
Compute   : 13.712303
Timer Wall Time: 15.482723
	Time:	0:00:19
	Energy:	0.0009 kWh
	CO2eq:	0.1206 g
	0.0011 km travelled by car
	Time:	0:00:19
	Energy:	0.0009 kWh
	CO2eq:	0.1206 g
	0.0011 km travelled by car
___bfs com 30 Treads_concluida___
___bfs com 32 Treads___
IO        : 2.154205
Compute   : 14.834683
Timer Wall Time: 16.988894
	Time:	0:00:20
	Energy:	0.0009 kWh
	CO2eq:	0.1303 g
	0.0012 km travelled by car
	Time:	0:00:20
	Energy:	0.0009 kWh
	CO2eq:	0.1303 g
	0.0012 km travelled by car
___bfs com 32 Treads_concluida___
___bfs com 34 Treads___
IO        : 2.253992
Compute   : 15.461822
Timer Wall Time: 17.715832
	Time:	0:00:21
	Energy:	0.0009 kWh
	CO2eq:	0.1338 g
	0.0012 km travelled by car
	Time:	0:00:21
	Energy:	0.0009 kWh
	CO2eq:	0.1338 g
	0.0012 km travelled by car
___bfs com 34 Treads_concluida___
___bfs com 36 Treads___
IO        : 2.189242
Compute   : 16.305432
Timer Wall Time: 18.494680
	Time:	0:00:22
	Energy:	0.0010 kWh
	CO2eq:	0.1390 g
	0.0013 km travelled by car
	Time:	0:00:22
	Energy:	0.0010 kWh
	CO2eq:	0.1390 g
	0.0013 km travelled by car
___bfs com 36 Treads_concluida___
___bfs com 38 Treads___
IO        : 2.791481
Compute   : 16.883090
Timer Wall Time: 19.674578
	Time:	0:00:23
	Energy:	0.0010 kWh
	CO2eq:	0.1462 g
	0.0014 km travelled by car
	Time:	0:00:23
	Energy:	0.0009 kWh
	CO2eq:	0.1302 g
	0.0012 km travelled by car
___bfs com 38 Treads_concluida___
___bfs com 40 Treads___
IO        : 1.649619
Compute   : 18.134840
Timer Wall Time: 19.784466
	Time:	0:00:23
	Energy:	0.0009 kWh
	CO2eq:	0.1321 g
	0.0012 km travelled by car
	Time:	0:00:23
	Energy:	0.0009 kWh
	CO2eq:	0.1321 g
	0.0012 km travelled by car
___bfs com 40 Treads_concluida___
Turn x7
___bfs com 2 Treads___
IO        : 1.933191
Compute   : 2.081086
Timer Wall Time: 4.014282
	Time:	0:00:07
	Energy:	0.0002 kWh
	CO2eq:	0.0289 g
	0.0003 km travelled by car
	Time:	0:00:07
	Energy:	0.0002 kWh
	CO2eq:	0.0289 g
	0.0003 km travelled by car
___bfs com 2 Treads_concluida___
___bfs com 4 Treads___
IO        : 2.237347
Compute   : 2.563133
Timer Wall Time: 4.800486
	Time:	0:00:08
	Energy:	0.0002 kWh
	CO2eq:	0.0327 g
	0.0003 km travelled by car
	Time:	0:00:08
	Energy:	0.0002 kWh
	CO2eq:	0.0327 g
	0.0003 km travelled by car
___bfs com 4 Treads_concluida___
___bfs com 6 Treads___
IO        : 1.731718
Compute   : 2.837869
Timer Wall Time: 4.569595
	Time:	0:00:05
	Energy:	0.0001 kWh
	CO2eq:	0.0193 g
	0.0002 km travelled by car
	Time:	0:00:05
	Energy:	0.0001 kWh
	CO2eq:	0.0193 g
	0.0002 km travelled by car
___bfs com 6 Treads_concluida___
___bfs com 8 Treads___
IO        : 1.761892
Compute   : 3.138696
Timer Wall Time: 4.900593
	Time:	0:00:08
	Energy:	0.0002 kWh
	CO2eq:	0.0339 g
	0.0003 km travelled by car
	Time:	0:00:08
	Energy:	0.0002 kWh
	CO2eq:	0.0339 g
	0.0003 km travelled by car
___bfs com 8 Treads_concluida___
___bfs com 10 Treads___
IO        : 1.648661
Compute   : 3.328891
Timer Wall Time: 4.977557
	Time:	0:00:08
	Energy:	0.0002 kWh
	CO2eq:	0.0340 g
	0.0003 km travelled by car
	Time:	0:00:08
	Energy:	0.0002 kWh
	CO2eq:	0.0340 g
	0.0003 km travelled by car
___bfs com 10 Treads_concluida___
___bfs com 12 Treads___
IO        : 1.754208
Compute   : 6.189013
Timer Wall Time: 7.943226
	Time:	0:00:11
	Energy:	0.0003 kWh
	CO2eq:	0.0456 g
	0.0004 km travelled by car
	Time:	0:00:11
	Energy:	0.0003 kWh
	CO2eq:	0.0456 g
	0.0004 km travelled by car
___bfs com 12 Treads_concluida___
___bfs com 14 Treads___
IO        : 1.940832
Compute   : 6.875803
Timer Wall Time: 8.816642
	Time:	0:00:12
	Energy:	0.0004 kWh
	CO2eq:	0.0499 g
	0.0005 km travelled by car
	Time:	0:00:12
	Energy:	0.0004 kWh
	CO2eq:	0.0499 g
	0.0005 km travelled by car
___bfs com 14 Treads_concluida___
___bfs com 16 Treads___
IO        : 2.031270
Compute   : 7.359464
Timer Wall Time: 9.390741
	Time:	0:00:13
	Energy:	0.0004 kWh
	CO2eq:	0.0521 g
	0.0005 km travelled by car
	Time:	0:00:13
	Energy:	0.0004 kWh
	CO2eq:	0.0521 g
	0.0005 km travelled by car
___bfs com 16 Treads_concluida___
___bfs com 18 Treads___
IO        : 2.316092
Compute   : 8.181367
Timer Wall Time: 10.497464
	Time:	0:00:14
	Energy:	0.0004 kWh
	CO2eq:	0.0548 g
	0.0005 km travelled by car
	Time:	0:00:14
	Energy:	0.0004 kWh
	CO2eq:	0.0548 g
	0.0005 km travelled by car
___bfs com 18 Treads_concluida___
___bfs com 20 Treads___
IO        : 1.755943
Compute   : 9.166700
Timer Wall Time: 10.922649
	Time:	0:00:14
	Energy:	0.0004 kWh
	CO2eq:	0.0583 g
	0.0005 km travelled by car
	Time:	0:00:14
	Energy:	0.0004 kWh
	CO2eq:	0.0583 g
	0.0005 km travelled by car
___bfs com 20 Treads_concluida___
___bfs com 22 Treads___
IO        : 1.965759
Compute   : 11.557913
Timer Wall Time: 13.523680
	Time:	0:00:17
	Energy:	0.0008 kWh
	CO2eq:	0.1067 g
	0.0010 km travelled by car
	Time:	0:00:17
	Energy:	0.0008 kWh
	CO2eq:	0.1067 g
	0.0010 km travelled by car
___bfs com 22 Treads_concluida___
___bfs com 24 Treads___
IO        : 2.077459
Compute   : 11.847294
Timer Wall Time: 13.924759
	Time:	0:00:17
	Energy:	0.0008 kWh
	CO2eq:	0.1097 g
	0.0010 km travelled by car
	Time:	0:00:17
	Energy:	0.0008 kWh
	CO2eq:	0.1097 g
	0.0010 km travelled by car
___bfs com 24 Treads_concluida___
___bfs com 26 Treads___
IO        : 1.694279
Compute   : 12.313894
Timer Wall Time: 14.008178
	Time:	0:00:17
	Energy:	0.0008 kWh
	CO2eq:	0.1107 g
	0.0010 km travelled by car
	Time:	0:00:17
	Energy:	0.0008 kWh
	CO2eq:	0.1107 g
	0.0010 km travelled by car
___bfs com 26 Treads_concluida___
___bfs com 28 Treads___
IO        : 1.642843
Compute   : 12.811128
Timer Wall Time: 14.453979
	Time:	0:00:18
	Energy:	0.0008 kWh
	CO2eq:	0.1133 g
	0.0011 km travelled by car
	Time:	0:00:18
	Energy:	0.0008 kWh
	CO2eq:	0.1133 g
	0.0011 km travelled by car
___bfs com 28 Treads_concluida___
___bfs com 30 Treads___
IO        : 1.987915
Compute   : 13.768073
Timer Wall Time: 15.755995
	Time:	0:00:19
	Energy:	0.0009 kWh
	CO2eq:	0.1222 g
	0.0011 km travelled by car
	Time:	0:00:19
	Energy:	0.0009 kWh
	CO2eq:	0.1222 g
	0.0011 km travelled by car
___bfs com 30 Treads_concluida___
___bfs com 32 Treads___
IO        : 2.423941
Compute   : 14.048578
Timer Wall Time: 16.472525
	Time:	0:00:20
	Energy:	0.0009 kWh
	CO2eq:	0.1260 g
	0.0012 km travelled by car
	Time:	0:00:20
	Energy:	0.0009 kWh
	CO2eq:	0.1260 g
	0.0012 km travelled by car
___bfs com 32 Treads_concluida___
___bfs com 34 Treads___
IO        : 1.871922
Compute   : 15.200537
Timer Wall Time: 17.072466
	Time:	0:00:20
	Energy:	0.0009 kWh
	CO2eq:	0.1308 g
	0.0012 km travelled by car
	Time:	0:00:20
	Energy:	0.0009 kWh
	CO2eq:	0.1308 g
	0.0012 km travelled by car
___bfs com 34 Treads_concluida___
___bfs com 36 Treads___
IO        : 1.899545
Compute   : 15.973420
Timer Wall Time: 17.872971
	Time:	0:00:21
	Energy:	0.0010 kWh
	CO2eq:	0.1363 g
	0.0013 km travelled by car
	Time:	0:00:21
	Energy:	0.0010 kWh
	CO2eq:	0.1363 g
	0.0013 km travelled by car
___bfs com 36 Treads_concluida___
___bfs com 38 Treads___
IO        : 1.763558
Compute   : 16.861600
Timer Wall Time: 18.625170
	Time:	0:00:22
	Energy:	0.0010 kWh
	CO2eq:	0.1427 g
	0.0013 km travelled by car
	Time:	0:00:22
	Energy:	0.0010 kWh
	CO2eq:	0.1427 g
	0.0013 km travelled by car
___bfs com 38 Treads_concluida___
___bfs com 40 Treads___
IO        : 1.658989
Compute   : 17.380910
Timer Wall Time: 19.039906
	Time:	0:00:22
	Energy:	0.0010 kWh
	CO2eq:	0.1463 g
	0.0014 km travelled by car
	Time:	0:00:22
	Energy:	0.0010 kWh
	CO2eq:	0.1463 g
	0.0014 km travelled by car
___bfs com 40 Treads_concluida___
Turn x8
___bfs com 2 Treads___
IO        : 1.653818
Compute   : 2.025428
Timer Wall Time: 3.679251
	Time:	0:00:07
	Energy:	0.0002 kWh
	CO2eq:	0.0291 g
	0.0003 km travelled by car
	Time:	0:00:07
	Energy:	0.0002 kWh
	CO2eq:	0.0291 g
	0.0003 km travelled by car
___bfs com 2 Treads_concluida___
___bfs com 4 Treads___
IO        : 1.779425
Compute   : 2.477777
Timer Wall Time: 4.257210
	Time:	0:00:07
	Energy:	0.0002 kWh
	CO2eq:	0.0314 g
	0.0003 km travelled by car
	Time:	0:00:07
	Energy:	0.0002 kWh
	CO2eq:	0.0314 g
	0.0003 km travelled by car
___bfs com 4 Treads_concluida___
___bfs com 6 Treads___
IO        : 1.838705
Compute   : 2.821119
Timer Wall Time: 4.659830
	Time:	0:00:08
	Energy:	0.0002 kWh
	CO2eq:	0.0325 g
	0.0003 km travelled by car
	Time:	0:00:08
	Energy:	0.0002 kWh
	CO2eq:	0.0325 g
	0.0003 km travelled by car
___bfs com 6 Treads_concluida___
___bfs com 8 Treads___
IO        : 1.827064
Compute   : 3.154290
Timer Wall Time: 4.981360
	Time:	0:00:08
	Energy:	0.0002 kWh
	CO2eq:	0.0335 g
	0.0003 km travelled by car
	Time:	0:00:08
	Energy:	0.0002 kWh
	CO2eq:	0.0335 g
	0.0003 km travelled by car
___bfs com 8 Treads_concluida___
___bfs com 10 Treads___
IO        : 1.919492
Compute   : 3.321037
Timer Wall Time: 5.240536
	Time:	0:00:09
	Energy:	0.0002 kWh
	CO2eq:	0.0333 g
	0.0003 km travelled by car
	Time:	0:00:09
	Energy:	0.0002 kWh
	CO2eq:	0.0333 g
	0.0003 km travelled by car
___bfs com 10 Treads_concluida___
___bfs com 12 Treads___
IO        : 2.094475
Compute   : 5.969965
Timer Wall Time: 8.064448
	Time:	0:00:11
	Energy:	0.0003 kWh
	CO2eq:	0.0431 g
	0.0004 km travelled by car
	Time:	0:00:11
	Energy:	0.0003 kWh
	CO2eq:	0.0431 g
	0.0004 km travelled by car
___bfs com 12 Treads_concluida___
___bfs com 14 Treads___
IO        : 2.067623
Compute   : 6.562811
Timer Wall Time: 8.630441
	Time:	0:00:12
	Energy:	0.0003 kWh
	CO2eq:	0.0474 g
	0.0004 km travelled by car
	Time:	0:00:12
	Energy:	0.0003 kWh
	CO2eq:	0.0479 g
	0.0004 km travelled by car
___bfs com 14 Treads_concluida___
___bfs com 16 Treads___
IO        : 2.024037
Compute   : 7.384556
Timer Wall Time: 9.408600
	Time:	0:00:13
	Energy:	0.0004 kWh
	CO2eq:	0.0510 g
	0.0005 km travelled by car
	Time:	0:00:13
	Energy:	0.0004 kWh
	CO2eq:	0.0510 g
	0.0005 km travelled by car
___bfs com 16 Treads_concluida___
___bfs com 18 Treads___
IO        : 2.026364
Compute   : 8.296370
Timer Wall Time: 10.322742
	Time:	0:00:14
	Energy:	0.0004 kWh
	CO2eq:	0.0547 g
	0.0005 km travelled by car
	Time:	0:00:14
	Energy:	0.0004 kWh
	CO2eq:	0.0547 g
	0.0005 km travelled by car
___bfs com 18 Treads_concluida___
___bfs com 20 Treads___
IO        : 2.060721
Compute   : 9.030306
Timer Wall Time: 11.091035
	Time:	0:00:14
	Energy:	0.0004 kWh
	CO2eq:	0.0564 g
	0.0005 km travelled by car
	Time:	0:00:14
	Energy:	0.0004 kWh
	CO2eq:	0.0564 g
	0.0005 km travelled by car
___bfs com 20 Treads_concluida___
___bfs com 22 Treads___
IO        : 2.120291
Compute   : 11.283621
Timer Wall Time: 13.403917
	Time:	0:00:17
	Energy:	0.0007 kWh
	CO2eq:	0.1055 g
	0.0010 km travelled by car
	Time:	0:00:17
	Energy:	0.0007 kWh
	CO2eq:	0.1055 g
	0.0010 km travelled by car
___bfs com 22 Treads_concluida___
___bfs com 24 Treads___
IO        : 1.873034
Compute   : 11.835187
Timer Wall Time: 13.708226
	Time:	0:00:17
	Energy:	0.0008 kWh
	CO2eq:	0.1067 g
	0.0010 km travelled by car
	Time:	0:00:17
	Energy:	0.0008 kWh
	CO2eq:	0.1067 g
	0.0010 km travelled by car
___bfs com 24 Treads_concluida___
___bfs com 26 Treads___
IO        : 1.650079
Compute   : 12.326594
Timer Wall Time: 13.976679
	Time:	0:00:17
	Energy:	0.0008 kWh
	CO2eq:	0.1100 g
	0.0010 km travelled by car
	Time:	0:00:17
	Energy:	0.0008 kWh
	CO2eq:	0.1100 g
	0.0010 km travelled by car
___bfs com 26 Treads_concluida___
___bfs com 28 Treads___
IO        : 1.782230
Compute   : 13.241024
Timer Wall Time: 15.023261
	Time:	0:00:18
	Energy:	0.0008 kWh
	CO2eq:	0.1178 g
	0.0011 km travelled by car
	Time:	0:00:18
	Energy:	0.0008 kWh
	CO2eq:	0.1178 g
	0.0011 km travelled by car
___bfs com 28 Treads_concluida___
___bfs com 30 Treads___
IO        : 1.816746
Compute   : 13.489177
Timer Wall Time: 15.305929
	Time:	0:00:19
	Energy:	0.0008 kWh
	CO2eq:	0.1192 g
	0.0011 km travelled by car
	Time:	0:00:19
	Energy:	0.0008 kWh
	CO2eq:	0.1192 g
	0.0011 km travelled by car
___bfs com 30 Treads_concluida___
___bfs com 32 Treads___
IO        : 1.682548
Compute   : 14.227325
Timer Wall Time: 15.909880
	Time:	0:00:19
	Energy:	0.0009 kWh
	CO2eq:	0.1214 g
	0.0011 km travelled by car
	Time:	0:00:19
	Energy:	0.0009 kWh
	CO2eq:	0.1214 g
	0.0011 km travelled by car
___bfs com 32 Treads_concluida___
___bfs com 34 Treads___
IO        : 1.749453
Compute   : 14.906616
Timer Wall Time: 16.656075
	Time:	0:00:20
	Energy:	0.0009 kWh
	CO2eq:	0.1287 g
	0.0012 km travelled by car
	Time:	0:00:20
	Energy:	0.0009 kWh
	CO2eq:	0.1287 g
	0.0012 km travelled by car
___bfs com 34 Treads_concluida___
___bfs com 36 Treads___
IO        : 1.777819
Compute   : 16.560539
Timer Wall Time: 18.338366
	Time:	0:00:22
	Energy:	0.0010 kWh
	CO2eq:	0.1410 g
	0.0013 km travelled by car
	Time:	0:00:22
	Energy:	0.0010 kWh
	CO2eq:	0.1410 g
	0.0013 km travelled by car
___bfs com 36 Treads_concluida___
___bfs com 38 Treads___
IO        : 1.763102
Compute   : 16.475648
Timer Wall Time: 18.238756
	Time:	0:00:22
	Energy:	0.0010 kWh
	CO2eq:	0.1379 g
	0.0013 km travelled by car
	Time:	0:00:22
	Energy:	0.0010 kWh
	CO2eq:	0.1379 g
	0.0013 km travelled by car
___bfs com 38 Treads_concluida___
___bfs com 40 Treads___
IO        : 1.683097
Compute   : 17.875568
Timer Wall Time: 19.558672
	Time:	0:00:23
	Energy:	0.0011 kWh
	CO2eq:	0.1493 g
	0.0014 km travelled by car
	Time:	0:00:23
	Energy:	0.0011 kWh
	CO2eq:	0.1493 g
	0.0014 km travelled by car
___bfs com 40 Treads_concluida___
Turn x9
___bfs com 2 Treads___
IO        : 1.981815
Compute   : 1.994743
Timer Wall Time: 3.976564
	Time:	0:00:07
	Energy:	0.0002 kWh
	CO2eq:	0.0297 g
	0.0003 km travelled by car
	Time:	0:00:07
	Energy:	0.0002 kWh
	CO2eq:	0.0297 g
	0.0003 km travelled by car
___bfs com 2 Treads_concluida___
___bfs com 4 Treads___
IO        : 1.830819
Compute   : 2.453755
Timer Wall Time: 4.284581
	Time:	0:00:08
	Energy:	0.0002 kWh
	CO2eq:	0.0308 g
	0.0003 km travelled by car
	Time:	0:00:08
	Energy:	0.0002 kWh
	CO2eq:	0.0308 g
	0.0003 km travelled by car
___bfs com 4 Treads_concluida___
___bfs com 6 Treads___
IO        : 2.493415
Compute   : 2.796840
Timer Wall Time: 5.290265
	Time:	0:00:09
	Energy:	0.0002 kWh
	CO2eq:	0.0333 g
	0.0003 km travelled by car
	Time:	0:00:09
	Energy:	0.0002 kWh
	CO2eq:	0.0333 g
	0.0003 km travelled by car
___bfs com 6 Treads_concluida___
___bfs com 8 Treads___
IO        : 1.683752
Compute   : 3.213604
Timer Wall Time: 4.897361
	Time:	0:00:08
	Energy:	0.0002 kWh
	CO2eq:	0.0315 g
	0.0003 km travelled by car
	Time:	0:00:08
	Energy:	0.0002 kWh
	CO2eq:	0.0315 g
	0.0003 km travelled by car
___bfs com 8 Treads_concluida___
___bfs com 10 Treads___
IO        : 2.063654
Compute   : 3.398090
Timer Wall Time: 5.461752
	Time:	0:00:09
	Energy:	0.0002 kWh
	CO2eq:	0.0337 g
	0.0003 km travelled by car
	Time:	0:00:09
	Energy:	0.0002 kWh
	CO2eq:	0.0337 g
	0.0003 km travelled by car
___bfs com 10 Treads_concluida___
___bfs com 12 Treads___
IO        : 2.106373
Compute   : 5.715568
Timer Wall Time: 7.821947
	Time:	0:00:11
	Energy:	0.0003 kWh
	CO2eq:	0.0438 g
	0.0004 km travelled by car
	Time:	0:00:11
	Energy:	0.0003 kWh
	CO2eq:	0.0438 g
	0.0004 km travelled by car
___bfs com 12 Treads_concluida___
___bfs com 14 Treads___
IO        : 2.236575
Compute   : 6.560651
Timer Wall Time: 8.797231
	Time:	0:00:12
	Energy:	0.0003 kWh
	CO2eq:	0.0484 g
	0.0004 km travelled by car
	Time:	0:00:12
	Energy:	0.0003 kWh
	CO2eq:	0.0484 g
	0.0004 km travelled by car
___bfs com 14 Treads_concluida___
___bfs com 16 Treads___
IO        : 2.519007
Compute   : 7.353144
Timer Wall Time: 9.872157
	Time:	0:00:13
	Energy:	0.0004 kWh
	CO2eq:	0.0526 g
	0.0005 km travelled by car
	Time:	0:00:13
	Energy:	0.0004 kWh
	CO2eq:	0.0526 g
	0.0005 km travelled by car
___bfs com 16 Treads_concluida___
___bfs com 18 Treads___
IO        : 2.311782
Compute   : 8.021536
Timer Wall Time: 10.333324
	Time:	0:00:14
	Energy:	0.0004 kWh
	CO2eq:	0.0552 g
	0.0005 km travelled by car
	Time:	0:00:14
	Energy:	0.0004 kWh
	CO2eq:	0.0552 g
	0.0005 km travelled by car
___bfs com 18 Treads_concluida___
___bfs com 20 Treads___
IO        : 1.648837
Compute   : 9.171509
Timer Wall Time: 10.820352
	Time:	0:00:14
	Energy:	0.0004 kWh
	CO2eq:	0.0581 g
	0.0005 km travelled by car
	Time:	0:00:14
	Energy:	0.0004 kWh
	CO2eq:	0.0581 g
	0.0005 km travelled by car
___bfs com 20 Treads_concluida___
___bfs com 22 Treads___
IO        : 1.917835
Compute   : 11.398380
Timer Wall Time: 13.316222
	Time:	0:00:17
	Energy:	0.0007 kWh
	CO2eq:	0.1050 g
	0.0010 km travelled by car
	Time:	0:00:17
	Energy:	0.0007 kWh
	CO2eq:	0.1050 g
	0.0010 km travelled by car
___bfs com 22 Treads_concluida___
___bfs com 24 Treads___
IO        : 2.021985
Compute   : 11.993714
Timer Wall Time: 14.015708
	Time:	0:00:17
	Energy:	0.0008 kWh
	CO2eq:	0.1091 g
	0.0010 km travelled by car
	Time:	0:00:17
	Energy:	0.0008 kWh
	CO2eq:	0.1091 g
	0.0010 km travelled by car
___bfs com 24 Treads_concluida___
___bfs com 26 Treads___
IO        : 1.774724
Compute   : 12.513107
Timer Wall Time: 14.287837
	Time:	0:00:18
	Energy:	0.0008 kWh
	CO2eq:	0.1101 g
	0.0010 km travelled by car
	Time:	0:00:18
	Energy:	0.0008 kWh
	CO2eq:	0.1101 g
	0.0010 km travelled by car
___bfs com 26 Treads_concluida___
___bfs com 28 Treads___
IO        : 1.997882
Compute   : 12.888794
Timer Wall Time: 14.886684
	Time:	0:00:18
	Energy:	0.0008 kWh
	CO2eq:	0.1158 g
	0.0011 km travelled by car
	Time:	0:00:18
	Energy:	0.0008 kWh
	CO2eq:	0.1158 g
	0.0011 km travelled by car
___bfs com 28 Treads_concluida___
___bfs com 30 Treads___
IO        : 1.967693
Compute   : 13.670737
Timer Wall Time: 15.638436
	Time:	0:00:19
	Energy:	0.0008 kWh
	CO2eq:	0.1195 g
	0.0011 km travelled by car
	Time:	0:00:19
	Energy:	0.0008 kWh
	CO2eq:	0.1195 g
	0.0011 km travelled by car
___bfs com 30 Treads_concluida___
___bfs com 32 Treads___
IO        : 2.206215
Compute   : 14.680059
Timer Wall Time: 16.886280
	Time:	0:00:20
	Energy:	0.0009 kWh
	CO2eq:	0.1281 g
	0.0012 km travelled by car
	Time:	0:00:20
	Energy:	0.0009 kWh
	CO2eq:	0.1281 g
	0.0012 km travelled by car
___bfs com 32 Treads_concluida___
___bfs com 34 Treads___
IO        : 1.640572
Compute   : 15.381210
Timer Wall Time: 17.021790
	Time:	0:00:20
	Energy:	0.0009 kWh
	CO2eq:	0.1290 g
	0.0012 km travelled by car
	Time:	0:00:20
	Energy:	0.0009 kWh
	CO2eq:	0.1290 g
	0.0012 km travelled by car
___bfs com 34 Treads_concluida___
___bfs com 36 Treads___
IO        : 1.982970
Compute   : 15.977424
Timer Wall Time: 17.960402
	Time:	0:00:21
	Energy:	0.0010 kWh
	CO2eq:	0.1366 g
	0.0013 km travelled by car
	Time:	0:00:21
	Energy:	0.0010 kWh
	CO2eq:	0.1366 g
	0.0013 km travelled by car
___bfs com 36 Treads_concluida___
___bfs com 38 Treads___
IO        : 1.833615
Compute   : 17.033607
Timer Wall Time: 18.867229
	Time:	0:00:22
	Energy:	0.0010 kWh
	CO2eq:	0.1417 g
	0.0013 km travelled by car
	Time:	0:00:22
	Energy:	0.0010 kWh
	CO2eq:	0.1417 g
	0.0013 km travelled by car
___bfs com 38 Treads_concluida___
___bfs com 40 Treads___
IO        : 2.090204
Compute   : 17.909181
Timer Wall Time: 19.999392
	Time:	0:00:23
	Energy:	0.0009 kWh
	CO2eq:	0.1329 g
	0.0012 km travelled by car
	Time:	0:00:23
	Energy:	0.0009 kWh
	CO2eq:	0.1329 g
	0.0012 km travelled by car
___bfs com 40 Treads_concluida___
Turn x10
___bfs com 2 Treads___
IO        : 1.992509
Compute   : 2.041526
Timer Wall Time: 4.034041
	Time:	0:00:07
	Energy:	0.0002 kWh
	CO2eq:	0.0297 g
	0.0003 km travelled by car
	Time:	0:00:07
	Energy:	0.0002 kWh
	CO2eq:	0.0297 g
	0.0003 km travelled by car
___bfs com 2 Treads_concluida___
___bfs com 4 Treads___
IO        : 1.969534
Compute   : 2.502497
Timer Wall Time: 4.472036
	Time:	0:00:08
	Energy:	0.0002 kWh
	CO2eq:	0.0303 g
	0.0003 km travelled by car
	Time:	0:00:08
	Energy:	0.0002 kWh
	CO2eq:	0.0303 g
	0.0003 km travelled by car
___bfs com 4 Treads_concluida___
___bfs com 6 Treads___
IO        : 1.673253
Compute   : 2.751475
Timer Wall Time: 4.424735
	Time:	0:00:08
	Energy:	0.0002 kWh
	CO2eq:	0.0302 g
	0.0003 km travelled by car
	Time:	0:00:08
	Energy:	0.0002 kWh
	CO2eq:	0.0302 g
	0.0003 km travelled by car
___bfs com 6 Treads_concluida___
___bfs com 8 Treads___
IO        : 12.845452
Compute   : 3.206091
Timer Wall Time: 16.051550
	Time:	0:00:19
	Energy:	0.0004 kWh
	CO2eq:	0.0529 g
	0.0005 km travelled by car
	Time:	0:00:19
	Energy:	0.0004 kWh
	CO2eq:	0.0529 g
	0.0005 km travelled by car
___bfs com 8 Treads_concluida___
___bfs com 10 Treads___
IO        : 2.400541
Compute   : 3.447718
Timer Wall Time: 5.848264
	Time:	0:00:09
	Energy:	0.0003 kWh
	CO2eq:	0.0356 g
	0.0003 km travelled by car
	Time:	0:00:09
	Energy:	0.0003 kWh
	CO2eq:	0.0356 g
	0.0003 km travelled by car
___bfs com 10 Treads_concluida___
___bfs com 12 Treads___
IO        : 1.721519
Compute   : 6.022190
Timer Wall Time: 7.743717
	Time:	0:00:11
	Energy:	0.0003 kWh
	CO2eq:	0.0448 g
	0.0004 km travelled by car
	Time:	0:00:11
	Energy:	0.0003 kWh
	CO2eq:	0.0448 g
	0.0004 km travelled by car
___bfs com 12 Treads_concluida___
___bfs com 14 Treads___
IO        : 1.741705
Compute   : 6.494677
Timer Wall Time: 8.236388
	Time:	0:00:11
	Energy:	0.0003 kWh
	CO2eq:	0.0465 g
	0.0004 km travelled by car
	Time:	0:00:11
	Energy:	0.0003 kWh
	CO2eq:	0.0465 g
	0.0004 km travelled by car
___bfs com 14 Treads_concluida___
___bfs com 16 Treads___
IO        : 1.815999
Compute   : 7.448148
Timer Wall Time: 9.264152
	Time:	0:00:12
	Energy:	0.0004 kWh
	CO2eq:	0.0514 g
	0.0005 km travelled by car
	Time:	0:00:12
	Energy:	0.0004 kWh
	CO2eq:	0.0514 g
	0.0005 km travelled by car
___bfs com 16 Treads_concluida___
___bfs com 18 Treads___
IO        : 2.161276
Compute   : 7.987599
Timer Wall Time: 10.148880
	Time:	0:00:14
	Energy:	0.0004 kWh
	CO2eq:	0.0538 g
	0.0005 km travelled by car
	Time:	0:00:14
	Energy:	0.0004 kWh
	CO2eq:	0.0538 g
	0.0005 km travelled by car
___bfs com 18 Treads_concluida___
___bfs com 20 Treads___
IO        : 1.725840
Compute   : 8.869636
Timer Wall Time: 10.595481
	Time:	0:00:14
	Energy:	0.0004 kWh
	CO2eq:	0.0548 g
	0.0005 km travelled by car
	Time:	0:00:14
	Energy:	0.0004 kWh
	CO2eq:	0.0548 g
	0.0005 km travelled by car
___bfs com 20 Treads_concluida___
___bfs com 22 Treads___
IO        : 1.693420
Compute   : 11.145177
Timer Wall Time: 12.838603
	Time:	0:00:16
	Energy:	0.0007 kWh
	CO2eq:	0.1018 g
	0.0009 km travelled by car
	Time:	0:00:16
	Energy:	0.0007 kWh
	CO2eq:	0.1018 g
	0.0009 km travelled by car
___bfs com 22 Treads_concluida___
___bfs com 24 Treads___
IO        : 2.073712
Compute   : 11.903123
Timer Wall Time: 13.976839
	Time:	0:00:17
	Energy:	0.0008 kWh
	CO2eq:	0.1081 g
	0.0010 km travelled by car
	Time:	0:00:17
	Energy:	0.0008 kWh
	CO2eq:	0.1081 g
	0.0010 km travelled by car
___bfs com 24 Treads_concluida___
___bfs com 26 Treads___
IO        : 1.953457
Compute   : 12.367909
Timer Wall Time: 14.321372
	Time:	0:00:18
	Energy:	0.0008 kWh
	CO2eq:	0.1102 g
	0.0010 km travelled by car
	Time:	0:00:18
	Energy:	0.0008 kWh
	CO2eq:	0.1102 g
	0.0010 km travelled by car
___bfs com 26 Treads_concluida___
___bfs com 28 Treads___
IO        : 2.401303
Compute   : 12.953567
Timer Wall Time: 15.354874
	Time:	0:00:19
	Energy:	0.0008 kWh
	CO2eq:	0.1197 g
	0.0011 km travelled by car
	Time:	0:00:19
	Energy:	0.0008 kWh
	CO2eq:	0.1197 g
	0.0011 km travelled by car
___bfs com 28 Treads_concluida___
___bfs com 30 Treads___
IO        : 2.165796
Compute   : 14.039467
Timer Wall Time: 16.205271
	Time:	0:00:20
	Energy:	0.0009 kWh
	CO2eq:	0.1222 g
	0.0011 km travelled by car
	Time:	0:00:20
	Energy:	0.0009 kWh
	CO2eq:	0.1222 g
	0.0011 km travelled by car
___bfs com 30 Treads_concluida___
___bfs com 32 Treads___
IO        : 1.688865
Compute   : 14.409396
Timer Wall Time: 16.098267
	Time:	0:00:19
	Energy:	0.0009 kWh
	CO2eq:	0.1236 g
	0.0011 km travelled by car
	Time:	0:00:19
	Energy:	0.0009 kWh
	CO2eq:	0.1236 g
	0.0011 km travelled by car
___bfs com 32 Treads_concluida___
___bfs com 34 Treads___
IO        : 1.943995
Compute   : 15.303075
Timer Wall Time: 17.247074
	Time:	0:00:20
	Energy:	0.0009 kWh
	CO2eq:	0.1331 g
	0.0012 km travelled by car
	Time:	0:00:20
	Energy:	0.0009 kWh
	CO2eq:	0.1331 g
	0.0012 km travelled by car
___bfs com 34 Treads_concluida___
___bfs com 36 Treads___
IO        : 1.898216
Compute   : 16.116276
Timer Wall Time: 18.014498
	Time:	0:00:21
	Energy:	0.0010 kWh
	CO2eq:	0.1379 g
	0.0013 km travelled by car
	Time:	0:00:21
	Energy:	0.0010 kWh
	CO2eq:	0.1379 g
	0.0013 km travelled by car
___bfs com 36 Treads_concluida___
___bfs com 38 Treads___
IO        : 2.181896
Compute   : 16.663600
Timer Wall Time: 18.845503
	Time:	0:00:22
	Energy:	0.0010 kWh
	CO2eq:	0.1422 g
	0.0013 km travelled by car
	Time:	0:00:22
	Energy:	0.0010 kWh
	CO2eq:	0.1422 g
	0.0013 km travelled by car
___bfs com 38 Treads_concluida___
___bfs com 40 Treads___
IO        : 1.862421
Compute   : 17.830550
Timer Wall Time: 19.692978
	Time:	0:00:23
	Energy:	0.0009 kWh
	CO2eq:	0.1321 g
	0.0012 km travelled by car
	Time:	0:00:23
	Energy:	0.0009 kWh
	CO2eq:	0.1321 g
	0.0012 km travelled by car
___bfs com 40 Treads_concluida___


___Executando histo ___:Turn x1
___histo com 2 Treads___
IO        : 0.298972
Compute   : 697.385113
Timer Wall Time: 697.684082
	Time:	0:11:38
	Energy:	0.0211 kWh
	CO2eq:	2.9975 g
	0.0279 km travelled by car
	Time:	0:11:38
	Energy:	0.0211 kWh
	CO2eq:	2.9975 g
	0.0279 km travelled by car
___histo com 2 Treads_concluida___
___histo com 4 Treads___
IO        : 0.297135
Compute   : 1246.184217
Timer Wall Time: 1246.481323
	Time:	0:20:47
	Energy:	0.0403 kWh
	CO2eq:	5.7065 g
	0.0531 km travelled by car
	Time:	0:20:47
	Energy:	0.0403 kWh
	CO2eq:	5.7065 g
	0.0531 km travelled by car
___histo com 4 Treads_concluida___
___histo com 6 Treads___
IO        : 0.211406
Compute   : 1548.174634
Timer Wall Time: 1548.385986
	Time:	0:25:49
	Energy:	0.0536 kWh
	CO2eq:	7.6058 g
	0.0708 km travelled by car
	Time:	0:25:49
	Energy:	0.0536 kWh
	CO2eq:	7.6058 g
	0.0708 km travelled by car
___histo com 6 Treads_concluida___
___histo com 8 Treads___
IO        : 0.190500
Compute   : 1765.007110
Timer Wall Time: 1765.197632
	Time:	0:29:25
	Energy:	0.0658 kWh
	CO2eq:	9.3285 g
	0.0868 km travelled by car
	Time:	0:29:25
	Energy:	0.0658 kWh
	CO2eq:	9.3285 g
	0.0868 km travelled by car
___histo com 8 Treads_concluida___
___histo com 10 Treads___
IO        : 0.149552
Compute   : 2042.892507
Timer Wall Time: 2043.042114
	Time:	0:34:03
	Energy:	0.0832 kWh
	CO2eq:	11.7995 g
	0.1098 km travelled by car
	Time:	0:34:03
	Energy:	0.0832 kWh
	CO2eq:	11.7995 g
	0.1098 km travelled by car
___histo com 10 Treads_concluida___
___histo com 12 Treads___
IO        : 0.152793
Compute   : 1900.160726
Timer Wall Time: 1900.313477
	Time:	0:31:40
	Energy:	0.0786 kWh
	CO2eq:	11.1444 g
	0.1037 km travelled by car
	Time:	0:31:40
	Energy:	0.0786 kWh
	CO2eq:	11.1444 g
	0.1037 km travelled by car
___histo com 12 Treads_concluida___
___histo com 14 Treads___
IO        : 0.154485
Compute   : 2340.181858
Timer Wall Time: 2340.336426
	Time:	0:39:00
	Energy:	0.1193 kWh
	CO2eq:	16.9080 g
	0.1573 km travelled by car
	Time:	0:39:00
	Energy:	0.1193 kWh
	CO2eq:	16.9080 g
	0.1573 km travelled by car
___histo com 14 Treads_concluida___
___histo com 16 Treads___
IO        : 0.058361
Compute   : 2572.112172
Timer Wall Time: 2572.170654
	Time:	0:42:52
	Energy:	0.1389 kWh
	CO2eq:	19.6951 g
	0.1832 km travelled by car
	Time:	0:42:52
	Energy:	0.1389 kWh
	CO2eq:	19.6951 g
	0.1832 km travelled by car
___histo com 16 Treads_concluida___
___histo com 18 Treads___
IO        : 0.304897
Compute   : 2973.419013
Timer Wall Time: 2973.723877
	Time:	0:49:34
	Energy:	0.1746 kWh
	CO2eq:	24.7479 g
	0.2302 km travelled by car
	Time:	0:49:34
	Energy:	0.1746 kWh
	CO2eq:	24.7479 g
	0.2302 km travelled by car
___histo com 18 Treads_concluida___
___histo com 20 Treads___
IO        : 0.201345
Compute   : 2832.743838
Timer Wall Time: 2832.945312
	Time:	0:47:13
	Energy:	0.1683 kWh
	CO2eq:	23.8548 g
	0.2219 km travelled by car
	Time:	0:47:13
	Energy:	0.1683 kWh
	CO2eq:	23.8548 g
	0.2219 km travelled by car
___histo com 20 Treads_concluida___
___histo com 22 Treads___
IO        : 0.082956
Compute   : 2983.277834
Timer Wall Time: 2983.360840
	Time:	0:49:43
	Energy:	0.1771 kWh
	CO2eq:	25.1131 g
	0.2336 km travelled by car
	Time:	0:49:43
	Energy:	0.1771 kWh
	CO2eq:	25.1131 g
	0.2336 km travelled by car
___histo com 22 Treads_concluida___
___histo com 24 Treads___
IO        : 0.080485
Compute   : 2902.885554
Timer Wall Time: 2902.966064
	Time:	0:48:23
	Energy:	0.1724 kWh
	CO2eq:	24.4447 g
	0.2274 km travelled by car
	Time:	0:48:23
	Energy:	0.1724 kWh
	CO2eq:	24.4447 g
	0.2274 km travelled by car
___histo com 24 Treads_concluida___
___histo com 26 Treads___
IO        : 0.179368
Compute   : 2411.458040
Timer Wall Time: 2411.637451
	Time:	0:40:12
	Energy:	0.1330 kWh
	CO2eq:	18.8580 g
	0.1754 km travelled by car
	Time:	0:40:12
	Energy:	0.1330 kWh
	CO2eq:	18.8580 g
	0.1754 km travelled by car
___histo com 26 Treads_concluida___
___histo com 28 Treads___
IO        : 0.059174
Compute   : 2655.542797
Timer Wall Time: 2655.602051
	Time:	0:44:16
	Energy:	0.1486 kWh
	CO2eq:	21.0660 g
	0.1960 km travelled by car
	Time:	0:44:16
	Energy:	0.1486 kWh
	CO2eq:	21.0660 g
	0.1960 km travelled by car
___histo com 28 Treads_concluida___
___histo com 30 Treads___
IO        : 0.162285
Compute   : 2921.034506
Timer Wall Time: 2921.196777
	Time:	0:48:41
	Energy:	0.1697 kWh
	CO2eq:	24.0524 g
	0.2237 km travelled by car
	Time:	0:48:41
	Energy:	0.1697 kWh
	CO2eq:	24.0524 g
	0.2237 km travelled by car
___histo com 30 Treads_concluida___
___histo com 32 Treads___
IO        : 0.056744
Compute   : 2551.512765
Timer Wall Time: 2551.569580
	Time:	0:42:32
	Energy:	0.1397 kWh
	CO2eq:	19.8044 g
	0.1842 km travelled by car
	Time:	0:42:32
	Energy:	0.1397 kWh
	CO2eq:	19.8044 g
	0.1842 km travelled by car
___histo com 32 Treads_concluida___
___histo com 34 Treads___
IO        : 0.280148
Compute   : 2803.583231
Timer Wall Time: 2803.863281
	Time:	0:46:44
	Energy:	0.1563 kWh
	CO2eq:	22.1547 g
	0.2061 km travelled by car
	Time:	0:46:44
	Energy:	0.1563 kWh
	CO2eq:	22.1547 g
	0.2061 km travelled by car
___histo com 34 Treads_concluida___
___histo com 36 Treads___
IO        : 0.079182
Compute   : 2841.271215
Timer Wall Time: 2841.350342
	Time:	0:47:21
	Energy:	0.1612 kWh
	CO2eq:	22.8605 g
	0.2127 km travelled by car
	Time:	0:47:21
	Energy:	0.1612 kWh
	CO2eq:	22.8605 g
	0.2127 km travelled by car
___histo com 36 Treads_concluida___
___histo com 38 Treads___
IO        : 0.200499
Compute   : 3278.010171
Timer Wall Time: 3278.210693
	Time:	0:54:38
	Energy:	0.1941 kWh
	CO2eq:	27.5177 g
	0.2560 km travelled by car
	Time:	0:54:38
	Energy:	0.1941 kWh
	CO2eq:	27.5177 g
	0.2560 km travelled by car
___histo com 38 Treads_concluida___
___histo com 40 Treads___
IO        : 0.062896
Compute   : 3201.151549
Timer Wall Time: 3201.214355
	Time:	0:53:21
	Energy:	0.1915 kWh
	CO2eq:	27.1547 g
	0.2526 km travelled by car
	Time:	0:53:21
	Energy:	0.1915 kWh
	CO2eq:	27.1547 g
	0.2526 km travelled by car
___histo com 40 Treads_concluida___
Turn x2
___histo com 2 Treads___
IO        : 0.142396
Compute   : 733.413590
Timer Wall Time: 733.555969
	Time:	0:12:14
	Energy:	0.0224 kWh
	CO2eq:	3.1782 g
	0.0296 km travelled by car
	Time:	0:12:14
	Energy:	0.0224 kWh
	CO2eq:	3.1782 g
	0.0296 km travelled by car
___histo com 2 Treads_concluida___
___histo com 4 Treads___
IO        : 0.083984
Compute   : 1093.607440
Timer Wall Time: 1093.691406
	Time:	0:18:14
	Energy:	0.0348 kWh
	CO2eq:	4.9402 g
	0.0460 km travelled by car
	Time:	0:18:14
	Energy:	0.0348 kWh
	CO2eq:	4.9402 g
	0.0460 km travelled by car
___histo com 4 Treads_concluida___
___histo com 6 Treads___
IO        : 0.082770
Compute   : 1478.989369
Timer Wall Time: 1479.072144
	Time:	0:24:39
	Energy:	0.0510 kWh
	CO2eq:	7.2333 g
	0.0673 km travelled by car
	Time:	0:24:39
	Energy:	0.0510 kWh
	CO2eq:	7.2333 g
	0.0673 km travelled by car
___histo com 6 Treads_concluida___
___histo com 8 Treads___
IO        : 0.057272
Compute   : 1729.030098
Timer Wall Time: 1729.087402
	Time:	0:28:49
	Energy:	0.0649 kWh
	CO2eq:	9.1975 g
	0.0856 km travelled by car
	Time:	0:28:49
	Energy:	0.0649 kWh
	CO2eq:	9.1975 g
	0.0856 km travelled by car
___histo com 8 Treads_concluida___
___histo com 10 Treads___
IO        : 0.225819
Compute   : 1831.931096
Timer Wall Time: 1832.156982
	Time:	0:30:32
	Energy:	0.0738 kWh
	CO2eq:	10.4575 g
	0.0973 km travelled by car
	Time:	0:30:32
	Energy:	0.0738 kWh
	CO2eq:	10.4575 g
	0.0973 km travelled by car
___histo com 10 Treads_concluida___
___histo com 12 Treads___
IO        : 0.061544
Compute   : 2115.950897
Timer Wall Time: 2116.012451
	Time:	0:35:16
	Energy:	0.0944 kWh
	CO2eq:	13.3884 g
	0.1245 km travelled by car
	Time:	0:35:16
	Energy:	0.0944 kWh
	CO2eq:	13.3884 g
	0.1245 km travelled by car
___histo com 12 Treads_concluida___
___histo com 14 Treads___
IO        : 0.131774
Compute   : 2520.681631
Timer Wall Time: 2520.813477
	Time:	0:42:01
	Energy:	0.1302 kWh
	CO2eq:	18.4656 g
	0.1718 km travelled by car
	Time:	0:42:01
	Energy:	0.1302 kWh
	CO2eq:	18.4656 g
	0.1718 km travelled by car
___histo com 14 Treads_concluida___
___histo com 16 Treads___
IO        : 0.163404
Compute   : 2802.090022
Timer Wall Time: 2802.253418
	Time:	0:46:42
	Energy:	0.1549 kWh
	CO2eq:	21.9584 g
	0.2043 km travelled by car
	Time:	0:46:42
	Energy:	0.1549 kWh
	CO2eq:	21.9584 g
	0.2043 km travelled by car
___histo com 16 Treads_concluida___
___histo com 18 Treads___
IO        : 0.205773
Compute   : 2721.432779
Timer Wall Time: 2721.638672
	Time:	0:45:22
	Energy:	0.1556 kWh
	CO2eq:	22.0561 g
	0.2052 km travelled by car
	Time:	0:45:22
	Energy:	0.1556 kWh
	CO2eq:	22.0561 g
	0.2052 km travelled by car
___histo com 18 Treads_concluida___
___histo com 20 Treads___
IO        : 0.066490
Compute   : 2815.011848
Timer Wall Time: 2815.078369
	Time:	0:46:55
	Energy:	0.1660 kWh
	CO2eq:	23.5310 g
	0.2189 km travelled by car
	Time:	0:46:55
	Energy:	0.1660 kWh
	CO2eq:	23.5310 g
	0.2189 km travelled by car
___histo com 20 Treads_concluida___
___histo com 22 Treads___
IO        : 0.187501
Compute   : 2672.068865
Timer Wall Time: 2672.256348
	Time:	0:44:32
	Energy:	0.1568 kWh
	CO2eq:	22.2345 g
	0.2068 km travelled by car
	Time:	0:44:32
	Energy:	0.1568 kWh
	CO2eq:	22.2345 g
	0.2068 km travelled by car
___histo com 22 Treads_concluida___
___histo com 24 Treads___
IO        : 0.066058
Compute   : 2814.485574
Timer Wall Time: 2814.551758
	Time:	0:46:55
	Energy:	0.1645 kWh
	CO2eq:	23.3167 g
	0.2169 km travelled by car
	Time:	0:46:55
	Energy:	0.1645 kWh
	CO2eq:	23.3167 g
	0.2169 km travelled by car
___histo com 24 Treads_concluida___
___histo com 26 Treads___
IO        : 0.140183
Compute   : 2400.850601
Timer Wall Time: 2400.990723
	Time:	0:40:01
	Energy:	0.1324 kWh
	CO2eq:	18.7767 g
	0.1747 km travelled by car
	Time:	0:40:01
	Energy:	0.1324 kWh
	CO2eq:	18.7767 g
	0.1747 km travelled by car
___histo com 26 Treads_concluida___
___histo com 28 Treads___
IO        : 0.067395
Compute   : 2469.611636
Timer Wall Time: 2469.678955
	Time:	0:41:10
	Energy:	0.1351 kWh
	CO2eq:	19.1571 g
	0.1782 km travelled by car
	Time:	0:41:10
	Energy:	0.1351 kWh
	CO2eq:	19.1571 g
	0.1782 km travelled by car
___histo com 28 Treads_concluida___
___histo com 30 Treads___
IO        : 0.273787
Compute   : 2525.688030
Timer Wall Time: 2525.961914
	Time:	0:42:06
	Energy:	0.1371 kWh
	CO2eq:	19.4302 g
	0.1807 km travelled by car
	Time:	0:42:06
	Energy:	0.1371 kWh
	CO2eq:	19.4302 g
	0.1807 km travelled by car
___histo com 30 Treads_concluida___
___histo com 32 Treads___
