/usr/bin/ld: cannot open output file build/omp_base_default/bfs: No such file or directory
collect2: error: ld returned 1 exit status
make: *** [/home/users/acsilveira/hpc-benchmarks/parboil/common/mk/c.mk:70: build/omp_base_default/bfs] Error 1
Assembler messages:
Fatal error: can't create build/omp_base_default/main.o: No such file or directory
make: *** [/home/users/acsilveira/hpc-benchmarks/parboil/common/mk/c.mk:82: build/omp_base_default/main.o] Error 1
Assembler messages:
Fatal error: can't create build/omp_base_default/main.o: No such file or directory
make: *** [/home/users/acsilveira/hpc-benchmarks/parboil/common/mk/c.mk:82: build/omp_base_default/main.o] Error 1
make: build/omp_base_default/bfs: Permission denied
make: *** [/home/users/acsilveira/hpc-benchmarks/parboil/common/mk/c.mk:60: run] Error 127
Assembler messages:
Fatal error: can't create build/omp_base_default/main.o: No such file or directory
make: *** [/home/users/acsilveira/hpc-benchmarks/parboil/common/mk/c.mk:82: build/omp_base_default/main.o] Error 1
/home/users/acsilveira/hpc-benchmarks/parboil/common/mk/Makefile:21: /home/users/acsilveira/hpc-benchmarks/parboil/common/mk/en_US:en.mk: No such file or directory
make: *** No rule to make target '/home/users/acsilveira/hpc-benchmarks/parboil/common/mk/en_US:en.mk'.  Stop.
/home/users/acsilveira/hpc-benchmarks/parboil/common/mk/Makefile:21: /home/users/acsilveira/hpc-benchmarks/parboil/common/mk/en_US:en.mk: No such file or directory
make: *** No rule to make target '/home/users/acsilveira/hpc-benchmarks/parboil/common/mk/en_US:en.mk'.  Stop.
/home/users/acsilveira/hpc-benchmarks/parboil/common/mk/Makefile:21: /home/users/acsilveira/hpc-benchmarks/parboil/common/mk/en_US:en.mk: No such file or directory
make: *** No rule to make target '/home/users/acsilveira/hpc-benchmarks/parboil/common/mk/en_US:en.mk'.  Stop.
/home/users/acsilveira/hpc-benchmarks/parboil/common/mk/Makefile:21: /home/users/acsilveira/hpc-benchmarks/parboil/common/mk/en_US:en.mk: No such file or directory
make: *** No rule to make target '/home/users/acsilveira/hpc-benchmarks/parboil/common/mk/en_US:en.mk'.  Stop.
/home/users/acsilveira/hpc-benchmarks/parboil/common/mk/Makefile:21: /home/users/acsilveira/hpc-benchmarks/parboil/common/mk/en_US:en.mk: No such file or directory
make: *** No rule to make target '/home/users/acsilveira/hpc-benchmarks/parboil/common/mk/en_US:en.mk'.  Stop.
/home/users/acsilveira/hpc-benchmarks/parboil/common/mk/Makefile:21: /home/users/acsilveira/hpc-benchmarks/parboil/common/mk/en_US:en.mk: No such file or directory
make: *** No rule to make target '/home/users/acsilveira/hpc-benchmarks/parboil/common/mk/en_US:en.mk'.  Stop.
/home/users/acsilveira/hpc-benchmarks/parboil/common/mk/Makefile:21: /home/users/acsilveira/hpc-benchmarks/parboil/common/mk/en_US:en.mk: No such file or directory
make: *** No rule to make target '/home/users/acsilveira/hpc-benchmarks/parboil/common/mk/en_US:en.mk'.  Stop.
/home/users/acsilveira/hpc-benchmarks/parboil/common/mk/Makefile:21: /home/users/acsilveira/hpc-benchmarks/parboil/common/mk/en_US:en.mk: No such file or directory
make: *** No rule to make target '/home/users/acsilveira/hpc-benchmarks/parboil/common/mk/en_US:en.mk'.  Stop.
/home/users/acsilveira/hpc-benchmarks/parboil/common/mk/Makefile:21: /home/users/acsilveira/hpc-benchmarks/parboil/common/mk/en_US:en.mk: No such file or directory
make: *** No rule to make target '/home/users/acsilveira/hpc-benchmarks/parboil/common/mk/en_US:en.mk'.  Stop.
/home/users/acsilveira/hpc-benchmarks/parboil/common/mk/Makefile:21: /home/users/acsilveira/hpc-benchmarks/parboil/common/mk/en_US:en.mk: No such file or directory
make: *** No rule to make target '/home/users/acsilveira/hpc-benchmarks/parboil/common/mk/en_US:en.mk'.  Stop.
/home/users/acsilveira/hpc-benchmarks/parboil/common/mk/Makefile:21: /home/users/acsilveira/hpc-benchmarks/parboil/common/mk/en_US:en.mk: No such file or directory
make: *** No rule to make target '/home/users/acsilveira/hpc-benchmarks/parboil/common/mk/en_US:en.mk'.  Stop.
/home/users/acsilveira/hpc-benchmarks/parboil/common/mk/Makefile:21: /home/users/acsilveira/hpc-benchmarks/parboil/common/mk/en_US:en.mk: No such file or directory
make: *** No rule to make target '/home/users/acsilveira/hpc-benchmarks/parboil/common/mk/en_US:en.mk'.  Stop.
/home/users/acsilveira/hpc-benchmarks/parboil/common/mk/Makefile:21: /home/users/acsilveira/hpc-benchmarks/parboil/common/mk/en_US:en.mk: No such file or directory
make: *** No rule to make target '/home/users/acsilveira/hpc-benchmarks/parboil/common/mk/en_US:en.mk'.  Stop.
/home/users/acsilveira/hpc-benchmarks/parboil/common/mk/Makefile:21: /home/users/acsilveira/hpc-benchmarks/parboil/common/mk/en_US:en.mk: No such file or directory
make: *** No rule to make target '/home/users/acsilveira/hpc-benchmarks/parboil/common/mk/en_US:en.mk'.  Stop.
/home/users/acsilveira/hpc-benchmarks/parboil/common/mk/Makefile:21: /home/users/acsilveira/hpc-benchmarks/parboil/common/mk/en_US:en.mk: No such file or directory
make: *** No rule to make target '/home/users/acsilveira/hpc-benchmarks/parboil/common/mk/en_US:en.mk'.  Stop.
/home/users/acsilveira/hpc-benchmarks/parboil/common/mk/Makefile:21: /home/users/acsilveira/hpc-benchmarks/parboil/common/mk/en_US:en.mk: No such file or directory
make: *** No rule to make target '/home/users/acsilveira/hpc-benchmarks/parboil/common/mk/en_US:en.mk'.  Stop.
/home/users/acsilveira/hpc-benchmarks/parboil/common/mk/Makefile:21: /home/users/acsilveira/hpc-benchmarks/parboil/common/mk/en_US:en.mk: No such file or directory
make: *** No rule to make target '/home/users/acsilveira/hpc-benchmarks/parboil/common/mk/en_US:en.mk'.  Stop.
/home/users/acsilveira/hpc-benchmarks/parboil/common/mk/Makefile:21: /home/users/acsilveira/hpc-benchmarks/parboil/common/mk/en_US:en.mk: No such file or directory
make: *** No rule to make target '/home/users/acsilveira/hpc-benchmarks/parboil/common/mk/en_US:en.mk'.  Stop.
/home/users/acsilveira/hpc-benchmarks/parboil/common/mk/Makefile:21: /home/users/acsilveira/hpc-benchmarks/parboil/common/mk/en_US:en.mk: No such file or directory
make: *** No rule to make target '/home/users/acsilveira/hpc-benchmarks/parboil/common/mk/en_US:en.mk'.  Stop.
/home/users/acsilveira/hpc-benchmarks/parboil/common/mk/Makefile:21: /home/users/acsilveira/hpc-benchmarks/parboil/common/mk/en_US:en.mk: No such file or directory
make: *** No rule to make target '/home/users/acsilveira/hpc-benchmarks/parboil/common/mk/en_US:en.mk'.  Stop.
/home/users/acsilveira/hpc-benchmarks/parboil/common/mk/Makefile:21: /home/users/acsilveira/hpc-benchmarks/parboil/common/mk/en_US:en.mk: No such file or directory
make: *** No rule to make target '/home/users/acsilveira/hpc-benchmarks/parboil/common/mk/en_US:en.mk'.  Stop.
/home/users/acsilveira/hpc-benchmarks/parboil/common/mk/Makefile:21: /home/users/acsilveira/hpc-benchmarks/parboil/common/mk/en_US:en.mk: No such file or directory
make: *** No rule to make target '/home/users/acsilveira/hpc-benchmarks/parboil/common/mk/en_US:en.mk'.  Stop.
/home/users/acsilveira/hpc-benchmarks/parboil/common/mk/Makefile:21: /home/users/acsilveira/hpc-benchmarks/parboil/common/mk/en_US:en.mk: No such file or directory
make: *** No rule to make target '/home/users/acsilveira/hpc-benchmarks/parboil/common/mk/en_US:en.mk'.  Stop.
/home/users/acsilveira/hpc-benchmarks/parboil/common/mk/Makefile:21: /home/users/acsilveira/hpc-benchmarks/parboil/common/mk/en_US:en.mk: No such file or directory
make: *** No rule to make target '/home/users/acsilveira/hpc-benchmarks/parboil/common/mk/en_US:en.mk'.  Stop.
/home/users/acsilveira/hpc-benchmarks/parboil/common/mk/Makefile:21: /home/users/acsilveira/hpc-benchmarks/parboil/common/mk/en_US:en.mk: No such file or directory
make: *** No rule to make target '/home/users/acsilveira/hpc-benchmarks/parboil/common/mk/en_US:en.mk'.  Stop.
/home/users/acsilveira/hpc-benchmarks/parboil/common/mk/Makefile:21: /home/users/acsilveira/hpc-benchmarks/parboil/common/mk/en_US:en.mk: No such file or directory
make: *** No rule to make target '/home/users/acsilveira/hpc-benchmarks/parboil/common/mk/en_US:en.mk'.  Stop.
/home/users/acsilveira/hpc-benchmarks/parboil/common/mk/Makefile:21: /home/users/acsilveira/hpc-benchmarks/parboil/common/mk/en_US:en.mk: No such file or directory
make: *** No rule to make target '/home/users/acsilveira/hpc-benchmarks/parboil/common/mk/en_US:en.mk'.  Stop.
/home/users/acsilveira/hpc-benchmarks/parboil/common/mk/Makefile:21: /home/users/acsilveira/hpc-benchmarks/parboil/common/mk/en_US:en.mk: No such file or directory
make: *** No rule to make target '/home/users/acsilveira/hpc-benchmarks/parboil/common/mk/en_US:en.mk'.  Stop.
/home/users/acsilveira/hpc-benchmarks/parboil/common/mk/Makefile:21: /home/users/acsilveira/hpc-benchmarks/parboil/common/mk/en_US:en.mk: No such file or directory
make: *** No rule to make target '/home/users/acsilveira/hpc-benchmarks/parboil/common/mk/en_US:en.mk'.  Stop.
/home/users/acsilveira/hpc-benchmarks/parboil/common/mk/Makefile:21: /home/users/acsilveira/hpc-benchmarks/parboil/common/mk/en_US:en.mk: No such file or directory
make: *** No rule to make target '/home/users/acsilveira/hpc-benchmarks/parboil/common/mk/en_US:en.mk'.  Stop.
/home/users/acsilveira/hpc-benchmarks/parboil/common/mk/Makefile:21: /home/users/acsilveira/hpc-benchmarks/parboil/common/mk/en_US:en.mk: No such file or directory
make: *** No rule to make target '/home/users/acsilveira/hpc-benchmarks/parboil/common/mk/en_US:en.mk'.  Stop.
/home/users/acsilveira/hpc-benchmarks/parboil/common/mk/Makefile:21: /home/users/acsilveira/hpc-benchmarks/parboil/common/mk/en_US:en.mk: No such file or directory
make: *** No rule to make target '/home/users/acsilveira/hpc-benchmarks/parboil/common/mk/en_US:en.mk'.  Stop.
/home/users/acsilveira/hpc-benchmarks/parboil/common/mk/Makefile:21: /home/users/acsilveira/hpc-benchmarks/parboil/common/mk/en_US:en.mk: No such file or directory
make: *** No rule to make target '/home/users/acsilveira/hpc-benchmarks/parboil/common/mk/en_US:en.mk'.  Stop.
/home/users/acsilveira/hpc-benchmarks/parboil/common/mk/Makefile:21: /home/users/acsilveira/hpc-benchmarks/parboil/common/mk/en_US:en.mk: No such file or directory
make: *** No rule to make target '/home/users/acsilveira/hpc-benchmarks/parboil/common/mk/en_US:en.mk'.  Stop.
/home/users/acsilveira/hpc-benchmarks/parboil/common/mk/Makefile:21: /home/users/acsilveira/hpc-benchmarks/parboil/common/mk/en_US:en.mk: No such file or directory
make: *** No rule to make target '/home/users/acsilveira/hpc-benchmarks/parboil/common/mk/en_US:en.mk'.  Stop.
/home/users/acsilveira/hpc-benchmarks/parboil/common/mk/Makefile:21: /home/users/acsilveira/hpc-benchmarks/parboil/common/mk/en_US:en.mk: No such file or directory
make: *** No rule to make target '/home/users/acsilveira/hpc-benchmarks/parboil/common/mk/en_US:en.mk'.  Stop.
slurmstepd: error: *** JOB 691371 ON phoenix CANCELLED AT 2025-01-10T13:36:11 DUE TO TIME LIMIT ***
