Numero de CPUs logicos (threads): 48
Numero de núcleos fisicos: 12
Entrando -> PARBOIL
Inicia py2


___Executando bfs ___:Turn x1
___bfs com 2 Treads___
IO        : 19.052276
Compute   : 1.174016
Timer Wall Time: 20.226297
	Time:	0:00:22
	Energy:	0.0011 kWh
	CO2eq:	0.1542 g
	0.0014 km travelled by car
	Time:	0:00:22
	Energy:	0.0011 kWh
	CO2eq:	0.1542 g
	0.0014 km travelled by car
___bfs com 2 Treads_concluida___
___bfs com 4 Treads___
IO        : 1.081965
Compute   : 1.491478
Timer Wall Time: 2.573447
	Time:	0:00:05
	Energy:	0.0003 kWh
	CO2eq:	0.0466 g
	0.0004 km travelled by car
	Time:	0:00:05
	Energy:	0.0003 kWh
	CO2eq:	0.0466 g
	0.0004 km travelled by car
___bfs com 4 Treads_concluida___
___bfs com 6 Treads___
IO        : 1.049710
Compute   : 1.765631
Timer Wall Time: 2.815345
	Time:	0:00:05
	Energy:	0.0003 kWh
	CO2eq:	0.0491 g
	0.0005 km travelled by car
	Time:	0:00:05
	Energy:	0.0003 kWh
	CO2eq:	0.0491 g
	0.0005 km travelled by car
___bfs com 6 Treads_concluida___
___bfs com 8 Treads___
IO        : 1.091774
Compute   : 2.189326
Timer Wall Time: 3.281104
	Time:	0:00:05
	Energy:	0.0004 kWh
	CO2eq:	0.0539 g
	0.0005 km travelled by car
	Time:	0:00:05
	Energy:	0.0004 kWh
	CO2eq:	0.0539 g
	0.0005 km travelled by car
___bfs com 8 Treads_concluida___
___bfs com 10 Treads___
IO        : 1.079436
Compute   : 2.438908
Timer Wall Time: 3.518349
	Time:	0:00:06
	Energy:	0.0004 kWh
	CO2eq:	0.0564 g
	0.0005 km travelled by car
	Time:	0:00:06
	Energy:	0.0004 kWh
	CO2eq:	0.0564 g
	0.0005 km travelled by car
___bfs com 10 Treads_concluida___
___bfs com 12 Treads___
IO        : 1.171099
Compute   : 2.764505
Timer Wall Time: 3.935608
	Time:	0:00:06
	Energy:	0.0004 kWh
	CO2eq:	0.0598 g
	0.0006 km travelled by car
	Time:	0:00:06
	Energy:	0.0004 kWh
	CO2eq:	0.0598 g
	0.0006 km travelled by car
___bfs com 12 Treads_concluida___
___bfs com 14 Treads___
IO        : 1.062916
Compute   : 4.328143
Timer Wall Time: 5.391065
	Time:	0:00:08
	Energy:	0.0005 kWh
	CO2eq:	0.0762 g
	0.0007 km travelled by car
	Time:	0:00:08
	Energy:	0.0005 kWh
	CO2eq:	0.0762 g
	0.0007 km travelled by car
___bfs com 14 Treads_concluida___
___bfs com 16 Treads___
IO        : 1.055386
Compute   : 4.980132
Timer Wall Time: 6.035523
	Time:	0:00:08
	Energy:	0.0006 kWh
	CO2eq:	0.0830 g
	0.0008 km travelled by car
	Time:	0:00:08
	Energy:	0.0006 kWh
	CO2eq:	0.0830 g
	0.0008 km travelled by car
___bfs com 16 Treads_concluida___
___bfs com 18 Treads___
IO        : 1.191653
Compute   : 5.442290
Timer Wall Time: 6.633946
	Time:	0:00:09
	Energy:	0.0006 kWh
	CO2eq:	0.0894 g
	0.0008 km travelled by car
	Time:	0:00:09
	Energy:	0.0006 kWh
	CO2eq:	0.0894 g
	0.0008 km travelled by car
___bfs com 18 Treads_concluida___
___bfs com 20 Treads___
IO        : 1.059880
Compute   : 6.159883
Timer Wall Time: 7.219766
	Time:	0:00:09
	Energy:	0.0007 kWh
	CO2eq:	0.0960 g
	0.0009 km travelled by car
	Time:	0:00:09
	Energy:	0.0007 kWh
	CO2eq:	0.0960 g
	0.0009 km travelled by car
___bfs com 20 Treads_concluida___
___bfs com 22 Treads___
IO        : 1.061092
Compute   : 6.595119
Timer Wall Time: 7.656215
	Time:	0:00:10
	Energy:	0.0007 kWh
	CO2eq:	0.1014 g
	0.0009 km travelled by car
	Time:	0:00:10
	Energy:	0.0007 kWh
	CO2eq:	0.1014 g
	0.0009 km travelled by car
___bfs com 22 Treads_concluida___
___bfs com 24 Treads___
IO        : 1.076554
Compute   : 6.826520
Timer Wall Time: 7.903078
	Time:	0:00:10
	Energy:	0.0007 kWh
	CO2eq:	0.1043 g
	0.0010 km travelled by car
	Time:	0:00:10
	Energy:	0.0007 kWh
	CO2eq:	0.1043 g
	0.0010 km travelled by car
___bfs com 24 Treads_concluida___
___bfs com 26 Treads___
IO        : 1.081529
Compute   : 8.793187
Timer Wall Time: 9.874722
	Time:	0:00:12
	Energy:	0.0008 kWh
	CO2eq:	0.1202 g
	0.0011 km travelled by car
	Time:	0:00:12
	Energy:	0.0008 kWh
	CO2eq:	0.1202 g
	0.0011 km travelled by car
___bfs com 26 Treads_concluida___
___bfs com 28 Treads___
IO        : 1.344844
Compute   : 8.978320
Timer Wall Time: 10.323168
	Time:	0:00:13
	Energy:	0.0009 kWh
	CO2eq:	0.1241 g
	0.0012 km travelled by car
	Time:	0:00:13
	Energy:	0.0009 kWh
	CO2eq:	0.1241 g
	0.0012 km travelled by car
___bfs com 28 Treads_concluida___
___bfs com 30 Treads___
IO        : 1.049312
Compute   : 9.307932
Timer Wall Time: 10.357247
	Time:	0:00:13
	Energy:	0.0009 kWh
	CO2eq:	0.1271 g
	0.0012 km travelled by car
	Time:	0:00:13
	Energy:	0.0009 kWh
	CO2eq:	0.1271 g
	0.0012 km travelled by car
___bfs com 30 Treads_concluida___
___bfs com 32 Treads___
IO        : 1.279486
Compute   : 9.920304
Timer Wall Time: 11.199796
	Time:	0:00:13
	Energy:	0.0009 kWh
	CO2eq:	0.1344 g
	0.0012 km travelled by car
	Time:	0:00:13
	Energy:	0.0009 kWh
	CO2eq:	0.1344 g
	0.0012 km travelled by car
___bfs com 32 Treads_concluida___
___bfs com 34 Treads___
IO        : 1.084374
Compute   : 9.557732
Timer Wall Time: 10.642110
	Time:	0:00:13
	Energy:	0.0009 kWh
	CO2eq:	0.1280 g
	0.0012 km travelled by car
	Time:	0:00:13
	Energy:	0.0009 kWh
	CO2eq:	0.1280 g
	0.0012 km travelled by car
___bfs com 34 Treads_concluida___
___bfs com 36 Treads___
IO        : 1.113827
Compute   : 9.797202
Timer Wall Time: 10.911034
	Time:	0:00:13
	Energy:	0.0009 kWh
	CO2eq:	0.1315 g
	0.0012 km travelled by car
	Time:	0:00:13
	Energy:	0.0009 kWh
	CO2eq:	0.1315 g
	0.0012 km travelled by car
___bfs com 36 Treads_concluida___
___bfs com 38 Treads___
IO        : 1.218849
Compute   : 10.157207
Timer Wall Time: 11.376058
	Time:	0:00:14
	Energy:	0.0010 kWh
	CO2eq:	0.1382 g
	0.0013 km travelled by car
	Time:	0:00:14
	Energy:	0.0010 kWh
	CO2eq:	0.1382 g
	0.0013 km travelled by car
___bfs com 38 Treads_concluida___
___bfs com 40 Treads___
IO        : 1.480249
Compute   : 10.609700
Timer Wall Time: 12.089953
	Time:	0:00:14
	Energy:	0.0011 kWh
	CO2eq:	0.1577 g
	0.0015 km travelled by car
	Time:	0:00:14
	Energy:	0.0011 kWh
	CO2eq:	0.1577 g
	0.0015 km travelled by car
___bfs com 40 Treads_concluida___
___bfs com 42 Treads___
IO        : 1.049421
Compute   : 11.132469
Timer Wall Time: 12.181894
	Time:	0:00:14
	Energy:	0.0012 kWh
	CO2eq:	0.1754 g
	0.0016 km travelled by car
	Time:	0:00:14
	Energy:	0.0012 kWh
	CO2eq:	0.1754 g
	0.0016 km travelled by car
___bfs com 42 Treads_concluida___
___bfs com 44 Treads___
IO        : 1.052926
Compute   : 11.920056
Timer Wall Time: 12.972988
	Time:	0:00:15
	Energy:	0.0013 kWh
	CO2eq:	0.1880 g
	0.0017 km travelled by car
	Time:	0:00:15
	Energy:	0.0013 kWh
	CO2eq:	0.1880 g
	0.0017 km travelled by car
___bfs com 44 Treads_concluida___
___bfs com 46 Treads___
IO        : 1.054972
Compute   : 12.592195
Timer Wall Time: 13.647171
	Time:	0:00:16
	Energy:	0.0014 kWh
	CO2eq:	0.1969 g
	0.0018 km travelled by car
	Time:	0:00:16
	Energy:	0.0014 kWh
	CO2eq:	0.1969 g
	0.0018 km travelled by car
___bfs com 46 Treads_concluida___
___bfs com 48 Treads___
IO        : 1.046402
Compute   : 12.701445
Timer Wall Time: 13.747852
	Time:	0:00:16
	Energy:	0.0014 kWh
	CO2eq:	0.2005 g
	0.0019 km travelled by car
	Time:	0:00:16
	Energy:	0.0014 kWh
	CO2eq:	0.2005 g
	0.0019 km travelled by car
___bfs com 48 Treads_concluida___
Turn x2
___bfs com 2 Treads___
IO        : 1.045862
Compute   : 1.156892
Timer Wall Time: 2.202759
	Time:	0:00:04
	Energy:	0.0003 kWh
	CO2eq:	0.0427 g
	0.0004 km travelled by car
	Time:	0:00:04
	Energy:	0.0003 kWh
	CO2eq:	0.0427 g
	0.0004 km travelled by car
___bfs com 2 Treads_concluida___
___bfs com 4 Treads___
IO        : 1.098612
Compute   : 1.455304
Timer Wall Time: 2.553919
	Time:	0:00:05
	Energy:	0.0003 kWh
	CO2eq:	0.0475 g
	0.0004 km travelled by car
	Time:	0:00:05
	Energy:	0.0003 kWh
	CO2eq:	0.0475 g
	0.0004 km travelled by car
___bfs com 4 Treads_concluida___
___bfs com 6 Treads___
IO        : 1.042927
Compute   : 1.810552
Timer Wall Time: 2.853483
	Time:	0:00:05
	Energy:	0.0003 kWh
	CO2eq:	0.0494 g
	0.0005 km travelled by car
	Time:	0:00:05
	Energy:	0.0003 kWh
	CO2eq:	0.0494 g
	0.0005 km travelled by car
___bfs com 6 Treads_concluida___
___bfs com 8 Treads___
IO        : 1.073141
Compute   : 2.155186
Timer Wall Time: 3.228330
	Time:	0:00:05
	Energy:	0.0004 kWh
	CO2eq:	0.0548 g
	0.0005 km travelled by car
	Time:	0:00:05
	Energy:	0.0004 kWh
	CO2eq:	0.0548 g
	0.0005 km travelled by car
___bfs com 8 Treads_concluida___
___bfs com 10 Treads___
IO        : 1.055239
Compute   : 2.341768
Timer Wall Time: 3.397011
	Time:	0:00:06
	Energy:	0.0004 kWh
	CO2eq:	0.0568 g
	0.0005 km travelled by car
	Time:	0:00:06
	Energy:	0.0004 kWh
	CO2eq:	0.0568 g
	0.0005 km travelled by car
___bfs com 10 Treads_concluida___
___bfs com 12 Treads___
IO        : 1.050766
Compute   : 2.715393
Timer Wall Time: 3.766164
	Time:	0:00:06
	Energy:	0.0004 kWh
	CO2eq:	0.0626 g
	0.0006 km travelled by car
	Time:	0:00:06
	Energy:	0.0004 kWh
	CO2eq:	0.0626 g
	0.0006 km travelled by car
___bfs com 12 Treads_concluida___
___bfs com 14 Treads___
IO        : 1.065087
Compute   : 4.297943
Timer Wall Time: 5.363036
	Time:	0:00:08
	Energy:	0.0005 kWh
	CO2eq:	0.0761 g
	0.0007 km travelled by car
	Time:	0:00:08
	Energy:	0.0005 kWh
	CO2eq:	0.0761 g
	0.0007 km travelled by car
___bfs com 14 Treads_concluida___
___bfs com 16 Treads___
IO        : 1.063683
Compute   : 5.103741
Timer Wall Time: 6.167428
	Time:	0:00:08
	Energy:	0.0006 kWh
	CO2eq:	0.0847 g
	0.0008 km travelled by car
	Time:	0:00:08
	Energy:	0.0006 kWh
	CO2eq:	0.0847 g
	0.0008 km travelled by car
___bfs com 16 Treads_concluida___
___bfs com 18 Treads___
IO        : 1.056327
Compute   : 5.432048
Timer Wall Time: 6.488379
	Time:	0:00:09
	Energy:	0.0006 kWh
	CO2eq:	0.0889 g
	0.0008 km travelled by car
	Time:	0:00:09
	Energy:	0.0006 kWh
	CO2eq:	0.0889 g
	0.0008 km travelled by car
___bfs com 18 Treads_concluida___
___bfs com 20 Treads___
IO        : 1.096643
Compute   : 6.011131
Timer Wall Time: 7.107778
	Time:	0:00:09
	Energy:	0.0007 kWh
	CO2eq:	0.0956 g
	0.0009 km travelled by car
	Time:	0:00:09
	Energy:	0.0007 kWh
	CO2eq:	0.0956 g
	0.0009 km travelled by car
___bfs com 20 Treads_concluida___
___bfs com 22 Treads___
IO        : 1.049587
Compute   : 6.782515
Timer Wall Time: 7.832106
	Time:	0:00:10
	Energy:	0.0007 kWh
	CO2eq:	0.1033 g
	0.0010 km travelled by car
	Time:	0:00:10
	Energy:	0.0007 kWh
	CO2eq:	0.1033 g
	0.0010 km travelled by car
___bfs com 22 Treads_concluida___
___bfs com 24 Treads___
IO        : 1.069929
Compute   : 7.377525
Timer Wall Time: 8.447458
	Time:	0:00:11
	Energy:	0.0008 kWh
	CO2eq:	0.1107 g
	0.0010 km travelled by car
	Time:	0:00:11
	Energy:	0.0008 kWh
	CO2eq:	0.1107 g
	0.0010 km travelled by car
___bfs com 24 Treads_concluida___
___bfs com 26 Treads___
IO        : 1.056272
Compute   : 8.532395
Timer Wall Time: 9.588673
	Time:	0:00:12
	Energy:	0.0009 kWh
	CO2eq:	0.1222 g
	0.0011 km travelled by car
	Time:	0:00:12
	Energy:	0.0009 kWh
	CO2eq:	0.1222 g
	0.0011 km travelled by car
___bfs com 26 Treads_concluida___
___bfs com 28 Treads___
IO        : 1.158886
Compute   : 9.116374
Timer Wall Time: 10.275265
	Time:	0:00:12
	Energy:	0.0009 kWh
	CO2eq:	0.1276 g
	0.0012 km travelled by car
	Time:	0:00:12
	Energy:	0.0009 kWh
	CO2eq:	0.1276 g
	0.0012 km travelled by car
___bfs com 28 Treads_concluida___
___bfs com 30 Treads___
IO        : 1.051126
Compute   : 9.094424
Timer Wall Time: 10.145554
	Time:	0:00:12
	Energy:	0.0009 kWh
	CO2eq:	0.1239 g
	0.0012 km travelled by car
	Time:	0:00:12
	Energy:	0.0009 kWh
	CO2eq:	0.1239 g
	0.0012 km travelled by car
___bfs com 30 Treads_concluida___
___bfs com 32 Treads___
IO        : 1.054772
Compute   : 9.771315
Timer Wall Time: 10.826092
	Time:	0:00:13
	Energy:	0.0009 kWh
	CO2eq:	0.1311 g
	0.0012 km travelled by car
	Time:	0:00:13
	Energy:	0.0009 kWh
	CO2eq:	0.1311 g
	0.0012 km travelled by car
___bfs com 32 Treads_concluida___
___bfs com 34 Treads___
IO        : 1.052386
Compute   : 9.287668
Timer Wall Time: 10.340058
	Time:	0:00:13
	Energy:	0.0009 kWh
	CO2eq:	0.1279 g
	0.0012 km travelled by car
	Time:	0:00:13
	Energy:	0.0009 kWh
	CO2eq:	0.1279 g
	0.0012 km travelled by car
___bfs com 34 Treads_concluida___
___bfs com 36 Treads___
IO        : 1.153701
Compute   : 9.556014
Timer Wall Time: 10.709719
	Time:	0:00:13
	Energy:	0.0009 kWh
	CO2eq:	0.1298 g
	0.0012 km travelled by car
	Time:	0:00:13
	Energy:	0.0009 kWh
	CO2eq:	0.1298 g
	0.0012 km travelled by car
___bfs com 36 Treads_concluida___
___bfs com 38 Treads___
IO        : 1.057409
Compute   : 10.174332
Timer Wall Time: 11.231744
	Time:	0:00:13
	Energy:	0.0010 kWh
	CO2eq:	0.1371 g
	0.0013 km travelled by car
	Time:	0:00:13
	Energy:	0.0010 kWh
	CO2eq:	0.1371 g
	0.0013 km travelled by car
___bfs com 38 Treads_concluida___
___bfs com 40 Treads___
IO        : 1.054750
Compute   : 10.560258
Timer Wall Time: 11.615013
	Time:	0:00:14
	Energy:	0.0011 kWh
	CO2eq:	0.1523 g
	0.0014 km travelled by car
	Time:	0:00:14
	Energy:	0.0011 kWh
	CO2eq:	0.1523 g
	0.0014 km travelled by car
___bfs com 40 Treads_concluida___
___bfs com 42 Treads___
IO        : 1.330255
Compute   : 11.556746
Timer Wall Time: 12.887007
	Time:	0:00:15
	Energy:	0.0013 kWh
	CO2eq:	0.1852 g
	0.0017 km travelled by car
	Time:	0:00:15
	Energy:	0.0013 kWh
	CO2eq:	0.1852 g
	0.0017 km travelled by car
___bfs com 42 Treads_concluida___
___bfs com 44 Treads___
IO        : 1.168588
Compute   : 11.975400
Timer Wall Time: 13.143995
	Time:	0:00:15
	Energy:	0.0013 kWh
	CO2eq:	0.1877 g
	0.0017 km travelled by car
	Time:	0:00:15
	Energy:	0.0013 kWh
	CO2eq:	0.1877 g
	0.0017 km travelled by car
___bfs com 44 Treads_concluida___
___bfs com 46 Treads___
IO        : 1.100207
Compute   : 12.422186
Timer Wall Time: 13.522396
	Time:	0:00:16
	Energy:	0.0014 kWh
	CO2eq:	0.1961 g
	0.0018 km travelled by car
	Time:	0:00:16
	Energy:	0.0014 kWh
	CO2eq:	0.1961 g
	0.0018 km travelled by car
___bfs com 46 Treads_concluida___
___bfs com 48 Treads___
IO        : 1.084260
Compute   : 12.910730
Timer Wall Time: 13.994995
	Time:	0:00:16
	Energy:	0.0014 kWh
	CO2eq:	0.2016 g
	0.0019 km travelled by car
	Time:	0:00:16
	Energy:	0.0014 kWh
	CO2eq:	0.2016 g
	0.0019 km travelled by car
___bfs com 48 Treads_concluida___
Turn x3
___bfs com 2 Treads___
IO        : 1.269511
Compute   : 1.169443
Timer Wall Time: 2.438959
	Time:	0:00:05
	Energy:	0.0003 kWh
	CO2eq:	0.0464 g
	0.0004 km travelled by car
	Time:	0:00:05
	Energy:	0.0003 kWh
	CO2eq:	0.0464 g
	0.0004 km travelled by car
___bfs com 2 Treads_concluida___
___bfs com 4 Treads___
IO        : 1.291438
Compute   : 1.441140
Timer Wall Time: 2.732582
	Time:	0:00:06
	Energy:	0.0004 kWh
	CO2eq:	0.0513 g
	0.0005 km travelled by car
	Time:	0:00:06
	Energy:	0.0004 kWh
	CO2eq:	0.0513 g
	0.0005 km travelled by car
___bfs com 4 Treads_concluida___
___bfs com 6 Treads___
IO        : 1.062921
Compute   : 1.837139
Timer Wall Time: 2.900066
	Time:	0:00:05
	Energy:	0.0004 kWh
	CO2eq:	0.0501 g
	0.0005 km travelled by car
	Time:	0:00:05
	Energy:	0.0004 kWh
	CO2eq:	0.0501 g
	0.0005 km travelled by car
___bfs com 6 Treads_concluida___
___bfs com 8 Treads___
	Time:	0:00:00
	Energy:	0.0000 kWh
	CO2eq:	0.0000 g
	0.0000 km travelled by car
	Time:	0:00:00
	Energy:	0.0000 kWh
	CO2eq:	0.0000 g
	0.0000 km travelled by car
___bfs com 8 Treads_concluida___
___bfs com 10 Treads___
IO        : 1.196395
Compute   : 2.366989
Timer Wall Time: 3.563389
	Time:	0:00:06
	Energy:	0.0004 kWh
	CO2eq:	0.0572 g
	0.0005 km travelled by car
	Time:	0:00:06
	Energy:	0.0004 kWh
	CO2eq:	0.0572 g
	0.0005 km travelled by car
___bfs com 10 Treads_concluida___
___bfs com 12 Treads___
IO        : 1.089248
Compute   : 2.705639
Timer Wall Time: 3.794892
	Time:	0:00:06
	Energy:	0.0004 kWh
	CO2eq:	0.0601 g
	0.0006 km travelled by car
	Time:	0:00:06
	Energy:	0.0004 kWh
	CO2eq:	0.0601 g
	0.0006 km travelled by car
___bfs com 12 Treads_concluida___
___bfs com 14 Treads___
IO        : 1.083433
Compute   : 4.441972
Timer Wall Time: 5.525409
	Time:	0:00:08
	Energy:	0.0005 kWh
	CO2eq:	0.0776 g
	0.0007 km travelled by car
	Time:	0:00:08
	Energy:	0.0005 kWh
	CO2eq:	0.0776 g
	0.0007 km travelled by car
___bfs com 14 Treads_concluida___
___bfs com 16 Treads___
IO        : 1.155631
Compute   : 5.315030
Timer Wall Time: 6.470666
	Time:	0:00:09
	Energy:	0.0006 kWh
	CO2eq:	0.0877 g
	0.0008 km travelled by car
	Time:	0:00:09
	Energy:	0.0006 kWh
	CO2eq:	0.0877 g
	0.0008 km travelled by car
___bfs com 16 Treads_concluida___
___bfs com 18 Treads___
IO        : 1.079589
Compute   : 5.434585
Timer Wall Time: 6.514177
	Time:	0:00:09
	Energy:	0.0006 kWh
	CO2eq:	0.0894 g
	0.0008 km travelled by car
	Time:	0:00:09
	Energy:	0.0006 kWh
	CO2eq:	0.0894 g
	0.0008 km travelled by car
___bfs com 18 Treads_concluida___
___bfs com 20 Treads___
IO        : 1.178547
Compute   : 6.035986
Timer Wall Time: 7.214540
	Time:	0:00:09
	Energy:	0.0007 kWh
	CO2eq:	0.0936 g
	0.0009 km travelled by car
	Time:	0:00:09
	Energy:	0.0007 kWh
	CO2eq:	0.0936 g
	0.0009 km travelled by car
___bfs com 20 Treads_concluida___
___bfs com 22 Treads___
IO        : 1.237801
Compute   : 6.928535
Timer Wall Time: 8.166340
	Time:	0:00:10
	Energy:	0.0007 kWh
	CO2eq:	0.1029 g
	0.0010 km travelled by car
	Time:	0:00:10
	Energy:	0.0007 kWh
	CO2eq:	0.1029 g
	0.0010 km travelled by car
___bfs com 22 Treads_concluida___
___bfs com 24 Treads___
IO        : 1.063369
Compute   : 7.242390
Timer Wall Time: 8.305763
	Time:	0:00:10
	Energy:	0.0008 kWh
	CO2eq:	0.1093 g
	0.0010 km travelled by car
	Time:	0:00:10
	Energy:	0.0008 kWh
	CO2eq:	0.1093 g
	0.0010 km travelled by car
___bfs com 24 Treads_concluida___
___bfs com 26 Treads___
IO        : 1.662197
Compute   : 8.629970
Timer Wall Time: 10.292172
	Time:	0:00:13
	Energy:	0.0009 kWh
	CO2eq:	0.1235 g
	0.0011 km travelled by car
	Time:	0:00:13
	Energy:	0.0009 kWh
	CO2eq:	0.1235 g
	0.0011 km travelled by car
___bfs com 26 Treads_concluida___
___bfs com 28 Treads___
IO        : 1.573848
Compute   : 8.638988
Timer Wall Time: 10.212839
	Time:	0:00:12
	Energy:	0.0009 kWh
	CO2eq:	0.1226 g
	0.0011 km travelled by car
	Time:	0:00:12
	Energy:	0.0009 kWh
	CO2eq:	0.1226 g
	0.0011 km travelled by car
___bfs com 28 Treads_concluida___
___bfs com 30 Treads___
IO        : 1.072265
Compute   : 9.667901
Timer Wall Time: 10.740171
	Time:	0:00:13
	Energy:	0.0009 kWh
	CO2eq:	0.1271 g
	0.0012 km travelled by car
	Time:	0:00:13
	Energy:	0.0009 kWh
	CO2eq:	0.1271 g
	0.0012 km travelled by car
___bfs com 30 Treads_concluida___
___bfs com 32 Treads___
IO        : 1.086045
Compute   : 9.199457
Timer Wall Time: 10.285506
	Time:	0:00:12
	Energy:	0.0009 kWh
	CO2eq:	0.1263 g
	0.0012 km travelled by car
	Time:	0:00:12
	Energy:	0.0009 kWh
	CO2eq:	0.1263 g
	0.0012 km travelled by car
___bfs com 32 Treads_concluida___
___bfs com 34 Treads___
IO        : 1.058228
Compute   : 9.566580
Timer Wall Time: 10.624813
	Time:	0:00:13
	Energy:	0.0009 kWh
	CO2eq:	0.1305 g
	0.0012 km travelled by car
	Time:	0:00:13
	Energy:	0.0009 kWh
	CO2eq:	0.1305 g
	0.0012 km travelled by car
___bfs com 34 Treads_concluida___
___bfs com 36 Treads___
IO        : 2.397162
Compute   : 10.211930
Timer Wall Time: 12.609095
	Time:	0:00:15
	Energy:	0.0011 kWh
	CO2eq:	0.1627 g
	0.0015 km travelled by car
	Time:	0:00:15
	Energy:	0.0011 kWh
	CO2eq:	0.1627 g
	0.0015 km travelled by car
___bfs com 36 Treads_concluida___
___bfs com 38 Treads___
IO        : 1.045562
Compute   : 10.219996
Timer Wall Time: 11.265563
	Time:	0:00:14
	Energy:	0.0010 kWh
	CO2eq:	0.1384 g
	0.0013 km travelled by car
	Time:	0:00:14
	Energy:	0.0010 kWh
	CO2eq:	0.1384 g
	0.0013 km travelled by car
___bfs com 38 Treads_concluida___
___bfs com 40 Treads___
IO        : 1.057448
Compute   : 10.839008
Timer Wall Time: 11.896460
	Time:	0:00:14
	Energy:	0.0012 kWh
	CO2eq:	0.1643 g
	0.0015 km travelled by car
	Time:	0:00:14
	Energy:	0.0012 kWh
	CO2eq:	0.1643 g
	0.0015 km travelled by car
___bfs com 40 Treads_concluida___
___bfs com 42 Treads___
IO        : 1.092870
Compute   : 11.745086
Timer Wall Time: 12.837961
	Time:	0:00:15
	Energy:	0.0013 kWh
	CO2eq:	0.1849 g
	0.0017 km travelled by car
	Time:	0:00:15
	Energy:	0.0013 kWh
	CO2eq:	0.1849 g
	0.0017 km travelled by car
___bfs com 42 Treads_concluida___
___bfs com 44 Treads___
IO        : 1.093866
Compute   : 11.688592
Timer Wall Time: 12.782462
	Time:	0:00:15
	Energy:	0.0013 kWh
	CO2eq:	0.1876 g
	0.0017 km travelled by car
	Time:	0:00:15
	Energy:	0.0013 kWh
	CO2eq:	0.1876 g
	0.0017 km travelled by car
___bfs com 44 Treads_concluida___
___bfs com 46 Treads___
IO        : 1.076210
Compute   : 12.679527
Timer Wall Time: 13.755742
	Time:	0:00:16
	Energy:	0.0014 kWh
	CO2eq:	0.1995 g
	0.0019 km travelled by car
	Time:	0:00:16
	Energy:	0.0014 kWh
	CO2eq:	0.1995 g
	0.0019 km travelled by car
___bfs com 46 Treads_concluida___
___bfs com 48 Treads___
IO        : 1.086619
Compute   : 12.886536
Timer Wall Time: 13.973160
	Time:	0:00:16
	Energy:	0.0014 kWh
	CO2eq:	0.2024 g
	0.0019 km travelled by car
	Time:	0:00:16
	Energy:	0.0014 kWh
	CO2eq:	0.2024 g
	0.0019 km travelled by car
___bfs com 48 Treads_concluida___
Turn x4
___bfs com 2 Treads___
IO        : 1.307597
Compute   : 1.146553
Timer Wall Time: 2.454154
	Time:	0:00:05
	Energy:	0.0004 kWh
	CO2eq:	0.0497 g
	0.0005 km travelled by car
	Time:	0:00:05
	Energy:	0.0004 kWh
	CO2eq:	0.0497 g
	0.0005 km travelled by car
___bfs com 2 Treads_concluida___
___bfs com 4 Treads___
IO        : 1.380228
Compute   : 1.426944
Timer Wall Time: 2.807177
	Time:	0:00:05
	Energy:	0.0004 kWh
	CO2eq:	0.0499 g
	0.0005 km travelled by car
	Time:	0:00:05
	Energy:	0.0004 kWh
	CO2eq:	0.0499 g
	0.0005 km travelled by car
___bfs com 4 Treads_concluida___
___bfs com 6 Treads___
IO        : 1.098375
Compute   : 1.921603
Timer Wall Time: 3.019983
	Time:	0:00:05
	Energy:	0.0004 kWh
	CO2eq:	0.0512 g
	0.0005 km travelled by car
	Time:	0:00:05
	Energy:	0.0004 kWh
	CO2eq:	0.0512 g
	0.0005 km travelled by car
___bfs com 6 Treads_concluida___
___bfs com 8 Treads___
IO        : 1.085141
Compute   : 2.156790
Timer Wall Time: 3.241937
	Time:	0:00:05
	Energy:	0.0004 kWh
	CO2eq:	0.0541 g
	0.0005 km travelled by car
	Time:	0:00:05
	Energy:	0.0004 kWh
	CO2eq:	0.0541 g
	0.0005 km travelled by car
___bfs com 8 Treads_concluida___
___bfs com 10 Treads___
	Time:	0:00:02
	Energy:	0.0001 kWh
	CO2eq:	0.0212 g
	0.0002 km travelled by car
	Time:	0:00:02
	Energy:	0.0001 kWh
	CO2eq:	0.0212 g
	0.0002 km travelled by car
___bfs com 10 Treads_concluida___
___bfs com 12 Treads___
IO        : 1.190690
Compute   : 2.668400
Timer Wall Time: 3.859095
	Time:	0:00:06
	Energy:	0.0004 kWh
	CO2eq:	0.0606 g
	0.0006 km travelled by car
	Time:	0:00:06
	Energy:	0.0004 kWh
	CO2eq:	0.0606 g
	0.0006 km travelled by car
___bfs com 12 Treads_concluida___
___bfs com 14 Treads___
IO        : 1.073316
Compute   : 4.793715
Timer Wall Time: 5.867036
	Time:	0:00:08
	Energy:	0.0006 kWh
	CO2eq:	0.0818 g
	0.0008 km travelled by car
	Time:	0:00:08
	Energy:	0.0006 kWh
	CO2eq:	0.0818 g
	0.0008 km travelled by car
___bfs com 14 Treads_concluida___
___bfs com 16 Treads___
IO        : 1.061711
Compute   : 5.044431
Timer Wall Time: 6.106146
	Time:	0:00:08
	Energy:	0.0006 kWh
	CO2eq:	0.0834 g
	0.0008 km travelled by car
	Time:	0:00:08
	Energy:	0.0006 kWh
	CO2eq:	0.0834 g
	0.0008 km travelled by car
___bfs com 16 Treads_concluida___
___bfs com 18 Treads___
IO        : 1.242502
Compute   : 5.572397
Timer Wall Time: 6.814903
	Time:	0:00:09
	Energy:	0.0006 kWh
	CO2eq:	0.0910 g
	0.0008 km travelled by car
	Time:	0:00:09
	Energy:	0.0006 kWh
	CO2eq:	0.0910 g
	0.0008 km travelled by car
___bfs com 18 Treads_concluida___
___bfs com 20 Treads___
IO        : 1.064152
Compute   : 6.112687
Timer Wall Time: 7.176843
	Time:	0:00:09
	Energy:	0.0007 kWh
	CO2eq:	0.0955 g
	0.0009 km travelled by car
	Time:	0:00:09
	Energy:	0.0007 kWh
	CO2eq:	0.0955 g
	0.0009 km travelled by car
___bfs com 20 Treads_concluida___
___bfs com 22 Treads___
IO        : 1.056329
Compute   : 6.812032
Timer Wall Time: 7.868365
	Time:	0:00:10
	Energy:	0.0007 kWh
	CO2eq:	0.1037 g
	0.0010 km travelled by car
	Time:	0:00:10
	Energy:	0.0007 kWh
	CO2eq:	0.1037 g
	0.0010 km travelled by car
___bfs com 22 Treads_concluida___
___bfs com 24 Treads___
IO        : 1.205112
Compute   : 7.327719
Timer Wall Time: 8.532835
	Time:	0:00:11
	Energy:	0.0008 kWh
	CO2eq:	0.1114 g
	0.0010 km travelled by car
	Time:	0:00:11
	Energy:	0.0008 kWh
	CO2eq:	0.1114 g
	0.0010 km travelled by car
___bfs com 24 Treads_concluida___
___bfs com 26 Treads___
IO        : 1.084435
Compute   : 8.569102
Timer Wall Time: 9.653542
	Time:	0:00:12
	Energy:	0.0009 kWh
	CO2eq:	0.1250 g
	0.0012 km travelled by car
	Time:	0:00:12
	Energy:	0.0008 kWh
	CO2eq:	0.1184 g
	0.0011 km travelled by car
___bfs com 26 Treads_concluida___
___bfs com 28 Treads___
IO        : 1.185029
Compute   : 9.135923
Timer Wall Time: 10.320957
	Time:	0:00:13
	Energy:	0.0009 kWh
	CO2eq:	0.1247 g
	0.0012 km travelled by car
	Time:	0:00:13
	Energy:	0.0009 kWh
	CO2eq:	0.1247 g
	0.0012 km travelled by car
___bfs com 28 Treads_concluida___
___bfs com 30 Treads___
IO        : 1.066710
Compute   : 9.367846
Timer Wall Time: 10.434561
	Time:	0:00:13
	Energy:	0.0009 kWh
	CO2eq:	0.1266 g
	0.0012 km travelled by car
	Time:	0:00:13
	Energy:	0.0009 kWh
	CO2eq:	0.1266 g
	0.0012 km travelled by car
___bfs com 30 Treads_concluida___
___bfs com 32 Treads___
IO        : 1.059667
Compute   : 9.534087
Timer Wall Time: 10.593759
	Time:	0:00:13
	Energy:	0.0009 kWh
	CO2eq:	0.1282 g
	0.0012 km travelled by car
	Time:	0:00:13
	Energy:	0.0009 kWh
	CO2eq:	0.1282 g
	0.0012 km travelled by car
___bfs com 32 Treads_concluida___
___bfs com 34 Treads___
IO        : 1.335953
Compute   : 9.527176
Timer Wall Time: 10.863132
	Time:	0:00:13
	Energy:	0.0009 kWh
	CO2eq:	0.1320 g
	0.0012 km travelled by car
	Time:	0:00:13
	Energy:	0.0009 kWh
	CO2eq:	0.1320 g
	0.0012 km travelled by car
___bfs com 34 Treads_concluida___
___bfs com 36 Treads___
IO        : 1.319878
Compute   : 9.923142
Timer Wall Time: 11.243025
	Time:	0:00:14
	Energy:	0.0009 kWh
	CO2eq:	0.1323 g
	0.0012 km travelled by car
	Time:	0:00:14
	Energy:	0.0009 kWh
	CO2eq:	0.1323 g
	0.0012 km travelled by car
___bfs com 36 Treads_concluida___
___bfs com 38 Treads___
IO        : 0.998889
Compute   : 10.197143
Timer Wall Time: 11.196037
	Time:	0:00:14
	Energy:	0.0011 kWh
	CO2eq:	0.1513 g
	0.0014 km travelled by car
	Time:	0:00:14
	Energy:	0.0011 kWh
	CO2eq:	0.1513 g
	0.0014 km travelled by car
___bfs com 38 Treads_concluida___
___bfs com 40 Treads___
IO        : 1.070724
Compute   : 10.894241
Timer Wall Time: 11.964969
	Time:	0:00:14
	Energy:	0.0012 kWh
	CO2eq:	0.1681 g
	0.0016 km travelled by car
	Time:	0:00:14
	Energy:	0.0012 kWh
	CO2eq:	0.1681 g
	0.0016 km travelled by car
___bfs com 40 Treads_concluida___
___bfs com 42 Treads___
IO        : 1.216841
Compute   : 11.509659
Timer Wall Time: 12.726504
	Time:	0:00:15
	Energy:	0.0013 kWh
	CO2eq:	0.1852 g
	0.0017 km travelled by car
	Time:	0:00:15
	Energy:	0.0013 kWh
	CO2eq:	0.1852 g
	0.0017 km travelled by car
___bfs com 42 Treads_concluida___
___bfs com 44 Treads___
IO        : 1.089874
Compute   : 12.075134
Timer Wall Time: 13.165012
	Time:	0:00:15
	Energy:	0.0013 kWh
	CO2eq:	0.1897 g
	0.0018 km travelled by car
	Time:	0:00:15
	Energy:	0.0013 kWh
	CO2eq:	0.1897 g
	0.0018 km travelled by car
___bfs com 44 Treads_concluida___
___bfs com 46 Treads___
IO        : 1.083150
Compute   : 12.900801
Timer Wall Time: 13.983956
	Time:	0:00:16
	Energy:	0.0014 kWh
	CO2eq:	0.2010 g
	0.0019 km travelled by car
	Time:	0:00:16
	Energy:	0.0014 kWh
	CO2eq:	0.2010 g
	0.0019 km travelled by car
___bfs com 46 Treads_concluida___
___bfs com 48 Treads___
IO        : 1.801753
Compute   : 12.790909
Timer Wall Time: 14.592667
	Time:	0:00:17
	Energy:	0.0015 kWh
	CO2eq:	0.2094 g
	0.0019 km travelled by car
	Time:	0:00:17
	Energy:	0.0015 kWh
	CO2eq:	0.2094 g
	0.0019 km travelled by car
___bfs com 48 Treads_concluida___
Turn x5
___bfs com 2 Treads___
IO        : 1.380595
Compute   : 1.183985
Timer Wall Time: 2.564587
	Time:	0:00:05
	Energy:	0.0003 kWh
	CO2eq:	0.0470 g
	0.0004 km travelled by car
	Time:	0:00:05
	Energy:	0.0003 kWh
	CO2eq:	0.0470 g
	0.0004 km travelled by car
___bfs com 2 Treads_concluida___
___bfs com 4 Treads___
IO        : 1.668216
Compute   : 1.423011
Timer Wall Time: 3.091232
	Time:	0:00:05
	Energy:	0.0004 kWh
	CO2eq:	0.0530 g
	0.0005 km travelled by car
	Time:	0:00:05
	Energy:	0.0004 kWh
	CO2eq:	0.0530 g
	0.0005 km travelled by car
___bfs com 4 Treads_concluida___
___bfs com 6 Treads___
IO        : 1.763904
Compute   : 1.875859
Timer Wall Time: 3.639768
	Time:	0:00:06
	Energy:	0.0004 kWh
	CO2eq:	0.0579 g
	0.0005 km travelled by car
	Time:	0:00:06
	Energy:	0.0004 kWh
	CO2eq:	0.0579 g
	0.0005 km travelled by car
___bfs com 6 Treads_concluida___
___bfs com 8 Treads___
IO        : 1.493031
Compute   : 2.191025
Timer Wall Time: 3.684060
	Time:	0:00:06
	Energy:	0.0004 kWh
	CO2eq:	0.0587 g
	0.0005 km travelled by car
	Time:	0:00:06
	Energy:	0.0004 kWh
	CO2eq:	0.0587 g
	0.0005 km travelled by car
___bfs com 8 Treads_concluida___
___bfs com 10 Treads___
IO        : 1.058293
Compute   : 2.435610
Timer Wall Time: 3.493909
	Time:	0:00:06
	Energy:	0.0004 kWh
	CO2eq:	0.0572 g
	0.0005 km travelled by car
	Time:	0:00:06
	Energy:	0.0004 kWh
	CO2eq:	0.0572 g
	0.0005 km travelled by car
___bfs com 10 Treads_concluida___
___bfs com 12 Treads___
IO        : 1.286218
Compute   : 2.662450
Timer Wall Time: 3.948674
	Time:	0:00:06
	Energy:	0.0004 kWh
	CO2eq:	0.0614 g
	0.0006 km travelled by car
	Time:	0:00:06
	Energy:	0.0004 kWh
	CO2eq:	0.0614 g
	0.0006 km travelled by car
___bfs com 12 Treads_concluida___
___bfs com 14 Treads___
	Time:	0:00:00
	Energy:	0.0000 kWh
	CO2eq:	0.0000 g
	0.0000 km travelled by car
	Time:	0:00:00
	Energy:	0.0000 kWh
	CO2eq:	0.0000 g
	0.0000 km travelled by car
___bfs com 14 Treads_concluida___
___bfs com 16 Treads___
IO        : 1.311424
Compute   : 5.041056
Timer Wall Time: 6.352484
	Time:	0:00:09
	Energy:	0.0006 kWh
	CO2eq:	0.0838 g
	0.0008 km travelled by car
	Time:	0:00:09
	Energy:	0.0006 kWh
	CO2eq:	0.0838 g
	0.0008 km travelled by car
___bfs com 16 Treads_concluida___
___bfs com 18 Treads___
IO        : 1.223182
Compute   : 5.496558
Timer Wall Time: 6.719746
	Time:	0:00:09
	Energy:	0.0006 kWh
	CO2eq:	0.0913 g
	0.0008 km travelled by car
	Time:	0:00:09
	Energy:	0.0006 kWh
	CO2eq:	0.0913 g
	0.0008 km travelled by car
___bfs com 18 Treads_concluida___
___bfs com 20 Treads___
IO        : 1.092709
Compute   : 5.956862
Timer Wall Time: 7.049577
	Time:	0:00:09
	Energy:	0.0007 kWh
	CO2eq:	0.0929 g
	0.0009 km travelled by car
	Time:	0:00:09
	Energy:	0.0007 kWh
	CO2eq:	0.0929 g
	0.0009 km travelled by car
___bfs com 20 Treads_concluida___
___bfs com 22 Treads___
IO        : 1.439366
Compute   : 6.605239
Timer Wall Time: 8.044609
	Time:	0:00:10
	Energy:	0.0007 kWh
	CO2eq:	0.1043 g
	0.0010 km travelled by car
	Time:	0:00:10
	Energy:	0.0007 kWh
	CO2eq:	0.1043 g
	0.0010 km travelled by car
___bfs com 22 Treads_concluida___
___bfs com 24 Treads___
IO        : 1.056119
Compute   : 7.052373
Timer Wall Time: 8.108495
	Time:	0:00:10
	Energy:	0.0007 kWh
	CO2eq:	0.1062 g
	0.0010 km travelled by car
	Time:	0:00:10
	Energy:	0.0007 kWh
	CO2eq:	0.1062 g
	0.0010 km travelled by car
___bfs com 24 Treads_concluida___
___bfs com 26 Treads___
IO        : 1.047850
Compute   : 8.552774
Timer Wall Time: 9.600629
	Time:	0:00:12
	Energy:	0.0009 kWh
	CO2eq:	0.1238 g
	0.0012 km travelled by car
	Time:	0:00:12
	Energy:	0.0009 kWh
	CO2eq:	0.1238 g
	0.0012 km travelled by car
___bfs com 26 Treads_concluida___
___bfs com 28 Treads___
IO        : 1.058514
Compute   : 9.240492
Timer Wall Time: 10.299013
	Time:	0:00:12
	Energy:	0.0009 kWh
	CO2eq:	0.1261 g
	0.0012 km travelled by car
	Time:	0:00:12
	Energy:	0.0009 kWh
	CO2eq:	0.1261 g
	0.0012 km travelled by car
___bfs com 28 Treads_concluida___
___bfs com 30 Treads___
IO        : 1.166821
Compute   : 9.225454
Timer Wall Time: 10.392279
	Time:	0:00:13
	Energy:	0.0009 kWh
	CO2eq:	0.1265 g
	0.0012 km travelled by car
	Time:	0:00:13
	Energy:	0.0009 kWh
	CO2eq:	0.1265 g
	0.0012 km travelled by car
___bfs com 30 Treads_concluida___
___bfs com 32 Treads___
IO        : 1.065432
Compute   : 9.489784
Timer Wall Time: 10.555221
	Time:	0:00:13
	Energy:	0.0009 kWh
	CO2eq:	0.1280 g
	0.0012 km travelled by car
	Time:	0:00:13
	Energy:	0.0009 kWh
	CO2eq:	0.1280 g
	0.0012 km travelled by car
___bfs com 32 Treads_concluida___
___bfs com 34 Treads___
IO        : 1.069364
Compute   : 9.306777
Timer Wall Time: 10.376144
	Time:	0:00:13
	Energy:	0.0009 kWh
	CO2eq:	0.1282 g
	0.0012 km travelled by car
	Time:	0:00:13
	Energy:	0.0009 kWh
	CO2eq:	0.1282 g
	0.0012 km travelled by car
___bfs com 34 Treads_concluida___
___bfs com 36 Treads___
IO        : 1.064466
Compute   : 9.920184
Timer Wall Time: 10.984655
	Time:	0:00:13
	Energy:	0.0009 kWh
	CO2eq:	0.1330 g
	0.0012 km travelled by car
	Time:	0:00:13
	Energy:	0.0009 kWh
	CO2eq:	0.1330 g
	0.0012 km travelled by car
___bfs com 36 Treads_concluida___
___bfs com 38 Treads___
IO        : 1.055489
Compute   : 10.511122
Timer Wall Time: 11.566617
	Time:	0:00:14
	Energy:	0.0011 kWh
	CO2eq:	0.1517 g
	0.0014 km travelled by car
	Time:	0:00:14
	Energy:	0.0011 kWh
	CO2eq:	0.1517 g
	0.0014 km travelled by car
___bfs com 38 Treads_concluida___
___bfs com 40 Treads___
IO        : 1.358344
Compute   : 10.700968
Timer Wall Time: 12.059318
	Time:	0:00:14
	Energy:	0.0011 kWh
	CO2eq:	0.1607 g
	0.0015 km travelled by car
	Time:	0:00:14
	Energy:	0.0011 kWh
	CO2eq:	0.1607 g
	0.0015 km travelled by car
___bfs com 40 Treads_concluida___
___bfs com 42 Treads___
IO        : 1.389210
Compute   : 11.582339
Timer Wall Time: 12.971555
	Time:	0:00:15
	Energy:	0.0013 kWh
	CO2eq:	0.1891 g
	0.0018 km travelled by car
	Time:	0:00:15
	Energy:	0.0013 kWh
	CO2eq:	0.1891 g
	0.0018 km travelled by car
___bfs com 42 Treads_concluida___
___bfs com 44 Treads___
IO        : 1.165688
Compute   : 11.801964
Timer Wall Time: 12.967657
	Time:	0:00:15
	Energy:	0.0013 kWh
	CO2eq:	0.1863 g
	0.0017 km travelled by car
	Time:	0:00:15
	Energy:	0.0013 kWh
	CO2eq:	0.1863 g
	0.0017 km travelled by car
___bfs com 44 Treads_concluida___
___bfs com 46 Treads___
IO        : 1.197457
Compute   : 12.242823
Timer Wall Time: 13.440285
	Time:	0:00:16
	Energy:	0.0014 kWh
	CO2eq:	0.1944 g
	0.0018 km travelled by car
	Time:	0:00:16
	Energy:	0.0014 kWh
	CO2eq:	0.1944 g
	0.0018 km travelled by car
___bfs com 46 Treads_concluida___
___bfs com 48 Treads___
IO        : 1.186364
Compute   : 13.069416
Timer Wall Time: 14.255785
	Time:	0:00:16
	Energy:	0.0014 kWh
	CO2eq:	0.2043 g
	0.0019 km travelled by car
	Time:	0:00:16
	Energy:	0.0014 kWh
	CO2eq:	0.2043 g
	0.0019 km travelled by car
___bfs com 48 Treads_concluida___
Turn x6
___bfs com 2 Treads___
IO        : 1.112309
Compute   : 1.166819
Timer Wall Time: 2.279133
	Time:	0:00:04
	Energy:	0.0003 kWh
	CO2eq:	0.0441 g
	0.0004 km travelled by car
	Time:	0:00:04
	Energy:	0.0003 kWh
	CO2eq:	0.0441 g
	0.0004 km travelled by car
___bfs com 2 Treads_concluida___
___bfs com 4 Treads___
IO        : 1.058542
Compute   : 1.433662
Timer Wall Time: 2.492210
	Time:	0:00:05
	Energy:	0.0003 kWh
	CO2eq:	0.0465 g
	0.0004 km travelled by car
	Time:	0:00:05
	Energy:	0.0003 kWh
	CO2eq:	0.0465 g
	0.0004 km travelled by car
___bfs com 4 Treads_concluida___
___bfs com 6 Treads___
IO        : 1.101653
Compute   : 1.758061
Timer Wall Time: 2.859720
	Time:	0:00:05
	Energy:	0.0003 kWh
	CO2eq:	0.0493 g
	0.0005 km travelled by car
	Time:	0:00:05
	Energy:	0.0003 kWh
	CO2eq:	0.0493 g
	0.0005 km travelled by car
___bfs com 6 Treads_concluida___
___bfs com 8 Treads___
IO        : 1.057570
Compute   : 2.145777
Timer Wall Time: 3.203352
	Time:	0:00:05
	Energy:	0.0004 kWh
	CO2eq:	0.0535 g
	0.0005 km travelled by car
	Time:	0:00:05
	Energy:	0.0004 kWh
	CO2eq:	0.0535 g
	0.0005 km travelled by car
___bfs com 8 Treads_concluida___
___bfs com 10 Treads___
IO        : 1.116606
Compute   : 2.407650
Timer Wall Time: 3.524259
	Time:	0:00:06
	Energy:	0.0004 kWh
	CO2eq:	0.0568 g
	0.0005 km travelled by car
	Time:	0:00:06
	Energy:	0.0004 kWh
	CO2eq:	0.0568 g
	0.0005 km travelled by car
___bfs com 10 Treads_concluida___
___bfs com 12 Treads___
IO        : 1.084717
Compute   : 2.760590
Timer Wall Time: 3.845312
	Time:	0:00:06
	Energy:	0.0004 kWh
	CO2eq:	0.0603 g
	0.0006 km travelled by car
	Time:	0:00:06
	Energy:	0.0004 kWh
	CO2eq:	0.0603 g
	0.0006 km travelled by car
___bfs com 12 Treads_concluida___
___bfs com 14 Treads___
IO        : 1.080222
Compute   : 4.656474
Timer Wall Time: 5.736701
	Time:	0:00:08
	Energy:	0.0006 kWh
	CO2eq:	0.0796 g
	0.0007 km travelled by car
	Time:	0:00:08
	Energy:	0.0006 kWh
	CO2eq:	0.0796 g
	0.0007 km travelled by car
___bfs com 14 Treads_concluida___
___bfs com 16 Treads___
IO        : 1.293725
Compute   : 5.028513
Timer Wall Time: 6.322243
	Time:	0:00:09
	Energy:	0.0006 kWh
	CO2eq:	0.0843 g
	0.0008 km travelled by car
	Time:	0:00:09
	Energy:	0.0006 kWh
	CO2eq:	0.0843 g
	0.0008 km travelled by car
___bfs com 16 Treads_concluida___
___bfs com 18 Treads___
IO        : 1.393949
Compute   : 5.738720
Timer Wall Time: 7.132673
	Time:	0:00:09
	Energy:	0.0006 kWh
	CO2eq:	0.0918 g
	0.0009 km travelled by car
	Time:	0:00:09
	Energy:	0.0006 kWh
	CO2eq:	0.0918 g
	0.0009 km travelled by car
___bfs com 18 Treads_concluida___
___bfs com 20 Treads___
IO        : 1.974006
Compute   : 6.358881
Timer Wall Time: 8.332892
	Time:	0:00:11
	Energy:	0.0007 kWh
	CO2eq:	0.1056 g
	0.0010 km travelled by car
	Time:	0:00:11
	Energy:	0.0007 kWh
	CO2eq:	0.1056 g
	0.0010 km travelled by car
___bfs com 20 Treads_concluida___
___bfs com 22 Treads___
IO        : 1.800213
Compute   : 6.672142
Timer Wall Time: 8.472361
	Time:	0:00:11
	Energy:	0.0008 kWh
	CO2eq:	0.1074 g
	0.0010 km travelled by car
	Time:	0:00:11
	Energy:	0.0008 kWh
	CO2eq:	0.1074 g
	0.0010 km travelled by car
___bfs com 22 Treads_concluida___
___bfs com 24 Treads___
IO        : 1.401959
Compute   : 7.440938
Timer Wall Time: 8.842902
	Time:	0:00:11
	Energy:	0.0008 kWh
	CO2eq:	0.1146 g
	0.0011 km travelled by car
	Time:	0:00:11
	Energy:	0.0008 kWh
	CO2eq:	0.1146 g
	0.0011 km travelled by car
___bfs com 24 Treads_concluida___
___bfs com 26 Treads___
IO        : 1.089711
Compute   : 8.946365
Timer Wall Time: 10.036083
	Time:	0:00:12
	Energy:	0.0009 kWh
	CO2eq:	0.1210 g
	0.0011 km travelled by car
	Time:	0:00:12
	Energy:	0.0009 kWh
	CO2eq:	0.1210 g
	0.0011 km travelled by car
___bfs com 26 Treads_concluida___
___bfs com 28 Treads___
IO        : 1.086879
Compute   : 8.841198
Timer Wall Time: 9.928083
	Time:	0:00:12
	Energy:	0.0009 kWh
	CO2eq:	0.1217 g
	0.0011 km travelled by car
	Time:	0:00:12
	Energy:	0.0009 kWh
	CO2eq:	0.1217 g
	0.0011 km travelled by car
___bfs com 28 Treads_concluida___
___bfs com 30 Treads___
IO        : 1.186675
Compute   : 9.139467
Timer Wall Time: 10.326148
	Time:	0:00:12
	Energy:	0.0009 kWh
	CO2eq:	0.1262 g
	0.0012 km travelled by car
	Time:	0:00:12
	Energy:	0.0009 kWh
	CO2eq:	0.1262 g
	0.0012 km travelled by car
___bfs com 30 Treads_concluida___
___bfs com 32 Treads___
IO        : 1.102506
Compute   : 9.640922
Timer Wall Time: 10.743433
	Time:	0:00:13
	Energy:	0.0009 kWh
	CO2eq:	0.1294 g
	0.0012 km travelled by car
	Time:	0:00:13
	Energy:	0.0009 kWh
	CO2eq:	0.1294 g
	0.0012 km travelled by car
___bfs com 32 Treads_concluida___
___bfs com 34 Treads___
IO        : 1.227779
Compute   : 9.722857
Timer Wall Time: 10.950642
	Time:	0:00:13
	Energy:	0.0009 kWh
	CO2eq:	0.1317 g
	0.0012 km travelled by car
	Time:	0:00:13
	Energy:	0.0009 kWh
	CO2eq:	0.1317 g
	0.0012 km travelled by car
___bfs com 34 Treads_concluida___
___bfs com 36 Treads___
IO        : 1.345898
Compute   : 9.643619
Timer Wall Time: 10.989523
	Time:	0:00:13
	Energy:	0.0009 kWh
	CO2eq:	0.1327 g
	0.0012 km travelled by car
	Time:	0:00:13
	Energy:	0.0009 kWh
	CO2eq:	0.1327 g
	0.0012 km travelled by car
___bfs com 36 Treads_concluida___
___bfs com 38 Treads___
IO        : 1.418629
Compute   : 10.552768
Timer Wall Time: 11.971401
	Time:	0:00:14
	Energy:	0.0011 kWh
	CO2eq:	0.1554 g
	0.0014 km travelled by car
	Time:	0:00:14
	Energy:	0.0011 kWh
	CO2eq:	0.1554 g
	0.0014 km travelled by car
___bfs com 38 Treads_concluida___
___bfs com 40 Treads___
IO        : 1.489108
Compute   : 10.747213
Timer Wall Time: 12.236326
	Time:	0:00:15
	Energy:	0.0012 kWh
	CO2eq:	0.1651 g
	0.0015 km travelled by car
	Time:	0:00:15
	Energy:	0.0012 kWh
	CO2eq:	0.1651 g
	0.0015 km travelled by car
___bfs com 40 Treads_concluida___
___bfs com 42 Treads___
IO        : 1.338664
Compute   : 11.588063
Timer Wall Time: 12.926732
	Time:	0:00:15
	Energy:	0.0013 kWh
	CO2eq:	0.1848 g
	0.0017 km travelled by car
	Time:	0:00:15
	Energy:	0.0013 kWh
	CO2eq:	0.1848 g
	0.0017 km travelled by car
___bfs com 42 Treads_concluida___
___bfs com 44 Treads___
IO        : 1.348148
Compute   : 11.730251
Timer Wall Time: 13.078405
	Time:	0:00:15
	Energy:	0.0013 kWh
	CO2eq:	0.1876 g
	0.0017 km travelled by car
	Time:	0:00:15
	Energy:	0.0013 kWh
	CO2eq:	0.1876 g
	0.0017 km travelled by car
___bfs com 44 Treads_concluida___
___bfs com 46 Treads___
IO        : 1.219825
Compute   : 12.462926
Timer Wall Time: 13.682755
	Time:	0:00:16
	Energy:	0.0014 kWh
	CO2eq:	0.1947 g
	0.0018 km travelled by car
	Time:	0:00:16
	Energy:	0.0014 kWh
	CO2eq:	0.1947 g
	0.0018 km travelled by car
___bfs com 46 Treads_concluida___
___bfs com 48 Treads___
IO        : 1.099056
Compute   : 13.083350
Timer Wall Time: 14.182409
	Time:	0:00:16
	Energy:	0.0014 kWh
	CO2eq:	0.2015 g
	0.0019 km travelled by car
	Time:	0:00:16
	Energy:	0.0014 kWh
	CO2eq:	0.2015 g
	0.0019 km travelled by car
___bfs com 48 Treads_concluida___
Turn x7
___bfs com 2 Treads___
IO        : 1.065566
Compute   : 1.150773
Timer Wall Time: 2.216345
	Time:	0:00:04
	Energy:	0.0003 kWh
	CO2eq:	0.0437 g
	0.0004 km travelled by car
	Time:	0:00:04
	Energy:	0.0003 kWh
	CO2eq:	0.0437 g
	0.0004 km travelled by car
___bfs com 2 Treads_concluida___
___bfs com 4 Treads___
IO        : 1.103240
Compute   : 1.419744
Timer Wall Time: 2.522990
	Time:	0:00:05
	Energy:	0.0003 kWh
	CO2eq:	0.0464 g
	0.0004 km travelled by car
	Time:	0:00:05
	Energy:	0.0003 kWh
	CO2eq:	0.0464 g
	0.0004 km travelled by car
___bfs com 4 Treads_concluida___
___bfs com 6 Treads___
IO        : 1.094748
Compute   : 1.825841
Timer Wall Time: 2.920595
	Time:	0:00:05
	Energy:	0.0004 kWh
	CO2eq:	0.0510 g
	0.0005 km travelled by car
	Time:	0:00:05
	Energy:	0.0004 kWh
	CO2eq:	0.0510 g
	0.0005 km travelled by car
___bfs com 6 Treads_concluida___
___bfs com 8 Treads___
IO        : 1.093756
Compute   : 2.201576
Timer Wall Time: 3.295339
	Time:	0:00:05
	Energy:	0.0004 kWh
	CO2eq:	0.0543 g
	0.0005 km travelled by car
	Time:	0:00:05
	Energy:	0.0004 kWh
	CO2eq:	0.0543 g
	0.0005 km travelled by car
___bfs com 8 Treads_concluida___
___bfs com 10 Treads___
IO        : 1.052987
Compute   : 2.424151
Timer Wall Time: 3.477141
	Time:	0:00:06
	Energy:	0.0004 kWh
	CO2eq:	0.0569 g
	0.0005 km travelled by car
	Time:	0:00:06
	Energy:	0.0004 kWh
	CO2eq:	0.0569 g
	0.0005 km travelled by car
___bfs com 10 Treads_concluida___
___bfs com 12 Treads___
IO        : 1.131579
Compute   : 2.698881
Timer Wall Time: 3.830468
	Time:	0:00:06
	Energy:	0.0004 kWh
	CO2eq:	0.0602 g
	0.0006 km travelled by car
	Time:	0:00:06
	Energy:	0.0004 kWh
	CO2eq:	0.0602 g
	0.0006 km travelled by car
___bfs com 12 Treads_concluida___
___bfs com 14 Treads___
IO        : 1.085523
Compute   : 4.592872
Timer Wall Time: 5.678401
	Time:	0:00:08
	Energy:	0.0006 kWh
	CO2eq:	0.0799 g
	0.0007 km travelled by car
	Time:	0:00:08
	Energy:	0.0006 kWh
	CO2eq:	0.0799 g
	0.0007 km travelled by car
___bfs com 14 Treads_concluida___
___bfs com 16 Treads___
IO        : 1.353812
Compute   : 5.022695
Timer Wall Time: 6.376513
	Time:	0:00:09
	Energy:	0.0006 kWh
	CO2eq:	0.0872 g
	0.0008 km travelled by car
	Time:	0:00:09
	Energy:	0.0006 kWh
	CO2eq:	0.0872 g
	0.0008 km travelled by car
___bfs com 16 Treads_concluida___
___bfs com 18 Treads___
IO        : 1.334231
Compute   : 5.641737
Timer Wall Time: 6.975973
	Time:	0:00:09
	Energy:	0.0006 kWh
	CO2eq:	0.0921 g
	0.0009 km travelled by car
	Time:	0:00:09
	Energy:	0.0006 kWh
	CO2eq:	0.0921 g
	0.0009 km travelled by car
___bfs com 18 Treads_concluida___
___bfs com 20 Treads___
IO        : 1.557047
Compute   : 6.356150
Timer Wall Time: 7.913201
	Time:	0:00:10
	Energy:	0.0007 kWh
	CO2eq:	0.1009 g
	0.0009 km travelled by car
	Time:	0:00:10
	Energy:	0.0007 kWh
	CO2eq:	0.1009 g
	0.0009 km travelled by car
___bfs com 20 Treads_concluida___
___bfs com 22 Treads___
IO        : 1.164087
Compute   : 6.608827
Timer Wall Time: 7.772919
	Time:	0:00:10
	Energy:	0.0007 kWh
	CO2eq:	0.0991 g
	0.0009 km travelled by car
	Time:	0:00:10
	Energy:	0.0007 kWh
	CO2eq:	0.0991 g
	0.0009 km travelled by car
___bfs com 22 Treads_concluida___
___bfs com 24 Treads___
IO        : 1.062944
Compute   : 7.206475
Timer Wall Time: 8.269424
	Time:	0:00:10
	Energy:	0.0008 kWh
	CO2eq:	0.1076 g
	0.0010 km travelled by car
	Time:	0:00:10
	Energy:	0.0008 kWh
	CO2eq:	0.1076 g
	0.0010 km travelled by car
___bfs com 24 Treads_concluida___
___bfs com 26 Treads___
IO        : 1.063797
Compute   : 8.902136
Timer Wall Time: 9.965939
	Time:	0:00:12
	Energy:	0.0009 kWh
	CO2eq:	0.1225 g
	0.0011 km travelled by car
	Time:	0:00:12
	Energy:	0.0009 kWh
	CO2eq:	0.1225 g
	0.0011 km travelled by car
___bfs com 26 Treads_concluida___
___bfs com 28 Treads___
IO        : 1.084252
Compute   : 8.845122
Timer Wall Time: 9.929378
	Time:	0:00:12
	Energy:	0.0009 kWh
	CO2eq:	0.1221 g
	0.0011 km travelled by car
	Time:	0:00:12
	Energy:	0.0009 kWh
	CO2eq:	0.1221 g
	0.0011 km travelled by car
___bfs com 28 Treads_concluida___
___bfs com 30 Treads___
IO        : 1.065607
Compute   : 9.190186
Timer Wall Time: 10.255798
	Time:	0:00:12
	Energy:	0.0009 kWh
	CO2eq:	0.1250 g
	0.0012 km travelled by car
	Time:	0:00:12
	Energy:	0.0009 kWh
	CO2eq:	0.1250 g
	0.0012 km travelled by car
___bfs com 30 Treads_concluida___
___bfs com 32 Treads___
IO        : 1.224181
Compute   : 9.359531
Timer Wall Time: 10.583717
	Time:	0:00:13
	Energy:	0.0009 kWh
	CO2eq:	0.1285 g
	0.0012 km travelled by car
	Time:	0:00:13
	Energy:	0.0009 kWh
	CO2eq:	0.1285 g
	0.0012 km travelled by car
___bfs com 32 Treads_concluida___
___bfs com 34 Treads___
IO        : 1.110047
Compute   : 9.483553
Timer Wall Time: 10.593606
	Time:	0:00:13
	Energy:	0.0009 kWh
	CO2eq:	0.1284 g
	0.0012 km travelled by car
	Time:	0:00:13
	Energy:	0.0009 kWh
	CO2eq:	0.1284 g
	0.0012 km travelled by car
___bfs com 34 Treads_concluida___
___bfs com 36 Treads___
IO        : 1.427688
Compute   : 9.970690
Timer Wall Time: 11.398384
	Time:	0:00:14
	Energy:	0.0010 kWh
	CO2eq:	0.1381 g
	0.0013 km travelled by car
	Time:	0:00:14
	Energy:	0.0010 kWh
	CO2eq:	0.1381 g
	0.0013 km travelled by car
___bfs com 36 Treads_concluida___
___bfs com 38 Treads___
IO        : 1.369151
Compute   : 9.993790
Timer Wall Time: 11.362944
	Time:	0:00:14
	Energy:	0.0009 kWh
	CO2eq:	0.1337 g
	0.0012 km travelled by car
	Time:	0:00:14
	Energy:	0.0009 kWh
	CO2eq:	0.1337 g
	0.0012 km travelled by car
___bfs com 38 Treads_concluida___
___bfs com 40 Treads___
	Time:	0:00:02
	Energy:	0.0002 kWh
	CO2eq:	0.0216 g
	0.0002 km travelled by car
	Time:	0:00:02
	Energy:	0.0002 kWh
	CO2eq:	0.0216 g
	0.0002 km travelled by car
___bfs com 40 Treads_concluida___
___bfs com 42 Treads___
IO        : 1.090826
Compute   : 11.711678
Timer Wall Time: 12.802509
	Time:	0:00:15
	Energy:	0.0013 kWh
	CO2eq:	0.1837 g
	0.0017 km travelled by car
	Time:	0:00:15
	Energy:	0.0013 kWh
	CO2eq:	0.1837 g
	0.0017 km travelled by car
___bfs com 42 Treads_concluida___
___bfs com 44 Treads___
IO        : 1.314146
Compute   : 11.820643
Timer Wall Time: 13.134795
	Time:	0:00:15
	Energy:	0.0013 kWh
	CO2eq:	0.1903 g
	0.0018 km travelled by car
	Time:	0:00:15
	Energy:	0.0013 kWh
	CO2eq:	0.1903 g
	0.0018 km travelled by car
___bfs com 44 Treads_concluida___
___bfs com 46 Treads___
IO        : 1.069501
Compute   : 12.850436
Timer Wall Time: 13.919941
	Time:	0:00:16
	Energy:	0.0014 kWh
	CO2eq:	0.1983 g
	0.0018 km travelled by car
	Time:	0:00:16
	Energy:	0.0014 kWh
	CO2eq:	0.1983 g
	0.0018 km travelled by car
___bfs com 46 Treads_concluida___
___bfs com 48 Treads___
IO        : 1.133457
Compute   : 12.890295
Timer Wall Time: 14.023755
	Time:	0:00:16
	Energy:	0.0014 kWh
	CO2eq:	0.2013 g
	0.0019 km travelled by car
	Time:	0:00:16
	Energy:	0.0014 kWh
	CO2eq:	0.2013 g
	0.0019 km travelled by car
___bfs com 48 Treads_concluida___
Turn x8
___bfs com 2 Treads___
IO        : 1.138290
Compute   : 1.162898
Timer Wall Time: 2.301193
	Time:	0:00:04
	Energy:	0.0003 kWh
	CO2eq:	0.0441 g
	0.0004 km travelled by car
	Time:	0:00:04
	Energy:	0.0003 kWh
	CO2eq:	0.0441 g
	0.0004 km travelled by car
___bfs com 2 Treads_concluida___
___bfs com 4 Treads___
IO        : 1.059895
Compute   : 1.567173
Timer Wall Time: 2.627073
	Time:	0:00:05
	Energy:	0.0003 kWh
	CO2eq:	0.0476 g
	0.0004 km travelled by car
	Time:	0:00:05
	Energy:	0.0003 kWh
	CO2eq:	0.0476 g
	0.0004 km travelled by car
___bfs com 4 Treads_concluida___
___bfs com 6 Treads___
IO        : 1.247638
Compute   : 1.864862
Timer Wall Time: 3.112505
	Time:	0:00:05
	Energy:	0.0004 kWh
	CO2eq:	0.0526 g
	0.0005 km travelled by car
	Time:	0:00:05
	Energy:	0.0004 kWh
	CO2eq:	0.0526 g
	0.0005 km travelled by car
___bfs com 6 Treads_concluida___
___bfs com 8 Treads___
IO        : 1.312128
Compute   : 2.196354
Timer Wall Time: 3.508489
	Time:	0:00:06
	Energy:	0.0004 kWh
	CO2eq:	0.0609 g
	0.0006 km travelled by car
	Time:	0:00:06
	Energy:	0.0004 kWh
	CO2eq:	0.0609 g
	0.0006 km travelled by car
___bfs com 8 Treads_concluida___
___bfs com 10 Treads___
IO        : 1.157027
Compute   : 2.423921
Timer Wall Time: 3.580953
	Time:	0:00:06
	Energy:	0.0004 kWh
	CO2eq:	0.0572 g
	0.0005 km travelled by car
	Time:	0:00:06
	Energy:	0.0004 kWh
	CO2eq:	0.0572 g
	0.0005 km travelled by car
___bfs com 10 Treads_concluida___
___bfs com 12 Treads___
IO        : 1.413459
Compute   : 2.709272
Timer Wall Time: 4.122738
	Time:	0:00:06
	Energy:	0.0004 kWh
	CO2eq:	0.0631 g
	0.0006 km travelled by car
	Time:	0:00:06
	Energy:	0.0004 kWh
	CO2eq:	0.0631 g
	0.0006 km travelled by car
___bfs com 12 Treads_concluida___
___bfs com 14 Treads___
IO        : 1.394117
Compute   : 4.776539
Timer Wall Time: 6.170662
	Time:	0:00:08
	Energy:	0.0006 kWh
	CO2eq:	0.0833 g
	0.0008 km travelled by car
	Time:	0:00:08
	Energy:	0.0006 kWh
	CO2eq:	0.0833 g
	0.0008 km travelled by car
___bfs com 14 Treads_concluida___
___bfs com 16 Treads___
IO        : 1.616812
Compute   : 4.913055
Timer Wall Time: 6.529871
	Time:	0:00:09
	Energy:	0.0006 kWh
	CO2eq:	0.0879 g
	0.0008 km travelled by car
	Time:	0:00:09
	Energy:	0.0006 kWh
	CO2eq:	0.0879 g
	0.0008 km travelled by car
___bfs com 16 Treads_concluida___
___bfs com 18 Treads___
IO        : 1.099486
Compute   : 5.592181
Timer Wall Time: 6.691672
	Time:	0:00:09
	Energy:	0.0006 kWh
	CO2eq:	0.0890 g
	0.0008 km travelled by car
	Time:	0:00:09
	Energy:	0.0006 kWh
	CO2eq:	0.0890 g
	0.0008 km travelled by car
___bfs com 18 Treads_concluida___
___bfs com 20 Treads___
IO        : 1.097470
Compute   : 6.248425
Timer Wall Time: 7.345901
	Time:	0:00:10
	Energy:	0.0007 kWh
	CO2eq:	0.0970 g
	0.0009 km travelled by car
	Time:	0:00:10
	Energy:	0.0007 kWh
	CO2eq:	0.0970 g
	0.0009 km travelled by car
___bfs com 20 Treads_concluida___
___bfs com 22 Treads___
IO        : 1.097606
Compute   : 6.788859
Timer Wall Time: 7.886471
	Time:	0:00:10
	Energy:	0.0007 kWh
	CO2eq:	0.1042 g
	0.0010 km travelled by car
	Time:	0:00:10
	Energy:	0.0007 kWh
	CO2eq:	0.1042 g
	0.0010 km travelled by car
___bfs com 22 Treads_concluida___
___bfs com 24 Treads___
IO        : 1.141301
Compute   : 7.267592
Timer Wall Time: 8.408898
	Time:	0:00:11
	Energy:	0.0008 kWh
	CO2eq:	0.1065 g
	0.0010 km travelled by car
	Time:	0:00:11
	Energy:	0.0008 kWh
	CO2eq:	0.1065 g
	0.0010 km travelled by car
___bfs com 24 Treads_concluida___
___bfs com 26 Treads___
IO        : 1.072062
Compute   : 8.695389
Timer Wall Time: 9.767456
	Time:	0:00:12
	Energy:	0.0009 kWh
	CO2eq:	0.1234 g
	0.0011 km travelled by car
	Time:	0:00:12
	Energy:	0.0008 kWh
	CO2eq:	0.1193 g
	0.0011 km travelled by car
___bfs com 26 Treads_concluida___
___bfs com 28 Treads___
IO        : 1.229085
Compute   : 9.010301
Timer Wall Time: 10.239389
	Time:	0:00:12
	Energy:	0.0009 kWh
	CO2eq:	0.1261 g
	0.0012 km travelled by car
	Time:	0:00:12
	Energy:	0.0009 kWh
	CO2eq:	0.1261 g
	0.0012 km travelled by car
___bfs com 28 Treads_concluida___
___bfs com 30 Treads___
IO        : 1.584616
Compute   : 9.296643
Timer Wall Time: 10.881264
	Time:	0:00:13
	Energy:	0.0009 kWh
	CO2eq:	0.1302 g
	0.0012 km travelled by car
	Time:	0:00:13
	Energy:	0.0009 kWh
	CO2eq:	0.1302 g
	0.0012 km travelled by car
___bfs com 30 Treads_concluida___
___bfs com 32 Treads___
IO        : 1.422469
Compute   : 9.468736
Timer Wall Time: 10.891211
	Time:	0:00:13
	Energy:	0.0009 kWh
	CO2eq:	0.1301 g
	0.0012 km travelled by car
	Time:	0:00:13
	Energy:	0.0009 kWh
	CO2eq:	0.1301 g
	0.0012 km travelled by car
___bfs com 32 Treads_concluida___
___bfs com 34 Treads___
IO        : 1.506251
Compute   : 9.760367
Timer Wall Time: 11.266623
	Time:	0:00:14
	Energy:	0.0009 kWh
	CO2eq:	0.1323 g
	0.0012 km travelled by car
	Time:	0:00:14
	Energy:	0.0009 kWh
	CO2eq:	0.1323 g
	0.0012 km travelled by car
___bfs com 34 Treads_concluida___
___bfs com 36 Treads___
IO        : 1.319202
Compute   : 9.573834
Timer Wall Time: 10.893041
	Time:	0:00:13
	Energy:	0.0009 kWh
	CO2eq:	0.1295 g
	0.0012 km travelled by car
	Time:	0:00:13
	Energy:	0.0009 kWh
	CO2eq:	0.1295 g
	0.0012 km travelled by car
___bfs com 36 Treads_concluida___
___bfs com 38 Treads___
IO        : 1.958931
Compute   : 10.479496
Timer Wall Time: 12.438431
	Time:	0:00:15
	Energy:	0.0011 kWh
	CO2eq:	0.1581 g
	0.0015 km travelled by car
	Time:	0:00:15
	Energy:	0.0011 kWh
	CO2eq:	0.1581 g
	0.0015 km travelled by car
___bfs com 38 Treads_concluida___
___bfs com 40 Treads___
IO        : 1.199360
Compute   : 10.621218
Timer Wall Time: 11.820582
	Time:	0:00:14
	Energy:	0.0011 kWh
	CO2eq:	0.1560 g
	0.0015 km travelled by car
	Time:	0:00:14
	Energy:	0.0011 kWh
	CO2eq:	0.1560 g
	0.0015 km travelled by car
___bfs com 40 Treads_concluida___
___bfs com 42 Treads___
IO        : 1.061289
Compute   : 11.562873
Timer Wall Time: 12.624170
	Time:	0:00:15
	Energy:	0.0013 kWh
	CO2eq:	0.1844 g
	0.0017 km travelled by car
	Time:	0:00:15
	Energy:	0.0013 kWh
	CO2eq:	0.1844 g
	0.0017 km travelled by car
___bfs com 42 Treads_concluida___
___bfs com 44 Treads___
IO        : 1.460686
Compute   : 13.117844
Timer Wall Time: 14.578535
	Time:	0:00:17
	Energy:	0.0015 kWh
	CO2eq:	0.2083 g
	0.0019 km travelled by car
	Time:	0:00:17
	Energy:	0.0015 kWh
	CO2eq:	0.2083 g
	0.0019 km travelled by car
___bfs com 44 Treads_concluida___
___bfs com 46 Treads___
IO        : 1.104100
Compute   : 12.227718
Timer Wall Time: 13.331822
	Time:	0:00:16
	Energy:	0.0014 kWh
	CO2eq:	0.1917 g
	0.0018 km travelled by car
	Time:	0:00:16
	Energy:	0.0014 kWh
	CO2eq:	0.1917 g
	0.0018 km travelled by car
___bfs com 46 Treads_concluida___
___bfs com 48 Treads___
IO        : 1.061580
Compute   : 12.716722
Timer Wall Time: 13.778306
	Time:	0:00:16
	Energy:	0.0014 kWh
	CO2eq:	0.1991 g
	0.0019 km travelled by car
	Time:	0:00:16
	Energy:	0.0014 kWh
	CO2eq:	0.1991 g
	0.0019 km travelled by car
___bfs com 48 Treads_concluida___
Turn x9
___bfs com 2 Treads___
IO        : 1.052053
Compute   : 1.159381
Timer Wall Time: 2.211439
	Time:	0:00:04
	Energy:	0.0003 kWh
	CO2eq:	0.0433 g
	0.0004 km travelled by car
	Time:	0:00:04
	Energy:	0.0003 kWh
	CO2eq:	0.0433 g
	0.0004 km travelled by car
___bfs com 2 Treads_concluida___
___bfs com 4 Treads___
IO        : 1.062100
Compute   : 1.384100
Timer Wall Time: 2.446207
	Time:	0:00:05
	Energy:	0.0003 kWh
	CO2eq:	0.0458 g
	0.0004 km travelled by car
	Time:	0:00:05
	Energy:	0.0003 kWh
	CO2eq:	0.0458 g
	0.0004 km travelled by car
___bfs com 4 Treads_concluida___
___bfs com 6 Treads___
IO        : 1.123930
Compute   : 1.836660
Timer Wall Time: 2.960597
	Time:	0:00:05
	Energy:	0.0004 kWh
	CO2eq:	0.0508 g
	0.0005 km travelled by car
	Time:	0:00:05
	Energy:	0.0004 kWh
	CO2eq:	0.0508 g
	0.0005 km travelled by car
___bfs com 6 Treads_concluida___
___bfs com 8 Treads___
IO        : 1.318565
Compute   : 2.107035
Timer Wall Time: 3.425604
	Time:	0:00:06
	Energy:	0.0004 kWh
	CO2eq:	0.0557 g
	0.0005 km travelled by car
	Time:	0:00:06
	Energy:	0.0004 kWh
	CO2eq:	0.0557 g
	0.0005 km travelled by car
___bfs com 8 Treads_concluida___
___bfs com 10 Treads___
IO        : 1.575604
Compute   : 2.350744
Timer Wall Time: 3.926353
	Time:	0:00:06
	Energy:	0.0004 kWh
	CO2eq:	0.0613 g
	0.0006 km travelled by car
	Time:	0:00:06
	Energy:	0.0004 kWh
	CO2eq:	0.0613 g
	0.0006 km travelled by car
___bfs com 10 Treads_concluida___
___bfs com 12 Treads___
IO        : 1.416248
Compute   : 2.659899
Timer Wall Time: 4.076151
	Time:	0:00:06
	Energy:	0.0004 kWh
	CO2eq:	0.0627 g
	0.0006 km travelled by car
	Time:	0:00:06
	Energy:	0.0004 kWh
	CO2eq:	0.0627 g
	0.0006 km travelled by car
___bfs com 12 Treads_concluida___
___bfs com 14 Treads___
IO        : 1.871312
Compute   : 4.400339
Timer Wall Time: 6.271656
	Time:	0:00:08
	Energy:	0.0006 kWh
	CO2eq:	0.0844 g
	0.0008 km travelled by car
	Time:	0:00:08
	Energy:	0.0006 kWh
	CO2eq:	0.0844 g
	0.0008 km travelled by car
___bfs com 14 Treads_concluida___
___bfs com 16 Treads___
IO        : 1.143399
Compute   : 5.328656
Timer Wall Time: 6.472061
	Time:	0:00:09
	Energy:	0.0006 kWh
	CO2eq:	0.0865 g
	0.0008 km travelled by car
	Time:	0:00:09
	Energy:	0.0006 kWh
	CO2eq:	0.0865 g
	0.0008 km travelled by car
___bfs com 16 Treads_concluida___
___bfs com 18 Treads___
IO        : 1.129087
Compute   : 5.420085
Timer Wall Time: 6.549177
	Time:	0:00:09
	Energy:	0.0006 kWh
	CO2eq:	0.0891 g
	0.0008 km travelled by car
	Time:	0:00:09
	Energy:	0.0006 kWh
	CO2eq:	0.0891 g
	0.0008 km travelled by car
___bfs com 18 Treads_concluida___
___bfs com 20 Treads___
IO        : 1.076597
Compute   : 6.411244
Timer Wall Time: 7.487846
	Time:	0:00:10
	Energy:	0.0007 kWh
	CO2eq:	0.0986 g
	0.0009 km travelled by car
	Time:	0:00:10
	Energy:	0.0007 kWh
	CO2eq:	0.0986 g
	0.0009 km travelled by car
___bfs com 20 Treads_concluida___
___bfs com 22 Treads___
IO        : 1.069654
Compute   : 6.597056
Timer Wall Time: 7.666715
	Time:	0:00:10
	Energy:	0.0007 kWh
	CO2eq:	0.1016 g
	0.0009 km travelled by car
	Time:	0:00:10
	Energy:	0.0007 kWh
	CO2eq:	0.1016 g
	0.0009 km travelled by car
___bfs com 22 Treads_concluida___
___bfs com 24 Treads___
IO        : 1.065944
Compute   : 7.476932
Timer Wall Time: 8.542881
	Time:	0:00:11
	Energy:	0.0008 kWh
	CO2eq:	0.1115 g
	0.0010 km travelled by car
	Time:	0:00:11
	Energy:	0.0008 kWh
	CO2eq:	0.1115 g
	0.0010 km travelled by car
___bfs com 24 Treads_concluida___
___bfs com 26 Treads___
IO        : 1.056945
Compute   : 8.604072
Timer Wall Time: 9.661021
	Time:	0:00:12
	Energy:	0.0009 kWh
	CO2eq:	0.1222 g
	0.0011 km travelled by car
	Time:	0:00:12
	Energy:	0.0008 kWh
	CO2eq:	0.1168 g
	0.0011 km travelled by car
___bfs com 26 Treads_concluida___
___bfs com 28 Treads___
IO        : 1.345601
Compute   : 9.041610
Timer Wall Time: 10.387217
	Time:	0:00:13
	Energy:	0.0009 kWh
	CO2eq:	0.1244 g
	0.0012 km travelled by car
	Time:	0:00:13
	Energy:	0.0009 kWh
	CO2eq:	0.1244 g
	0.0012 km travelled by car
___bfs com 28 Treads_concluida___
___bfs com 30 Treads___
IO        : 1.061936
Compute   : 9.457700
Timer Wall Time: 10.519641
	Time:	0:00:13
	Energy:	0.0009 kWh
	CO2eq:	0.1272 g
	0.0012 km travelled by car
	Time:	0:00:13
	Energy:	0.0009 kWh
	CO2eq:	0.1272 g
	0.0012 km travelled by car
___bfs com 30 Treads_concluida___
___bfs com 32 Treads___
IO        : 1.226194
Compute   : 9.572082
Timer Wall Time: 10.798282
	Time:	0:00:13
	Energy:	0.0009 kWh
	CO2eq:	0.1298 g
	0.0012 km travelled by car
	Time:	0:00:13
	Energy:	0.0009 kWh
	CO2eq:	0.1298 g
	0.0012 km travelled by car
___bfs com 32 Treads_concluida___
___bfs com 34 Treads___
IO        : 1.629829
Compute   : 9.679547
Timer Wall Time: 11.309380
	Time:	0:00:14
	Energy:	0.0009 kWh
	CO2eq:	0.1311 g
	0.0012 km travelled by car
	Time:	0:00:14
	Energy:	0.0009 kWh
	CO2eq:	0.1311 g
	0.0012 km travelled by car
___bfs com 34 Treads_concluida___
___bfs com 36 Treads___
IO        : 1.350883
Compute   : 9.711887
Timer Wall Time: 11.062774
	Time:	0:00:13
	Energy:	0.0009 kWh
	CO2eq:	0.1306 g
	0.0012 km travelled by car
	Time:	0:00:13
	Energy:	0.0009 kWh
	CO2eq:	0.1306 g
	0.0012 km travelled by car
___bfs com 36 Treads_concluida___
___bfs com 38 Treads___
IO        : 1.380459
Compute   : 9.994203
Timer Wall Time: 11.374667
	Time:	0:00:14
	Energy:	0.0009 kWh
	CO2eq:	0.1323 g
	0.0012 km travelled by car
	Time:	0:00:14
	Energy:	0.0009 kWh
	CO2eq:	0.1323 g
	0.0012 km travelled by car
___bfs com 38 Treads_concluida___
___bfs com 40 Treads___
IO        : 1.164646
Compute   : 10.971579
Timer Wall Time: 12.136230
	Time:	0:00:14
	Energy:	0.0012 kWh
	CO2eq:	0.1716 g
	0.0016 km travelled by car
	Time:	0:00:14
	Energy:	0.0012 kWh
	CO2eq:	0.1716 g
	0.0016 km travelled by car
___bfs com 40 Treads_concluida___
___bfs com 42 Treads___
IO        : 1.070639
Compute   : 11.091492
Timer Wall Time: 12.162136
	Time:	0:00:14
	Energy:	0.0013 kWh
	CO2eq:	0.1774 g
	0.0017 km travelled by car
	Time:	0:00:14
	Energy:	0.0013 kWh
	CO2eq:	0.1774 g
	0.0017 km travelled by car
___bfs com 42 Treads_concluida___
___bfs com 44 Treads___
IO        : 1.078055
Compute   : 12.179566
Timer Wall Time: 13.257626
	Time:	0:00:15
	Energy:	0.0014 kWh
	CO2eq:	0.1918 g
	0.0018 km travelled by car
	Time:	0:00:15
	Energy:	0.0014 kWh
	CO2eq:	0.1918 g
	0.0018 km travelled by car
___bfs com 44 Treads_concluida___
___bfs com 46 Treads___
IO        : 1.053078
Compute   : 13.048693
Timer Wall Time: 14.101779
	Time:	0:00:16
	Energy:	0.0014 kWh
	CO2eq:	0.2030 g
	0.0019 km travelled by car
	Time:	0:00:16
	Energy:	0.0014 kWh
	CO2eq:	0.2030 g
	0.0019 km travelled by car
___bfs com 46 Treads_concluida___
___bfs com 48 Treads___
IO        : 1.159572
Compute   : 13.161757
Timer Wall Time: 14.321334
	Time:	0:00:16
	Energy:	0.0015 kWh
	CO2eq:	0.2059 g
	0.0019 km travelled by car
	Time:	0:00:16
	Energy:	0.0015 kWh
	CO2eq:	0.2059 g
	0.0019 km travelled by car
___bfs com 48 Treads_concluida___
Turn x10
___bfs com 2 Treads___
IO        : 1.062528
Compute   : 1.166388
Timer Wall Time: 2.228921
	Time:	0:00:04
	Energy:	0.0003 kWh
	CO2eq:	0.0433 g
	0.0004 km travelled by car
	Time:	0:00:04
	Energy:	0.0003 kWh
	CO2eq:	0.0433 g
	0.0004 km travelled by car
___bfs com 2 Treads_concluida___
___bfs com 4 Treads___
IO        : 1.046615
Compute   : 1.427486
Timer Wall Time: 2.474105
	Time:	0:00:05
	Energy:	0.0003 kWh
	CO2eq:	0.0461 g
	0.0004 km travelled by car
	Time:	0:00:05
	Energy:	0.0003 kWh
	CO2eq:	0.0461 g
	0.0004 km travelled by car
___bfs com 4 Treads_concluida___
___bfs com 6 Treads___
IO        : 1.211451
Compute   : 1.866888
Timer Wall Time: 3.078344
	Time:	0:00:05
	Energy:	0.0004 kWh
	CO2eq:	0.0523 g
	0.0005 km travelled by car
	Time:	0:00:05
	Energy:	0.0004 kWh
	CO2eq:	0.0523 g
	0.0005 km travelled by car
___bfs com 6 Treads_concluida___
___bfs com 8 Treads___
IO        : 1.058948
Compute   : 2.104958
Timer Wall Time: 3.163911
	Time:	0:00:05
	Energy:	0.0004 kWh
	CO2eq:	0.0527 g
	0.0005 km travelled by car
	Time:	0:00:05
	Energy:	0.0004 kWh
	CO2eq:	0.0527 g
	0.0005 km travelled by car
___bfs com 8 Treads_concluida___
___bfs com 10 Treads___
IO        : 1.538294
Compute   : 2.426986
Timer Wall Time: 3.965287
	Time:	0:00:06
	Energy:	0.0004 kWh
	CO2eq:	0.0613 g
	0.0006 km travelled by car
	Time:	0:00:06
	Energy:	0.0004 kWh
	CO2eq:	0.0613 g
	0.0006 km travelled by car
___bfs com 10 Treads_concluida___
___bfs com 12 Treads___
IO        : 1.401452
Compute   : 2.655334
Timer Wall Time: 4.056792
	Time:	0:00:06
	Energy:	0.0004 kWh
	CO2eq:	0.0623 g
	0.0006 km travelled by car
	Time:	0:00:06
	Energy:	0.0004 kWh
	CO2eq:	0.0623 g
	0.0006 km travelled by car
___bfs com 12 Treads_concluida___
___bfs com 14 Treads___
IO        : 1.768176
Compute   : 4.189659
Timer Wall Time: 5.957838
	Time:	0:00:08
	Energy:	0.0006 kWh
	CO2eq:	0.0811 g
	0.0008 km travelled by car
	Time:	0:00:08
	Energy:	0.0006 kWh
	CO2eq:	0.0811 g
	0.0008 km travelled by car
___bfs com 14 Treads_concluida___
___bfs com 16 Treads___
IO        : 1.506252
Compute   : 5.166950
Timer Wall Time: 6.673207
	Time:	0:00:09
	Energy:	0.0006 kWh
	CO2eq:	0.0882 g
	0.0008 km travelled by car
	Time:	0:00:09
	Energy:	0.0006 kWh
	CO2eq:	0.0882 g
	0.0008 km travelled by car
___bfs com 16 Treads_concluida___
___bfs com 18 Treads___
IO        : 1.352323
Compute   : 5.536626
Timer Wall Time: 6.888954
	Time:	0:00:09
	Energy:	0.0006 kWh
	CO2eq:	0.0905 g
	0.0008 km travelled by car
	Time:	0:00:09
	Energy:	0.0006 kWh
	CO2eq:	0.0905 g
	0.0008 km travelled by car
___bfs com 18 Treads_concluida___
___bfs com 20 Treads___
IO        : 1.653173
Compute   : 6.226585
Timer Wall Time: 7.879762
	Time:	0:00:10
	Energy:	0.0007 kWh
	CO2eq:	0.1012 g
	0.0009 km travelled by car
	Time:	0:00:10
	Energy:	0.0007 kWh
	CO2eq:	0.1012 g
	0.0009 km travelled by car
___bfs com 20 Treads_concluida___
___bfs com 22 Treads___
IO        : 1.499167
Compute   : 6.465841
Timer Wall Time: 7.965012
	Time:	0:00:10
	Energy:	0.0007 kWh
	CO2eq:	0.1015 g
	0.0009 km travelled by car
	Time:	0:00:10
	Energy:	0.0007 kWh
	CO2eq:	0.1015 g
	0.0009 km travelled by car
___bfs com 22 Treads_concluida___
___bfs com 24 Treads___
IO        : 1.522692
Compute   : 7.049642
Timer Wall Time: 8.572338
	Time:	0:00:11
	Energy:	0.0008 kWh
	CO2eq:	0.1074 g
	0.0010 km travelled by car
	Time:	0:00:11
	Energy:	0.0008 kWh
	CO2eq:	0.1074 g
	0.0010 km travelled by car
___bfs com 24 Treads_concluida___
___bfs com 26 Treads___
IO        : 1.516266
Compute   : 8.850599
Timer Wall Time: 10.366869
	Time:	0:00:13
	Energy:	0.0009 kWh
	CO2eq:	0.1263 g
	0.0012 km travelled by car
	Time:	0:00:13
	Energy:	0.0009 kWh
	CO2eq:	0.1263 g
	0.0012 km travelled by car
___bfs com 26 Treads_concluida___
___bfs com 28 Treads___
IO        : 1.136598
Compute   : 9.123710
Timer Wall Time: 10.260314
	Time:	0:00:12
	Energy:	0.0009 kWh
	CO2eq:	0.1247 g
	0.0012 km travelled by car
	Time:	0:00:12
	Energy:	0.0009 kWh
	CO2eq:	0.1247 g
	0.0012 km travelled by car
___bfs com 28 Treads_concluida___
___bfs com 30 Treads___
IO        : 1.351835
Compute   : 9.056458
Timer Wall Time: 10.408297
	Time:	0:00:13
	Energy:	0.0009 kWh
	CO2eq:	0.1253 g
	0.0012 km travelled by car
	Time:	0:00:13
	Energy:	0.0009 kWh
	CO2eq:	0.1253 g
	0.0012 km travelled by car
___bfs com 30 Treads_concluida___
___bfs com 32 Treads___
IO        : 1.380030
Compute   : 9.607264
Timer Wall Time: 10.987299
	Time:	0:00:13
	Energy:	0.0009 kWh
	CO2eq:	0.1293 g
	0.0012 km travelled by car
	Time:	0:00:13
	Energy:	0.0009 kWh
	CO2eq:	0.1293 g
	0.0012 km travelled by car
___bfs com 32 Treads_concluida___
___bfs com 34 Treads___
IO        : 1.130267
Compute   : 9.425767
Timer Wall Time: 10.556038
	Time:	0:00:13
	Energy:	0.0009 kWh
	CO2eq:	0.1279 g
	0.0012 km travelled by car
	Time:	0:00:13
	Energy:	0.0009 kWh
	CO2eq:	0.1279 g
	0.0012 km travelled by car
___bfs com 34 Treads_concluida___
___bfs com 36 Treads___
IO        : 1.131738
Compute   : 9.636319
Timer Wall Time: 10.768062
	Time:	0:00:13
	Energy:	0.0009 kWh
	CO2eq:	0.1307 g
	0.0012 km travelled by car
	Time:	0:00:13
	Energy:	0.0009 kWh
	CO2eq:	0.1307 g
	0.0012 km travelled by car
___bfs com 36 Treads_concluida___
___bfs com 38 Treads___
IO        : 1.275851
Compute   : 10.501957
Timer Wall Time: 11.777814
	Time:	0:00:14
	Energy:	0.0011 kWh
	CO2eq:	0.1515 g
	0.0014 km travelled by car
	Time:	0:00:14
	Energy:	0.0011 kWh
	CO2eq:	0.1515 g
	0.0014 km travelled by car
___bfs com 38 Treads_concluida___
___bfs com 40 Treads___
IO        : 1.441432
Compute   : 11.108169
Timer Wall Time: 12.549606
	Time:	0:00:15
	Energy:	0.0013 kWh
	CO2eq:	0.1806 g
	0.0017 km travelled by car
	Time:	0:00:15
	Energy:	0.0013 kWh
	CO2eq:	0.1806 g
	0.0017 km travelled by car
___bfs com 40 Treads_concluida___
___bfs com 42 Treads___
IO        : 1.114136
Compute   : 11.259347
Timer Wall Time: 12.373488
	Time:	0:00:15
	Energy:	0.0013 kWh
	CO2eq:	0.1772 g
	0.0016 km travelled by car
	Time:	0:00:15
	Energy:	0.0013 kWh
	CO2eq:	0.1772 g
	0.0016 km travelled by car
___bfs com 42 Treads_concluida___
___bfs com 44 Treads___
IO        : 1.297445
Compute   : 12.057837
Timer Wall Time: 13.355288
	Time:	0:00:16
	Energy:	0.0014 kWh
	CO2eq:	0.1921 g
	0.0018 km travelled by car
	Time:	0:00:16
	Energy:	0.0014 kWh
	CO2eq:	0.1921 g
	0.0018 km travelled by car
___bfs com 44 Treads_concluida___
___bfs com 46 Treads___
IO        : 1.410716
Compute   : 12.365423
Timer Wall Time: 13.776143
	Time:	0:00:16
	Energy:	0.0014 kWh
	CO2eq:	0.1986 g
	0.0018 km travelled by car
	Time:	0:00:16
	Energy:	0.0014 kWh
	CO2eq:	0.1986 g
	0.0018 km travelled by car
___bfs com 46 Treads_concluida___
___bfs com 48 Treads___
IO        : 1.504800
Compute   : 13.261695
Timer Wall Time: 14.766501
	Time:	0:00:17
	Energy:	0.0015 kWh
	CO2eq:	0.2111 g
	0.0020 km travelled by car
	Time:	0:00:17
	Energy:	0.0015 kWh
	CO2eq:	0.2111 g
	0.0020 km travelled by car
___bfs com 48 Treads_concluida___


___Executando histo ___:Turn x1
___histo com 2 Treads___
IO        : 0.186876
Compute   : 499.259106
Timer Wall Time: 499.445984
	Time:	0:08:20
	Energy:	0.0341 kWh
	CO2eq:	4.8342 g
	0.0450 km travelled by car
	Time:	0:08:20
	Energy:	0.0341 kWh
	CO2eq:	4.8342 g
	0.0450 km travelled by car
___histo com 2 Treads_concluida___
___histo com 4 Treads___
IO        : 0.254020
Compute   : 955.366249
Timer Wall Time: 955.620300
	Time:	0:15:56
	Energy:	0.0684 kWh
	CO2eq:	9.6911 g
	0.0902 km travelled by car
	Time:	0:15:56
	Energy:	0.0684 kWh
	CO2eq:	9.6911 g
	0.0902 km travelled by car
___histo com 4 Treads_concluida___
___histo com 6 Treads___
IO        : 0.304995
Compute   : 1215.104896
Timer Wall Time: 1215.409912
	Time:	0:20:16
	Energy:	0.0896 kWh
	CO2eq:	12.6972 g
	0.1181 km travelled by car
	Time:	0:20:16
	Energy:	0.0896 kWh
	CO2eq:	12.6972 g
	0.1181 km travelled by car
___histo com 6 Treads_concluida___
___histo com 8 Treads___
IO        : 0.048466
Compute   : 1502.497869
Timer Wall Time: 1502.546387
	Time:	0:25:03
	Energy:	0.1150 kWh
	CO2eq:	16.2978 g
	0.1516 km travelled by car
	Time:	0:25:03
	Energy:	0.1150 kWh
	CO2eq:	16.2978 g
	0.1516 km travelled by car
___histo com 8 Treads_concluida___
___histo com 10 Treads___
IO        : 0.690904
Compute   : 1445.567186
Timer Wall Time: 1446.258057
	Time:	0:24:06
	Energy:	0.1127 kWh
	CO2eq:	15.9784 g
	0.1486 km travelled by car
	Time:	0:24:06
	Energy:	0.1127 kWh
	CO2eq:	15.9784 g
	0.1486 km travelled by car
___histo com 10 Treads_concluida___
___histo com 12 Treads___
IO        : 0.202475
Compute   : 1704.865748
Timer Wall Time: 1705.068237
	Time:	0:28:25
	Energy:	0.1359 kWh
	CO2eq:	19.2608 g
	0.1792 km travelled by car
	Time:	0:28:25
	Energy:	0.1359 kWh
	CO2eq:	19.2608 g
	0.1792 km travelled by car
___histo com 12 Treads_concluida___
___histo com 14 Treads___
IO        : 0.151447
Compute   : 2223.318411
Timer Wall Time: 2223.469971
	Time:	0:37:04
	Energy:	0.1809 kWh
	CO2eq:	25.6446 g
	0.2386 km travelled by car
	Time:	0:37:04
	Energy:	0.1809 kWh
	CO2eq:	25.6446 g
	0.2386 km travelled by car
___histo com 14 Treads_concluida___
___histo com 16 Treads___
IO        : 0.079001
Compute   : 2286.542005
Timer Wall Time: 2286.621094
	Time:	0:38:07
	Energy:	0.1913 kWh
	CO2eq:	27.1243 g
	0.2523 km travelled by car
	Time:	0:38:07
	Energy:	0.1913 kWh
	CO2eq:	27.1243 g
	0.2523 km travelled by car
___histo com 16 Treads_concluida___
___histo com 18 Treads___
IO        : 0.063031
Compute   : 2754.486732
Timer Wall Time: 2754.549805
	Time:	0:45:55
	Energy:	0.2380 kWh
	CO2eq:	33.7408 g
	0.3139 km travelled by car
	Time:	0:45:55
	Energy:	0.2380 kWh
	CO2eq:	33.7408 g
	0.3139 km travelled by car
___histo com 18 Treads_concluida___
___histo com 20 Treads___
IO        : 0.049899
Compute   : 2397.946197
Timer Wall Time: 2397.996094
	Time:	0:39:58
	Energy:	0.2115 kWh
	CO2eq:	29.9850 g
	0.2789 km travelled by car
	Time:	0:39:58
	Energy:	0.2115 kWh
	CO2eq:	29.9850 g
	0.2789 km travelled by car
___histo com 20 Treads_concluida___
___histo com 22 Treads___
IO        : 0.085221
Compute   : 2295.374243
Timer Wall Time: 2295.459473
	Time:	0:38:15
	Energy:	0.2099 kWh
	CO2eq:	29.7557 g
	0.2768 km travelled by car
	Time:	0:38:15
	Energy:	0.2099 kWh
	CO2eq:	29.7557 g
	0.2768 km travelled by car
___histo com 22 Treads_concluida___
___histo com 24 Treads___
IO        : 0.051882
Compute   : 2588.387491
Timer Wall Time: 2588.439453
	Time:	0:43:08
	Energy:	0.2387 kWh
	CO2eq:	33.8398 g
	0.3148 km travelled by car
	Time:	0:43:08
	Energy:	0.2387 kWh
	CO2eq:	33.8398 g
	0.3148 km travelled by car
___histo com 24 Treads_concluida___
___histo com 26 Treads___
IO        : 0.155242
Compute   : 3255.875164
Timer Wall Time: 3256.030518
	Time:	0:54:16
	Energy:	0.2997 kWh
	CO2eq:	42.4966 g
	0.3953 km travelled by car
	Time:	0:54:16
	Energy:	0.2997 kWh
	CO2eq:	42.4966 g
	0.3953 km travelled by car
___histo com 26 Treads_concluida___
___histo com 28 Treads___
IO        : 0.203584
Compute   : 2309.018459
Timer Wall Time: 2309.222168
	Time:	0:38:29
	Energy:	0.2088 kWh
	CO2eq:	29.6024 g
	0.2754 km travelled by car
	Time:	0:38:29
	Energy:	0.2088 kWh
	CO2eq:	29.6024 g
	0.2754 km travelled by car
___histo com 28 Treads_concluida___
___histo com 30 Treads___
IO        : 0.141070
Compute   : 3219.470223
Timer Wall Time: 3219.611328
	Time:	0:53:40
	Energy:	0.2935 kWh
	CO2eq:	41.6171 g
	0.3871 km travelled by car
	Time:	0:53:40
	Energy:	0.2935 kWh
	CO2eq:	41.6171 g
	0.3871 km travelled by car
___histo com 30 Treads_concluida___
___histo com 32 Treads___
IO        : 0.060918
Compute   : 2435.114524
Timer Wall Time: 2435.175537
	Time:	0:40:35
	Energy:	0.2158 kWh
	CO2eq:	30.5925 g
	0.2846 km travelled by car
	Time:	0:40:35
	Energy:	0.2158 kWh
	CO2eq:	30.5925 g
	0.2846 km travelled by car
___histo com 32 Treads_concluida___
___histo com 34 Treads___
IO        : 0.051802
Compute   : 3099.403818
Timer Wall Time: 3099.455566
	Time:	0:51:39
	Energy:	0.2791 kWh
	CO2eq:	39.5668 g
	0.3681 km travelled by car
	Time:	0:51:39
	Energy:	0.2791 kWh
	CO2eq:	39.5668 g
	0.3681 km travelled by car
___histo com 34 Treads_concluida___
___histo com 36 Treads___
IO        : 0.053241
Compute   : 3383.885705
Timer Wall Time: 3383.938965
	Time:	0:56:24
	Energy:	0.3096 kWh
	CO2eq:	43.8878 g
	0.4083 km travelled by car
	Time:	0:56:24
	Energy:	0.3096 kWh
	CO2eq:	43.8878 g
	0.4083 km travelled by car
___histo com 36 Treads_concluida___
___histo com 38 Treads___
IO        : 0.085824
Compute   : 3168.919604
Timer Wall Time: 3169.005371
	Time:	0:52:49
	Energy:	0.2753 kWh
	CO2eq:	39.0281 g
	0.3631 km travelled by car
	Time:	0:52:49
	Energy:	0.2752 kWh
	CO2eq:	39.0220 g
	0.3630 km travelled by car
___histo com 38 Treads_concluida___
___histo com 40 Treads___
IO        : 0.151699
Compute   : 3387.344212
Timer Wall Time: 3387.495850
	Time:	0:56:28
	Energy:	0.3099 kWh
	CO2eq:	43.9328 g
	0.4087 km travelled by car
	Time:	0:56:28
	Energy:	0.3099 kWh
	CO2eq:	43.9328 g
	0.4087 km travelled by car
___histo com 40 Treads_concluida___
___histo com 42 Treads___
IO        : 0.056964
Compute   : 3441.003337
Timer Wall Time: 3441.060303
	Time:	0:57:21
	Energy:	0.3125 kWh
	CO2eq:	44.3070 g
	0.4122 km travelled by car
	Time:	0:57:21
	Energy:	0.3125 kWh
	CO2eq:	44.3070 g
	0.4122 km travelled by car
___histo com 42 Treads_concluida___
___histo com 44 Treads___
IO        : 0.246732
Compute   : 3541.617953
Timer Wall Time: 3541.864746
	Time:	0:59:02
	Energy:	0.3233 kWh
	CO2eq:	45.8363 g
	0.4264 km travelled by car
	Time:	0:59:02
	Energy:	0.3233 kWh
	CO2eq:	45.8363 g
	0.4264 km travelled by car
___histo com 44 Treads_concluida___
___histo com 46 Treads___
IO        : 0.207389
Compute   : 3911.879706
Timer Wall Time: 3912.087158
	Time:	1:05:12
	Energy:	0.3635 kWh
	CO2eq:	51.5341 g
	0.4794 km travelled by car
	Time:	1:05:12
	Energy:	0.3635 kWh
	CO2eq:	51.5341 g
	0.4794 km travelled by car
___histo com 46 Treads_concluida___
___histo com 48 Treads___
IO        : 0.051111
Compute   : 3624.225902
Timer Wall Time: 3624.277100
	Time:	1:00:24
	Energy:	0.3332 kWh
	CO2eq:	47.2406 g
	0.4394 km travelled by car
	Time:	1:00:24
	Energy:	0.3332 kWh
	CO2eq:	47.2406 g
	0.4394 km travelled by car
___histo com 48 Treads_concluida___
Turn x2
___histo com 2 Treads___
IO        : 0.245588
Compute   : 657.707358
Timer Wall Time: 657.952942
	Time:	0:10:58
	Energy:	0.0448 kWh
	CO2eq:	6.3529 g
	0.0591 km travelled by car
	Time:	0:10:58
	Energy:	0.0448 kWh
	CO2eq:	6.3529 g
	0.0591 km travelled by car
___histo com 2 Treads_concluida___
___histo com 4 Treads___
IO        : 0.137938
Compute   : 953.272745
Timer Wall Time: 953.410706
	Time:	0:15:54
	Energy:	0.0680 kWh
	CO2eq:	9.6468 g
	0.0897 km travelled by car
	Time:	0:15:54
	Energy:	0.0680 kWh
	CO2eq:	9.6468 g
	0.0897 km travelled by car
___histo com 4 Treads_concluida___
___histo com 6 Treads___
IO        : 0.053204
Compute   : 1161.403353
Timer Wall Time: 1161.456543
	Time:	0:19:21
	Energy:	0.0855 kWh
	CO2eq:	12.1157 g
	0.1127 km travelled by car
	Time:	0:19:21
	Energy:	0.0855 kWh
	CO2eq:	12.1157 g
	0.1127 km travelled by car
___histo com 6 Treads_concluida___
___histo com 8 Treads___
IO        : 0.061550
Compute   : 1381.687384
Timer Wall Time: 1381.748901
	Time:	0:23:02
	Energy:	0.1043 kWh
	CO2eq:	14.7858 g
	0.1375 km travelled by car
	Time:	0:23:02
	Energy:	0.1043 kWh
	CO2eq:	14.7858 g
	0.1375 km travelled by car
___histo com 8 Treads_concluida___
___histo com 10 Treads___
IO        : 0.281791
Compute   : 1515.179072
Timer Wall Time: 1515.460815
	Time:	0:25:16
	Energy:	0.1189 kWh
	CO2eq:	16.8522 g
	0.1568 km travelled by car
	Time:	0:25:16
	Energy:	0.1189 kWh
	CO2eq:	16.8522 g
	0.1568 km travelled by car
___histo com 10 Treads_concluida___
___histo com 12 Treads___
IO        : 0.184052
Compute   : 1637.406972
Timer Wall Time: 1637.591064
	Time:	0:27:18
	Energy:	0.1290 kWh
	CO2eq:	18.2899 g
	0.1701 km travelled by car
	Time:	0:27:18
	Energy:	0.1290 kWh
	CO2eq:	18.2899 g
	0.1701 km travelled by car
___histo com 12 Treads_concluida___
___histo com 14 Treads___
IO        : 0.201825
Compute   : 2421.713532
Timer Wall Time: 2421.915283
	Time:	0:40:22
	Energy:	0.1943 kWh
	CO2eq:	27.5515 g
	0.2563 km travelled by car
	Time:	0:40:22
	Energy:	0.1943 kWh
	CO2eq:	27.5515 g
	0.2563 km travelled by car
___histo com 14 Treads_concluida___
___histo com 16 Treads___
IO        : 0.150905
Compute   : 2273.891283
Timer Wall Time: 2274.042236
	Time:	0:37:54
	Energy:	0.1885 kWh
	CO2eq:	26.7279 g
	0.2486 km travelled by car
	Time:	0:37:54
	Energy:	0.1885 kWh
	CO2eq:	26.7279 g
	0.2486 km travelled by car
___histo com 16 Treads_concluida___
___histo com 18 Treads___
IO        : 0.540300
Compute   : 2459.159288
Timer Wall Time: 2459.699707
	Time:	0:41:00
	Energy:	0.2111 kWh
	CO2eq:	29.9338 g
	0.2785 km travelled by car
	Time:	0:41:00
	Energy:	0.2111 kWh
	CO2eq:	29.9338 g
	0.2785 km travelled by car
___histo com 18 Treads_concluida___
___histo com 20 Treads___
IO        : 0.325315
Compute   : 3015.090248
Timer Wall Time: 3015.415527
	Time:	0:50:16
	Energy:	0.2648 kWh
	CO2eq:	37.5402 g
	0.3492 km travelled by car
	Time:	0:50:16
	Energy:	0.2648 kWh
	CO2eq:	37.5402 g
	0.3492 km travelled by car
___histo com 20 Treads_concluida___
___histo com 22 Treads___
IO        : 0.342536
Compute   : 2694.609665
Timer Wall Time: 2694.952148
	Time:	0:44:55
	Energy:	0.2424 kWh
	CO2eq:	34.3689 g
	0.3197 km travelled by car
	Time:	0:44:55
	Energy:	0.2424 kWh
	CO2eq:	34.3689 g
	0.3197 km travelled by car
___histo com 22 Treads_concluida___
___histo com 24 Treads___
