Numero de CPUs logicos (threads): 48
Numero de núcleos fisicos: 12
Start -> PO
compilando PO...
rm omp_po
gcc  omp_po.c -o omp_po -fopenmp -lm -O3
___Executando PO___:
___PO com 2 Treads___
Execution Time: 208.97557
	Time:	0:03:29
	Energy:	0.0076 kWh
	CO2eq:	0.7439 g
	0.0069 km travelled by car
	Time:	0:03:29
	Energy:	0.0076 kWh
	CO2eq:	0.7440 g
	0.0069 km travelled by car
___PO com 2 Treads_concluida___
___PO com 4 Treads___
Execution Time: 189.46010
	Time:	0:03:09
	Energy:	0.0072 kWh
	CO2eq:	0.7082 g
	0.0066 km travelled by car
	Time:	0:03:09
	Energy:	0.0072 kWh
	CO2eq:	0.7082 g
	0.0066 km travelled by car
___PO com 4 Treads_concluida___
___PO com 6 Treads___
Execution Time: 185.47050
	Time:	0:03:05
	Energy:	0.0073 kWh
	CO2eq:	0.7147 g
	0.0066 km travelled by car
	Time:	0:03:05
	Energy:	0.0073 kWh
	CO2eq:	0.7147 g
	0.0066 km travelled by car
___PO com 6 Treads_concluida___
___PO com 8 Treads___
Execution Time: 181.72403
	Time:	0:03:02
	Energy:	0.0073 kWh
	CO2eq:	0.7151 g
	0.0067 km travelled by car
	Time:	0:03:02
	Energy:	0.0073 kWh
	CO2eq:	0.7151 g
	0.0067 km travelled by car
___PO com 8 Treads_concluida___
___PO com 10 Treads___
Execution Time: 177.16840
	Time:	0:02:57
	Energy:	0.0072 kWh
	CO2eq:	0.7108 g
	0.0066 km travelled by car
	Time:	0:02:57
	Energy:	0.0072 kWh
	CO2eq:	0.7108 g
	0.0066 km travelled by car
___PO com 10 Treads_concluida___
___PO com 12 Treads___
Execution Time: 171.70594
	Time:	0:02:52
	Energy:	0.0071 kWh
	CO2eq:	0.6993 g
	0.0065 km travelled by car
	Time:	0:02:52
	Energy:	0.0071 kWh
	CO2eq:	0.6993 g
	0.0065 km travelled by car
___PO com 12 Treads_concluida___
___PO com 14 Treads___
Execution Time: 165.47670
	Time:	0:02:46
	Energy:	0.0070 kWh
	CO2eq:	0.6864 g
	0.0064 km travelled by car
	Time:	0:02:46
	Energy:	0.0070 kWh
	CO2eq:	0.6864 g
	0.0064 km travelled by car
___PO com 14 Treads_concluida___
___PO com 16 Treads___
Execution Time: 158.69145
	Time:	0:02:39
	Energy:	0.0067 kWh
	CO2eq:	0.6578 g
	0.0061 km travelled by car
	Time:	0:02:39
	Energy:	0.0067 kWh
	CO2eq:	0.6578 g
	0.0061 km travelled by car
___PO com 16 Treads_concluida___
___PO com 18 Treads___
Execution Time: 149.57591
	Time:	0:02:30
	Energy:	0.0065 kWh
	CO2eq:	0.6366 g
	0.0059 km travelled by car
	Time:	0:02:30
	Energy:	0.0065 kWh
	CO2eq:	0.6366 g
	0.0059 km travelled by car
___PO com 18 Treads_concluida___
___PO com 20 Treads___
Execution Time: 143.21609
	Time:	0:02:23
	Energy:	0.0062 kWh
	CO2eq:	0.6113 g
	0.0057 km travelled by car
	Time:	0:02:23
	Energy:	0.0062 kWh
	CO2eq:	0.6113 g
	0.0057 km travelled by car
___PO com 20 Treads_concluida___
___PO com 22 Treads___
Execution Time: 142.29663
	Time:	0:02:22
	Energy:	0.0063 kWh
	CO2eq:	0.6176 g
	0.0057 km travelled by car
	Time:	0:02:22
	Energy:	0.0063 kWh
	CO2eq:	0.6176 g
	0.0057 km travelled by car
___PO com 22 Treads_concluida___
___PO com 24 Treads___
Execution Time: 141.81951
	Time:	0:02:22
	Energy:	0.0062 kWh
	CO2eq:	0.6082 g
	0.0057 km travelled by car
	Time:	0:02:22
	Energy:	0.0062 kWh
	CO2eq:	0.6082 g
	0.0057 km travelled by car
___PO com 24 Treads_concluida___
___PO com 26 Treads___
Execution Time: 131.99299
	Time:	0:02:12
	Energy:	0.0059 kWh
	CO2eq:	0.5757 g
	0.0054 km travelled by car
	Time:	0:02:12
	Energy:	0.0059 kWh
	CO2eq:	0.5757 g
	0.0054 km travelled by car
___PO com 26 Treads_concluida___
___PO com 28 Treads___
Execution Time: 122.78816
	Time:	0:02:03
	Energy:	0.0056 kWh
	CO2eq:	0.5462 g
	0.0051 km travelled by car
	Time:	0:02:03
	Energy:	0.0056 kWh
	CO2eq:	0.5462 g
	0.0051 km travelled by car
___PO com 28 Treads_concluida___
___PO com 30 Treads___
Execution Time: 114.40847
	Time:	0:01:54
	Energy:	0.0053 kWh
	CO2eq:	0.5210 g
	0.0048 km travelled by car
	Time:	0:01:54
	Energy:	0.0053 kWh
	CO2eq:	0.5210 g
	0.0048 km travelled by car
___PO com 30 Treads_concluida___
___PO com 32 Treads___
Execution Time: 107.20243
	Time:	0:01:47
	Energy:	0.0051 kWh
	CO2eq:	0.5023 g
	0.0047 km travelled by car
	Time:	0:01:47
	Energy:	0.0051 kWh
	CO2eq:	0.5023 g
	0.0047 km travelled by car
___PO com 32 Treads_concluida___
___PO com 34 Treads___
Execution Time: 100.49774
	Time:	0:01:41
	Energy:	0.0049 kWh
	CO2eq:	0.4861 g
	0.0045 km travelled by car
	Time:	0:01:41
	Energy:	0.0049 kWh
	CO2eq:	0.4861 g
	0.0045 km travelled by car
___PO com 34 Treads_concluida___
___PO com 36 Treads___
Execution Time: 96.38543
	Time:	0:01:36
	Energy:	0.0049 kWh
	CO2eq:	0.4779 g
	0.0044 km travelled by car
	Time:	0:01:36
	Energy:	0.0049 kWh
	CO2eq:	0.4779 g
	0.0044 km travelled by car
___PO com 36 Treads_concluida___
___PO com 38 Treads___
Execution Time: 90.64536
	Time:	0:01:31
	Energy:	0.0047 kWh
	CO2eq:	0.4625 g
	0.0043 km travelled by car
	Time:	0:01:31
	Energy:	0.0047 kWh
	CO2eq:	0.4625 g
	0.0043 km travelled by car
___PO com 38 Treads_concluida___
___PO com 40 Treads___
Execution Time: 84.63976
	Time:	0:01:25
	Energy:	0.0045 kWh
	CO2eq:	0.4435 g
	0.0041 km travelled by car
	Time:	0:01:25
	Energy:	0.0045 kWh
	CO2eq:	0.4435 g
	0.0041 km travelled by car
___PO com 40 Treads_concluida___
___PO com 42 Treads___
Execution Time: 80.77585
	Time:	0:01:21
	Energy:	0.0044 kWh
	CO2eq:	0.4305 g
	0.0040 km travelled by car
	Time:	0:01:21
	Energy:	0.0044 kWh
	CO2eq:	0.4305 g
	0.0040 km travelled by car
___PO com 42 Treads_concluida___
___PO com 44 Treads___
Execution Time: 77.13766
	Time:	0:01:17
	Energy:	0.0042 kWh
	CO2eq:	0.4141 g
	0.0039 km travelled by car
	Time:	0:01:17
	Energy:	0.0042 kWh
	CO2eq:	0.4141 g
	0.0039 km travelled by car
___PO com 44 Treads_concluida___
___PO com 46 Treads___
Execution Time: 74.75790
	Time:	0:01:15
	Energy:	0.0041 kWh
	CO2eq:	0.4072 g
	0.0038 km travelled by car
	Time:	0:01:15
	Energy:	0.0041 kWh
	CO2eq:	0.4072 g
	0.0038 km travelled by car
___PO com 46 Treads_concluida___
___PO com 48 Treads___
Execution Time: 71.10877
	Time:	0:01:11
	Energy:	0.0040 kWh
	CO2eq:	0.3921 g
	0.0036 km travelled by car
	Time:	0:01:11
	Energy:	0.0040 kWh
	CO2eq:	0.3919 g
	0.0036 km travelled by car
___PO com 48 Treads_concluida___
___Fim de PO___:

Start -> ST
compilando ST...
make: Nothing to be done for 'all'.
___Executando ST___:
___ST com 2 Treads___
Execution Time: 121.59123
	Time:	0:02:02
	Energy:	0.0044 kWh
	CO2eq:	0.4338 g
	0.0040 km travelled by car
	Time:	0:02:02
	Energy:	0.0044 kWh
	CO2eq:	0.4338 g
	0.0040 km travelled by car
___ST com 2 Treads_concluida___
___ST com 4 Treads___
Execution Time: 109.84738
	Time:	0:01:50
	Energy:	0.0041 kWh
	CO2eq:	0.4039 g
	0.0038 km travelled by car
	Time:	0:01:50
	Energy:	0.0041 kWh
	CO2eq:	0.4039 g
	0.0038 km travelled by car
___ST com 4 Treads_concluida___
___ST com 6 Treads___
Execution Time: 107.73961
	Time:	0:01:48
	Energy:	0.0042 kWh
	CO2eq:	0.4085 g
	0.0038 km travelled by car
	Time:	0:01:48
	Energy:	0.0042 kWh
	CO2eq:	0.4085 g
	0.0038 km travelled by car
___ST com 6 Treads_concluida___
___ST com 8 Treads___
Execution Time: 104.78263
	Time:	0:01:45
	Energy:	0.0041 kWh
	CO2eq:	0.4018 g
	0.0037 km travelled by car
	Time:	0:01:45
	Energy:	0.0041 kWh
	CO2eq:	0.4018 g
	0.0037 km travelled by car
___ST com 8 Treads_concluida___
___ST com 10 Treads___
Execution Time: 102.39879
	Time:	0:01:42
	Energy:	0.0041 kWh
	CO2eq:	0.4061 g
	0.0038 km travelled by car
	Time:	0:01:42
	Energy:	0.0041 kWh
	CO2eq:	0.4061 g
	0.0038 km travelled by car
___ST com 10 Treads_concluida___
___ST com 12 Treads___
Execution Time: 99.27527
	Time:	0:01:39
	Energy:	0.0041 kWh
	CO2eq:	0.3994 g
	0.0037 km travelled by car
	Time:	0:01:39
	Energy:	0.0041 kWh
	CO2eq:	0.3994 g
	0.0037 km travelled by car
___ST com 12 Treads_concluida___
___ST com 14 Treads___
Execution Time: 95.48134
	Time:	0:01:36
	Energy:	0.0040 kWh
	CO2eq:	0.3898 g
	0.0036 km travelled by car
	Time:	0:01:36
	Energy:	0.0040 kWh
	CO2eq:	0.3898 g
	0.0036 km travelled by car
___ST com 14 Treads_concluida___
___ST com 16 Treads___
Execution Time: 91.35483
	Time:	0:01:31
	Energy:	0.0039 kWh
	CO2eq:	0.3795 g
	0.0035 km travelled by car
	Time:	0:01:31
	Energy:	0.0039 kWh
	CO2eq:	0.3795 g
	0.0035 km travelled by car
___ST com 16 Treads_concluida___
___ST com 18 Treads___
Execution Time: 89.44587
	Time:	0:01:29
	Energy:	0.0038 kWh
	CO2eq:	0.3764 g
	0.0035 km travelled by car
	Time:	0:01:29
	Energy:	0.0038 kWh
	CO2eq:	0.3764 g
	0.0035 km travelled by car
___ST com 18 Treads_concluida___
___ST com 20 Treads___
Execution Time: 83.37755
	Time:	0:01:23
	Energy:	0.0036 kWh
	CO2eq:	0.3517 g
	0.0033 km travelled by car
	Time:	0:01:23
	Energy:	0.0036 kWh
	CO2eq:	0.3517 g
	0.0033 km travelled by car
___ST com 20 Treads_concluida___
___ST com 22 Treads___
Execution Time: 85.39164
	Time:	0:01:25
	Energy:	0.0037 kWh
	CO2eq:	0.3686 g
	0.0034 km travelled by car
	Time:	0:01:25
	Energy:	0.0037 kWh
	CO2eq:	0.3686 g
	0.0034 km travelled by car
___ST com 22 Treads_concluida___
___ST com 24 Treads___
Execution Time: 86.77061
	Time:	0:01:27
	Energy:	0.0038 kWh
	CO2eq:	0.3719 g
	0.0035 km travelled by car
	Time:	0:01:27
	Energy:	0.0038 kWh
	CO2eq:	0.3719 g
	0.0035 km travelled by car
___ST com 24 Treads_concluida___
___ST com 26 Treads___
Execution Time: 79.44177
	Time:	0:01:19
	Energy:	0.0036 kWh
	CO2eq:	0.3493 g
	0.0032 km travelled by car
	Time:	0:01:19
	Energy:	0.0036 kWh
	CO2eq:	0.3493 g
	0.0032 km travelled by car
___ST com 26 Treads_concluida___
___ST com 28 Treads___
Execution Time: 74.72019
	Time:	0:01:15
	Energy:	0.0034 kWh
	CO2eq:	0.3382 g
	0.0031 km travelled by car
	Time:	0:01:15
	Energy:	0.0034 kWh
	CO2eq:	0.3382 g
	0.0031 km travelled by car
___ST com 28 Treads_concluida___
___ST com 30 Treads___
Execution Time: 68.87892
	Time:	0:01:09
	Energy:	0.0032 kWh
	CO2eq:	0.3189 g
	0.0030 km travelled by car
	Time:	0:01:09
	Energy:	0.0032 kWh
	CO2eq:	0.3185 g
	0.0030 km travelled by car
___ST com 30 Treads_concluida___
___ST com 32 Treads___
Execution Time: 63.19839
	Time:	0:01:03
	Energy:	0.0031 kWh
	CO2eq:	0.3006 g
	0.0028 km travelled by car
	Time:	0:01:03
	Energy:	0.0031 kWh
	CO2eq:	0.3006 g
	0.0028 km travelled by car
___ST com 32 Treads_concluida___
___ST com 34 Treads___
Execution Time: 59.82820
	Time:	0:01:00
	Energy:	0.0030 kWh
	CO2eq:	0.2940 g
	0.0027 km travelled by car
	Time:	0:01:00
	Energy:	0.0030 kWh
	CO2eq:	0.2940 g
	0.0027 km travelled by car
___ST com 34 Treads_concluida___
___ST com 36 Treads___
Execution Time: 55.32518
	Time:	0:00:55
	Energy:	0.0028 kWh
	CO2eq:	0.2762 g
	0.0026 km travelled by car
	Time:	0:00:55
	Energy:	0.0028 kWh
	CO2eq:	0.2762 g
	0.0026 km travelled by car
___ST com 36 Treads_concluida___
___ST com 38 Treads___
Execution Time: 50.51280
	Time:	0:00:51
	Energy:	0.0026 kWh
	CO2eq:	0.2577 g
	0.0024 km travelled by car
	Time:	0:00:51
	Energy:	0.0026 kWh
	CO2eq:	0.2577 g
	0.0024 km travelled by car
___ST com 38 Treads_concluida___
___ST com 40 Treads___
Execution Time: 49.13896
	Time:	0:00:49
	Energy:	0.0026 kWh
	CO2eq:	0.2544 g
	0.0024 km travelled by car
	Time:	0:00:49
	Energy:	0.0026 kWh
	CO2eq:	0.2544 g
	0.0024 km travelled by car
___ST com 40 Treads_concluida___
___ST com 42 Treads___
Execution Time: 46.37223
	Time:	0:00:46
	Energy:	0.0025 kWh
	CO2eq:	0.2467 g
	0.0023 km travelled by car
	Time:	0:00:46
	Energy:	0.0025 kWh
	CO2eq:	0.2467 g
	0.0023 km travelled by car
___ST com 42 Treads_concluida___
___ST com 44 Treads___
Execution Time: 46.18653
	Time:	0:00:46
	Energy:	0.0025 kWh
	CO2eq:	0.2474 g
	0.0023 km travelled by car
	Time:	0:00:46
	Energy:	0.0025 kWh
	CO2eq:	0.2474 g
	0.0023 km travelled by car
___ST com 44 Treads_concluida___
___ST com 46 Treads___
Execution Time: 42.38134
	Time:	0:00:42
	Energy:	0.0024 kWh
	CO2eq:	0.2316 g
	0.0022 km travelled by car
	Time:	0:00:42
	Energy:	0.0024 kWh
	CO2eq:	0.2316 g
	0.0022 km travelled by car
___ST com 46 Treads_concluida___
___ST com 48 Treads___
Execution Time: 40.44951
	Time:	0:00:40
	Energy:	0.0023 kWh
	CO2eq:	0.2236 g
	0.0021 km travelled by car
	Time:	0:00:40
	Energy:	0.0023 kWh
	CO2eq:	0.2236 g
	0.0021 km travelled by car
___ST com 48 Treads_concluida___
___Fim de ST___:

