Numero de CPUs logicos (threads): 16
Numero de núcleos fisicos: 8
Start -> PO
compilando PO...
rm omp_po
gcc  omp_po.c -o omp_po -fopenmp -lm -O3
___Executando PO___:
___PO com 2 Treads___
Execution Time: 275.09680
	Time:	0:04:35
	Energy:	0.0064 kWh
	CO2eq:	0.6257 g
	0.0058 km travelled by car
	Time:	0:04:35
	Energy:	0.0064 kWh
	CO2eq:	0.6257 g
	0.0058 km travelled by car
___PO com 2 Treads_concluida___
___PO com 4 Treads___
Execution Time: 143.96311
	Time:	0:02:24
	Energy:	0.0037 kWh
	CO2eq:	0.3593 g
	0.0033 km travelled by car
	Time:	0:02:24
	Energy:	0.0037 kWh
	CO2eq:	0.3593 g
	0.0033 km travelled by car
___PO com 4 Treads_concluida___
___PO com 6 Treads___
Execution Time: 101.87959
	Time:	0:01:42
	Energy:	0.0028 kWh
	CO2eq:	0.2750 g
	0.0026 km travelled by car
	Time:	0:01:42
	Energy:	0.0028 kWh
	CO2eq:	0.2750 g
	0.0026 km travelled by car
___PO com 6 Treads_concluida___
___PO com 8 Treads___
Execution Time: 82.01283
	Time:	0:01:22
	Energy:	0.0024 kWh
	CO2eq:	0.2355 g
	0.0022 km travelled by car
	Time:	0:01:22
	Energy:	0.0024 kWh
	CO2eq:	0.2355 g
	0.0022 km travelled by car
___PO com 8 Treads_concluida___
___PO com 10 Treads___
Execution Time: 74.39531
	Time:	0:01:14
	Energy:	0.0023 kWh
	CO2eq:	0.2224 g
	0.0021 km travelled by car
	Time:	0:01:14
	Energy:	0.0023 kWh
	CO2eq:	0.2224 g
	0.0021 km travelled by car
___PO com 10 Treads_concluida___
___PO com 12 Treads___
Execution Time: 71.82836
	Time:	0:01:12
	Energy:	0.0022 kWh
	CO2eq:	0.2201 g
	0.0020 km travelled by car
	Time:	0:01:12
	Energy:	0.0022 kWh
	CO2eq:	0.2201 g
	0.0020 km travelled by car
___PO com 12 Treads_concluida___
___PO com 14 Treads___
Execution Time: 72.13844
	Time:	0:01:12
	Energy:	0.0023 kWh
	CO2eq:	0.2262 g
	0.0021 km travelled by car
	Time:	0:01:12
	Energy:	0.0023 kWh
	CO2eq:	0.2262 g
	0.0021 km travelled by car
___PO com 14 Treads_concluida___
___PO com 16 Treads___
Execution Time: 73.97504
	Time:	0:01:14
	Energy:	0.0024 kWh
	CO2eq:	0.2343 g
	0.0022 km travelled by car
	Time:	0:01:14
	Energy:	0.0024 kWh
	CO2eq:	0.2343 g
	0.0022 km travelled by car
___PO com 16 Treads_concluida___
___Fim de PO___:

Start -> ST
compilando ST...
make: Nothing to be done for 'all'.
___Executando ST___:
___ST com 2 Treads___
Execution Time: 138.81442
	Time:	0:02:19
	Energy:	0.0032 kWh
	CO2eq:	0.3103 g
	0.0029 km travelled by car
	Time:	0:02:19
	Energy:	0.0032 kWh
	CO2eq:	0.3103 g
	0.0029 km travelled by car
___ST com 2 Treads_concluida___
___ST com 4 Treads___
Execution Time: 74.26255
	Time:	0:01:14
	Energy:	0.0018 kWh
	CO2eq:	0.1798 g
	0.0017 km travelled by car
	Time:	0:01:14
	Energy:	0.0018 kWh
	CO2eq:	0.1798 g
	0.0017 km travelled by car
___ST com 4 Treads_concluida___
___ST com 6 Treads___
Execution Time: 53.78963
	Time:	0:00:54
	Energy:	0.0014 kWh
	CO2eq:	0.1387 g
	0.0013 km travelled by car
	Time:	0:00:54
	Energy:	0.0014 kWh
	CO2eq:	0.1387 g
	0.0013 km travelled by car
___ST com 6 Treads_concluida___
___ST com 8 Treads___
Execution Time: 45.64857
	Time:	0:00:46
	Energy:	0.0013 kWh
	CO2eq:	0.1239 g
	0.0012 km travelled by car
	Time:	0:00:46
	Energy:	0.0013 kWh
	CO2eq:	0.1239 g
	0.0012 km travelled by car
___ST com 8 Treads_concluida___
___ST com 10 Treads___
Execution Time: 42.95255
	Time:	0:00:43
	Energy:	0.0012 kWh
	CO2eq:	0.1211 g
	0.0011 km travelled by car
	Time:	0:00:43
	Energy:	0.0012 kWh
	CO2eq:	0.1209 g
	0.0011 km travelled by car
___ST com 10 Treads_concluida___
___ST com 12 Treads___
Execution Time: 42.46056
	Time:	0:00:43
	Energy:	0.0013 kWh
	CO2eq:	0.1237 g
	0.0012 km travelled by car
	Time:	0:00:43
	Energy:	0.0013 kWh
	CO2eq:	0.1237 g
	0.0012 km travelled by car
___ST com 12 Treads_concluida___
___ST com 14 Treads___
Execution Time: 42.40084
	Time:	0:00:42
	Energy:	0.0013 kWh
	CO2eq:	0.1263 g
	0.0012 km travelled by car
	Time:	0:00:42
	Energy:	0.0013 kWh
	CO2eq:	0.1263 g
	0.0012 km travelled by car
___ST com 14 Treads_concluida___
___ST com 16 Treads___
Execution Time: 43.61661
	Time:	0:00:44
	Energy:	0.0014 kWh
	CO2eq:	0.1331 g
	0.0012 km travelled by car
	Time:	0:00:44
	Energy:	0.0014 kWh
	CO2eq:	0.1331 g
	0.0012 km travelled by car
___ST com 16 Treads_concluida___
___Fim de ST___:

