Numero de CPUs logicos (threads): 48
Numero de núcleos fisicos: 12
Start -> kmeans
compilando kmeans...
cd kmeans_serial; make clean
make[1]: Entering directory '/scratch/acsilveira/rodinia_novos/openmp/kmeans/kmeans_serial'
rm -f *.o *~ kmeans 
make[1]: Leaving directory '/scratch/acsilveira/rodinia_novos/openmp/kmeans/kmeans_serial'
cd kmeans_openmp; make clean
make[1]: Entering directory '/scratch/acsilveira/rodinia_novos/openmp/kmeans/kmeans_openmp'
rm -f *.o *~ kmeans 
make[1]: Leaving directory '/scratch/acsilveira/rodinia_novos/openmp/kmeans/kmeans_openmp'
cd kmeans_openmp; make
make[1]: Entering directory '/scratch/acsilveira/rodinia_novos/openmp/kmeans/kmeans_openmp'
gcc -g -fopenmp -O2  cluster.c -c
gcc -g -fopenmp -O2  getopt.c -c
gcc -g -fopenmp -O2  kmeans.c -c
gcc -g -fopenmp -O2  kmeans_clustering.c -c
gcc -g -fopenmp -O2  cluster.o getopt.o kmeans.o kmeans_clustering.o  -o kmeans
make[1]: Leaving directory '/scratch/acsilveira/rodinia_novos/openmp/kmeans/kmeans_openmp'
cd kmeans_serial; make
make[1]: Entering directory '/scratch/acsilveira/rodinia_novos/openmp/kmeans/kmeans_serial'
gcc -g -fopenmp -O2  cluster.c -c
gcc -g -fopenmp -O2  getopt.c -c
gcc -g -fopenmp -O2  kmeans.c -c
gcc -g -fopenmp -O2  kmeans_clustering.c -c
gcc -g -fopenmp -O2  cluster.o getopt.o kmeans.o kmeans_clustering.o  -o kmeans
make[1]: Leaving directory '/scratch/acsilveira/rodinia_novos/openmp/kmeans/kmeans_serial'
___Executando kmeans___:
___kmeans com 2 Treads___
Time for process: 249.550274
Tempo total: 250106.791 ms
	Time:	0:04:10
	Energy:	0.0088 kWh
	CO2eq:	0.8615 g
	0.0080 km travelled by car
	Time:	0:04:10
	Energy:	0.0088 kWh
	CO2eq:	0.8615 g
	0.0080 km travelled by car
___kmeans com 2 Treads_concluida___
___kmeans com 4 Treads___
Time for process: 124.818431
Tempo total: 125372.197 ms
	Time:	0:02:05
	Energy:	0.0046 kWh
	CO2eq:	0.4546 g
	0.0042 km travelled by car
	Time:	0:02:05
	Energy:	0.0046 kWh
	CO2eq:	0.4546 g
	0.0042 km travelled by car
___kmeans com 4 Treads_concluida___
___kmeans com 6 Treads___
Time for process: 83.307797
Tempo total: 83866.224 ms
	Time:	0:01:24
	Energy:	0.0033 kWh
	CO2eq:	0.3198 g
	0.0030 km travelled by car
	Time:	0:01:24
	Energy:	0.0033 kWh
	CO2eq:	0.3198 g
	0.0030 km travelled by car
___kmeans com 6 Treads_concluida___
___kmeans com 8 Treads___
Time for process: 62.480585
Tempo total: 63039.288 ms
	Time:	0:01:03
	Energy:	0.0026 kWh
	CO2eq:	0.2541 g
	0.0024 km travelled by car
	Time:	0:01:03
	Energy:	0.0026 kWh
	CO2eq:	0.2541 g
	0.0024 km travelled by car
___kmeans com 8 Treads_concluida___
___kmeans com 10 Treads___
Time for process: 50.443848
Tempo total: 51004.105 ms
	Time:	0:00:51
	Energy:	0.0022 kWh
	CO2eq:	0.2142 g
	0.0020 km travelled by car
	Time:	0:00:51
	Energy:	0.0022 kWh
	CO2eq:	0.2143 g
	0.0020 km travelled by car
___kmeans com 10 Treads_concluida___
___kmeans com 12 Treads___
Time for process: 42.826471
Tempo total: 43381.496 ms
	Time:	0:00:43
	Energy:	0.0019 kWh
	CO2eq:	0.1865 g
	0.0017 km travelled by car
	Time:	0:00:43
	Energy:	0.0019 kWh
	CO2eq:	0.1865 g
	0.0017 km travelled by car
___kmeans com 12 Treads_concluida___
___kmeans com 14 Treads___
Time for process: 36.694041
Tempo total: 37265.394 ms
	Time:	0:00:37
	Energy:	0.0017 kWh
	CO2eq:	0.1661 g
	0.0015 km travelled by car
	Time:	0:00:37
	Energy:	0.0017 kWh
	CO2eq:	0.1661 g
	0.0015 km travelled by car
___kmeans com 14 Treads_concluida___
___kmeans com 16 Treads___
Time for process: 32.124543
Tempo total: 32678.304 ms
	Time:	0:00:33
	Energy:	0.0015 kWh
	CO2eq:	0.1507 g
	0.0014 km travelled by car
	Time:	0:00:33
	Energy:	0.0015 kWh
	CO2eq:	0.1507 g
	0.0014 km travelled by car
___kmeans com 16 Treads_concluida___
___kmeans com 18 Treads___
Time for process: 28.668107
Tempo total: 29222.419 ms
	Time:	0:00:29
	Energy:	0.0014 kWh
	CO2eq:	0.1407 g
	0.0013 km travelled by car
	Time:	0:00:29
	Energy:	0.0014 kWh
	CO2eq:	0.1407 g
	0.0013 km travelled by car
___kmeans com 18 Treads_concluida___
___kmeans com 20 Treads___
Time for process: 26.446892
Tempo total: 27006.100 ms
	Time:	0:00:27
	Energy:	0.0013 kWh
	CO2eq:	0.1300 g
	0.0012 km travelled by car
	Time:	0:00:27
	Energy:	0.0013 kWh
	CO2eq:	0.1302 g
	0.0012 km travelled by car
___kmeans com 20 Treads_concluida___
___kmeans com 22 Treads___
Time for process: 24.149530
Tempo total: 24704.808 ms
	Time:	0:00:25
	Energy:	0.0012 kWh
	CO2eq:	0.1183 g
	0.0011 km travelled by car
	Time:	0:00:25
	Energy:	0.0012 kWh
	CO2eq:	0.1183 g
	0.0011 km travelled by car
___kmeans com 22 Treads_concluida___
___kmeans com 24 Treads___
Time for process: 22.333070
Tempo total: 22887.712 ms
	Time:	0:00:23
	Energy:	0.0011 kWh
	CO2eq:	0.1076 g
	0.0010 km travelled by car
	Time:	0:00:23
	Energy:	0.0011 kWh
	CO2eq:	0.1073 g
	0.0010 km travelled by car
___kmeans com 24 Treads_concluida___
___kmeans com 26 Treads___
Time for process: 20.823277
Tempo total: 21376.745 ms
	Time:	0:00:21
	Energy:	0.0011 kWh
	CO2eq:	0.1052 g
	0.0010 km travelled by car
	Time:	0:00:21
	Energy:	0.0011 kWh
	CO2eq:	0.1052 g
	0.0010 km travelled by car
___kmeans com 26 Treads_concluida___
___kmeans com 28 Treads___
Time for process: 19.152206
Tempo total: 19707.976 ms
	Time:	0:00:20
	Energy:	0.0010 kWh
	CO2eq:	0.1001 g
	0.0009 km travelled by car
	Time:	0:00:20
	Energy:	0.0010 kWh
	CO2eq:	0.1001 g
	0.0009 km travelled by car
___kmeans com 28 Treads_concluida___
___kmeans com 30 Treads___
Time for process: 18.079261
Tempo total: 18640.126 ms
	Time:	0:00:19
	Energy:	0.0010 kWh
	CO2eq:	0.0976 g
	0.0009 km travelled by car
	Time:	0:00:19
	Energy:	0.0010 kWh
	CO2eq:	0.0976 g
	0.0009 km travelled by car
___kmeans com 30 Treads_concluida___
___kmeans com 32 Treads___
Time for process: 16.781294
Tempo total: 17342.298 ms
	Time:	0:00:17
	Energy:	0.0010 kWh
	CO2eq:	0.0942 g
	0.0009 km travelled by car
	Time:	0:00:17
	Energy:	0.0010 kWh
	CO2eq:	0.0942 g
	0.0009 km travelled by car
___kmeans com 32 Treads_concluida___
___kmeans com 34 Treads___
Time for process: 15.995514
Tempo total: 16557.658 ms
	Time:	0:00:17
	Energy:	0.0009 kWh
	CO2eq:	0.0923 g
	0.0009 km travelled by car
	Time:	0:00:17
	Energy:	0.0009 kWh
	CO2eq:	0.0923 g
	0.0009 km travelled by car
___kmeans com 34 Treads_concluida___
___kmeans com 36 Treads___
Time for process: 14.940413
Tempo total: 15496.751 ms
	Time:	0:00:15
	Energy:	0.0009 kWh
	CO2eq:	0.0886 g
	0.0008 km travelled by car
	Time:	0:00:15
	Energy:	0.0009 kWh
	CO2eq:	0.0886 g
	0.0008 km travelled by car
___kmeans com 36 Treads_concluida___
___kmeans com 38 Treads___
Time for process: 14.342061
Tempo total: 14905.744 ms
	Time:	0:00:15
	Energy:	0.0009 kWh
	CO2eq:	0.0872 g
	0.0008 km travelled by car
	Time:	0:00:15
	Energy:	0.0009 kWh
	CO2eq:	0.0870 g
	0.0008 km travelled by car
___kmeans com 38 Treads_concluida___
___kmeans com 40 Treads___
Time for process: 13.435413
Tempo total: 13989.845 ms
	Time:	0:00:14
	Energy:	0.0009 kWh
	CO2eq:	0.0841 g
	0.0008 km travelled by car
	Time:	0:00:14
	Energy:	0.0009 kWh
	CO2eq:	0.0841 g
	0.0008 km travelled by car
___kmeans com 40 Treads_concluida___
___kmeans com 42 Treads___
Time for process: 13.000660
Tempo total: 13555.787 ms
	Time:	0:00:14
	Energy:	0.0009 kWh
	CO2eq:	0.0837 g
	0.0008 km travelled by car
	Time:	0:00:14
	Energy:	0.0009 kWh
	CO2eq:	0.0837 g
	0.0008 km travelled by car
___kmeans com 42 Treads_concluida___
___kmeans com 44 Treads___
Time for process: 12.223637
Tempo total: 12783.615 ms
	Time:	0:00:13
	Energy:	0.0008 kWh
	CO2eq:	0.0797 g
	0.0007 km travelled by car
	Time:	0:00:13
	Energy:	0.0008 kWh
	CO2eq:	0.0797 g
	0.0007 km travelled by car
___kmeans com 44 Treads_concluida___
___kmeans com 46 Treads___
Time for process: 11.910356
Tempo total: 12465.612 ms
	Time:	0:00:12
	Energy:	0.0008 kWh
	CO2eq:	0.0780 g
	0.0007 km travelled by car
	Time:	0:00:12
	Energy:	0.0008 kWh
	CO2eq:	0.0780 g
	0.0007 km travelled by car
___kmeans com 46 Treads_concluida___
___kmeans com 48 Treads___
Time for process: 11.232066
Tempo total: 11788.584 ms
	Time:	0:00:12
	Energy:	0.0008 kWh
	CO2eq:	0.0738 g
	0.0007 km travelled by car
	Time:	0:00:12
	Energy:	0.0008 kWh
	CO2eq:	0.0738 g
	0.0007 km travelled by car
___kmeans com 48 Treads_concluida___
___Fim de kmeans___:

Start -> leukocyte
compilando leukocyte...
cd OpenMP; make clean
make[1]: Entering directory '/scratch/acsilveira/rodinia_novos/openmp/leukocyte/OpenMP'
rm -f *.o leukocyte
make[1]: Leaving directory '/scratch/acsilveira/rodinia_novos/openmp/leukocyte/OpenMP'
rm -f meschach_lib/meschach.a
cd OpenMP; make
make[1]: Entering directory '/scratch/acsilveira/rodinia_novos/openmp/leukocyte/OpenMP'
gcc  -g -O3 -Wall -fopenmp -I../meschach_lib detect_main.c -c
gcc  -g -O3 -Wall -fopenmp -I../meschach_lib avilib.c -c
gcc  -g -O3 -Wall -fopenmp -I../meschach_lib find_ellipse.c -c
gcc  -g -O3 -Wall -fopenmp -I../meschach_lib track_ellipse.c -c
gcc  -g -O3 -Wall -fopenmp -I../meschach_lib misc_math.c -c
cd ../meschach_lib; ./configure --with-all; make all; make clean
make[2]: Entering directory '/scratch/acsilveira/rodinia_novos/openmp/leukocyte/meschach_lib'
cc -c -O -DHAVE_CONFIG_H copy.c
cc -c -O -DHAVE_CONFIG_H err.c
cc -c -O -DHAVE_CONFIG_H matrixio.c
cc -c -O -DHAVE_CONFIG_H memory.c
cc -c -O -DHAVE_CONFIG_H vecop.c
cc -c -O -DHAVE_CONFIG_H matop.c
cc -c -O -DHAVE_CONFIG_H pxop.c
cc -c -O -DHAVE_CONFIG_H submat.c
cc -c -O -DHAVE_CONFIG_H init.c
cc -c -O -DHAVE_CONFIG_H otherio.c
cc -c -O -DHAVE_CONFIG_H machine.c
cc -c -O -DHAVE_CONFIG_H matlab.c
cc -c -O -DHAVE_CONFIG_H ivecop.c
cc -c -O -DHAVE_CONFIG_H version.c
cc -c -O -DHAVE_CONFIG_H meminfo.c
cc -c -O -DHAVE_CONFIG_H memstat.c
ar ru meschach.a copy.o err.o matrixio.o memory.o vecop.o matop.o pxop.o submat.o init.o otherio.o machine.o matlab.o ivecop.o version.o meminfo.o memstat.o; ranlib meschach.a
cc -c -O -DHAVE_CONFIG_H lufactor.c
cc -c -O -DHAVE_CONFIG_H bkpfacto.c
cc -c -O -DHAVE_CONFIG_H chfactor.c
cc -c -O -DHAVE_CONFIG_H qrfactor.c
cc -c -O -DHAVE_CONFIG_H solve.c
cc -c -O -DHAVE_CONFIG_H hsehldr.c
cc -c -O -DHAVE_CONFIG_H givens.c
cc -c -O -DHAVE_CONFIG_H update.c
cc -c -O -DHAVE_CONFIG_H norm.c
cc -c -O -DHAVE_CONFIG_H hessen.c
cc -c -O -DHAVE_CONFIG_H symmeig.c
cc -c -O -DHAVE_CONFIG_H schur.c
cc -c -O -DHAVE_CONFIG_H svd.c
cc -c -O -DHAVE_CONFIG_H fft.c
cc -c -O -DHAVE_CONFIG_H mfunc.c
cc -c -O -DHAVE_CONFIG_H bdfactor.c
ar ru meschach.a lufactor.o bkpfacto.o chfactor.o qrfactor.o solve.o hsehldr.o givens.o update.o norm.o hessen.o symmeig.o schur.o svd.o fft.o mfunc.o bdfactor.o; ranlib meschach.a
cc -c -O -DHAVE_CONFIG_H sparse.c
cc -c -O -DHAVE_CONFIG_H sprow.c
cc -c -O -DHAVE_CONFIG_H sparseio.c
cc -c -O -DHAVE_CONFIG_H spchfctr.c
cc -c -O -DHAVE_CONFIG_H splufctr.c
cc -c -O -DHAVE_CONFIG_H spbkp.c
cc -c -O -DHAVE_CONFIG_H spswap.c
cc -c -O -DHAVE_CONFIG_H iter0.c
cc -c -O -DHAVE_CONFIG_H itersym.c
cc -c -O -DHAVE_CONFIG_H iternsym.c
ar ru meschach.a sparse.o sprow.o sparseio.o spchfctr.o splufctr.o spbkp.o spswap.o iter0.o itersym.o iternsym.o; ranlib meschach.a
cc -c -O -DHAVE_CONFIG_H zmachine.c
cc -c -O -DHAVE_CONFIG_H zcopy.c
cc -c -O -DHAVE_CONFIG_H zmatio.c
cc -c -O -DHAVE_CONFIG_H zmemory.c
cc -c -O -DHAVE_CONFIG_H zvecop.c
cc -c -O -DHAVE_CONFIG_H zmatop.c
cc -c -O -DHAVE_CONFIG_H znorm.c
cc -c -O -DHAVE_CONFIG_H zfunc.c
ar ru meschach.a zmachine.o zcopy.o zmatio.o zmemory.o zvecop.o zmatop.o znorm.o zfunc.o ; ranlib meschach.a
cc -c -O -DHAVE_CONFIG_H zlufctr.c
cc -c -O -DHAVE_CONFIG_H zsolve.c
cc -c -O -DHAVE_CONFIG_H zmatlab.c
cc -c -O -DHAVE_CONFIG_H zhsehldr.c
cc -c -O -DHAVE_CONFIG_H zqrfctr.c
cc -c -O -DHAVE_CONFIG_H zgivens.c
cc -c -O -DHAVE_CONFIG_H zhessen.c
cc -c -O -DHAVE_CONFIG_H zschur.c
ar ru meschach.a zlufctr.o zsolve.o zmatlab.o zhsehldr.o zqrfctr.o zgivens.o  zhessen.o zschur.o; ranlib meschach.a
make[2]: Leaving directory '/scratch/acsilveira/rodinia_novos/openmp/leukocyte/meschach_lib'
make[2]: Entering directory '/scratch/acsilveira/rodinia_novos/openmp/leukocyte/meschach_lib'
/bin/rm -f *.o core asx5213a.mat iotort.dat 
make[2]: Leaving directory '/scratch/acsilveira/rodinia_novos/openmp/leukocyte/meschach_lib'
gcc -g -O3 -Wall -fopenmp -I../meschach_lib -lm avilib.o find_ellipse.o track_ellipse.o misc_math.o detect_main.o -o leukocyte -lm ../meschach_lib/meschach.a -lpthread
make[1]: Leaving directory '/scratch/acsilveira/rodinia_novos/openmp/leukocyte/OpenMP'
___Executando leukocyte___:
___leukocyte com 2 Treads___
Total application run time: 617.38116 seconds
	Time:	0:10:17
	Energy:	0.0218 kWh
	CO2eq:	2.1420 g
	0.0199 km travelled by car
	Time:	0:10:17
	Energy:	0.0218 kWh
	CO2eq:	2.1420 g
	0.0199 km travelled by car
___leukocyte com 2 Treads_concluida___
___leukocyte com 4 Treads___
Total application run time: 326.32156 seconds
	Time:	0:05:26
	Energy:	0.0122 kWh
	CO2eq:	1.1975 g
	0.0111 km travelled by car
	Time:	0:05:26
	Energy:	0.0122 kWh
	CO2eq:	1.1975 g
	0.0111 km travelled by car
___leukocyte com 4 Treads_concluida___
___leukocyte com 6 Treads___
Total application run time: 219.67909 seconds
	Time:	0:03:40
	Energy:	0.0087 kWh
	CO2eq:	0.8525 g
	0.0079 km travelled by car
	Time:	0:03:40
	Energy:	0.0087 kWh
	CO2eq:	0.8525 g
	0.0079 km travelled by car
___leukocyte com 6 Treads_concluida___
___leukocyte com 8 Treads___
Total application run time: 187.88939 seconds
	Time:	0:03:08
	Energy:	0.0075 kWh
	CO2eq:	0.7419 g
	0.0069 km travelled by car
	Time:	0:03:08
	Energy:	0.0075 kWh
	CO2eq:	0.7419 g
	0.0069 km travelled by car
___leukocyte com 8 Treads_concluida___
___leukocyte com 10 Treads___
Total application run time: 150.99658 seconds
	Time:	0:02:31
	Energy:	0.0064 kWh
	CO2eq:	0.6326 g
	0.0059 km travelled by car
	Time:	0:02:31
	Energy:	0.0064 kWh
	CO2eq:	0.6326 g
	0.0059 km travelled by car
___leukocyte com 10 Treads_concluida___
___leukocyte com 12 Treads___
Total application run time: 116.92464 seconds
	Time:	0:01:57
	Energy:	0.0053 kWh
	CO2eq:	0.5183 g
	0.0048 km travelled by car
	Time:	0:01:57
	Energy:	0.0053 kWh
	CO2eq:	0.5181 g
	0.0048 km travelled by car
___leukocyte com 12 Treads_concluida___
___leukocyte com 14 Treads___
Total application run time: 115.39983 seconds
	Time:	0:01:55
	Energy:	0.0053 kWh
	CO2eq:	0.5164 g
	0.0048 km travelled by car
	Time:	0:01:55
	Energy:	0.0053 kWh
	CO2eq:	0.5164 g
	0.0048 km travelled by car
___leukocyte com 14 Treads_concluida___
___leukocyte com 16 Treads___
Total application run time: 114.46011 seconds
	Time:	0:01:55
	Energy:	0.0052 kWh
	CO2eq:	0.5160 g
	0.0048 km travelled by car
	Time:	0:01:55
	Energy:	0.0052 kWh
	CO2eq:	0.5160 g
	0.0048 km travelled by car
___leukocyte com 16 Treads_concluida___
___leukocyte com 18 Treads___
Total application run time: 80.95537 seconds
	Time:	0:01:21
	Energy:	0.0040 kWh
	CO2eq:	1.9188 g
	0.0178 km travelled by car
	Time:	0:01:21
	Energy:	0.0040 kWh
	CO2eq:	1.9188 g
	0.0178 km travelled by car
___leukocyte com 18 Treads_concluida___
___leukocyte com 20 Treads___
Total application run time: 81.48560 seconds
	Time:	0:01:22
	Energy:	0.0041 kWh
	CO2eq:	1.9493 g
	0.0181 km travelled by car
	Time:	0:01:22
	Energy:	0.0041 kWh
	CO2eq:	1.9493 g
	0.0181 km travelled by car
___leukocyte com 20 Treads_concluida___
___leukocyte com 22 Treads___
Total application run time: 81.24034 seconds
	Time:	0:01:21
	Energy:	0.0040 kWh
	CO2eq:	1.9329 g
	0.0180 km travelled by car
	Time:	0:01:21
	Energy:	0.0040 kWh
	CO2eq:	1.9329 g
	0.0180 km travelled by car
___leukocyte com 22 Treads_concluida___
___leukocyte com 24 Treads___
Total application run time: 81.45613 seconds
	Time:	0:01:22
	Energy:	0.0039 kWh
	CO2eq:	1.8694 g
	0.0174 km travelled by car
	Time:	0:01:22
	Energy:	0.0039 kWh
	CO2eq:	1.8694 g
	0.0174 km travelled by car
___leukocyte com 24 Treads_concluida___
___leukocyte com 26 Treads___
Total application run time: 80.90551 seconds
	Time:	0:01:21
	Energy:	0.0039 kWh
	CO2eq:	1.8909 g
	0.0176 km travelled by car
	Time:	0:01:21
	Energy:	0.0039 kWh
	CO2eq:	1.8902 g
	0.0176 km travelled by car
___leukocyte com 26 Treads_concluida___
___leukocyte com 28 Treads___
Total application run time: 80.58495 seconds
	Time:	0:01:21
	Energy:	0.0039 kWh
	CO2eq:	1.8884 g
	0.0176 km travelled by car
	Time:	0:01:21
	Energy:	0.0039 kWh
	CO2eq:	1.8884 g
	0.0176 km travelled by car
___leukocyte com 28 Treads_concluida___
___leukocyte com 30 Treads___
Total application run time: 78.82461 seconds
	Time:	0:01:19
	Energy:	0.0038 kWh
	CO2eq:	1.8088 g
	0.0168 km travelled by car
	Time:	0:01:19
	Energy:	0.0038 kWh
	CO2eq:	1.8069 g
	0.0168 km travelled by car
___leukocyte com 30 Treads_concluida___
___leukocyte com 32 Treads___
Total application run time: 78.26127 seconds
	Time:	0:01:18
	Energy:	0.0039 kWh
	CO2eq:	1.8526 g
	0.0172 km travelled by car
	Time:	0:01:18
	Energy:	0.0039 kWh
	CO2eq:	1.8526 g
	0.0172 km travelled by car
___leukocyte com 32 Treads_concluida___
___leukocyte com 34 Treads___
Total application run time: 76.48512 seconds
	Time:	0:01:17
	Energy:	0.0038 kWh
	CO2eq:	1.8217 g
	0.0169 km travelled by car
	Time:	0:01:17
	Energy:	0.0038 kWh
	CO2eq:	1.8217 g
	0.0169 km travelled by car
___leukocyte com 34 Treads_concluida___
___leukocyte com 36 Treads___
Total application run time: 46.90374 seconds
	Time:	0:00:47
	Energy:	0.0028 kWh
	CO2eq:	1.3368 g
	0.0124 km travelled by car
	Time:	0:00:47
	Energy:	0.0028 kWh
	CO2eq:	1.3346 g
	0.0124 km travelled by car
___leukocyte com 36 Treads_concluida___
___leukocyte com 38 Treads___
Total application run time: 46.64551 seconds
	Time:	0:00:47
	Energy:	0.0028 kWh
	CO2eq:	1.3270 g
	0.0123 km travelled by car
	Time:	0:00:47
	Energy:	0.0028 kWh
	CO2eq:	1.3270 g
	0.0123 km travelled by car
___leukocyte com 38 Treads_concluida___
___leukocyte com 40 Treads___
Total application run time: 46.64301 seconds
	Time:	0:00:47
	Energy:	0.0028 kWh
	CO2eq:	1.3283 g
	0.0124 km travelled by car
	Time:	0:00:47
	Energy:	0.0028 kWh
	CO2eq:	1.3283 g
	0.0124 km travelled by car
___leukocyte com 40 Treads_concluida___
___leukocyte com 42 Treads___
Total application run time: 46.96350 seconds
	Time:	0:00:47
	Energy:	0.0028 kWh
	CO2eq:	1.3425 g
	0.0125 km travelled by car
	Time:	0:00:47
	Energy:	0.0028 kWh
	CO2eq:	1.3425 g
	0.0125 km travelled by car
___leukocyte com 42 Treads_concluida___
___leukocyte com 44 Treads___
Total application run time: 46.82594 seconds
	Time:	0:00:47
	Energy:	0.0028 kWh
	CO2eq:	1.3398 g
	0.0125 km travelled by car
	Time:	0:00:47
	Energy:	0.0028 kWh
	CO2eq:	1.3355 g
	0.0124 km travelled by car
___leukocyte com 44 Treads_concluida___
___leukocyte com 46 Treads___
Total application run time: 46.67051 seconds
	Time:	0:00:47
	Energy:	0.0028 kWh
	CO2eq:	1.3339 g
	0.0124 km travelled by car
	Time:	0:00:47
	Energy:	0.0028 kWh
	CO2eq:	1.3339 g
	0.0124 km travelled by car
___leukocyte com 46 Treads_concluida___
___leukocyte com 48 Treads___
Total application run time: 46.61557 seconds
	Time:	0:00:47
	Energy:	0.0028 kWh
	CO2eq:	1.3339 g
	0.0124 km travelled by car
	Time:	0:00:47
	Energy:	0.0028 kWh
	CO2eq:	1.3339 g
	0.0124 km travelled by car
___leukocyte com 48 Treads_concluida___
___Fim de leukocyte___:

Start -> backprop
compilando backprop...
rm -f *.o *~ backprop backprop_cuda.linkinfo
gcc -g -fopenmp  -O2 backprop.c -c
gcc -g -fopenmp  -O2 facetrain.c -c
gcc -g -fopenmp  -O2 imagenet.c -c
gcc -g -fopenmp  -O2 backprop_kernel.c -c
gcc -g -fopenmp  -O2 backprop.o facetrain.o imagenet.o backprop_kernel.o -o backprop -lm
___Executando backprop___:
___backprop com 2 Treads___
Tempo total: 32676.502 ms
	Time:	0:00:33
	Energy:	0.0012 kWh
	CO2eq:	0.5569 g
	0.0052 km travelled by car
	Time:	0:00:33
	Energy:	0.0012 kWh
	CO2eq:	0.5569 g
	0.0052 km travelled by car
___backprop com 2 Treads_concluida___
___backprop com 4 Treads___
Tempo total: 27251.389 ms
	Time:	0:00:27
	Energy:	0.0010 kWh
	CO2eq:	0.4633 g
	0.0043 km travelled by car
	Time:	0:00:27
	Energy:	0.0010 kWh
	CO2eq:	0.4633 g
	0.0043 km travelled by car
___backprop com 4 Treads_concluida___
___backprop com 6 Treads___
Tempo total: 25707.455 ms
	Time:	0:00:26
	Energy:	0.0009 kWh
	CO2eq:	0.4391 g
	0.0041 km travelled by car
	Time:	0:00:26
	Energy:	0.0009 kWh
	CO2eq:	0.4391 g
	0.0041 km travelled by car
___backprop com 6 Treads_concluida___
___backprop com 8 Treads___
Tempo total: 23720.906 ms
	Time:	0:00:24
	Energy:	0.0008 kWh
	CO2eq:	0.4034 g
	0.0038 km travelled by car
	Time:	0:00:24
	Energy:	0.0008 kWh
	CO2eq:	0.4034 g
	0.0038 km travelled by car
___backprop com 8 Treads_concluida___
___backprop com 10 Treads___
Tempo total: 25172.577 ms
	Time:	0:00:25
	Energy:	0.0009 kWh
	CO2eq:	0.4311 g
	0.0040 km travelled by car
	Time:	0:00:25
	Energy:	0.0009 kWh
	CO2eq:	0.4311 g
	0.0040 km travelled by car
___backprop com 10 Treads_concluida___
___backprop com 12 Treads___
Tempo total: 24417.066 ms
	Time:	0:00:24
	Energy:	0.0009 kWh
	CO2eq:	0.4186 g
	0.0039 km travelled by car
	Time:	0:00:24
	Energy:	0.0009 kWh
	CO2eq:	0.4186 g
	0.0039 km travelled by car
___backprop com 12 Treads_concluida___
___backprop com 14 Treads___
Tempo total: 24219.524 ms
	Time:	0:00:24
	Energy:	0.0009 kWh
	CO2eq:	0.4154 g
	0.0039 km travelled by car
	Time:	0:00:24
	Energy:	0.0009 kWh
	CO2eq:	0.4154 g
	0.0039 km travelled by car
___backprop com 14 Treads_concluida___
___backprop com 16 Treads___
Tempo total: 22537.169 ms
	Time:	0:00:23
	Energy:	0.0008 kWh
	CO2eq:	0.3903 g
	0.0036 km travelled by car
	Time:	0:00:23
	Energy:	0.0008 kWh
	CO2eq:	0.3903 g
	0.0036 km travelled by car
___backprop com 16 Treads_concluida___
___backprop com 18 Treads___
Tempo total: 23421.044 ms
	Time:	0:00:23
	Energy:	0.0008 kWh
	CO2eq:	0.4050 g
	0.0038 km travelled by car
	Time:	0:00:23
	Energy:	0.0008 kWh
	CO2eq:	0.4050 g
	0.0038 km travelled by car
___backprop com 18 Treads_concluida___
___backprop com 20 Treads___
Tempo total: 22982.060 ms
	Time:	0:00:23
	Energy:	0.0008 kWh
	CO2eq:	0.4016 g
	0.0037 km travelled by car
	Time:	0:00:23
	Energy:	0.0008 kWh
	CO2eq:	0.4008 g
	0.0037 km travelled by car
___backprop com 20 Treads_concluida___
___backprop com 22 Treads___
Tempo total: 22645.082 ms
	Time:	0:00:23
	Energy:	0.0008 kWh
	CO2eq:	0.3937 g
	0.0037 km travelled by car
	Time:	0:00:23
	Energy:	0.0008 kWh
	CO2eq:	0.3937 g
	0.0037 km travelled by car
___backprop com 22 Treads_concluida___
___backprop com 24 Treads___
Tempo total: 22717.870 ms
	Time:	0:00:23
	Energy:	0.0008 kWh
	CO2eq:	0.3954 g
	0.0037 km travelled by car
	Time:	0:00:23
	Energy:	0.0008 kWh
	CO2eq:	0.3954 g
	0.0037 km travelled by car
___backprop com 24 Treads_concluida___
___backprop com 26 Treads___
Tempo total: 23008.064 ms
	Time:	0:00:23
	Energy:	0.0008 kWh
	CO2eq:	0.3984 g
	0.0037 km travelled by car
	Time:	0:00:23
	Energy:	0.0008 kWh
	CO2eq:	0.3984 g
	0.0037 km travelled by car
___backprop com 26 Treads_concluida___
___backprop com 28 Treads___
Tempo total: 22814.812 ms
	Time:	0:00:23
	Energy:	0.0008 kWh
	CO2eq:	0.3940 g
	0.0037 km travelled by car
	Time:	0:00:23
	Energy:	0.0008 kWh
	CO2eq:	0.3940 g
	0.0037 km travelled by car
___backprop com 28 Treads_concluida___
___backprop com 30 Treads___
Tempo total: 22714.640 ms
	Time:	0:00:23
	Energy:	0.0008 kWh
	CO2eq:	0.3932 g
	0.0037 km travelled by car
	Time:	0:00:23
	Energy:	0.0008 kWh
	CO2eq:	0.3932 g
	0.0037 km travelled by car
___backprop com 30 Treads_concluida___
___backprop com 32 Treads___
Tempo total: 22612.000 ms
	Time:	0:00:23
	Energy:	0.0008 kWh
	CO2eq:	0.3920 g
	0.0036 km travelled by car
	Time:	0:00:23
	Energy:	0.0008 kWh
	CO2eq:	0.3920 g
	0.0036 km travelled by car
___backprop com 32 Treads_concluida___
___backprop com 34 Treads___
Tempo total: 22785.409 ms
	Time:	0:00:23
	Energy:	0.0008 kWh
	CO2eq:	0.3955 g
	0.0037 km travelled by car
	Time:	0:00:23
	Energy:	0.0008 kWh
	CO2eq:	0.3955 g
	0.0037 km travelled by car
___backprop com 34 Treads_concluida___
___backprop com 36 Treads___
Tempo total: 23030.782 ms
	Time:	0:00:23
	Energy:	0.0008 kWh
	CO2eq:	0.3982 g
	0.0037 km travelled by car
	Time:	0:00:23
	Energy:	0.0008 kWh
	CO2eq:	0.3982 g
	0.0037 km travelled by car
___backprop com 36 Treads_concluida___
___backprop com 38 Treads___
Tempo total: 23031.751 ms
	Time:	0:00:23
	Energy:	0.0008 kWh
	CO2eq:	0.3967 g
	0.0037 km travelled by car
	Time:	0:00:23
	Energy:	0.0008 kWh
	CO2eq:	0.3967 g
	0.0037 km travelled by car
___backprop com 38 Treads_concluida___
___backprop com 40 Treads___
Tempo total: 22785.340 ms
	Time:	0:00:23
	Energy:	0.0008 kWh
	CO2eq:	0.3935 g
	0.0037 km travelled by car
	Time:	0:00:23
	Energy:	0.0008 kWh
	CO2eq:	0.3935 g
	0.0037 km travelled by car
___backprop com 40 Treads_concluida___
___backprop com 42 Treads___
Tempo total: 22930.452 ms
	Time:	0:00:23
	Energy:	0.0008 kWh
	CO2eq:	0.3970 g
	0.0037 km travelled by car
	Time:	0:00:23
	Energy:	0.0008 kWh
	CO2eq:	0.3965 g
	0.0037 km travelled by car
___backprop com 42 Treads_concluida___
___backprop com 44 Treads___
Tempo total: 23093.064 ms
	Time:	0:00:23
	Energy:	0.0008 kWh
	CO2eq:	0.3968 g
	0.0037 km travelled by car
	Time:	0:00:23
	Energy:	0.0008 kWh
	CO2eq:	0.3968 g
	0.0037 km travelled by car
___backprop com 44 Treads_concluida___
___backprop com 46 Treads___
Tempo total: 22970.481 ms
	Time:	0:00:23
	Energy:	0.0008 kWh
	CO2eq:	0.3954 g
	0.0037 km travelled by car
	Time:	0:00:23
	Energy:	0.0008 kWh
	CO2eq:	0.3952 g
	0.0037 km travelled by car
___backprop com 46 Treads_concluida___
___backprop com 48 Treads___
Tempo total: 22706.434 ms
	Time:	0:00:23
	Energy:	0.0008 kWh
	CO2eq:	0.3914 g
	0.0036 km travelled by car
	Time:	0:00:23
	Energy:	0.0008 kWh
	CO2eq:	0.3914 g
	0.0036 km travelled by car
___backprop com 48 Treads_concluida___
___Fim de backprop___:

Start -> cfd
compilando cfd...
rm -f euler3d_cpu
rm -f euler3d_cpu_offload
rm -f euler3d_cpu_double
rm -f pre_euler3d_cpu
rm -f pre_euler3d_cpu_double
g++ -O3 -Dblock_length=8 -fopenmp euler3d_cpu.cpp -o euler3d_cpu
g++ -O3 -Dblock_length=8 -fopenmp euler3d_cpu_double.cpp -o euler3d_cpu_double
g++ -O3 -Dblock_length=8 -fopenmp pre_euler3d_cpu.cpp -o pre_euler3d_cpu
g++ -O3 -Dblock_length=8 -fopenmp pre_euler3d_cpu_double.cpp -o pre_euler3d_cpu_double
icc -g -O3 -DOMP_OFFLOAD -Dblock_length=216 -fopenmp -offload-option,mic,compiler,"-no-opt-prefetch" euler3d_cpu.cpp -o euler3d_cpu_offload
___Executando cfd___:
___cfd com 2 Treads___
Compute time: 116.861
Tempo total: 118191.809 ms
	Time:	0:01:58
	Energy:	0.0041 kWh
	CO2eq:	1.9794 g
	0.0184 km travelled by car
	Time:	0:01:58
	Energy:	0.0041 kWh
	CO2eq:	1.9794 g
	0.0184 km travelled by car
___cfd com 2 Treads_concluida___
___cfd com 4 Treads___
Compute time: 58.7978
Tempo total: 60132.018 ms
	Time:	0:01:00
	Energy:	0.0022 kWh
	CO2eq:	1.0578 g
	0.0098 km travelled by car
	Time:	0:01:00
	Energy:	0.0022 kWh
	CO2eq:	1.0578 g
	0.0098 km travelled by car
___cfd com 4 Treads_concluida___
___cfd com 6 Treads___
Compute time: 39.2813
Tempo total: 40616.724 ms
	Time:	0:00:41
	Energy:	0.0016 kWh
	CO2eq:	0.7490 g
	0.0070 km travelled by car
	Time:	0:00:41
	Energy:	0.0016 kWh
	CO2eq:	0.7490 g
	0.0070 km travelled by car
___cfd com 6 Treads_concluida___
___cfd com 8 Treads___
Compute time: 29.7103
Tempo total: 31040.606 ms
	Time:	0:00:31
	Energy:	0.0012 kWh
	CO2eq:	0.5948 g
	0.0055 km travelled by car
	Time:	0:00:31
	Energy:	0.0012 kWh
	CO2eq:	0.5948 g
	0.0055 km travelled by car
___cfd com 8 Treads_concluida___
___cfd com 10 Treads___
Compute time: 24.257
Tempo total: 25622.306 ms
	Time:	0:00:26
	Energy:	0.0011 kWh
	CO2eq:	0.5158 g
	0.0048 km travelled by car
	Time:	0:00:26
	Energy:	0.0011 kWh
	CO2eq:	0.5158 g
	0.0048 km travelled by car
___cfd com 10 Treads_concluida___
___cfd com 12 Treads___
Compute time: 20.3385
Tempo total: 21667.819 ms
	Time:	0:00:22
	Energy:	0.0009 kWh
	CO2eq:	0.4444 g
	0.0041 km travelled by car
	Time:	0:00:22
	Energy:	0.0009 kWh
	CO2eq:	0.4444 g
	0.0041 km travelled by car
___cfd com 12 Treads_concluida___
___cfd com 14 Treads___
Compute time: 17.3036
Tempo total: 18638.597 ms
	Time:	0:00:19
	Energy:	0.0008 kWh
	CO2eq:	0.3974 g
	0.0037 km travelled by car
	Time:	0:00:19
	Energy:	0.0008 kWh
	CO2eq:	0.3974 g
	0.0037 km travelled by car
___cfd com 14 Treads_concluida___
___cfd com 16 Treads___
Compute time: 15.107
Tempo total: 16459.709 ms
	Time:	0:00:16
	Energy:	0.0008 kWh
	CO2eq:	0.3613 g
	0.0034 km travelled by car
	Time:	0:00:16
	Energy:	0.0008 kWh
	CO2eq:	0.3613 g
	0.0034 km travelled by car
___cfd com 16 Treads_concluida___
___cfd com 18 Treads___
Compute time: 13.4903
Tempo total: 14831.528 ms
	Time:	0:00:15
	Energy:	0.0007 kWh
	CO2eq:	0.3355 g
	0.0031 km travelled by car
	Time:	0:00:15
	Energy:	0.0007 kWh
	CO2eq:	0.3247 g
	0.0030 km travelled by car
___cfd com 18 Treads_concluida___
___cfd com 20 Treads___
Compute time: 12.4337
Tempo total: 13780.887 ms
	Time:	0:00:14
	Energy:	0.0007 kWh
	CO2eq:	0.3173 g
	0.0030 km travelled by car
	Time:	0:00:14
	Energy:	0.0007 kWh
	CO2eq:	0.3173 g
	0.0030 km travelled by car
___cfd com 20 Treads_concluida___
___cfd com 22 Treads___
Compute time: 11.2859
Tempo total: 12622.357 ms
	Time:	0:00:13
	Energy:	0.0006 kWh
	CO2eq:	0.2944 g
	0.0027 km travelled by car
	Time:	0:00:13
	Energy:	0.0006 kWh
	CO2eq:	0.2944 g
	0.0027 km travelled by car
___cfd com 22 Treads_concluida___
___cfd com 24 Treads___
Compute time: 10.2515
Tempo total: 11607.974 ms
	Time:	0:00:12
	Energy:	0.0005 kWh
	CO2eq:	0.2633 g
	0.0024 km travelled by car
	Time:	0:00:12
	Energy:	0.0005 kWh
	CO2eq:	0.2633 g
	0.0024 km travelled by car
___cfd com 24 Treads_concluida___
___cfd com 26 Treads___
Compute time: 9.74216
Tempo total: 11091.591 ms
	Time:	0:00:11
	Energy:	0.0005 kWh
	CO2eq:	0.2545 g
	0.0024 km travelled by car
	Time:	0:00:11
	Energy:	0.0005 kWh
	CO2eq:	0.2545 g
	0.0024 km travelled by car
___cfd com 26 Treads_concluida___
___cfd com 28 Treads___
Compute time: 8.96479
Tempo total: 10321.498 ms
	Time:	0:00:10
	Energy:	0.0005 kWh
	CO2eq:	0.2522 g
	0.0023 km travelled by car
	Time:	0:00:10
	Energy:	0.0005 kWh
	CO2eq:	0.2522 g
	0.0023 km travelled by car
___cfd com 28 Treads_concluida___
___cfd com 30 Treads___
Compute time: 8.40073
Tempo total: 9732.782 ms
	Time:	0:00:10
	Energy:	0.0005 kWh
	CO2eq:	0.2441 g
	0.0023 km travelled by car
	Time:	0:00:10
	Energy:	0.0005 kWh
	CO2eq:	0.2441 g
	0.0023 km travelled by car
___cfd com 30 Treads_concluida___
___cfd com 32 Treads___
Compute time: 7.8134
Tempo total: 9182.886 ms
	Time:	0:00:09
	Energy:	0.0005 kWh
	CO2eq:	0.2265 g
	0.0021 km travelled by car
	Time:	0:00:09
	Energy:	0.0005 kWh
	CO2eq:	0.2265 g
	0.0021 km travelled by car
___cfd com 32 Treads_concluida___
___cfd com 34 Treads___
Compute time: 7.39017
Tempo total: 8724.384 ms
	Time:	0:00:09
	Energy:	0.0005 kWh
	CO2eq:	0.2303 g
	0.0021 km travelled by car
	Time:	0:00:09
	Energy:	0.0005 kWh
	CO2eq:	0.2303 g
	0.0021 km travelled by car
___cfd com 34 Treads_concluida___
___cfd com 36 Treads___
Compute time: 7.14694
Tempo total: 8489.763 ms
	Time:	0:00:08
	Energy:	0.0005 kWh
	CO2eq:	0.2280 g
	0.0021 km travelled by car
	Time:	0:00:08
	Energy:	0.0005 kWh
	CO2eq:	0.2280 g
	0.0021 km travelled by car
___cfd com 36 Treads_concluida___
___cfd com 38 Treads___
Compute time: 7.02782
Tempo total: 8392.073 ms
	Time:	0:00:08
	Energy:	0.0005 kWh
	CO2eq:	0.2298 g
	0.0021 km travelled by car
	Time:	0:00:08
	Energy:	0.0005 kWh
	CO2eq:	0.2298 g
	0.0021 km travelled by car
___cfd com 38 Treads_concluida___
___cfd com 40 Treads___
Compute time: 6.55727
Tempo total: 7890.449 ms
	Time:	0:00:08
	Energy:	0.0005 kWh
	CO2eq:	0.2219 g
	0.0021 km travelled by car
	Time:	0:00:08
	Energy:	0.0005 kWh
	CO2eq:	0.2219 g
	0.0021 km travelled by car
___cfd com 40 Treads_concluida___
___cfd com 42 Treads___
Compute time: 6.28673
Tempo total: 7641.317 ms
	Time:	0:00:08
	Energy:	0.0004 kWh
	CO2eq:	0.2154 g
	0.0020 km travelled by car
	Time:	0:00:08
	Energy:	0.0004 kWh
	CO2eq:	0.2154 g
	0.0020 km travelled by car
___cfd com 42 Treads_concluida___
___cfd com 44 Treads___
Compute time: 6.1441
Tempo total: 7487.025 ms
	Time:	0:00:07
	Energy:	0.0004 kWh
	CO2eq:	0.2099 g
	0.0020 km travelled by car
	Time:	0:00:07
	Energy:	0.0004 kWh
	CO2eq:	0.2099 g
	0.0020 km travelled by car
___cfd com 44 Treads_concluida___
___cfd com 46 Treads___
Compute time: 5.95278
Tempo total: 7304.896 ms
	Time:	0:00:07
	Energy:	0.0004 kWh
	CO2eq:	0.2029 g
	0.0019 km travelled by car
	Time:	0:00:07
	Energy:	0.0004 kWh
	CO2eq:	0.2029 g
	0.0019 km travelled by car
___cfd com 46 Treads_concluida___
___cfd com 48 Treads___
Compute time: 5.69843
Tempo total: 7030.275 ms
	Time:	0:00:07
	Energy:	0.0004 kWh
	CO2eq:	0.1914 g
	0.0018 km travelled by car
	Time:	0:00:07
	Energy:	0.0004 kWh
	CO2eq:	0.1914 g
	0.0018 km travelled by car
___cfd com 48 Treads_concluida___
___Fim de cfd___:

Start -> srad
compilando srad...
cd srad_v1; 	make clean
make[1]: Entering directory '/scratch/acsilveira/rodinia_novos/openmp/srad/srad_v1'
rm *.o srad
make[1]: Leaving directory '/scratch/acsilveira/rodinia_novos/openmp/srad/srad_v1'
cd srad_v2; 	make clean
make[1]: Entering directory '/scratch/acsilveira/rodinia_novos/openmp/srad/srad_v2'
rm -f srad
make[1]: Leaving directory '/scratch/acsilveira/rodinia_novos/openmp/srad/srad_v2'
cd srad_v1; 	make
make[1]: Entering directory '/scratch/acsilveira/rodinia_novos/openmp/srad/srad_v1'
gcc	main.c \
		-c -O3 -fopenmp
gcc	main.o \
		-lm -fopenmp -o srad
make[1]: Leaving directory '/scratch/acsilveira/rodinia_novos/openmp/srad/srad_v1'
cd srad_v2; 	make
make[1]: Entering directory '/scratch/acsilveira/rodinia_novos/openmp/srad/srad_v2'
g++ -g -fopenmp -O2 -lm srad.cpp -o srad 
make[1]: Leaving directory '/scratch/acsilveira/rodinia_novos/openmp/srad/srad_v2'
___Executando srad___:
___srad com 2 Treads___
Tempo total: 89831.593 ms
	Time:	0:01:30
	Energy:	0.0032 kWh
	CO2eq:	1.5232 g
	0.0142 km travelled by car
	Time:	0:01:30
	Energy:	0.0032 kWh
	CO2eq:	1.5232 g
	0.0142 km travelled by car
___srad com 2 Treads_concluida___
___srad com 4 Treads___
Tempo total: 46381.849 ms
	Time:	0:00:46
	Energy:	0.0017 kWh
	CO2eq:	0.8278 g
	0.0077 km travelled by car
	Time:	0:00:46
	Energy:	0.0017 kWh
	CO2eq:	0.8278 g
	0.0077 km travelled by car
___srad com 4 Treads_concluida___
___srad com 6 Treads___
Tempo total: 34581.043 ms
	Time:	0:00:35
	Energy:	0.0013 kWh
	CO2eq:	0.6472 g
	0.0060 km travelled by car
	Time:	0:00:35
	Energy:	0.0013 kWh
	CO2eq:	0.6472 g
	0.0060 km travelled by car
___srad com 6 Treads_concluida___
___srad com 8 Treads___
Tempo total: 28712.098 ms
	Time:	0:00:29
	Energy:	0.0012 kWh
	CO2eq:	0.5557 g
	0.0052 km travelled by car
	Time:	0:00:29
	Energy:	0.0012 kWh
	CO2eq:	0.5557 g
	0.0052 km travelled by car
___srad com 8 Treads_concluida___
___srad com 10 Treads___
Tempo total: 26604.814 ms
	Time:	0:00:27
	Energy:	0.0011 kWh
	CO2eq:	0.5317 g
	0.0049 km travelled by car
	Time:	0:00:27
	Energy:	0.0011 kWh
	CO2eq:	0.5317 g
	0.0049 km travelled by car
___srad com 10 Treads_concluida___
___srad com 12 Treads___
Tempo total: 26219.701 ms
	Time:	0:00:26
	Energy:	0.0011 kWh
	CO2eq:	0.5283 g
	0.0049 km travelled by car
	Time:	0:00:26
	Energy:	0.0011 kWh
	CO2eq:	0.5283 g
	0.0049 km travelled by car
___srad com 12 Treads_concluida___
___srad com 14 Treads___
Tempo total: 26328.962 ms
	Time:	0:00:26
	Energy:	0.0011 kWh
	CO2eq:	0.5386 g
	0.0050 km travelled by car
	Time:	0:00:26
	Energy:	0.0011 kWh
	CO2eq:	0.5386 g
	0.0050 km travelled by car
___srad com 14 Treads_concluida___
___srad com 16 Treads___
Tempo total: 26258.488 ms
	Time:	0:00:26
	Energy:	0.0011 kWh
	CO2eq:	0.5464 g
	0.0051 km travelled by car
	Time:	0:00:26
	Energy:	0.0011 kWh
	CO2eq:	0.5464 g
	0.0051 km travelled by car
___srad com 16 Treads_concluida___
___srad com 18 Treads___
Tempo total: 26411.932 ms
	Time:	0:00:26
	Energy:	0.0012 kWh
	CO2eq:	0.5588 g
	0.0052 km travelled by car
	Time:	0:00:26
	Energy:	0.0012 kWh
	CO2eq:	0.5588 g
	0.0052 km travelled by car
___srad com 18 Treads_concluida___
___srad com 20 Treads___
Tempo total: 26246.847 ms
	Time:	0:00:26
	Energy:	0.0012 kWh
	CO2eq:	0.5610 g
	0.0052 km travelled by car
	Time:	0:00:26
	Energy:	0.0012 kWh
	CO2eq:	0.5610 g
	0.0052 km travelled by car
___srad com 20 Treads_concluida___
___srad com 22 Treads___
Tempo total: 26355.263 ms
	Time:	0:00:26
	Energy:	0.0012 kWh
	CO2eq:	0.5692 g
	0.0053 km travelled by car
	Time:	0:00:26
	Energy:	0.0012 kWh
	CO2eq:	0.5692 g
	0.0053 km travelled by car
___srad com 22 Treads_concluida___
___srad com 24 Treads___
Tempo total: 26238.970 ms
	Time:	0:00:26
	Energy:	0.0012 kWh
	CO2eq:	0.5602 g
	0.0052 km travelled by car
	Time:	0:00:26
	Energy:	0.0012 kWh
	CO2eq:	0.5602 g
	0.0052 km travelled by car
___srad com 24 Treads_concluida___
___srad com 26 Treads___
Tempo total: 24357.199 ms
	Time:	0:00:24
	Energy:	0.0011 kWh
	CO2eq:	0.5315 g
	0.0049 km travelled by car
	Time:	0:00:24
	Energy:	0.0011 kWh
	CO2eq:	0.5315 g
	0.0049 km travelled by car
___srad com 26 Treads_concluida___
___srad com 28 Treads___
Tempo total: 22795.695 ms
	Time:	0:00:23
	Energy:	0.0011 kWh
	CO2eq:	0.5061 g
	0.0047 km travelled by car
	Time:	0:00:23
	Energy:	0.0011 kWh
	CO2eq:	0.5061 g
	0.0047 km travelled by car
___srad com 28 Treads_concluida___
___srad com 30 Treads___
Tempo total: 21111.731 ms
	Time:	0:00:21
	Energy:	0.0010 kWh
	CO2eq:	0.4779 g
	0.0044 km travelled by car
	Time:	0:00:21
	Energy:	0.0010 kWh
	CO2eq:	0.4779 g
	0.0044 km travelled by car
___srad com 30 Treads_concluida___
___srad com 32 Treads___
Tempo total: 19348.148 ms
	Time:	0:00:19
	Energy:	0.0009 kWh
	CO2eq:	0.4479 g
	0.0042 km travelled by car
	Time:	0:00:19
	Energy:	0.0009 kWh
	CO2eq:	0.4479 g
	0.0042 km travelled by car
___srad com 32 Treads_concluida___
___srad com 34 Treads___
Tempo total: 19467.492 ms
	Time:	0:00:19
	Energy:	0.0009 kWh
	CO2eq:	0.4567 g
	0.0042 km travelled by car
	Time:	0:00:19
	Energy:	0.0009 kWh
	CO2eq:	0.4567 g
	0.0042 km travelled by car
___srad com 34 Treads_concluida___
___srad com 36 Treads___
Tempo total: 17964.582 ms
	Time:	0:00:18
	Energy:	0.0009 kWh
	CO2eq:	0.4317 g
	0.0040 km travelled by car
	Time:	0:00:18
	Energy:	0.0009 kWh
	CO2eq:	0.4317 g
	0.0040 km travelled by car
___srad com 36 Treads_concluida___
___srad com 38 Treads___
Tempo total: 16827.014 ms
	Time:	0:00:17
	Energy:	0.0009 kWh
	CO2eq:	0.4157 g
	0.0039 km travelled by car
	Time:	0:00:17
	Energy:	0.0009 kWh
	CO2eq:	0.4157 g
	0.0039 km travelled by car
___srad com 38 Treads_concluida___
___srad com 40 Treads___
Tempo total: 15975.426 ms
	Time:	0:00:16
	Energy:	0.0008 kWh
	CO2eq:	0.4065 g
	0.0038 km travelled by car
	Time:	0:00:16
	Energy:	0.0008 kWh
	CO2eq:	0.4065 g
	0.0038 km travelled by car
___srad com 40 Treads_concluida___
___srad com 42 Treads___
Tempo total: 15213.260 ms
	Time:	0:00:15
	Energy:	0.0008 kWh
	CO2eq:	0.3976 g
	0.0037 km travelled by car
	Time:	0:00:15
	Energy:	0.0008 kWh
	CO2eq:	0.3976 g
	0.0037 km travelled by car
___srad com 42 Treads_concluida___
___srad com 44 Treads___
Tempo total: 14174.141 ms
	Time:	0:00:14
	Energy:	0.0008 kWh
	CO2eq:	0.3760 g
	0.0035 km travelled by car
	Time:	0:00:14
	Energy:	0.0008 kWh
	CO2eq:	0.3760 g
	0.0035 km travelled by car
___srad com 44 Treads_concluida___
___srad com 46 Treads___
Tempo total: 13914.900 ms
	Time:	0:00:14
	Energy:	0.0008 kWh
	CO2eq:	0.3751 g
	0.0035 km travelled by car
	Time:	0:00:14
	Energy:	0.0008 kWh
	CO2eq:	0.3751 g
	0.0035 km travelled by car
___srad com 46 Treads_concluida___
___srad com 48 Treads___
Tempo total: 13802.652 ms
	Time:	0:00:14
	Energy:	0.0008 kWh
	CO2eq:	0.3773 g
	0.0035 km travelled by car
	Time:	0:00:14
	Energy:	0.0008 kWh
	CO2eq:	0.3773 g
	0.0035 km travelled by car
___srad com 48 Treads_concluida___
___Fim de srad___:

