Numero de CPUs logicos (threads): 48
Numero de núcleos fisicos: 12
Start -> kmeans
compilando kmeans...
cd kmeans_serial; make clean
make[1]: Entering directory '/scratch/acsilveira/rodinia_novos/openmp/kmeans/kmeans_serial'
rm -f *.o *~ kmeans 
make[1]: Leaving directory '/scratch/acsilveira/rodinia_novos/openmp/kmeans/kmeans_serial'
cd kmeans_openmp; make clean
make[1]: Entering directory '/scratch/acsilveira/rodinia_novos/openmp/kmeans/kmeans_openmp'
rm -f *.o *~ kmeans 
make[1]: Leaving directory '/scratch/acsilveira/rodinia_novos/openmp/kmeans/kmeans_openmp'
cd kmeans_openmp; make
make[1]: Entering directory '/scratch/acsilveira/rodinia_novos/openmp/kmeans/kmeans_openmp'
gcc -g -fopenmp -O2  cluster.c -c
gcc -g -fopenmp -O2  getopt.c -c
gcc -g -fopenmp -O2  kmeans.c -c
gcc -g -fopenmp -O2  kmeans_clustering.c -c
gcc -g -fopenmp -O2  cluster.o getopt.o kmeans.o kmeans_clustering.o  -o kmeans
make[1]: Leaving directory '/scratch/acsilveira/rodinia_novos/openmp/kmeans/kmeans_openmp'
cd kmeans_serial; make
make[1]: Entering directory '/scratch/acsilveira/rodinia_novos/openmp/kmeans/kmeans_serial'
gcc -g -fopenmp -O2  cluster.c -c
gcc -g -fopenmp -O2  getopt.c -c
gcc -g -fopenmp -O2  kmeans.c -c
gcc -g -fopenmp -O2  kmeans_clustering.c -c
gcc -g -fopenmp -O2  cluster.o getopt.o kmeans.o kmeans_clustering.o  -o kmeans
make[1]: Leaving directory '/scratch/acsilveira/rodinia_novos/openmp/kmeans/kmeans_serial'
___Executando kmeans___:
___kmeans com 2 Treads___
Time for process: 249.554988
Tempo total: 250111.366 ms
	Time:	0:04:10
	Energy:	0.0088 kWh
	CO2eq:	4.2143 g
	0.0392 km travelled by car
	Time:	0:04:10
	Energy:	0.0088 kWh
	CO2eq:	4.2143 g
	0.0392 km travelled by car
___kmeans com 2 Treads_concluida___
___kmeans com 4 Treads___
Time for process: 124.818894
Tempo total: 125376.680 ms
	Time:	0:02:05
	Energy:	0.0046 kWh
	CO2eq:	2.2316 g
	0.0208 km travelled by car
	Time:	0:02:05
	Energy:	0.0046 kWh
	CO2eq:	2.2316 g
	0.0208 km travelled by car
___kmeans com 4 Treads_concluida___
___kmeans com 6 Treads___
Time for process: 83.340159
Tempo total: 83894.338 ms
	Time:	0:01:24
	Energy:	0.0033 kWh
	CO2eq:	1.5685 g
	0.0146 km travelled by car
	Time:	0:01:24
	Energy:	0.0033 kWh
	CO2eq:	1.5685 g
	0.0146 km travelled by car
___kmeans com 6 Treads_concluida___
___kmeans com 8 Treads___
Time for process: 62.540269
Tempo total: 63103.254 ms
	Time:	0:01:03
	Energy:	0.0026 kWh
	CO2eq:	1.2373 g
	0.0115 km travelled by car
	Time:	0:01:03
	Energy:	0.0026 kWh
	CO2eq:	1.2373 g
	0.0115 km travelled by car
___kmeans com 8 Treads_concluida___
___kmeans com 10 Treads___
Time for process: 50.454727
Tempo total: 51008.224 ms
	Time:	0:00:51
	Energy:	0.0022 kWh
	CO2eq:	1.0460 g
	0.0097 km travelled by car
	Time:	0:00:51
	Energy:	0.0022 kWh
	CO2eq:	1.0461 g
	0.0097 km travelled by car
___kmeans com 10 Treads_concluida___
___kmeans com 12 Treads___
Time for process: 42.829219
Tempo total: 43383.614 ms
	Time:	0:00:43
	Energy:	0.0019 kWh
	CO2eq:	0.9213 g
	0.0086 km travelled by car
	Time:	0:00:43
	Energy:	0.0019 kWh
	CO2eq:	0.9213 g
	0.0086 km travelled by car
___kmeans com 12 Treads_concluida___
___kmeans com 14 Treads___
Time for process: 36.693657
Tempo total: 37247.263 ms
	Time:	0:00:37
	Energy:	0.0017 kWh
	CO2eq:	0.8202 g
	0.0076 km travelled by car
	Time:	0:00:37
	Energy:	0.0017 kWh
	CO2eq:	0.8202 g
	0.0076 km travelled by car
___kmeans com 14 Treads_concluida___
___kmeans com 16 Treads___
Time for process: 32.123844
Tempo total: 32677.198 ms
	Time:	0:00:33
	Energy:	0.0015 kWh
	CO2eq:	0.7335 g
	0.0068 km travelled by car
	Time:	0:00:33
	Energy:	0.0015 kWh
	CO2eq:	0.7335 g
	0.0068 km travelled by car
___kmeans com 16 Treads_concluida___
___kmeans com 18 Treads___
Time for process: 28.727133
Tempo total: 29280.996 ms
	Time:	0:00:29
	Energy:	0.0014 kWh
	CO2eq:	0.6836 g
	0.0064 km travelled by car
	Time:	0:00:29
	Energy:	0.0014 kWh
	CO2eq:	0.6836 g
	0.0064 km travelled by car
___kmeans com 18 Treads_concluida___
___kmeans com 20 Treads___
Time for process: 26.450288
Tempo total: 27005.036 ms
	Time:	0:00:27
	Energy:	0.0013 kWh
	CO2eq:	0.6334 g
	0.0059 km travelled by car
	Time:	0:00:27
	Energy:	0.0013 kWh
	CO2eq:	0.6337 g
	0.0059 km travelled by car
___kmeans com 20 Treads_concluida___
___kmeans com 22 Treads___
Time for process: 24.165829
Tempo total: 24719.373 ms
	Time:	0:00:25
	Energy:	0.0012 kWh
	CO2eq:	0.5756 g
	0.0054 km travelled by car
	Time:	0:00:25
	Energy:	0.0012 kWh
	CO2eq:	0.5756 g
	0.0054 km travelled by car
___kmeans com 22 Treads_concluida___
___kmeans com 24 Treads___
Time for process: 22.348183
Tempo total: 22919.545 ms
	Time:	0:00:23
	Energy:	0.0011 kWh
	CO2eq:	0.5270 g
	0.0049 km travelled by car
	Time:	0:00:23
	Energy:	0.0011 kWh
	CO2eq:	0.5262 g
	0.0049 km travelled by car
___kmeans com 24 Treads_concluida___
___kmeans com 26 Treads___
Time for process: 20.826591
Tempo total: 21381.247 ms
	Time:	0:00:21
	Energy:	0.0011 kWh
	CO2eq:	0.5150 g
	0.0048 km travelled by car
	Time:	0:00:21
	Energy:	0.0011 kWh
	CO2eq:	0.5150 g
	0.0048 km travelled by car
___kmeans com 26 Treads_concluida___
___kmeans com 28 Treads___
Time for process: 19.180360
Tempo total: 19742.672 ms
	Time:	0:00:20
	Energy:	0.0010 kWh
	CO2eq:	0.4911 g
	0.0046 km travelled by car
	Time:	0:00:20
	Energy:	0.0010 kWh
	CO2eq:	0.4911 g
	0.0046 km travelled by car
___kmeans com 28 Treads_concluida___
___kmeans com 30 Treads___
Time for process: 18.070973
Tempo total: 18627.152 ms
	Time:	0:00:19
	Energy:	0.0010 kWh
	CO2eq:	0.4776 g
	0.0044 km travelled by car
	Time:	0:00:19
	Energy:	0.0010 kWh
	CO2eq:	0.4776 g
	0.0044 km travelled by car
___kmeans com 30 Treads_concluida___
___kmeans com 32 Treads___
Time for process: 16.796789
Tempo total: 17351.298 ms
	Time:	0:00:17
	Energy:	0.0010 kWh
	CO2eq:	0.4602 g
	0.0043 km travelled by car
	Time:	0:00:17
	Energy:	0.0010 kWh
	CO2eq:	0.4602 g
	0.0043 km travelled by car
___kmeans com 32 Treads_concluida___
___kmeans com 34 Treads___
Time for process: 15.991710
Tempo total: 16545.803 ms
	Time:	0:00:17
	Energy:	0.0009 kWh
	CO2eq:	0.4514 g
	0.0042 km travelled by car
	Time:	0:00:17
	Energy:	0.0009 kWh
	CO2eq:	0.4514 g
	0.0042 km travelled by car
___kmeans com 34 Treads_concluida___
___kmeans com 36 Treads___
Time for process: 14.948221
Tempo total: 15505.501 ms
	Time:	0:00:16
	Energy:	0.0009 kWh
	CO2eq:	0.4339 g
	0.0040 km travelled by car
	Time:	0:00:16
	Energy:	0.0009 kWh
	CO2eq:	0.4339 g
	0.0040 km travelled by car
___kmeans com 36 Treads_concluida___
___kmeans com 38 Treads___
Time for process: 14.307956
Tempo total: 14862.813 ms
	Time:	0:00:15
	Energy:	0.0009 kWh
	CO2eq:	0.4253 g
	0.0040 km travelled by car
	Time:	0:00:15
	Energy:	0.0009 kWh
	CO2eq:	0.4235 g
	0.0039 km travelled by car
___kmeans com 38 Treads_concluida___
___kmeans com 40 Treads___
Time for process: 13.430177
Tempo total: 13988.845 ms
	Time:	0:00:14
	Energy:	0.0009 kWh
	CO2eq:	0.4107 g
	0.0038 km travelled by car
	Time:	0:00:14
	Energy:	0.0009 kWh
	CO2eq:	0.4107 g
	0.0038 km travelled by car
___kmeans com 40 Treads_concluida___
___kmeans com 42 Treads___
Time for process: 13.021113
Tempo total: 13581.441 ms
	Time:	0:00:14
	Energy:	0.0009 kWh
	CO2eq:	0.4089 g
	0.0038 km travelled by car
	Time:	0:00:14
	Energy:	0.0009 kWh
	CO2eq:	0.4089 g
	0.0038 km travelled by car
___kmeans com 42 Treads_concluida___
___kmeans com 44 Treads___
Time for process: 12.221237
Tempo total: 12778.449 ms
	Time:	0:00:13
	Energy:	0.0008 kWh
	CO2eq:	0.3891 g
	0.0036 km travelled by car
	Time:	0:00:13
	Energy:	0.0008 kWh
	CO2eq:	0.3891 g
	0.0036 km travelled by car
___kmeans com 44 Treads_concluida___
___kmeans com 46 Treads___
Time for process: 11.926741
Tempo total: 12486.524 ms
	Time:	0:00:12
	Energy:	0.0008 kWh
	CO2eq:	0.3820 g
	0.0036 km travelled by car
	Time:	0:00:12
	Energy:	0.0008 kWh
	CO2eq:	0.3820 g
	0.0036 km travelled by car
___kmeans com 46 Treads_concluida___
___kmeans com 48 Treads___
Time for process: 11.202009
Tempo total: 11759.902 ms
	Time:	0:00:12
	Energy:	0.0007 kWh
	CO2eq:	0.3600 g
	0.0033 km travelled by car
	Time:	0:00:12
	Energy:	0.0007 kWh
	CO2eq:	0.3600 g
	0.0033 km travelled by car
___kmeans com 48 Treads_concluida___
___Fim de kmeans___:

Start -> leukocyte
compilando leukocyte...
cd OpenMP; make clean
make[1]: Entering directory '/scratch/acsilveira/rodinia_novos/openmp/leukocyte/OpenMP'
rm -f *.o leukocyte
make[1]: Leaving directory '/scratch/acsilveira/rodinia_novos/openmp/leukocyte/OpenMP'
rm -f meschach_lib/meschach.a
cd OpenMP; make
make[1]: Entering directory '/scratch/acsilveira/rodinia_novos/openmp/leukocyte/OpenMP'
gcc  -g -O3 -Wall -fopenmp -I../meschach_lib detect_main.c -c
gcc  -g -O3 -Wall -fopenmp -I../meschach_lib avilib.c -c
gcc  -g -O3 -Wall -fopenmp -I../meschach_lib find_ellipse.c -c
gcc  -g -O3 -Wall -fopenmp -I../meschach_lib track_ellipse.c -c
gcc  -g -O3 -Wall -fopenmp -I../meschach_lib misc_math.c -c
cd ../meschach_lib; ./configure --with-all; make all; make clean
make[2]: Entering directory '/scratch/acsilveira/rodinia_novos/openmp/leukocyte/meschach_lib'
cc -c -O -DHAVE_CONFIG_H copy.c
cc -c -O -DHAVE_CONFIG_H err.c
cc -c -O -DHAVE_CONFIG_H matrixio.c
cc -c -O -DHAVE_CONFIG_H memory.c
cc -c -O -DHAVE_CONFIG_H vecop.c
cc -c -O -DHAVE_CONFIG_H matop.c
cc -c -O -DHAVE_CONFIG_H pxop.c
cc -c -O -DHAVE_CONFIG_H submat.c
cc -c -O -DHAVE_CONFIG_H init.c
cc -c -O -DHAVE_CONFIG_H otherio.c
cc -c -O -DHAVE_CONFIG_H machine.c
cc -c -O -DHAVE_CONFIG_H matlab.c
cc -c -O -DHAVE_CONFIG_H ivecop.c
cc -c -O -DHAVE_CONFIG_H version.c
cc -c -O -DHAVE_CONFIG_H meminfo.c
cc -c -O -DHAVE_CONFIG_H memstat.c
ar ru meschach.a copy.o err.o matrixio.o memory.o vecop.o matop.o pxop.o submat.o init.o otherio.o machine.o matlab.o ivecop.o version.o meminfo.o memstat.o; ranlib meschach.a
cc -c -O -DHAVE_CONFIG_H lufactor.c
cc -c -O -DHAVE_CONFIG_H bkpfacto.c
cc -c -O -DHAVE_CONFIG_H chfactor.c
cc -c -O -DHAVE_CONFIG_H qrfactor.c
cc -c -O -DHAVE_CONFIG_H solve.c
cc -c -O -DHAVE_CONFIG_H hsehldr.c
cc -c -O -DHAVE_CONFIG_H givens.c
cc -c -O -DHAVE_CONFIG_H update.c
cc -c -O -DHAVE_CONFIG_H norm.c
cc -c -O -DHAVE_CONFIG_H hessen.c
cc -c -O -DHAVE_CONFIG_H symmeig.c
cc -c -O -DHAVE_CONFIG_H schur.c
cc -c -O -DHAVE_CONFIG_H svd.c
cc -c -O -DHAVE_CONFIG_H fft.c
cc -c -O -DHAVE_CONFIG_H mfunc.c
cc -c -O -DHAVE_CONFIG_H bdfactor.c
ar ru meschach.a lufactor.o bkpfacto.o chfactor.o qrfactor.o solve.o hsehldr.o givens.o update.o norm.o hessen.o symmeig.o schur.o svd.o fft.o mfunc.o bdfactor.o; ranlib meschach.a
cc -c -O -DHAVE_CONFIG_H sparse.c
cc -c -O -DHAVE_CONFIG_H sprow.c
cc -c -O -DHAVE_CONFIG_H sparseio.c
cc -c -O -DHAVE_CONFIG_H spchfctr.c
cc -c -O -DHAVE_CONFIG_H splufctr.c
cc -c -O -DHAVE_CONFIG_H spbkp.c
cc -c -O -DHAVE_CONFIG_H spswap.c
cc -c -O -DHAVE_CONFIG_H iter0.c
cc -c -O -DHAVE_CONFIG_H itersym.c
cc -c -O -DHAVE_CONFIG_H iternsym.c
ar ru meschach.a sparse.o sprow.o sparseio.o spchfctr.o splufctr.o spbkp.o spswap.o iter0.o itersym.o iternsym.o; ranlib meschach.a
cc -c -O -DHAVE_CONFIG_H zmachine.c
cc -c -O -DHAVE_CONFIG_H zcopy.c
cc -c -O -DHAVE_CONFIG_H zmatio.c
cc -c -O -DHAVE_CONFIG_H zmemory.c
cc -c -O -DHAVE_CONFIG_H zvecop.c
cc -c -O -DHAVE_CONFIG_H zmatop.c
cc -c -O -DHAVE_CONFIG_H znorm.c
cc -c -O -DHAVE_CONFIG_H zfunc.c
ar ru meschach.a zmachine.o zcopy.o zmatio.o zmemory.o zvecop.o zmatop.o znorm.o zfunc.o ; ranlib meschach.a
cc -c -O -DHAVE_CONFIG_H zlufctr.c
cc -c -O -DHAVE_CONFIG_H zsolve.c
cc -c -O -DHAVE_CONFIG_H zmatlab.c
cc -c -O -DHAVE_CONFIG_H zhsehldr.c
cc -c -O -DHAVE_CONFIG_H zqrfctr.c
cc -c -O -DHAVE_CONFIG_H zgivens.c
cc -c -O -DHAVE_CONFIG_H zhessen.c
cc -c -O -DHAVE_CONFIG_H zschur.c
ar ru meschach.a zlufctr.o zsolve.o zmatlab.o zhsehldr.o zqrfctr.o zgivens.o  zhessen.o zschur.o; ranlib meschach.a
make[2]: Leaving directory '/scratch/acsilveira/rodinia_novos/openmp/leukocyte/meschach_lib'
make[2]: Entering directory '/scratch/acsilveira/rodinia_novos/openmp/leukocyte/meschach_lib'
/bin/rm -f *.o core asx5213a.mat iotort.dat 
make[2]: Leaving directory '/scratch/acsilveira/rodinia_novos/openmp/leukocyte/meschach_lib'
gcc -g -O3 -Wall -fopenmp -I../meschach_lib -lm avilib.o find_ellipse.o track_ellipse.o misc_math.o detect_main.o -o leukocyte -lm ../meschach_lib/meschach.a -lpthread
make[1]: Leaving directory '/scratch/acsilveira/rodinia_novos/openmp/leukocyte/OpenMP'
___Executando leukocyte___:
___leukocyte com 2 Treads___
Total application run time: 617.96124 seconds
	Time:	0:10:18
	Energy:	0.0218 kWh
	CO2eq:	10.4770 g
	0.0975 km travelled by car
	Time:	0:10:18
	Energy:	0.0218 kWh
	CO2eq:	10.4770 g
	0.0975 km travelled by car
___leukocyte com 2 Treads_concluida___
___leukocyte com 4 Treads___
Total application run time: 326.88748 seconds
	Time:	0:05:27
	Energy:	0.0121 kWh
	CO2eq:	5.8231 g
	0.0542 km travelled by car
	Time:	0:05:27
	Energy:	0.0121 kWh
	CO2eq:	5.8225 g
	0.0542 km travelled by car
___leukocyte com 4 Treads_concluida___
___leukocyte com 6 Treads___
Total application run time: 219.66272 seconds
	Time:	0:03:40
	Energy:	0.0086 kWh
	CO2eq:	4.1506 g
	0.0386 km travelled by car
	Time:	0:03:40
	Energy:	0.0086 kWh
	CO2eq:	4.1506 g
	0.0386 km travelled by car
___leukocyte com 6 Treads_concluida___
___leukocyte com 8 Treads___
Total application run time: 188.03973 seconds
	Time:	0:03:08
	Energy:	0.0076 kWh
	CO2eq:	3.6597 g
	0.0340 km travelled by car
	Time:	0:03:08
	Energy:	0.0076 kWh
	CO2eq:	3.6597 g
	0.0340 km travelled by car
___leukocyte com 8 Treads_concluida___
___leukocyte com 10 Treads___
Total application run time: 154.44481 seconds
	Time:	0:02:35
	Energy:	0.0065 kWh
	CO2eq:	3.1462 g
	0.0293 km travelled by car
	Time:	0:02:35
	Energy:	0.0065 kWh
	CO2eq:	3.1462 g
	0.0293 km travelled by car
___leukocyte com 10 Treads_concluida___
___leukocyte com 12 Treads___
Total application run time: 116.96773 seconds
	Time:	0:01:57
	Energy:	0.0053 kWh
	CO2eq:	2.5398 g
	0.0236 km travelled by car
	Time:	0:01:57
	Energy:	0.0053 kWh
	CO2eq:	2.5398 g
	0.0236 km travelled by car
___leukocyte com 12 Treads_concluida___
___leukocyte com 14 Treads___
Total application run time: 115.37627 seconds
	Time:	0:01:55
	Energy:	0.0053 kWh
	CO2eq:	2.5269 g
	0.0235 km travelled by car
	Time:	0:01:55
	Energy:	0.0053 kWh
	CO2eq:	2.5269 g
	0.0235 km travelled by car
___leukocyte com 14 Treads_concluida___
___leukocyte com 16 Treads___
Total application run time: 114.37051 seconds
	Time:	0:01:54
	Energy:	0.0052 kWh
	CO2eq:	2.5013 g
	0.0233 km travelled by car
	Time:	0:01:54
	Energy:	0.0052 kWh
	CO2eq:	2.5013 g
	0.0233 km travelled by car
___leukocyte com 16 Treads_concluida___
___leukocyte com 18 Treads___
Total application run time: 81.02260 seconds
	Time:	0:01:21
	Energy:	0.0040 kWh
	CO2eq:	1.9315 g
	0.0180 km travelled by car
	Time:	0:01:21
	Energy:	0.0040 kWh
	CO2eq:	1.9315 g
	0.0180 km travelled by car
___leukocyte com 18 Treads_concluida___
___leukocyte com 20 Treads___
Total application run time: 81.40298 seconds
	Time:	0:01:21
	Energy:	0.0040 kWh
	CO2eq:	1.9437 g
	0.0181 km travelled by car
	Time:	0:01:21
	Energy:	0.0040 kWh
	CO2eq:	1.9437 g
	0.0181 km travelled by car
___leukocyte com 20 Treads_concluida___
___leukocyte com 22 Treads___
Total application run time: 81.23217 seconds
	Time:	0:01:21
	Energy:	0.0040 kWh
	CO2eq:	1.9044 g
	0.0177 km travelled by car
	Time:	0:01:21
	Energy:	0.0040 kWh
	CO2eq:	1.9044 g
	0.0177 km travelled by car
___leukocyte com 22 Treads_concluida___
___leukocyte com 24 Treads___
Total application run time: 81.43995 seconds
	Time:	0:01:22
	Energy:	0.0039 kWh
	CO2eq:	1.8964 g
	0.0176 km travelled by car
	Time:	0:01:22
	Energy:	0.0039 kWh
	CO2eq:	1.8964 g
	0.0176 km travelled by car
___leukocyte com 24 Treads_concluida___
___leukocyte com 26 Treads___
Total application run time: 80.95303 seconds
	Time:	0:01:21
	Energy:	0.0040 kWh
	CO2eq:	1.9002 g
	0.0177 km travelled by car
	Time:	0:01:21
	Energy:	0.0040 kWh
	CO2eq:	1.9002 g
	0.0177 km travelled by car
___leukocyte com 26 Treads_concluida___
___leukocyte com 28 Treads___
Total application run time: 80.58604 seconds
	Time:	0:01:21
	Energy:	0.0039 kWh
	CO2eq:	1.8901 g
	0.0176 km travelled by car
	Time:	0:01:21
	Energy:	0.0039 kWh
	CO2eq:	1.8901 g
	0.0176 km travelled by car
___leukocyte com 28 Treads_concluida___
___leukocyte com 30 Treads___
Total application run time: 78.83208 seconds
	Time:	0:01:19
	Energy:	0.0039 kWh
	CO2eq:	1.8632 g
	0.0173 km travelled by car
	Time:	0:01:19
	Energy:	0.0039 kWh
	CO2eq:	1.8601 g
	0.0173 km travelled by car
___leukocyte com 30 Treads_concluida___
___leukocyte com 32 Treads___
Total application run time: 78.32349 seconds
	Time:	0:01:18
	Energy:	0.0039 kWh
	CO2eq:	1.8590 g
	0.0173 km travelled by car
	Time:	0:01:18
	Energy:	0.0039 kWh
	CO2eq:	1.8590 g
	0.0173 km travelled by car
___leukocyte com 32 Treads_concluida___
___leukocyte com 34 Treads___
Total application run time: 76.48332 seconds
	Time:	0:01:17
	Energy:	0.0038 kWh
	CO2eq:	1.8245 g
	0.0170 km travelled by car
	Time:	0:01:17
	Energy:	0.0038 kWh
	CO2eq:	1.8245 g
	0.0170 km travelled by car
___leukocyte com 34 Treads_concluida___
___leukocyte com 36 Treads___
Total application run time: 46.61840 seconds
	Time:	0:00:47
	Energy:	0.0028 kWh
	CO2eq:	1.3242 g
	0.0123 km travelled by car
	Time:	0:00:47
	Energy:	0.0028 kWh
	CO2eq:	1.3242 g
	0.0123 km travelled by car
___leukocyte com 36 Treads_concluida___
___leukocyte com 38 Treads___
Total application run time: 46.63560 seconds
	Time:	0:00:47
	Energy:	0.0028 kWh
	CO2eq:	1.3279 g
	0.0124 km travelled by car
	Time:	0:00:47
	Energy:	0.0028 kWh
	CO2eq:	1.3279 g
	0.0124 km travelled by car
___leukocyte com 38 Treads_concluida___
___leukocyte com 40 Treads___
Total application run time: 46.64559 seconds
	Time:	0:00:47
	Energy:	0.0028 kWh
	CO2eq:	1.3298 g
	0.0124 km travelled by car
	Time:	0:00:47
	Energy:	0.0028 kWh
	CO2eq:	1.3298 g
	0.0124 km travelled by car
___leukocyte com 40 Treads_concluida___
___leukocyte com 42 Treads___
Total application run time: 46.63280 seconds
	Time:	0:00:47
	Energy:	0.0028 kWh
	CO2eq:	1.3318 g
	0.0124 km travelled by car
	Time:	0:00:47
	Energy:	0.0028 kWh
	CO2eq:	1.3318 g
	0.0124 km travelled by car
___leukocyte com 42 Treads_concluida___
___leukocyte com 44 Treads___
Total application run time: 46.69542 seconds
	Time:	0:00:47
	Energy:	0.0028 kWh
	CO2eq:	1.3342 g
	0.0124 km travelled by car
	Time:	0:00:47
	Energy:	0.0028 kWh
	CO2eq:	1.3342 g
	0.0124 km travelled by car
___leukocyte com 44 Treads_concluida___
___leukocyte com 46 Treads___
Total application run time: 46.69003 seconds
	Time:	0:00:47
	Energy:	0.0028 kWh
	CO2eq:	1.3364 g
	0.0124 km travelled by car
	Time:	0:00:47
	Energy:	0.0028 kWh
	CO2eq:	1.3364 g
	0.0124 km travelled by car
___leukocyte com 46 Treads_concluida___
___leukocyte com 48 Treads___
Total application run time: 46.89810 seconds
	Time:	0:00:47
	Energy:	0.0028 kWh
	CO2eq:	1.3447 g
	0.0125 km travelled by car
	Time:	0:00:47
	Energy:	0.0028 kWh
	CO2eq:	1.3426 g
	0.0125 km travelled by car
___leukocyte com 48 Treads_concluida___
___Fim de leukocyte___:

Start -> backprop
compilando backprop...
rm -f *.o *~ backprop backprop_cuda.linkinfo
gcc -g -fopenmp  -O2 backprop.c -c
gcc -g -fopenmp  -O2 facetrain.c -c
gcc -g -fopenmp  -O2 imagenet.c -c
gcc -g -fopenmp  -O2 backprop_kernel.c -c
gcc -g -fopenmp  -O2 backprop.o facetrain.o imagenet.o backprop_kernel.o -o backprop -lm
___Executando backprop___:
___backprop com 2 Treads___
Tempo total: 32592.996 ms
	Time:	0:00:33
	Energy:	0.0012 kWh
	CO2eq:	0.5550 g
	0.0052 km travelled by car
	Time:	0:00:33
	Energy:	0.0012 kWh
	CO2eq:	0.5550 g
	0.0052 km travelled by car
___backprop com 2 Treads_concluida___
___backprop com 4 Treads___
Tempo total: 28038.563 ms
	Time:	0:00:28
	Energy:	0.0010 kWh
	CO2eq:	0.4793 g
	0.0045 km travelled by car
	Time:	0:00:28
	Energy:	0.0010 kWh
	CO2eq:	0.4793 g
	0.0045 km travelled by car
___backprop com 4 Treads_concluida___
___backprop com 6 Treads___
Tempo total: 25706.823 ms
	Time:	0:00:26
	Energy:	0.0008 kWh
	CO2eq:	0.4018 g
	0.0037 km travelled by car
	Time:	0:00:26
	Energy:	0.0008 kWh
	CO2eq:	0.4018 g
	0.0037 km travelled by car
___backprop com 6 Treads_concluida___
___backprop com 8 Treads___
Tempo total: 23847.922 ms
	Time:	0:00:24
	Energy:	0.0008 kWh
	CO2eq:	0.4079 g
	0.0038 km travelled by car
	Time:	0:00:24
	Energy:	0.0008 kWh
	CO2eq:	0.4079 g
	0.0038 km travelled by car
___backprop com 8 Treads_concluida___
___backprop com 10 Treads___
Tempo total: 25687.692 ms
	Time:	0:00:26
	Energy:	0.0009 kWh
	CO2eq:	0.4396 g
	0.0041 km travelled by car
	Time:	0:00:26
	Energy:	0.0009 kWh
	CO2eq:	0.4396 g
	0.0041 km travelled by car
___backprop com 10 Treads_concluida___
___backprop com 12 Treads___
Tempo total: 24508.473 ms
	Time:	0:00:25
	Energy:	0.0009 kWh
	CO2eq:	0.4200 g
	0.0039 km travelled by car
	Time:	0:00:25
	Energy:	0.0009 kWh
	CO2eq:	0.4200 g
	0.0039 km travelled by car
___backprop com 12 Treads_concluida___
___backprop com 14 Treads___
Tempo total: 24201.287 ms
	Time:	0:00:24
	Energy:	0.0009 kWh
	CO2eq:	0.4159 g
	0.0039 km travelled by car
	Time:	0:00:24
	Energy:	0.0009 kWh
	CO2eq:	0.4159 g
	0.0039 km travelled by car
___backprop com 14 Treads_concluida___
___backprop com 16 Treads___
Tempo total: 22831.379 ms
	Time:	0:00:23
	Energy:	0.0008 kWh
	CO2eq:	0.3949 g
	0.0037 km travelled by car
	Time:	0:00:23
	Energy:	0.0008 kWh
	CO2eq:	0.3934 g
	0.0037 km travelled by car
___backprop com 16 Treads_concluida___
___backprop com 18 Treads___
Tempo total: 22565.055 ms
	Time:	0:00:23
	Energy:	0.0008 kWh
	CO2eq:	0.3889 g
	0.0036 km travelled by car
	Time:	0:00:23
	Energy:	0.0008 kWh
	CO2eq:	0.3889 g
	0.0036 km travelled by car
___backprop com 18 Treads_concluida___
___backprop com 20 Treads___
Tempo total: 22908.686 ms
	Time:	0:00:23
	Energy:	0.0008 kWh
	CO2eq:	0.3985 g
	0.0037 km travelled by car
	Time:	0:00:23
	Energy:	0.0008 kWh
	CO2eq:	0.3979 g
	0.0037 km travelled by car
___backprop com 20 Treads_concluida___
___backprop com 22 Treads___
Tempo total: 22964.553 ms
	Time:	0:00:23
	Energy:	0.0008 kWh
	CO2eq:	0.3991 g
	0.0037 km travelled by car
	Time:	0:00:23
	Energy:	0.0008 kWh
	CO2eq:	0.3987 g
	0.0037 km travelled by car
___backprop com 22 Treads_concluida___
___backprop com 24 Treads___
Tempo total: 22758.981 ms
	Time:	0:00:23
	Energy:	0.0008 kWh
	CO2eq:	0.3931 g
	0.0037 km travelled by car
	Time:	0:00:23
	Energy:	0.0008 kWh
	CO2eq:	0.3931 g
	0.0037 km travelled by car
___backprop com 24 Treads_concluida___
___backprop com 26 Treads___
Tempo total: 22611.147 ms
	Time:	0:00:23
	Energy:	0.0008 kWh
	CO2eq:	0.3919 g
	0.0036 km travelled by car
	Time:	0:00:23
	Energy:	0.0008 kWh
	CO2eq:	0.3919 g
	0.0036 km travelled by car
___backprop com 26 Treads_concluida___
___backprop com 28 Treads___
Tempo total: 22956.150 ms
	Time:	0:00:23
	Energy:	0.0008 kWh
	CO2eq:	0.3967 g
	0.0037 km travelled by car
	Time:	0:00:23
	Energy:	0.0008 kWh
	CO2eq:	0.3961 g
	0.0037 km travelled by car
___backprop com 28 Treads_concluida___
___backprop com 30 Treads___
Tempo total: 22872.380 ms
	Time:	0:00:23
	Energy:	0.0008 kWh
	CO2eq:	0.3974 g
	0.0037 km travelled by car
	Time:	0:00:23
	Energy:	0.0008 kWh
	CO2eq:	0.3956 g
	0.0037 km travelled by car
___backprop com 30 Treads_concluida___
___backprop com 32 Treads___
Tempo total: 22743.719 ms
	Time:	0:00:23
	Energy:	0.0008 kWh
	CO2eq:	0.3936 g
	0.0037 km travelled by car
	Time:	0:00:23
	Energy:	0.0008 kWh
	CO2eq:	0.3936 g
	0.0037 km travelled by car
___backprop com 32 Treads_concluida___
___backprop com 34 Treads___
Tempo total: 22781.812 ms
	Time:	0:00:23
	Energy:	0.0008 kWh
	CO2eq:	0.3942 g
	0.0037 km travelled by car
	Time:	0:00:23
	Energy:	0.0008 kWh
	CO2eq:	0.3942 g
	0.0037 km travelled by car
___backprop com 34 Treads_concluida___
___backprop com 36 Treads___
Tempo total: 22814.860 ms
	Time:	0:00:23
	Energy:	0.0008 kWh
	CO2eq:	0.3942 g
	0.0037 km travelled by car
	Time:	0:00:23
	Energy:	0.0008 kWh
	CO2eq:	0.3942 g
	0.0037 km travelled by car
___backprop com 36 Treads_concluida___
___backprop com 38 Treads___
Tempo total: 22905.790 ms
	Time:	0:00:23
	Energy:	0.0008 kWh
	CO2eq:	0.3962 g
	0.0037 km travelled by car
	Time:	0:00:23
	Energy:	0.0008 kWh
	CO2eq:	0.3959 g
	0.0037 km travelled by car
___backprop com 38 Treads_concluida___
___backprop com 40 Treads___
Tempo total: 22851.565 ms
	Time:	0:00:23
	Energy:	0.0008 kWh
	CO2eq:	0.3962 g
	0.0037 km travelled by car
	Time:	0:00:23
	Energy:	0.0008 kWh
	CO2eq:	0.3952 g
	0.0037 km travelled by car
___backprop com 40 Treads_concluida___
___backprop com 42 Treads___
Tempo total: 22982.326 ms
	Time:	0:00:23
	Energy:	0.0008 kWh
	CO2eq:	0.3980 g
	0.0037 km travelled by car
	Time:	0:00:23
	Energy:	0.0008 kWh
	CO2eq:	0.3977 g
	0.0037 km travelled by car
___backprop com 42 Treads_concluida___
___backprop com 44 Treads___
Tempo total: 23134.889 ms
	Time:	0:00:23
	Energy:	0.0008 kWh
	CO2eq:	0.3988 g
	0.0037 km travelled by car
	Time:	0:00:23
	Energy:	0.0008 kWh
	CO2eq:	0.3988 g
	0.0037 km travelled by car
___backprop com 44 Treads_concluida___
___backprop com 46 Treads___
Tempo total: 22969.060 ms
	Time:	0:00:23
	Energy:	0.0008 kWh
	CO2eq:	0.3957 g
	0.0037 km travelled by car
	Time:	0:00:23
	Energy:	0.0008 kWh
	CO2eq:	0.3956 g
	0.0037 km travelled by car
___backprop com 46 Treads_concluida___
___backprop com 48 Treads___
Tempo total: 22915.919 ms
	Time:	0:00:23
	Energy:	0.0008 kWh
	CO2eq:	0.3964 g
	0.0037 km travelled by car
	Time:	0:00:23
	Energy:	0.0008 kWh
	CO2eq:	0.3958 g
	0.0037 km travelled by car
___backprop com 48 Treads_concluida___
___Fim de backprop___:

Start -> cfd
compilando cfd...
rm -f euler3d_cpu
rm -f euler3d_cpu_offload
rm -f euler3d_cpu_double
rm -f pre_euler3d_cpu
rm -f pre_euler3d_cpu_double
g++ -O3 -Dblock_length=8 -fopenmp euler3d_cpu.cpp -o euler3d_cpu
g++ -O3 -Dblock_length=8 -fopenmp euler3d_cpu_double.cpp -o euler3d_cpu_double
g++ -O3 -Dblock_length=8 -fopenmp pre_euler3d_cpu.cpp -o pre_euler3d_cpu
g++ -O3 -Dblock_length=8 -fopenmp pre_euler3d_cpu_double.cpp -o pre_euler3d_cpu_double
icc -g -O3 -DOMP_OFFLOAD -Dblock_length=216 -fopenmp -offload-option,mic,compiler,"-no-opt-prefetch" euler3d_cpu.cpp -o euler3d_cpu_offload
___Executando cfd___:
___cfd com 2 Treads___
Compute time: 116.496
Tempo total: 117825.153 ms
	Time:	0:01:58
	Energy:	0.0041 kWh
	CO2eq:	1.9847 g
	0.0185 km travelled by car
	Time:	0:01:58
	Energy:	0.0041 kWh
	CO2eq:	1.9847 g
	0.0185 km travelled by car
___cfd com 2 Treads_concluida___
___cfd com 4 Treads___
Compute time: 59.0718
Tempo total: 60404.844 ms
	Time:	0:01:00
	Energy:	0.0022 kWh
	CO2eq:	1.0687 g
	0.0099 km travelled by car
	Time:	0:01:00
	Energy:	0.0022 kWh
	CO2eq:	1.0687 g
	0.0099 km travelled by car
___cfd com 4 Treads_concluida___
___cfd com 6 Treads___
Compute time: 39.5381
Tempo total: 40873.884 ms
	Time:	0:00:41
	Energy:	0.0016 kWh
	CO2eq:	0.7547 g
	0.0070 km travelled by car
	Time:	0:00:41
	Energy:	0.0016 kWh
	CO2eq:	0.7511 g
	0.0070 km travelled by car
___cfd com 6 Treads_concluida___
___cfd com 8 Treads___
Compute time: 29.6115
Tempo total: 30949.941 ms
	Time:	0:00:31
	Energy:	0.0012 kWh
	CO2eq:	0.5957 g
	0.0055 km travelled by car
	Time:	0:00:31
	Energy:	0.0012 kWh
	CO2eq:	0.5915 g
	0.0055 km travelled by car
___cfd com 8 Treads_concluida___
___cfd com 10 Treads___
Compute time: 24.1923
Tempo total: 25526.607 ms
	Time:	0:00:26
	Energy:	0.0011 kWh
	CO2eq:	0.5135 g
	0.0048 km travelled by car
	Time:	0:00:26
	Energy:	0.0011 kWh
	CO2eq:	0.5135 g
	0.0048 km travelled by car
___cfd com 10 Treads_concluida___
___cfd com 12 Treads___
Compute time: 20.5009
Tempo total: 21841.084 ms
	Time:	0:00:22
	Energy:	0.0009 kWh
	CO2eq:	0.4512 g
	0.0042 km travelled by car
	Time:	0:00:22
	Energy:	0.0009 kWh
	CO2eq:	0.4512 g
	0.0042 km travelled by car
___cfd com 12 Treads_concluida___
___cfd com 14 Treads___
Compute time: 17.2399
Tempo total: 18586.908 ms
	Time:	0:00:19
	Energy:	0.0008 kWh
	CO2eq:	0.3959 g
	0.0037 km travelled by car
	Time:	0:00:19
	Energy:	0.0008 kWh
	CO2eq:	0.3959 g
	0.0037 km travelled by car
___cfd com 14 Treads_concluida___
___cfd com 16 Treads___
Compute time: 15.2155
Tempo total: 16557.135 ms
	Time:	0:00:17
	Energy:	0.0008 kWh
	CO2eq:	0.3620 g
	0.0034 km travelled by car
	Time:	0:00:17
	Energy:	0.0008 kWh
	CO2eq:	0.3620 g
	0.0034 km travelled by car
___cfd com 16 Treads_concluida___
___cfd com 18 Treads___
Compute time: 13.3787
Tempo total: 14713.012 ms
	Time:	0:00:15
	Energy:	0.0007 kWh
	CO2eq:	0.3319 g
	0.0031 km travelled by car
	Time:	0:00:15
	Energy:	0.0007 kWh
	CO2eq:	0.3319 g
	0.0031 km travelled by car
___cfd com 18 Treads_concluida___
___cfd com 20 Treads___
Compute time: 12.3169
Tempo total: 13652.161 ms
	Time:	0:00:14
	Energy:	0.0006 kWh
	CO2eq:	0.3113 g
	0.0029 km travelled by car
	Time:	0:00:14
	Energy:	0.0006 kWh
	CO2eq:	0.3113 g
	0.0029 km travelled by car
___cfd com 20 Treads_concluida___
___cfd com 22 Treads___
Compute time: 11.2101
Tempo total: 12550.908 ms
	Time:	0:00:13
	Energy:	0.0006 kWh
	CO2eq:	0.2922 g
	0.0027 km travelled by car
	Time:	0:00:13
	Energy:	0.0006 kWh
	CO2eq:	0.2922 g
	0.0027 km travelled by car
___cfd com 22 Treads_concluida___
___cfd com 24 Treads___
Compute time: 10.2752
Tempo total: 11611.561 ms
	Time:	0:00:12
	Energy:	0.0005 kWh
	CO2eq:	0.2626 g
	0.0024 km travelled by car
	Time:	0:00:12
	Energy:	0.0005 kWh
	CO2eq:	0.2626 g
	0.0024 km travelled by car
___cfd com 24 Treads_concluida___
___cfd com 26 Treads___
Compute time: 9.54953
Tempo total: 10906.755 ms
	Time:	0:00:11
	Energy:	0.0005 kWh
	CO2eq:	0.2584 g
	0.0024 km travelled by car
	Time:	0:00:11
	Energy:	0.0005 kWh
	CO2eq:	0.2478 g
	0.0023 km travelled by car
___cfd com 26 Treads_concluida___
___cfd com 28 Treads___
Compute time: 8.99286
Tempo total: 10334.423 ms
	Time:	0:00:10
	Energy:	0.0005 kWh
	CO2eq:	0.2526 g
	0.0024 km travelled by car
	Time:	0:00:10
	Energy:	0.0005 kWh
	CO2eq:	0.2526 g
	0.0024 km travelled by car
___cfd com 28 Treads_concluida___
___cfd com 30 Treads___
Compute time: 8.33809
Tempo total: 9676.704 ms
	Time:	0:00:10
	Energy:	0.0005 kWh
	CO2eq:	0.2418 g
	0.0022 km travelled by car
	Time:	0:00:10
	Energy:	0.0005 kWh
	CO2eq:	0.2418 g
	0.0022 km travelled by car
___cfd com 30 Treads_concluida___
___cfd com 32 Treads___
Compute time: 7.93358
Tempo total: 9282.237 ms
	Time:	0:00:09
	Energy:	0.0005 kWh
	CO2eq:	0.2309 g
	0.0021 km travelled by car
	Time:	0:00:09
	Energy:	0.0005 kWh
	CO2eq:	0.2309 g
	0.0021 km travelled by car
___cfd com 32 Treads_concluida___
___cfd com 34 Treads___
Compute time: 7.52322
Tempo total: 8868.099 ms
	Time:	0:00:09
	Energy:	0.0005 kWh
	CO2eq:	0.2334 g
	0.0022 km travelled by car
	Time:	0:00:09
	Energy:	0.0005 kWh
	CO2eq:	0.2183 g
	0.0020 km travelled by car
___cfd com 34 Treads_concluida___
___cfd com 36 Treads___
Compute time: 7.02863
Tempo total: 8359.026 ms
	Time:	0:00:08
	Energy:	0.0005 kWh
	CO2eq:	0.2246 g
	0.0021 km travelled by car
	Time:	0:00:08
	Energy:	0.0005 kWh
	CO2eq:	0.2246 g
	0.0021 km travelled by car
___cfd com 36 Treads_concluida___
___cfd com 38 Treads___
Compute time: 6.81954
Tempo total: 8178.082 ms
	Time:	0:00:08
	Energy:	0.0004 kWh
	CO2eq:	0.1794 g
	0.0017 km travelled by car
	Time:	0:00:08
	Energy:	0.0004 kWh
	CO2eq:	0.1794 g
	0.0017 km travelled by car
___cfd com 38 Treads_concluida___
___cfd com 40 Treads___
Compute time: 6.56369
Tempo total: 7903.811 ms
	Time:	0:00:08
	Energy:	0.0005 kWh
	CO2eq:	0.2219 g
	0.0021 km travelled by car
	Time:	0:00:08
	Energy:	0.0005 kWh
	CO2eq:	0.2219 g
	0.0021 km travelled by car
___cfd com 40 Treads_concluida___
___cfd com 42 Treads___
Compute time: 6.17787
Tempo total: 7515.935 ms
	Time:	0:00:08
	Energy:	0.0004 kWh
	CO2eq:	0.2097 g
	0.0020 km travelled by car
	Time:	0:00:08
	Energy:	0.0004 kWh
	CO2eq:	0.2097 g
	0.0020 km travelled by car
___cfd com 42 Treads_concluida___
___cfd com 44 Treads___
Compute time: 6.20607
Tempo total: 7545.037 ms
	Time:	0:00:08
	Energy:	0.0004 kWh
	CO2eq:	0.2130 g
	0.0020 km travelled by car
	Time:	0:00:08
	Energy:	0.0004 kWh
	CO2eq:	0.2130 g
	0.0020 km travelled by car
___cfd com 44 Treads_concluida___
___cfd com 46 Treads___
Compute time: 5.94999
Tempo total: 7304.006 ms
	Time:	0:00:07
	Energy:	0.0004 kWh
	CO2eq:	0.2038 g
	0.0019 km travelled by car
	Time:	0:00:07
	Energy:	0.0004 kWh
	CO2eq:	0.2038 g
	0.0019 km travelled by car
___cfd com 46 Treads_concluida___
___cfd com 48 Treads___
Compute time: 5.81789
Tempo total: 7160.969 ms
	Time:	0:00:07
	Energy:	0.0004 kWh
	CO2eq:	0.1974 g
	0.0018 km travelled by car
	Time:	0:00:07
	Energy:	0.0004 kWh
	CO2eq:	0.1974 g
	0.0018 km travelled by car
___cfd com 48 Treads_concluida___
___Fim de cfd___:

Start -> srad
compilando srad...
cd srad_v1; 	make clean
make[1]: Entering directory '/scratch/acsilveira/rodinia_novos/openmp/srad/srad_v1'
rm *.o srad
make[1]: Leaving directory '/scratch/acsilveira/rodinia_novos/openmp/srad/srad_v1'
cd srad_v2; 	make clean
make[1]: Entering directory '/scratch/acsilveira/rodinia_novos/openmp/srad/srad_v2'
rm -f srad
make[1]: Leaving directory '/scratch/acsilveira/rodinia_novos/openmp/srad/srad_v2'
cd srad_v1; 	make
make[1]: Entering directory '/scratch/acsilveira/rodinia_novos/openmp/srad/srad_v1'
gcc	main.c \
		-c -O3 -fopenmp
gcc	main.o \
		-lm -fopenmp -o srad
make[1]: Leaving directory '/scratch/acsilveira/rodinia_novos/openmp/srad/srad_v1'
cd srad_v2; 	make
make[1]: Entering directory '/scratch/acsilveira/rodinia_novos/openmp/srad/srad_v2'
g++ -g -fopenmp -O2 -lm srad.cpp -o srad 
make[1]: Leaving directory '/scratch/acsilveira/rodinia_novos/openmp/srad/srad_v2'
___Executando srad___:
___srad com 2 Treads___
Tempo total: 89860.928 ms
	Time:	0:01:30
	Energy:	0.0032 kWh
	CO2eq:	1.5243 g
	0.0142 km travelled by car
	Time:	0:01:30
	Energy:	0.0032 kWh
	CO2eq:	1.5243 g
	0.0142 km travelled by car
___srad com 2 Treads_concluida___
___srad com 4 Treads___
Tempo total: 46279.177 ms
	Time:	0:00:46
	Energy:	0.0017 kWh
	CO2eq:	0.8261 g
	0.0077 km travelled by car
	Time:	0:00:46
	Energy:	0.0017 kWh
	CO2eq:	0.8261 g
	0.0077 km travelled by car
___srad com 4 Treads_concluida___
___srad com 6 Treads___
Tempo total: 34518.349 ms
	Time:	0:00:35
	Energy:	0.0013 kWh
	CO2eq:	0.6443 g
	0.0060 km travelled by car
	Time:	0:00:35
	Energy:	0.0013 kWh
	CO2eq:	0.6443 g
	0.0060 km travelled by car
___srad com 6 Treads_concluida___
___srad com 8 Treads___
Tempo total: 28604.965 ms
	Time:	0:00:29
	Energy:	0.0012 kWh
	CO2eq:	0.5551 g
	0.0052 km travelled by car
	Time:	0:00:29
	Energy:	0.0012 kWh
	CO2eq:	0.5551 g
	0.0052 km travelled by car
___srad com 8 Treads_concluida___
___srad com 10 Treads___
Tempo total: 26377.815 ms
	Time:	0:00:26
	Energy:	0.0011 kWh
	CO2eq:	0.5281 g
	0.0049 km travelled by car
	Time:	0:00:26
	Energy:	0.0011 kWh
	CO2eq:	0.5281 g
	0.0049 km travelled by car
___srad com 10 Treads_concluida___
___srad com 12 Treads___
Tempo total: 26315.138 ms
	Time:	0:00:26
	Energy:	0.0011 kWh
	CO2eq:	0.5346 g
	0.0050 km travelled by car
	Time:	0:00:26
	Energy:	0.0011 kWh
	CO2eq:	0.5346 g
	0.0050 km travelled by car
___srad com 12 Treads_concluida___
___srad com 14 Treads___
Tempo total: 26244.311 ms
	Time:	0:00:26
	Energy:	0.0011 kWh
	CO2eq:	0.5436 g
	0.0051 km travelled by car
	Time:	0:00:26
	Energy:	0.0011 kWh
	CO2eq:	0.5436 g
	0.0051 km travelled by car
___srad com 14 Treads_concluida___
___srad com 16 Treads___
Tempo total: 26137.277 ms
	Time:	0:00:26
	Energy:	0.0011 kWh
	CO2eq:	0.5489 g
	0.0051 km travelled by car
	Time:	0:00:26
	Energy:	0.0011 kWh
	CO2eq:	0.5489 g
	0.0051 km travelled by car
___srad com 16 Treads_concluida___
___srad com 18 Treads___
Tempo total: 26217.576 ms
	Time:	0:00:26
	Energy:	0.0012 kWh
	CO2eq:	0.5575 g
	0.0052 km travelled by car
	Time:	0:00:26
	Energy:	0.0012 kWh
	CO2eq:	0.5575 g
	0.0052 km travelled by car
___srad com 18 Treads_concluida___
___srad com 20 Treads___
Tempo total: 26175.102 ms
	Time:	0:00:26
	Energy:	0.0012 kWh
	CO2eq:	0.5549 g
	0.0052 km travelled by car
	Time:	0:00:26
	Energy:	0.0012 kWh
	CO2eq:	0.5549 g
	0.0052 km travelled by car
___srad com 20 Treads_concluida___
___srad com 22 Treads___
Tempo total: 26135.777 ms
	Time:	0:00:26
	Energy:	0.0012 kWh
	CO2eq:	0.5631 g
	0.0052 km travelled by car
	Time:	0:00:26
	Energy:	0.0012 kWh
	CO2eq:	0.5631 g
	0.0052 km travelled by car
___srad com 22 Treads_concluida___
___srad com 24 Treads___
Tempo total: 26128.400 ms
	Time:	0:00:26
	Energy:	0.0012 kWh
	CO2eq:	0.5587 g
	0.0052 km travelled by car
	Time:	0:00:26
	Energy:	0.0012 kWh
	CO2eq:	0.5587 g
	0.0052 km travelled by car
___srad com 24 Treads_concluida___
___srad com 26 Treads___
Tempo total: 24513.292 ms
	Time:	0:00:25
	Energy:	0.0011 kWh
	CO2eq:	0.5358 g
	0.0050 km travelled by car
	Time:	0:00:25
	Energy:	0.0011 kWh
	CO2eq:	0.5358 g
	0.0050 km travelled by car
___srad com 26 Treads_concluida___
___srad com 28 Treads___
Tempo total: 22800.823 ms
	Time:	0:00:23
	Energy:	0.0011 kWh
	CO2eq:	0.5068 g
	0.0047 km travelled by car
	Time:	0:00:23
	Energy:	0.0011 kWh
	CO2eq:	0.5068 g
	0.0047 km travelled by car
___srad com 28 Treads_concluida___
___srad com 30 Treads___
Tempo total: 21416.294 ms
	Time:	0:00:21
	Energy:	0.0010 kWh
	CO2eq:	0.4841 g
	0.0045 km travelled by car
	Time:	0:00:21
	Energy:	0.0010 kWh
	CO2eq:	0.4841 g
	0.0045 km travelled by car
___srad com 30 Treads_concluida___
___srad com 32 Treads___
Tempo total: 20226.939 ms
	Time:	0:00:20
	Energy:	0.0010 kWh
	CO2eq:	0.4666 g
	0.0043 km travelled by car
	Time:	0:00:20
	Energy:	0.0010 kWh
	CO2eq:	0.4666 g
	0.0043 km travelled by car
___srad com 32 Treads_concluida___
___srad com 34 Treads___
Tempo total: 19074.973 ms
	Time:	0:00:19
	Energy:	0.0009 kWh
	CO2eq:	0.4490 g
	0.0042 km travelled by car
	Time:	0:00:19
	Energy:	0.0009 kWh
	CO2eq:	0.4490 g
	0.0042 km travelled by car
___srad com 34 Treads_concluida___
___srad com 36 Treads___
Tempo total: 17828.709 ms
	Time:	0:00:18
	Energy:	0.0009 kWh
	CO2eq:	0.4290 g
	0.0040 km travelled by car
	Time:	0:00:18
	Energy:	0.0009 kWh
	CO2eq:	0.4290 g
	0.0040 km travelled by car
___srad com 36 Treads_concluida___
___srad com 38 Treads___
Tempo total: 17417.408 ms
	Time:	0:00:17
	Energy:	0.0009 kWh
	CO2eq:	0.4282 g
	0.0040 km travelled by car
	Time:	0:00:17
	Energy:	0.0009 kWh
	CO2eq:	0.4282 g
	0.0040 km travelled by car
___srad com 38 Treads_concluida___
___srad com 40 Treads___
Tempo total: 16354.384 ms
	Time:	0:00:16
	Energy:	0.0009 kWh
	CO2eq:	0.4133 g
	0.0038 km travelled by car
	Time:	0:00:16
	Energy:	0.0009 kWh
	CO2eq:	0.4133 g
	0.0038 km travelled by car
___srad com 40 Treads_concluida___
___srad com 42 Treads___
Tempo total: 15150.390 ms
	Time:	0:00:15
	Energy:	0.0008 kWh
	CO2eq:	0.3961 g
	0.0037 km travelled by car
	Time:	0:00:15
	Energy:	0.0008 kWh
	CO2eq:	0.3961 g
	0.0037 km travelled by car
___srad com 42 Treads_concluida___
___srad com 44 Treads___
Tempo total: 14642.958 ms
	Time:	0:00:15
	Energy:	0.0008 kWh
	CO2eq:	0.3869 g
	0.0036 km travelled by car
	Time:	0:00:15
	Energy:	0.0008 kWh
	CO2eq:	0.3869 g
	0.0036 km travelled by car
___srad com 44 Treads_concluida___
___srad com 46 Treads___
Tempo total: 14170.053 ms
	Time:	0:00:14
	Energy:	0.0008 kWh
	CO2eq:	0.3814 g
	0.0035 km travelled by car
	Time:	0:00:14
	Energy:	0.0008 kWh
	CO2eq:	0.3814 g
	0.0035 km travelled by car
___srad com 46 Treads_concluida___
___srad com 48 Treads___
Tempo total: 13530.863 ms
	Time:	0:00:14
	Energy:	0.0008 kWh
	CO2eq:	0.3703 g
	0.0034 km travelled by car
	Time:	0:00:14
	Energy:	0.0008 kWh
	CO2eq:	0.3703 g
	0.0034 km travelled by car
___srad com 48 Treads_concluida___
___Fim de srad___:

