Traceback (most recent call last):
  File "/home/users/acsilveira/hpc-benchmarks-phoenix/FFT/log_script.py", line 93, in <module>
    df = process_data(file_path)
         ^^^^^^^^^^^^^^^^^^^^^^^
  File "/home/users/acsilveira/hpc-benchmarks-phoenix/FFT/log_script.py", line 26, in process_data
    with open(file_path, 'r') as file:
         ^^^^^^^^^^^^^^^^^^^^
FileNotFoundError: [Errno 2] No such file or directory: 'log_limpo.txt'
Traceback (most recent call last):
  File "/home/users/acsilveira/hpc-benchmarks-phoenix/HPCG/log_script.py", line 89, in <module>
    df = process_data(file_path)
         ^^^^^^^^^^^^^^^^^^^^^^^
  File "/home/users/acsilveira/hpc-benchmarks-phoenix/HPCG/log_script.py", line 26, in process_data
    with open(file_path, 'r') as file:
         ^^^^^^^^^^^^^^^^^^^^
FileNotFoundError: [Errno 2] No such file or directory: 'log_limpo.txt'
Traceback (most recent call last):
  File "/home/users/acsilveira/hpc-benchmarks-phoenix/JA/log_script.py", line 89, in <module>
    df = process_data(file_path)
         ^^^^^^^^^^^^^^^^^^^^^^^
  File "/home/users/acsilveira/hpc-benchmarks-phoenix/JA/log_script.py", line 26, in process_data
    with open(file_path, 'r') as file:
         ^^^^^^^^^^^^^^^^^^^^
FileNotFoundError: [Errno 2] No such file or directory: 'log_limpo.txt'
Traceback (most recent call last):
  File "/home/users/acsilveira/hpc-benchmarks-phoenix/LULESH/log_script.py", line 92, in <module>
    df = process_data(file_path)
         ^^^^^^^^^^^^^^^^^^^^^^^
  File "/home/users/acsilveira/hpc-benchmarks-phoenix/LULESH/log_script.py", line 26, in process_data
    with open(file_path, 'r') as file:
         ^^^^^^^^^^^^^^^^^^^^
FileNotFoundError: [Errno 2] No such file or directory: 'log_limpo.txt'
Traceback (most recent call last):
  File "/home/users/acsilveira/hpc-benchmarks-phoenix/PO/log_script.py", line 93, in <module>
    df = process_data(file_path)
         ^^^^^^^^^^^^^^^^^^^^^^^
  File "/home/users/acsilveira/hpc-benchmarks-phoenix/PO/log_script.py", line 26, in process_data
    with open(file_path, 'r') as file:
         ^^^^^^^^^^^^^^^^^^^^
FileNotFoundError: [Errno 2] No such file or directory: 'log_limpo.txt'
Traceback (most recent call last):
  File "/home/users/acsilveira/hpc-benchmarks-phoenix/ST/log_script.py", line 93, in <module>
    df = process_data(file_path)
         ^^^^^^^^^^^^^^^^^^^^^^^
  File "/home/users/acsilveira/hpc-benchmarks-phoenix/ST/log_script.py", line 26, in process_data
    with open(file_path, 'r') as file:
         ^^^^^^^^^^^^^^^^^^^^
FileNotFoundError: [Errno 2] No such file or directory: 'log_limpo.txt'
Status code 429 from http://ipinfo.io/json: ERROR - 429 Client Error: Too Many Requests for url: http://ipinfo.io/json
Status code 429 from http://ipinfo.io/json: ERROR - 429 Client Error: Too Many Requests for url: http://ipinfo.io/json
Status code 429 from http://ipinfo.io/json: ERROR - 429 Client Error: Too Many Requests for url: http://ipinfo.io/json
Status code 429 from http://ipinfo.io/json: ERROR - 429 Client Error: Too Many Requests for url: http://ipinfo.io/json
Status code 429 from http://ipinfo.io/json: ERROR - 429 Client Error: Too Many Requests for url: http://ipinfo.io/json
Status code 429 from http://ipinfo.io/json: ERROR - 429 Client Error: Too Many Requests for url: http://ipinfo.io/json
Status code 429 from http://ipinfo.io/json: ERROR - 429 Client Error: Too Many Requests for url: http://ipinfo.io/json
Status code 429 from http://ipinfo.io/json: ERROR - 429 Client Error: Too Many Requests for url: http://ipinfo.io/json
Status code 429 from http://ipinfo.io/json: ERROR - 429 Client Error: Too Many Requests for url: http://ipinfo.io/json
Status code 429 from http://ipinfo.io/json: ERROR - 429 Client Error: Too Many Requests for url: http://ipinfo.io/json
Status code 429 from http://ipinfo.io/json: ERROR - 429 Client Error: Too Many Requests for url: http://ipinfo.io/json
Status code 429 from http://ipinfo.io/json: ERROR - 429 Client Error: Too Many Requests for url: http://ipinfo.io/json
Status code 429 from http://ipinfo.io/json: ERROR - 429 Client Error: Too Many Requests for url: http://ipinfo.io/json
Status code 429 from http://ipinfo.io/json: ERROR - 429 Client Error: Too Many Requests for url: http://ipinfo.io/json
Status code 429 from http://ipinfo.io/json: ERROR - 429 Client Error: Too Many Requests for url: http://ipinfo.io/json
Status code 429 from http://ipinfo.io/json: ERROR - 429 Client Error: Too Many Requests for url: http://ipinfo.io/json
Status code 429 from http://ipinfo.io/json: ERROR - 429 Client Error: Too Many Requests for url: http://ipinfo.io/json
Status code 429 from http://ipinfo.io/json: ERROR - 429 Client Error: Too Many Requests for url: http://ipinfo.io/json
Status code 429 from http://ipinfo.io/json: ERROR - 429 Client Error: Too Many Requests for url: http://ipinfo.io/json
Status code 429 from http://ipinfo.io/json: ERROR - 429 Client Error: Too Many Requests for url: http://ipinfo.io/json
Status code 429 from http://ipinfo.io/json: ERROR - 429 Client Error: Too Many Requests for url: http://ipinfo.io/json
Status code 429 from http://ipinfo.io/json: ERROR - 429 Client Error: Too Many Requests for url: http://ipinfo.io/json
Status code 429 from http://ipinfo.io/json: ERROR - 429 Client Error: Too Many Requests for url: http://ipinfo.io/json
Status code 429 from http://ipinfo.io/json: ERROR - 429 Client Error: Too Many Requests for url: http://ipinfo.io/json
Status code 429 from http://ipinfo.io/json: ERROR - 429 Client Error: Too Many Requests for url: http://ipinfo.io/json
Status code 429 from http://ipinfo.io/json: ERROR - 429 Client Error: Too Many Requests for url: http://ipinfo.io/json
Status code 429 from http://ipinfo.io/json: ERROR - 429 Client Error: Too Many Requests for url: http://ipinfo.io/json
Status code 429 from http://ipinfo.io/json: ERROR - 429 Client Error: Too Many Requests for url: http://ipinfo.io/json
Status code 429 from http://ipinfo.io/json: ERROR - 429 Client Error: Too Many Requests for url: http://ipinfo.io/json
Status code 429 from http://ipinfo.io/json: ERROR - 429 Client Error: Too Many Requests for url: http://ipinfo.io/json
Status code 429 from http://ipinfo.io/json: ERROR - 429 Client Error: Too Many Requests for url: http://ipinfo.io/json
Status code 429 from http://ipinfo.io/json: ERROR - 429 Client Error: Too Many Requests for url: http://ipinfo.io/json
Status code 429 from http://ipinfo.io/json: ERROR - 429 Client Error: Too Many Requests for url: http://ipinfo.io/json
Status code 429 from http://ipinfo.io/json: ERROR - 429 Client Error: Too Many Requests for url: http://ipinfo.io/json
Status code 429 from http://ipinfo.io/json: ERROR - 429 Client Error: Too Many Requests for url: http://ipinfo.io/json
Status code 429 from http://ipinfo.io/json: ERROR - 429 Client Error: Too Many Requests for url: http://ipinfo.io/json
Status code 429 from http://ipinfo.io/json: ERROR - 429 Client Error: Too Many Requests for url: http://ipinfo.io/json
Status code 429 from http://ipinfo.io/json: ERROR - 429 Client Error: Too Many Requests for url: http://ipinfo.io/json
Status code 429 from http://ipinfo.io/json: ERROR - 429 Client Error: Too Many Requests for url: http://ipinfo.io/json
Status code 429 from http://ipinfo.io/json: ERROR - 429 Client Error: Too Many Requests for url: http://ipinfo.io/json
Status code 429 from http://ipinfo.io/json: ERROR - 429 Client Error: Too Many Requests for url: http://ipinfo.io/json
Status code 429 from http://ipinfo.io/json: ERROR - 429 Client Error: Too Many Requests for url: http://ipinfo.io/json
Status code 429 from http://ipinfo.io/json: ERROR - 429 Client Error: Too Many Requests for url: http://ipinfo.io/json
Status code 429 from http://ipinfo.io/json: ERROR - 429 Client Error: Too Many Requests for url: http://ipinfo.io/json
Status code 429 from http://ipinfo.io/json: ERROR - 429 Client Error: Too Many Requests for url: http://ipinfo.io/json
Status code 429 from http://ipinfo.io/json: ERROR - 429 Client Error: Too Many Requests for url: http://ipinfo.io/json
Status code 429 from http://ipinfo.io/json: ERROR - 429 Client Error: Too Many Requests for url: http://ipinfo.io/json
Status code 429 from http://ipinfo.io/json: ERROR - 429 Client Error: Too Many Requests for url: http://ipinfo.io/json
Status code 429 from http://ipinfo.io/json: ERROR - 429 Client Error: Too Many Requests for url: http://ipinfo.io/json
Status code 429 from http://ipinfo.io/json: ERROR - 429 Client Error: Too Many Requests for url: http://ipinfo.io/json
Status code 429 from http://ipinfo.io/json: ERROR - 429 Client Error: Too Many Requests for url: http://ipinfo.io/json
Status code 429 from http://ipinfo.io/json: ERROR - 429 Client Error: Too Many Requests for url: http://ipinfo.io/json
Status code 429 from http://ipinfo.io/json: ERROR - 429 Client Error: Too Many Requests for url: http://ipinfo.io/json
Status code 429 from http://ipinfo.io/json: ERROR - 429 Client Error: Too Many Requests for url: http://ipinfo.io/json
Status code 429 from http://ipinfo.io/json: ERROR - 429 Client Error: Too Many Requests for url: http://ipinfo.io/json
Status code 429 from http://ipinfo.io/json: ERROR - 429 Client Error: Too Many Requests for url: http://ipinfo.io/json
Status code 429 from http://ipinfo.io/json: ERROR - 429 Client Error: Too Many Requests for url: http://ipinfo.io/json
Status code 429 from http://ipinfo.io/json: ERROR - 429 Client Error: Too Many Requests for url: http://ipinfo.io/json
Status code 429 from http://ipinfo.io/json: ERROR - 429 Client Error: Too Many Requests for url: http://ipinfo.io/json
Status code 429 from http://ipinfo.io/json: ERROR - 429 Client Error: Too Many Requests for url: http://ipinfo.io/json
Status code 429 from http://ipinfo.io/json: ERROR - 429 Client Error: Too Many Requests for url: http://ipinfo.io/json
Status code 429 from http://ipinfo.io/json: ERROR - 429 Client Error: Too Many Requests for url: http://ipinfo.io/json
Status code 429 from http://ipinfo.io/json: ERROR - 429 Client Error: Too Many Requests for url: http://ipinfo.io/json
Status code 429 from http://ipinfo.io/json: ERROR - 429 Client Error: Too Many Requests for url: http://ipinfo.io/json
Status code 429 from http://ipinfo.io/json: ERROR - 429 Client Error: Too Many Requests for url: http://ipinfo.io/json
Status code 429 from http://ipinfo.io/json: ERROR - 429 Client Error: Too Many Requests for url: http://ipinfo.io/json
Status code 429 from http://ipinfo.io/json: ERROR - 429 Client Error: Too Many Requests for url: http://ipinfo.io/json
Status code 429 from http://ipinfo.io/json: ERROR - 429 Client Error: Too Many Requests for url: http://ipinfo.io/json
Status code 429 from http://ipinfo.io/json: ERROR - 429 Client Error: Too Many Requests for url: http://ipinfo.io/json
Status code 429 from http://ipinfo.io/json: ERROR - 429 Client Error: Too Many Requests for url: http://ipinfo.io/json
Status code 429 from http://ipinfo.io/json: ERROR - 429 Client Error: Too Many Requests for url: http://ipinfo.io/json
Status code 429 from http://ipinfo.io/json: ERROR - 429 Client Error: Too Many Requests for url: http://ipinfo.io/json
Status code 429 from http://ipinfo.io/json: ERROR - 429 Client Error: Too Many Requests for url: http://ipinfo.io/json
Status code 429 from http://ipinfo.io/json: ERROR - 429 Client Error: Too Many Requests for url: http://ipinfo.io/json
Status code 429 from http://ipinfo.io/json: ERROR - 429 Client Error: Too Many Requests for url: http://ipinfo.io/json
Status code 429 from http://ipinfo.io/json: ERROR - 429 Client Error: Too Many Requests for url: http://ipinfo.io/json
Status code 429 from http://ipinfo.io/json: ERROR - 429 Client Error: Too Many Requests for url: http://ipinfo.io/json
Status code 429 from http://ipinfo.io/json: ERROR - 429 Client Error: Too Many Requests for url: http://ipinfo.io/json
Status code 429 from http://ipinfo.io/json: ERROR - 429 Client Error: Too Many Requests for url: http://ipinfo.io/json
Status code 429 from http://ipinfo.io/json: ERROR - 429 Client Error: Too Many Requests for url: http://ipinfo.io/json
Status code 429 from http://ipinfo.io/json: ERROR - 429 Client Error: Too Many Requests for url: http://ipinfo.io/json
Status code 429 from http://ipinfo.io/json: ERROR - 429 Client Error: Too Many Requests for url: http://ipinfo.io/json
Status code 429 from http://ipinfo.io/json: ERROR - 429 Client Error: Too Many Requests for url: http://ipinfo.io/json
Status code 429 from http://ipinfo.io/json: ERROR - 429 Client Error: Too Many Requests for url: http://ipinfo.io/json
Status code 429 from http://ipinfo.io/json: ERROR - 429 Client Error: Too Many Requests for url: http://ipinfo.io/json
Status code 429 from http://ipinfo.io/json: ERROR - 429 Client Error: Too Many Requests for url: http://ipinfo.io/json
Status code 429 from http://ipinfo.io/json: ERROR - 429 Client Error: Too Many Requests for url: http://ipinfo.io/json
Status code 429 from http://ipinfo.io/json: ERROR - 429 Client Error: Too Many Requests for url: http://ipinfo.io/json
Status code 429 from http://ipinfo.io/json: ERROR - 429 Client Error: Too Many Requests for url: http://ipinfo.io/json
Status code 429 from http://ipinfo.io/json: ERROR - 429 Client Error: Too Many Requests for url: http://ipinfo.io/json
Status code 429 from http://ipinfo.io/json: ERROR - 429 Client Error: Too Many Requests for url: http://ipinfo.io/json
Status code 429 from http://ipinfo.io/json: ERROR - 429 Client Error: Too Many Requests for url: http://ipinfo.io/json
Status code 429 from http://ipinfo.io/json: ERROR - 429 Client Error: Too Many Requests for url: http://ipinfo.io/json
Status code 429 from http://ipinfo.io/json: ERROR - 429 Client Error: Too Many Requests for url: http://ipinfo.io/json
Status code 429 from http://ipinfo.io/json: ERROR - 429 Client Error: Too Many Requests for url: http://ipinfo.io/json
Status code 429 from http://ipinfo.io/json: ERROR - 429 Client Error: Too Many Requests for url: http://ipinfo.io/json
Status code 429 from http://ipinfo.io/json: ERROR - 429 Client Error: Too Many Requests for url: http://ipinfo.io/json
Status code 429 from http://ipinfo.io/json: ERROR - 429 Client Error: Too Many Requests for url: http://ipinfo.io/json
Status code 429 from http://ipinfo.io/json: ERROR - 429 Client Error: Too Many Requests for url: http://ipinfo.io/json
Status code 429 from http://ipinfo.io/json: ERROR - 429 Client Error: Too Many Requests for url: http://ipinfo.io/json
Status code 429 from http://ipinfo.io/json: ERROR - 429 Client Error: Too Many Requests for url: http://ipinfo.io/json
Status code 429 from http://ipinfo.io/json: ERROR - 429 Client Error: Too Many Requests for url: http://ipinfo.io/json
Status code 429 from http://ipinfo.io/json: ERROR - 429 Client Error: Too Many Requests for url: http://ipinfo.io/json
Status code 429 from http://ipinfo.io/json: ERROR - 429 Client Error: Too Many Requests for url: http://ipinfo.io/json
Status code 429 from http://ipinfo.io/json: ERROR - 429 Client Error: Too Many Requests for url: http://ipinfo.io/json
Status code 429 from http://ipinfo.io/json: ERROR - 429 Client Error: Too Many Requests for url: http://ipinfo.io/json
Status code 429 from http://ipinfo.io/json: ERROR - 429 Client Error: Too Many Requests for url: http://ipinfo.io/json
Status code 429 from http://ipinfo.io/json: ERROR - 429 Client Error: Too Many Requests for url: http://ipinfo.io/json
Status code 429 from http://ipinfo.io/json: ERROR - 429 Client Error: Too Many Requests for url: http://ipinfo.io/json
Status code 429 from http://ipinfo.io/json: ERROR - 429 Client Error: Too Many Requests for url: http://ipinfo.io/json
Status code 429 from http://ipinfo.io/json: ERROR - 429 Client Error: Too Many Requests for url: http://ipinfo.io/json
Status code 429 from http://ipinfo.io/json: ERROR - 429 Client Error: Too Many Requests for url: http://ipinfo.io/json
Status code 429 from http://ipinfo.io/json: ERROR - 429 Client Error: Too Many Requests for url: http://ipinfo.io/json
Status code 429 from http://ipinfo.io/json: ERROR - 429 Client Error: Too Many Requests for url: http://ipinfo.io/json
Status code 429 from http://ipinfo.io/json: ERROR - 429 Client Error: Too Many Requests for url: http://ipinfo.io/json
Status code 429 from http://ipinfo.io/json: ERROR - 429 Client Error: Too Many Requests for url: http://ipinfo.io/json
Status code 429 from http://ipinfo.io/json: ERROR - 429 Client Error: Too Many Requests for url: http://ipinfo.io/json
Status code 429 from http://ipinfo.io/json: ERROR - 429 Client Error: Too Many Requests for url: http://ipinfo.io/json
Status code 429 from http://ipinfo.io/json: ERROR - 429 Client Error: Too Many Requests for url: http://ipinfo.io/json
Status code 429 from http://ipinfo.io/json: ERROR - 429 Client Error: Too Many Requests for url: http://ipinfo.io/json
Status code 429 from http://ipinfo.io/json: ERROR - 429 Client Error: Too Many Requests for url: http://ipinfo.io/json
Status code 429 from http://ipinfo.io/json: ERROR - 429 Client Error: Too Many Requests for url: http://ipinfo.io/json
Status code 429 from http://ipinfo.io/json: ERROR - 429 Client Error: Too Many Requests for url: http://ipinfo.io/json
Status code 429 from http://ipinfo.io/json: ERROR - 429 Client Error: Too Many Requests for url: http://ipinfo.io/json
Status code 429 from http://ipinfo.io/json: ERROR - 429 Client Error: Too Many Requests for url: http://ipinfo.io/json
Status code 429 from http://ipinfo.io/json: ERROR - 429 Client Error: Too Many Requests for url: http://ipinfo.io/json
Status code 429 from http://ipinfo.io/json: ERROR - 429 Client Error: Too Many Requests for url: http://ipinfo.io/json
Status code 429 from http://ipinfo.io/json: ERROR - 429 Client Error: Too Many Requests for url: http://ipinfo.io/json
Status code 429 from http://ipinfo.io/json: ERROR - 429 Client Error: Too Many Requests for url: http://ipinfo.io/json
Status code 429 from http://ipinfo.io/json: ERROR - 429 Client Error: Too Many Requests for url: http://ipinfo.io/json
Status code 429 from http://ipinfo.io/json: ERROR - 429 Client Error: Too Many Requests for url: http://ipinfo.io/json
Status code 429 from http://ipinfo.io/json: ERROR - 429 Client Error: Too Many Requests for url: http://ipinfo.io/json
Status code 429 from http://ipinfo.io/json: ERROR - 429 Client Error: Too Many Requests for url: http://ipinfo.io/json
Status code 429 from http://ipinfo.io/json: ERROR - 429 Client Error: Too Many Requests for url: http://ipinfo.io/json
Status code 429 from http://ipinfo.io/json: ERROR - 429 Client Error: Too Many Requests for url: http://ipinfo.io/json
Status code 429 from http://ipinfo.io/json: ERROR - 429 Client Error: Too Many Requests for url: http://ipinfo.io/json
Status code 429 from http://ipinfo.io/json: ERROR - 429 Client Error: Too Many Requests for url: http://ipinfo.io/json
Status code 429 from http://ipinfo.io/json: ERROR - 429 Client Error: Too Many Requests for url: http://ipinfo.io/json
Status code 429 from http://ipinfo.io/json: ERROR - 429 Client Error: Too Many Requests for url: http://ipinfo.io/json
Status code 429 from http://ipinfo.io/json: ERROR - 429 Client Error: Too Many Requests for url: http://ipinfo.io/json
Status code 429 from http://ipinfo.io/json: ERROR - 429 Client Error: Too Many Requests for url: http://ipinfo.io/json
Status code 429 from http://ipinfo.io/json: ERROR - 429 Client Error: Too Many Requests for url: http://ipinfo.io/json
Status code 429 from http://ipinfo.io/json: ERROR - 429 Client Error: Too Many Requests for url: http://ipinfo.io/json
Status code 429 from http://ipinfo.io/json: ERROR - 429 Client Error: Too Many Requests for url: http://ipinfo.io/json
Status code 429 from http://ipinfo.io/json: ERROR - 429 Client Error: Too Many Requests for url: http://ipinfo.io/json
Status code 429 from http://ipinfo.io/json: ERROR - 429 Client Error: Too Many Requests for url: http://ipinfo.io/json
Status code 429 from http://ipinfo.io/json: ERROR - 429 Client Error: Too Many Requests for url: http://ipinfo.io/json
Status code 429 from http://ipinfo.io/json: ERROR - 429 Client Error: Too Many Requests for url: http://ipinfo.io/json
Status code 429 from http://ipinfo.io/json: ERROR - 429 Client Error: Too Many Requests for url: http://ipinfo.io/json
Status code 429 from http://ipinfo.io/json: ERROR - 429 Client Error: Too Many Requests for url: http://ipinfo.io/json
Status code 429 from http://ipinfo.io/json: ERROR - 429 Client Error: Too Many Requests for url: http://ipinfo.io/json
Status code 429 from http://ipinfo.io/json: ERROR - 429 Client Error: Too Many Requests for url: http://ipinfo.io/json
Status code 429 from http://ipinfo.io/json: ERROR - 429 Client Error: Too Many Requests for url: http://ipinfo.io/json
Status code 429 from http://ipinfo.io/json: ERROR - 429 Client Error: Too Many Requests for url: http://ipinfo.io/json
Status code 429 from http://ipinfo.io/json: ERROR - 429 Client Error: Too Many Requests for url: http://ipinfo.io/json
Status code 429 from http://ipinfo.io/json: ERROR - 429 Client Error: Too Many Requests for url: http://ipinfo.io/json
Status code 429 from http://ipinfo.io/json: ERROR - 429 Client Error: Too Many Requests for url: http://ipinfo.io/json
Status code 429 from http://ipinfo.io/json: ERROR - 429 Client Error: Too Many Requests for url: http://ipinfo.io/json
Status code 429 from http://ipinfo.io/json: ERROR - 429 Client Error: Too Many Requests for url: http://ipinfo.io/json
Status code 429 from http://ipinfo.io/json: ERROR - 429 Client Error: Too Many Requests for url: http://ipinfo.io/json
Status code 429 from http://ipinfo.io/json: ERROR - 429 Client Error: Too Many Requests for url: http://ipinfo.io/json
Status code 429 from http://ipinfo.io/json: ERROR - 429 Client Error: Too Many Requests for url: http://ipinfo.io/json
Status code 429 from http://ipinfo.io/json: ERROR - 429 Client Error: Too Many Requests for url: http://ipinfo.io/json
Status code 429 from http://ipinfo.io/json: ERROR - 429 Client Error: Too Many Requests for url: http://ipinfo.io/json
Status code 429 from http://ipinfo.io/json: ERROR - 429 Client Error: Too Many Requests for url: http://ipinfo.io/json
Status code 429 from http://ipinfo.io/json: ERROR - 429 Client Error: Too Many Requests for url: http://ipinfo.io/json
Status code 429 from http://ipinfo.io/json: ERROR - 429 Client Error: Too Many Requests for url: http://ipinfo.io/json
Status code 429 from http://ipinfo.io/json: ERROR - 429 Client Error: Too Many Requests for url: http://ipinfo.io/json
Status code 429 from http://ipinfo.io/json: ERROR - 429 Client Error: Too Many Requests for url: http://ipinfo.io/json
Status code 429 from http://ipinfo.io/json: ERROR - 429 Client Error: Too Many Requests for url: http://ipinfo.io/json
Status code 429 from http://ipinfo.io/json: ERROR - 429 Client Error: Too Many Requests for url: http://ipinfo.io/json
Status code 429 from http://ipinfo.io/json: ERROR - 429 Client Error: Too Many Requests for url: http://ipinfo.io/json
Status code 429 from http://ipinfo.io/json: ERROR - 429 Client Error: Too Many Requests for url: http://ipinfo.io/json
Status code 429 from http://ipinfo.io/json: ERROR - 429 Client Error: Too Many Requests for url: http://ipinfo.io/json
Status code 429 from http://ipinfo.io/json: ERROR - 429 Client Error: Too Many Requests for url: http://ipinfo.io/json
Status code 429 from http://ipinfo.io/json: ERROR - 429 Client Error: Too Many Requests for url: http://ipinfo.io/json
Status code 429 from http://ipinfo.io/json: ERROR - 429 Client Error: Too Many Requests for url: http://ipinfo.io/json
Status code 429 from http://ipinfo.io/json: ERROR - 429 Client Error: Too Many Requests for url: http://ipinfo.io/json
Status code 429 from http://ipinfo.io/json: ERROR - 429 Client Error: Too Many Requests for url: http://ipinfo.io/json
Status code 429 from http://ipinfo.io/json: ERROR - 429 Client Error: Too Many Requests for url: http://ipinfo.io/json
Status code 429 from http://ipinfo.io/json: ERROR - 429 Client Error: Too Many Requests for url: http://ipinfo.io/json
Status code 429 from http://ipinfo.io/json: ERROR - 429 Client Error: Too Many Requests for url: http://ipinfo.io/json
Status code 429 from http://ipinfo.io/json: ERROR - 429 Client Error: Too Many Requests for url: http://ipinfo.io/json
Status code 429 from http://ipinfo.io/json: ERROR - 429 Client Error: Too Many Requests for url: http://ipinfo.io/json
Status code 429 from http://ipinfo.io/json: ERROR - 429 Client Error: Too Many Requests for url: http://ipinfo.io/json
Status code 429 from http://ipinfo.io/json: ERROR - 429 Client Error: Too Many Requests for url: http://ipinfo.io/json
Status code 429 from http://ipinfo.io/json: ERROR - 429 Client Error: Too Many Requests for url: http://ipinfo.io/json
Status code 429 from http://ipinfo.io/json: ERROR - 429 Client Error: Too Many Requests for url: http://ipinfo.io/json
Status code 429 from http://ipinfo.io/json: ERROR - 429 Client Error: Too Many Requests for url: http://ipinfo.io/json
Status code 429 from http://ipinfo.io/json: ERROR - 429 Client Error: Too Many Requests for url: http://ipinfo.io/json
Status code 429 from http://ipinfo.io/json: ERROR - 429 Client Error: Too Many Requests for url: http://ipinfo.io/json
Status code 429 from http://ipinfo.io/json: ERROR - 429 Client Error: Too Many Requests for url: http://ipinfo.io/json
Status code 429 from http://ipinfo.io/json: ERROR - 429 Client Error: Too Many Requests for url: http://ipinfo.io/json
Status code 429 from http://ipinfo.io/json: ERROR - 429 Client Error: Too Many Requests for url: http://ipinfo.io/json
Status code 429 from http://ipinfo.io/json: ERROR - 429 Client Error: Too Many Requests for url: http://ipinfo.io/json
Status code 429 from http://ipinfo.io/json: ERROR - 429 Client Error: Too Many Requests for url: http://ipinfo.io/json
Status code 429 from http://ipinfo.io/json: ERROR - 429 Client Error: Too Many Requests for url: http://ipinfo.io/json
Status code 429 from http://ipinfo.io/json: ERROR - 429 Client Error: Too Many Requests for url: http://ipinfo.io/json
Status code 429 from http://ipinfo.io/json: ERROR - 429 Client Error: Too Many Requests for url: http://ipinfo.io/json
Status code 429 from http://ipinfo.io/json: ERROR - 429 Client Error: Too Many Requests for url: http://ipinfo.io/json
Status code 429 from http://ipinfo.io/json: ERROR - 429 Client Error: Too Many Requests for url: http://ipinfo.io/json
Status code 429 from http://ipinfo.io/json: ERROR - 429 Client Error: Too Many Requests for url: http://ipinfo.io/json
Status code 429 from http://ipinfo.io/json: ERROR - 429 Client Error: Too Many Requests for url: http://ipinfo.io/json
Status code 429 from http://ipinfo.io/json: ERROR - 429 Client Error: Too Many Requests for url: http://ipinfo.io/json
Status code 429 from http://ipinfo.io/json: ERROR - 429 Client Error: Too Many Requests for url: http://ipinfo.io/json
Status code 429 from http://ipinfo.io/json: ERROR - 429 Client Error: Too Many Requests for url: http://ipinfo.io/json
Status code 429 from http://ipinfo.io/json: ERROR - 429 Client Error: Too Many Requests for url: http://ipinfo.io/json
Status code 429 from http://ipinfo.io/json: ERROR - 429 Client Error: Too Many Requests for url: http://ipinfo.io/json
Status code 429 from http://ipinfo.io/json: ERROR - 429 Client Error: Too Many Requests for url: http://ipinfo.io/json
Status code 429 from http://ipinfo.io/json: ERROR - 429 Client Error: Too Many Requests for url: http://ipinfo.io/json
Status code 429 from http://ipinfo.io/json: ERROR - 429 Client Error: Too Many Requests for url: http://ipinfo.io/json
Status code 429 from http://ipinfo.io/json: ERROR - 429 Client Error: Too Many Requests for url: http://ipinfo.io/json
Status code 429 from http://ipinfo.io/json: ERROR - 429 Client Error: Too Many Requests for url: http://ipinfo.io/json
Status code 429 from http://ipinfo.io/json: ERROR - 429 Client Error: Too Many Requests for url: http://ipinfo.io/json
Status code 429 from http://ipinfo.io/json: ERROR - 429 Client Error: Too Many Requests for url: http://ipinfo.io/json
Status code 429 from http://ipinfo.io/json: ERROR - 429 Client Error: Too Many Requests for url: http://ipinfo.io/json
Status code 429 from http://ipinfo.io/json: ERROR - 429 Client Error: Too Many Requests for url: http://ipinfo.io/json
Status code 429 from http://ipinfo.io/json: ERROR - 429 Client Error: Too Many Requests for url: http://ipinfo.io/json
Status code 429 from http://ipinfo.io/json: ERROR - 429 Client Error: Too Many Requests for url: http://ipinfo.io/json
Status code 429 from http://ipinfo.io/json: ERROR - 429 Client Error: Too Many Requests for url: http://ipinfo.io/json
Status code 429 from http://ipinfo.io/json: ERROR - 429 Client Error: Too Many Requests for url: http://ipinfo.io/json
Status code 429 from http://ipinfo.io/json: ERROR - 429 Client Error: Too Many Requests for url: http://ipinfo.io/json
Status code 429 from http://ipinfo.io/json: ERROR - 429 Client Error: Too Many Requests for url: http://ipinfo.io/json
Status code 429 from http://ipinfo.io/json: ERROR - 429 Client Error: Too Many Requests for url: http://ipinfo.io/json
Status code 429 from http://ipinfo.io/json: ERROR - 429 Client Error: Too Many Requests for url: http://ipinfo.io/json
Status code 429 from http://ipinfo.io/json: ERROR - 429 Client Error: Too Many Requests for url: http://ipinfo.io/json
Status code 429 from http://ipinfo.io/json: ERROR - 429 Client Error: Too Many Requests for url: http://ipinfo.io/json
Status code 429 from http://ipinfo.io/json: ERROR - 429 Client Error: Too Many Requests for url: http://ipinfo.io/json
Status code 429 from http://ipinfo.io/json: ERROR - 429 Client Error: Too Many Requests for url: http://ipinfo.io/json
Status code 429 from http://ipinfo.io/json: ERROR - 429 Client Error: Too Many Requests for url: http://ipinfo.io/json
Status code 429 from http://ipinfo.io/json: ERROR - 429 Client Error: Too Many Requests for url: http://ipinfo.io/json
Status code 429 from http://ipinfo.io/json: ERROR - 429 Client Error: Too Many Requests for url: http://ipinfo.io/json
Status code 429 from http://ipinfo.io/json: ERROR - 429 Client Error: Too Many Requests for url: http://ipinfo.io/json
Status code 429 from http://ipinfo.io/json: ERROR - 429 Client Error: Too Many Requests for url: http://ipinfo.io/json
Status code 429 from http://ipinfo.io/json: ERROR - 429 Client Error: Too Many Requests for url: http://ipinfo.io/json
Status code 429 from http://ipinfo.io/json: ERROR - 429 Client Error: Too Many Requests for url: http://ipinfo.io/json
Status code 429 from http://ipinfo.io/json: ERROR - 429 Client Error: Too Many Requests for url: http://ipinfo.io/json
Status code 429 from http://ipinfo.io/json: ERROR - 429 Client Error: Too Many Requests for url: http://ipinfo.io/json
Status code 429 from http://ipinfo.io/json: ERROR - 429 Client Error: Too Many Requests for url: http://ipinfo.io/json
Status code 429 from http://ipinfo.io/json: ERROR - 429 Client Error: Too Many Requests for url: http://ipinfo.io/json
Status code 429 from http://ipinfo.io/json: ERROR - 429 Client Error: Too Many Requests for url: http://ipinfo.io/json
Status code 429 from http://ipinfo.io/json: ERROR - 429 Client Error: Too Many Requests for url: http://ipinfo.io/json
Status code 429 from http://ipinfo.io/json: ERROR - 429 Client Error: Too Many Requests for url: http://ipinfo.io/json
Status code 429 from http://ipinfo.io/json: ERROR - 429 Client Error: Too Many Requests for url: http://ipinfo.io/json
Status code 429 from http://ipinfo.io/json: ERROR - 429 Client Error: Too Many Requests for url: http://ipinfo.io/json
Status code 429 from http://ipinfo.io/json: ERROR - 429 Client Error: Too Many Requests for url: http://ipinfo.io/json
Status code 429 from http://ipinfo.io/json: ERROR - 429 Client Error: Too Many Requests for url: http://ipinfo.io/json
Status code 429 from http://ipinfo.io/json: ERROR - 429 Client Error: Too Many Requests for url: http://ipinfo.io/json
Status code 429 from http://ipinfo.io/json: ERROR - 429 Client Error: Too Many Requests for url: http://ipinfo.io/json
Status code 429 from http://ipinfo.io/json: ERROR - 429 Client Error: Too Many Requests for url: http://ipinfo.io/json
Status code 429 from http://ipinfo.io/json: ERROR - 429 Client Error: Too Many Requests for url: http://ipinfo.io/json
Status code 429 from http://ipinfo.io/json: ERROR - 429 Client Error: Too Many Requests for url: http://ipinfo.io/json
Status code 429 from http://ipinfo.io/json: ERROR - 429 Client Error: Too Many Requests for url: http://ipinfo.io/json
Status code 429 from http://ipinfo.io/json: ERROR - 429 Client Error: Too Many Requests for url: http://ipinfo.io/json
Status code 429 from http://ipinfo.io/json: ERROR - 429 Client Error: Too Many Requests for url: http://ipinfo.io/json
Status code 429 from http://ipinfo.io/json: ERROR - 429 Client Error: Too Many Requests for url: http://ipinfo.io/json
Status code 429 from http://ipinfo.io/json: ERROR - 429 Client Error: Too Many Requests for url: http://ipinfo.io/json
Status code 429 from http://ipinfo.io/json: ERROR - 429 Client Error: Too Many Requests for url: http://ipinfo.io/json
Status code 429 from http://ipinfo.io/json: ERROR - 429 Client Error: Too Many Requests for url: http://ipinfo.io/json
Status code 429 from http://ipinfo.io/json: ERROR - 429 Client Error: Too Many Requests for url: http://ipinfo.io/json
Status code 429 from http://ipinfo.io/json: ERROR - 429 Client Error: Too Many Requests for url: http://ipinfo.io/json
Status code 429 from http://ipinfo.io/json: ERROR - 429 Client Error: Too Many Requests for url: http://ipinfo.io/json
Status code 429 from http://ipinfo.io/json: ERROR - 429 Client Error: Too Many Requests for url: http://ipinfo.io/json
Status code 429 from http://ipinfo.io/json: ERROR - 429 Client Error: Too Many Requests for url: http://ipinfo.io/json
Status code 429 from http://ipinfo.io/json: ERROR - 429 Client Error: Too Many Requests for url: http://ipinfo.io/json
Status code 429 from http://ipinfo.io/json: ERROR - 429 Client Error: Too Many Requests for url: http://ipinfo.io/json
Status code 429 from http://ipinfo.io/json: ERROR - 429 Client Error: Too Many Requests for url: http://ipinfo.io/json
Status code 429 from http://ipinfo.io/json: ERROR - 429 Client Error: Too Many Requests for url: http://ipinfo.io/json
Status code 429 from http://ipinfo.io/json: ERROR - 429 Client Error: Too Many Requests for url: http://ipinfo.io/json
Status code 429 from http://ipinfo.io/json: ERROR - 429 Client Error: Too Many Requests for url: http://ipinfo.io/json
Status code 429 from http://ipinfo.io/json: ERROR - 429 Client Error: Too Many Requests for url: http://ipinfo.io/json
Status code 429 from http://ipinfo.io/json: ERROR - 429 Client Error: Too Many Requests for url: http://ipinfo.io/json
Status code 429 from http://ipinfo.io/json: ERROR - 429 Client Error: Too Many Requests for url: http://ipinfo.io/json
Status code 429 from http://ipinfo.io/json: ERROR - 429 Client Error: Too Many Requests for url: http://ipinfo.io/json
Status code 429 from http://ipinfo.io/json: ERROR - 429 Client Error: Too Many Requests for url: http://ipinfo.io/json
Status code 429 from http://ipinfo.io/json: ERROR - 429 Client Error: Too Many Requests for url: http://ipinfo.io/json
Status code 429 from http://ipinfo.io/json: ERROR - 429 Client Error: Too Many Requests for url: http://ipinfo.io/json
Status code 429 from http://ipinfo.io/json: ERROR - 429 Client Error: Too Many Requests for url: http://ipinfo.io/json
Status code 429 from http://ipinfo.io/json: ERROR - 429 Client Error: Too Many Requests for url: http://ipinfo.io/json
Status code 429 from http://ipinfo.io/json: ERROR - 429 Client Error: Too Many Requests for url: http://ipinfo.io/json
Status code 429 from http://ipinfo.io/json: ERROR - 429 Client Error: Too Many Requests for url: http://ipinfo.io/json
Status code 429 from http://ipinfo.io/json: ERROR - 429 Client Error: Too Many Requests for url: http://ipinfo.io/json
Status code 429 from http://ipinfo.io/json: ERROR - 429 Client Error: Too Many Requests for url: http://ipinfo.io/json
Status code 429 from http://ipinfo.io/json: ERROR - 429 Client Error: Too Many Requests for url: http://ipinfo.io/json
Status code 429 from http://ipinfo.io/json: ERROR - 429 Client Error: Too Many Requests for url: http://ipinfo.io/json
Status code 429 from http://ipinfo.io/json: ERROR - 429 Client Error: Too Many Requests for url: http://ipinfo.io/json
Status code 429 from http://ipinfo.io/json: ERROR - 429 Client Error: Too Many Requests for url: http://ipinfo.io/json
Status code 429 from http://ipinfo.io/json: ERROR - 429 Client Error: Too Many Requests for url: http://ipinfo.io/json
Status code 429 from http://ipinfo.io/json: ERROR - 429 Client Error: Too Many Requests for url: http://ipinfo.io/json
Status code 429 from http://ipinfo.io/json: ERROR - 429 Client Error: Too Many Requests for url: http://ipinfo.io/json
Status code 429 from http://ipinfo.io/json: ERROR - 429 Client Error: Too Many Requests for url: http://ipinfo.io/json
Status code 429 from http://ipinfo.io/json: ERROR - 429 Client Error: Too Many Requests for url: http://ipinfo.io/json
Status code 429 from http://ipinfo.io/json: ERROR - 429 Client Error: Too Many Requests for url: http://ipinfo.io/json
Status code 429 from http://ipinfo.io/json: ERROR - 429 Client Error: Too Many Requests for url: http://ipinfo.io/json
Status code 429 from http://ipinfo.io/json: ERROR - 429 Client Error: Too Many Requests for url: http://ipinfo.io/json
Status code 429 from http://ipinfo.io/json: ERROR - 429 Client Error: Too Many Requests for url: http://ipinfo.io/json
Status code 429 from http://ipinfo.io/json: ERROR - 429 Client Error: Too Many Requests for url: http://ipinfo.io/json
Status code 429 from http://ipinfo.io/json: ERROR - 429 Client Error: Too Many Requests for url: http://ipinfo.io/json
Status code 429 from http://ipinfo.io/json: ERROR - 429 Client Error: Too Many Requests for url: http://ipinfo.io/json
Status code 429 from http://ipinfo.io/json: ERROR - 429 Client Error: Too Many Requests for url: http://ipinfo.io/json
Status code 429 from http://ipinfo.io/json: ERROR - 429 Client Error: Too Many Requests for url: http://ipinfo.io/json
Status code 429 from http://ipinfo.io/json: ERROR - 429 Client Error: Too Many Requests for url: http://ipinfo.io/json
Status code 429 from http://ipinfo.io/json: ERROR - 429 Client Error: Too Many Requests for url: http://ipinfo.io/json
Status code 429 from http://ipinfo.io/json: ERROR - 429 Client Error: Too Many Requests for url: http://ipinfo.io/json
Status code 429 from http://ipinfo.io/json: ERROR - 429 Client Error: Too Many Requests for url: http://ipinfo.io/json
Status code 429 from http://ipinfo.io/json: ERROR - 429 Client Error: Too Many Requests for url: http://ipinfo.io/json
Status code 429 from http://ipinfo.io/json: ERROR - 429 Client Error: Too Many Requests for url: http://ipinfo.io/json
Status code 429 from http://ipinfo.io/json: ERROR - 429 Client Error: Too Many Requests for url: http://ipinfo.io/json
Status code 429 from http://ipinfo.io/json: ERROR - 429 Client Error: Too Many Requests for url: http://ipinfo.io/json
Status code 429 from http://ipinfo.io/json: ERROR - 429 Client Error: Too Many Requests for url: http://ipinfo.io/json
Status code 429 from http://ipinfo.io/json: ERROR - 429 Client Error: Too Many Requests for url: http://ipinfo.io/json
Status code 429 from http://ipinfo.io/json: ERROR - 429 Client Error: Too Many Requests for url: http://ipinfo.io/json
Status code 429 from http://ipinfo.io/json: ERROR - 429 Client Error: Too Many Requests for url: http://ipinfo.io/json
Status code 429 from http://ipinfo.io/json: ERROR - 429 Client Error: Too Many Requests for url: http://ipinfo.io/json
Status code 429 from http://ipinfo.io/json: ERROR - 429 Client Error: Too Many Requests for url: http://ipinfo.io/json
Status code 429 from http://ipinfo.io/json: ERROR - 429 Client Error: Too Many Requests for url: http://ipinfo.io/json
Status code 429 from http://ipinfo.io/json: ERROR - 429 Client Error: Too Many Requests for url: http://ipinfo.io/json
Status code 429 from http://ipinfo.io/json: ERROR - 429 Client Error: Too Many Requests for url: http://ipinfo.io/json
Status code 429 from http://ipinfo.io/json: ERROR - 429 Client Error: Too Many Requests for url: http://ipinfo.io/json
Status code 429 from http://ipinfo.io/json: ERROR - 429 Client Error: Too Many Requests for url: http://ipinfo.io/json
Status code 429 from http://ipinfo.io/json: ERROR - 429 Client Error: Too Many Requests for url: http://ipinfo.io/json
Status code 429 from http://ipinfo.io/json: ERROR - 429 Client Error: Too Many Requests for url: http://ipinfo.io/json
Status code 429 from http://ipinfo.io/json: ERROR - 429 Client Error: Too Many Requests for url: http://ipinfo.io/json
Status code 429 from http://ipinfo.io/json: ERROR - 429 Client Error: Too Many Requests for url: http://ipinfo.io/json
Status code 429 from http://ipinfo.io/json: ERROR - 429 Client Error: Too Many Requests for url: http://ipinfo.io/json
Status code 429 from http://ipinfo.io/json: ERROR - 429 Client Error: Too Many Requests for url: http://ipinfo.io/json
Status code 429 from http://ipinfo.io/json: ERROR - 429 Client Error: Too Many Requests for url: http://ipinfo.io/json
Status code 429 from http://ipinfo.io/json: ERROR - 429 Client Error: Too Many Requests for url: http://ipinfo.io/json
Status code 429 from http://ipinfo.io/json: ERROR - 429 Client Error: Too Many Requests for url: http://ipinfo.io/json
Status code 429 from http://ipinfo.io/json: ERROR - 429 Client Error: Too Many Requests for url: http://ipinfo.io/json
Status code 429 from http://ipinfo.io/json: ERROR - 429 Client Error: Too Many Requests for url: http://ipinfo.io/json
Status code 429 from http://ipinfo.io/json: ERROR - 429 Client Error: Too Many Requests for url: http://ipinfo.io/json
Status code 429 from http://ipinfo.io/json: ERROR - 429 Client Error: Too Many Requests for url: http://ipinfo.io/json
Status code 429 from http://ipinfo.io/json: ERROR - 429 Client Error: Too Many Requests for url: http://ipinfo.io/json
Status code 429 from http://ipinfo.io/json: ERROR - 429 Client Error: Too Many Requests for url: http://ipinfo.io/json
Status code 429 from http://ipinfo.io/json: ERROR - 429 Client Error: Too Many Requests for url: http://ipinfo.io/json
Status code 429 from http://ipinfo.io/json: ERROR - 429 Client Error: Too Many Requests for url: http://ipinfo.io/json
Status code 429 from http://ipinfo.io/json: ERROR - 429 Client Error: Too Many Requests for url: http://ipinfo.io/json
Status code 429 from http://ipinfo.io/json: ERROR - 429 Client Error: Too Many Requests for url: http://ipinfo.io/json
Status code 429 from http://ipinfo.io/json: ERROR - 429 Client Error: Too Many Requests for url: http://ipinfo.io/json
Status code 429 from http://ipinfo.io/json: ERROR - 429 Client Error: Too Many Requests for url: http://ipinfo.io/json
Status code 429 from http://ipinfo.io/json: ERROR - 429 Client Error: Too Many Requests for url: http://ipinfo.io/json
Status code 429 from http://ipinfo.io/json: ERROR - 429 Client Error: Too Many Requests for url: http://ipinfo.io/json
Status code 429 from http://ipinfo.io/json: ERROR - 429 Client Error: Too Many Requests for url: http://ipinfo.io/json
Status code 429 from http://ipinfo.io/json: ERROR - 429 Client Error: Too Many Requests for url: http://ipinfo.io/json
Status code 429 from http://ipinfo.io/json: ERROR - 429 Client Error: Too Many Requests for url: http://ipinfo.io/json
Status code 429 from http://ipinfo.io/json: ERROR - 429 Client Error: Too Many Requests for url: http://ipinfo.io/json
Status code 429 from http://ipinfo.io/json: ERROR - 429 Client Error: Too Many Requests for url: http://ipinfo.io/json
Status code 429 from http://ipinfo.io/json: ERROR - 429 Client Error: Too Many Requests for url: http://ipinfo.io/json
Status code 429 from http://ipinfo.io/json: ERROR - 429 Client Error: Too Many Requests for url: http://ipinfo.io/json
Status code 429 from http://ipinfo.io/json: ERROR - 429 Client Error: Too Many Requests for url: http://ipinfo.io/json
Status code 429 from http://ipinfo.io/json: ERROR - 429 Client Error: Too Many Requests for url: http://ipinfo.io/json
Status code 429 from http://ipinfo.io/json: ERROR - 429 Client Error: Too Many Requests for url: http://ipinfo.io/json
Status code 429 from http://ipinfo.io/json: ERROR - 429 Client Error: Too Many Requests for url: http://ipinfo.io/json
Status code 429 from http://ipinfo.io/json: ERROR - 429 Client Error: Too Many Requests for url: http://ipinfo.io/json
Status code 429 from http://ipinfo.io/json: ERROR - 429 Client Error: Too Many Requests for url: http://ipinfo.io/json
Status code 429 from http://ipinfo.io/json: ERROR - 429 Client Error: Too Many Requests for url: http://ipinfo.io/json
Status code 429 from http://ipinfo.io/json: ERROR - 429 Client Error: Too Many Requests for url: http://ipinfo.io/json
Status code 429 from http://ipinfo.io/json: ERROR - 429 Client Error: Too Many Requests for url: http://ipinfo.io/json
Status code 429 from http://ipinfo.io/json: ERROR - 429 Client Error: Too Many Requests for url: http://ipinfo.io/json
Status code 429 from http://ipinfo.io/json: ERROR - 429 Client Error: Too Many Requests for url: http://ipinfo.io/json
Status code 429 from http://ipinfo.io/json: ERROR - 429 Client Error: Too Many Requests for url: http://ipinfo.io/json
Status code 429 from http://ipinfo.io/json: ERROR - 429 Client Error: Too Many Requests for url: http://ipinfo.io/json
Status code 429 from http://ipinfo.io/json: ERROR - 429 Client Error: Too Many Requests for url: http://ipinfo.io/json
Status code 429 from http://ipinfo.io/json: ERROR - 429 Client Error: Too Many Requests for url: http://ipinfo.io/json
Status code 429 from http://ipinfo.io/json: ERROR - 429 Client Error: Too Many Requests for url: http://ipinfo.io/json
Status code 429 from http://ipinfo.io/json: ERROR - 429 Client Error: Too Many Requests for url: http://ipinfo.io/json
Status code 429 from http://ipinfo.io/json: ERROR - 429 Client Error: Too Many Requests for url: http://ipinfo.io/json
Status code 429 from http://ipinfo.io/json: ERROR - 429 Client Error: Too Many Requests for url: http://ipinfo.io/json
Status code 429 from http://ipinfo.io/json: ERROR - 429 Client Error: Too Many Requests for url: http://ipinfo.io/json
Status code 429 from http://ipinfo.io/json: ERROR - 429 Client Error: Too Many Requests for url: http://ipinfo.io/json
Status code 429 from http://ipinfo.io/json: ERROR - 429 Client Error: Too Many Requests for url: http://ipinfo.io/json
Status code 429 from http://ipinfo.io/json: ERROR - 429 Client Error: Too Many Requests for url: http://ipinfo.io/json
Status code 429 from http://ipinfo.io/json: ERROR - 429 Client Error: Too Many Requests for url: http://ipinfo.io/json
Status code 429 from http://ipinfo.io/json: ERROR - 429 Client Error: Too Many Requests for url: http://ipinfo.io/json
Status code 429 from http://ipinfo.io/json: ERROR - 429 Client Error: Too Many Requests for url: http://ipinfo.io/json
Status code 429 from http://ipinfo.io/json: ERROR - 429 Client Error: Too Many Requests for url: http://ipinfo.io/json
Status code 429 from http://ipinfo.io/json: ERROR - 429 Client Error: Too Many Requests for url: http://ipinfo.io/json
Status code 429 from http://ipinfo.io/json: ERROR - 429 Client Error: Too Many Requests for url: http://ipinfo.io/json
Status code 429 from http://ipinfo.io/json: ERROR - 429 Client Error: Too Many Requests for url: http://ipinfo.io/json
Status code 429 from http://ipinfo.io/json: ERROR - 429 Client Error: Too Many Requests for url: http://ipinfo.io/json
Status code 429 from http://ipinfo.io/json: ERROR - 429 Client Error: Too Many Requests for url: http://ipinfo.io/json
Status code 429 from http://ipinfo.io/json: ERROR - 429 Client Error: Too Many Requests for url: http://ipinfo.io/json
Status code 429 from http://ipinfo.io/json: ERROR - 429 Client Error: Too Many Requests for url: http://ipinfo.io/json
Status code 429 from http://ipinfo.io/json: ERROR - 429 Client Error: Too Many Requests for url: http://ipinfo.io/json
Status code 429 from http://ipinfo.io/json: ERROR - 429 Client Error: Too Many Requests for url: http://ipinfo.io/json
Status code 429 from http://ipinfo.io/json: ERROR - 429 Client Error: Too Many Requests for url: http://ipinfo.io/json
Status code 429 from http://ipinfo.io/json: ERROR - 429 Client Error: Too Many Requests for url: http://ipinfo.io/json
Status code 429 from http://ipinfo.io/json: ERROR - 429 Client Error: Too Many Requests for url: http://ipinfo.io/json
Status code 429 from http://ipinfo.io/json: ERROR - 429 Client Error: Too Many Requests for url: http://ipinfo.io/json
Status code 429 from http://ipinfo.io/json: ERROR - 429 Client Error: Too Many Requests for url: http://ipinfo.io/json
Status code 429 from http://ipinfo.io/json: ERROR - 429 Client Error: Too Many Requests for url: http://ipinfo.io/json
Status code 429 from http://ipinfo.io/json: ERROR - 429 Client Error: Too Many Requests for url: http://ipinfo.io/json
Status code 429 from http://ipinfo.io/json: ERROR - 429 Client Error: Too Many Requests for url: http://ipinfo.io/json
Status code 429 from http://ipinfo.io/json: ERROR - 429 Client Error: Too Many Requests for url: http://ipinfo.io/json
Status code 429 from http://ipinfo.io/json: ERROR - 429 Client Error: Too Many Requests for url: http://ipinfo.io/json
Status code 429 from http://ipinfo.io/json: ERROR - 429 Client Error: Too Many Requests for url: http://ipinfo.io/json
Status code 429 from http://ipinfo.io/json: ERROR - 429 Client Error: Too Many Requests for url: http://ipinfo.io/json
Status code 429 from http://ipinfo.io/json: ERROR - 429 Client Error: Too Many Requests for url: http://ipinfo.io/json
Status code 429 from http://ipinfo.io/json: ERROR - 429 Client Error: Too Many Requests for url: http://ipinfo.io/json
Status code 429 from http://ipinfo.io/json: ERROR - 429 Client Error: Too Many Requests for url: http://ipinfo.io/json
Status code 429 from http://ipinfo.io/json: ERROR - 429 Client Error: Too Many Requests for url: http://ipinfo.io/json
