Numero de CPUs logicos (threads): 48
Numero de núcleos fisicos: 12
Start -> PO
compilando PO...
rm omp_po
gcc  omp_po.c -o omp_po -fopenmp -lm -O3
___Executando PO___:
___PO com 2 Treads___
Execution Time: 208.80155
	Time:	0:03:29
	Energy:	0.0076 kWh
	CO2eq:	0.7509 g
	0.0070 km travelled by car
	Time:	0:03:29
	Energy:	0.0076 kWh
	CO2eq:	0.7509 g
	0.0070 km travelled by car
___PO com 2 Treads_concluida___
___PO com 4 Treads___
Execution Time: 190.27061
	Time:	0:03:10
	Energy:	0.0072 kWh
	CO2eq:	0.7094 g
	0.0066 km travelled by car
	Time:	0:03:10
	Energy:	0.0072 kWh
	CO2eq:	0.7094 g
	0.0066 km travelled by car
___PO com 4 Treads_concluida___
___PO com 6 Treads___
Execution Time: 185.86076
	Time:	0:03:06
	Energy:	0.0073 kWh
	CO2eq:	0.7152 g
	0.0067 km travelled by car
	Time:	0:03:06
	Energy:	0.0073 kWh
	CO2eq:	0.7152 g
	0.0067 km travelled by car
___PO com 6 Treads_concluida___
___PO com 8 Treads___
Execution Time: 181.57660
	Time:	0:03:02
	Energy:	0.0073 kWh
	CO2eq:	0.7161 g
	0.0067 km travelled by car
	Time:	0:03:02
	Energy:	0.0073 kWh
	CO2eq:	0.7161 g
	0.0067 km travelled by car
___PO com 8 Treads_concluida___
___PO com 10 Treads___
Execution Time: 177.68564
	Time:	0:02:58
	Energy:	0.0073 kWh
	CO2eq:	0.7140 g
	0.0066 km travelled by car
	Time:	0:02:58
	Energy:	0.0073 kWh
	CO2eq:	0.7140 g
	0.0066 km travelled by car
___PO com 10 Treads_concluida___
___PO com 12 Treads___
Execution Time: 171.56229
	Time:	0:02:52
	Energy:	0.0071 kWh
	CO2eq:	0.6989 g
	0.0065 km travelled by car
	Time:	0:02:52
	Energy:	0.0071 kWh
	CO2eq:	0.6989 g
	0.0065 km travelled by car
___PO com 12 Treads_concluida___
___PO com 14 Treads___
Execution Time: 164.97784
	Time:	0:02:45
	Energy:	0.0070 kWh
	CO2eq:	0.6857 g
	0.0064 km travelled by car
	Time:	0:02:45
	Energy:	0.0070 kWh
	CO2eq:	0.6856 g
	0.0064 km travelled by car
___PO com 14 Treads_concluida___
___PO com 16 Treads___
Execution Time: 157.94591
	Time:	0:02:38
	Energy:	0.0067 kWh
	CO2eq:	0.6636 g
	0.0062 km travelled by car
	Time:	0:02:38
	Energy:	0.0067 kWh
	CO2eq:	0.6636 g
	0.0062 km travelled by car
___PO com 16 Treads_concluida___
___PO com 18 Treads___
Execution Time: 149.21947
	Time:	0:02:29
	Energy:	0.0065 kWh
	CO2eq:	0.6369 g
	0.0059 km travelled by car
	Time:	0:02:29
	Energy:	0.0065 kWh
	CO2eq:	0.6369 g
	0.0059 km travelled by car
___PO com 18 Treads_concluida___
___PO com 20 Treads___
Execution Time: 143.92175
	Time:	0:02:24
	Energy:	0.0063 kWh
	CO2eq:	0.6149 g
	0.0057 km travelled by car
	Time:	0:02:24
	Energy:	0.0063 kWh
	CO2eq:	0.6149 g
	0.0057 km travelled by car
___PO com 20 Treads_concluida___
___PO com 22 Treads___
Execution Time: 142.26599
	Time:	0:02:22
	Energy:	0.0063 kWh
	CO2eq:	0.6164 g
	0.0057 km travelled by car
	Time:	0:02:22
	Energy:	0.0063 kWh
	CO2eq:	0.6164 g
	0.0057 km travelled by car
___PO com 22 Treads_concluida___
___PO com 24 Treads___
Execution Time: 143.63055
	Time:	0:02:24
	Energy:	0.0063 kWh
	CO2eq:	0.6150 g
	0.0057 km travelled by car
	Time:	0:02:24
	Energy:	0.0063 kWh
	CO2eq:	0.6150 g
	0.0057 km travelled by car
___PO com 24 Treads_concluida___
___PO com 26 Treads___
Execution Time: 132.34636
	Time:	0:02:12
	Energy:	0.0059 kWh
	CO2eq:	0.5765 g
	0.0054 km travelled by car
	Time:	0:02:12
	Energy:	0.0059 kWh
	CO2eq:	0.5765 g
	0.0054 km travelled by car
___PO com 26 Treads_concluida___
___PO com 28 Treads___
Execution Time: 124.63336
	Time:	0:02:05
	Energy:	0.0056 kWh
	CO2eq:	0.5532 g
	0.0051 km travelled by car
	Time:	0:02:05
	Energy:	0.0056 kWh
	CO2eq:	0.5532 g
	0.0051 km travelled by car
___PO com 28 Treads_concluida___
___PO com 30 Treads___
Execution Time: 114.85264
	Time:	0:01:55
	Energy:	0.0052 kWh
	CO2eq:	0.5136 g
	0.0048 km travelled by car
	Time:	0:01:55
	Energy:	0.0052 kWh
	CO2eq:	0.5136 g
	0.0048 km travelled by car
___PO com 30 Treads_concluida___
___PO com 32 Treads___
Execution Time: 107.53759
	Time:	0:01:48
	Energy:	0.0051 kWh
	CO2eq:	0.5038 g
	0.0047 km travelled by car
	Time:	0:01:48
	Energy:	0.0051 kWh
	CO2eq:	0.5038 g
	0.0047 km travelled by car
___PO com 32 Treads_concluida___
___PO com 34 Treads___
Execution Time: 99.91511
	Time:	0:01:40
	Energy:	0.0049 kWh
	CO2eq:	0.4829 g
	0.0045 km travelled by car
	Time:	0:01:40
	Energy:	0.0049 kWh
	CO2eq:	0.4829 g
	0.0045 km travelled by car
___PO com 34 Treads_concluida___
___PO com 36 Treads___
Execution Time: 94.62644
	Time:	0:01:35
	Energy:	0.0047 kWh
	CO2eq:	0.4607 g
	0.0043 km travelled by car
	Time:	0:01:35
	Energy:	0.0047 kWh
	CO2eq:	0.4607 g
	0.0043 km travelled by car
___PO com 36 Treads_concluida___
___PO com 38 Treads___
Execution Time: 90.49006
	Time:	0:01:30
	Energy:	0.0047 kWh
	CO2eq:	0.4615 g
	0.0043 km travelled by car
	Time:	0:01:30
	Energy:	0.0047 kWh
	CO2eq:	0.4615 g
	0.0043 km travelled by car
___PO com 38 Treads_concluida___
___PO com 40 Treads___
Execution Time: 85.28932
	Time:	0:01:25
	Energy:	0.0045 kWh
	CO2eq:	0.4455 g
	0.0041 km travelled by car
	Time:	0:01:25
	Energy:	0.0045 kWh
	CO2eq:	0.4455 g
	0.0041 km travelled by car
___PO com 40 Treads_concluida___
___PO com 42 Treads___
Execution Time: 81.19293
	Time:	0:01:21
	Energy:	0.0044 kWh
	CO2eq:	0.4324 g
	0.0040 km travelled by car
	Time:	0:01:21
	Energy:	0.0044 kWh
	CO2eq:	0.4324 g
	0.0040 km travelled by car
___PO com 42 Treads_concluida___
___PO com 44 Treads___
Execution Time: 78.25790
	Time:	0:01:18
	Energy:	0.0043 kWh
	CO2eq:	0.4195 g
	0.0039 km travelled by car
	Time:	0:01:18
	Energy:	0.0043 kWh
	CO2eq:	0.4195 g
	0.0039 km travelled by car
___PO com 44 Treads_concluida___
___PO com 46 Treads___
Execution Time: 73.79601
	Time:	0:01:14
	Energy:	0.0041 kWh
	CO2eq:	0.4021 g
	0.0037 km travelled by car
	Time:	0:01:14
	Energy:	0.0041 kWh
	CO2eq:	0.4021 g
	0.0037 km travelled by car
___PO com 46 Treads_concluida___
___PO com 48 Treads___
Execution Time: 70.98166
	Time:	0:01:11
	Energy:	0.0040 kWh
	CO2eq:	0.3915 g
	0.0036 km travelled by car
	Time:	0:01:11
	Energy:	0.0040 kWh
	CO2eq:	0.3907 g
	0.0036 km travelled by car
___PO com 48 Treads_concluida___
___Fim de PO___:

Start -> ST
compilando ST...
make: Nothing to be done for 'all'.
___Executando ST___:
___ST com 2 Treads___
Execution Time: 121.12897
	Time:	0:02:01
	Energy:	0.0044 kWh
	CO2eq:	0.4308 g
	0.0040 km travelled by car
	Time:	0:02:01
	Energy:	0.0044 kWh
	CO2eq:	0.4308 g
	0.0040 km travelled by car
___ST com 2 Treads_concluida___
___ST com 4 Treads___
Execution Time: 109.60375
	Time:	0:01:50
	Energy:	0.0041 kWh
	CO2eq:	0.4023 g
	0.0037 km travelled by car
	Time:	0:01:50
	Energy:	0.0041 kWh
	CO2eq:	0.4023 g
	0.0037 km travelled by car
___ST com 4 Treads_concluida___
___ST com 6 Treads___
Execution Time: 107.93236
	Time:	0:01:48
	Energy:	0.0042 kWh
	CO2eq:	0.4101 g
	0.0038 km travelled by car
	Time:	0:01:48
	Energy:	0.0042 kWh
	CO2eq:	0.4101 g
	0.0038 km travelled by car
___ST com 6 Treads_concluida___
___ST com 8 Treads___
Execution Time: 105.55571
	Time:	0:01:46
	Energy:	0.0042 kWh
	CO2eq:	0.4112 g
	0.0038 km travelled by car
	Time:	0:01:46
	Energy:	0.0042 kWh
	CO2eq:	0.4112 g
	0.0038 km travelled by car
___ST com 8 Treads_concluida___
___ST com 10 Treads___
Execution Time: 102.65589
	Time:	0:01:43
	Energy:	0.0041 kWh
	CO2eq:	0.4066 g
	0.0038 km travelled by car
	Time:	0:01:43
	Energy:	0.0041 kWh
	CO2eq:	0.4066 g
	0.0038 km travelled by car
___ST com 10 Treads_concluida___
___ST com 12 Treads___
Execution Time: 100.32210
	Time:	0:01:40
	Energy:	0.0041 kWh
	CO2eq:	0.4031 g
	0.0037 km travelled by car
	Time:	0:01:40
	Energy:	0.0041 kWh
	CO2eq:	0.4031 g
	0.0037 km travelled by car
___ST com 12 Treads_concluida___
___ST com 14 Treads___
Execution Time: 94.93678
	Time:	0:01:35
	Energy:	0.0039 kWh
	CO2eq:	0.3863 g
	0.0036 km travelled by car
	Time:	0:01:35
	Energy:	0.0039 kWh
	CO2eq:	0.3862 g
	0.0036 km travelled by car
___ST com 14 Treads_concluida___
___ST com 16 Treads___
Execution Time: 92.82312
	Time:	0:01:33
	Energy:	0.0039 kWh
	CO2eq:	0.3863 g
	0.0036 km travelled by car
	Time:	0:01:33
	Energy:	0.0039 kWh
	CO2eq:	0.3856 g
	0.0036 km travelled by car
___ST com 16 Treads_concluida___
___ST com 18 Treads___
Execution Time: 89.26661
	Time:	0:01:29
	Energy:	0.0038 kWh
	CO2eq:	0.3759 g
	0.0035 km travelled by car
	Time:	0:01:29
	Energy:	0.0038 kWh
	CO2eq:	0.3759 g
	0.0035 km travelled by car
___ST com 18 Treads_concluida___
___ST com 20 Treads___
Execution Time: 84.60993
	Time:	0:01:25
	Energy:	0.0036 kWh
	CO2eq:	0.3565 g
	0.0033 km travelled by car
	Time:	0:01:25
	Energy:	0.0036 kWh
	CO2eq:	0.3565 g
	0.0033 km travelled by car
___ST com 20 Treads_concluida___
___ST com 22 Treads___
Execution Time: 85.59937
	Time:	0:01:26
	Energy:	0.0038 kWh
	CO2eq:	0.3689 g
	0.0034 km travelled by car
	Time:	0:01:26
	Energy:	0.0038 kWh
	CO2eq:	0.3689 g
	0.0034 km travelled by car
___ST com 22 Treads_concluida___
___ST com 24 Treads___
Execution Time: 86.47982
	Time:	0:01:27
	Energy:	0.0038 kWh
	CO2eq:	0.3699 g
	0.0034 km travelled by car
	Time:	0:01:27
	Energy:	0.0038 kWh
	CO2eq:	0.3699 g
	0.0034 km travelled by car
___ST com 24 Treads_concluida___
___ST com 26 Treads___
Execution Time: 79.11904
	Time:	0:01:19
	Energy:	0.0035 kWh
	CO2eq:	0.3475 g
	0.0032 km travelled by car
	Time:	0:01:19
	Energy:	0.0035 kWh
	CO2eq:	0.3475 g
	0.0032 km travelled by car
___ST com 26 Treads_concluida___
___ST com 28 Treads___
Execution Time: 76.18843
	Time:	0:01:16
	Energy:	0.0034 kWh
	CO2eq:	0.3357 g
	0.0031 km travelled by car
	Time:	0:01:16
	Energy:	0.0034 kWh
	CO2eq:	0.3357 g
	0.0031 km travelled by car
___ST com 28 Treads_concluida___
___ST com 30 Treads___
Execution Time: 69.83102
	Time:	0:01:10
	Energy:	0.0033 kWh
	CO2eq:	0.3232 g
	0.0030 km travelled by car
	Time:	0:01:10
	Energy:	0.0033 kWh
	CO2eq:	0.3232 g
	0.0030 km travelled by car
___ST com 30 Treads_concluida___
___ST com 32 Treads___
Execution Time: 62.51425
	Time:	0:01:03
	Energy:	0.0030 kWh
	CO2eq:	0.2974 g
	0.0028 km travelled by car
	Time:	0:01:03
	Energy:	0.0030 kWh
	CO2eq:	0.2974 g
	0.0028 km travelled by car
___ST com 32 Treads_concluida___
___ST com 34 Treads___
Execution Time: 57.83802
	Time:	0:00:58
	Energy:	0.0029 kWh
	CO2eq:	0.2849 g
	0.0027 km travelled by car
	Time:	0:00:58
	Energy:	0.0029 kWh
	CO2eq:	0.2849 g
	0.0027 km travelled by car
___ST com 34 Treads_concluida___
___ST com 36 Treads___
Execution Time: 54.63517
	Time:	0:00:55
	Energy:	0.0028 kWh
	CO2eq:	0.2729 g
	0.0025 km travelled by car
	Time:	0:00:55
	Energy:	0.0028 kWh
	CO2eq:	0.2729 g
	0.0025 km travelled by car
___ST com 36 Treads_concluida___
___ST com 38 Treads___
Execution Time: 50.67033
	Time:	0:00:51
	Energy:	0.0026 kWh
	CO2eq:	0.2582 g
	0.0024 km travelled by car
	Time:	0:00:51
	Energy:	0.0026 kWh
	CO2eq:	0.2582 g
	0.0024 km travelled by car
___ST com 38 Treads_concluida___
___ST com 40 Treads___
Execution Time: 48.23055
	Time:	0:00:48
	Energy:	0.0025 kWh
	CO2eq:	0.2502 g
	0.0023 km travelled by car
	Time:	0:00:48
	Energy:	0.0025 kWh
	CO2eq:	0.2502 g
	0.0023 km travelled by car
___ST com 40 Treads_concluida___
___ST com 42 Treads___
Execution Time: 46.30989
	Time:	0:00:46
	Energy:	0.0025 kWh
	CO2eq:	0.2463 g
	0.0023 km travelled by car
	Time:	0:00:46
	Energy:	0.0025 kWh
	CO2eq:	0.2463 g
	0.0023 km travelled by car
___ST com 42 Treads_concluida___
___ST com 44 Treads___
Execution Time: 47.71004
	Time:	0:00:48
	Energy:	0.0026 kWh
	CO2eq:	0.2552 g
	0.0024 km travelled by car
	Time:	0:00:48
	Energy:	0.0026 kWh
	CO2eq:	0.2552 g
	0.0024 km travelled by car
___ST com 44 Treads_concluida___
___ST com 46 Treads___
Execution Time: 42.18518
	Time:	0:00:42
	Energy:	0.0023 kWh
	CO2eq:	0.2303 g
	0.0021 km travelled by car
	Time:	0:00:42
	Energy:	0.0023 kWh
	CO2eq:	0.2303 g
	0.0021 km travelled by car
___ST com 46 Treads_concluida___
___ST com 48 Treads___
Execution Time: 40.50108
	Time:	0:00:41
	Energy:	0.0023 kWh
	CO2eq:	0.2238 g
	0.0021 km travelled by car
	Time:	0:00:41
	Energy:	0.0023 kWh
	CO2eq:	0.2238 g
	0.0021 km travelled by car
___ST com 48 Treads_concluida___
___Fim de ST___:

