Numero de CPUs logicos (threads): 16
Numero de núcleos fisicos: 8
Start -> PO
compilando PO...
rm omp_po
gcc  omp_po.c -o omp_po -fopenmp -lm -O3
___Executando PO___:
___PO com 2 Treads___
Execution Time: 275.04484
	Time:	0:04:35
	Energy:	0.0064 kWh
	CO2eq:	0.6253 g
	0.0058 km travelled by car
	Time:	0:04:35
	Energy:	0.0064 kWh
	CO2eq:	0.6252 g
	0.0058 km travelled by car
___PO com 2 Treads_concluida___
___PO com 4 Treads___
Execution Time: 143.88600
	Time:	0:02:24
	Energy:	0.0036 kWh
	CO2eq:	0.3554 g
	0.0033 km travelled by car
	Time:	0:02:24
	Energy:	0.0036 kWh
	CO2eq:	0.3554 g
	0.0033 km travelled by car
___PO com 4 Treads_concluida___
___PO com 6 Treads___
Execution Time: 101.51080
	Time:	0:01:42
	Energy:	0.0028 kWh
	CO2eq:	0.2710 g
	0.0025 km travelled by car
	Time:	0:01:42
	Energy:	0.0028 kWh
	CO2eq:	0.2710 g
	0.0025 km travelled by car
___PO com 6 Treads_concluida___
___PO com 8 Treads___
Execution Time: 82.66453
	Time:	0:01:23
	Energy:	0.0024 kWh
	CO2eq:	0.2346 g
	0.0022 km travelled by car
	Time:	0:01:23
	Energy:	0.0024 kWh
	CO2eq:	0.2346 g
	0.0022 km travelled by car
___PO com 8 Treads_concluida___
___PO com 10 Treads___
Execution Time: 74.06781
	Time:	0:01:14
	Energy:	0.0022 kWh
	CO2eq:	0.2196 g
	0.0020 km travelled by car
	Time:	0:01:14
	Energy:	0.0022 kWh
	CO2eq:	0.2196 g
	0.0020 km travelled by car
___PO com 10 Treads_concluida___
___PO com 12 Treads___
Execution Time: 72.26470
	Time:	0:01:12
	Energy:	0.0023 kWh
	CO2eq:	0.2214 g
	0.0021 km travelled by car
	Time:	0:01:12
	Energy:	0.0023 kWh
	CO2eq:	0.2214 g
	0.0021 km travelled by car
___PO com 12 Treads_concluida___
___PO com 14 Treads___
Execution Time: 72.05762
	Time:	0:01:12
	Energy:	0.0023 kWh
	CO2eq:	0.2260 g
	0.0021 km travelled by car
	Time:	0:01:12
	Energy:	0.0023 kWh
	CO2eq:	0.2260 g
	0.0021 km travelled by car
___PO com 14 Treads_concluida___
___PO com 16 Treads___
Execution Time: 73.91177
	Time:	0:01:14
	Energy:	0.0024 kWh
	CO2eq:	0.2340 g
	0.0022 km travelled by car
	Time:	0:01:14
	Energy:	0.0024 kWh
	CO2eq:	0.2340 g
	0.0022 km travelled by car
___PO com 16 Treads_concluida___
___Fim de PO___:

Start -> ST
compilando ST...
make: Nothing to be done for 'all'.
___Executando ST___:
___ST com 2 Treads___
Execution Time: 138.99652
	Time:	0:02:19
	Energy:	0.0032 kWh
	CO2eq:	0.3114 g
	0.0029 km travelled by car
	Time:	0:02:19
	Energy:	0.0032 kWh
	CO2eq:	0.3114 g
	0.0029 km travelled by car
___ST com 2 Treads_concluida___
___ST com 4 Treads___
Execution Time: 74.53518
	Time:	0:01:15
	Energy:	0.0018 kWh
	CO2eq:	0.1810 g
	0.0017 km travelled by car
	Time:	0:01:15
	Energy:	0.0018 kWh
	CO2eq:	0.1810 g
	0.0017 km travelled by car
___ST com 4 Treads_concluida___
___ST com 6 Treads___
Execution Time: 53.67908
	Time:	0:00:54
	Energy:	0.0014 kWh
	CO2eq:	0.1388 g
	0.0013 km travelled by car
	Time:	0:00:54
	Energy:	0.0014 kWh
	CO2eq:	0.1388 g
	0.0013 km travelled by car
___ST com 6 Treads_concluida___
___ST com 8 Treads___
Execution Time: 45.58519
	Time:	0:00:46
	Energy:	0.0013 kWh
	CO2eq:	0.1251 g
	0.0012 km travelled by car
	Time:	0:00:46
	Energy:	0.0013 kWh
	CO2eq:	0.1251 g
	0.0012 km travelled by car
___ST com 8 Treads_concluida___
___ST com 10 Treads___
Execution Time: 42.94778
	Time:	0:00:43
	Energy:	0.0012 kWh
	CO2eq:	0.1207 g
	0.0011 km travelled by car
	Time:	0:00:43
	Energy:	0.0012 kWh
	CO2eq:	0.1205 g
	0.0011 km travelled by car
___ST com 10 Treads_concluida___
___ST com 12 Treads___
Execution Time: 42.17003
	Time:	0:00:42
	Energy:	0.0012 kWh
	CO2eq:	0.1219 g
	0.0011 km travelled by car
	Time:	0:00:42
	Energy:	0.0012 kWh
	CO2eq:	0.1219 g
	0.0011 km travelled by car
___ST com 12 Treads_concluida___
___ST com 14 Treads___
Execution Time: 42.39105
	Time:	0:00:42
	Energy:	0.0013 kWh
	CO2eq:	0.1257 g
	0.0012 km travelled by car
	Time:	0:00:42
	Energy:	0.0013 kWh
	CO2eq:	0.1257 g
	0.0012 km travelled by car
___ST com 14 Treads_concluida___
___ST com 16 Treads___
Execution Time: 43.90322
	Time:	0:00:44
	Energy:	0.0014 kWh
	CO2eq:	0.1332 g
	0.0012 km travelled by car
	Time:	0:00:44
	Energy:	0.0014 kWh
	CO2eq:	0.1332 g
	0.0012 km travelled by car
___ST com 16 Treads_concluida___
___Fim de ST___:

