Numero de CPUs logicos (threads): 16
Numero de núcleos fisicos: 8
Start -> PO
compilando PO...
rm omp_po
gcc  omp_po.c -o omp_po -fopenmp -lm -O3
___Executando PO___:
___PO com 2 Treads___
Execution Time: 274.88618
	Time:	0:04:35
	Energy:	0.0063 kWh
	CO2eq:	0.6204 g
	0.0058 km travelled by car
	Time:	0:04:35
	Energy:	0.0063 kWh
	CO2eq:	0.6204 g
	0.0058 km travelled by car
___PO com 2 Treads_concluida___
___PO com 4 Treads___
Execution Time: 143.86851
	Time:	0:02:24
	Energy:	0.0036 kWh
	CO2eq:	0.3564 g
	0.0033 km travelled by car
	Time:	0:02:24
	Energy:	0.0036 kWh
	CO2eq:	0.3564 g
	0.0033 km travelled by car
___PO com 4 Treads_concluida___
___PO com 6 Treads___
Execution Time: 101.20266
	Time:	0:01:41
	Energy:	0.0028 kWh
	CO2eq:	0.2714 g
	0.0025 km travelled by car
	Time:	0:01:41
	Energy:	0.0028 kWh
	CO2eq:	0.2714 g
	0.0025 km travelled by car
___PO com 6 Treads_concluida___
___PO com 8 Treads___
Execution Time: 82.52908
	Time:	0:01:23
	Energy:	0.0024 kWh
	CO2eq:	0.2348 g
	0.0022 km travelled by car
	Time:	0:01:23
	Energy:	0.0024 kWh
	CO2eq:	0.2348 g
	0.0022 km travelled by car
___PO com 8 Treads_concluida___
___PO com 10 Treads___
Execution Time: 74.04922
	Time:	0:01:14
	Energy:	0.0022 kWh
	CO2eq:	0.2206 g
	0.0021 km travelled by car
	Time:	0:01:14
	Energy:	0.0022 kWh
	CO2eq:	0.2206 g
	0.0021 km travelled by car
___PO com 10 Treads_concluida___
___PO com 12 Treads___
Execution Time: 71.83775
	Time:	0:01:12
	Energy:	0.0022 kWh
	CO2eq:	0.2207 g
	0.0021 km travelled by car
	Time:	0:01:12
	Energy:	0.0022 kWh
	CO2eq:	0.2207 g
	0.0021 km travelled by car
___PO com 12 Treads_concluida___
___PO com 14 Treads___
Execution Time: 71.90041
	Time:	0:01:12
	Energy:	0.0023 kWh
	CO2eq:	0.2261 g
	0.0021 km travelled by car
	Time:	0:01:12
	Energy:	0.0023 kWh
	CO2eq:	0.2261 g
	0.0021 km travelled by car
___PO com 14 Treads_concluida___
___PO com 16 Treads___
Execution Time: 73.12533
	Time:	0:01:13
	Energy:	0.0024 kWh
	CO2eq:	0.2325 g
	0.0022 km travelled by car
	Time:	0:01:13
	Energy:	0.0024 kWh
	CO2eq:	0.2325 g
	0.0022 km travelled by car
___PO com 16 Treads_concluida___
___Fim de PO___:

Start -> ST
compilando ST...
make: Nothing to be done for 'all'.
___Executando ST___:
___ST com 2 Treads___
Execution Time: 138.97024
	Time:	0:02:19
	Energy:	0.0032 kWh
	CO2eq:	0.3099 g
	0.0029 km travelled by car
	Time:	0:02:19
	Energy:	0.0032 kWh
	CO2eq:	0.3098 g
	0.0029 km travelled by car
___ST com 2 Treads_concluida___
___ST com 4 Treads___
Execution Time: 74.19436
	Time:	0:01:14
	Energy:	0.0018 kWh
	CO2eq:	0.1794 g
	0.0017 km travelled by car
	Time:	0:01:14
	Energy:	0.0018 kWh
	CO2eq:	0.1794 g
	0.0017 km travelled by car
___ST com 4 Treads_concluida___
___ST com 6 Treads___
Execution Time: 54.11084
	Time:	0:00:54
	Energy:	0.0014 kWh
	CO2eq:	0.1397 g
	0.0013 km travelled by car
	Time:	0:00:54
	Energy:	0.0014 kWh
	CO2eq:	0.1397 g
	0.0013 km travelled by car
___ST com 6 Treads_concluida___
___ST com 8 Treads___
Execution Time: 45.69437
	Time:	0:00:46
	Energy:	0.0013 kWh
	CO2eq:	0.1238 g
	0.0012 km travelled by car
	Time:	0:00:46
	Energy:	0.0013 kWh
	CO2eq:	0.1238 g
	0.0012 km travelled by car
___ST com 8 Treads_concluida___
___ST com 10 Treads___
Execution Time: 42.89519
	Time:	0:00:43
	Energy:	0.0012 kWh
	CO2eq:	0.1209 g
	0.0011 km travelled by car
	Time:	0:00:43
	Energy:	0.0012 kWh
	CO2eq:	0.1206 g
	0.0011 km travelled by car
___ST com 10 Treads_concluida___
___ST com 12 Treads___
Execution Time: 42.15420
	Time:	0:00:42
	Energy:	0.0012 kWh
	CO2eq:	0.1225 g
	0.0011 km travelled by car
	Time:	0:00:42
	Energy:	0.0012 kWh
	CO2eq:	0.1225 g
	0.0011 km travelled by car
___ST com 12 Treads_concluida___
___ST com 14 Treads___
Execution Time: 42.44992
	Time:	0:00:42
	Energy:	0.0013 kWh
	CO2eq:	0.1253 g
	0.0012 km travelled by car
	Time:	0:00:42
	Energy:	0.0013 kWh
	CO2eq:	0.1253 g
	0.0012 km travelled by car
___ST com 14 Treads_concluida___
___ST com 16 Treads___
Execution Time: 44.84710
	Time:	0:00:45
	Energy:	0.0014 kWh
	CO2eq:	0.1352 g
	0.0013 km travelled by car
	Time:	0:00:45
	Energy:	0.0014 kWh
	CO2eq:	0.1352 g
	0.0013 km travelled by car
___ST com 16 Treads_concluida___
___Fim de ST___:

