Numero de CPUs logicos (threads): 16
Numero de núcleos fisicos: 8
Start -> PO
compilando PO...
rm omp_po
gcc  omp_po.c -o omp_po -fopenmp -lm -O3
___Executando PO___:
___PO com 2 Treads___
Execution Time: 274.48840
	Time:	0:04:34
	Energy:	0.0063 kWh
	CO2eq:	0.6224 g
	0.0058 km travelled by car
	Time:	0:04:34
	Energy:	0.0063 kWh
	CO2eq:	0.6224 g
	0.0058 km travelled by car
___PO com 2 Treads_concluida___
___PO com 4 Treads___
Execution Time: 143.78802
	Time:	0:02:24
	Energy:	0.0036 kWh
	CO2eq:	0.3588 g
	0.0033 km travelled by car
	Time:	0:02:24
	Energy:	0.0036 kWh
	CO2eq:	0.3588 g
	0.0033 km travelled by car
___PO com 4 Treads_concluida___
___PO com 6 Treads___
Execution Time: 102.07230
	Time:	0:01:42
	Energy:	0.0028 kWh
	CO2eq:	0.2714 g
	0.0025 km travelled by car
	Time:	0:01:42
	Energy:	0.0028 kWh
	CO2eq:	0.2714 g
	0.0025 km travelled by car
___PO com 6 Treads_concluida___
___PO com 8 Treads___
Execution Time: 82.19918
	Time:	0:01:22
	Energy:	0.0024 kWh
	CO2eq:	0.2327 g
	0.0022 km travelled by car
	Time:	0:01:22
	Energy:	0.0024 kWh
	CO2eq:	0.2327 g
	0.0022 km travelled by car
___PO com 8 Treads_concluida___
___PO com 10 Treads___
Execution Time: 74.28569
	Time:	0:01:14
	Energy:	0.0022 kWh
	CO2eq:	0.2206 g
	0.0021 km travelled by car
	Time:	0:01:14
	Energy:	0.0022 kWh
	CO2eq:	0.2206 g
	0.0021 km travelled by car
___PO com 10 Treads_concluida___
___PO com 12 Treads___
Execution Time: 71.90388
	Time:	0:01:12
	Energy:	0.0022 kWh
	CO2eq:	0.2203 g
	0.0020 km travelled by car
	Time:	0:01:12
	Energy:	0.0022 kWh
	CO2eq:	0.2203 g
	0.0020 km travelled by car
___PO com 12 Treads_concluida___
___PO com 14 Treads___
Execution Time: 71.92914
	Time:	0:01:12
	Energy:	0.0023 kWh
	CO2eq:	0.2247 g
	0.0021 km travelled by car
	Time:	0:01:12
	Energy:	0.0023 kWh
	CO2eq:	0.2247 g
	0.0021 km travelled by car
___PO com 14 Treads_concluida___
___PO com 16 Treads___
Execution Time: 73.39010
	Time:	0:01:13
	Energy:	0.0024 kWh
	CO2eq:	0.2328 g
	0.0022 km travelled by car
	Time:	0:01:13
	Energy:	0.0024 kWh
	CO2eq:	0.2328 g
	0.0022 km travelled by car
___PO com 16 Treads_concluida___
___Fim de PO___:

Start -> ST
compilando ST...
make: Nothing to be done for 'all'.
___Executando ST___:
___ST com 2 Treads___
Execution Time: 138.94868
	Time:	0:02:19
	Energy:	0.0032 kWh
	CO2eq:	0.3119 g
	0.0029 km travelled by car
	Time:	0:02:19
	Energy:	0.0032 kWh
	CO2eq:	0.3118 g
	0.0029 km travelled by car
___ST com 2 Treads_concluida___
___ST com 4 Treads___
Execution Time: 74.40446
	Time:	0:01:14
	Energy:	0.0018 kWh
	CO2eq:	0.1802 g
	0.0017 km travelled by car
	Time:	0:01:14
	Energy:	0.0018 kWh
	CO2eq:	0.1802 g
	0.0017 km travelled by car
___ST com 4 Treads_concluida___
___ST com 6 Treads___
Execution Time: 54.15983
	Time:	0:00:54
	Energy:	0.0014 kWh
	CO2eq:	0.1397 g
	0.0013 km travelled by car
	Time:	0:00:54
	Energy:	0.0014 kWh
	CO2eq:	0.1397 g
	0.0013 km travelled by car
___ST com 6 Treads_concluida___
___ST com 8 Treads___
Execution Time: 45.99910
	Time:	0:00:46
	Energy:	0.0013 kWh
	CO2eq:	0.1248 g
	0.0012 km travelled by car
	Time:	0:00:46
	Energy:	0.0013 kWh
	CO2eq:	0.1248 g
	0.0012 km travelled by car
___ST com 8 Treads_concluida___
___ST com 10 Treads___
Execution Time: 43.03822
	Time:	0:00:43
	Energy:	0.0012 kWh
	CO2eq:	0.1215 g
	0.0011 km travelled by car
	Time:	0:00:43
	Energy:	0.0012 kWh
	CO2eq:	0.1215 g
	0.0011 km travelled by car
___ST com 10 Treads_concluida___
___ST com 12 Treads___
Execution Time: 42.36055
	Time:	0:00:42
	Energy:	0.0013 kWh
	CO2eq:	0.1230 g
	0.0011 km travelled by car
	Time:	0:00:42
	Energy:	0.0013 kWh
	CO2eq:	0.1230 g
	0.0011 km travelled by car
___ST com 12 Treads_concluida___
___ST com 14 Treads___
Execution Time: 42.21530
	Time:	0:00:42
	Energy:	0.0013 kWh
	CO2eq:	0.1251 g
	0.0012 km travelled by car
	Time:	0:00:42
	Energy:	0.0013 kWh
	CO2eq:	0.1251 g
	0.0012 km travelled by car
___ST com 14 Treads_concluida___
___ST com 16 Treads___
Execution Time: 44.88584
	Time:	0:00:45
	Energy:	0.0014 kWh
	CO2eq:	0.1353 g
	0.0013 km travelled by car
	Time:	0:00:45
	Energy:	0.0014 kWh
	CO2eq:	0.1348 g
	0.0013 km travelled by car
___ST com 16 Treads_concluida___
___Fim de ST___:

