Numero de CPUs logicos (threads): 16
Numero de núcleos fisicos: 8
Start -> kmeans
compilando kmeans...
cd kmeans_serial; make clean
make[1]: Entering directory '/home/users/acsilveira/rodinia/openmp/kmeans/kmeans_serial'
rm -f *.o *~ kmeans 
make[1]: Leaving directory '/home/users/acsilveira/rodinia/openmp/kmeans/kmeans_serial'
cd kmeans_openmp; make clean
make[1]: Entering directory '/home/users/acsilveira/rodinia/openmp/kmeans/kmeans_openmp'
rm -f *.o *~ kmeans 
make[1]: Leaving directory '/home/users/acsilveira/rodinia/openmp/kmeans/kmeans_openmp'
cd kmeans_openmp; make
make[1]: Entering directory '/home/users/acsilveira/rodinia/openmp/kmeans/kmeans_openmp'
gcc -g -fopenmp -O2  cluster.c -c
gcc -g -fopenmp -O2  getopt.c -c
gcc -g -fopenmp -O2  kmeans.c -c
gcc -g -fopenmp -O2  kmeans_clustering.c -c
gcc -g -fopenmp -O2  cluster.o getopt.o kmeans.o kmeans_clustering.o  -o kmeans
make[1]: Leaving directory '/home/users/acsilveira/rodinia/openmp/kmeans/kmeans_openmp'
cd kmeans_serial; make
make[1]: Entering directory '/home/users/acsilveira/rodinia/openmp/kmeans/kmeans_serial'
gcc -g -fopenmp -O2  cluster.c -c
gcc -g -fopenmp -O2  getopt.c -c
gcc -g -fopenmp -O2  kmeans.c -c
gcc -g -fopenmp -O2  kmeans_clustering.c -c
gcc -g -fopenmp -O2  cluster.o getopt.o kmeans.o kmeans_clustering.o  -o kmeans
make[1]: Leaving directory '/home/users/acsilveira/rodinia/openmp/kmeans/kmeans_serial'
___Executando kmeans___:
___kmeans com 2 Treads___
Time for process: 392.433347
	Time:	0:06:34
	Energy:	0.0085 kWh
	CO2eq:	0.8402 g
	0.0078 km travelled by car
	Time:	0:06:34
	Energy:	0.0085 kWh
	CO2eq:	0.8402 g
	0.0078 km travelled by car
___kmeans com 2 Treads_concluida___
___kmeans com 4 Treads___
Time for process: 196.452316
	Time:	0:03:18
	Energy:	0.0045 kWh
	CO2eq:	0.4437 g
	0.0041 km travelled by car
	Time:	0:03:18
	Energy:	0.0045 kWh
	CO2eq:	0.4437 g
	0.0041 km travelled by car
___kmeans com 4 Treads_concluida___
___kmeans com 6 Treads___
Time for process: 143.530107
	Time:	0:02:25
	Energy:	0.0035 kWh
	CO2eq:	0.3396 g
	0.0032 km travelled by car
	Time:	0:02:25
	Energy:	0.0035 kWh
	CO2eq:	0.3396 g
	0.0032 km travelled by car
___kmeans com 6 Treads_concluida___
___kmeans com 8 Treads___
Time for process: 107.680948
	Time:	0:01:49
	Energy:	0.0027 kWh
	CO2eq:	0.2673 g
	0.0025 km travelled by car
	Time:	0:01:49
	Energy:	0.0027 kWh
	CO2eq:	0.2673 g
	0.0025 km travelled by car
___kmeans com 8 Treads_concluida___
___kmeans com 10 Treads___
Time for process: 86.263418
	Time:	0:01:27
	Energy:	0.0023 kWh
	CO2eq:	0.2232 g
	0.0021 km travelled by car
	Time:	0:01:27
	Energy:	0.0023 kWh
	CO2eq:	0.2232 g
	0.0021 km travelled by car
___kmeans com 10 Treads_concluida___
___kmeans com 12 Treads___
Time for process: 71.934113
	Time:	0:01:13
	Energy:	0.0020 kWh
	CO2eq:	0.1939 g
	0.0018 km travelled by car
	Time:	0:01:13
	Energy:	0.0020 kWh
	CO2eq:	0.1939 g
	0.0018 km travelled by car
___kmeans com 12 Treads_concluida___
___kmeans com 14 Treads___
Time for process: 61.693409
	Time:	0:01:03
	Energy:	0.0018 kWh
	CO2eq:	0.1727 g
	0.0016 km travelled by car
	Time:	0:01:03
	Energy:	0.0018 kWh
	CO2eq:	0.1727 g
	0.0016 km travelled by car
___kmeans com 14 Treads_concluida___
___kmeans com 16 Treads___
Time for process: 55.300772
	Time:	0:00:56
	Energy:	0.0016 kWh
	CO2eq:	0.1601 g
	0.0015 km travelled by car
	Time:	0:00:56
	Energy:	0.0016 kWh
	CO2eq:	0.1601 g
	0.0015 km travelled by car
___kmeans com 16 Treads_concluida___
___Fim de kmeans___:

Start -> leukocyte
compilando leukocyte...
___Executando leukocyte___:
___leukocyte com 2 Treads___
___leukocyte com 2 Treads_concluida___
___leukocyte com 4 Treads___
___leukocyte com 4 Treads_concluida___
___leukocyte com 6 Treads___
___leukocyte com 6 Treads_concluida___
___leukocyte com 8 Treads___
___leukocyte com 8 Treads_concluida___
___leukocyte com 10 Treads___
___leukocyte com 10 Treads_concluida___
___leukocyte com 12 Treads___
___leukocyte com 12 Treads_concluida___
___leukocyte com 14 Treads___
___leukocyte com 14 Treads_concluida___
___leukocyte com 16 Treads___
___leukocyte com 16 Treads_concluida___
___Fim de leukocyte___:

Start -> backprop
compilando backprop...
rm -f *.o *~ backprop backprop_cuda.linkinfo
gcc -O3 -lgomp -I/home/users/acsilveira/rodinia/common// -include my_timing.h -include my_verification.h -D_MY_IS_NOT_CUDA_ -D_MY_COMPILER_NAME_=\"nvcc\" backprop.c -c -o backprop.o -std=gnu89
gcc -O3 -lgomp -I/home/users/acsilveira/rodinia/common// -include my_timing.h -include my_verification.h -D_MY_IS_NOT_CUDA_ -D_MY_COMPILER_NAME_=\"nvcc\" facetrain.c -c -o facetrain.o -std=gnu89
gcc -O3 -lgomp -I/home/users/acsilveira/rodinia/common// -include my_timing.h -include my_verification.h -D_MY_IS_NOT_CUDA_ -D_MY_COMPILER_NAME_=\"nvcc\" imagenet.c -c -o imagenet.o -std=gnu89
gcc -O3 -lgomp -I/home/users/acsilveira/rodinia/common// -include my_timing.h -include my_verification.h -D_MY_IS_NOT_CUDA_ -D_MY_COMPILER_NAME_=\"nvcc\" backprop_kernel.c -c -o backprop_kernel.o -std=gnu89
nvcc backprop.o facetrain.o imagenet.o backprop_kernel.o -o backprop -lm -lm -O3 -lgomp
___Executando backprop___:
___backprop com 2 Treads___
backprop,adjust_weights,15.559422128,tupi1,nvcc,1,
	Time:	0:00:54
	Energy:	0.0014 kWh
	CO2eq:	0.1408 g
	0.0013 km travelled by car
	Time:	0:00:54
	Energy:	0.0014 kWh
	CO2eq:	0.1408 g
	0.0013 km travelled by car
___backprop com 2 Treads_concluida___
___backprop com 4 Treads___
backprop,adjust_weights,15.557526705000001,tupi1,nvcc,1,
	Time:	0:00:54
	Energy:	0.0014 kWh
	CO2eq:	0.1409 g
	0.0013 km travelled by car
	Time:	0:00:54
	Energy:	0.0014 kWh
	CO2eq:	0.1409 g
	0.0013 km travelled by car
___backprop com 4 Treads_concluida___
___backprop com 6 Treads___
backprop,adjust_weights,15.538661813999999,tupi1,nvcc,1,
	Time:	0:00:54
	Energy:	0.0014 kWh
	CO2eq:	0.1411 g
	0.0013 km travelled by car
	Time:	0:00:54
	Energy:	0.0014 kWh
	CO2eq:	0.1411 g
	0.0013 km travelled by car
___backprop com 6 Treads_concluida___
___backprop com 8 Treads___
backprop,adjust_weights,15.548289235,tupi1,nvcc,1,
	Time:	0:00:54
	Energy:	0.0015 kWh
	CO2eq:	0.1429 g
	0.0013 km travelled by car
	Time:	0:00:54
	Energy:	0.0015 kWh
	CO2eq:	0.1429 g
	0.0013 km travelled by car
___backprop com 8 Treads_concluida___
___backprop com 10 Treads___
backprop,adjust_weights,15.561047201000001,tupi1,nvcc,1,
	Time:	0:00:54
	Energy:	0.0014 kWh
	CO2eq:	0.1416 g
	0.0013 km travelled by car
	Time:	0:00:54
	Energy:	0.0014 kWh
	CO2eq:	0.1416 g
	0.0013 km travelled by car
___backprop com 10 Treads_concluida___
___backprop com 12 Treads___
backprop,adjust_weights,15.551303332,tupi1,nvcc,1,
	Time:	0:00:54
	Energy:	0.0014 kWh
	CO2eq:	0.1410 g
	0.0013 km travelled by car
	Time:	0:00:54
	Energy:	0.0014 kWh
	CO2eq:	0.1410 g
	0.0013 km travelled by car
___backprop com 12 Treads_concluida___
___backprop com 14 Treads___
backprop,adjust_weights,15.546193085000001,tupi1,nvcc,1,
	Time:	0:00:54
	Energy:	0.0014 kWh
	CO2eq:	0.1426 g
	0.0013 km travelled by car
	Time:	0:00:54
	Energy:	0.0014 kWh
	CO2eq:	0.1426 g
	0.0013 km travelled by car
___backprop com 14 Treads_concluida___
___backprop com 16 Treads___
backprop,adjust_weights,15.541704555999999,tupi1,nvcc,1,
	Time:	0:00:54
	Energy:	0.0014 kWh
	CO2eq:	0.1411 g
	0.0013 km travelled by car
	Time:	0:00:54
	Energy:	0.0014 kWh
	CO2eq:	0.1411 g
	0.0013 km travelled by car
___backprop com 16 Treads_concluida___
___Fim de backprop___:

