 Treads           App          Time Time CT  Energy   CO2eq  km travelled by car
      2           bfs      1,825709 0:00:04  0,0003  0,0400               0,0004
      4           bfs      2,650021 0:00:05  0,0003  0,0493               0,0005
      6           bfs      3,272857 0:00:05  0,0004  0,0540               0,0005
      8           bfs      3,186583 0:00:05  0,0004  0,0532               0,0005
     10           bfs      3,469766 0:00:06  0,0004  0,0572               0,0005
     12           bfs      4,002589 0:00:06  0,0004  0,0630               0,0006
     14           bfs      4,124126 0:00:06  0,0004  0,0634               0,0006
     16           bfs      4,209845 0:00:06  0,0005  0,0646               0,0006
     18           bfs      4,621730 0:00:07  0,0005  0,0699               0,0007
     20           bfs      4,685091 0:00:07  0,0005  0,0696               0,0006
     22           bfs      5,025165 0:00:07  0,0005  0,0731               0,0007
     24           bfs      5,240906 0:00:08  0,0005  0,0754               0,0007
     26           bfs      6,776717 0:00:09  0,0006  0,0909               0,0008
     28           bfs      8,035008 0:00:10  0,0007  0,1043               0,0010
     30           bfs      8,566015 0:00:11  0,0008  0,1070               0,0010
     32           bfs      9,378397 0:00:12  0,0008  0,1167               0,0011
     34           bfs      9,911240 0:00:12  0,0008  0,1199               0,0011
     36           bfs     10,443456 0:00:13  0,0009  0,1262               0,0012
     38           bfs     11,118134 0:00:13  0,0009  0,1321               0,0012
     40           bfs     11,465213 0:00:14  0,0010  0,1438               0,0013
     42           bfs     12,288481 0:00:14  0,0012  0,1755               0,0016
     44           bfs     12,735862 0:00:15  0,0013  0,1812               0,0017
     46           bfs     13,848809 0:00:16  0,0014  0,1979               0,0018
     48           bfs     14,397788 0:00:17  0,0014  0,2024               0,0019
      2         histo    182,182770 0:03:02  0,0124  1,7584               0,0164
      4         histo    704,962402 0:11:45  0,0489  6,9261               0,0644
      6         histo    995,655884 0:16:36  0,0707 10,0272               0,0933
      8         histo   1433,755249 0:23:54  0,1030 14,6090               0,1359
     10         histo   1453,689819 0:24:14  0,1067 15,1326               0,1408
     12         histo   1726,480957 0:28:47  0,1276 18,0856               0,1682
     14         histo   1694,567383 0:28:15  0,1270 18,0075               0,1675
     16         histo   1927,514038 0:32:08  0,1478 20,9531               0,1949
     18         histo   1917,077026 0:31:57  0,1499 21,2463               0,1976
     20         histo   1963,043335 0:32:43  0,1524 21,6034               0,2010
     22         histo   2082,955078 0:34:43  0,1672 23,7066               0,2205
     24         histo   2411,414307 0:40:12  0,1919 27,1997               0,2530
     26         histo   3181,927979 0:53:02  0,2602 36,8902               0,3432
     28         histo   3299,544678 0:55:00  0,2725 38,6386               0,3594
     30         histo   3540,454346 0:59:01  0,2925 41,4760               0,3858
     32         histo   3288,089111 0:54:48  0,2783 39,4503               0,3670
     34         histo   2699,712646 0:45:00  0,2285 32,3985               0,3014
     36         histo   2960,210449 0:49:20  0,2539 35,9999               0,3349
     38         histo   3118,197266 0:51:58  0,2718 38,5277               0,3584
     40         histo   3081,379639 0:51:22  0,2752 39,0113               0,3629
     42         histo   3791,556885 1:03:12  0,3462 49,0775               0,4565
     44         histo   3233,344238 0:53:53  0,2869 40,6805               0,3784
     46         histo   4043,156006 1:07:23  0,3792 53,7592               0,5001
     48         histo   4266,436035 1:11:07  0,4045 57,3531               0,5335
      2           lbm    522,088196 0:08:45  0,0366  5,1846               0,0482
      4           lbm    278,718933 0:04:41  0,0208  2,9542               0,0275
      6           lbm    196,014633 0:03:18  0,0158  2,2470               0,0209
      8           lbm    179,355453 0:03:02  0,0153  2,1673               0,0202
     10           lbm    183,551788 0:03:06  0,0158  2,2439               0,0209
     12           lbm    185,627441 0:03:08  0,0159  2,2525               0,0210
     14           lbm    188,507080 0:03:11  0,0164  2,3260               0,0216
     16           lbm    189,402725 0:03:12  0,0168  2,3776               0,0221
     18           lbm    189,552887 0:03:12  0,0171  2,4271               0,0226
     20           lbm    189,182251 0:03:11  0,0170  2,4123               0,0224
     22           lbm    190,403137 0:03:13  0,0174  2,4604               0,0229
     24           lbm    192,990112 0:03:16  0,0172  2,4450               0,0227
     26           lbm    178,932709 0:03:02  0,0163  2,3132               0,0215
     28           lbm    164,852829 0:02:47  0,0151  2,1434               0,0199
     30           lbm    155,458527 0:02:38  0,0147  2,0872               0,0194
     32           lbm    145,693069 0:02:28  0,0141  2,0051               0,0187
     34           lbm    136,124985 0:02:19  0,0136  1,9323               0,0180
     36           lbm    129,085815 0:02:11  0,0132  1,8671               0,0174
     38           lbm    122,595901 0:02:05  0,0128  1,8213               0,0169
     40           lbm    115,460335 0:01:58  0,0123  1,7392               0,0162
     42           lbm    109,276878 0:01:51  0,0118  1,6754               0,0156
     44           lbm    104,645760 0:01:47  0,0120  1,6985               0,0158
     46           lbm     99,065956 0:01:41  0,0112  1,5899               0,0148
     48           lbm     95,334412 0:01:38  0,0114  1,6169               0,0150
      2           mri           NaN 0:00:00  0,0000  0,0000               0,0000
      4           mri           NaN 0:00:00  0,0000  0,0000               0,0000
      6           mri           NaN 0:00:00  0,0000  0,0000               0,0000
      8           mri           NaN 0:00:00  0,0000  0,0000               0,0000
     10           mri           NaN 0:00:00  0,0000  0,0000               0,0000
     12           mri           NaN 0:00:00  0,0000  0,0000               0,0000
     14           mri           NaN 0:00:00  0,0000  0,0000               0,0000
     16           mri           NaN 0:00:00  0,0000  0,0000               0,0000
     18           mri           NaN 0:00:00  0,0000  0,0000               0,0000
     20           mri           NaN 0:00:00  0,0000  0,0000               0,0000
     22           mri           NaN 0:00:00  0,0000  0,0000               0,0000
     24           mri           NaN 0:00:00  0,0000  0,0000               0,0000
     26           mri           NaN 0:00:00  0,0000  0,0000               0,0000
     28           mri           NaN 0:00:00  0,0000  0,0000               0,0000
     30           mri           NaN 0:00:00  0,0000  0,0000               0,0000
     32           mri           NaN 0:00:00  0,0000  0,0000               0,0000
     34           mri           NaN 0:00:00  0,0000  0,0000               0,0000
     36           mri           NaN 0:00:00  0,0000  0,0000               0,0000
     38           mri           NaN 0:00:00  0,0000  0,0000               0,0000
     40           mri           NaN 0:00:00  0,0000  0,0000               0,0000
     42           mri           NaN 0:00:00  0,0000  0,0000               0,0000
     44           mri           NaN 0:00:00  0,0000  0,0000               0,0000
     46           mri           NaN 0:00:00  0,0000  0,0000               0,0000
     48           mri           NaN 0:00:00  0,0000  0,0000               0,0000
      2         cutcp     39,797009 0:00:40  0,0028  0,3921               0,0036
      4         cutcp     20,188257 0:00:20  0,0015  0,2123               0,0020
      6         cutcp     14,153324 0:00:14  0,0011  0,1556               0,0014
      8         cutcp     10,711117 0:00:11  0,0009  0,1239               0,0012
     10         cutcp      8,667386 0:00:09  0,0007  0,1051               0,0010
     12         cutcp      7,388846 0:00:07  0,0007  0,0924               0,0009
     14         cutcp      6,281641 0:00:06  0,0006  0,0809               0,0008
     16         cutcp      5,892497 0:00:06  0,0006  0,0783               0,0007
     18         cutcp      5,090783 0:00:05  0,0005  0,0688               0,0006
     20         cutcp      4,614515 0:00:05  0,0005  0,0653               0,0006
     22         cutcp      4,258273 0:00:04  0,0004  0,0597               0,0006
     24         cutcp      4,071165 0:00:04  0,0004  0,0570               0,0005
     26         cutcp      3,865369 0:00:04  0,0004  0,0566               0,0005
     28         cutcp      3,541158 0:00:04  0,0004  0,0541               0,0005
     30         cutcp      3,392352 0:00:03  0,0004  0,0534               0,0005
     32         cutcp      3,246236 0:00:03  0,0004  0,0529               0,0005
     34         cutcp      3,017638 0:00:03  0,0004  0,0513               0,0005
     36         cutcp      2,898948 0:00:03  0,0004  0,0501               0,0005
     38         cutcp      2,872506 0:00:03  0,0004  0,0510               0,0005
     40         cutcp      2,587505 0:00:03  0,0003  0,0473               0,0004
     42         cutcp      2,556540 0:00:03  0,0003  0,0484               0,0004
     44         cutcp      2,449640 0:00:03  0,0003  0,0466               0,0004
     46         cutcp      2,337096 0:00:02  0,0003  0,0450               0,0004
     48         cutcp      2,380886 0:00:02  0,0003  0,0460               0,0004
      2       hotspot     74,798000 0:01:16  0,0027  0,2700               0,0025
      4       hotspot     39,316000 0:00:40  0,0016  0,1525               0,0014
      6       hotspot     27,097000 0:00:28  0,0012  0,1146               0,0011
      8       hotspot     21,428000 0:00:22  0,0010  0,0963               0,0009
     10       hotspot     17,145000 0:00:18  0,0008  0,0824               0,0008
     12       hotspot     14,904000 0:00:16  0,0008  0,0747               0,0007
     14       hotspot     12,900000 0:00:14  0,0007  0,0659               0,0006
     16       hotspot     11,677000 0:00:12  0,0006  0,0592               0,0006
     18       hotspot     10,575000 0:00:11  0,0006  0,0543               0,0005
     20       hotspot      9,787000 0:00:11  0,0005  0,0508               0,0005
     22       hotspot      9,226000 0:00:10  0,0005  0,0481               0,0004
     24       hotspot      8,784000 0:00:10  0,0005  0,0451               0,0004
     26       hotspot      8,220000 0:00:09  0,0004  0,0431               0,0004
     28       hotspot      7,925000 0:00:09  0,0004  0,0425               0,0004
     30       hotspot      7,579000 0:00:08  0,0004  0,0442               0,0004
     32       hotspot      7,126000 0:00:08  0,0004  0,0430               0,0004
     34       hotspot      6,888000 0:00:08  0,0004  0,0430               0,0004
     36       hotspot      6,705000 0:00:07  0,0004  0,0428               0,0004
     38       hotspot      6,579000 0:00:07  0,0004  0,0427               0,0004
     40       hotspot      6,409000 0:00:07  0,0004  0,0421               0,0004
     42       hotspot      6,255000 0:00:07  0,0004  0,0426               0,0004
     44       hotspot      6,204000 0:00:07  0,0004  0,0410               0,0004
     46       hotspot      6,375000 0:00:07  0,0004  0,0432               0,0004
     48       hotspot      6,001000 0:00:07  0,0004  0,0425               0,0004
      2           lud 131154,427000 0:02:11  0,0047  0,4655               0,0043
      4           lud  66418,622000 0:01:07  0,0026  0,2530               0,0024
      6           lud  45253,463000 0:00:46  0,0019  0,1860               0,0017
      8           lud  39813,732000 0:00:40  0,0017  0,1719               0,0016
     10           lud  39597,856000 0:00:40  0,0018  0,1732               0,0016
     12           lud  39447,892000 0:00:40  0,0018  0,1747               0,0016
     14           lud  39309,466000 0:00:40  0,0018  0,1755               0,0016
     16           lud  39125,820000 0:00:39  0,0018  0,1777               0,0017
     18           lud  39001,672000 0:00:39  0,0018  0,1791               0,0017
     20           lud  38916,293000 0:00:39  0,0018  0,1796               0,0017
     22           lud  38828,324000 0:00:39  0,0018  0,1819               0,0017
     24           lud  38753,916000 0:00:39  0,0018  0,1783               0,0017
     26           lud  35519,305000 0:00:36  0,0017  0,1674               0,0016
     28           lud  32603,128000 0:00:33  0,0016  0,1575               0,0015
     30           lud  30435,293000 0:00:31  0,0015  0,1502               0,0014
     32           lud  28897,003000 0:00:29  0,0015  0,1473               0,0014
     34           lud  27325,744000 0:00:28  0,0015  0,1432               0,0013
     36           lud  27240,908000 0:00:28  0,0015  0,1454               0,0014
     38           lud  27912,854000 0:00:28  0,0015  0,1509               0,0014
     40           lud  28468,605000 0:00:29  0,0016  0,1559               0,0015
     42           lud  28198,683000 0:00:29  0,0016  0,1563               0,0015
     44           lud  29141,172000 0:00:29  0,0016  0,1615               0,0015
     46           lud  30814,009000 0:00:31  0,0017  0,1713               0,0016
     48           lud  31157,014000 0:00:31  0,0018  0,1738               0,0016
      2 streamcluster    356,774471 0:05:57  0,0126  1,2367               0,0115
      4 streamcluster    188,558772 0:03:09  0,0070  0,6868               0,0064
      6 streamcluster    140,753701 0:02:21  0,0055  0,5388               0,0050
      8 streamcluster    134,217615 0:02:14  0,0054  0,5277               0,0049
     10 streamcluster    133,851323 0:02:14  0,0055  0,5371               0,0050
     12 streamcluster    133,712717 0:02:14  0,0054  0,5351               0,0050
     14 streamcluster    134,021211 0:02:14  0,0056  0,5523               0,0051
     16 streamcluster    134,543888 0:02:15  0,0057  0,5623               0,0052
     18 streamcluster    135,052244 0:02:15  0,0058  0,5724               0,0053
     20 streamcluster    135,321956 0:02:15  0,0058  0,5703               0,0053
     22 streamcluster    135,682051 0:02:16  0,0058  0,5751               0,0053
     24 streamcluster    136,196552 0:02:16  0,0058  0,5721               0,0053
     26 streamcluster    135,689362 0:02:16  0,0060  0,5875               0,0055
     28 streamcluster    137,755185 0:02:18  0,0061  0,5971               0,0056
     30 streamcluster    130,163295 0:02:10  0,0060  0,5868               0,0055
     32 streamcluster    126,719032 0:02:07  0,0060  0,5858               0,0054
     34 streamcluster    121,856506 0:02:02  0,0059  0,5760               0,0054
     36 streamcluster    109,911863 0:01:50  0,0054  0,5279               0,0049
     38 streamcluster     94,859030 0:01:35  0,0047  0,4636               0,0043
     40 streamcluster     95,298163 0:01:35  0,0048  0,4721               0,0044
     42 streamcluster     92,060148 0:01:32  0,0047  0,4587               0,0043
     44 streamcluster     91,002343 0:01:31  0,0046  0,4547               0,0042
     46 streamcluster     96,838909 0:01:37  0,0048  0,4743               0,0044
     48 streamcluster     95,373924 0:01:35  0,0049  0,4838               0,0045