 Treads           App          Time Time CT  Energy   CO2eq  km travelled by car
      2           bfs      4,078762 0:00:07  0,0002  0,0302               0,0003
      4           bfs      4,648443 0:00:08  0,0002  0,0339               0,0003
      6           bfs      5,302172 0:00:09  0,0003  0,0358               0,0003
      8           bfs      5,615146 0:00:09  0,0003  0,0376               0,0003
     10           bfs      6,153061 0:00:10  0,0003  0,0405               0,0004
     12           bfs      6,438701 0:00:10  0,0003  0,0398               0,0004
     14           bfs      6,988607 0:00:10  0,0003  0,0397               0,0004
     16           bfs      7,010569 0:00:11  0,0003  0,0391               0,0004
     18           bfs      7,366278 0:00:11  0,0003  0,0426               0,0004
     20           bfs      7,657270 0:00:11  0,0003  0,0432               0,0004
     22           bfs     10,288233 0:00:14  0,0004  0,0562               0,0005
     24           bfs     11,410789 0:00:16  0,0005  0,0690               0,0006
     26           bfs     12,702407 0:00:16  0,0006  0,0907               0,0008
     28           bfs     13,745533 0:00:17  0,0007  0,0999               0,0009
     30           bfs     15,080752 0:00:19  0,0007  0,1048               0,0010
     32           bfs     15,880364 0:00:19  0,0008  0,1121               0,0010
     34           bfs     16,809029 0:00:21  0,0009  0,1290               0,0012
     36           bfs     18,498425 0:00:22  0,0010  0,1351               0,0013
     38           bfs     18,859800 0:00:23  0,0008  0,1168               0,0011
     40           bfs     19,956057 0:00:23  0,0009  0,1319               0,0012
      2         histo    218,770187 0:03:39  0,0063  0,8881               0,0083
      4         histo   1023,129456 0:17:04  0,0304  4,3121               0,0401
      6         histo   1171,471924 0:19:32  0,0364  5,1639               0,0480
      8         histo   1084,368774 0:18:05  0,0351  4,9786               0,0463
     10         histo   1498,811523 0:25:00  0,0501  7,1079               0,0661
     12         histo   1322,575073 0:22:04  0,0461  6,5381               0,0608
     14         histo   1703,598267 0:28:28  0,0615  8,7156               0,0811
     16         histo   1581,531250 0:26:22  0,0599  8,4858               0,0789
     18         histo   1693,653687 0:28:14  0,0673  9,5370               0,0887
     20         histo   1827,663940 0:30:29  0,0741 10,5013               0,0977
     22         histo   1857,799316 0:30:59  0,0769 10,8955               0,1014
     24         histo   1862,315796 0:31:03  0,0780 11,0576               0,1029
     26         histo   2005,361938 0:33:28  0,0860 12,1986               0,1135
     28         histo   2575,131836 0:42:56  0,1306 18,5108               0,1722
     30         histo   2464,892334 0:41:05  0,1243 17,6184               0,1639
     32         histo   2649,130127 0:44:11  0,1400 19,8415               0,1846
     34         histo   2735,020264 0:45:37  0,1485 21,0599               0,1959
     36         histo   2869,202393 0:47:50  0,1608 22,7903               0,2120
     38         histo   3260,926514 0:54:22  0,1907 27,0350               0,2515
     40         histo   3313,291504 0:55:14  0,1987 28,1727               0,2621
      2           lbm    828,157166 0:13:52  0,0253  3,5862               0,0334
      4           lbm    442,508972 0:07:27  0,0148  2,0914               0,0195
      6           lbm    328,135742 0:05:32  0,0116  1,6431               0,0153
      8           lbm    256,076752 0:04:20  0,0096  1,3626               0,0127
     10           lbm    211,068192 0:03:35  0,0083  1,1836               0,0110
     12           lbm    179,903259 0:03:04  0,0076  1,0808               0,0101
     14           lbm    155,617966 0:02:40  0,0069  0,9793               0,0091
     16           lbm    136,456039 0:02:21  0,0065  0,9153               0,0085
     18           lbm    122,233040 0:02:06  0,0060  0,8512               0,0079
     20           lbm    109,894020 0:01:54  0,0055  0,7813               0,0073
     22           lbm    100,301559 0:01:44  0,0062  0,8749               0,0081
     24           lbm     91,487053 0:01:36  0,0059  0,8396               0,0078
     26           lbm     84,634354 0:01:28  0,0060  0,8555               0,0080
     28           lbm     79,171967 0:01:23  0,0055  0,7834               0,0073
     30           lbm     73,294411 0:01:17  0,0054  0,7695               0,0072
     32           lbm     68,997902 0:01:13  0,0055  0,7843               0,0073
     34           lbm     64,977547 0:01:09  0,0048  0,6739               0,0063
     36           lbm     61,239864 0:01:05  0,0050  0,7121               0,0066
     38           lbm     58,517979 0:01:02  0,0052  0,7360               0,0068
     40           lbm     55,946152 0:01:00  0,0044  0,6251               0,0058
      2           mri           NaN 0:00:00  0,0000  0,0000               0,0000
      4           mri           NaN 0:00:00  0,0000  0,0000               0,0000
      6           mri           NaN 0:00:00  0,0000  0,0000               0,0000
      8           mri           NaN 0:00:00  0,0000  0,0000               0,0000
     10           mri           NaN 0:00:01  0,0000  0,0000               0,0000
     12           mri           NaN 0:00:00  0,0000  0,0000               0,0000
     14           mri           NaN 0:00:01  0,0000  0,0000               0,0000
     16           mri           NaN 0:00:00  0,0000  0,0000               0,0000
     18           mri           NaN 0:00:00  0,0000  0,0000               0,0000
     20           mri           NaN 0:00:00  0,0000  0,0000               0,0000
     22           mri           NaN 0:00:00  0,0000  0,0000               0,0000
     24           mri           NaN 0:00:00  0,0000  0,0000               0,0000
     26           mri           NaN 0:00:00  0,0000  0,0000               0,0000
     28           mri           NaN 0:00:00  0,0000  0,0000               0,0000
     30           mri           NaN 0:00:00  0,0000  0,0000               0,0000
     32           mri           NaN 0:00:00  0,0000  0,0000               0,0000
     34           mri           NaN 0:00:00  0,0000  0,0000               0,0000
     36           mri           NaN 0:00:00  0,0000  0,0000               0,0000
     38           mri           NaN 0:00:00  0,0000  0,0000               0,0000
     40           mri           NaN 0:00:00  0,0000  0,0000               0,0000
      2         cutcp     59,260460 0:00:59  0,0018  0,2606               0,0024
      4         cutcp     30,650360 0:00:31  0,0010  0,1433               0,0013
      6         cutcp     22,904089 0:00:23  0,0007  0,1040               0,0010
      8         cutcp     18,191525 0:00:18  0,0006  0,0806               0,0007
     10         cutcp     14,761960 0:00:15  0,0005  0,0719               0,0007
     12         cutcp     12,515985 0:00:13  0,0004  0,0634               0,0006
     14         cutcp     10,683016 0:00:11  0,0004  0,0567               0,0005
     16         cutcp      9,514671 0:00:10  0,0004  0,0526               0,0005
     18         cutcp      8,489168 0:00:09  0,0003  0,0495               0,0005
     20         cutcp      7,653208 0:00:08  0,0003  0,0416               0,0004
     22         cutcp      7,086398 0:00:07  0,0004  0,0516               0,0005
     24         cutcp      6,629755 0:00:07  0,0003  0,0479               0,0004
     26         cutcp      6,368913 0:00:07  0,0003  0,0477               0,0004
     28         cutcp      5,708042 0:00:06  0,0003  0,0461               0,0004
     30         cutcp      5,374031 0:00:06  0,0003  0,0436               0,0004
     32         cutcp      5,279600 0:00:06  0,0003  0,0416               0,0004
     34         cutcp      4,964921 0:00:05  0,0003  0,0439               0,0004
     36         cutcp      4,677650 0:00:06  0,0001  0,0101               0,0001
     38         cutcp      4,589749 0:00:07  0,0004  0,0596               0,0006
     40         cutcp      4,342140 0:00:04  0,0003  0,0398               0,0004
      2       hotspot    117,667000 0:02:00  0,0018  0,1769               0,0016
      4       hotspot     65,769000 0:01:07  0,0011  0,1092               0,0010
      6       hotspot     44,571000 0:00:46  0,0008  0,0795               0,0007
      8       hotspot     38,319000 0:00:40  0,0007  0,0722               0,0007
     10       hotspot     29,699000 0:00:32  0,0006  0,0592               0,0006
     12       hotspot     24,774000 0:00:27  0,0005  0,2587               0,0024
     14       hotspot     22,052000 0:00:24  0,0005  0,2431               0,0023
     16       hotspot     23,139000 0:00:25  0,0005  0,2630               0,0024
     18       hotspot     17,072000 0:00:18  0,0004  0,2074               0,0019
     20       hotspot     16,213000 0:00:18  0,0004  0,2045               0,0019
     22       hotspot     15,198000 0:00:17  0,0005  0,2337               0,0022
     24       hotspot     13,866000 0:00:15  0,0005  0,2183               0,0020
     26       hotspot     13,198000 0:00:15  0,0004  0,2116               0,0020
     28       hotspot     13,358000 0:00:15  0,0005  0,2175               0,0020
     30       hotspot     12,963000 0:00:15  0,0005  0,2311               0,0021
     32       hotspot     13,100000 0:00:15  0,0005  0,2223               0,0021
     34       hotspot     11,639000 0:00:13  0,0004  0,2075               0,0019
     36       hotspot     11,015000 0:00:13  0,0004  0,1995               0,0019
     38       hotspot     10,608000 0:00:13  0,0004  0,2047               0,0019
     40       hotspot     10,502000 0:00:12  0,0004  0,2156               0,0020
      2           lud 394666,457000 0:06:35  0,0059  2,8246               0,0263
      4           lud 196703,782000 0:03:17  0,0032  1,5200               0,0141
      6           lud 136365,259000 0:02:17  0,0023  1,1153               0,0104
      8           lud 103341,215000 0:01:44  0,0018  0,8676               0,0081
     10           lud  83886,958000 0:01:24  0,0016  0,7556               0,0070
     12           lud  70544,432000 0:01:11  0,0014  0,6668               0,0062
     14           lud  59805,375000 0:01:00  0,0012  0,5978               0,0056
     16           lud  52929,849000 0:00:53  0,0012  0,5588               0,0052
     18           lud  48039,315000 0:00:48  0,0011  0,5342               0,0050
     20           lud  43325,829000 0:00:44  0,0010  0,5039               0,0047
     22           lud  37394,382000 0:00:38  0,0011  0,5292               0,0049
     24           lud  35589,734000 0:00:36  0,0011  0,5208               0,0048
     26           lud  33872,376000 0:00:34  0,0010  0,5046               0,0047
     28           lud  32092,087000 0:00:32  0,0010  0,4872               0,0045
     30           lud  30244,170000 0:00:31  0,0010  0,4679               0,0044
     32           lud  28561,385000 0:00:29  0,0009  0,4535               0,0042
     34           lud  27138,918000 0:00:27  0,0009  0,4440               0,0041
     36           lud  26718,577000 0:00:27  0,0009  0,4467               0,0042
     38           lud  24789,182000 0:00:25  0,0009  0,4292               0,0040
     40           lud  24032,083000 0:00:24  0,0009  0,4242               0,0039
      2 streamcluster    338,572751 0:05:39  0,0053  2,5472               0,0237
      4 streamcluster    180,902986 0:03:01  0,0031  1,4686               0,0137
      6 streamcluster    133,961992 0:02:14  0,0024  1,1491               0,0107
      8 streamcluster    107,694422 0:01:48  0,0020  0,9704               0,0090
     10 streamcluster     91,746307 0:01:32  0,0018  0,8716               0,0081
     12 streamcluster     78,932341 0:01:19  0,0016  0,7917               0,0074
     14 streamcluster     70,607372 0:01:11  0,0016  0,7478               0,0070
     16 streamcluster     65,403270 0:01:05  0,0015  0,7270               0,0068
     18 streamcluster     62,034392 0:01:02  0,0015  0,7186               0,0067
     20 streamcluster     61,395954 0:01:01  0,0015  0,7367               0,0069
     22 streamcluster     57,980706 0:00:58  0,0016  0,7793               0,0072
     24 streamcluster     56,855180 0:00:57  0,0016  0,7789               0,0072
     26 streamcluster     55,619024 0:00:56  0,0016  0,7886               0,0073
     28 streamcluster     54,129825 0:00:54  0,0016  0,7791               0,0072
     30 streamcluster     52,254306 0:00:52  0,0016  0,7572               0,0070
     32 streamcluster     51,362468 0:00:51  0,0016  0,7627               0,0071
     34 streamcluster     49,969013 0:00:50  0,0016  0,7571               0,0070
     36 streamcluster     46,791550 0:00:47  0,0015  0,7143               0,0066
     38 streamcluster     48,456209 0:00:49  0,0016  0,7578               0,0070
     40 streamcluster     48,793023 0:00:49  0,0016  0,7640               0,0071