 Treads           App          Time Time CT  Energy   CO2eq  km travelled by car
      2           bfs      4,549622 0:00:08  0,0002  0,0295               0,0003
      4           bfs      5,044545 0:00:08  0,0002  0,0337               0,0003
      6           bfs      5,297509 0:00:09  0,0002  0,0313               0,0003
      8           bfs      5,728641 0:00:09  0,0003  0,0371               0,0003
     10           bfs      6,383725 0:00:10  0,0003  0,0386               0,0004
     12           bfs      6,553640 0:00:10  0,0002  0,0354               0,0003
     14           bfs      6,396983 0:00:10  0,0002  0,0349               0,0003
     16           bfs      6,638120 0:00:10  0,0003  0,0408               0,0004
     18           bfs      7,074737 0:00:10  0,0003  0,0427               0,0004
     20           bfs      7,264381 0:00:11  0,0003  0,0437               0,0004
     22           bfs     10,273186 0:00:14  0,0004  0,0530               0,0005
     24           bfs     11,383039 0:00:15  0,0004  0,0576               0,0005
     26           bfs     12,427924 0:00:16  0,0006  0,0894               0,0008
     28           bfs     13,752524 0:00:17  0,0007  0,0997               0,0009
     30           bfs     14,870405 0:00:19  0,0007  0,1033               0,0010
     32           bfs     16,404306 0:00:20  0,0008  0,1171               0,0011
     34           bfs     17,094284 0:00:21  0,0009  0,1232               0,0011
     36           bfs     18,368082 0:00:22  0,0009  0,1300               0,0012
     38           bfs     19,007736 0:00:22  0,0010  0,1389               0,0013
     40           bfs     19,830845 0:00:23  0,0009  0,1309               0,0012
      2         histo    218,781204 0:03:39  0,0063  0,8872               0,0083
      4         histo    956,692627 0:15:58  0,0285  4,0461               0,0376
      6         histo   1104,984497 0:18:28  0,0344  4,8725               0,0453
      8         histo   1201,318359 0:20:03  0,0388  5,4998               0,0512
     10         histo   1493,077881 0:24:54  0,0501  7,0975               0,0660
     12         histo   1318,523682 0:22:00  0,0458  6,4962               0,0604
     14         histo   1475,087769 0:24:35  0,0538  7,6315               0,0710
     16         histo   1580,093384 0:26:22  0,0599  8,4980               0,0791
     18         histo   1745,025024 0:29:06  0,0682  9,6691               0,0899
     20         histo   1844,388184 0:30:46  0,0749 10,6150               0,0987
     22         histo   1761,580322 0:29:23  0,0722 10,2309               0,0952
     24         histo   2000,190186 0:33:22  0,0843 11,9566               0,1112
     26         histo   2017,369629 0:33:39  0,0864 12,2470               0,1139
     28         histo   2276,548340 0:37:58  0,1030 14,6058               0,1359
     30         histo   2626,904053 0:43:47  0,1351 19,1555               0,1782
     32         histo   2552,615723 0:42:34  0,1339 18,9891               0,1766
     34         histo   2766,389160 0:46:08  0,1497 21,2200               0,1974
     36         histo   3121,799805 0:52:02  0,1787 25,3374               0,2357
     38         histo   3066,428467 0:51:08  0,1783 25,2820               0,2352
     40         histo   3165,448975 0:52:47  0,1870 26,5095               0,2466
      2           lbm    828,706482 0:13:53  0,0253  3,5863               0,0334
      4           lbm    443,365906 0:07:27  0,0149  2,1175               0,0197
      6           lbm    328,393646 0:05:33  0,0116  1,6450               0,0153
      8           lbm    256,774170 0:04:22  0,0097  1,3686               0,0127
     10           lbm    211,530640 0:03:36  0,0084  1,1861               0,0110
     12           lbm    179,955246 0:03:05  0,0075  1,0700               0,0100
     14           lbm    155,403244 0:02:40  0,0069  0,9739               0,0091
     16           lbm    137,062195 0:02:22  0,0066  0,9358               0,0087
     18           lbm    122,121445 0:02:07  0,0059  0,8338               0,0078
     20           lbm    110,534660 0:01:55  0,0055  0,7825               0,0073
     22           lbm    100,482948 0:01:45  0,0060  0,8565               0,0080
     24           lbm     92,387222 0:01:37  0,0060  0,8540               0,0079
     26           lbm     85,045296 0:01:29  0,0056  0,7937               0,0074
     28           lbm     78,422836 0:01:23  0,0054  0,7651               0,0071
     30           lbm     73,719475 0:01:18  0,0049  0,6950               0,0065
     32           lbm     69,159668 0:01:13  0,0054  0,7641               0,0071
     34           lbm     66,042053 0:01:10  0,0045  0,6358               0,0059
     36           lbm     62,423492 0:01:07  0,0049  0,7002               0,0065
     38           lbm     59,428246 0:01:03  0,0052  0,7346               0,0068
     40           lbm     55,677589 0:00:59  0,0045  0,6313               0,0059
      2           mri           NaN 0:00:00  0,0000  0,0000               0,0000
      4           mri           NaN 0:00:00  0,0000  0,0000               0,0000
      6           mri           NaN 0:00:00  0,0000  0,0000               0,0000
      8           mri           NaN 0:00:00  0,0000  0,0000               0,0000
     10           mri           NaN 0:00:00  0,0000  0,0000               0,0000
     12           mri           NaN 0:00:00  0,0000  0,0000               0,0000
     14           mri           NaN 0:00:00  0,0000  0,0000               0,0000
     16           mri           NaN 0:00:00  0,0000  0,0000               0,0000
     18           mri           NaN 0:00:00  0,0000  0,0000               0,0000
     20           mri           NaN 0:00:01  0,0000  0,0000               0,0000
     22           mri           NaN 0:00:01  0,0000  0,0019               0,0000
     24           mri           NaN 0:00:00  0,0000  0,0000               0,0000
     26           mri           NaN 0:00:00  0,0000  0,0000               0,0000
     28           mri           NaN 0:00:00  0,0000  0,0000               0,0000
     30           mri           NaN 0:00:00  0,0000  0,0000               0,0000
     32           mri           NaN 0:00:00  0,0000  0,0000               0,0000
     34           mri           NaN 0:00:00  0,0000  0,0000               0,0000
     36           mri           NaN 0:00:00  0,0000  0,0000               0,0000
     38           mri           NaN 0:00:00  0,0000  0,0000               0,0000
     40           mri           NaN 0:00:01  0,0000  0,0023               0,0000
      2         cutcp     59,865307 0:01:00  0,0018  0,2618               0,0024
      4         cutcp     30,724594 0:00:31  0,0010  0,1434               0,0013
      6         cutcp     22,831467 0:00:23  0,0007  0,1038               0,0010
      8         cutcp     17,839193 0:00:18  0,0006  0,0886               0,0008
     10         cutcp     14,733812 0:00:15  0,0005  0,0760               0,0007
     12         cutcp     12,496280 0:00:13  0,0005  0,0650               0,0006
     14         cutcp     10,676598 0:00:11  0,0004  0,0559               0,0005
     16         cutcp      9,498365 0:00:10  0,0004  0,0534               0,0005
     18         cutcp      8,689698 0:00:09  0,0004  0,0502               0,0005
     20         cutcp      7,675146 0:00:08  0,0003  0,0395               0,0004
     22         cutcp      7,191164 0:00:08  0,0004  0,0531               0,0005
     24         cutcp      6,676289 0:00:07  0,0002  0,0287               0,0003
     26         cutcp      6,473225 0:00:07  0,0003  0,0495               0,0005
     28         cutcp      5,747110 0:00:06  0,0003  0,0430               0,0004
     30         cutcp      5,323347 0:00:06  0,0003  0,0418               0,0004
     32         cutcp      5,215841 0:00:05  0,0003  0,0427               0,0004
     34         cutcp      5,016667 0:00:06  0,0002  0,0350               0,0003
     36         cutcp      4,705256 0:00:05  0,0003  0,0365               0,0003
     38         cutcp      4,612304 0:00:05  0,0003  0,0410               0,0004
     40         cutcp      4,321514 0:00:05  0,0003  0,1290               0,0012
      2       hotspot    122,731000 0:02:05  0,0019  0,9065               0,0084
      4       hotspot     67,540000 0:01:10  0,0011  0,5526               0,0051
      6       hotspot     42,509000 0:00:44  0,0008  0,3746               0,0035
      8       hotspot     42,576000 0:00:44  0,0008  0,3893               0,0036
     10       hotspot     28,542000 0:00:30  0,0006  0,2812               0,0026
     12       hotspot     24,123000 0:00:26  0,0005  0,2480               0,0023
     14       hotspot     21,844000 0:00:24  0,0005  0,2369               0,0022
     16       hotspot     22,123000 0:00:24  0,0005  0,2527               0,0024
     18       hotspot     17,575000 0:00:19  0,0004  0,2111               0,0020
     20       hotspot     15,695000 0:00:17  0,0004  0,1980               0,0018
     22       hotspot     15,352000 0:00:17  0,0005  0,2247               0,0021
     24       hotspot     13,937000 0:00:15  0,0005  0,2213               0,0021
     26       hotspot     13,180000 0:00:15  0,0004  0,2119               0,0020
     28       hotspot     12,897000 0:00:15  0,0005  0,2262               0,0021
     30       hotspot     12,706000 0:00:15  0,0005  0,2282               0,0021
     32       hotspot     12,995000 0:00:15  0,0005  0,0495               0,0005
     34       hotspot     11,703000 0:00:13  0,0004  0,0426               0,0004
     36       hotspot     10,915000 0:00:13  0,0004  0,0433               0,0004
     38       hotspot     10,798000 0:00:12  0,0004  0,0439               0,0004
     40       hotspot     10,783000 0:00:13  0,0004  0,0406               0,0004
      2           lud 387362,534000 0:06:28  0,0058  0,5676               0,0053
      4           lud 196417,957000 0:03:17  0,0032  0,3116               0,0029
      6           lud 134516,904000 0:02:15  0,0023  0,2243               0,0021
      8           lud 106342,927000 0:01:47  0,0019  0,1856               0,0017
     10           lud  85456,860000 0:01:26  0,0016  0,1566               0,0015
     12           lud  70446,183000 0:01:11  0,0014  0,1369               0,0013
     14           lud  59991,493000 0:01:00  0,0012  0,1225               0,0011
     16           lud  53557,593000 0:00:54  0,0012  0,1141               0,0011
     18           lud  47221,750000 0:00:48  0,0011  0,1066               0,0010
     20           lud  43539,337000 0:00:44  0,0010  0,1026               0,0010
     22           lud  38227,534000 0:00:39  0,0011  0,1095               0,0010
     24           lud  35951,537000 0:00:36  0,0011  0,1064               0,0010
     26           lud  34013,696000 0:00:34  0,0011  0,1037               0,0010
     28           lud  32278,527000 0:00:33  0,0010  0,0998               0,0009
     30           lud  30975,447000 0:00:31  0,0010  0,0975               0,0009
     32           lud  28636,742000 0:00:29  0,0010  0,0936               0,0009
     34           lud  27279,560000 0:00:28  0,0009  0,0914               0,0009
     36           lud  26104,220000 0:00:26  0,0009  0,0900               0,0008
     38           lud  24705,823000 0:00:25  0,0009  0,0878               0,0008
     40           lud  23764,956000 0:00:24  0,0009  0,0863               0,0008
      2 streamcluster    336,175576 0:05:36  0,0052  0,5146               0,0048
      4 streamcluster    178,757139 0:02:59  0,0030  0,2969               0,0028
      6 streamcluster    131,919821 0:02:12  0,0024  0,2315               0,0022
      8 streamcluster    108,305444 0:01:48  0,0020  0,1994               0,0019
     10 streamcluster     91,018088 0:01:31  0,0018  0,1770               0,0016
     12 streamcluster     79,096366 0:01:19  0,0016  0,1622               0,0015
     14 streamcluster     70,285432 0:01:10  0,0015  0,1522               0,0014
     16 streamcluster     64,905515 0:01:05  0,0015  0,1464               0,0014
     18 streamcluster     60,975402 0:01:01  0,0015  0,1449               0,0013
     20 streamcluster     61,419694 0:01:01  0,0015  0,1510               0,0014
     22 streamcluster     57,656264 0:00:58  0,0016  0,1581               0,0015
     24 streamcluster     56,383309 0:00:56  0,0016  0,1591               0,0015
     26 streamcluster     55,692342 0:00:56  0,0016  0,1618               0,0015
     28 streamcluster     53,539863 0:00:54  0,0016  0,1576               0,0015
     30 streamcluster     52,377681 0:00:52  0,0016  0,1558               0,0014
     32 streamcluster     51,395170 0:00:51  0,0016  0,1564               0,0015
     34 streamcluster     50,522777 0:00:51  0,0016  0,1563               0,0015
     36 streamcluster     46,265362 0:00:46  0,0015  0,1462               0,0014
     38 streamcluster     49,199110 0:00:49  0,0016  0,1581               0,0015
     40 streamcluster     49,844689 0:00:50  0,0016  0,1613               0,0015