 Treads           App          Time Time CT  Energy   CO2eq  km travelled by car
      2           bfs      2,531866 0:00:05  0,0003  0,0486               0,0005
      4           bfs      3,099204 0:00:06  0,0004  0,0556               0,0005
      6           bfs      3,166497 0:00:05  0,0004  0,0533               0,0005
      8           bfs      3,254403 0:00:06  0,0004  0,0564               0,0005
     10           bfs      4,123043 0:00:06  0,0004  0,0634               0,0006
     12           bfs      4,060869 0:00:06  0,0004  0,0620               0,0006
     14           bfs      4,393498 0:00:08  0,0005  0,0746               0,0007
     16           bfs      4,467228 0:00:07  0,0005  0,0673               0,0006
     18           bfs      5,306004 0:00:08  0,0005  0,0738               0,0007
     20           bfs      4,965177 0:00:07  0,0005  0,0710               0,0007
     22           bfs      5,416146 0:00:08  0,0005  0,0752               0,0007
     24           bfs      5,669042 0:00:08  0,0006  0,0784               0,0007
     26           bfs      7,553576 0:00:10  0,0007  0,1009               0,0009
     28           bfs      8,106398 0:00:10  0,0007  0,1035               0,0010
     30           bfs      9,043543 0:00:11  0,0008  0,1101               0,0010
     32           bfs      9,303788 0:00:12  0,0008  0,1153               0,0011
     34           bfs     10,050177 0:00:12  0,0009  0,1212               0,0011
     36           bfs     10,863442 0:00:13  0,0009  0,1300               0,0012
     38           bfs     11,409028 0:00:14  0,0009  0,1317               0,0012
     40           bfs     12,294785 0:00:15  0,0012  0,1728               0,0016
     42           bfs     12,129526 0:00:14  0,0011  0,1609               0,0015
     44           bfs     12,496093 0:00:15  0,0013  0,1784               0,0017
     46           bfs     13,834229 0:00:16  0,0014  0,1948               0,0018
     48           bfs     14,284271 0:00:17  0,0014  0,2022               0,0019
      2         histo    182,747757 0:03:03  0,0124  1,7608               0,0164
      4         histo    689,885254 0:11:31  0,0475  6,7295               0,0626
      6         histo   1313,448975 0:21:55  0,0926 13,1296               0,1221
      8         histo   1433,927856 0:23:55  0,1037 14,6992               0,1367
     10         histo   1644,115723 0:27:26  0,1211 17,1663               0,1597
     12         histo   1697,548096 0:28:19  0,1253 17,7597               0,1652
     14         histo   1674,038818 0:27:55  0,1267 17,9608               0,1671
     16         histo   1836,409668 0:30:38  0,1403 19,8870               0,1850
     18         histo   1895,821899 0:31:37  0,1472 20,8708               0,1941
     20         histo   2070,079346 0:34:31  0,1623 23,0142               0,2141
     22         histo   2018,641479 0:33:40  0,1590 22,5460               0,2097
     24         histo   2203,293213 0:36:45  0,1755 24,8751               0,2314
     26         histo   3148,684570 0:52:30  0,2578 36,5504               0,3400
     28         histo   3386,498291 0:56:28  0,2760 39,1350               0,3640
     30         histo   3118,624756 0:52:00  0,2610 37,0071               0,3443
     32         histo   3468,002441 0:57:49  0,2952 41,8539               0,3893
     34         histo   3135,663818 0:52:17  0,2682 38,0232               0,3537
     36         histo   3199,806152 0:53:21  0,2760 39,1345               0,3640
     38         histo   3516,538818 0:58:38  0,3108 44,0567               0,4098
     40         histo   3452,214600 0:57:33  0,3073 43,5607               0,4052
     42         histo   3722,036621 1:02:03  0,3369 47,7640               0,4443
     44         histo   3469,704834 0:57:51  0,3143 44,5535               0,4145
     46         histo   3127,731445 0:52:09  0,2805 39,7654               0,3699
     48         histo   3713,696289 1:01:55  0,3455 48,9863               0,4557
      2           lbm    521,742920 0:08:44  0,0366  5,1957               0,0483
      4           lbm    279,503204 0:04:42  0,0210  2,9816               0,0277
      6           lbm    196,606247 0:03:19  0,0157  2,2312               0,0208
      8           lbm    178,965256 0:03:01  0,0151  2,1446               0,0199
     10           lbm    184,423828 0:03:07  0,0158  2,2449               0,0209
     12           lbm    187,385513 0:03:10  0,0160  2,2654               0,0211
     14           lbm    188,089844 0:03:11  0,0163  2,3098               0,0215
     16           lbm    189,383423 0:03:12  0,0168  2,3800               0,0221
     18           lbm    190,105743 0:03:14  0,0169  2,3968               0,0223
     20           lbm    189,983063 0:03:13  0,0169  2,4022               0,0223
     22           lbm    191,736328 0:03:15  0,0174  2,4622               0,0229
     24           lbm    190,749466 0:03:14  0,0171  2,4275               0,0226
     26           lbm    177,915390 0:03:00  0,0163  2,3168               0,0216
     28           lbm    166,829758 0:02:49  0,0155  2,1958               0,0204
     30           lbm    155,342224 0:02:38  0,0145  2,0488               0,0191
     32           lbm    142,911224 0:02:26  0,0135  1,9118               0,0178
     34           lbm    138,306244 0:02:21  0,0138  1,9600               0,0182
     36           lbm    129,255905 0:02:12  0,0131  1,8631               0,0173
     38           lbm    123,177444 0:02:06  0,0128  1,8135               0,0169
     40           lbm    116,249817 0:02:00  0,0124  1,7593               0,0164
     42           lbm    109,019516 0:01:52  0,0116  1,6489               0,0153
     44           lbm    103,658760 0:01:47  0,0118  1,6709               0,0155
     46           lbm    101,231384 0:01:45  0,0117  1,6621               0,0155
     48           lbm     95,326355 0:01:38  0,0113  1,6042               0,0149
      2           mri           NaN 0:00:00  0,0000  0,0000               0,0000
      4           mri           NaN 0:00:00  0,0000  0,0000               0,0000
      6           mri           NaN 0:00:00  0,0000  0,0000               0,0000
      8           mri           NaN 0:00:00  0,0000  0,0000               0,0000
     10           mri           NaN 0:00:01  0,0001  0,0099               0,0001
     12           mri           NaN 0:00:00  0,0000  0,0000               0,0000
     14           mri           NaN 0:00:00  0,0000  0,0000               0,0000
     16           mri           NaN 0:00:00  0,0000  0,0000               0,0000
     18           mri           NaN 0:00:00  0,0000  0,0000               0,0000
     20           mri           NaN 0:00:00  0,0000  0,0000               0,0000
     22           mri           NaN 0:00:00  0,0000  0,0000               0,0000
     24           mri           NaN 0:00:00  0,0000  0,0000               0,0000
     26           mri           NaN 0:00:00  0,0000  0,0000               0,0000
     28           mri           NaN 0:00:01  0,0001  0,0084               0,0001
     30           mri           NaN 0:00:01  0,0001  0,0081               0,0001
     32           mri           NaN 0:00:01  0,0000  0,0000               0,0000
     34           mri           NaN 0:00:00  0,0000  0,0000               0,0000
     36           mri           NaN 0:00:00  0,0000  0,0000               0,0000
     38           mri           NaN 0:00:00  0,0000  0,0000               0,0000
     40           mri           NaN 0:00:00  0,0000  0,0000               0,0000
     42           mri           NaN 0:00:00  0,0000  0,0022               0,0000
     44           mri           NaN 0:00:00  0,0000  0,0000               0,0000
     46           mri           NaN 0:00:00  0,0000  0,0000               0,0000
     48           mri           NaN 0:00:00  0,0000  0,0000               0,0000
      2         cutcp     39,818047 0:00:40  0,0028  1,3215               0,0123
      4         cutcp     20,231405 0:00:21  0,0015  0,7130               0,0066
      6         cutcp     14,184673 0:00:14  0,0011  0,5256               0,0049
      8         cutcp     10,741251 0:00:11  0,0009  0,4114               0,0038
     10         cutcp      8,683902 0:00:09  0,0007  0,3485               0,0032
     12         cutcp      7,440957 0:00:08  0,0006  0,3003               0,0028
     14         cutcp      6,370488 0:00:07  0,0006  0,2888               0,0027
     16         cutcp      5,649462 0:00:06  0,0005  0,2480               0,0023
     18         cutcp      5,043150 0:00:05  0,0005  0,2335               0,0022
     20         cutcp      4,631126 0:00:05  0,0005  0,2161               0,0020
     22         cutcp      4,281454 0:00:04  0,0004  0,1989               0,0019
     24         cutcp      4,124930 0:00:04  0,0004  0,1931               0,0018
     26         cutcp      3,911667 0:00:04  0,0004  0,1914               0,0018
     28         cutcp      3,593790 0:00:04  0,0004  0,1987               0,0018
     30         cutcp      3,510034 0:00:04  0,0004  0,1919               0,0018
     32         cutcp      3,218098 0:00:04  0,0003  0,1544               0,0014
     34         cutcp      3,021945 0:00:03  0,0004  0,1714               0,0016
     36         cutcp      2,908769 0:00:03  0,0004  0,1691               0,0016
     38         cutcp      2,877709 0:00:03  0,0004  0,1715               0,0016
     40         cutcp      2,619539 0:00:03  0,0003  0,1596               0,0015
     42         cutcp      2,554405 0:00:03  0,0003  0,1631               0,0015
     44         cutcp      2,496242 0:00:03  0,0003  0,1612               0,0015
     46         cutcp      2,395801 0:00:03  0,0003  0,1555               0,0014
     48         cutcp      2,413996 0:00:03  0,0003  0,1569               0,0015
      2       hotspot     75,327000 0:01:17  0,0028  1,3345               0,0124
      4       hotspot     39,920000 0:00:41  0,0016  0,7625               0,0071
      6       hotspot     27,270000 0:00:28  0,0012  0,5711               0,0053
      8       hotspot     21,220000 0:00:22  0,0010  0,4648               0,0043
     10       hotspot     17,097000 0:00:18  0,0008  0,4039               0,0038
     12       hotspot     14,903000 0:00:16  0,0008  0,3759               0,0035
     14       hotspot     13,400000 0:00:15  0,0007  0,3401               0,0032
     16       hotspot     11,699000 0:00:13  0,0006  0,2842               0,0026
     18       hotspot     10,541000 0:00:12  0,0006  0,2659               0,0025
     20       hotspot      9,693000 0:00:10  0,0005  0,2435               0,0023
     22       hotspot      9,119000 0:00:10  0,0005  0,2373               0,0022
     24       hotspot      9,537000 0:00:10  0,0005  0,2378               0,0022
     26       hotspot      8,233000 0:00:09  0,0004  0,2160               0,0020
     28       hotspot      7,897000 0:00:09  0,0004  0,2130               0,0020
     30       hotspot      7,585000 0:00:09  0,0004  0,1700               0,0016
     32       hotspot      7,143000 0:00:08  0,0005  0,2265               0,0021
     34       hotspot      6,958000 0:00:08  0,0005  0,2236               0,0021
     36       hotspot      6,708000 0:00:08  0,0005  0,2268               0,0021
     38       hotspot      6,547000 0:00:08  0,0005  0,2211               0,0021
     40       hotspot      6,408000 0:00:08  0,0005  0,2196               0,0020
     42       hotspot      6,242000 0:00:08  0,0004  0,2151               0,0020
     44       hotspot      6,217000 0:00:07  0,0004  0,2135               0,0020
     46       hotspot      6,138000 0:00:07  0,0004  0,2106               0,0020
     48       hotspot      6,002000 0:00:07  0,0004  0,2032               0,0019
      2           lud 131109,382000 0:02:11  0,0047  2,2408               0,0208
      4           lud  66452,911000 0:01:07  0,0026  1,2429               0,0116
      6           lud  45242,809000 0:00:46  0,0019  0,9189               0,0085
      8           lud  39835,185000 0:00:40  0,0017  0,8344               0,0078
     10           lud  39579,514000 0:00:40  0,0017  0,8372               0,0078
     12           lud  39504,555000 0:00:40  0,0018  0,8449               0,0079
     14           lud  39302,673000 0:00:40  0,0018  0,8533               0,0079
     16           lud  39115,745000 0:00:39  0,0018  0,8630               0,0080
     18           lud  39010,991000 0:00:39  0,0018  0,8749               0,0081
     20           lud  38935,883000 0:00:39  0,0018  0,8706               0,0081
     22           lud  38829,517000 0:00:39  0,0018  0,8837               0,0082
     24           lud  38750,518000 0:00:39  0,0018  0,8745               0,0081
     26           lud  35661,827000 0:00:36  0,0017  0,8237               0,0077
     28           lud  32540,975000 0:00:33  0,0016  0,7690               0,0072
     30           lud  30281,501000 0:00:31  0,0015  0,7366               0,0069
     32           lud  28810,298000 0:00:29  0,0015  0,7202               0,0067
     34           lud  27757,680000 0:00:28  0,0015  0,7120               0,0066
     36           lud  26992,426000 0:00:27  0,0015  0,7065               0,0066
     38           lud  28150,149000 0:00:28  0,0015  0,7437               0,0069
     40           lud  28372,888000 0:00:29  0,0016  0,7618               0,0071
     42           lud  29279,608000 0:00:30  0,0016  0,7906               0,0074
     44           lud  29515,978000 0:00:30  0,0017  0,8001               0,0074
     46           lud  30075,624000 0:00:30  0,0017  0,8200               0,0076
     48           lud  30929,908000 0:00:31  0,0018  0,8455               0,0079
      2 streamcluster    356,760689 0:05:57  0,0126  6,0677               0,0564
      4 streamcluster    188,713782 0:03:09  0,0071  3,3929               0,0316
      6 streamcluster    140,942955 0:02:21  0,0055  2,6412               0,0246
      8 streamcluster    134,355742 0:02:14  0,0054  2,5937               0,0241
     10 streamcluster    133,875839 0:02:14  0,0055  2,6470               0,0246
     12 streamcluster    133,892754 0:02:14  0,0056  2,6839               0,0250
     14 streamcluster    134,070268 0:02:14  0,0057  2,7288               0,0254
     16 streamcluster    134,515642 0:02:15  0,0058  2,7711               0,0258
     18 streamcluster    135,064452 0:02:15  0,0058  2,7930               0,0260
     20 streamcluster    135,365192 0:02:15  0,0058  2,7859               0,0259
     22 streamcluster    135,853036 0:02:16  0,0059  2,8141               0,0262
     24 streamcluster    136,224533 0:02:16  0,0058  2,8002               0,0260
     26 streamcluster    135,591297 0:02:16  0,0060  2,8755               0,0267
     28 streamcluster    135,004030 0:02:15  0,0060  2,8705               0,0267
     30 streamcluster    132,814982 0:02:13  0,0061  2,9301               0,0273
     32 streamcluster    127,962179 0:02:08  0,0060  2,9012               0,0270
     34 streamcluster    119,562178 0:02:00  0,0058  2,7744               0,0258
     36 streamcluster    105,702188 0:01:46  0,0052  2,4896               0,0232
     38 streamcluster     90,569025 0:01:31  0,0045  2,1686               0,0202
     40 streamcluster     90,577636 0:01:31  0,0046  2,1952               0,0204
     42 streamcluster     92,493810 0:01:33  0,0047  2,2536               0,0210
     44 streamcluster    104,674404 0:01:45  0,0052  2,5209               0,0235
     46 streamcluster     92,266535 0:01:32  0,0047  2,2714               0,0211
     48 streamcluster     94,077643 0:01:34  0,0049  2,3379               0,0217