 Treads   App        Time Time CT  Energy   CO2eq  km travelled by car
      2   bfs    2,224080 0:00:05  0,0002  0,0258               0,0002
      4   bfs    2,928296 0:00:06  0,0002  0,0294               0,0003
      6   bfs    3,431396 0:00:06  0,0002  0,0320               0,0003
      8   bfs    3,577234 0:00:06  0,0002  0,0327               0,0003
     10   bfs    4,055108 0:00:07  0,0002  0,0349               0,0003
     12   bfs    4,296950 0:00:07  0,0003  0,0364               0,0003
     14   bfs    4,742673 0:00:07  0,0003  0,0385               0,0004
     16   bfs    5,234229 0:00:08  0,0003  0,0413               0,0004
     18   bfs    5,697183 0:00:08  0,0003  0,0438               0,0004
     20   bfs    5,809629 0:00:08  0,0003  0,0444               0,0004
     22   bfs    6,251869 0:00:09  0,0003  0,0465               0,0004
     24   bfs    6,595854 0:00:09  0,0003  0,0484               0,0005
     26   bfs    6,872169 0:00:10  0,0003  0,0495               0,0005
     28   bfs    7,530249 0:00:10  0,0004  0,0532               0,0005
     30   bfs    7,789793 0:00:11  0,0004  0,0550               0,0005
     32   bfs    8,238799 0:00:11  0,0004  0,0570               0,0005
     34   bfs    8,575436 0:00:11  0,0004  0,0582               0,0005
     36   bfs    9,218590 0:00:12  0,0004  0,0614               0,0006
     38   bfs    9,105809 0:00:12  0,0004  0,0601               0,0006
     40   bfs    9,875827 0:00:13  0,0005  0,0659               0,0006
     42   bfs   10,258408 0:00:13  0,0005  0,0683               0,0006
     44   bfs   10,459142 0:00:13  0,0005  0,0692               0,0006
     46   bfs   11,938957 0:00:15  0,0007  0,0970               0,0009
     48   bfs   13,312136 0:00:16  0,0008  0,1183               0,0011
     50   bfs   14,735989 0:00:17  0,0009  0,1303               0,0012
     52   bfs   16,057180 0:00:19  0,0010  0,1417               0,0013
     54   bfs   16,560678 0:00:19  0,0010  0,1473               0,0014
     56   bfs   18,586033 0:00:21  0,0012  0,1644               0,0015
     58   bfs   19,859833 0:00:23  0,0012  0,1759               0,0016
     60   bfs   20,222412 0:00:23  0,0011  0,1572               0,0015
     62   bfs   21,563515 0:00:24  0,0012  0,1709               0,0016
     64   bfs   23,207825 0:00:26  0,0016  0,2282               0,0021
     66   bfs   24,413250 0:00:27  0,0017  0,2439               0,0023
     68   bfs   24,107508 0:00:27  0,0017  0,2448               0,0023
     70   bfs   26,488899 0:00:29  0,0019  0,2703               0,0025
     72   bfs   27,519283 0:00:30  0,0020  0,2827               0,0026
     74   bfs   28,194813 0:00:31  0,0021  0,2936               0,0027
     76   bfs   28,495659 0:00:31  0,0021  0,2998               0,0028
     78   bfs   30,688633 0:00:33  0,0023  0,3255               0,0030
     80   bfs   30,682905 0:00:33  0,0023  0,3271               0,0030
     82   bfs   32,807251 0:00:35  0,0022  0,3136               0,0029
     84   bfs   34,346382 0:00:37  0,0028  0,3972               0,0037
     86   bfs   35,180603 0:00:38  0,0029  0,4098               0,0038
     88   bfs   36,496017 0:00:39  0,0030  0,4305               0,0040
      2 histo  176,751755 0:02:57  0,0064  0,9032               0,0084
      4 histo  686,719360 0:11:27  0,0259  3,6653               0,0341
      6 histo  994,838501 0:16:35  0,0380  5,3899               0,0501
      8 histo 1135,970215 0:18:56  0,0452  6,4028               0,0596
     10 histo 1426,473267 0:23:47  0,0581  8,2395               0,0766
     12 histo 1551,344238 0:25:51  0,0645  9,1419               0,0850
     14 histo 1448,760498 0:24:09  0,0613  8,6861               0,0808
     16 histo 1920,804565 0:32:01  0,0827 11,7299               0,1091
     18 histo 1925,345337 0:32:05  0,0841 11,9235               0,1109
     20 histo 1850,633301 0:30:51  0,0830 11,7653               0,1094
     22 histo 1882,543945 0:31:23  0,0859 12,1783               0,1133
     24 histo 2149,075195 0:35:49  0,1004 14,2284               0,1324
     26 histo 2112,211182 0:35:12  0,1009 14,3017               0,1330
     28 histo 2584,324219 0:43:04  0,1258 17,8319               0,1659
     30 histo 2408,702881 0:40:09  0,1205 17,0814               0,1589
     32 histo 2678,069336 0:44:38  0,1340 19,0026               0,1768
     34 histo 2689,804688 0:44:50  0,1401 19,8575               0,1847
     36 histo 2836,288818 0:47:16  0,1501 21,2760               0,1979
     38 histo 2695,986816 0:44:56  0,1456 20,6463               0,1921
     40 histo 3052,167480 0:50:52  0,1665 23,6001               0,2195
     42 histo 2752,549561 0:45:53  0,1530 21,6947               0,2018
     44 histo 2845,450684 0:47:26  0,1630 23,1099               0,2150
     46 histo 2777,404541 0:46:18  0,1594 22,5932               0,2102
     48 histo 2901,817627 0:48:22  0,1661 23,5450               0,2190
     50 histo 2895,607666 0:48:16  0,1678 23,7835               0,2212
     52 histo 2891,337402 0:48:11  0,1690 23,9606               0,2229
     54 histo 3222,279785 0:53:42  0,1914 27,1326               0,2524
     56 histo 2889,595215 0:48:10  0,1723 24,4261               0,2272
     58 histo 2875,779297 0:47:56  0,1726 24,4726               0,2277
     60 histo 2966,598877 0:49:27  0,1794 25,4402               0,2367
     62 histo 3090,458984 0:51:31  0,1877 26,6174               0,2476
     64 histo 3013,377197 0:50:14  0,1852 26,2566               0,2442
     66 histo 3463,029053 0:57:43  0,2174 30,8221               0,2867
     68 histo 2998,164307 0:49:58  0,1877 26,6178               0,2476
     70 histo 3093,907715 0:51:34  0,1947 27,6005               0,2567
     72 histo         NaN     NaN     NaN     NaN                  NaN