 Treads           App          Time Time CT  Energy   CO2eq  km travelled by car
      2           bfs      4,495080 0:00:08  0,0002  0,0979               0,0009
      4           bfs      4,861138 0:00:08  0,0002  0,1092               0,0010
      6           bfs      5,162261 0:00:09  0,0003  0,1212               0,0011
      8           bfs      5,651884 0:00:10  0,0001  0,0711               0,0007
     10           bfs      6,139016 0:00:10  0,0003  0,1240               0,0012
     12           bfs      6,619796 0:00:10  0,0002  0,1186               0,0011
     14           bfs      6,982327 0:00:10  0,0003  0,1312               0,0012
     16           bfs      7,095025 0:00:10  0,0003  0,1356               0,0013
     18           bfs      7,245079 0:00:11  0,0003  0,1324               0,0012
     20           bfs      7,489972 0:00:11  0,0003  0,1404               0,0013
     22           bfs     10,441550 0:00:14  0,0004  0,1840               0,0017
     24           bfs     11,405562 0:00:15  0,0004  0,1861               0,0017
     26           bfs     12,823071 0:00:16  0,0007  0,3091               0,0029
     28           bfs     13,745269 0:00:17  0,0007  0,3291               0,0031
     30           bfs     15,267065 0:00:19  0,0007  0,3524               0,0033
     32           bfs     15,800531 0:00:19  0,0008  0,3774               0,0035
     34           bfs     16,740522 0:00:21  0,0009  0,4132               0,0038
     36           bfs     18,138056 0:00:22  0,0009  0,4059               0,0038
     38           bfs     18,681614 0:00:22  0,0010  0,4590               0,0043
     40           bfs     20,078375 0:00:23  0,0009  0,4431               0,0041
      2         histo    219,025406 0:03:39  0,0063  2,9720               0,0276
      4         histo    866,475586 0:14:27  0,0261 12,3919               0,1153
      6         histo    943,098511 0:15:44  0,0292 13,8611               0,1289
      8         histo   1079,775757 0:18:01  0,0347 16,4927               0,1534
     10         histo   1207,156372 0:20:09  0,0402 19,0762               0,1775
     12         histo   1322,106812 0:22:03  0,0459 21,8243               0,2030
     14         histo   1701,475342 0:28:23  0,0612 29,0803               0,2705
     16         histo   1670,594360 0:27:51  0,0631 29,9866               0,2789
     18         histo   1759,462769 0:29:20  0,0694 32,9807               0,3068
     20         histo   1764,100708 0:29:26  0,0716 34,0138               0,3164
     22         histo   1838,161743 0:30:40  0,0757 35,9598               0,3345
     24         histo   1848,848145 0:30:49  0,0779 36,9810               0,3440
     26         histo   1967,882935 0:32:50  0,0844 40,0747               0,3728
     28         histo   2845,725586 0:47:26  0,1493 70,9109               0,6596
     30         histo   2608,105957 0:43:28  0,1348 64,0482               0,5958
     32         histo   2522,426270 0:42:04  0,1313 62,3799               0,5803
     34         histo   2716,859131 0:45:17  0,1478 70,1925               0,6530
     36         histo   3076,747559 0:51:17  0,1759 24,9334               0,2319
     38         histo   3044,215332 0:50:45  0,1754 24,8728               0,2314
     40         histo   3180,493896 0:53:01  0,1893 26,8431               0,2497
      2           lbm    827,856812 0:13:52  0,0252  3,5751               0,0333
      4           lbm    442,240906 0:07:27  0,0146  2,0704               0,0193
      6           lbm    327,623291 0:05:31  0,0116  1,6419               0,0153
      8           lbm    255,707733 0:04:19  0,0097  1,3787               0,0128
     10           lbm    211,869156 0:03:36  0,0086  1,2177               0,0113
     12           lbm    180,307678 0:03:05  0,0075  1,0647               0,0099
     14           lbm    155,308838 0:02:39  0,0069  0,9850               0,0092
     16           lbm    136,449432 0:02:21  0,0064  0,9089               0,0085
     18           lbm    121,604279 0:02:05  0,0061  0,8582               0,0080
     20           lbm    109,804146 0:01:54  0,0057  0,8146               0,0076
     22           lbm     99,644516 0:01:44  0,0061  0,8585               0,0080
     24           lbm     91,924545 0:01:36  0,0063  0,8885               0,0083
     26           lbm     84,427658 0:01:29  0,0056  0,7997               0,0074
     28           lbm     78,461166 0:01:22  0,0055  0,7821               0,0073
     30           lbm     73,875572 0:01:18  0,0053  0,7512               0,0070
     32           lbm     69,700897 0:01:14  0,0053  0,7564               0,0070
     34           lbm     64,592690 0:01:09  0,0045  0,6421               0,0060
     36           lbm     61,259964 0:01:05  0,0052  0,7417               0,0069
     38           lbm     58,809631 0:01:02  0,0052  0,7391               0,0069
     40           lbm     55,727882 0:01:00  0,0044  0,6182               0,0058
      2           mri           NaN 0:00:00  0,0000  0,0000               0,0000
      4           mri           NaN 0:00:00  0,0000  0,0000               0,0000
      6           mri           NaN 0:00:01  0,0000  0,0000               0,0000
      8           mri           NaN 0:00:00  0,0000  0,0000               0,0000
     10           mri           NaN 0:00:00  0,0000  0,0000               0,0000
     12           mri           NaN 0:00:00  0,0000  0,0000               0,0000
     14           mri           NaN 0:00:00  0,0000  0,0000               0,0000
     16           mri           NaN 0:00:00  0,0000  0,0000               0,0000
     18           mri           NaN 0:00:00  0,0000  0,0000               0,0000
     20           mri           NaN 0:00:00  0,0000  0,0000               0,0000
     22           mri           NaN 0:00:00  0,0000  0,0000               0,0000
     24           mri           NaN 0:00:00  0,0000  0,0000               0,0000
     26           mri           NaN 0:00:00  0,0000  0,0000               0,0000
     28           mri           NaN 0:00:00  0,0000  0,0000               0,0000
     30           mri           NaN 0:00:01  0,0000  0,0000               0,0000
     32           mri           NaN 0:00:00  0,0000  0,0000               0,0000
     34           mri           NaN 0:00:00  0,0000  0,0000               0,0000
     36           mri           NaN 0:00:00  0,0000  0,0000               0,0000
     38           mri           NaN 0:00:00  0,0000  0,0000               0,0000
     40           mri           NaN 0:00:00  0,0000  0,0000               0,0000
      2         cutcp     59,191025 0:00:59  0,0018  0,2594               0,0024
      4         cutcp     30,629255 0:00:31  0,0010  0,1412               0,0013
      6         cutcp     22,849480 0:00:23  0,0007  0,1029               0,0010
      8         cutcp     17,899643 0:00:18  0,0006  0,0896               0,0008
     10         cutcp     14,764818 0:00:15  0,0005  0,0682               0,0006
     12         cutcp     12,548459 0:00:13  0,0004  0,0627               0,0006
     14         cutcp     10,660284 0:00:11  0,0004  0,0551               0,0005
     16         cutcp      9,494578 0:00:10  0,0004  0,0517               0,0005
     18         cutcp      8,484321 0:00:09  0,0004  0,0503               0,0005
     20         cutcp      7,628922 0:00:08  0,0003  0,0461               0,0004
     22         cutcp      6,977927 0:00:07  0,0004  0,0517               0,0005
     24         cutcp      6,627375 0:00:07  0,0003  0,0477               0,0004
     26         cutcp      6,966785 0:00:07  0,0004  0,0518               0,0005
     28         cutcp      5,738360 0:00:06  0,0003  0,0437               0,0004
     30         cutcp      5,321003 0:00:06  0,0003  0,0415               0,0004
     32         cutcp      5,218818 0:00:05  0,0003  0,0411               0,0004
     34         cutcp      4,978274 0:00:06  0,0003  0,0402               0,0004
     36         cutcp      4,611179 0:00:05  0,0002  0,0338               0,0003
     38         cutcp      4,550729 0:00:05  0,0003  0,0420               0,0004
     40         cutcp      4,332807 0:00:04  0,0003  0,0410               0,0004
      2       hotspot    119,724000 0:02:01  0,0018  0,1786               0,0017
      4       hotspot     74,298000 0:01:16  0,0012  0,1229               0,0011
      6       hotspot     44,717000 0:00:46  0,0008  0,0799               0,0007
      8       hotspot     41,504000 0:00:43  0,0008  0,0767               0,0007
     10       hotspot     29,855000 0:00:32  0,0006  0,0592               0,0006
     12       hotspot     26,191000 0:00:28  0,0006  0,0555               0,0005
     14       hotspot     22,880000 0:00:24  0,0005  0,0503               0,0005
     16       hotspot     22,970000 0:00:24  0,0005  0,0530               0,0005
     18       hotspot     17,973000 0:00:19  0,0004  0,0436               0,0004
     20       hotspot     16,914000 0:00:19  0,0005  0,0445               0,0004
     22       hotspot     14,651000 0:00:16  0,0005  0,0473               0,0004
     24       hotspot     14,219000 0:00:16  0,0005  0,0471               0,0004
     26       hotspot     13,771000 0:00:15  0,0005  0,0456               0,0004
     28       hotspot     13,220000 0:00:15  0,0005  0,0456               0,0004
     30       hotspot     12,467000 0:00:14  0,0005  0,0446               0,0004
     32       hotspot     13,085000 0:00:15  0,0005  0,0488               0,0005
     34       hotspot     11,267000 0:00:13  0,0004  0,0401               0,0004
     36       hotspot     10,928000 0:00:13  0,0004  0,0431               0,0004
     38       hotspot     10,909000 0:00:13  0,0005  0,0446               0,0004
     40       hotspot     10,362000 0:00:12  0,0004  0,0419               0,0004
      2           lud 381762,412000 0:06:22  0,0057  0,5580               0,0052
      4           lud 203136,773000 0:03:24  0,0033  0,3200               0,0030
      6           lud 133089,421000 0:02:13  0,0023  0,2223               0,0021
      8           lud 103173,748000 0:01:44  0,0018  0,1807               0,0017
     10           lud  83540,991000 0:01:24  0,0016  0,1534               0,0014
     12           lud  70897,408000 0:01:11  0,0014  0,1371               0,0013
     14           lud  60756,749000 0:01:01  0,0013  0,1239               0,0012
     16           lud  54120,275000 0:00:55  0,0012  0,1151               0,0011
     18           lud  47387,380000 0:00:48  0,0011  0,1067               0,0010
     20           lud  43089,365000 0:00:44  0,0010  0,1021               0,0010
     22           lud  37710,981000 0:00:38  0,0011  0,1086               0,0010
     24           lud  35864,233000 0:00:36  0,0011  0,1062               0,0010
     26           lud  34606,505000 0:00:35  0,0011  0,1047               0,0010
     28           lud  32332,424000 0:00:33  0,0010  0,1009               0,0009
     30           lud  30141,006000 0:00:31  0,0010  0,0961               0,0009
     32           lud  28723,393000 0:00:29  0,0010  0,0941               0,0009
     34           lud  27363,939000 0:00:28  0,0009  0,0917               0,0009
     36           lud  26201,333000 0:00:27  0,0009  0,0901               0,0008
     38           lud  24972,028000 0:00:25  0,0009  0,0886               0,0008
     40           lud  24583,831000 0:00:25  0,0009  0,0881               0,0008
      2 streamcluster    337,973443 0:05:38  0,0053  0,5183               0,0048
      4 streamcluster    180,843526 0:03:01  0,0031  0,3006               0,0028
      6 streamcluster    133,992648 0:02:14  0,0024  0,2341               0,0022
      8 streamcluster    107,969481 0:01:48  0,0020  0,1974               0,0018
     10 streamcluster     91,498337 0:01:32  0,0018  0,1770               0,0016
     12 streamcluster     79,012526 0:01:19  0,0016  0,1609               0,0015
     14 streamcluster     70,516296 0:01:11  0,0015  0,1497               0,0014
     16 streamcluster     65,375997 0:01:05  0,0015  0,1482               0,0014
     18 streamcluster     62,148798 0:01:02  0,0015  0,1471               0,0014
     20 streamcluster     61,349070 0:01:01  0,0015  0,1507               0,0014
     22 streamcluster     57,977284 0:00:58  0,0016  0,1593               0,0015
     24 streamcluster     56,205168 0:00:56  0,0016  0,1588               0,0015
     26 streamcluster     55,735679 0:00:56  0,0016  0,1615               0,0015
     28 streamcluster     53,481142 0:00:54  0,0016  0,1549               0,0014
     30 streamcluster     52,508428 0:00:53  0,0016  0,1562               0,0015
     32 streamcluster     51,319412 0:00:51  0,0016  0,1560               0,0015
     34 streamcluster     50,134901 0:00:50  0,0016  0,1543               0,0014
     36 streamcluster     47,814790 0:00:48  0,0015  0,1515               0,0014
     38 streamcluster     50,009877 0:00:50  0,0016  0,1601               0,0015
     40 streamcluster     48,015279 0:00:48  0,0016  0,1566               0,0015