 Treads   App        Time Time CT  Energy   CO2eq  km travelled by car
      2   bfs    2,247511 0:00:05  0,0002  0,0257               0,0002
      4   bfs    3,006965 0:00:06  0,0002  0,0299               0,0003
      6   bfs    3,404369 0:00:06  0,0002  0,0315               0,0003
      8   bfs    3,528308 0:00:06  0,0002  0,0323               0,0003
     10   bfs    4,046370 0:00:07  0,0002  0,0349               0,0003
     12   bfs    4,519081 0:00:07  0,0003  0,0375               0,0003
     14   bfs    4,761862 0:00:08  0,0003  0,0396               0,0004
     16   bfs    5,091830 0:00:08  0,0003  0,0403               0,0004
     18   bfs    5,550008 0:00:08  0,0003  0,0430               0,0004
     20   bfs    5,844868 0:00:09  0,0003  0,0443               0,0004
     22   bfs    6,252083 0:00:09  0,0003  0,0464               0,0004
     24   bfs    6,665537 0:00:09  0,0003  0,0485               0,0005
     26   bfs    7,123736 0:00:10  0,0004  0,0510               0,0005
     28   bfs    7,320381 0:00:10  0,0004  0,0522               0,0005
     30   bfs    8,475675 0:00:11  0,0004  0,0585               0,0005
     32   bfs    8,096275 0:00:11  0,0004  0,0564               0,0005
     34   bfs    9,021699 0:00:12  0,0004  0,0609               0,0006
     36   bfs    9,034873 0:00:12  0,0004  0,0610               0,0006
     38   bfs    9,431704 0:00:12  0,0004  0,0631               0,0006
     40   bfs    9,627116 0:00:12  0,0005  0,0647               0,0006
     42   bfs    9,994223 0:00:13  0,0005  0,0661               0,0006
     44   bfs   10,474586 0:00:13  0,0005  0,0689               0,0006
     46   bfs   12,052494 0:00:15  0,0007  0,1012               0,0009
     48   bfs   13,222793 0:00:16  0,0008  0,1178               0,0011
     50   bfs   14,895737 0:00:18  0,0009  0,1311               0,0012
     52   bfs   14,866853 0:00:18  0,0009  0,1328               0,0012
     54   bfs   16,988415 0:00:20  0,0011  0,1508               0,0014
     56   bfs   18,091713 0:00:21  0,0011  0,1602               0,0015
     58   bfs   19,151855 0:00:22  0,0012  0,1699               0,0016
     60   bfs   20,080441 0:00:23  0,0013  0,1784               0,0017
     62   bfs   21,830584 0:00:25  0,0012  0,1722               0,0016
     64   bfs   21,818993 0:00:24  0,0012  0,1744               0,0016
     66   bfs   22,945763 0:00:26  0,0015  0,2171               0,0020
     68   bfs   23,645849 0:00:26  0,0017  0,2408               0,0022
     70   bfs   25,885498 0:00:29  0,0019  0,2646               0,0025
     72   bfs   27,251972 0:00:30  0,0020  0,2815               0,0026
     74   bfs   28,202623 0:00:31  0,0021  0,2931               0,0027
     76   bfs   28,352880 0:00:31  0,0021  0,2991               0,0028
     78   bfs   30,947035 0:00:34  0,0023  0,3279               0,0030
     80   bfs   32,540203 0:00:35  0,0021  0,3024               0,0028
     82   bfs   33,393467 0:00:36  0,0022  0,3085               0,0029
     84   bfs   34,486301 0:00:38  0,0027  0,3770               0,0035
     86   bfs   34,315979 0:00:37  0,0028  0,4018               0,0037
     88   bfs   34,781754 0:00:38  0,0029  0,4087               0,0038
      2 histo  176,742996 0:02:57  0,0064  0,9034               0,0084
      4 histo  942,814697 0:15:43  0,0354  5,0175               0,0467
      6 histo  974,591431 0:16:15  0,0377  5,3437               0,0497
      8 histo 1100,859985 0:18:21  0,0438  6,2095               0,0578
     10 histo 1229,268066 0:20:29  0,0502  7,1147               0,0662
     12 histo 1680,173218 0:28:00  0,0699  9,9097               0,0922
     14 histo 1695,648804 0:28:16  0,0715 10,1299               0,0942
     16 histo 1944,486450 0:32:25  0,0839 11,8910               0,1106
     18 histo 1959,626465 0:32:40  0,0858 12,1639               0,1132
     20 histo 1813,678467 0:30:14  0,0814 11,5349               0,1073
     22 histo 2245,790039 0:37:26  0,1027 14,5609               0,1355
     24 histo 2231,184082 0:37:11  0,1038 14,7196               0,1369
     26 histo 2110,747803 0:35:11  0,1006 14,2687               0,1327
     28 histo 2344,404053 0:39:05  0,1149 16,2957               0,1516
     30 histo 2352,625000 0:39:13  0,1179 16,7116               0,1555
     32 histo 2476,263184 0:41:16  0,1260 17,8618               0,1662
     34 histo 2657,630615 0:44:18  0,1378 19,5373               0,1817
     36 histo 2636,129883 0:43:56  0,1394 19,7607               0,1838
     38 histo 2795,753906 0:46:36  0,1492 21,1557               0,1968
     40 histo 2778,792969 0:46:19  0,1531 21,7053               0,2019
     42 histo 3057,710693 0:50:58  0,1705 24,1787               0,2249
     44 histo 2822,735107 0:47:03  0,1613 22,8636               0,2127
     46 histo 2775,328125 0:46:15  0,1593 22,5783               0,2100
     48 histo 2795,362549 0:46:35  0,1602 22,7086               0,2112
     50 histo 2888,408447 0:48:09  0,1679 23,8053               0,2214
     52 histo 2917,572998 0:48:38  0,1711 24,2634               0,2257
     54 histo 2977,560303 0:49:38  0,1753 24,8597               0,2313
     56 histo 2871,376465 0:47:52  0,1707 24,2059               0,2252
     58 histo 2933,816162 0:48:54  0,1764 25,0108               0,2327
     60 histo 2907,066406 0:48:27  0,1757 24,9074               0,2317
     62 histo 2966,143555 0:49:26  0,1810 25,6641               0,2387
     64 histo 3041,895508 0:50:42  0,1873 26,5523               0,2470
     66 histo 3136,423584 0:52:17  0,1949 27,6265               0,2570
     68 histo 2988,099121 0:49:48  0,1871 26,5204               0,2467
     70 histo 3096,329834 0:51:36  0,1984 28,1311               0,2617
     72 histo 3163,498047 0:52:44  0,2030 28,7852               0,2678
     74 histo         NaN     NaN     NaN     NaN                  NaN