 Treads           App          Time Time CT  Energy   CO2eq  km travelled by car
      2           bfs      5,044329 0:00:09  0,0002  0,0269               0,0002
      4           bfs      5,933461 0:00:10  0,0002  0,0298               0,0003
      6           bfs      6,202668 0:00:10  0,0002  0,0308               0,0003
      8           bfs      6,452189 0:00:11  0,0002  0,0307               0,0003
     10           bfs      6,574472 0:00:11  0,0002  0,0317               0,0003
     12           bfs      6,937876 0:00:12  0,0002  0,0296               0,0003
     14           bfs      7,540727 0:00:12  0,0002  0,0333               0,0003
     16           bfs      7,728640 0:00:12  0,0002  0,0343               0,0003
      2         histo    293,874542 0:04:54  0,0061  0,8581               0,0080
      4         histo   1281,878906 0:21:23  0,0270  3,8291               0,0356
      6         histo   1561,945190 0:26:02  0,0339  4,8126               0,0448
      8         histo   1883,553467 0:31:24  0,0417  5,9086               0,0550
     10         histo   2133,716064 0:35:34  0,0483  6,8465               0,0637
     12         histo   2456,413086 0:40:57  0,0566  8,0243               0,0746
     14         histo   2918,145264 0:48:39  0,0685  9,7061               0,0903
     16         histo   3002,488037 0:50:04  0,0715 10,1371               0,0943
      2           lbm   1039,674072 0:17:24  0,0226  3,2009               0,0298
      4           lbm    550,297546 0:09:15  0,0126  1,7869               0,0166
      6           lbm    385,409607 0:06:30  0,0094  1,3302               0,0124
      8           lbm    290,144318 0:04:54  0,0076  1,0734               0,0100
     10           lbm    233,229004 0:03:58  0,0065  0,9174               0,0085
     12           lbm    197,024704 0:03:21  0,0056  0,8009               0,0074
     14           lbm    169,949142 0:02:55  0,0052  0,7305               0,0068
     16           lbm    151,382797 0:02:36  0,0047  0,6636               0,0062
      2           mri           NaN 0:00:00  0,0000  0,0004               0,0000
      4           mri           NaN 0:00:00  0,0000  0,0004               0,0000
      6           mri           NaN 0:00:01  0,0000  0,0007               0,0000
      8           mri           NaN 0:00:00  0,0000  0,0004               0,0000
     10           mri           NaN 0:00:00  0,0000  0,0004               0,0000
     12           mri           NaN 0:00:01  0,0000  0,0007               0,0000
     14           mri           NaN 0:00:00  0,0000  0,0003               0,0000
     16           mri           NaN 0:00:00  0,0000  0,0004               0,0000
      2         cutcp     71,747360 0:01:12  0,0015  0,2159               0,0020
      4         cutcp     37,276138 0:00:38  0,0008  0,1177               0,0011
      6         cutcp     25,983580 0:00:27  0,0006  0,0861               0,0008
      8         cutcp     19,697647 0:00:20  0,0004  0,0625               0,0006
     10         cutcp     15,797011 0:00:16  0,0004  0,0535               0,0005
     12         cutcp     13,296003 0:00:14  0,0003  0,0492               0,0005
     14         cutcp     11,377588 0:00:12  0,0003  0,0426               0,0004
     16         cutcp     10,250166 0:00:11  0,0003  0,0360               0,0003
      2       hotspot    138,899000 0:02:22  0,0031  0,3060               0,0028
      4       hotspot     89,034000 0:01:31  0,0021  0,2086               0,0019
      6       hotspot     50,087000 0:00:52  0,0013  0,1277               0,0012
      8       hotspot     46,332000 0:00:48  0,0012  0,1227               0,0011
     10       hotspot     31,649000 0:00:34  0,0009  0,0897               0,0008
     12       hotspot     27,552000 0:00:30  0,0008  0,0824               0,0008
     14       hotspot     24,580000 0:00:27  0,0008  0,0772               0,0007
     16       hotspot     25,972000 0:00:28  0,0008  0,0808               0,0008
      2           lud 371091,191000 0:06:11  0,0081  0,7959               0,0074
      4           lud 187212,530000 0:03:07  0,0043  0,4229               0,0039
      6           lud 124562,591000 0:02:05  0,0030  0,2954               0,0027
      8           lud  93730,212000 0:01:34  0,0024  0,2334               0,0022
     10           lud  76012,959000 0:01:16  0,0020  0,1980               0,0018
     12           lud  64016,341000 0:01:04  0,0018  0,1734               0,0016
     14           lud  55329,776000 0:00:56  0,0016  0,1553               0,0014
     16           lud  48813,690000 0:00:49  0,0014  0,1421               0,0013
      2 streamcluster    429,526898 0:07:10  0,0095  0,9359               0,0087
      4 streamcluster    226,628662 0:03:47  0,0053  0,5239               0,0049
      6 streamcluster    158,558455 0:02:39  0,0039  0,3838               0,0036
      8 streamcluster    124,336640 0:02:04  0,0032  0,3136               0,0029
     10 streamcluster    103,837736 0:01:44  0,0028  0,2728               0,0025
     12 streamcluster     90,473846 0:01:30  0,0025  0,2451               0,0023
     14 streamcluster     80,620359 0:01:21  0,0023  0,2247               0,0021
     16 streamcluster     75,780587 0:01:16  0,0022  0,2171               0,0020