 Treads           App          Time Time CT  Energy   CO2eq  km travelled by car
      2           bfs      2,414718 0:00:05  0,0003  0,0466               0,0004
      4           bfs      2,580225 0:00:05  0,0003  0,0469               0,0004
      6           bfs      2,898927 0:00:05  0,0004  0,0503               0,0005
      8           bfs      3,197868 0:00:05  0,0004  0,0532               0,0005
     10           bfs      3,832095 0:00:06  0,0004  0,0595               0,0006
     12           bfs      3,669690 0:00:06  0,0004  0,0591               0,0005
     14           bfs      3,991269 0:00:06  0,0004  0,0636               0,0006
     16           bfs      4,238822 0:00:07  0,0004  0,0636               0,0006
     18           bfs      4,450330 0:00:07  0,0005  0,0662               0,0006
     20           bfs      4,666570 0:00:07  0,0005  0,0694               0,0006
     22           bfs      4,960818 0:00:07  0,0005  0,0724               0,0007
     24           bfs      5,169254 0:00:07  0,0005  0,0741               0,0007
     26           bfs      7,019509 0:00:09  0,0006  0,0910               0,0008
     28           bfs      7,636813 0:00:10  0,0007  0,0992               0,0009
     30           bfs      8,415686 0:00:11  0,0008  0,1070               0,0010
     32           bfs      9,020554 0:00:11  0,0008  0,1139               0,0011
     34           bfs      9,768441 0:00:12  0,0008  0,1189               0,0011
     36           bfs     10,647867 0:00:13  0,0009  0,1284               0,0012
     38           bfs     11,139661 0:00:13  0,0009  0,1311               0,0012
     40           bfs     11,318862 0:00:13  0,0010  0,1376               0,0013
     42           bfs     12,017510 0:00:14  0,0012  0,1652               0,0015
     44           bfs     12,857168 0:00:15  0,0013  0,1826               0,0017
     46           bfs     13,470504 0:00:16  0,0014  0,1934               0,0018
     48           bfs     13,700654 0:00:16  0,0014  0,1973               0,0018
      2         histo    181,838394 0:03:02  0,0123  1,7427               0,0162
      4         histo    980,725769 0:16:21  0,0672  9,5270               0,0886
      6         histo   1238,391479 0:20:39  0,0871 12,3480               0,1149
      8         histo   1324,397461 0:22:05  0,0950 13,4643               0,1252
     10         histo   1447,706543 0:24:08  0,1053 14,9302               0,1389
     12         histo   1590,743042 0:26:31  0,1180 16,7349               0,1557
     14         histo   1727,698853 0:28:48  0,1289 18,2775               0,1700
     16         histo   1942,948853 0:32:23  0,1488 21,0906               0,1962
     18         histo   1972,780884 0:32:53  0,1537 21,7895               0,2027
     20         histo   2246,430420 0:37:27  0,1767 25,0468               0,2330
     22         histo   2161,941406 0:36:02  0,1726 24,4765               0,2277
     24         histo   2053,161377 0:34:14  0,1621 22,9762               0,2137
     26         histo   2570,800781 0:42:51  0,2077 29,4532               0,2740
     28         histo   2690,725342 0:44:51  0,2201 31,2081               0,2903
     30         histo   3179,739990 0:53:00  0,2662 37,7425               0,3511
     32         histo   3210,294189 0:53:31  0,2710 38,4203               0,3574
     34         histo   3533,099121 0:58:54  0,3029 42,9416               0,3995
     36         histo   3463,450195 0:57:44  0,3000 42,5385               0,3957
     38         histo   3478,193848 0:57:59  0,3076 43,6115               0,4057
     40         histo   3703,646729 1:01:44  0,3329 47,1926               0,4390
     42         histo   3146,884766 0:52:27  0,2831 40,1336               0,3733
     44         histo   3599,671875 1:00:00  0,3300 46,7883               0,4352
     46         histo   3562,275146 0:59:23  0,3268 46,3262               0,4309
     48         histo   3720,337158 1:02:01  0,3457 49,0072               0,4559
      2           lbm    522,566528 0:08:45  0,0366  5,1878               0,0483
      4           lbm    279,663147 0:04:43  0,0210  2,9836               0,0278
      6           lbm    196,720001 0:03:20  0,0157  2,2293               0,0207
      8           lbm    179,673279 0:03:02  0,0152  2,1567               0,0201
     10           lbm    184,310059 0:03:08  0,0157  2,2244               0,0207
     12           lbm    189,355621 0:03:13  0,0163  2,3057               0,0214
     14           lbm    188,553055 0:03:12  0,0164  2,3206               0,0216
     16           lbm    189,490875 0:03:12  0,0167  2,3624               0,0220
     18           lbm    189,956833 0:03:12  0,0170  2,4149               0,0225
     20           lbm    190,529251 0:03:13  0,0162  2,2934               0,0213
     22           lbm    189,655319 0:03:13  0,0172  2,4345               0,0226
     24           lbm    192,862015 0:03:15  0,0173  2,4581               0,0229
     26           lbm    177,549500 0:03:00  0,0162  2,3004               0,0214
     28           lbm    165,840958 0:02:49  0,0152  2,1560               0,0201
     30           lbm    154,777878 0:02:38  0,0145  2,0555               0,0191
     32           lbm    144,853836 0:02:28  0,0129  1,8318               0,0170
     34           lbm    135,458405 0:02:18  0,0135  1,9181               0,0178
     36           lbm    128,721069 0:02:11  0,0132  1,8736               0,0174
     38           lbm    120,912506 0:02:03  0,0124  1,7544               0,0163
     40           lbm    114,760117 0:01:57  0,0125  1,7671               0,0164
     42           lbm    110,091225 0:01:53  0,0119  1,6862               0,0157
     44           lbm    104,618477 0:01:48  0,0118  1,6718               0,0156
     46           lbm     99,736206 0:01:42  0,0113  1,6027               0,0149
     48           lbm     96,077805 0:01:38  0,0115  1,6302               0,0152
      2           mri           NaN 0:00:00  0,0000  0,0000               0,0000
      4           mri           NaN 0:00:00  0,0000  0,0000               0,0000
      6           mri           NaN 0:00:00  0,0000  0,0000               0,0000
      8           mri           NaN 0:00:00  0,0000  0,0000               0,0000
     10           mri           NaN 0:00:00  0,0000  0,0000               0,0000
     12           mri           NaN 0:00:00  0,0000  0,0000               0,0000
     14           mri           NaN 0:00:00  0,0000  0,0000               0,0000
     16           mri           NaN 0:00:00  0,0000  0,0000               0,0000
     18           mri           NaN 0:00:00  0,0000  0,0000               0,0000
     20           mri           NaN 0:00:00  0,0000  0,0000               0,0000
     22           mri           NaN 0:00:00  0,0000  0,0000               0,0000
     24           mri           NaN 0:00:00  0,0000  0,0000               0,0000
     26           mri           NaN 0:00:00  0,0000  0,0000               0,0000
     28           mri           NaN 0:00:00  0,0000  0,0000               0,0000
     30           mri           NaN 0:00:00  0,0000  0,0000               0,0000
     32           mri           NaN 0:00:00  0,0000  0,0000               0,0000
     34           mri           NaN 0:00:00  0,0000  0,0000               0,0000
     36           mri           NaN 0:00:00  0,0000  0,0000               0,0000
     38           mri           NaN 0:00:00  0,0000  0,0000               0,0000
     40           mri           NaN 0:00:00  0,0000  0,0000               0,0000
     42           mri           NaN 0:00:00  0,0000  0,0000               0,0000
     44           mri           NaN 0:00:00  0,0000  0,0000               0,0000
     46           mri           NaN 0:00:00  0,0000  0,0000               0,0000
     48           mri           NaN 0:00:00  0,0000  0,0000               0,0000
      2         cutcp     39,795464 0:00:40  0,0028  0,3931               0,0037
      4         cutcp     20,210152 0:00:20  0,0015  0,2109               0,0020
      6         cutcp     14,162497 0:00:14  0,0011  0,1556               0,0014
      8         cutcp     10,743379 0:00:11  0,0009  0,1253               0,0012
     10         cutcp      8,932251 0:00:09  0,0007  0,0943               0,0009
     12         cutcp      7,400698 0:00:07  0,0006  0,0921               0,0009
     14         cutcp      6,272266 0:00:06  0,0006  0,0811               0,0008
     16         cutcp      5,627407 0:00:06  0,0005  0,0756               0,0007
     18         cutcp      5,003197 0:00:05  0,0005  0,0702               0,0007
     20         cutcp      4,613560 0:00:05  0,0005  0,0649               0,0006
     22         cutcp      4,254615 0:00:04  0,0004  0,0596               0,0006
     24         cutcp      4,141611 0:00:04  0,0004  0,0589               0,0005
     26         cutcp      3,947119 0:00:04  0,0004  0,0576               0,0005
     28         cutcp      3,574849 0:00:04  0,0004  0,0539               0,0005
     30         cutcp      3,514147 0:00:04  0,0004  0,0579               0,0005
     32         cutcp      3,268427 0:00:04  0,0004  0,0520               0,0005
     34         cutcp      3,040566 0:00:03  0,0004  0,0510               0,0005
     36         cutcp      2,951001 0:00:03  0,0004  0,0509               0,0005
     38         cutcp      2,932662 0:00:03  0,0003  0,0481               0,0004
     40         cutcp      2,624265 0:00:03  0,0003  0,0473               0,0004
     42         cutcp      2,588253 0:00:03  0,0003  0,0486               0,0005
     44         cutcp      2,527942 0:00:03  0,0004  0,0512               0,0005
     46         cutcp      2,410114 0:00:03  0,0003  0,0466               0,0004
     48         cutcp      2,421720 0:00:03  0,0003  0,0467               0,0004
      2       hotspot     74,721000 0:01:16  0,0027  0,2690               0,0025
      4       hotspot     39,357000 0:00:40  0,0016  0,1544               0,0014
      6       hotspot     26,608000 0:00:28  0,0012  0,1138               0,0011
      8       hotspot     21,806000 0:00:23  0,0010  0,0975               0,0009
     10       hotspot     17,092000 0:00:18  0,0008  0,0826               0,0008
     12       hotspot     14,895000 0:00:15  0,0007  0,0710               0,0007
     14       hotspot     12,926000 0:00:14  0,0007  0,0673               0,0006
     16       hotspot     11,843000 0:00:13  0,0006  0,0605               0,0006
     18       hotspot     10,512000 0:00:11  0,0005  0,0533               0,0005
     20       hotspot      9,707000 0:00:11  0,0005  0,0514               0,0005
     22       hotspot      9,216000 0:00:10  0,0005  0,0498               0,0005
     24       hotspot      8,757000 0:00:10  0,0005  0,0477               0,0004
     26       hotspot      8,222000 0:00:10  0,0005  0,0459               0,0004
     28       hotspot      7,914000 0:00:09  0,0005  0,0446               0,0004
     30       hotspot      7,547000 0:00:08  0,0004  0,0442               0,0004
     32       hotspot      7,144000 0:00:08  0,0004  0,0430               0,0004
     34       hotspot      6,948000 0:00:08  0,0004  0,0435               0,0004
     36       hotspot      6,737000 0:00:08  0,0004  0,0431               0,0004
     38       hotspot      6,580000 0:00:07  0,0004  0,0428               0,0004
     40       hotspot      6,398000 0:00:07  0,0004  0,0424               0,0004
     42       hotspot      6,277000 0:00:07  0,0004  0,0431               0,0004
     44       hotspot      6,174000 0:00:07  0,0004  0,0407               0,0004
     46       hotspot      6,129000 0:00:07  0,0004  0,0404               0,0004
     48       hotspot      6,005000 0:00:07  0,0004  0,0426               0,0004
      2           lud 131037,610000 0:02:11  0,0047  0,4646               0,0043
      4           lud  66443,830000 0:01:07  0,0026  0,2531               0,0024
      6           lud  45248,836000 0:00:46  0,0019  0,1857               0,0017
      8           lud  39802,188000 0:00:40  0,0017  0,1711               0,0016
     10           lud  39598,326000 0:00:40  0,0018  0,1730               0,0016
     12           lud  39467,088000 0:00:40  0,0018  0,1737               0,0016
     14           lud  39286,572000 0:00:40  0,0018  0,1758               0,0016
     16           lud  39127,629000 0:00:39  0,0018  0,1775               0,0017
     18           lud  39012,720000 0:00:39  0,0018  0,1805               0,0017
     20           lud  38918,652000 0:00:39  0,0018  0,1796               0,0017
     22           lud  38824,970000 0:00:39  0,0019  0,1821               0,0017
     24           lud  38749,920000 0:00:39  0,0018  0,1784               0,0017
     26           lud  35675,960000 0:00:36  0,0017  0,1683               0,0016
     28           lud  32834,418000 0:00:33  0,0016  0,1590               0,0015
     30           lud  30406,540000 0:00:31  0,0015  0,1502               0,0014
     32           lud  28845,324000 0:00:29  0,0015  0,1474               0,0014
     34           lud  27742,505000 0:00:28  0,0015  0,1455               0,0014
     36           lud  27679,486000 0:00:28  0,0015  0,1474               0,0014
     38           lud  27703,494000 0:00:28  0,0015  0,1501               0,0014
     40           lud  28295,924000 0:00:29  0,0016  0,1551               0,0014
     42           lud  29364,346000 0:00:30  0,0016  0,1621               0,0015
     44           lud  28804,429000 0:00:29  0,0016  0,1604               0,0015
     46           lud  30670,072000 0:00:31  0,0017  0,1704               0,0016
     48           lud  31250,296000 0:00:32  0,0018  0,1742               0,0016
      2 streamcluster    356,822605 0:05:57  0,0126  1,2388               0,0115
      4 streamcluster    188,604783 0:03:09  0,0070  0,6874               0,0064
      6 streamcluster    140,751467 0:02:21  0,0054  0,5311               0,0049
      8 streamcluster    134,177692 0:02:14  0,0054  0,5303               0,0049
     10 streamcluster    133,668104 0:02:14  0,0055  0,5383               0,0050
     12 streamcluster    133,765632 0:02:14  0,0055  0,5441               0,0051
     14 streamcluster    133,968682 0:02:14  0,0056  0,5526               0,0051
     16 streamcluster    134,587992 0:02:15  0,0057  0,5621               0,0052
     18 streamcluster    135,024647 0:02:15  0,0058  0,5726               0,0053
     20 streamcluster    135,332124 0:02:15  0,0058  0,5738               0,0053
     22 streamcluster    135,676638 0:02:16  0,0059  0,5768               0,0054
     24 streamcluster    136,280424 0:02:16  0,0058  0,5729               0,0053
     26 streamcluster    135,120186 0:02:15  0,0060  0,5862               0,0055
     28 streamcluster    134,077683 0:02:14  0,0060  0,5910               0,0055
     30 streamcluster    132,129492 0:02:12  0,0061  0,5963               0,0055
     32 streamcluster    132,772919 0:02:13  0,0062  0,6117               0,0057
     34 streamcluster    121,606854 0:02:02  0,0058  0,5753               0,0054
     36 streamcluster     96,165424 0:01:36  0,0047  0,4653               0,0043
     38 streamcluster     98,661993 0:01:39  0,0048  0,4677               0,0044
     40 streamcluster     90,280798 0:01:30  0,0045  0,4467               0,0042
     42 streamcluster     92,291500 0:01:32  0,0047  0,4605               0,0043
     44 streamcluster     91,318523 0:01:31  0,0046  0,4568               0,0042
     46 streamcluster     92,038195 0:01:32  0,0047  0,4633               0,0043
     48 streamcluster     95,808823 0:01:36  0,0048  0,4753               0,0044