 Treads           App          Time Time CT  Energy   CO2eq  km travelled by car
      2           bfs      1,819875 0:00:04  0,0003  0,0408               0,0004
      4           bfs      2,440746 0:00:05  0,0003  0,0457               0,0004
      6           bfs      2,814812 0:00:05  0,0003  0,0495               0,0005
      8           bfs      3,110789 0:00:05  0,0004  0,0526               0,0005
     10           bfs      3,441370 0:00:06  0,0004  0,0555               0,0005
     12           bfs      3,528862 0:00:06  0,0004  0,0570               0,0005
     14           bfs      4,046562 0:00:06  0,0004  0,0624               0,0006
     16           bfs      4,108481 0:00:06  0,0004  0,0627               0,0006
     18           bfs      4,271085 0:00:06  0,0005  0,0645               0,0006
     20           bfs      4,731313 0:00:07  0,0005  0,0691               0,0006
     22           bfs      4,889180 0:00:07  0,0005  0,0709               0,0007
     24           bfs      5,303372 0:00:07  0,0005  0,0749               0,0007
     26           bfs      6,796959 0:00:09  0,0006  0,0904               0,0008
     28           bfs      7,640351 0:00:10  0,0007  0,0983               0,0009
     30           bfs      8,358496 0:00:11  0,0008  0,1072               0,0010
     32           bfs      8,842010 0:00:11  0,0008  0,1129               0,0011
     34           bfs      9,497151 0:00:12  0,0008  0,1189               0,0011
     36           bfs     10,732764 0:00:13  0,0009  0,1283               0,0012
     38           bfs     11,114136 0:00:13  0,0009  0,1323               0,0012
     40           bfs     11,503483 0:00:14  0,0010  0,1441               0,0013
     42           bfs     12,304251 0:00:15  0,0012  0,1753               0,0016
     44           bfs     12,611187 0:00:15  0,0013  0,1799               0,0017
     46           bfs     13,146883 0:00:15  0,0013  0,1894               0,0018
     48           bfs     13,825296 0:00:16  0,0014  0,1987               0,0018
      2         histo    181,892838 0:03:02  0,0123  1,7489               0,0163
      4         histo    877,647034 0:14:38  0,0608  8,6253               0,0802
      6         histo   1139,969604 0:19:00  0,0804 11,4032               0,1061
      8         histo   1403,771240 0:23:24  0,1009 14,3021               0,1330
     10         histo   1474,838501 0:24:35  0,1075 15,2475               0,1418
     12         histo   1697,849854 0:28:18  0,1242 17,6150               0,1639
     14         histo   1711,731812 0:28:32  0,1290 18,2899               0,1701
     16         histo   1771,376099 0:29:31  0,1347 19,0900               0,1776
     18         histo   1844,427856 0:30:45  0,1421 20,1469               0,1874
     20         histo   2296,260742 0:38:16  0,1811 25,6696               0,2388
     22         histo   2190,703369 0:36:31  0,1757 24,9089               0,2317
     24         histo   2055,448486 0:34:16  0,1620 22,9614               0,2136
     26         histo   2409,786865 0:40:10  0,1947 27,6074               0,2568
     28         histo   2417,189941 0:40:17  0,1956 27,7324               0,2580
     30         histo   3266,324707 0:54:26  0,2728 38,6698               0,3597
     32         histo   2912,384277 0:48:32  0,2461 34,8931               0,3246
     34         histo   3139,732666 0:52:20  0,2682 38,0266               0,3537
     36         histo   3623,257812 1:00:23  0,3184 45,1383               0,4199
     38         histo   3375,570557 0:56:16  0,2967 42,0671               0,3913
     40         histo   3522,936279 0:58:43  0,3135 44,4491               0,4135
     42         histo   3315,978760 0:55:16  0,2969 42,0959               0,3916
     44         histo   3281,020752 0:54:41  0,2923 41,4428               0,3855
     46         histo   4011,130615 1:06:51  0,3725 52,8105               0,4913
     48         histo   3452,025879 0:57:32  0,3226 45,7330               0,4254
      2           lbm    521,578735 0:08:44  0,0366  5,1841               0,0482
      4           lbm    278,888397 0:04:41  0,0209  2,9582               0,0275
      6           lbm    195,808624 0:03:18  0,0158  2,2410               0,0208
      8           lbm    178,395370 0:03:01  0,0151  2,1463               0,0200
     10           lbm    183,636780 0:03:06  0,0158  2,2385               0,0208
     12           lbm    186,918213 0:03:09  0,0160  2,2623               0,0210
     14           lbm    188,460556 0:03:11  0,0165  2,3325               0,0217
     16           lbm    188,501144 0:03:11  0,0167  2,3618               0,0220
     18           lbm    189,263046 0:03:11  0,0170  2,4071               0,0224
     20           lbm    190,436371 0:03:13  0,0171  2,4288               0,0226
     22           lbm    190,457718 0:03:13  0,0174  2,4627               0,0229
     24           lbm    191,421051 0:03:14  0,0172  2,4414               0,0227
     26           lbm    178,247162 0:03:00  0,0163  2,3175               0,0216
     28           lbm    166,320389 0:02:49  0,0154  2,1883               0,0204
     30           lbm    155,462143 0:02:38  0,0147  2,0854               0,0194
     32           lbm    146,655975 0:02:29  0,0142  2,0193               0,0188
     34           lbm    137,027191 0:02:19  0,0137  1,9378               0,0180
     36           lbm    127,310646 0:02:09  0,0131  1,8514               0,0172
     38           lbm    123,588264 0:02:06  0,0129  1,8352               0,0171
     40           lbm    113,589012 0:01:56  0,0123  1,7504               0,0163
     42           lbm    109,065353 0:01:51  0,0118  1,6751               0,0156
     44           lbm    103,432442 0:01:46  0,0119  1,6912               0,0157
     46           lbm    100,296852 0:01:42  0,0117  1,6577               0,0154
     48           lbm     95,977585 0:01:38  0,0115  1,6284               0,0151
      2           mri           NaN 0:00:00  0,0000  0,0000               0,0000
      4           mri           NaN 0:00:00  0,0000  0,0000               0,0000
      6           mri           NaN 0:00:00  0,0000  0,0000               0,0000
      8           mri           NaN 0:00:00  0,0000  0,0000               0,0000
     10           mri           NaN 0:00:00  0,0000  0,0000               0,0000
     12           mri           NaN 0:00:00  0,0000  0,0000               0,0000
     14           mri           NaN 0:00:00  0,0000  0,0000               0,0000
     16           mri           NaN 0:00:00  0,0000  0,0000               0,0000
     18           mri           NaN 0:00:00  0,0000  0,0000               0,0000
     20           mri           NaN 0:00:00  0,0000  0,0000               0,0000
     22           mri           NaN 0:00:00  0,0000  0,0000               0,0000
     24           mri           NaN 0:00:00  0,0000  0,0000               0,0000
     26           mri           NaN 0:00:00  0,0000  0,0000               0,0000
     28           mri           NaN 0:00:00  0,0000  0,0000               0,0000
     30           mri           NaN 0:00:00  0,0000  0,0000               0,0000
     32           mri           NaN 0:00:00  0,0000  0,0000               0,0000
     34           mri           NaN 0:00:00  0,0000  0,0000               0,0000
     36           mri           NaN 0:00:00  0,0000  0,0000               0,0000
     38           mri           NaN 0:00:00  0,0000  0,0000               0,0000
     40           mri           NaN 0:00:00  0,0000  0,0000               0,0000
     42           mri           NaN 0:00:00  0,0000  0,0000               0,0000
     44           mri           NaN 0:00:00  0,0000  0,0000               0,0000
     46           mri           NaN 0:00:00  0,0000  0,0000               0,0000
     48           mri           NaN 0:00:00  0,0000  0,0000               0,0000
      2         cutcp     39,921375 0:00:40  0,0028  0,3965               0,0037
      4         cutcp     20,172476 0:00:20  0,0015  0,2116               0,0020
      6         cutcp     14,143014 0:00:14  0,0011  0,1554               0,0014
      8         cutcp     10,728769 0:00:11  0,0009  0,1239               0,0012
     10         cutcp      8,638454 0:00:09  0,0007  0,1041               0,0010
     12         cutcp      7,398404 0:00:07  0,0006  0,0919               0,0009
     14         cutcp      6,287357 0:00:06  0,0006  0,0813               0,0008
     16         cutcp      5,620432 0:00:06  0,0005  0,0756               0,0007
     18         cutcp      5,008215 0:00:05  0,0005  0,0702               0,0007
     20         cutcp      4,621834 0:00:05  0,0005  0,0651               0,0006
     22         cutcp      4,278413 0:00:04  0,0004  0,0598               0,0006
     24         cutcp      4,107610 0:00:04  0,0004  0,0576               0,0005
     26         cutcp      3,873756 0:00:04  0,0004  0,0560               0,0005
     28         cutcp      3,558648 0:00:04  0,0004  0,0542               0,0005
     30         cutcp      3,401137 0:00:03  0,0004  0,0540               0,0005
     32         cutcp      3,255186 0:00:03  0,0004  0,0538               0,0005
     34         cutcp      3,039570 0:00:03  0,0004  0,1743               0,0016
     36         cutcp      2,943006 0:00:03  0,0004  0,1719               0,0016
     38         cutcp      2,899635 0:00:03  0,0004  0,1739               0,0016
     40         cutcp      2,617336 0:00:03  0,0003  0,1590               0,0015
     42         cutcp      2,576582 0:00:03  0,0003  0,1643               0,0015
     44         cutcp      2,449839 0:00:03  0,0003  0,1569               0,0015
     46         cutcp      2,370908 0:00:02  0,0003  0,1531               0,0014
     48         cutcp      2,376474 0:00:02  0,0003  0,1527               0,0014
      2       hotspot     75,621000 0:01:16  0,0028  1,3296               0,0124
      4       hotspot     39,934000 0:00:41  0,0016  0,7584               0,0071
      6       hotspot     27,088000 0:00:28  0,0012  0,5587               0,0052
      8       hotspot     21,833000 0:00:23  0,0010  0,4788               0,0045
     10       hotspot     17,314000 0:00:18  0,0008  0,4034               0,0038
     12       hotspot     14,781000 0:00:16  0,0007  0,3594               0,0033
     14       hotspot     13,252000 0:00:14  0,0007  0,3309               0,0031
     16       hotspot     11,747000 0:00:13  0,0006  0,2918               0,0027
     18       hotspot     10,543000 0:00:11  0,0005  0,2609               0,0024
     20       hotspot      9,761000 0:00:11  0,0005  0,2441               0,0023
     22       hotspot      9,486000 0:00:10  0,0005  0,2411               0,0022
     24       hotspot      8,860000 0:00:10  0,0005  0,2217               0,0021
     26       hotspot      8,252000 0:00:09  0,0004  0,2137               0,0020
     28       hotspot      7,926000 0:00:09  0,0005  0,2193               0,0020
     30       hotspot      7,549000 0:00:08  0,0004  0,2158               0,0020
     32       hotspot      7,160000 0:00:08  0,0004  0,2131               0,0020
     34       hotspot      6,915000 0:00:08  0,0004  0,2114               0,0020
     36       hotspot      6,713000 0:00:07  0,0004  0,2095               0,0019
     38       hotspot      6,546000 0:00:07  0,0004  0,2089               0,0019
     40       hotspot      6,375000 0:00:07  0,0004  0,2050               0,0019
     42       hotspot      6,237000 0:00:07  0,0004  0,2012               0,0019
     44       hotspot      6,189000 0:00:07  0,0004  0,2010               0,0019
     46       hotspot      6,114000 0:00:07  0,0004  0,1994               0,0019
     48       hotspot      6,027000 0:00:07  0,0004  0,1958               0,0018
      2           lud 131012,292000 0:02:11  0,0047  2,2750               0,0212
      4           lud  66441,681000 0:01:07  0,0026  1,2504               0,0116
      6           lud  45245,420000 0:00:46  0,0019  0,9089               0,0085
      8           lud  39817,942000 0:00:40  0,0017  0,8308               0,0077
     10           lud  39592,972000 0:00:40  0,0017  0,8409               0,0078
     12           lud  39452,734000 0:00:40  0,0018  0,8472               0,0079
     14           lud  39285,642000 0:00:40  0,0018  0,8566               0,0080
     16           lud  39123,896000 0:00:39  0,0017  0,8224               0,0077
     18           lud  38983,592000 0:00:39  0,0018  0,8797               0,0082
     20           lud  38921,186000 0:00:39  0,0018  0,8765               0,0082
     22           lud  38826,143000 0:00:39  0,0018  0,8860               0,0082
     24           lud  38727,546000 0:00:39  0,0018  0,8726               0,0081
     26           lud  35662,161000 0:00:36  0,0017  0,8224               0,0076
     28           lud  32680,892000 0:00:33  0,0016  0,7739               0,0072
     30           lud  30362,869000 0:00:31  0,0015  0,7349               0,0068
     32           lud  28828,436000 0:00:29  0,0015  0,7211               0,0067
     34           lud  27811,384000 0:00:28  0,0015  0,7118               0,0066
     36           lud  27546,177000 0:00:28  0,0015  0,7179               0,0067
     38           lud  28272,234000 0:00:29  0,0016  0,7476               0,0070
     40           lud  27883,582000 0:00:28  0,0016  0,7493               0,0070
     42           lud  29230,694000 0:00:30  0,0016  0,7896               0,0073
     44           lud  28854,648000 0:00:29  0,0016  0,7849               0,0073
     46           lud  30269,760000 0:00:31  0,0017  0,8250               0,0077
     48           lud  31329,179000 0:00:32  0,0018  0,8557               0,0080
      2 streamcluster    356,757204 0:05:57  0,0126  6,0576               0,0563
      4 streamcluster    188,615172 0:03:09  0,0070  3,3719               0,0314
      6 streamcluster    140,725917 0:02:21  0,0055  2,6311               0,0245
      8 streamcluster    134,342022 0:02:14  0,0054  2,5910               0,0241
     10 streamcluster    133,799109 0:02:14  0,0055  2,6331               0,0245
     12 streamcluster    133,712452 0:02:14  0,0055  2,6595               0,0247
     14 streamcluster    133,983809 0:02:14  0,0056  2,7018               0,0251
     16 streamcluster    134,533018 0:02:15  0,0057  2,7430               0,0255
     18 streamcluster    135,035394 0:02:15  0,0058  2,7856               0,0259
     20 streamcluster    135,303355 0:02:15  0,0058  2,7856               0,0259
     22 streamcluster    135,656863 0:02:16  0,0058  2,8128               0,0262
     24 streamcluster    136,170375 0:02:16  0,0058  2,7936               0,0260
     26 streamcluster    135,742015 0:02:16  0,0059  2,8310               0,0263
     28 streamcluster    134,064122 0:02:14  0,0060  2,8903               0,0269
     30 streamcluster    134,406278 0:02:14  0,0061  2,9573               0,0275
     32 streamcluster    128,977790 0:02:09  0,0061  2,9110               0,0271
     34 streamcluster    121,857733 0:02:02  0,0059  2,8165               0,0262
     36 streamcluster    111,701790 0:01:52  0,0054  2,6202               0,0244
     38 streamcluster     95,637019 0:01:36  0,0047  2,2830               0,0212
     40 streamcluster     96,013102 0:01:36  0,0048  2,3221               0,0216
     42 streamcluster     94,910756 0:01:35  0,0048  2,3153               0,0215
     44 streamcluster     98,497304 0:01:39  0,0050  2,3893               0,0222
     46 streamcluster     97,998541 0:01:38  0,0050  2,4017               0,0223
     48 streamcluster     89,551175 0:01:30  0,0046  2,2336               0,0208