 Treads           App          Time Time CT  Energy   CO2eq  km travelled by car
      2           bfs      4,137271 0:00:08  0,0002  0,0294               0,0003
      4           bfs      4,732548 0:00:08  0,0002  0,0341               0,0003
      6           bfs      5,672726 0:00:09  0,0003  0,0369               0,0003
      8           bfs      5,839328 0:00:09  0,0003  0,0372               0,0003
     10           bfs      6,116608 0:00:10  0,0003  0,0381               0,0004
     12           bfs      6,607264 0:00:10  0,0003  0,0355               0,0003
     14           bfs      6,750769 0:00:10  0,0003  0,0373               0,0003
     16           bfs      7,078964 0:00:10  0,0003  0,0414               0,0004
     18           bfs      7,243163 0:00:11  0,0002  0,0354               0,0003
     20           bfs      7,673571 0:00:11  0,0003  0,0443               0,0004
     22           bfs     10,426380 0:00:14  0,0004  0,0535               0,0005
     24           bfs     11,772095 0:00:16  0,0004  0,0566               0,0005
     26           bfs     12,135244 0:00:16  0,0005  0,0770               0,0007
     28           bfs     14,030114 0:00:18  0,0007  0,0983               0,0009
     30           bfs     14,924118 0:00:19  0,0007  0,1044               0,0010
     32           bfs     15,953749 0:00:19  0,0008  0,1147               0,0011
     34           bfs     16,995110 0:00:21  0,0009  0,1282               0,0012
     36           bfs     17,447496 0:00:21  0,0009  0,1280               0,0012
     38           bfs     18,495428 0:00:22  0,0010  0,1374               0,0013
     40           bfs     19,821903 0:00:23  0,0009  0,1318               0,0012
      2         histo    218,809692 0:03:39  0,0063  0,8892               0,0083
      4         histo    831,106995 0:13:52  0,0250  3,5485               0,0330
      6         histo    937,034424 0:15:38  0,0292  4,1337               0,0385
      8         histo   1078,630615 0:18:01  0,0345  4,8883               0,0455
     10         histo   1226,834473 0:20:29  0,0408  5,7813               0,0538
     12         histo   1321,876953 0:22:04  0,0459  6,5062               0,0605
     14         histo   1584,572632 0:26:26  0,0573  8,1249               0,0756
     16         histo   1671,476440 0:27:53  0,0631  8,9401               0,0832
     18         histo   1723,348145 0:28:44  0,0675  9,5691               0,0890
     20         histo   1766,642090 0:29:28  0,0720 10,2041               0,0949
     22         histo   1803,517578 0:30:05  0,0739 10,4831               0,0975
     24         histo   1889,988647 0:31:31  0,0792 11,2248               0,1044
     26         histo   1951,116943 0:32:33  0,0840 11,9052               0,1107
     28         histo   2342,137207 0:39:03  0,1149 16,2891               0,1515
     30         histo   2362,576416 0:39:23  0,1201 17,0273               0,1584
     32         histo   2669,381592 0:44:31  0,1417 20,0934               0,1869
     34         histo   2742,656494 0:45:44  0,1477 20,9463               0,1948
     36         histo   2984,843262 0:49:46  0,1682 23,8406               0,2218
     38         histo   3058,648682 0:50:59  0,1765 25,0206               0,2327
     40         histo   3379,514648 0:56:21  0,2020 28,6374               0,2664
      2           lbm    828,535583 0:13:53  0,0252  3,5682               0,0332
      4           lbm    443,125793 0:07:28  0,0147  2,0827               0,0194
      6           lbm    328,746552 0:05:34  0,0114  1,6197               0,0151
      8           lbm    255,770218 0:04:20  0,0095  1,3537               0,0126
     10           lbm    212,169083 0:03:37  0,0084  1,1900               0,0111
     12           lbm    180,329086 0:03:06  0,0075  1,0691               0,0099
     14           lbm    155,050476 0:02:39  0,0068  0,9648               0,0090
     16           lbm    137,018906 0:02:22  0,0064  0,9119               0,0085
     18           lbm    121,727402 0:02:06  0,0059  0,8296               0,0077
     20           lbm    110,389626 0:01:55  0,0057  0,8038               0,0075
     22           lbm    100,823021 0:01:46  0,0061  0,8696               0,0081
     24           lbm     91,523643 0:01:36  0,0059  0,8381               0,0078
     26           lbm     85,413322 0:01:30  0,0058  0,8216               0,0076
     28           lbm     78,456490 0:01:23  0,0055  0,7748               0,0072
     30           lbm     73,997215 0:01:19  0,0050  0,7058               0,0066
     32           lbm     68,847435 0:01:13  0,0051  0,7201               0,0067
     34           lbm     65,761238 0:01:10  0,0050  0,7098               0,0066
     36           lbm     61,980621 0:01:06  0,0048  0,6855               0,0064
     38           lbm     58,142323 0:01:02  0,0049  0,6933               0,0064
     40           lbm     56,098042 0:01:01  0,0046  0,6573               0,0061
      2           mri           NaN 0:00:00  0,0000  0,0000               0,0000
      4           mri           NaN 0:00:00  0,0000  0,0000               0,0000
      6           mri           NaN 0:00:00  0,0000  0,0000               0,0000
      8           mri           NaN 0:00:00  0,0000  0,0000               0,0000
     10           mri           NaN 0:00:00  0,0000  0,0000               0,0000
     12           mri           NaN 0:00:00  0,0000  0,0000               0,0000
     14           mri           NaN 0:00:01  0,0000  0,0000               0,0000
     16           mri           NaN 0:00:00  0,0000  0,0000               0,0000
     18           mri           NaN 0:00:00  0,0000  0,0000               0,0000
     20           mri           NaN 0:00:00  0,0000  0,0000               0,0000
     22           mri           NaN 0:00:00  0,0000  0,0000               0,0000
     24           mri           NaN 0:00:00  0,0000  0,0000               0,0000
     26           mri           NaN 0:00:01  0,0000  0,0000               0,0000
     28           mri           NaN 0:00:00  0,0000  0,0000               0,0000
     30           mri           NaN 0:00:00  0,0000  0,0000               0,0000
     32           mri           NaN 0:00:00  0,0000  0,0000               0,0000
     34           mri           NaN 0:00:00  0,0000  0,0000               0,0000
     36           mri           NaN 0:00:00  0,0000  0,0000               0,0000
     38           mri           NaN 0:00:00  0,0000  0,0000               0,0000
     40           mri           NaN 0:00:00  0,0000  0,0000               0,0000
      2         cutcp     59,280872 0:01:00  0,0018  0,2585               0,0024
      4         cutcp     30,710285 0:00:31  0,0010  0,1421               0,0013
      6         cutcp     22,887415 0:00:23  0,0007  0,1035               0,0010
      8         cutcp     17,976158 0:00:18  0,0006  0,0846               0,0008
     10         cutcp     14,802316 0:00:15  0,0005  0,0710               0,0007
     12         cutcp     12,517726 0:00:13  0,0004  0,0588               0,0005
     14         cutcp     10,701194 0:00:11  0,0004  0,0554               0,0005
     16         cutcp      9,551097 0:00:10  0,0004  0,0521               0,0005
     18         cutcp      8,529326 0:00:09  0,0003  0,0471               0,0004
     20         cutcp      7,693517 0:00:08  0,0003  0,0382               0,0004
     22         cutcp      7,055484 0:00:08  0,0001  0,0144               0,0001
     24         cutcp      6,608878 0:00:07  0,0003  0,0475               0,0004
     26         cutcp      6,390717 0:00:07  0,0004  0,0508               0,0005
     28         cutcp      5,759873 0:00:06  0,0003  0,0484               0,0005
     30         cutcp      5,253028 0:00:06  0,0003  0,0376               0,0003
     32         cutcp      5,144229 0:00:05  0,0003  0,0441               0,0004
     34         cutcp      4,876074 0:00:05  0,0003  0,0426               0,0004
     36         cutcp      4,603415 0:00:05  0,0003  0,0412               0,0004
     38         cutcp      4,542830 0:00:05  0,0003  0,0423               0,0004
     40         cutcp      4,362913 0:00:04  0,0003  0,0419               0,0004
      2       hotspot    118,200000 0:02:00  0,0018  0,1763               0,0016
      4       hotspot     65,613000 0:01:08  0,0011  0,1063               0,0010
      6       hotspot     48,335000 0:00:51  0,0009  0,0866               0,0008
      8       hotspot     39,216000 0:00:41  0,0007  0,0730               0,0007
     10       hotspot     29,402000 0:00:31  0,0006  0,0578               0,0005
     12       hotspot     24,356000 0:00:26  0,0005  0,0520               0,0005
     14       hotspot     21,368000 0:00:23  0,0005  0,0474               0,0004
     16       hotspot     23,130000 0:00:25  0,0005  0,0537               0,0005
     18       hotspot     17,132000 0:00:19  0,0004  0,0407               0,0004
     20       hotspot     16,982000 0:00:18  0,0004  0,0440               0,0004
     22       hotspot     15,103000 0:00:16  0,0005  0,0476               0,0004
     24       hotspot     14,480000 0:00:16  0,0005  0,0485               0,0005
     26       hotspot     13,238000 0:00:15  0,0004  0,0427               0,0004
     28       hotspot     13,064000 0:00:15  0,0004  0,0429               0,0004
     30       hotspot     12,755000 0:00:14  0,0005  0,0462               0,0004
     32       hotspot     12,553000 0:00:14  0,0005  0,0476               0,0004
     34       hotspot     11,635000 0:00:13  0,0004  0,0412               0,0004
     36       hotspot     11,079000 0:00:13  0,0004  0,0442               0,0004
     38       hotspot     10,874000 0:00:13  0,0005  0,0450               0,0004
     40       hotspot     10,830000 0:00:13  0,0005  0,0456               0,0004
      2           lud 387880,175000 0:06:28  0,0058  0,5677               0,0053
      4           lud 198508,797000 0:03:19  0,0032  0,3127               0,0029
      6           lud 139304,788000 0:02:20  0,0023  0,2305               0,0021
      8           lud 105198,281000 0:01:46  0,0019  0,1838               0,0017
     10           lud  83750,700000 0:01:24  0,0016  0,1536               0,0014
     12           lud  69983,306000 0:01:10  0,0014  0,1357               0,0013
     14           lud  60974,479000 0:01:01  0,0013  0,1247               0,0012
     16           lud  53107,666000 0:00:54  0,0012  0,1140               0,0011
     18           lud  47236,403000 0:00:48  0,0011  0,1067               0,0010
     20           lud  42626,389000 0:00:43  0,0010  0,1008               0,0009
     22           lud  37223,167000 0:00:38  0,0011  0,1077               0,0010
     24           lud  35658,924000 0:00:36  0,0011  0,1050               0,0010
     26           lud  34125,099000 0:00:34  0,0010  0,1032               0,0010
     28           lud  32206,942000 0:00:33  0,0010  0,1002               0,0009
     30           lud  30169,492000 0:00:31  0,0010  0,0965               0,0009
     32           lud  28494,251000 0:00:29  0,0009  0,0929               0,0009
     34           lud  27306,070000 0:00:28  0,0009  0,0915               0,0009
     36           lud  26288,077000 0:00:27  0,0009  0,0902               0,0008
     38           lud  25498,771000 0:00:26  0,0009  0,0887               0,0008
     40           lud  24200,991000 0:00:25  0,0009  0,0870               0,0008
      2 streamcluster    338,053089 0:05:38  0,0053  0,5201               0,0048
      4 streamcluster    181,389357 0:03:02  0,0031  0,3011               0,0028
      6 streamcluster    133,617477 0:02:14  0,0024  0,2348               0,0022
      8 streamcluster    107,502148 0:01:48  0,0020  0,1983               0,0018
     10 streamcluster     91,720035 0:01:32  0,0018  0,1792               0,0017
     12 streamcluster     79,036608 0:01:19  0,0017  0,1628               0,0015
     14 streamcluster     70,542851 0:01:11  0,0016  0,1536               0,0014
     16 streamcluster     65,299134 0:01:05  0,0015  0,1485               0,0014
     18 streamcluster     62,102405 0:01:02  0,0015  0,1485               0,0014
     20 streamcluster     60,668665 0:01:01  0,0015  0,1496               0,0014
     22 streamcluster     58,549704 0:00:59  0,0016  0,1610               0,0015
     24 streamcluster     56,578866 0:00:57  0,0016  0,1603               0,0015
     26 streamcluster     54,613093 0:00:55  0,0016  0,1578               0,0015
     28 streamcluster     54,688227 0:00:55  0,0016  0,1606               0,0015
     30 streamcluster     53,846670 0:00:54  0,0016  0,1605               0,0015
     32 streamcluster     50,994713 0:00:51  0,0016  0,1533               0,0014
     34 streamcluster     47,894048 0:00:48  0,0015  0,1481               0,0014
     36 streamcluster     48,285186 0:00:48  0,0015  0,1520               0,0014
     38 streamcluster     50,391749 0:00:50  0,0016  0,1592               0,0015
     40 streamcluster     47,240269 0:00:47  0,0016  0,1540               0,0014