 Treads           App          Time Time CT  Energy   CO2eq  km travelled by car
      2           bfs      3,748927 0:00:07  0,0002  0,1061               0,0010
      4           bfs      4,589945 0:00:08  0,0002  0,1137               0,0011
      6           bfs      5,288955 0:00:09  0,0003  0,1227               0,0011
      8           bfs      5,758380 0:00:09  0,0003  0,1285               0,0012
     10           bfs      5,888475 0:00:09  0,0003  0,1293               0,0012
     12           bfs      6,421644 0:00:10  0,0003  0,1311               0,0012
     14           bfs      6,880186 0:00:10  0,0003  0,1296               0,0012
     16           bfs      7,108225 0:00:11  0,0003  0,1410               0,0013
     18           bfs      7,647752 0:00:11  0,0003  0,1500               0,0014
     20           bfs      8,062821 0:00:12  0,0003  0,1537               0,0014
     22           bfs     10,017324 0:00:13  0,0004  0,1848               0,0017
     24           bfs     11,252944 0:00:15  0,0004  0,1963               0,0018
     26           bfs     12,353945 0:00:16  0,0006  0,2958               0,0028
     28           bfs     13,808066 0:00:17  0,0007  0,3292               0,0031
     30           bfs     14,794824 0:00:18  0,0008  0,3626               0,0034
     32           bfs     15,781501 0:00:19  0,0008  0,3788               0,0035
     34           bfs     16,784861 0:00:20  0,0009  0,4143               0,0039
     36           bfs     18,064228 0:00:22  0,0009  0,4230               0,0039
     38           bfs     18,625847 0:00:22  0,0009  0,4494               0,0042
     40           bfs     19,574900 0:00:23  0,0009  0,4314               0,0040
      2         histo    218,904587 0:03:39  0,0063  2,9935               0,0278
      4         histo    991,929565 0:16:33  0,0297 14,1192               0,1313
      6         histo   1197,333008 0:19:58  0,0371 17,6018               0,1637
      8         histo   1342,233521 0:22:23  0,0433 20,5569               0,1912
     10         histo   1372,359009 0:22:53  0,0458 21,7554               0,2024
     12         histo   1617,759399 0:26:59  0,0566  8,0246               0,0746
     14         histo   1510,301514 0:25:12  0,0544  7,7092               0,0717
     16         histo   1778,329346 0:29:40  0,0671  9,5081               0,0884
     18         histo   1734,185181 0:28:55  0,0681  9,6527               0,0898
     20         histo   1770,836548 0:29:32  0,0722 10,2322               0,0952
     22         histo   1842,210938 0:30:43  0,0761 10,7883               0,1004
     24         histo   1841,879517 0:30:43  0,0768 10,8924               0,1013
     26         histo   2018,081543 0:33:39  0,0870 12,3342               0,1147
     28         histo   2198,827881 0:36:40  0,0984 13,9555               0,1298
     30         histo   2347,027588 0:39:08  0,1183 16,7772               0,1561
     32         histo   2540,146240 0:42:22  0,1328 18,8215               0,1751
     34         histo   2681,098145 0:44:43  0,1454 20,6199               0,1918
     36         histo   2901,343018 0:48:23  0,1630 23,1067               0,2149
     38         histo   3094,724609 0:51:37  0,1799 25,5005               0,2372
     40         histo   3344,822266 0:55:48  0,2012 28,5284               0,2654
      2           lbm    828,836182 0:13:53  0,0252  3,5712               0,0332
      4           lbm    443,500641 0:07:29  0,0147  2,0776               0,0193
      6           lbm    328,799866 0:05:34  0,0113  1,6058               0,0149
      8           lbm    256,330261 0:04:21  0,0098  1,3837               0,0129
     10           lbm    211,720688 0:03:37  0,0084  1,1871               0,0110
     12           lbm    179,950302 0:03:05  0,0075  1,0634               0,0099
     14           lbm    155,469421 0:02:40  0,0068  0,9711               0,0090
     16           lbm    137,270035 0:02:22  0,0066  0,9333               0,0087
     18           lbm    122,446297 0:02:07  0,0058  0,8281               0,0077
     20           lbm    110,789146 0:01:56  0,0054  0,7700               0,0072
     22           lbm     99,842339 0:01:44  0,0060  0,8535               0,0079
     24           lbm     92,383018 0:01:36  0,0063  0,8978               0,0084
     26           lbm     84,909149 0:01:29  0,0056  0,7902               0,0074
     28           lbm     78,545029 0:01:23  0,0055  0,7727               0,0072
     30           lbm     74,136421 0:01:19  0,0049  0,6935               0,0065
     32           lbm     69,499260 0:01:14  0,0054  0,7629               0,0071
     34           lbm     65,800285 0:01:10  0,0045  0,6410               0,0060
     36           lbm     61,950333 0:01:06  0,0049  0,6951               0,0065
     38           lbm     58,840294 0:01:03  0,0050  0,7022               0,0065
     40           lbm     56,059113 0:01:00  0,0043  0,6084               0,0057
      2           mri           NaN 0:00:00  0,0000  0,0000               0,0000
      4           mri           NaN 0:00:00  0,0000  0,0000               0,0000
      6           mri           NaN 0:00:00  0,0000  0,0000               0,0000
      8           mri           NaN 0:00:00  0,0000  0,0000               0,0000
     10           mri           NaN 0:00:00  0,0000  0,0000               0,0000
     12           mri           NaN 0:00:01  0,0000  0,0000               0,0000
     14           mri           NaN 0:00:00  0,0000  0,0000               0,0000
     16           mri           NaN 0:00:00  0,0000  0,0000               0,0000
     18           mri           NaN 0:00:00  0,0000  0,0000               0,0000
     20           mri           NaN 0:00:00  0,0000  0,0000               0,0000
     22           mri           NaN 0:00:00  0,0000  0,0000               0,0000
     24           mri           NaN 0:00:00  0,0000  0,0000               0,0000
     26           mri           NaN 0:00:00  0,0000  0,0000               0,0000
     28           mri           NaN 0:00:00  0,0000  0,0000               0,0000
     30           mri           NaN 0:00:00  0,0000  0,0000               0,0000
     32           mri           NaN 0:00:00  0,0000  0,0000               0,0000
     34           mri           NaN 0:00:00  0,0000  0,0000               0,0000
     36           mri           NaN 0:00:00  0,0000  0,0000               0,0000
     38           mri           NaN 0:00:00  0,0000  0,0000               0,0000
     40           mri           NaN 0:00:01  0,0000  0,0000               0,0000
      2         cutcp     59,301285 0:01:00  0,0018  0,2507               0,0023
      4         cutcp     30,656506 0:00:31  0,0009  0,1333               0,0012
      6         cutcp     22,902094 0:00:23  0,0007  0,1034               0,0010
      8         cutcp     17,890839 0:00:18  0,0006  0,0808               0,0008
     10         cutcp     14,882866 0:00:15  0,0005  0,0747               0,0007
     12         cutcp     12,593589 0:00:13  0,0004  0,0622               0,0006
     14         cutcp     10,752797 0:00:11  0,0004  0,0538               0,0005
     16         cutcp      9,536304 0:00:10  0,0003  0,0465               0,0004
     18         cutcp      8,440248 0:00:09  0,0003  0,0475               0,0004
     20         cutcp      7,661877 0:00:08  0,0003  0,0453               0,0004
     22         cutcp      7,053993 0:00:07  0,0003  0,0481               0,0004
     24         cutcp      6,613707 0:00:07  0,0003  0,0420               0,0004
     26         cutcp      6,447659 0:00:07  0,0003  0,0483               0,0004
     28         cutcp      5,729384 0:00:06  0,0003  0,0388               0,0004
     30         cutcp      5,384194 0:00:06  0,0003  0,0420               0,0004
     32         cutcp      5,194722 0:00:06  0,0003  0,0369               0,0003
     34         cutcp      4,947264 0:00:05  0,0003  0,0375               0,0003
     36         cutcp      4,688690 0:00:05  0,0003  0,0396               0,0004
     38         cutcp      4,576657 0:00:05  0,0003  0,0360               0,0003
     40         cutcp      4,365949 0:00:05  0,0003  0,0400               0,0004
      2       hotspot    114,606000 0:01:57  0,0017  0,1713               0,0016
      4       hotspot     68,341000 0:01:10  0,0012  0,1140               0,0011
      6       hotspot     43,162000 0:00:45  0,0008  0,0765               0,0007
      8       hotspot     38,626000 0:00:41  0,0007  0,0731               0,0007
     10       hotspot     29,831000 0:00:32  0,0006  0,0592               0,0006
     12       hotspot     24,197000 0:00:26  0,0005  0,0515               0,0005
     14       hotspot     21,139000 0:00:23  0,0005  0,0465               0,0004
     16       hotspot     23,115000 0:00:25  0,0005  0,0525               0,0005
     18       hotspot     17,495000 0:00:20  0,0004  0,0429               0,0004
     20       hotspot     17,725000 0:00:20  0,0005  0,0456               0,0004
     22       hotspot     14,785000 0:00:16  0,0005  0,0473               0,0004
     24       hotspot     13,742000 0:00:16  0,0005  0,0446               0,0004
     26       hotspot     13,018000 0:00:15  0,0004  0,0428               0,0004
     28       hotspot     13,248000 0:00:15  0,0005  0,0458               0,0004
     30       hotspot     12,619000 0:00:14  0,0005  0,0447               0,0004
     32       hotspot     13,051000 0:00:15  0,0005  0,0483               0,0004
     34       hotspot     11,319000 0:00:14  0,0004  0,0430               0,0004
     36       hotspot     11,190000 0:00:13  0,0004  0,0411               0,0004
     38       hotspot     11,303000 0:00:13  0,0005  0,0445               0,0004
     40       hotspot     10,536000 0:00:12  0,0005  0,0444               0,0004
      2           lud 388367,420000 0:06:29  0,0057  0,5645               0,0053
      4           lud 201408,735000 0:03:22  0,0032  0,3169               0,0029
      6           lud 139132,394000 0:02:20  0,0024  0,2321               0,0022
      8           lud 104878,788000 0:01:45  0,0019  0,1834               0,0017
     10           lud  82898,365000 0:01:23  0,0016  0,1524               0,0014
     12           lud  70078,427000 0:01:11  0,0014  0,1360               0,0013
     14           lud  60855,789000 0:01:01  0,0013  0,1234               0,0011
     16           lud  53913,853000 0:00:54  0,0012  0,1147               0,0011
     18           lud  47395,830000 0:00:48  0,0011  0,1068               0,0010
     20           lud  42567,575000 0:00:43  0,0010  0,1006               0,0009
     22           lud  37532,604000 0:00:38  0,0011  0,1075               0,0010
     24           lud  35819,169000 0:00:36  0,0011  0,1056               0,0010
     26           lud  33996,304000 0:00:34  0,0011  0,1034               0,0010
     28           lud  31878,055000 0:00:32  0,0010  0,0989               0,0009
     30           lud  30004,900000 0:00:30  0,0010  0,0955               0,0009
     32           lud  28721,868000 0:00:29  0,0009  0,0932               0,0009
     34           lud  27236,118000 0:00:28  0,0009  0,0911               0,0008
     36           lud  26144,359000 0:00:27  0,0009  0,0890               0,0008
     38           lud  24959,038000 0:00:25  0,0009  0,0876               0,0008
     40           lud  24204,616000 0:00:25  0,0009  0,0871               0,0008
      2 streamcluster    339,193275 0:05:39  0,0053  0,5203               0,0048
      4 streamcluster    178,506393 0:02:59  0,0030  0,2958               0,0028
      6 streamcluster    132,592506 0:02:13  0,0024  0,2313               0,0022
      8 streamcluster    107,828187 0:01:48  0,0020  0,1974               0,0018
     10 streamcluster     90,990568 0:01:31  0,0018  0,1753               0,0016
     12 streamcluster     79,029540 0:01:19  0,0016  0,1617               0,0015
     14 streamcluster     70,400212 0:01:11  0,0015  0,1521               0,0014
     16 streamcluster     64,495995 0:01:05  0,0015  0,1468               0,0014
     18 streamcluster     62,181093 0:01:02  0,0015  0,1469               0,0014
     20 streamcluster     59,970033 0:01:00  0,0015  0,1489               0,0014
     22 streamcluster     58,948535 0:00:59  0,0016  0,1596               0,0015
     24 streamcluster     57,291064 0:00:57  0,0016  0,1611               0,0015
     26 streamcluster     55,096509 0:00:55  0,0016  0,1586               0,0015
     28 streamcluster     54,715030 0:00:55  0,0016  0,1604               0,0015
     30 streamcluster     53,600585 0:00:54  0,0016  0,1599               0,0015
     32 streamcluster     51,827717 0:00:52  0,0016  0,1569               0,0015
     34 streamcluster     49,383824 0:00:49  0,0016  0,1526               0,0014
     36 streamcluster     48,526222 0:00:49  0,0015  0,1522               0,0014
     38 streamcluster     50,206866 0:00:51  0,0016  0,1609               0,0015
     40 streamcluster     50,624775 0:00:51  0,0016  0,1618               0,0015