 Treads           App          Time Time CT  Energy   CO2eq  km travelled by car
      2           bfs      1,829066 0:00:04  0,0003  0,0397               0,0004
      4           bfs      2,609536 0:00:05  0,0003  0,0486               0,0005
      6           bfs      2,827918 0:00:05  0,0003  0,0492               0,0005
      8           bfs      3,061200 0:00:05  0,0004  0,0516               0,0005
     10           bfs      3,358123 0:00:06  0,0004  0,0565               0,0005
     12           bfs      3,712233 0:00:06  0,0004  0,0595               0,0006
     14           bfs      4,197315 0:00:06  0,0005  0,0645               0,0006
     16           bfs      4,198491 0:00:06  0,0005  0,0638               0,0006
     18           bfs      4,343663 0:00:07  0,0005  0,0653               0,0006
     20           bfs      4,754048 0:00:07  0,0005  0,0687               0,0006
     22           bfs      4,804136 0:00:07  0,0005  0,0702               0,0007
     24           bfs      5,079376 0:00:07  0,0005  0,0723               0,0007
     26           bfs      7,121684 0:00:09  0,0007  0,0944               0,0009
     28           bfs      7,702962 0:00:10  0,0007  0,1013               0,0009
     30           bfs      8,543247 0:00:11  0,0008  0,1068               0,0010
     32           bfs      9,308911 0:00:12  0,0008  0,1172               0,0011
     34           bfs      9,422102 0:00:12  0,0008  0,1180               0,0011
     36           bfs     10,272937 0:00:12  0,0009  0,1254               0,0012
     38           bfs     10,985634 0:00:13  0,0009  0,1324               0,0012
     40           bfs     11,391716 0:00:14  0,0010  0,1401               0,0013
     42           bfs     12,272070 0:00:14  0,0012  0,1691               0,0016
     44           bfs     13,279287 0:00:16  0,0013  0,1870               0,0017
     46           bfs     13,652583 0:00:16  0,0014  0,1951               0,0018
     48           bfs     14,279874 0:00:16  0,0014  0,2037               0,0019
      2         histo    182,581467 0:03:03  0,0124  1,7572               0,0163
      4         histo    975,441650 0:16:16  0,0673  9,5365               0,0887
      6         histo   1216,594849 0:20:17  0,0861 12,2070               0,1136
      8         histo   1272,226562 0:21:12  0,0916 12,9898               0,1208
     10         histo   1680,731812 0:28:01  0,1221 17,3113               0,1610
     12         histo   1753,042725 0:29:13  0,1293 18,3298               0,1705
     14         histo   1753,723267 0:29:14  0,1323 18,7542               0,1745
     16         histo   1848,066772 0:30:48  0,1418 20,1060               0,1870
     18         histo   1807,660034 0:30:09  0,1404 19,9013               0,1851
     20         histo   1973,195190 0:32:53  0,1528 21,6674               0,2016
     22         histo   2018,901245 0:33:39  0,1593 22,5816               0,2101
     24         histo   2055,393066 0:34:15  0,1620 22,9625               0,2136
     26         histo   2511,235352 0:41:51  0,2027 28,7367               0,2673
     28         histo   2808,164307 0:46:48  0,2298 32,5779               0,3031
     30         histo   2588,760986 0:43:09  0,2124 30,1159               0,2801
     32         histo   3167,972168 0:52:48  0,2683 38,0329               0,3538
     34         histo   3299,785889 0:55:00  0,2842 40,2855               0,3747
     36         histo   3662,534668 1:01:03  0,3228 45,7580               0,4257
     38         histo   3516,364258 0:58:37  0,3109 44,0796               0,4100
     40         histo   3644,554932 1:00:45  0,3254 46,1296               0,4291
     42         histo   3625,590820 1:00:26  0,3265 46,2896               0,4306
     44         histo   3334,256836 0:55:34  0,2993 42,4344               0,3947
     46         histo   4091,837891 1:08:12  0,3810 54,0101               0,5024
     48         histo   3695,240723 1:01:35  0,3442 48,8033               0,4540
      2           lbm    521,488708 0:08:44  0,0365  5,1751               0,0481
      4           lbm    278,782532 0:04:41  0,0209  2,9562               0,0275
      6           lbm    196,085571 0:03:18  0,0159  2,2490               0,0209
      8           lbm    178,510742 0:03:01  0,0152  2,1559               0,0201
     10           lbm    185,152557 0:03:07  0,0160  2,2660               0,0211
     12           lbm    186,762527 0:03:09  0,0160  2,2657               0,0211
     14           lbm    187,845078 0:03:10  0,0162  2,3024               0,0214
     16           lbm    189,883179 0:03:12  0,0168  2,3805               0,0221
     18           lbm    189,748474 0:03:12  0,0170  2,4160               0,0225
     20           lbm    189,119171 0:03:11  0,0171  2,4235               0,0225
     22           lbm    189,096008 0:03:11  0,0174  2,4612               0,0229
     24           lbm    190,563873 0:03:13  0,0171  2,4295               0,0226
     26           lbm    178,054810 0:03:00  0,0163  2,3150               0,0215
     28           lbm    165,059631 0:02:47  0,0152  2,1480               0,0200
     30           lbm    155,142517 0:02:37  0,0146  2,0691               0,0192
     32           lbm    145,319580 0:02:28  0,0141  2,0025               0,0186
     34           lbm    135,671829 0:02:18  0,0136  1,9213               0,0179
     36           lbm    130,081482 0:02:12  0,0133  1,8787               0,0175
     38           lbm    121,529900 0:02:04  0,0124  1,7570               0,0163
     40           lbm    117,342972 0:02:00  0,0126  1,7916               0,0167
     42           lbm    108,622070 0:01:51  0,0122  1,7265               0,0161
     44           lbm    104,763138 0:01:47  0,0120  1,7036               0,0158
     46           lbm    100,731842 0:01:43  0,0119  1,6829               0,0157
     48           lbm     95,423149 0:01:38  0,0114  1,6180               0,0151
      2           mri           NaN 0:00:00  0,0000  0,0000               0,0000
      4           mri           NaN 0:00:00  0,0000  0,0000               0,0000
      6           mri           NaN 0:00:00  0,0000  0,0000               0,0000
      8           mri           NaN 0:00:00  0,0000  0,0000               0,0000
     10           mri           NaN 0:00:00  0,0000  0,0000               0,0000
     12           mri           NaN 0:00:00  0,0000  0,0000               0,0000
     14           mri           NaN 0:00:00  0,0000  0,0000               0,0000
     16           mri           NaN 0:00:00  0,0000  0,0000               0,0000
     18           mri           NaN 0:00:00  0,0000  0,0000               0,0000
     20           mri           NaN 0:00:00  0,0000  0,0000               0,0000
     22           mri           NaN 0:00:00  0,0000  0,0000               0,0000
     24           mri           NaN 0:00:00  0,0000  0,0000               0,0000
     26           mri           NaN 0:00:00  0,0000  0,0000               0,0000
     28           mri           NaN 0:00:00  0,0000  0,0000               0,0000
     30           mri           NaN 0:00:00  0,0000  0,0000               0,0000
     32           mri           NaN 0:00:00  0,0000  0,0000               0,0000
     34           mri           NaN 0:00:00  0,0000  0,0000               0,0000
     36           mri           NaN 0:00:00  0,0000  0,0000               0,0000
     38           mri           NaN 0:00:00  0,0000  0,0000               0,0000
     40           mri           NaN 0:00:00  0,0000  0,0000               0,0000
     42           mri           NaN 0:00:00  0,0000  0,0000               0,0000
     44           mri           NaN 0:00:00  0,0000  0,0000               0,0000
     46           mri           NaN 0:00:00  0,0000  0,0000               0,0000
     48           mri           NaN 0:00:00  0,0000  0,0000               0,0000
      2         cutcp     39,767834 0:00:40  0,0028  0,3944               0,0037
      4         cutcp     20,213142 0:00:20  0,0015  0,2119               0,0020
      6         cutcp     14,144321 0:00:14  0,0011  0,1554               0,0014
      8         cutcp     10,702559 0:00:11  0,0009  0,1235               0,0011
     10         cutcp      8,649439 0:00:09  0,0007  0,1038               0,0010
     12         cutcp      7,392397 0:00:07  0,0006  0,0920               0,0009
     14         cutcp      6,273399 0:00:06  0,0006  0,0816               0,0008
     16         cutcp      5,629894 0:00:06  0,0005  0,0764               0,0007
     18         cutcp      5,011128 0:00:05  0,0005  0,0702               0,0007
     20         cutcp      4,609597 0:00:05  0,0005  0,0646               0,0006
     22         cutcp      4,255706 0:00:04  0,0004  0,0594               0,0006
     24         cutcp      4,073962 0:00:04  0,0004  0,0571               0,0005
     26         cutcp      3,874281 0:00:04  0,0004  0,0566               0,0005
     28         cutcp      3,529935 0:00:04  0,0004  0,0539               0,0005
     30         cutcp      3,395757 0:00:03  0,0004  0,0536               0,0005
     32         cutcp      3,219634 0:00:03  0,0004  0,0527               0,0005
     34         cutcp      3,010388 0:00:03  0,0004  0,0510               0,0005
     36         cutcp      2,916354 0:00:03  0,0004  0,0505               0,0005
     38         cutcp      2,881351 0:00:03  0,0004  0,0512               0,0005
     40         cutcp      2,587495 0:00:03  0,0003  0,0474               0,0004
     42         cutcp      2,559490 0:00:03  0,0003  0,0484               0,0005
     44         cutcp      2,443471 0:00:03  0,0003  0,0466               0,0004
     46         cutcp      2,333524 0:00:02  0,0003  0,0450               0,0004
     48         cutcp      2,377267 0:00:02  0,0003  0,0461               0,0004
      2       hotspot     75,082000 0:01:16  0,0027  0,2696               0,0025
      4       hotspot     39,346000 0:00:40  0,0016  0,1527               0,0014
      6       hotspot     27,170000 0:00:28  0,0012  0,1146               0,0011
      8       hotspot     21,289000 0:00:22  0,0010  0,0957               0,0009
     10       hotspot     17,140000 0:00:18  0,0008  0,0812               0,0008
     12       hotspot     15,492000 0:00:16  0,0008  0,0754               0,0007
     14       hotspot     12,872000 0:00:14  0,0007  0,0652               0,0006
     16       hotspot     11,831000 0:00:13  0,0006  0,0598               0,0006
     18       hotspot     10,479000 0:00:11  0,0005  0,0532               0,0005
     20       hotspot      9,871000 0:00:11  0,0005  0,0509               0,0005
     22       hotspot      9,194000 0:00:10  0,0005  0,0476               0,0004
     24       hotspot      8,826000 0:00:10  0,0005  0,0451               0,0004
     26       hotspot      8,344000 0:00:09  0,0004  0,0441               0,0004
     28       hotspot      7,888000 0:00:09  0,0005  0,0444               0,0004
     30       hotspot      7,523000 0:00:08  0,0004  0,0440               0,0004
     32       hotspot      7,160000 0:00:08  0,0004  0,0431               0,0004
     34       hotspot      6,933000 0:00:08  0,0004  0,0432               0,0004
     36       hotspot      6,747000 0:00:08  0,0004  0,0429               0,0004
     38       hotspot      6,522000 0:00:07  0,0004  0,0422               0,0004
     40       hotspot      6,402000 0:00:07  0,0004  0,0418               0,0004
     42       hotspot      6,271000 0:00:07  0,0004  0,0410               0,0004
     44       hotspot      6,199000 0:00:07  0,0004  0,0407               0,0004
     46       hotspot      6,121000 0:00:07  0,0004  0,0403               0,0004
     48       hotspot      5,998000 0:00:07  0,0004  0,0425               0,0004
      2           lud 131169,525000 0:02:11  0,0047  0,4642               0,0043
      4           lud  66435,375000 0:01:07  0,0026  0,2549               0,0024
      6           lud  45243,373000 0:00:46  0,0019  0,1861               0,0017
      8           lud  39829,137000 0:00:40  0,0017  0,1695               0,0016
     10           lud  39598,328000 0:00:40  0,0018  0,1724               0,0016
     12           lud  39471,797000 0:00:40  0,0018  0,1737               0,0016
     14           lud  39296,922000 0:00:40  0,0018  0,1762               0,0016
     16           lud  39119,293000 0:00:39  0,0018  0,1774               0,0017
     18           lud  38988,785000 0:00:39  0,0018  0,1787               0,0017
     20           lud  38919,261000 0:00:39  0,0018  0,1787               0,0017
     22           lud  38822,757000 0:00:39  0,0018  0,1813               0,0017
     24           lud  38732,185000 0:00:39  0,0018  0,1783               0,0017
     26           lud  35641,741000 0:00:36  0,0017  0,1680               0,0016
     28           lud  32582,954000 0:00:33  0,0016  0,1573               0,0015
     30           lud  30415,317000 0:00:31  0,0015  0,1499               0,0014
     32           lud  28877,756000 0:00:29  0,0015  0,1469               0,0014
     34           lud  27992,996000 0:00:28  0,0015  0,1466               0,0014
     36           lud  27468,445000 0:00:28  0,0015  0,1465               0,0014
     38           lud  27760,511000 0:00:28  0,0015  0,1502               0,0014
     40           lud  28187,396000 0:00:28  0,0016  0,1547               0,0014
     42           lud  27783,434000 0:00:28  0,0016  0,1542               0,0014
     44           lud  28746,809000 0:00:29  0,0016  0,1600               0,0015
     46           lud  30039,754000 0:00:30  0,0017  0,1673               0,0016
     48           lud  30310,297000 0:00:31  0,0017  0,1692               0,0016
      2 streamcluster    356,758767 0:05:57  0,0126  1,2374               0,0115
      4 streamcluster    188,562516 0:03:09  0,0070  0,6868               0,0064
      6 streamcluster    140,716580 0:02:21  0,0055  0,5380               0,0050
      8 streamcluster    134,127280 0:02:14  0,0054  0,5298               0,0049
     10 streamcluster    133,696234 0:02:14  0,0055  0,5394               0,0050
     12 streamcluster    133,746013 0:02:14  0,0055  0,5438               0,0051
     14 streamcluster    133,968456 0:02:14  0,0056  0,5527               0,0051
     16 streamcluster    134,492975 0:02:15  0,0056  0,5531               0,0051
     18 streamcluster    135,005389 0:02:15  0,0058  0,5698               0,0053
     20 streamcluster    135,324380 0:02:15  0,0058  0,5697               0,0053
     22 streamcluster    135,617138 0:02:16  0,0058  0,5740               0,0053
     24 streamcluster    136,288757 0:02:16  0,0058  0,5714               0,0053
     26 streamcluster    135,567807 0:02:16  0,0060  0,5869               0,0055
     28 streamcluster    135,002504 0:02:15  0,0060  0,5947               0,0055
     30 streamcluster    133,395461 0:02:13  0,0061  0,6007               0,0056
     32 streamcluster    127,922496 0:02:08  0,0060  0,5914               0,0055
     34 streamcluster    123,812596 0:02:04  0,0059  0,5848               0,0054
     36 streamcluster    103,700702 0:01:44  0,0051  0,4995               0,0046
     38 streamcluster     99,296697 0:01:39  0,0049  0,4852               0,0045
     40 streamcluster     89,660639 0:01:30  0,0045  0,4424               0,0041
     42 streamcluster    100,695287 0:01:41  0,0051  0,4974               0,0046
     44 streamcluster     98,878646 0:01:39  0,0050  0,4905               0,0046
     46 streamcluster     99,118254 0:01:39  0,0050  0,4943               0,0046
     48 streamcluster     96,425467 0:01:36  0,0049  0,4865               0,0045