 Treads           App          Time Time CT  Energy   CO2eq  km travelled by car
      2           bfs      1,896915 0:00:04  0,0003  0,0406               0,0004
      4           bfs      2,849061 0:00:05  0,0004  0,0497               0,0005
      6           bfs      3,286104 0:00:06  0,0004  0,0544               0,0005
      8           bfs      3,448262 0:00:06  0,0004  0,0573               0,0005
     10           bfs      3,821596 0:00:06  0,0004  0,0600               0,0006
     12           bfs      4,168482 0:00:07  0,0005  0,0653               0,0006
     14           bfs      4,286364 0:00:07  0,0005  0,0644               0,0006
     16           bfs      4,458156 0:00:07  0,0005  0,0667               0,0006
     18           bfs      4,468744 0:00:07  0,0005  0,0672               0,0006
     20           bfs      5,162435 0:00:08  0,0005  0,0734               0,0007
     22           bfs      5,273225 0:00:08  0,0005  0,0743               0,0007
     24           bfs      5,578643 0:00:08  0,0006  0,0781               0,0007
     26           bfs      7,064999 0:00:09  0,0007  0,0924               0,0009
     28           bfs      7,897968 0:00:10  0,0007  0,0992               0,0009
     30           bfs      8,680964 0:00:11  0,0008  0,1092               0,0010
     32           bfs      9,811584 0:00:12  0,0008  0,1188               0,0011
     34           bfs     10,251655 0:00:13  0,0009  0,1232               0,0011
     36           bfs     10,400810 0:00:13  0,0009  0,1251               0,0012
     38           bfs     11,428740 0:00:14  0,0010  0,1352               0,0013
     40           bfs     11,896419 0:00:14  0,0010  0,1464               0,0014
     42           bfs     11,794840 0:00:14  0,0011  0,1610               0,0015
     44           bfs     12,991070 0:00:15  0,0013  0,1857               0,0017
     46           bfs     13,322380 0:00:16  0,0014  0,1916               0,0018
     48           bfs     14,534481 0:00:17  0,0014  0,2032               0,0019
      2         histo    182,836655 0:03:03  0,0124  1,7624               0,0164
      4         histo    958,074951 0:15:59  0,0659  9,3388               0,0869
      6         histo   1159,424438 0:19:20  0,0811 11,5048               0,1070
      8         histo   1246,673828 0:20:48  0,0902 12,7942               0,1190
     10         histo   1652,164551 0:27:34  0,1216 17,2349               0,1603
     12         histo   1590,217896 0:26:32  0,1185 16,7977               0,1563
     14         histo   1679,687378 0:28:00  0,1274 18,0677               0,1681
     16         histo   1835,880615 0:30:39  0,1400 19,8447               0,1846
     18         histo   1821,916016 0:30:23  0,1417 20,0845               0,1868
     20         histo   2010,562134 0:33:32  0,1562 22,1463               0,2060
     22         histo   2020,632202 0:33:41  0,1585 22,4739               0,2091
     24         histo   2237,335938 0:37:19  0,1788 25,3515               0,2358
     26         histo   3148,390625 0:52:29  0,2582 36,5992               0,3405
     28         histo   3413,900146 0:56:55  0,2795 39,6297               0,3686
     30         histo   2993,830322 0:49:55  0,2506 35,5281               0,3305
     32         histo   3724,662354 1:02:05  0,3140 44,5152               0,4141
     34         histo   3386,321045 0:56:27  0,2918 41,3740               0,3849
     36         histo   3397,900391 0:56:38  0,2991 42,4009               0,3944
     38         histo   3528,417480 0:58:49  0,3104 44,0007               0,4093
     40         histo   3622,891602 1:00:24  0,3263 46,2675               0,4304
     42         histo   3660,409668 1:01:02  0,3315 46,9947               0,4372
     44         histo   3529,110107 0:58:50  0,3213 45,5577               0,4238
     46         histo   4077,764648 1:07:58  0,3813 54,0590               0,5029
     48         histo   3691,297119 1:01:33  0,3468 49,1663               0,4574
      2           lbm    521,506592 0:08:44  0,0368  5,2117               0,0485
      4           lbm    279,721863 0:04:43  0,0211  2,9887               0,0278
      6           lbm    197,062332 0:03:20  0,0157  2,2275               0,0207
      8           lbm    178,661606 0:03:02  0,0150  2,1336               0,0198
     10           lbm    184,374741 0:03:08  0,0158  2,2382               0,0208
     12           lbm    187,586121 0:03:11  0,0159  7,5364               0,0701
     14           lbm    187,772110 0:03:10  0,0162  2,2917               0,0213
     16           lbm    189,691971 0:03:12  0,0168  2,3786               0,0221
     18           lbm    191,355606 0:03:15  0,0171  2,4220               0,0225
     20           lbm    190,483322 0:03:14  0,0170  2,4111               0,0224
     22           lbm    192,192139 0:03:16  0,0174  2,4656               0,0229
     24           lbm    191,777985 0:03:15  0,0173  2,4475               0,0228
     26           lbm    178,256577 0:03:02  0,0163  2,3075               0,0215
     28           lbm    165,961365 0:02:49  0,0151  2,1444               0,0199
     30           lbm    156,839767 0:02:40  0,0148  2,0966               0,0195
     32           lbm    146,889236 0:02:30  0,0142  2,0066               0,0187
     34           lbm    136,770905 0:02:20  0,0136  1,9244               0,0179
     36           lbm    128,773270 0:02:12  0,0129  1,8320               0,0170
     38           lbm    123,103065 0:02:07  0,0127  1,8069               0,0168
     40           lbm    115,398491 0:01:59  0,0123  1,7495               0,0163
     42           lbm    109,759117 0:01:53  0,0116  1,6431               0,0153
     44           lbm    106,580933 0:01:50  0,0119  1,6849               0,0157
     46           lbm     99,224403 0:01:43  0,0110  1,5619               0,0145
     48           lbm     97,579071 0:01:41  0,0110  1,5615               0,0145
      2           mri           NaN 0:00:01  0,0000  0,0000               0,0000
      4           mri           NaN 0:00:00  0,0000  0,0000               0,0000
      6           mri           NaN 0:00:00  0,0000  0,0000               0,0000
      8           mri           NaN 0:00:00  0,0000  0,0000               0,0000
     10           mri           NaN 0:00:00  0,0000  0,0000               0,0000
     12           mri           NaN 0:00:00  0,0000  0,0000               0,0000
     14           mri           NaN 0:00:00  0,0000  0,0000               0,0000
     16           mri           NaN 0:00:00  0,0000  0,0000               0,0000
     18           mri           NaN 0:00:00  0,0000  0,0000               0,0000
     20           mri           NaN 0:00:00  0,0000  0,0000               0,0000
     22           mri           NaN 0:00:00  0,0000  0,0000               0,0000
     24           mri           NaN 0:00:00  0,0000  0,0000               0,0000
     26           mri           NaN 0:00:00  0,0000  0,0000               0,0000
     28           mri           NaN 0:00:00  0,0000  0,0000               0,0000
     30           mri           NaN 0:00:01  0,0000  0,0000               0,0000
     32           mri           NaN 0:00:00  0,0000  0,0000               0,0000
     34           mri           NaN 0:00:00  0,0000  0,0000               0,0000
     36           mri           NaN 0:00:00  0,0000  0,0000               0,0000
     38           mri           NaN 0:00:00  0,0000  0,0000               0,0000
     40           mri           NaN 0:00:00  0,0000  0,0000               0,0000
     42           mri           NaN 0:00:00  0,0000  0,0000               0,0000
     44           mri           NaN 0:00:00  0,0000  0,0000               0,0000
     46           mri           NaN 0:00:00  0,0000  0,0000               0,0000
     48           mri           NaN 0:00:00  0,0000  0,0000               0,0000
      2         cutcp     39,926781 0:00:40  0,0028  0,3969               0,0037
      4         cutcp     20,284348 0:00:21  0,0015  0,2110               0,0020
      6         cutcp     14,201038 0:00:14  0,0011  0,1563               0,0015
      8         cutcp     10,755779 0:00:11  0,0009  0,1230               0,0011
     10         cutcp      8,749487 0:00:09  0,0007  0,1050               0,0010
     12         cutcp      7,507243 0:00:08  0,0006  0,0920               0,0009
     14         cutcp      6,401623 0:00:07  0,0006  0,0799               0,0007
     16         cutcp      5,676237 0:00:06  0,0005  0,0763               0,0007
     18         cutcp      5,051421 0:00:05  0,0005  0,0692               0,0006
     20         cutcp      4,697020 0:00:05  0,0005  0,0670               0,0006
     22         cutcp      4,321129 0:00:05  0,0004  0,0597               0,0006
     24         cutcp      4,154880 0:00:04  0,0004  0,0576               0,0005
     26         cutcp      3,951384 0:00:04  0,0004  0,0582               0,0005
     28         cutcp      3,572841 0:00:04  0,0004  0,0536               0,0005
     30         cutcp      3,393438 0:00:04  0,0004  0,0526               0,0005
     32         cutcp      3,284549 0:00:03  0,0004  0,0531               0,0005
     34         cutcp      3,068214 0:00:03  0,0004  0,0514               0,0005
     36         cutcp      2,941902 0:00:03  0,0004  0,0501               0,0005
     38         cutcp      2,954162 0:00:03  0,0004  0,0535               0,0005
     40         cutcp      2,651694 0:00:03  0,0003  0,0486               0,0005
     42         cutcp      2,585826 0:00:03  0,0003  0,0466               0,0004
     44         cutcp      2,489731 0:00:03  0,0003  0,0484               0,0005
     46         cutcp      2,355643 0:00:03  0,0003  0,0447               0,0004
     48         cutcp      2,445361 0:00:03  0,0003  0,0495               0,0005
      2       hotspot     74,756000 0:01:16  0,0028  0,2712               0,0025
      4       hotspot     39,622000 0:00:41  0,0016  0,1562               0,0015
      6       hotspot     27,270000 0:00:28  0,0012  0,1165               0,0011
      8       hotspot     21,600000 0:00:23  0,0010  0,0983               0,0009
     10       hotspot     17,369000 0:00:19  0,0009  0,0848               0,0008
     12       hotspot     14,833000 0:00:16  0,0008  0,0772               0,0007
     14       hotspot     12,946000 0:00:14  0,0007  0,0696               0,0006
     16       hotspot     11,796000 0:00:13  0,0006  0,0598               0,0006
     18       hotspot     10,530000 0:00:12  0,0006  0,0565               0,0005
     20       hotspot      9,765000 0:00:11  0,0005  0,0498               0,0005
     22       hotspot      9,208000 0:00:10  0,0005  0,0488               0,0005
     24       hotspot      8,880000 0:00:10  0,0005  0,0463               0,0004
     26       hotspot      8,248000 0:00:09  0,0005  0,0451               0,0004
     28       hotspot      7,883000 0:00:09  0,0004  0,0437               0,0004
     30       hotspot      7,876000 0:00:09  0,0005  0,0446               0,0004
     32       hotspot      7,145000 0:00:08  0,0005  0,0452               0,0004
     34       hotspot      7,009000 0:00:08  0,0005  0,0457               0,0004
     36       hotspot      6,702000 0:00:08  0,0005  0,0456               0,0004
     38       hotspot      6,576000 0:00:08  0,0005  0,0449               0,0004
     40       hotspot      6,390000 0:00:08  0,0005  0,0444               0,0004
     42       hotspot      6,250000 0:00:07  0,0004  0,0429               0,0004
     44       hotspot      6,193000 0:00:07  0,0004  0,0434               0,0004
     46       hotspot      6,140000 0:00:08  0,0005  0,0446               0,0004
     48       hotspot      6,023000 0:00:07  0,0004  0,0436               0,0004
      2           lud 130992,103000 0:02:11  0,0047  0,4586               0,0043
      4           lud  66421,914000 0:01:07  0,0026  0,2545               0,0024
      6           lud  45248,518000 0:00:46  0,0019  0,1871               0,0017
      8           lud  39820,602000 0:00:40  0,0017  0,1702               0,0016
     10           lud  39575,068000 0:00:40  0,0017  0,1714               0,0016
     12           lud  39436,936000 0:00:40  0,0018  0,1727               0,0016
     14           lud  39305,452000 0:00:40  0,0018  0,1747               0,0016
     16           lud  39098,423000 0:00:39  0,0018  0,1769               0,0016
     18           lud  39000,517000 0:00:39  0,0018  0,1786               0,0017
     20           lud  38905,345000 0:00:39  0,0018  0,1783               0,0017
     22           lud  38832,417000 0:00:39  0,0018  0,1804               0,0017
     24           lud  38734,181000 0:00:39  0,0018  0,1786               0,0017
     26           lud  35662,377000 0:00:36  0,0017  0,1685               0,0016
     28           lud  32682,030000 0:00:33  0,0016  0,1584               0,0015
     30           lud  30677,599000 0:00:31  0,0015  0,1524               0,0014
     32           lud  28936,514000 0:00:29  0,0015  0,1477               0,0014
     34           lud  27758,737000 0:00:28  0,0015  0,1458               0,0014
     36           lud  27344,429000 0:00:28  0,0015  0,1460               0,0014
     38           lud  27267,770000 0:00:28  0,0015  0,1484               0,0014
     40           lud  28755,737000 0:00:29  0,0016  0,1579               0,0015
     42           lud  29249,356000 0:00:30  0,0016  0,1615               0,0015
     44           lud  29071,966000 0:00:29  0,0016  0,1617               0,0015
     46           lud  29700,494000 0:00:30  0,0017  0,1655               0,0015
     48           lud  30909,354000 0:00:31  0,0018  0,1731               0,0016
      2 streamcluster    356,767079 0:05:57  0,0126  1,2417               0,0116
      4 streamcluster    188,625828 0:03:09  0,0071  0,6935               0,0065
      6 streamcluster    140,732085 0:02:21  0,0055  0,5405               0,0050
      8 streamcluster    134,190966 0:02:14  0,0054  0,5299               0,0049
     10 streamcluster    133,770680 0:02:14  0,0055  0,5398               0,0050
     12 streamcluster    133,855763 0:02:14  0,0056  0,5492               0,0051
     14 streamcluster    133,998205 0:02:14  0,0057  0,5568               0,0052
     16 streamcluster    134,631470 0:02:15  0,0057  0,5589               0,0052
     18 streamcluster    135,143619 0:02:15  0,0058  0,5733               0,0053
     20 streamcluster    135,374876 0:02:15  0,0058  0,5706               0,0053
     22 streamcluster    135,687354 0:02:16  0,0058  0,5753               0,0054
     24 streamcluster    136,286203 0:02:16  0,0058  0,5731               0,0053
     26 streamcluster    134,699603 0:02:15  0,0059  0,5838               0,0054
     28 streamcluster    134,450814 0:02:14  0,0060  0,5942               0,0055
     30 streamcluster    133,918964 0:02:14  0,0061  0,6046               0,0056
     32 streamcluster    129,601468 0:02:10  0,0061  0,6008               0,0056
     34 streamcluster    121,777557 0:02:02  0,0059  0,5767               0,0054
     36 streamcluster     92,896801 0:01:33  0,0046  0,4486               0,0042
     38 streamcluster     88,153341 0:01:28  0,0044  0,4330               0,0040
     40 streamcluster     96,460313 0:01:37  0,0049  0,4777               0,0044
     42 streamcluster     90,495064 0:01:31  0,0046  0,4520               0,0042
     44 streamcluster     93,588269 0:01:34  0,0048  0,4684               0,0044
     46 streamcluster     92,853872 0:01:33  0,0048  0,4687               0,0044
     48 streamcluster    105,637146 0:01:46  0,0054  0,5303               0,0049