 Treads   App        Time Time CT  Energy   CO2eq  km travelled by car
      2   bfs    2,218661 0:00:05  0,0002  0,0266               0,0002
      4   bfs    3,106381 0:00:06  0,0002  0,0303               0,0003
      6   bfs    3,362813 0:00:06  0,0002  0,0316               0,0003
      8   bfs    3,638893 0:00:06  0,0002  0,0331               0,0003
     10   bfs    4,070961 0:00:07  0,0002  0,0352               0,0003
     12   bfs    4,447110 0:00:07  0,0003  0,0373               0,0003
     14   bfs    4,928262 0:00:08  0,0003  0,0397               0,0004
     16   bfs    5,091866 0:00:08  0,0003  0,0405               0,0004
     18   bfs    5,474936 0:00:08  0,0003  0,0423               0,0004
     20   bfs    5,923959 0:00:09  0,0003  0,0450               0,0004
     22   bfs    6,223651 0:00:09  0,0003  0,0465               0,0004
     24   bfs    6,654400 0:00:09  0,0003  0,0485               0,0005
     26   bfs    6,850304 0:00:10  0,0004  0,0499               0,0005
     28   bfs    7,443065 0:00:10  0,0004  0,0534               0,0005
     30   bfs    8,103500 0:00:11  0,0004  0,0560               0,0005
     32   bfs    8,188547 0:00:11  0,0004  0,0565               0,0005
     34   bfs    8,614533 0:00:11  0,0004  0,0589               0,0005
     36   bfs    9,082593 0:00:12  0,0004  0,0614               0,0006
     38   bfs    9,076616 0:00:12  0,0004  0,0615               0,0006
     40   bfs    9,661419 0:00:12  0,0005  0,0645               0,0006
     42   bfs   10,158291 0:00:13  0,0005  0,0675               0,0006
     44   bfs   10,602892 0:00:13  0,0005  0,0699               0,0007
     46   bfs   12,570742 0:00:15  0,0008  0,1109               0,0010
     48   bfs   13,656884 0:00:16  0,0009  0,1212               0,0011
     50   bfs   14,395664 0:00:17  0,0009  0,1278               0,0012
     52   bfs   16,346203 0:00:19  0,0010  0,1441               0,0013
     54   bfs   16,696415 0:00:19  0,0010  0,1485               0,0014
     56   bfs   18,030880 0:00:21  0,0011  0,1604               0,0015
     58   bfs   19,200050 0:00:22  0,0012  0,1711               0,0016
     60   bfs   20,919592 0:00:24  0,0012  0,1661               0,0015
     62   bfs   21,926531 0:00:25  0,0012  0,1740               0,0016
     64   bfs   22,799368 0:00:25  0,0014  0,2055               0,0019
     66   bfs   23,754881 0:00:26  0,0017  0,2385               0,0022
     68   bfs   23,585560 0:00:26  0,0017  0,2405               0,0022
     70   bfs   25,967646 0:00:29  0,0019  0,2656               0,0025
     72   bfs   26,747786 0:00:29  0,0019  0,2752               0,0026
     74   bfs   26,810774 0:00:29  0,0020  0,2802               0,0026
     76   bfs   28,660318 0:00:31  0,0021  0,3013               0,0028
     78   bfs   29,807949 0:00:32  0,0022  0,3167               0,0029
     80   bfs   31,286552 0:00:34  0,0021  0,2952               0,0027
     82   bfs   32,967438 0:00:36  0,0022  0,3153               0,0029
     84   bfs   33,629131 0:00:36  0,0025  0,3486               0,0032
     86   bfs   34,504696 0:00:37  0,0029  0,4050               0,0038
     88   bfs   36,020012 0:00:39  0,0030  0,4247               0,0040
      2 histo  176,562607 0:02:57  0,0064  0,9031               0,0084
      4 histo  829,059204 0:13:49  0,0312  4,4251               0,0412
      6 histo 1103,128174 0:18:23  0,0425  6,0199               0,0560
      8 histo 1309,937012 0:21:50  0,0521  7,3889               0,0687
     10 histo 1199,405396 0:20:00  0,0489  6,9261               0,0644
     12 histo 1360,553955 0:22:41  0,0566  8,0311               0,0747
     14 histo 1515,453247 0:25:16  0,0642  9,0948               0,0846
     16 histo 1551,151489 0:25:51  0,0668  9,4722               0,0881
     18 histo 1928,387329 0:32:09  0,0840 11,9046               0,1107
     20 histo 2023,630737 0:33:44  0,0907 12,8539               0,1196
     22 histo 2171,494629 0:36:12  0,0989 14,0193               0,1304
     24 histo 2031,777832 0:33:52  0,0955 13,5457               0,1260
     26 histo 2344,569824 0:39:05  0,1120 15,8805               0,1477
     28 histo 2187,150635 0:36:27  0,1070 15,1651               0,1411
     30 histo 2614,461426 0:43:35  0,1295 18,3579               0,1708
     32 histo 2629,381836 0:43:50  0,1334 18,9153               0,1760
     34 histo 2760,073242 0:46:00  0,1431 20,2831               0,1887
     36 histo 2891,521973 0:48:12  0,1541 21,8495               0,2033
     38 histo 2777,937744 0:46:18  0,1479 20,9686               0,1951
     40 histo 2690,287598 0:44:50  0,1485 21,0486               0,1958
     42 histo 2744,043457 0:45:44  0,1535 21,7596               0,2024
     44 histo 2954,332764 0:49:14  0,1688 23,9245               0,2226
     46 histo 2836,002686 0:47:16  0,1635 23,1841               0,2157
     48 histo 2766,158203 0:46:06  0,1593 22,5779               0,2100
     50 histo 2822,405273 0:47:03  0,1643 23,2987               0,2167
     52 histo 2933,790527 0:48:54  0,1716 24,3320               0,2263
     54 histo 2849,218750 0:47:29  0,1677 23,7757               0,2212
     56 histo 2875,791992 0:47:56  0,1715 24,3085               0,2261
     58 histo 2967,537354 0:49:28  0,1777 25,1903               0,2343
     60 histo 2976,662842 0:49:37  0,1797 25,4754               0,2370
     62 histo 3027,060303 0:50:27  0,1843 26,1354               0,2431
     64 histo 3054,892578 0:50:55  0,1869 26,5008               0,2465
     66 histo 2979,358154 0:49:39  0,1849 26,2205               0,2439
     68 histo 3073,462158 0:51:14  0,1932 27,3841               0,2547
     70 histo 3098,768555 0:51:39  0,1958 27,7616               0,2582
     72 histo 3097,759521 0:51:38  0,1983 28,1193               0,2616
     74 histo         NaN     NaN     NaN     NaN                  NaN