 Treads           App          Time Time CT  Energy   CO2eq  km travelled by car
      2           bfs      5,244229 0:00:10  0,0002  0,0275               0,0003
      4           bfs      5,367235 0:00:10  0,0002  0,0285               0,0003
      6           bfs      5,878803 0:00:10  0,0002  0,0299               0,0003
      8           bfs      6,119675 0:00:10  0,0002  0,0308               0,0003
     10           bfs      6,651972 0:00:11  0,0002  0,0325               0,0003
     12           bfs      6,929369 0:00:11  0,0002  0,0333               0,0003
     14           bfs      7,519472 0:00:12  0,0002  0,0348               0,0003
     16           bfs      7,965324 0:00:12  0,0003  0,0362               0,0003
      2         histo    293,469696 0:04:54  0,0061  0,8694               0,0081
      4         histo   1229,105591 0:20:30  0,0260  3,6848               0,0343
      6         histo   1601,524536 0:26:42  0,0346  4,9003               0,0456
      8         histo   1836,650391 0:30:37  0,0402  5,6943               0,0530
     10         histo   2268,957520 0:37:50  0,0505  7,1662               0,0667
     12         histo   2425,662598 0:40:26  0,0556  7,8859               0,0734
     14         histo   2790,823730 0:46:32  0,0648  9,1893               0,0855
     16         histo   3043,258301 0:50:44  0,0720 10,2103               0,0950
      2           lbm   1039,032593 0:17:23  0,0223  3,1680               0,0295
      4           lbm    549,671021 0:09:14  0,0125  1,7764               0,0165
      6           lbm    384,845490 0:06:28  0,0094  1,3277               0,0124
      8           lbm    289,973511 0:04:54  0,0075  1,0622               0,0099
     10           lbm    232,393295 0:03:56  0,0063  0,8979               0,0084
     12           lbm    196,435944 0:03:20  0,0056  0,7901               0,0073
     14           lbm    169,262894 0:02:53  0,0051  0,7233               0,0067
     16           lbm    148,751999 0:02:32  0,0047  0,6646               0,0062
      2           mri           NaN 0:00:00  0,0000  0,0001               0,0000
      4           mri           NaN 0:00:00  0,0000  0,0001               0,0000
      6           mri           NaN 0:00:00  0,0000  0,0001               0,0000
      8           mri           NaN 0:00:00  0,0000  0,0001               0,0000
     10           mri           NaN 0:00:00  0,0000  0,0001               0,0000
     12           mri           NaN 0:00:00  0,0000  0,0001               0,0000
     14           mri           NaN 0:00:00  0,0000  0,0001               0,0000
     16           mri           NaN 0:00:00  0,0000  0,0001               0,0000
      2         cutcp     71,638168 0:01:12  0,0015  0,2146               0,0020
      4         cutcp     37,217571 0:00:37  0,0008  0,1174               0,0011
      6         cutcp     25,946995 0:00:26  0,0006  0,0854               0,0008
      8         cutcp     19,641695 0:00:20  0,0005  0,0680               0,0006
     10         cutcp     15,738577 0:00:16  0,0004  0,0566               0,0005
     12         cutcp     13,257740 0:00:13  0,0003  0,0491               0,0005
     14         cutcp     11,298467 0:00:11  0,0003  0,0429               0,0004
     16         cutcp     10,053557 0:00:10  0,0003  0,0392               0,0004
      2       hotspot    140,297000 0:02:22  0,0031  0,3061               0,0028
      4       hotspot     83,528000 0:01:25  0,0020  0,1942               0,0018
      6       hotspot     51,827000 0:00:53  0,0013  0,1290               0,0012
      8       hotspot     46,658000 0:00:48  0,0012  0,1215               0,0011
     10       hotspot     31,775000 0:00:33  0,0009  0,0887               0,0008
     12       hotspot     27,718000 0:00:29  0,0008  0,0803               0,0007
     14       hotspot     23,701000 0:00:25  0,0007  0,0718               0,0007
     16       hotspot     25,383000 0:00:27  0,0008  0,0778               0,0007
      2           lud 366419,980000 0:06:07  0,0080  0,7821               0,0073
      4           lud 185422,347000 0:03:06  0,0042  0,4155               0,0039
      6           lud 126252,955000 0:02:06  0,0030  0,2970               0,0028
      8           lud  93761,027000 0:01:34  0,0024  0,2313               0,0022
     10           lud  76276,587000 0:01:17  0,0020  0,1968               0,0018
     12           lud  63156,026000 0:01:03  0,0017  0,1701               0,0016
     14           lud  54827,636000 0:00:55  0,0016  0,1536               0,0014
     16           lud  48202,968000 0:00:48  0,0014  0,1401               0,0013
      2 streamcluster    429,684532 0:07:10  0,0094  0,9225               0,0086
      4 streamcluster    226,658818 0:03:47  0,0052  0,5162               0,0048
      6 streamcluster    158,562736 0:02:39  0,0039  0,3797               0,0035
      8 streamcluster    124,214591 0:02:04  0,0032  0,3111               0,0029
     10 streamcluster    103,701009 0:01:44  0,0027  0,2697               0,0025
     12 streamcluster     90,126614 0:01:30  0,0025  0,2428               0,0023
     14 streamcluster     80,610990 0:01:21  0,0023  0,2227               0,0021
     16 streamcluster     75,342059 0:01:15  0,0022  0,2133               0,0020