 Treads   App        Time Time CT  Energy   CO2eq  km travelled by car
      2   bfs    2,307954 0:00:05  0,0002  0,0916               0,0009
      4   bfs    3,006358 0:00:06  0,0002  0,1018               0,0009
      6   bfs    3,407197 0:00:06  0,0002  0,1088               0,0010
      8   bfs    3,513261 0:00:06  0,0002  0,1094               0,0010
     10   bfs    4,062371 0:00:07  0,0002  0,1117               0,0010
     12   bfs    4,448425 0:00:07  0,0003  0,1245               0,0012
     14   bfs    4,777199 0:00:08  0,0003  0,1317               0,0012
     16   bfs    5,310759 0:00:08  0,0003  0,1392               0,0013
     18   bfs    5,519393 0:00:08  0,0003  0,1432               0,0013
     20   bfs    5,930070 0:00:09  0,0003  0,1506               0,0014
     22   bfs    6,525454 0:00:09  0,0003  0,1609               0,0015
     24   bfs    6,688085 0:00:09  0,0003  0,1639               0,0015
     26   bfs    6,953903 0:00:10  0,0004  0,1700               0,0016
     28   bfs    7,211951 0:00:10  0,0004  0,1730               0,0016
     30   bfs    7,950285 0:00:11  0,0004  0,1863               0,0017
     32   bfs    8,166873 0:00:11  0,0004  0,1853               0,0017
     34   bfs    8,550941 0:00:11  0,0004  0,1949               0,0018
     36   bfs    9,035725 0:00:12  0,0004  0,1973               0,0018
     38   bfs    9,123987 0:00:12  0,0004  0,1948               0,0018
     40   bfs    9,917158 0:00:13  0,0005  0,2205               0,0021
     42   bfs   10,111150 0:00:13  0,0005  0,2262               0,0021
     44   bfs   10,522137 0:00:13  0,0005  0,2324               0,0022
     46   bfs   12,502328 0:00:15  0,0008  0,3682               0,0034
     48   bfs   13,707845 0:00:16  0,0009  0,4061               0,0038
     50   bfs   14,273466 0:00:17  0,0009  0,4263               0,0040
     52   bfs   15,575085 0:00:18  0,0010  0,4642               0,0043
     54   bfs   16,629272 0:00:19  0,0010  0,4905               0,0046
     56   bfs   17,933519 0:00:21  0,0011  0,5351               0,0050
     58   bfs   18,574581 0:00:21  0,0012  0,5562               0,0052
     60   bfs   20,417849 0:00:23  0,0011  0,5442               0,0051
     62   bfs   21,509348 0:00:24  0,0012  0,5740               0,0053
     64   bfs   21,966413 0:00:25  0,0012  0,5842               0,0054
     66   bfs   23,017654 0:00:26  0,0016  0,7405               0,0069
     68   bfs   23,348772 0:00:26  0,0017  0,7992               0,0074
     70   bfs   25,752707 0:00:28  0,0019  0,8807               0,0082
     72   bfs   27,439888 0:00:30  0,0020  0,9472               0,0088
     74   bfs   27,250345 0:00:30  0,0020  0,9525               0,0089
     76   bfs   28,345545 0:00:31  0,0021  0,9988               0,0093
     78   bfs   30,668745 0:00:33  0,0023  1,0880               0,0101
     80   bfs   32,452801 0:00:35  0,0021  1,0171               0,0095
     82   bfs   32,547756 0:00:35  0,0022  1,0444               0,0097
     84   bfs   34,127666 0:00:37  0,0027  1,2920               0,0120
     86   bfs   35,099857 0:00:38  0,0029  1,3764               0,0128
     88   bfs   36,345810 0:00:39  0,0030  1,4444               0,0134
      2 histo  176,828537 0:02:57  0,0063  2,9878               0,0278
      4 histo  867,903259 0:14:28  0,0326 15,4912               0,1441
      6 histo 1211,343384 0:20:11  0,0465 22,1005               0,2056
      8 histo 1374,216187 0:22:54  0,0544  7,7087               0,0717
     10 histo 1427,703735 0:23:48  0,0580  8,2162               0,0764
     12 histo 1326,125977 0:22:06  0,0550  7,8033               0,0726
     14 histo 1705,784302 0:28:26  0,0724 10,2647               0,0955
     16 histo 1851,943359 0:30:52  0,0797 11,3032               0,1051
     18 histo 1781,667480 0:29:42  0,0778 11,0257               0,1026
     20 histo 1841,818481 0:30:42  0,0826 11,7176               0,1090
     22 histo 2303,363525 0:38:24  0,1054 14,9464               0,1390
     24 histo 2086,104980 0:34:46  0,0975 13,8176               0,1285
     26 histo 2218,747070 0:36:59  0,1057 14,9912               0,1395
     28 histo 2553,838867 0:42:34  0,1245 17,6442               0,1641
     30 histo 2425,249023 0:40:25  0,1213 17,1910               0,1599
     32 histo 2681,479980 0:44:42  0,1362 19,3068               0,1796
     34 histo 2591,395752 0:43:12  0,1348 19,1064               0,1777
     36 histo 2874,674805 0:47:55  0,1532 21,7195               0,2020
     38 histo 2800,740967 0:46:41  0,1501 21,2821               0,1980
     40 histo 2963,293945 0:49:23  0,1623 23,0054               0,2140
     42 histo 2669,331299 0:44:29  0,1482 21,0104               0,1954
     44 histo 2939,093262 0:48:59  0,1676 23,7590               0,2210
     46 histo 2970,910400 0:49:31  0,1700 24,1065               0,2242
     48 histo 2763,091064 0:46:03  0,1598 22,6560               0,2108
     50 histo 2895,098145 0:48:15  0,1693 24,0030               0,2233
     52 histo 2972,966553 0:49:33  0,1743 24,7131               0,2299
     54 histo 2836,793213 0:47:17  0,1677 23,7742               0,2212
     56 histo 3020,074463 0:50:20  0,1795 25,4452               0,2367
     58 histo 2965,920654 0:49:26  0,1773 25,1329               0,2338
     60 histo 2901,294434 0:48:21  0,1752 24,8436               0,2311
     62 histo 2930,485352 0:48:51  0,1783 25,2821               0,2352
     64 histo 2931,155273 0:48:51  0,1799 25,5083               0,2373
     66 histo 3058,299561 0:50:58  0,1882 26,6767               0,2482
     68 histo 2971,865234 0:49:32  0,1856 26,3134               0,2448
     70 histo 2998,610596 0:49:59  0,1893 26,8353               0,2496
     72 histo         NaN     NaN     NaN     NaN                  NaN