 Treads           App          Time Time CT  Energy   CO2eq  km travelled by car
      2           bfs      4,291049 0:00:08  0,0002  0,0307               0,0003
      4           bfs      4,554762 0:00:08  0,0002  0,0332               0,0003
      6           bfs      5,114196 0:00:08  0,0003  0,0358               0,0003
      8           bfs      5,599582 0:00:09  0,0003  0,0377               0,0004
     10           bfs      5,718655 0:00:09  0,0003  0,0378               0,0004
     12           bfs      5,980453 0:00:09  0,0003  0,0382               0,0004
     14           bfs      6,367102 0:00:10  0,0003  0,0399               0,0004
     16           bfs      6,763895 0:00:10  0,0003  0,0413               0,0004
     18           bfs      7,217414 0:00:10  0,0003  0,0427               0,0004
     20           bfs      7,594729 0:00:11  0,0003  0,0433               0,0004
     22           bfs     10,801478 0:00:14  0,0004  0,0576               0,0005
     24           bfs     11,028016 0:00:14  0,0004  0,0563               0,0005
     26           bfs     12,221465 0:00:15  0,0006  0,0861               0,0008
     28           bfs     13,343630 0:00:17  0,0007  0,0982               0,0009
     30           bfs     14,714258 0:00:18  0,0008  0,1073               0,0010
     32           bfs     16,080074 0:00:19  0,0008  0,1177               0,0011
     34           bfs     16,751871 0:00:20  0,0008  0,1188               0,0011
     36           bfs     17,805273 0:00:21  0,0009  0,1320               0,0012
     38           bfs     18,505384 0:00:22  0,0010  0,1389               0,0013
     40           bfs     19,858856 0:00:23  0,0009  0,1323               0,0012
      2         histo    218,734283 0:03:39  0,0063  0,8905               0,0083
      4         histo    956,088867 0:15:56  0,0283  4,0094               0,0373
      6         histo   1105,006958 0:18:25  0,0339  4,8048               0,0447
      8         histo   1205,363525 0:20:06  0,0386  5,4719               0,0509
     10         histo   1490,545654 0:24:51  0,0494  7,0009               0,0651
     12         histo   1584,121460 0:26:24  0,0549  7,7885               0,0725
     14         histo   1486,817383 0:24:47  0,0536  7,6055               0,0707
     16         histo   1606,644043 0:26:48  0,0594  8,4266               0,0784
     18         histo   1719,689209 0:28:40  0,0678  9,6061               0,0894
     20         histo   1885,611450 0:31:26  0,0773 10,9615               0,1020
     22         histo   1818,903320 0:30:19  0,0749 10,6139               0,0987
     24         histo   1882,922241 0:31:23  0,0781 11,0692               0,1030
     26         histo   2086,490967 0:34:47  0,0908 12,8696               0,1197
     28         histo   2275,677002 0:37:57  0,1114 15,7929               0,1469
     30         histo   2458,304443 0:40:59  0,1242 17,6073               0,1638
     32         histo   3435,190918 0:57:16  0,1926 27,3066               0,2540
     34         histo   2716,660400 0:45:17  0,1470 20,8414               0,1939
     36         histo   2857,323975 0:47:38  0,1606 22,7752               0,2119
     38         histo   3075,818604 0:51:16  0,1790 25,3829               0,2361
     40         histo   3263,886475 0:54:25  0,1945 27,5745               0,2565
      2           lbm    827,912476 0:13:52  0,0252  3,5775               0,0333
      4           lbm    442,314117 0:07:26  0,0147  2,0906               0,0194
      6           lbm    327,549561 0:05:31  0,0116  1,6434               0,0153
      8           lbm    255,850769 0:04:20  0,0098  1,3862               0,0129
     10           lbm    212,125687 0:03:36  0,0085  1,2081               0,0112
     12           lbm    179,143631 0:03:03  0,0075  1,0691               0,0099
     14           lbm    154,757355 0:02:38  0,0069  0,9802               0,0091
     16           lbm    135,996460 0:02:20  0,0067  0,9447               0,0088
     18           lbm    121,235794 0:02:05  0,0061  0,8587               0,0080
     20           lbm    109,722809 0:01:53  0,0057  0,8092               0,0075
     22           lbm     99,660889 0:01:43  0,0061  0,8674               0,0081
     24           lbm     91,502892 0:01:35  0,0063  0,8898               0,0083
     26           lbm     84,339592 0:01:28  0,0060  0,8555               0,0080
     28           lbm     77,995247 0:01:22  0,0055  0,7837               0,0073
     30           lbm     73,089516 0:01:17  0,0056  0,7955               0,0074
     32           lbm     68,597931 0:01:12  0,0055  0,7808               0,0073
     34           lbm     64,641762 0:01:08  0,0049  0,6923               0,0064
     36           lbm     61,330395 0:01:05  0,0053  0,7470               0,0069
     38           lbm     58,198326 0:01:02  0,0052  0,7373               0,0069
     40           lbm     55,394859 0:00:59  0,0045  0,6441               0,0060
      2           mri           NaN 0:00:00  0,0000  0,0000               0,0000
      4           mri           NaN 0:00:00  0,0000  0,0000               0,0000
      6           mri           NaN 0:00:00  0,0000  0,0000               0,0000
      8           mri           NaN 0:00:00  0,0000  0,0000               0,0000
     10           mri           NaN 0:00:00  0,0000  0,0000               0,0000
     12           mri           NaN 0:00:00  0,0000  0,0000               0,0000
     14           mri           NaN 0:00:00  0,0000  0,0000               0,0000
     16           mri           NaN 0:00:00  0,0000  0,0000               0,0000
     18           mri           NaN 0:00:00  0,0000  0,0000               0,0000
     20           mri           NaN 0:00:00  0,0000  0,0000               0,0000
     22           mri           NaN 0:00:00  0,0000  0,0000               0,0000
     24           mri           NaN 0:00:00  0,0000  0,0000               0,0000
     26           mri           NaN 0:00:00  0,0000  0,0000               0,0000
     28           mri           NaN 0:00:00  0,0000  0,0000               0,0000
     30           mri           NaN 0:00:00  0,0000  0,0000               0,0000
     32           mri           NaN 0:00:00  0,0000  0,0000               0,0000
     34           mri           NaN 0:00:00  0,0000  0,0000               0,0000
     36           mri           NaN 0:00:00  0,0000  0,0000               0,0000
     38           mri           NaN 0:00:00  0,0000  0,0000               0,0000
     40           mri           NaN 0:00:00  0,0000  0,0000               0,0000
      2         cutcp     59,151249 0:00:59  0,0018  0,2609               0,0024
      4         cutcp     30,592018 0:00:31  0,0010  0,1452               0,0014
      6         cutcp     22,817562 0:00:23  0,0007  0,1053               0,0010
      8         cutcp     17,813608 0:00:18  0,0006  0,0900               0,0008
     10         cutcp     14,733940 0:00:15  0,0005  0,0762               0,0007
     12         cutcp     12,482379 0:00:13  0,0005  0,0652               0,0006
     14         cutcp     10,605436 0:00:11  0,0004  0,0591               0,0005
     16         cutcp      9,457405 0:00:10  0,0004  0,0550               0,0005
     18         cutcp      8,404658 0:00:09  0,0004  0,0509               0,0005
     20         cutcp      7,621280 0:00:08  0,0003  0,0482               0,0004
     22         cutcp      6,936835 0:00:07  0,0004  0,0523               0,0005
     24         cutcp      6,566210 0:00:07  0,0004  0,0517               0,0005
     26         cutcp      6,364462 0:00:06  0,0004  0,0515               0,0005
     28         cutcp      5,665096 0:00:06  0,0003  0,0466               0,0004
     30         cutcp      5,258617 0:00:05  0,0003  0,0449               0,0004
     32         cutcp      5,150265 0:00:05  0,0003  0,0451               0,0004
     34         cutcp      4,883352 0:00:05  0,0003  0,0439               0,0004
     36         cutcp      4,603609 0:00:05  0,0003  0,0425               0,0004
     38         cutcp      4,535526 0:00:05  0,0003  0,0429               0,0004
     40         cutcp      4,311249 0:00:04  0,0003  0,0421               0,0004
      2       hotspot    118,300000 0:02:00  0,0018  0,1819               0,0017
      4       hotspot     66,477000 0:01:08  0,0011  0,1130               0,0011
      6       hotspot     42,955000 0:00:44  0,0008  0,0776               0,0007
      8       hotspot     42,599000 0:00:44  0,0008  0,0803               0,0007
     10       hotspot     28,499000 0:00:30  0,0006  0,0578               0,0005
     12       hotspot     24,183000 0:00:26  0,0005  0,0518               0,0005
     14       hotspot     22,374000 0:00:24  0,0005  0,0507               0,0005
     16       hotspot     21,844000 0:00:23  0,0005  0,0514               0,0005
     18       hotspot     16,968000 0:00:18  0,0004  0,0432               0,0004
     20       hotspot     16,130000 0:00:17  0,0004  0,2076               0,0019
     22       hotspot     15,059000 0:00:16  0,0005  0,2348               0,0022
     24       hotspot     13,502000 0:00:15  0,0005  0,2223               0,0021
     26       hotspot     12,966000 0:00:14  0,0005  0,2205               0,0021
     28       hotspot     13,003000 0:00:14  0,0005  0,2239               0,0021
     30       hotspot     13,003000 0:00:14  0,0005  0,2277               0,0021
     32       hotspot     13,013000 0:00:14  0,0005  0,2368               0,0022
     34       hotspot     11,032000 0:00:12  0,0004  0,2083               0,0019
     36       hotspot     11,083000 0:00:12  0,0004  0,2135               0,0020
     38       hotspot     10,393000 0:00:12  0,0004  0,2064               0,0019
     40       hotspot     10,422000 0:00:12  0,0004  0,2118               0,0020
      2           lud 395989,829000 0:06:36  0,0059  2,8576               0,0266
      4           lud 194173,037000 0:03:15  0,0031  1,5123               0,0141
      6           lud 134820,841000 0:02:15  0,0023  1,1079               0,0103
      8           lud 104487,771000 0:01:45  0,0019  0,9036               0,0084
     10           lud  84857,690000 0:01:25  0,0016  0,7707               0,0072
     12           lud  71306,850000 0:01:12  0,0014  0,6826               0,0063
     14           lud  61051,939000 0:01:01  0,0013  0,6142               0,0057
     16           lud  52368,643000 0:00:53  0,0012  0,5579               0,0052
     18           lud  47397,258000 0:00:48  0,0011  0,5324               0,0050
     20           lud  42856,356000 0:00:43  0,0011  0,5080               0,0047
     22           lud  37352,363000 0:00:38  0,0011  0,5347               0,0050
     24           lud  35965,224000 0:00:36  0,0011  0,5283               0,0049
     26           lud  33764,285000 0:00:34  0,0011  0,5101               0,0047
     28           lud  31942,798000 0:00:32  0,0010  0,4944               0,0046
     30           lud  30483,484000 0:00:31  0,0010  0,4777               0,0044
     32           lud  28559,402000 0:00:29  0,0010  0,4618               0,0043
     34           lud  27832,568000 0:00:28  0,0010  0,4574               0,0043
     36           lud  25826,398000 0:00:26  0,0009  0,4404               0,0041
     38           lud  24899,025000 0:00:25  0,0009  0,4351               0,0040
     40           lud  23674,069000 0:00:24  0,0009  0,4244               0,0039
      2 streamcluster    339,013178 0:05:39  0,0053  2,5611               0,0238
      4 streamcluster    181,270626 0:03:01  0,0031  1,4825               0,0138
      6 streamcluster    133,384461 0:02:13  0,0024  1,1535               0,0107
      8 streamcluster    108,241254 0:01:48  0,0020  0,9829               0,0091
     10 streamcluster     91,659861 0:01:32  0,0018  0,8778               0,0082
     12 streamcluster     78,892698 0:01:19  0,0017  0,7952               0,0074
     14 streamcluster     70,489305 0:01:11  0,0016  0,7510               0,0070
     16 streamcluster     65,254702 0:01:05  0,0015  0,7331               0,0068
     18 streamcluster     61,719915 0:01:02  0,0015  0,7265               0,0068
     20 streamcluster     61,433786 0:01:01  0,0016  0,7477               0,0070
     22 streamcluster     58,919171 0:00:59  0,0016  0,7924               0,0074
     24 streamcluster     57,274326 0:00:57  0,0017  0,7985               0,0074
     26 streamcluster     56,195493 0:00:56  0,0017  0,7991               0,0074
     28 streamcluster     54,332679 0:00:54  0,0016  0,7853               0,0073
     30 streamcluster     52,736444 0:00:53  0,0016  0,7694               0,0072
     32 streamcluster     51,714139 0:00:52  0,0016  0,7728               0,0072
     34 streamcluster     49,638000 0:00:50  0,0016  0,7562               0,0070
     36 streamcluster     46,222013 0:00:46  0,0015  0,7162               0,0067
     38 streamcluster     47,729640 0:00:48  0,0016  0,7548               0,0070
     40 streamcluster     46,799900 0:00:47  0,0016  0,7498               0,0070