 Treads           App          Time Time CT  Energy   CO2eq  km travelled by car
      2           bfs      1,792000 0:00:04  0,0003  0,1340               0,0012
      4           bfs      2,474506 0:00:05  0,0003  0,1544               0,0014
      6           bfs      2,939102 0:00:05  0,0004  0,1701               0,0016
      8           bfs      3,070894 0:00:05  0,0004  0,1757               0,0016
     10           bfs      3,564981 0:00:06  0,0004  0,1917               0,0018
     12           bfs      3,671085 0:00:06  0,0004  0,1959               0,0018
     14           bfs      3,992389 0:00:06  0,0004  0,2081               0,0019
     16           bfs      4,193578 0:00:06  0,0005  0,2154               0,0020
     18           bfs      4,362484 0:00:07  0,0005  0,2191               0,0020
     20           bfs      4,635135 0:00:07  0,0005  0,2311               0,0021
     22           bfs      4,835795 0:00:07  0,0005  0,2447               0,0023
     24           bfs      5,308995 0:00:08  0,0005  0,2612               0,0024
     26           bfs      6,973501 0:00:09  0,0007  0,3114               0,0029
     28           bfs      7,558176 0:00:10  0,0007  0,3304               0,0031
     30           bfs      8,333272 0:00:11  0,0008  0,3604               0,0034
     32           bfs      8,919756 0:00:11  0,0008  0,3800               0,0035
     34           bfs      9,686699 0:00:12  0,0008  0,3922               0,0036
     36           bfs     10,644142 0:00:13  0,0009  0,4305               0,0040
     38           bfs     10,849469 0:00:13  0,0009  0,4385               0,0041
     40           bfs     11,332593 0:00:14  0,0010  0,4673               0,0043
     42           bfs     12,032910 0:00:14  0,0012  0,5602               0,0052
     44           bfs     13,163862 0:00:15  0,0013  0,6259               0,0058
     46           bfs     13,815751 0:00:16  0,0014  0,6528               0,0061
     48           bfs     14,024379 0:00:16  0,0014  0,6740               0,0063
      2         histo    181,995667 0:03:02  0,0123  5,8630               0,0545
      4         histo    971,769104 0:16:12  0,0672 31,9317               0,2970
      6         histo    976,551758 0:16:17  0,0692 32,8506               0,3056
      8         histo   1530,625854 0:25:32  0,1106 52,5541               0,4889
     10         histo   1434,185059 0:23:54  0,1054 50,0721               0,4658
     12         histo   1641,280884 0:27:22  0,1211 57,5380               0,5352
     14         histo   1658,340210 0:27:38  0,1249 59,3152               0,5518
     16         histo   1833,651489 0:30:34  0,1394 19,7630               0,1838
     18         histo   2060,414062 0:34:21  0,1597 22,6361               0,2106
     20         histo   2189,435547 0:36:30  0,1727 24,4880               0,2278
     22         histo   2074,453369 0:34:35  0,1671 23,6917               0,2204
     24         histo   2275,978760 0:37:56  0,1811 25,6731               0,2388
     26         histo   2404,500732 0:40:06  0,1932 27,3872               0,2548
     28         histo   2738,276855 0:45:38  0,2239 31,7428               0,2953
     30         histo   3458,064209 0:57:38  0,2877 40,7816               0,3794
     32         histo   3016,208740 0:50:16  0,2556 36,2312               0,3370
     34         histo   3027,031494 0:50:27  0,2578 36,5502               0,3400
     36         histo   3260,949707 0:54:21  0,2822 40,0116               0,3722
     38         histo   3371,731934 0:56:12  0,2923 41,4394               0,3855
     40         histo   3701,247070 1:01:41  0,3328 47,1841               0,4389
     42         histo   3567,984131 0:59:28  0,3202 45,3994               0,4223
     44         histo   3473,159912 0:57:53  0,3146 44,6091               0,4150
     46         histo   3478,193848 0:57:58  0,3174 45,0030               0,4186
     48         histo   4101,854004 1:08:22  0,3876 54,9536               0,5112
      2           lbm    521,897888 0:08:45  0,0367  5,1986               0,0484
      4           lbm    278,905762 0:04:41  0,0210  2,9825               0,0277
      6           lbm    196,457382 0:03:19  0,0159  2,2489               0,0209
      8           lbm    178,594238 0:03:01  0,0151  2,1460               0,0200
     10           lbm    183,701157 0:03:07  0,0159  2,2490               0,0209
     12           lbm    187,029556 0:03:10  0,0160  2,2640               0,0211
     14           lbm    188,046570 0:03:10  0,0163  2,3096               0,0215
     16           lbm    190,391449 0:03:13  0,0168  2,3838               0,0222
     18           lbm    190,356781 0:03:13  0,0170  2,4130               0,0224
     20           lbm    189,352158 0:03:12  0,0170  2,4129               0,0224
     22           lbm    192,288559 0:03:15  0,0176  2,5010               0,0233
     24           lbm    191,746902 0:03:14  0,0172  2,4445               0,0227
     26           lbm    177,872803 0:03:00  0,0163  2,3129               0,0215
     28           lbm    165,644684 0:02:48  0,0152  2,1549               0,0200
     30           lbm    155,521729 0:02:38  0,0146  2,0749               0,0193
     32           lbm    146,138580 0:02:29  0,0140  1,9792               0,0184
     34           lbm    135,745850 0:02:18  0,0135  1,9189               0,0179
     36           lbm    128,311722 0:02:10  0,0131  1,8596               0,0173
     38           lbm    119,364334 0:02:02  0,0126  1,7872               0,0166
     40           lbm    114,730347 0:01:57  0,0125  1,7681               0,0164
     42           lbm    108,859756 0:01:51  0,0118  1,6727               0,0156
     44           lbm    106,988518 0:01:49  0,0122  1,7272               0,0161
     46           lbm    101,193352 0:01:44  0,0120  1,6968               0,0158
     48           lbm     95,501717 0:01:38  0,0114  1,6212               0,0151
      2           mri           NaN 0:00:00  0,0000  0,0000               0,0000
      4           mri           NaN 0:00:00  0,0000  0,0000               0,0000
      6           mri           NaN 0:00:00  0,0000  0,0000               0,0000
      8           mri           NaN 0:00:00  0,0000  0,0000               0,0000
     10           mri           NaN 0:00:00  0,0000  0,0000               0,0000
     12           mri           NaN 0:00:00  0,0000  0,0000               0,0000
     14           mri           NaN 0:00:00  0,0000  0,0000               0,0000
     16           mri           NaN 0:00:00  0,0000  0,0000               0,0000
     18           mri           NaN 0:00:00  0,0000  0,0000               0,0000
     20           mri           NaN 0:00:00  0,0000  0,0000               0,0000
     22           mri           NaN 0:00:00  0,0000  0,0000               0,0000
     24           mri           NaN 0:00:00  0,0000  0,0000               0,0000
     26           mri           NaN 0:00:00  0,0000  0,0000               0,0000
     28           mri           NaN 0:00:01  0,0000  0,0000               0,0000
     30           mri           NaN 0:00:00  0,0000  0,0000               0,0000
     32           mri           NaN 0:00:00  0,0000  0,0000               0,0000
     34           mri           NaN 0:00:00  0,0000  0,0000               0,0000
     36           mri           NaN 0:00:00  0,0000  0,0000               0,0000
     38           mri           NaN 0:00:00  0,0000  0,0000               0,0000
     40           mri           NaN 0:00:00  0,0000  0,0000               0,0000
     42           mri           NaN 0:00:00  0,0000  0,0000               0,0000
     44           mri           NaN 0:00:00  0,0000  0,0000               0,0000
     46           mri           NaN 0:00:00  0,0000  0,0000               0,0000
     48           mri           NaN 0:00:00  0,0000  0,0000               0,0000
      2         cutcp     39,777905 0:00:40  0,0028  0,3942               0,0037
      4         cutcp     20,174883 0:00:20  0,0015  0,2124               0,0020
      6         cutcp     14,156892 0:00:14  0,0011  0,1557               0,0014
      8         cutcp     10,693945 0:00:11  0,0009  0,1241               0,0012
     10         cutcp      8,652377 0:00:09  0,0007  0,1026               0,0010
     12         cutcp      7,469283 0:00:08  0,0007  0,0952               0,0009
     14         cutcp      6,277817 0:00:06  0,0006  0,0811               0,0008
     16         cutcp      5,624991 0:00:06  0,0005  0,0755               0,0007
     18         cutcp      5,044029 0:00:05  0,0005  0,0709               0,0007
     20         cutcp      4,611998 0:00:05  0,0005  0,0641               0,0006
     22         cutcp      4,264942 0:00:04  0,0004  0,0597               0,0006
     24         cutcp      4,073639 0:00:04  0,0004  0,0570               0,0005
     26         cutcp      3,884806 0:00:04  0,0004  0,0568               0,0005
     28         cutcp      3,548364 0:00:04  0,0004  0,0541               0,0005
     30         cutcp      3,416943 0:00:03  0,0004  0,0543               0,0005
     32         cutcp      3,273718 0:00:04  0,0004  0,0541               0,0005
     34         cutcp      3,012206 0:00:03  0,0004  0,0514               0,0005
     36         cutcp      2,908139 0:00:03  0,0004  0,0503               0,0005
     38         cutcp      2,870956 0:00:03  0,0004  0,0514               0,0005
     40         cutcp      2,622380 0:00:03  0,0003  0,0484               0,0005
     42         cutcp      2,572631 0:00:03  0,0003  0,0472               0,0004
     44         cutcp      2,443094 0:00:03  0,0003  0,0465               0,0004
     46         cutcp      2,336470 0:00:02  0,0003  0,0448               0,0004
     48         cutcp      2,378849 0:00:02  0,0003  0,0461               0,0004
      2       hotspot     75,342000 0:01:16  0,0028  0,2718               0,0025
      4       hotspot     39,480000 0:00:40  0,0016  0,1539               0,0014
      6       hotspot     26,844000 0:00:28  0,0012  0,1132               0,0011
      8       hotspot     21,502000 0:00:22  0,0010  0,0963               0,0009
     10       hotspot     17,118000 0:00:18  0,0008  0,0819               0,0008
     12       hotspot     14,927000 0:00:16  0,0008  0,0746               0,0007
     14       hotspot     12,919000 0:00:14  0,0007  0,0656               0,0006
     16       hotspot     11,694000 0:00:12  0,0006  0,0589               0,0005
     18       hotspot     10,638000 0:00:11  0,0005  0,0538               0,0005
     20       hotspot      9,790000 0:00:11  0,0005  0,0500               0,0005
     22       hotspot      9,268000 0:00:10  0,0005  0,0477               0,0004
     24       hotspot      8,780000 0:00:10  0,0005  0,0462               0,0004
     26       hotspot      8,262000 0:00:09  0,0005  0,0445               0,0004
     28       hotspot      7,879000 0:00:09  0,0005  0,0444               0,0004
     30       hotspot      7,515000 0:00:08  0,0004  0,0438               0,0004
     32       hotspot      7,149000 0:00:08  0,0004  0,0430               0,0004
     34       hotspot      6,913000 0:00:08  0,0004  0,0431               0,0004
     36       hotspot      6,719000 0:00:07  0,0004  0,0430               0,0004
     38       hotspot      6,535000 0:00:08  0,0004  0,0437               0,0004
     40       hotspot      6,399000 0:00:07  0,0004  0,0433               0,0004
     42       hotspot      6,262000 0:00:07  0,0004  0,0412               0,0004
     44       hotspot      6,198000 0:00:07  0,0004  0,0407               0,0004
     46       hotspot      6,102000 0:00:07  0,0004  0,0403               0,0004
     48       hotspot      6,030000 0:00:07  0,0004  0,0428               0,0004
      2           lud 131077,935000 0:02:11  0,0047  0,4644               0,0043
      4           lud  66431,430000 0:01:07  0,0026  0,2538               0,0024
      6           lud  45249,955000 0:00:46  0,0019  0,1869               0,0017
      8           lud  40744,132000 0:00:41  0,0018  0,1734               0,0016
     10           lud  39553,920000 0:00:40  0,0017  0,1710               0,0016
     12           lud  39448,771000 0:00:40  0,0017  0,1720               0,0016
     14           lud  39280,417000 0:00:40  0,0018  0,1743               0,0016
     16           lud  39112,996000 0:00:39  0,0018  0,1763               0,0016
     18           lud  38984,919000 0:00:39  0,0018  0,1783               0,0017
     20           lud  38907,325000 0:00:39  0,0018  0,1789               0,0017
     22           lud  38821,147000 0:00:39  0,0018  0,1812               0,0017
     24           lud  38741,430000 0:00:39  0,0018  0,1784               0,0017
     26           lud  35675,849000 0:00:36  0,0017  0,1682               0,0016
     28           lud  32603,224000 0:00:33  0,0016  0,1574               0,0015
     30           lud  30338,615000 0:00:31  0,0015  0,1499               0,0014
     32           lud  28825,341000 0:00:29  0,0015  0,1473               0,0014
     34           lud  27905,069000 0:00:28  0,0015  0,1461               0,0014
     36           lud  28194,676000 0:00:28  0,0015  0,1497               0,0014
     38           lud  27418,843000 0:00:28  0,0015  0,1486               0,0014
     40           lud  28004,901000 0:00:28  0,0016  0,1538               0,0014
     42           lud  29307,234000 0:00:30  0,0016  0,1616               0,0015
     44           lud  29039,275000 0:00:29  0,0016  0,1613               0,0015
     46           lud  30697,694000 0:00:31  0,0017  0,1707               0,0016
     48           lud  30872,267000 0:00:31  0,0018  0,1728               0,0016
      2 streamcluster    356,896766 0:05:57  0,0126  1,2412               0,0115
      4 streamcluster    188,584951 0:03:09  0,0070  0,6900               0,0064
      6 streamcluster    140,737087 0:02:21  0,0055  0,5381               0,0050
      8 streamcluster    134,170174 0:02:14  0,0054  0,5271               0,0049
     10 streamcluster    133,720696 0:02:14  0,0055  0,5391               0,0050
     12 streamcluster    133,744593 0:02:14  0,0055  0,5457               0,0051
     14 streamcluster    133,997492 0:02:14  0,0056  0,5549               0,0052
     16 streamcluster    134,605312 0:02:15  0,0058  0,5661               0,0053
     18 streamcluster    135,055124 0:02:15  0,0058  0,5740               0,0053
     20 streamcluster    135,381513 0:02:15  0,0057  0,5634               0,0052
     22 streamcluster    135,739374 0:02:16  0,0058  0,5738               0,0053
     24 streamcluster    136,289910 0:02:16  0,0058  0,5723               0,0053
     26 streamcluster    135,517386 0:02:16  0,0060  0,5861               0,0055
     28 streamcluster    134,746512 0:02:15  0,0060  0,5852               0,0054
     30 streamcluster    133,138091 0:02:13  0,0061  0,5995               0,0056
     32 streamcluster    129,299139 0:02:09  0,0061  0,5978               0,0056
     34 streamcluster    118,952148 0:01:59  0,0057  0,5627               0,0052
     36 streamcluster    105,434539 0:01:45  0,0052  0,5073               0,0047
     38 streamcluster     91,643417 0:01:32  0,0046  0,4476               0,0042
     40 streamcluster     95,651520 0:01:36  0,0048  0,4722               0,0044
     42 streamcluster     94,386919 0:01:34  0,0048  0,4693               0,0044
     44 streamcluster    103,599160 0:01:44  0,0052  0,5094               0,0047
     46 streamcluster     92,593930 0:01:33  0,0047  0,4656               0,0043
     48 streamcluster     93,968216 0:01:34  0,0048  0,4763               0,0044