 Treads           App          Time Time CT  Energy   CO2eq  km travelled by car
      2           bfs      2,268366 0:00:05  0,0002  0,0252               0,0002
      4           bfs      3,021275 0:00:06  0,0002  0,0291               0,0003
      6           bfs      3,383586 0:00:06  0,0002  0,0308               0,0003
      8           bfs      3,614082 0:00:06  0,0002  0,0323               0,0003
     10           bfs      4,157892 0:00:07  0,0002  0,0353               0,0003
     12           bfs      4,638966 0:00:07  0,0003  0,0376               0,0003
     14           bfs      4,718846 0:00:07  0,0003  0,0382               0,0004
     16           bfs      5,185480 0:00:08  0,0003  0,0408               0,0004
     18           bfs      5,574389 0:00:08  0,0003  0,0417               0,0004
     20           bfs      5,818079 0:00:08  0,0003  0,0442               0,0004
     22           bfs      6,256094 0:00:09  0,0003  0,0467               0,0004
     24           bfs      6,517075 0:00:09  0,0003  0,0480               0,0004
     26           bfs      7,020543 0:00:10  0,0004  0,0510               0,0005
     28           bfs      7,413611 0:00:10  0,0004  0,0528               0,0005
     30           bfs      7,706487 0:00:10  0,0004  0,0542               0,0005
     32           bfs      8,254183 0:00:11  0,0004  0,0570               0,0005
     34           bfs      8,646178 0:00:11  0,0004  0,0592               0,0006
     36           bfs      9,082734 0:00:12  0,0004  0,0610               0,0006
     38           bfs      9,143162 0:00:12  0,0004  0,0618               0,0006
     40           bfs      9,781827 0:00:12  0,0005  0,0657               0,0006
     42           bfs     10,075782 0:00:13  0,0005  0,0671               0,0006
     44           bfs     10,511660 0:00:13  0,0005  0,0695               0,0006
     46           bfs     12,226781 0:00:15  0,0008  0,1074               0,0010
     48           bfs     13,640453 0:00:16  0,0009  0,1212               0,0011
     50           bfs     14,265742 0:00:17  0,0009  0,1268               0,0012
     52           bfs     15,071387 0:00:18  0,0009  0,1347               0,0013
     54           bfs     16,386234 0:00:19  0,0010  0,1469               0,0014
     56           bfs     18,034021 0:00:21  0,0011  0,1606               0,0015
     58           bfs     19,234131 0:00:22  0,0012  0,1716               0,0016
     60           bfs     20,732342 0:00:23  0,0012  0,1644               0,0015
     62           bfs     21,068350 0:00:24  0,0012  0,1676               0,0016
     64           bfs     22,088196 0:00:25  0,0012  0,1761               0,0016
     66           bfs     23,821638 0:00:27  0,0017  0,2400               0,0022
     68           bfs     23,774506 0:00:26  0,0017  0,2421               0,0023
     70           bfs     25,394876 0:00:28  0,0018  0,2595               0,0024
     72           bfs     26,154997 0:00:29  0,0019  0,2713               0,0025
     74           bfs     28,535870 0:00:31  0,0021  0,2947               0,0027
     76           bfs     28,482647 0:00:31  0,0021  0,2998               0,0028
     78           bfs     29,896557 0:00:33  0,0022  0,3185               0,0030
     80           bfs     32,183434 0:00:35  0,0021  0,3046               0,0028
     82           bfs     33,293266 0:00:36  0,0023  0,3191               0,0030
     84           bfs     33,438702 0:00:36  0,0023  0,3330               0,0031
     86           bfs     34,399696 0:00:37  0,0028  0,4017               0,0037
     88           bfs     35,877766 0:00:39  0,0030  0,4223               0,0039
      2         histo    176,656815 0:02:57  0,0064  0,9013               0,0084
      4         histo    895,968628 0:14:56  0,0337  4,7709               0,0444
      6         histo   1090,028687 0:18:10  0,0419  5,9355               0,0552
      8         histo   1100,651978 0:18:21  0,0439  6,2204               0,0579
     10         histo   1532,037720 0:25:32  0,0624  8,8405               0,0822
     12         histo   1367,121338 0:22:47  0,0571  8,0984               0,0753
     14         histo   1415,076904 0:23:35  0,0599  8,4982               0,0791
     16         histo   1927,951904 0:32:08  0,0831 11,7770               0,1096
     18         histo   1708,135498 0:28:28  0,0748 10,6077               0,0987
     20         histo   1843,123169 0:30:43  0,0827 11,7201               0,1090
     22         histo   2165,469238 0:36:06  0,0991 14,0549               0,1307
     24         histo   2025,109131 0:33:45  0,0951 13,4881               0,1255
     26         histo   2377,209961 0:39:37  0,1124 15,9339               0,1482
     28         histo   2581,218506 0:43:01  0,1265 17,9347               0,1668
     30         histo   2556,958252 0:42:37  0,1265 17,9382               0,1669
     32         histo   2624,324707 0:43:44  0,1328 18,8243               0,1751
     34         histo   2598,799805 0:43:19  0,1348 19,1109               0,1778
     36         histo   2641,633545 0:44:02  0,1398 19,8162               0,1843
     38         histo   2805,090576 0:46:45  0,1501 21,2802               0,1980
     40         histo   2769,319336 0:46:09  0,1529 21,6801               0,2017
     42         histo   2913,399658 0:48:34  0,1619 22,9538               0,2135
     44         histo   2904,921143 0:48:25  0,1662 23,5635               0,2192
     46         histo   2877,229980 0:47:57  0,1657 23,4978               0,2186
     48         histo   2804,539795 0:46:45  0,1614 22,8765               0,2128
     50         histo   2970,269775 0:49:31  0,1728 24,4980               0,2279
     52         histo   3167,362793 0:52:49  0,1863 26,4176               0,2457
     54         histo   2905,314941 0:48:25  0,1726 24,4674               0,2276
     56         histo           NaN 0:00:00  0,0000  0,0000               0,0000
     58         histo           NaN 0:00:00  0,0000  0,0000               0,0000
     60         histo           NaN 0:00:00  0,0000  0,0000               0,0000
     62         histo           NaN 0:00:00  0,0000  0,0000               0,0000
     64         histo           NaN 0:00:00  0,0000  0,0000               0,0000
     66         histo           NaN 0:00:00  0,0000  0,0000               0,0000
     68         histo           NaN 0:00:00  0,0000  0,0000               0,0000
     70         histo           NaN 0:00:00  0,0000  0,0000               0,0000
     72         histo           NaN 0:00:00  0,0000  0,0000               0,0000
     74         histo           NaN 0:00:00  0,0000  0,0000               0,0000
     76         histo           NaN 0:00:00  0,0000  0,0000               0,0000
     78         histo           NaN 0:00:00  0,0000  0,0000               0,0000
     80         histo           NaN 0:00:00  0,0000  0,0000               0,0000
     82         histo           NaN 0:00:00  0,0000  0,0000               0,0000
     84         histo           NaN 0:00:00  0,0000  0,0000               0,0000
     86         histo           NaN 0:00:00  0,0000  0,0000               0,0000
     88         histo           NaN 0:00:00  0,0000  0,0000               0,0000
      2           lbm    664,589478 0:11:07  0,0248  3,5143               0,0327
      4           lbm    354,592651 0:05:57  0,0147  2,0791               0,0193
      6           lbm    260,113464 0:04:23  0,0113  1,6078               0,0150
      8           lbm    201,284470 0:03:24  0,0094  1,3312               0,0124
     10           lbm    165,922668 0:02:49  0,0080  1,1325               0,0105
     12           lbm    144,454697 0:02:27  0,0073  1,0415               0,0097
     14           lbm    128,871689 0:02:12  0,0069  0,9734               0,0091
     16           lbm    116,406700 0:01:59  0,0064  0,9023               0,0084
     18           lbm    106,306267 0:01:49  0,0060  0,8477               0,0079
     20           lbm     96,445251 0:01:39  0,0057  0,8012               0,0075
     22           lbm     88,649551 0:01:31  0,0051  0,7299               0,0068
     24           lbm     81,537132 0:01:24  0,0052  0,7376               0,0069
     26           lbm     75,754120 0:01:18  0,0048  0,6749               0,0063
     28           lbm     71,118050 0:01:14  0,0049  0,6978               0,0065
     30           lbm     67,938866 0:01:11  0,0046  0,6585               0,0061
     32           lbm     64,595039 0:01:07  0,0044  0,6308               0,0059
     34           lbm     63,355656 0:01:06  0,0048  0,6802               0,0063
     36           lbm     62,146915 0:01:05  0,0048  0,6816               0,0063
     38           lbm     61,464748 0:01:04  0,0048  0,6844               0,0064
     40           lbm     61,489258 0:01:04  0,0049  0,6914               0,0064
     42           lbm     61,950478 0:01:05  0,0050  0,7106               0,0066
     44           lbm     61,538212 0:01:04  0,0050  0,7057               0,0066
     46           lbm     58,747425 0:01:01  0,0049  0,6984               0,0065
     48           lbm     56,994743 0:01:00  0,0049  0,6910               0,0064
     50           lbm     54,627014 0:00:57  0,0044  0,6197               0,0058
     52           lbm     52,881386 0:00:56  0,0048  0,6761               0,0063
     54           lbm     51,755569 0:00:54  0,0047  0,6706               0,0062
     56           lbm     50,207523 0:00:53  0,0047  0,6678               0,0062
     58           lbm     47,218700 0:00:50  0,0045  0,6410               0,0060
     60           lbm     45,543411 0:00:48  0,0043  0,6137               0,0057
     62           lbm     43,017593 0:00:46  0,0038  0,5330               0,0050
     64           lbm     39,939182 0:00:43  0,0041  0,5816               0,0054
     66           lbm     36,387802 0:00:39  0,0039  0,5533               0,0051
     68           lbm     33,291370 0:00:36  0,0031  0,4349               0,0040
     70           lbm     31,965612 0:00:35  0,0030  0,4283               0,0040
     72           lbm     30,882210 0:00:33  0,0036  0,5045               0,0047
     74           lbm     30,310024 0:00:33  0,0036  0,5077               0,0047
     76           lbm     29,073620 0:00:32  0,0034  0,4846               0,0045
     78           lbm     28,785133 0:00:32  0,0035  0,4997               0,0046
     80           lbm     27,925447 0:00:31  0,0035  0,4948               0,0046
     82           lbm     27,947824 0:00:31  0,0036  0,5036               0,0047
     84           lbm     27,827829 0:00:30  0,0036  0,5069               0,0047
     86           lbm     27,702406 0:00:30  0,0036  0,5111               0,0048
     88           lbm     29,150108 0:00:32  0,0038  0,5383               0,0050
      2           mri           NaN 0:00:01  0,0000  0,0000               0,0000
      4           mri           NaN 0:00:00  0,0000  0,0000               0,0000
      6           mri           NaN 0:00:00  0,0000  0,0000               0,0000
      8           mri           NaN 0:00:00  0,0000  0,0000               0,0000
     10           mri           NaN 0:00:00  0,0000  0,0000               0,0000
     12           mri           NaN 0:00:00  0,0000  0,0000               0,0000
     14           mri           NaN 0:00:00  0,0000  0,0000               0,0000
     16           mri           NaN 0:00:00  0,0000  0,0000               0,0000
     18           mri           NaN 0:00:00  0,0000  0,0000               0,0000
     20           mri           NaN 0:00:00  0,0000  0,0000               0,0000
     22           mri           NaN 0:00:00  0,0000  0,0000               0,0000
     24           mri           NaN 0:00:00  0,0000  0,0000               0,0000
     26           mri           NaN 0:00:00  0,0000  0,0000               0,0000
     28           mri           NaN 0:00:00  0,0000  0,0000               0,0000
     30           mri           NaN 0:00:00  0,0000  0,0000               0,0000
     32           mri           NaN 0:00:00  0,0000  0,0000               0,0000
     34           mri           NaN 0:00:00  0,0000  0,0000               0,0000
     36           mri           NaN 0:00:00  0,0000  0,0000               0,0000
     38           mri           NaN 0:00:00  0,0000  0,0000               0,0000
     40           mri           NaN 0:00:00  0,0000  0,0000               0,0000
     42           mri           NaN 0:00:01  0,0000  0,0000               0,0000
     44           mri           NaN 0:00:00  0,0000  0,0000               0,0000
     46           mri           NaN 0:00:00  0,0000  0,0000               0,0000
     48           mri           NaN 0:00:00  0,0000  0,0000               0,0000
     50           mri           NaN 0:00:00  0,0000  0,0000               0,0000
     52           mri           NaN 0:00:00  0,0000  0,0000               0,0000
     54           mri           NaN 0:00:00  0,0000  0,0000               0,0000
     56           mri           NaN 0:00:00  0,0000  0,0000               0,0000
     58           mri           NaN 0:00:00  0,0000  0,0000               0,0000
     60           mri           NaN 0:00:00  0,0000  0,0000               0,0000
     62           mri           NaN 0:00:00  0,0000  0,0000               0,0000
     64           mri           NaN 0:00:00  0,0000  0,0000               0,0000
     66           mri           NaN 0:00:00  0,0000  0,0000               0,0000
     68           mri           NaN 0:00:00  0,0000  0,0000               0,0000
     70           mri           NaN 0:00:00  0,0000  0,0000               0,0000
     72           mri           NaN 0:00:00  0,0000  0,0000               0,0000
     74           mri           NaN 0:00:00  0,0000  0,0000               0,0000
     76           mri           NaN 0:00:00  0,0000  0,0000               0,0000
     78           mri           NaN 0:00:00  0,0000  0,0000               0,0000
     80           mri           NaN 0:00:00  0,0000  0,0000               0,0000
     82           mri           NaN 0:00:00  0,0000  0,0000               0,0000
     84           mri           NaN 0:00:00  0,0000  0,0000               0,0000
     86           mri           NaN 0:00:00  0,0000  0,0000               0,0000
     88           mri           NaN 0:00:00  0,0000  0,0000               0,0000
      2         cutcp     46,411785 0:00:47  0,0017  0,2346               0,0022
      4         cutcp     24,075264 0:00:24  0,0010  0,1379               0,0013
      6         cutcp     17,771128 0:00:18  0,0008  0,1065               0,0010
      8         cutcp     13,844021 0:00:14  0,0006  0,0866               0,0008
     10         cutcp     11,438313 0:00:12  0,0005  0,0734               0,0007
     12         cutcp      9,946854 0:00:10  0,0005  0,0659               0,0006
     14         cutcp      8,650119 0:00:09  0,0004  0,0587               0,0005
     16         cutcp      7,958007 0:00:08  0,0004  0,0554               0,0005
     18         cutcp      7,209835 0:00:07  0,0004  0,0510               0,0005
     20         cutcp      6,572642 0:00:07  0,0004  0,0507               0,0005
     22         cutcp      6,065457 0:00:06  0,0003  0,0456               0,0004
     24         cutcp      5,661243 0:00:06  0,0003  0,0427               0,0004
     26         cutcp      5,203319 0:00:05  0,0003  0,0422               0,0004
     28         cutcp      4,865031 0:00:05  0,0003  0,0409               0,0004
     30         cutcp      4,548126 0:00:05  0,0003  0,0396               0,0004
     32         cutcp      4,329390 0:00:05  0,0003  0,0376               0,0004
     34         cutcp      4,108298 0:00:04  0,0003  0,0375               0,0003
     36         cutcp      3,908619 0:00:04  0,0003  0,0365               0,0003
     38         cutcp      3,773399 0:00:04  0,0003  0,0363               0,0003
     40         cutcp      3,608024 0:00:04  0,0002  0,0302               0,0003
     42         cutcp      3,447140 0:00:04  0,0002  0,0334               0,0003
     44         cutcp      3,277007 0:00:03  0,0002  0,0325               0,0003
     46         cutcp      3,099873 0:00:03  0,0002  0,0342               0,0003
     48         cutcp      3,030075 0:00:03  0,0002  0,0346               0,0003
     50         cutcp      3,025451 0:00:03  0,0002  0,0352               0,0003
     52         cutcp      2,904006 0:00:03  0,0002  0,0346               0,0003
     54         cutcp      2,874103 0:00:03  0,0002  0,0336               0,0003
     56         cutcp      2,765907 0:00:03  0,0002  0,0328               0,0003
     58         cutcp      2,755880 0:00:03  0,0002  0,0343               0,0003
     60         cutcp      2,535270 0:00:03  0,0002  0,0324               0,0003
     62         cutcp      2,519254 0:00:03  0,0002  0,0323               0,0003
     64         cutcp      2,497208 0:00:03  0,0002  0,0325               0,0003
     66         cutcp      2,515966 0:00:03  0,0002  0,0336               0,0003
     68         cutcp      2,433649 0:00:03  0,0002  0,0346               0,0003
     70         cutcp      2,321931 0:00:02  0,0002  0,0313               0,0003
     72         cutcp      2,232722 0:00:02  0,0002  0,0313               0,0003
     74         cutcp      2,162222 0:00:02  0,0002  0,0308               0,0003
     76         cutcp      2,138933 0:00:02  0,0002  0,0310               0,0003
     78         cutcp      2,051071 0:00:02  0,0002  0,0301               0,0003
     80         cutcp      2,057077 0:00:02  0,0002  0,0306               0,0003
     82         cutcp      2,024426 0:00:02  0,0002  0,0308               0,0003
     84         cutcp      1,956640 0:00:02  0,0002  0,0301               0,0003
     86         cutcp      1,909922 0:00:02  0,0002  0,0300               0,0003
     88         cutcp      1,882911 0:00:02  0,0002  0,0300               0,0003
      2       hotspot    114,567000 0:01:56  0,0038  0,3774               0,0035
      4       hotspot     61,205000 0:01:02  0,0022  0,2147               0,0020
      6       hotspot     43,279000 0:00:45  0,0016  0,1588               0,0015
      8       hotspot     35,323000 0:00:36  0,0014  0,1338               0,0012
     10       hotspot     26,709000 0:00:28  0,0011  0,1055               0,0010
     12       hotspot     22,479000 0:00:24  0,0009  0,0914               0,0009
     14       hotspot     21,526000 0:00:23  0,0009  0,0890               0,0008
     16       hotspot     22,964000 0:00:24  0,0010  0,0952               0,0009
     18       hotspot     17,358000 0:00:19  0,0008  0,0749               0,0007
     20       hotspot     16,967000 0:00:18  0,0008  0,0743               0,0007
     22       hotspot     15,895000 0:00:17  0,0007  0,0656               0,0006
     24       hotspot     14,626000 0:00:16  0,0007  0,0677               0,0006
     26       hotspot     13,613000 0:00:15  0,0007  0,0647               0,0006
     28       hotspot     12,663000 0:00:14  0,0006  0,0618               0,0006
     30       hotspot     12,192000 0:00:14  0,0006  0,0609               0,0006
     32       hotspot     13,279000 0:00:14  0,0007  0,0671               0,0006
     34       hotspot     11,348000 0:00:12  0,0006  0,0588               0,0005
     36       hotspot     10,674000 0:00:12  0,0006  0,0567               0,0005
     38       hotspot     10,412000 0:00:12  0,0006  0,0557               0,0005
     40       hotspot     10,222000 0:00:12  0,0006  0,0561               0,0005
     42       hotspot     10,016000 0:00:11  0,0006  0,0552               0,0005
     44       hotspot      9,818000 0:00:11  0,0005  0,0528               0,0005
     46       hotspot      9,362000 0:00:10  0,0006  0,0553               0,0005
     48       hotspot      9,220000 0:00:10  0,0006  0,0556               0,0005
     50       hotspot      8,960000 0:00:10  0,0006  0,0560               0,0005
     52       hotspot      8,835000 0:00:10  0,0006  0,0565               0,0005
     54       hotspot      8,785000 0:00:10  0,0006  0,0551               0,0005
     56       hotspot      8,928000 0:00:10  0,0006  0,0562               0,0005
     58       hotspot      8,874000 0:00:10  0,0006  0,0565               0,0005
     60       hotspot      8,657000 0:00:10  0,0006  0,0562               0,0005
     62       hotspot      8,781000 0:00:10  0,0006  0,0567               0,0005
     64       hotspot      8,615000 0:00:10  0,0006  0,0566               0,0005
     66       hotspot      8,339000 0:00:10  0,0006  0,0544               0,0005
     68       hotspot      8,239000 0:00:09  0,0005  0,0535               0,0005
     70       hotspot      8,053000 0:00:09  0,0005  0,0529               0,0005
     72       hotspot      7,951000 0:00:09  0,0005  0,0530               0,0005
     74       hotspot      8,268000 0:00:09  0,0006  0,0545               0,0005
     76       hotspot      7,546000 0:00:09  0,0005  0,0531               0,0005
     78       hotspot      7,579000 0:00:09  0,0005  0,0534               0,0005
     80       hotspot      7,514000 0:00:09  0,0005  0,0534               0,0005
     82       hotspot      7,326000 0:00:09  0,0005  0,0539               0,0005
     84       hotspot      7,173000 0:00:09  0,0006  0,0542               0,0005
     86       hotspot      7,196000 0:00:08  0,0005  0,0530               0,0005
     88       hotspot      7,049000 0:00:08  0,0005  0,0527               0,0005
      2           lud 346564,675000 0:05:47  0,0113  1,1158               0,0104
      4           lud 175882,157000 0:02:56  0,0061  0,5964               0,0055
      6           lud 121915,635000 0:02:02  0,0043  0,4256               0,0040
      8           lud  92510,055000 0:01:33  0,0034  0,3323               0,0031
     10           lud  74312,370000 0:01:15  0,0028  0,2745               0,0026
     12           lud  63927,976000 0:01:04  0,0024  0,2406               0,0022
     14           lud  55953,179000 0:00:56  0,0022  0,2143               0,0020
     16           lud  49998,197000 0:00:50  0,0020  0,1944               0,0018
     18           lud  44985,370000 0:00:45  0,0018  0,1773               0,0016
     20           lud  40140,276000 0:00:40  0,0017  0,1624               0,0015
     22           lud  37048,361000 0:00:37  0,0016  0,1531               0,0014
     24           lud  33998,283000 0:00:34  0,0015  0,1437               0,0013
     26           lud  31792,178000 0:00:32  0,0014  0,1375               0,0013
     28           lud  29526,876000 0:00:30  0,0013  0,1306               0,0012
     30           lud  27909,284000 0:00:28  0,0013  0,1257               0,0012
     32           lud  26419,446000 0:00:27  0,0012  0,1213               0,0011
     34           lud  24892,549000 0:00:25  0,0012  0,1165               0,0011
     36           lud  23695,315000 0:00:24  0,0011  0,1127               0,0010
     38           lud  22588,697000 0:00:23  0,0011  0,1094               0,0010
     40           lud  21644,179000 0:00:22  0,0011  0,1067               0,0010
     42           lud  20744,210000 0:00:21  0,0011  0,1038               0,0010
     44           lud  19981,925000 0:00:20  0,0010  0,1019               0,0009
     46           lud  19935,587000 0:00:20  0,0011  0,1036               0,0010
     48           lud  20189,129000 0:00:21  0,0011  0,1059               0,0010
     50           lud  20353,759000 0:00:21  0,0011  0,1067               0,0010
     52           lud  20042,660000 0:00:20  0,0011  0,1060               0,0010
     54           lud  19361,065000 0:00:20  0,0011  0,1042               0,0010
     56           lud  19010,553000 0:00:19  0,0011  0,1034               0,0010
     58           lud  18467,885000 0:00:19  0,0010  0,1011               0,0009
     60           lud  18155,560000 0:00:18  0,0010  0,1000               0,0009
     62           lud  17801,608000 0:00:18  0,0010  0,0985               0,0009
     64           lud  17452,870000 0:00:18  0,0010  0,0977               0,0009
     66           lud  17007,263000 0:00:17  0,0010  0,0967               0,0009
     68           lud  16614,663000 0:00:17  0,0010  0,0948               0,0009
     70           lud  16380,679000 0:00:17  0,0010  0,0951               0,0009
     72           lud  16164,987000 0:00:16  0,0010  0,0948               0,0009
     74           lud  16037,086000 0:00:16  0,0010  0,0946               0,0009
     76           lud  15717,487000 0:00:16  0,0010  0,0938               0,0009
     78           lud  15445,480000 0:00:16  0,0009  0,0932               0,0009
     80           lud  15299,031000 0:00:16  0,0010  0,0936               0,0009
     82           lud  15164,487000 0:00:15  0,0010  0,0937               0,0009
     84           lud  15000,165000 0:00:15  0,0010  0,0938               0,0009
     86           lud  14865,714000 0:00:15  0,0010  0,4593               0,0043
     88           lud  14806,862000 0:00:15  0,0010  0,4615               0,0043
      2 streamcluster    282,062012 0:04:42  0,0093  4,4927               0,0418
      4 streamcluster    150,813415 0:02:31  0,0053  2,5400               0,0236
      6 streamcluster    110,116174 0:01:50  0,0040  1,9092               0,0178
      8 streamcluster     89,175605 0:01:29  0,0033  1,5906               0,0148
     10 streamcluster     76,044251 0:01:16  0,0029  1,3869               0,0129
     12 streamcluster     67,328467 0:01:07  0,0026  1,2491               0,0116
     14 streamcluster     61,192602 0:01:01  0,0024  1,1496               0,0107
     16 streamcluster     56,919788 0:00:57  0,0022  1,0813               0,0101
     18 streamcluster     53,822077 0:00:54  0,0021  1,0321               0,0096
     20 streamcluster     51,832169 0:00:52  0,0021  1,0113               0,0094
     22 streamcluster     50,556357 0:00:51  0,0021  0,9971               0,0093
     24 streamcluster     50,336885 0:00:50  0,0021  1,0053               0,0094
     26 streamcluster     49,814913 0:00:50  0,0021  1,0098               0,0094
     28 streamcluster     50,490880 0:00:51  0,0021  1,0293               0,0096
     30 streamcluster     49,594555 0:00:50  0,0021  1,0261               0,0095
     32 streamcluster     50,439249 0:00:50  0,0022  1,0493               0,0098
     34 streamcluster     50,402161 0:00:50  0,0022  1,0574               0,0098
     36 streamcluster     50,373715 0:00:50  0,0022  1,0679               0,0099
     38 streamcluster     50,384778 0:00:50  0,0022  1,0783               0,0100
     40 streamcluster     50,337422 0:00:50  0,0023  1,0862               0,0101
     42 streamcluster     50,355732 0:00:50  0,0023  1,0974               0,0102
     44 streamcluster     50,251493 0:00:50  0,0023  1,1061               0,0103
     46 streamcluster     48,286657 0:00:48  0,0023  1,0832               0,0101
     48 streamcluster     50,197052 0:00:50  0,0024  1,1381               0,0106
     50 streamcluster     50,287972 0:00:50  0,0024  1,1486               0,0107
     52 streamcluster     49,981277 0:00:50  0,0024  1,1551               0,0107
     54 streamcluster     50,610026 0:00:51  0,0024  1,1734               0,0109
     56 streamcluster     50,728372 0:00:51  0,0025  1,1826               0,0110
     58 streamcluster     51,131079 0:00:51  0,0025  1,1957               0,0111
     60 streamcluster     50,871660 0:00:51  0,0025  1,2030               0,0112
     62 streamcluster     50,901749 0:00:51  0,0025  1,2126               0,0113
     64 streamcluster     50,981625 0:00:51  0,0025  1,2256               0,0114
     66 streamcluster     50,782305 0:00:51  0,0026  1,2364               0,0115
     68 streamcluster     51,039916 0:00:51  0,0026  1,2554               0,0117
     70 streamcluster     50,792977 0:00:51  0,0026  1,2596               0,0117
     72 streamcluster     50,722319 0:00:51  0,0026  1,2670               0,0118
     74 streamcluster     51,059918 0:00:51  0,0027  1,2810               0,0119
     76 streamcluster     53,284323 0:00:53  0,0028  1,3547               0,0126
     78 streamcluster     53,157874 0:00:53  0,0028  1,3466               0,0125
     80 streamcluster     54,082109 0:00:54  0,0029  1,3757               0,0128
     82 streamcluster     54,509515 0:00:55  0,0029  1,3947               0,0130
     84 streamcluster     53,467846 0:00:53  0,0028  1,3695               0,0127
     86 streamcluster     56,933204 0:00:57  0,0030  1,4586               0,0136
     88 streamcluster     56,685567 0:00:57  0,0030  1,4616               0,0136