 Treads           App          Time Time CT  Energy   CO2eq  km travelled by car
      2           bfs      2,862377 0:00:05  0,0004  0,0531               0,0005
      4           bfs      3,083960 0:00:05  0,0004  0,0525               0,0005
      6           bfs      3,691204 0:00:06  0,0004  0,0587               0,0005
      8           bfs      3,803653 0:00:06  0,0004  0,0592               0,0006
     10           bfs      4,012745 0:00:07  0,0005  0,0640               0,0006
     12           bfs      4,038514 0:00:06  0,0004  0,0621               0,0006
     14           bfs      4,697856 0:00:07  0,0005  0,0691               0,0006
     16           bfs      4,068573 0:00:06  0,0004  0,0626               0,0006
     18           bfs      4,426068 0:00:07  0,0005  0,0662               0,0006
     20           bfs      4,757227 0:00:07  0,0005  0,0697               0,0006
     22           bfs      5,499400 0:00:08  0,0006  0,0783               0,0007
     24           bfs      5,578857 0:00:08  0,0005  0,0778               0,0007
     26           bfs      7,285599 0:00:10  0,0007  0,0948               0,0009
     28           bfs      7,980220 0:00:10  0,0007  0,1017               0,0009
     30           bfs      9,127917 0:00:12  0,0008  0,1105               0,0010
     32           bfs      9,841158 0:00:12  0,0009  0,1210               0,0011
     34           bfs     10,090308 0:00:12  0,0009  0,1227               0,0011
     36           bfs     10,900322 0:00:13  0,0009  0,1289               0,0012
     38           bfs     11,351803 0:00:14  0,0009  0,1308               0,0012
     40           bfs     12,391119 0:00:15  0,0012  0,1672               0,0016
     42           bfs     12,755154 0:00:15  0,0012  0,1770               0,0016
     44           bfs     13,492500 0:00:16  0,0013  0,1890               0,0018
     46           bfs     14,011260 0:00:16  0,0014  0,1954               0,0018
     48           bfs     14,363172 0:00:17  0,0014  0,2002               0,0019
      2         histo    183,046478 0:03:03  0,0124  1,7618               0,0164
      4         histo    968,870789 0:16:10  0,0668  9,4747               0,0881
      6         histo   1248,734619 0:20:50  0,0881 12,4944               0,1162
      8         histo   1533,743408 0:25:35  0,1102 15,6241               0,1453
     10         histo   1438,462158 0:24:00  0,1055 14,9590               0,1392
     12         histo   1576,549683 0:26:17  0,1160 16,4451               0,1530
     14         histo   1675,066406 0:27:56  0,1268 17,9772               0,1672
     16         histo   1801,681885 0:30:03  0,1370 19,4227               0,1807
     18         histo   2077,471680 0:34:39  0,1617 22,9284               0,2133
     20         histo   2113,839844 0:35:14  0,1666 23,6186               0,2197
     22         histo   1996,523804 0:33:18  0,1574 22,3215               0,2076
     24         histo   2016,411133 0:33:38  0,1588 22,5150               0,2094
     26         histo   2858,833252 0:47:40  0,2319 32,8800               0,3059
     28         histo   3156,680176 0:52:38  0,2598 36,8375               0,3427
     30         histo   3197,483643 0:53:18  0,2673 37,8936               0,3525
     32         histo   3168,594482 0:52:49  0,2689 38,1202               0,3546
     34         histo   2990,262451 0:49:52  0,2547 36,1080               0,3359
     36         histo   3583,806641 0:59:45  0,3124 44,2930               0,4120
     38         histo   3520,035889 0:58:42  0,3121 44,2451               0,4116
     40         histo   3575,261475 0:59:36  0,3191 45,2412               0,4208
     42         histo   3772,408447 1:02:53  0,3436 48,7119               0,4531
     44         histo   4194,735352 1:09:56  0,3919 55,5598               0,5168
     46         histo   4268,202637 1:11:10  0,4003 56,7473               0,5279
     48         histo   3718,593262 1:01:59  0,3439 48,7582               0,4536
      2           lbm    521,343750 0:08:44  0,0366  5,1868               0,0482
      4           lbm    279,290405 0:04:42  0,0210  2,9782               0,0277
      6           lbm    196,349014 0:03:20  0,0156  2,2169               0,0206
      8           lbm    179,029953 0:03:02  0,0152  2,1531               0,0200
     10           lbm    185,636383 0:03:09  0,0157  2,2220               0,0207
     12           lbm    187,055679 0:03:10  0,0159  2,2545               0,0210
     14           lbm    189,330246 0:03:12  0,0165  2,3376               0,0217
     16           lbm    190,241211 0:03:13  0,0168  2,3830               0,0222
     18           lbm    189,078720 0:03:12  0,0169  2,3920               0,0223
     20           lbm    189,730942 0:03:13  0,0171  2,4191               0,0225
     22           lbm    191,404236 0:03:15  0,0174  2,4690               0,0230
     24           lbm    191,637283 0:03:15  0,0171  2,4279               0,0226
     26           lbm    180,110809 0:03:03  0,0166  2,3517               0,0219
     28           lbm    166,888199 0:02:50  0,0155  2,1942               0,0204
     30           lbm    157,444656 0:02:41  0,0149  2,1088               0,0196
     32           lbm    147,552170 0:02:31  0,0142  2,0188               0,0188
     34           lbm    137,141220 0:02:21  0,0136  1,9237               0,0179
     36           lbm    130,872757 0:02:14  0,0129  1,8239               0,0170
     38           lbm    121,978668 0:02:05  0,0124  1,7641               0,0164
     40           lbm    116,311615 0:02:00  0,0126  1,7815               0,0166
     42           lbm    110,991165 0:01:54  0,0119  1,6935               0,0158
     44           lbm    106,162514 0:01:49  0,0119  1,6843               0,0157
     46           lbm    102,457611 0:01:45  0,0121  1,7108               0,0159
     48           lbm     95,569527 0:01:39  0,0112  1,5930               0,0148
      2           mri           NaN 0:00:01  0,0001  0,0081               0,0001
      4           mri           NaN 0:00:01  0,0001  0,0100               0,0001
      6           mri           NaN 0:00:00  0,0000  0,0000               0,0000
      8           mri           NaN 0:00:00  0,0000  0,0000               0,0000
     10           mri           NaN 0:00:00  0,0000  0,0000               0,0000
     12           mri           NaN 0:00:00  0,0000  0,0000               0,0000
     14           mri           NaN 0:00:00  0,0000  0,0000               0,0000
     16           mri           NaN 0:00:00  0,0000  0,0000               0,0000
     18           mri           NaN 0:00:01  0,0000  0,0000               0,0000
     20           mri           NaN 0:00:00  0,0000  0,0000               0,0000
     22           mri           NaN 0:00:00  0,0000  0,0000               0,0000
     24           mri           NaN 0:00:00  0,0000  0,0000               0,0000
     26           mri           NaN 0:00:00  0,0000  0,0000               0,0000
     28           mri           NaN 0:00:00  0,0000  0,0000               0,0000
     30           mri           NaN 0:00:00  0,0000  0,0000               0,0000
     32           mri           NaN 0:00:00  0,0000  0,0000               0,0000
     34           mri           NaN 0:00:00  0,0000  0,0000               0,0000
     36           mri           NaN 0:00:00  0,0000  0,0000               0,0000
     38           mri           NaN 0:00:00  0,0000  0,0000               0,0000
     40           mri           NaN 0:00:00  0,0000  0,0000               0,0000
     42           mri           NaN 0:00:00  0,0000  0,0000               0,0000
     44           mri           NaN 0:00:00  0,0000  0,0000               0,0000
     46           mri           NaN 0:00:00  0,0000  0,0000               0,0000
     48           mri           NaN 0:00:00  0,0000  0,0000               0,0000
      2         cutcp     39,804695 0:00:40  0,0028  0,3958               0,0037
      4         cutcp     20,262058 0:00:21  0,0015  0,2119               0,0020
      6         cutcp     14,223998 0:00:15  0,0011  0,1585               0,0015
      8         cutcp     10,738616 0:00:11  0,0009  0,1212               0,0011
     10         cutcp      8,683833 0:00:09  0,0007  0,1042               0,0010
     12         cutcp      7,480145 0:00:08  0,0006  0,0919               0,0009
     14         cutcp      6,314637 0:00:06  0,0006  0,0818               0,0008
     16         cutcp      5,666605 0:00:06  0,0005  0,0758               0,0007
     18         cutcp      5,038068 0:00:05  0,0005  0,0704               0,0007
     20         cutcp      4,638809 0:00:05  0,0005  0,0649               0,0006
     22         cutcp      4,286431 0:00:04  0,0004  0,0606               0,0006
     24         cutcp      4,198330 0:00:05  0,0004  0,0623               0,0006
     26         cutcp      3,870838 0:00:04  0,0004  0,0567               0,0005
     28         cutcp      3,549449 0:00:04  0,0004  0,0546               0,0005
     30         cutcp      3,403013 0:00:03  0,0004  0,0536               0,0005
     32         cutcp      3,255867 0:00:03  0,0004  0,0533               0,0005
     34         cutcp      3,050612 0:00:03  0,0004  0,0516               0,0005
     36         cutcp      2,924186 0:00:03  0,0004  0,0507               0,0005
     38         cutcp      2,926706 0:00:03  0,0004  0,0528               0,0005
     40         cutcp      2,591162 0:00:03  0,0003  0,0462               0,0004
     42         cutcp      2,592117 0:00:03  0,0003  0,0485               0,0005
     44         cutcp      2,524013 0:00:03  0,0003  0,0479               0,0004
     46         cutcp      2,387763 0:00:03  0,0003  0,0458               0,0004
     48         cutcp      2,426061 0:00:03  0,0003  0,0467               0,0004
      2       hotspot     75,144000 0:01:16  0,0028  0,2713               0,0025
      4       hotspot     39,570000 0:00:41  0,0016  0,1559               0,0015
      6       hotspot     27,312000 0:00:29  0,0012  0,1171               0,0011
      8       hotspot     21,591000 0:00:23  0,0010  0,0976               0,0009
     10       hotspot     17,165000 0:00:19  0,0009  0,0848               0,0008
     12       hotspot     14,862000 0:00:16  0,0008  0,0753               0,0007
     14       hotspot     12,968000 0:00:14  0,0007  0,0666               0,0006
     16       hotspot     11,709000 0:00:12  0,0006  0,0589               0,0005
     18       hotspot     10,633000 0:00:11  0,0005  0,0538               0,0005
     20       hotspot      9,823000 0:00:11  0,0005  0,0494               0,0005
     22       hotspot      9,231000 0:00:10  0,0005  0,0479               0,0004
     24       hotspot      8,816000 0:00:10  0,0005  0,0470               0,0004
     26       hotspot      8,244000 0:00:09  0,0005  0,0446               0,0004
     28       hotspot      7,887000 0:00:09  0,0005  0,0449               0,0004
     30       hotspot      7,532000 0:00:09  0,0005  0,0445               0,0004
     32       hotspot      7,112000 0:00:09  0,0005  0,0471               0,0004
     34       hotspot      6,918000 0:00:08  0,0005  0,0462               0,0004
     36       hotspot      6,731000 0:00:08  0,0005  0,0457               0,0004
     38       hotspot      6,538000 0:00:08  0,0005  0,0456               0,0004
     40       hotspot      6,434000 0:00:08  0,0005  0,0449               0,0004
     42       hotspot      6,244000 0:00:08  0,0004  0,0442               0,0004
     44       hotspot      6,214000 0:00:08  0,0005  0,0445               0,0004
     46       hotspot      6,090000 0:00:07  0,0004  0,0424               0,0004
     48       hotspot      5,974000 0:00:07  0,0004  0,0429               0,0004
      2           lud 131085,922000 0:02:11  0,0047  0,4661               0,0043
      4           lud  66442,391000 0:01:07  0,0026  0,2552               0,0024
      6           lud  45243,649000 0:00:46  0,0019  0,1869               0,0017
      8           lud  39828,514000 0:00:40  0,0017  0,1699               0,0016
     10           lud  39602,693000 0:00:40  0,0017  0,1717               0,0016
     12           lud  39447,281000 0:00:40  0,0018  0,1730               0,0016
     14           lud  39308,206000 0:00:40  0,0018  0,1759               0,0016
     16           lud  39111,161000 0:00:39  0,0018  0,1772               0,0016
     18           lud  39002,940000 0:00:39  0,0018  0,1801               0,0017
     20           lud  38922,321000 0:00:39  0,0018  0,1791               0,0017
     22           lud  38825,761000 0:00:39  0,0018  0,1815               0,0017
     24           lud  38725,923000 0:00:39  0,0018  0,1786               0,0017
     26           lud  35658,206000 0:00:36  0,0017  0,1682               0,0016
     28           lud  32578,120000 0:00:33  0,0016  0,1575               0,0015
     30           lud  30035,356000 0:00:30  0,0015  0,1490               0,0014
     32           lud  28887,699000 0:00:29  0,0015  0,1478               0,0014
     34           lud  27486,423000 0:00:28  0,0015  0,1443               0,0013
     36           lud  28099,948000 0:00:28  0,0015  0,1499               0,0014
     38           lud  27033,867000 0:00:27  0,0015  0,1475               0,0014
     40           lud  28428,184000 0:00:29  0,0016  0,1563               0,0015
     42           lud  29204,208000 0:00:30  0,0016  0,1616               0,0015
     44           lud  29937,817000 0:00:30  0,0017  0,1657               0,0015
     46           lud  30172,563000 0:00:31  0,0017  0,1682               0,0016
     48           lud  31249,652000 0:00:32  0,0018  0,1743               0,0016
      2 streamcluster    356,875973 0:05:57  0,0126  1,2425               0,0116
      4 streamcluster    188,671613 0:03:09  0,0070  0,6919               0,0064
      6 streamcluster    140,827368 0:02:21  0,0055  0,5396               0,0050
      8 streamcluster    134,573489 0:02:15  0,0054  0,5297               0,0049
     10 streamcluster    133,817784 0:02:14  0,0055  0,5403               0,0050
     12 streamcluster    133,792075 0:02:14  0,0056  0,5499               0,0051
     14 streamcluster    134,044511 0:02:14  0,0057  0,5582               0,0052
     16 streamcluster    134,553352 0:02:15  0,0057  0,5638               0,0052
     18 streamcluster    135,088544 0:02:15  0,0058  0,5711               0,0053
     20 streamcluster    135,364574 0:02:15  0,0058  0,5706               0,0053
     22 streamcluster    135,706922 0:02:16  0,0058  0,5700               0,0053
     24 streamcluster    136,311960 0:02:16  0,0058  0,5736               0,0053
     26 streamcluster    134,863121 0:02:15  0,0059  0,5833               0,0054
     28 streamcluster    134,916338 0:02:15  0,0061  0,5951               0,0055
     30 streamcluster    131,002341 0:02:11  0,0060  0,5905               0,0055
     32 streamcluster    128,364887 0:02:08  0,0060  0,5948               0,0055
     34 streamcluster    122,794917 0:02:03  0,0059  0,5809               0,0054
     36 streamcluster     92,723543 0:01:33  0,0046  0,4497               0,0042
     38 streamcluster     94,255847 0:01:34  0,0047  0,4629               0,0043
     40 streamcluster     95,665839 0:01:36  0,0048  0,4721               0,0044
     42 streamcluster     88,319715 0:01:28  0,0045  0,4441               0,0041
     44 streamcluster     97,974166 0:01:38  0,0049  0,4843               0,0045
     46 streamcluster     96,258846 0:01:36  0,0049  0,4828               0,0045
     48 streamcluster     92,222871 0:01:32  0,0048  0,4683               0,0044