 Treads           App          Time Time CT  Energy   CO2eq  km travelled by car
      2           bfs      4,122038 0:00:08  0,0002  0,0298               0,0003
      4           bfs      4,648458 0:00:08  0,0002  0,0338               0,0003
      6           bfs      5,296116 0:00:09  0,0002  0,0353               0,0003
      8           bfs      6,010431 0:00:09  0,0003  0,0376               0,0003
     10           bfs      6,466230 0:00:10  0,0003  0,0399               0,0004
     12           bfs      6,500169 0:00:10  0,0002  0,0344               0,0003
     14           bfs      6,632039 0:00:10  0,0003  0,0400               0,0004
     16           bfs      7,223990 0:00:11  0,0003  0,0427               0,0004
     18           bfs      7,176076 0:00:10  0,0003  0,0435               0,0004
     20           bfs      7,465430 0:00:11  0,0003  0,0435               0,0004
     22           bfs     10,631268 0:00:14  0,0004  0,0518               0,0005
     24           bfs     11,610788 0:00:15  0,0004  0,0507               0,0005
     26           bfs     12,712415 0:00:16  0,0007  0,0933               0,0009
     28           bfs     14,034053 0:00:17  0,0007  0,1023               0,0010
     30           bfs     15,243812 0:00:19  0,0008  0,1070               0,0010
     32           bfs     15,992683 0:00:20  0,0008  0,1153               0,0011
     34           bfs     17,232985 0:00:21  0,0009  0,1225               0,0011
     36           bfs     17,926455 0:00:22  0,0009  0,1288               0,0012
     38           bfs     19,045212 0:00:22  0,0010  0,1436               0,0013
     40           bfs     19,819254 0:00:23  0,0009  0,1326               0,0012
      2         histo    218,838089 0:03:39  0,0063  2,9722               0,0276
      4         histo    931,438782 0:15:33  0,0280  3,9727               0,0370
      6         histo   1179,078857 0:19:41  0,0364  5,1561               0,0480
      8         histo   1095,295654 0:18:17  0,0353  5,0037               0,0465
     10         histo   1211,139282 0:20:13  0,0402  5,7046               0,0531
     12         histo   1611,308838 0:26:53  0,0563  7,9752               0,0742
     14         histo   1493,715698 0:24:55  0,0540  7,6542               0,0712
     16         histo   1576,785767 0:26:17  0,0599  8,4984               0,0791
     18         histo   1836,678711 0:30:38  0,0719 10,1957               0,0948
     20         histo   1882,986328 0:31:24  0,0775 10,9890               0,1022
     22         histo   1797,137939 0:29:59  0,0738 10,4624               0,0973
     24         histo   1824,778076 0:30:26  0,0759 36,0662               0,3355
     26         histo   2011,067261 0:33:33  0,0865 12,2638               0,1141
     28         histo   2407,874512 0:40:09  0,1132 16,0419               0,1492
     30         histo   2451,505127 0:40:53  0,1251 17,7389               0,1650
     32         histo   2515,397461 0:41:57  0,1307 18,5261               0,1723
     34         histo   2746,405273 0:45:47  0,1494 21,1813               0,1970
     36         histo   2911,001221 0:48:33  0,1624 23,0196               0,2141
     38         histo   3113,231201 0:51:55  0,1809 25,6459               0,2386
     40         histo   3212,871582 0:53:34  0,1912 27,1071               0,2522
      2           lbm    828,453613 0:13:53  0,0250  3,5511               0,0330
      4           lbm    443,884338 0:07:29  0,0147  2,0826               0,0194
      6           lbm    328,073212 0:05:33  0,0114  1,6143               0,0150
      8           lbm    256,369598 0:04:21  0,0096  1,3542               0,0126
     10           lbm    211,738983 0:03:37  0,0083  1,1838               0,0110
     12           lbm    179,784424 0:03:05  0,0075  1,0611               0,0099
     14           lbm    156,030869 0:02:41  0,0069  0,9752               0,0091
     16           lbm    136,964371 0:02:22  0,0064  0,9140               0,0085
     18           lbm    121,772118 0:02:06  0,0058  0,8285               0,0077
     20           lbm    110,843918 0:01:55  0,0054  0,7672               0,0071
     22           lbm    100,472351 0:01:45  0,0060  0,8506               0,0079
     24           lbm     92,339600 0:01:37  0,0063  0,8869               0,0082
     26           lbm     85,672119 0:01:31  0,0054  2,5765               0,0240
     28           lbm     78,894081 0:01:23  0,0055  0,7819               0,0073
     30           lbm     73,668152 0:01:19  0,0050  0,7118               0,0066
     32           lbm     69,087891 0:01:13  0,0053  0,7517               0,0070
     34           lbm     64,669151 0:01:09  0,0045  0,6325               0,0059
     36           lbm     62,114326 0:01:06  0,0053  0,7558               0,0070
     38           lbm     59,009995 0:01:03  0,0050  0,7147               0,0066
     40           lbm     55,396503 0:00:59  0,0044  0,6167               0,0057
      2           mri           NaN 0:00:00  0,0000  0,0000               0,0000
      4           mri           NaN 0:00:00  0,0000  0,0000               0,0000
      6           mri           NaN 0:00:00  0,0000  0,0000               0,0000
      8           mri           NaN 0:00:00  0,0000  0,0000               0,0000
     10           mri           NaN 0:00:00  0,0000  0,0000               0,0000
     12           mri           NaN 0:00:00  0,0000  0,0000               0,0000
     14           mri           NaN 0:00:00  0,0000  0,0000               0,0000
     16           mri           NaN 0:00:00  0,0000  0,0000               0,0000
     18           mri           NaN 0:00:00  0,0000  0,0000               0,0000
     20           mri           NaN 0:00:00  0,0000  0,0000               0,0000
     22           mri           NaN 0:00:00  0,0000  0,0000               0,0000
     24           mri           NaN 0:00:00  0,0000  0,0000               0,0000
     26           mri           NaN 0:00:00  0,0000  0,0000               0,0000
     28           mri           NaN 0:00:00  0,0000  0,0000               0,0000
     30           mri           NaN 0:00:00  0,0000  0,0000               0,0000
     32           mri           NaN 0:00:00  0,0000  0,0000               0,0000
     34           mri           NaN 0:00:00  0,0000  0,0000               0,0000
     36           mri           NaN 0:00:00  0,0000  0,0000               0,0000
     38           mri           NaN 0:00:00  0,0000  0,0000               0,0000
     40           mri           NaN 0:00:00  0,0000  0,0000               0,0000
      2         cutcp     59,417446 0:01:00  0,0018  0,2583               0,0024
      4         cutcp     30,657927 0:00:32  0,0009  0,1215               0,0011
      6         cutcp     22,834135 0:00:23  0,0007  0,1036               0,0010
      8         cutcp     17,882414 0:00:18  0,0006  0,0885               0,0008
     10         cutcp     14,806144 0:00:15  0,0005  0,0706               0,0007
     12         cutcp     12,563212 0:00:13  0,0004  0,0622               0,0006
     14         cutcp     10,706733 0:00:11  0,0004  0,0556               0,0005
     16         cutcp      9,532657 0:00:10  0,0004  0,0515               0,0005
     18         cutcp      8,647698 0:00:09  0,0004  0,0502               0,0005
     20         cutcp      7,738509 0:00:08  0,0003  0,1308               0,0012
     22         cutcp      7,017971 0:00:07  0,0003  0,0487               0,0005
     24         cutcp      6,621659 0:00:07  0,0003  0,0477               0,0004
     26         cutcp      6,420742 0:00:07  0,0003  0,0459               0,0004
     28         cutcp      5,744092 0:00:06  0,0003  0,0383               0,0004
     30         cutcp      5,343395 0:00:06  0,0003  0,0413               0,0004
     32         cutcp      5,230358 0:00:05  0,0003  0,0417               0,0004
     34         cutcp      4,924573 0:00:05  0,0002  0,0347               0,0003
     36         cutcp      4,673853 0:00:05  0,0003  0,0393               0,0004
     38         cutcp      4,598598 0:00:05  0,0003  0,0401               0,0004
     40         cutcp      4,405163 0:00:05  0,0003  0,0396               0,0004
      2       hotspot    115,868000 0:01:58  0,0018  0,1735               0,0016
      4       hotspot     67,001000 0:01:09  0,0011  0,1112               0,0010
      6       hotspot     43,106000 0:00:45  0,0008  0,0762               0,0007
      8       hotspot     40,045000 0:00:42  0,0008  0,0748               0,0007
     10       hotspot     28,578000 0:00:30  0,0006  0,0575               0,0005
     12       hotspot     24,912000 0:00:27  0,0005  0,0516               0,0005
     14       hotspot     22,428000 0:00:24  0,0005  0,0500               0,0005
     16       hotspot     23,148000 0:00:25  0,0005  0,0525               0,0005
     18       hotspot     17,510000 0:00:19  0,0004  0,0427               0,0004
     20       hotspot     16,633000 0:00:18  0,0004  0,0432               0,0004
     22       hotspot     15,596000 0:00:17  0,0005  0,0472               0,0004
     24       hotspot     14,161000 0:00:16  0,0005  0,0470               0,0004
     26       hotspot     13,208000 0:00:15  0,0004  0,0430               0,0004
     28       hotspot     13,006000 0:00:15  0,0005  0,0461               0,0004
     30       hotspot     12,842000 0:00:15  0,0005  0,0461               0,0004
     32       hotspot     13,127000 0:00:15  0,0005  0,0468               0,0004
     34       hotspot     11,439000 0:00:13  0,0004  0,0413               0,0004
     36       hotspot     11,025000 0:00:13  0,0004  0,0404               0,0004
     38       hotspot     10,641000 0:00:12  0,0004  0,0438               0,0004
     40       hotspot     10,591000 0:00:12  0,0005  0,0451               0,0004
      2           lud 386996,928000 0:06:27  0,0058  0,5663               0,0053
      4           lud 196104,932000 0:03:17  0,0031  0,3084               0,0029
      6           lud 139351,778000 0:02:20  0,0023  0,2301               0,0021
      8           lud 103815,592000 0:01:44  0,0018  0,1810               0,0017
     10           lud  85274,463000 0:01:26  0,0016  0,1548               0,0014
     12           lud  71783,015000 0:01:12  0,0014  0,1377               0,0013
     14           lud  60164,507000 0:01:01  0,0012  0,1222               0,0011
     16           lud  53255,752000 0:00:54  0,0012  0,1138               0,0011
     18           lud  47884,712000 0:00:48  0,0011  0,1076               0,0010
     20           lud  42686,136000 0:00:43  0,0010  0,1009               0,0009
     22           lud  37305,372000 0:00:38  0,0011  0,5265               0,0049
     24           lud  35691,255000 0:00:36  0,0011  0,5174               0,0048
     26           lud  33000,725000 0:00:33  0,0010  0,4978               0,0046
     28           lud  32854,245000 0:00:33  0,0010  0,4950               0,0046
     30           lud  30129,330000 0:00:30  0,0010  0,4699               0,0044
     32           lud  28794,808000 0:00:29  0,0010  0,4586               0,0043
     34           lud  27381,678000 0:00:28  0,0009  0,4492               0,0042
     36           lud  26361,311000 0:00:27  0,0009  0,4412               0,0041
     38           lud  25519,273000 0:00:26  0,0009  0,4355               0,0041
     40           lud  23661,298000 0:00:24  0,0009  0,4194               0,0039
      2 streamcluster    334,033340 0:05:34  0,0052  2,4941               0,0232
      4 streamcluster    178,731444 0:02:59  0,0030  1,4586               0,0136
      6 streamcluster    133,882987 0:02:14  0,0024  1,1522               0,0107
      8 streamcluster    108,401585 0:01:48  0,0020  0,9767               0,0091
     10 streamcluster     91,966426 0:01:32  0,0018  0,8762               0,0082
     12 streamcluster     79,051879 0:01:19  0,0016  0,7935               0,0074
     14 streamcluster     70,668943 0:01:11  0,0016  0,7523               0,0070
     16 streamcluster     65,033213 0:01:05  0,0015  0,7195               0,0067
     18 streamcluster     62,261263 0:01:02  0,0015  0,7200               0,0067
     20 streamcluster     60,469208 0:01:01  0,0015  0,7351               0,0068
     22 streamcluster     58,939857 0:00:59  0,0016  0,7878               0,0073
     24 streamcluster     56,190629 0:00:56  0,0016  0,7773               0,0072
     26 streamcluster     55,455639 0:00:55  0,0016  0,7829               0,0073
     28 streamcluster     53,754062 0:00:54  0,0016  0,7689               0,0072
     30 streamcluster     52,969473 0:00:53  0,0016  0,7658               0,0071
     32 streamcluster     50,470333 0:00:50  0,0015  0,7452               0,0069
     34 streamcluster     50,961314 0:00:51  0,0016  0,7642               0,0071
     36 streamcluster     48,751437 0:00:49  0,0016  0,7462               0,0069
     38 streamcluster     47,992083 0:00:48  0,0016  0,7525               0,0070
     40 streamcluster     48,922039 0:00:49  0,0016  0,7702               0,0072