Numero de CPUs logicos (threads): 16
Numero de núcleos fisicos: 8
Entrando -> PARBOIL
Inicia py2

 Start Clean
rm -f build/opencl_base_default/*
if [ -d build/opencl_base_default ]; then rmdir build/opencl_base_default; fi
rm -f build/omp_base_default/*
if [ -d build/omp_base_default ]; then rmdir build/omp_base_default; fi
rm -rf build/cuda_base_default/*
if [ -d build/cuda_base_default ]; then rmdir build/cuda_base_default; fi
rm -f build/base_default/*
if [ -d build/base_default ]; then rmdir build/base_default; fi
rm -f build/opencl_nvidia_default/*
if [ -d build/opencl_nvidia_default ]; then rmdir build/opencl_nvidia_default; fi
rm -rf build/cuda_default/*
if [ -d build/cuda_default ]; then rmdir build/cuda_default; fi
Parboil parallel benchmark suite, version 0.2


 Start Compile
mkdir -p build/omp_base_default
g++ -I/home/users/acsilveira/hpc-benchmarks/parboil/common/include -I/usr/local/cuda/include  -ffast-math -fopenmp -c src/omp_base/main.cc -o build/omp_base_default/main.o
gcc -I/home/users/acsilveira/hpc-benchmarks/parboil/common/include -I/usr/local/cuda/include  -ffast-math -fopenmp -c /home/users/acsilveira/hpc-benchmarks/parboil/common/src/parboil.c -o build/omp_base_default/parboil.o
g++ build/omp_base_default/main.o build/omp_base_default/parboil.o -o build/omp_base_default/bfs  -lm -lpthread -lm -lstdc++ -lgomp
Parboil parallel benchmark suite, version 0.2



___Executando bfs ___:___bfs com 2 Treads___
CarbonTracker: The following components were found: GPU with device(s) NVIDIA GeForce RTX 4090. CPU with device(s) cpu:0.
CarbonTracker: WARNING - Failed to retrieve carbon intensity: Defaulting to average carbon intensity 141.77426 gCO2/kWh.
IO        : 2.584385
Compute   : 2.659836
Timer Wall Time: 5.244229
Pass
Parboil parallel benchmark suite, version 0.2

CarbonTracker: WARNING - Failed to retrieve carbon intensity: Defaulting to average carbon intensity 141.77426 gCO2/kWh.
CarbonTracker: Average carbon intensity during training was 141.77 gCO2/kWh at detected location: Porto Alegre, Rio Grande do Sul, BR.
CarbonTracker: 
Actual consumption for 1 epoch(s):
	Time:	0:00:10
	Energy:	0.0002 kWh
	CO2eq:	0.0275 g
	This is equivalent to:
	0.0003 km travelled by car
CarbonTracker: WARNING - Failed to retrieve carbon intensity: Defaulting to average carbon intensity 141.77426 gCO2/kWh.
CarbonTracker: Live carbon intensity could not be fetched at detected location: Porto Alegre, Rio Grande do Sul, BR. Defaulted to average carbon intensity for BR in 2021 of 141.77 gCO2/kWh. at detected location: Porto Alegre, Rio Grande do Sul, BR.
CarbonTracker: 
Predicted consumption for 1 epoch(s):
	Time:	0:00:10
	Energy:	0.0002 kWh
	CO2eq:	0.0275 g
	This is equivalent to:
	0.0003 km travelled by car
CarbonTracker: Finished monitoring.
___bfs com 2 Treads_concluida___
___bfs com 4 Treads___
CarbonTracker: The following components were found: GPU with device(s) NVIDIA GeForce RTX 4090. CPU with device(s) cpu:0.
CarbonTracker: WARNING - Failed to retrieve carbon intensity: Defaulting to average carbon intensity 141.77426 gCO2/kWh.
IO        : 2.111080
Compute   : 3.256148
Timer Wall Time: 5.367235
Pass
Parboil parallel benchmark suite, version 0.2

CarbonTracker: WARNING - Failed to retrieve carbon intensity: Defaulting to average carbon intensity 141.77426 gCO2/kWh.
CarbonTracker: Average carbon intensity during training was 141.77 gCO2/kWh at detected location: Porto Alegre, Rio Grande do Sul, BR.
CarbonTracker: 
Actual consumption for 1 epoch(s):
	Time:	0:00:10
	Energy:	0.0002 kWh
	CO2eq:	0.0285 g
	This is equivalent to:
	0.0003 km travelled by car
CarbonTracker: WARNING - Failed to retrieve carbon intensity: Defaulting to average carbon intensity 141.77426 gCO2/kWh.
CarbonTracker: Live carbon intensity could not be fetched at detected location: Porto Alegre, Rio Grande do Sul, BR. Defaulted to average carbon intensity for BR in 2021 of 141.77 gCO2/kWh. at detected location: Porto Alegre, Rio Grande do Sul, BR.
CarbonTracker: 
Predicted consumption for 1 epoch(s):
	Time:	0:00:10
	Energy:	0.0002 kWh
	CO2eq:	0.0285 g
	This is equivalent to:
	0.0003 km travelled by car
CarbonTracker: Finished monitoring.
___bfs com 4 Treads_concluida___
___bfs com 6 Treads___
CarbonTracker: The following components were found: GPU with device(s) NVIDIA GeForce RTX 4090. CPU with device(s) cpu:0.
CarbonTracker: WARNING - Failed to retrieve carbon intensity: Defaulting to average carbon intensity 141.77426 gCO2/kWh.
IO        : 2.205982
Compute   : 3.672813
Timer Wall Time: 5.878803
Pass
Parboil parallel benchmark suite, version 0.2

CarbonTracker: WARNING - Failed to retrieve carbon intensity: Defaulting to average carbon intensity 141.77426 gCO2/kWh.
CarbonTracker: Average carbon intensity during training was 141.77 gCO2/kWh at detected location: Porto Alegre, Rio Grande do Sul, BR.
CarbonTracker: 
Actual consumption for 1 epoch(s):
	Time:	0:00:10
	Energy:	0.0002 kWh
	CO2eq:	0.0299 g
	This is equivalent to:
	0.0003 km travelled by car
CarbonTracker: WARNING - Failed to retrieve carbon intensity: Defaulting to average carbon intensity 141.77426 gCO2/kWh.
CarbonTracker: Live carbon intensity could not be fetched at detected location: Porto Alegre, Rio Grande do Sul, BR. Defaulted to average carbon intensity for BR in 2021 of 141.77 gCO2/kWh. at detected location: Porto Alegre, Rio Grande do Sul, BR.
CarbonTracker: 
Predicted consumption for 1 epoch(s):
	Time:	0:00:10
	Energy:	0.0002 kWh
	CO2eq:	0.0299 g
	This is equivalent to:
	0.0003 km travelled by car
CarbonTracker: Finished monitoring.
___bfs com 6 Treads_concluida___
___bfs com 8 Treads___
CarbonTracker: The following components were found: GPU with device(s) NVIDIA GeForce RTX 4090. CPU with device(s) cpu:0.
CarbonTracker: WARNING - Failed to retrieve carbon intensity: Defaulting to average carbon intensity 141.77426 gCO2/kWh.
IO        : 2.065352
Compute   : 4.054317
Timer Wall Time: 6.119675
Pass
Parboil parallel benchmark suite, version 0.2

CarbonTracker: WARNING - Failed to retrieve carbon intensity: Defaulting to average carbon intensity 141.77426 gCO2/kWh.
CarbonTracker: Average carbon intensity during training was 141.77 gCO2/kWh at detected location: Porto Alegre, Rio Grande do Sul, BR.
CarbonTracker: 
Actual consumption for 1 epoch(s):
	Time:	0:00:10
	Energy:	0.0002 kWh
	CO2eq:	0.0308 g
	This is equivalent to:
	0.0003 km travelled by car
CarbonTracker: WARNING - Failed to retrieve carbon intensity: Defaulting to average carbon intensity 141.77426 gCO2/kWh.
CarbonTracker: Live carbon intensity could not be fetched at detected location: Porto Alegre, Rio Grande do Sul, BR. Defaulted to average carbon intensity for BR in 2021 of 141.77 gCO2/kWh. at detected location: Porto Alegre, Rio Grande do Sul, BR.
CarbonTracker: 
Predicted consumption for 1 epoch(s):
	Time:	0:00:10
	Energy:	0.0002 kWh
	CO2eq:	0.0308 g
	This is equivalent to:
	0.0003 km travelled by car
CarbonTracker: Finished monitoring.
___bfs com 8 Treads_concluida___
___bfs com 10 Treads___
CarbonTracker: The following components were found: GPU with device(s) NVIDIA GeForce RTX 4090. CPU with device(s) cpu:0.
CarbonTracker: WARNING - Failed to retrieve carbon intensity: Defaulting to average carbon intensity 141.77426 gCO2/kWh.
IO        : 2.221753
Compute   : 4.430212
Timer Wall Time: 6.651972
Pass
Parboil parallel benchmark suite, version 0.2

CarbonTracker: WARNING - Failed to retrieve carbon intensity: Defaulting to average carbon intensity 141.77426 gCO2/kWh.
CarbonTracker: Average carbon intensity during training was 141.77 gCO2/kWh at detected location: Porto Alegre, Rio Grande do Sul, BR.
CarbonTracker: 
Actual consumption for 1 epoch(s):
	Time:	0:00:11
	Energy:	0.0002 kWh
	CO2eq:	0.0325 g
	This is equivalent to:
	0.0003 km travelled by car
CarbonTracker: WARNING - Failed to retrieve carbon intensity: Defaulting to average carbon intensity 141.77426 gCO2/kWh.
CarbonTracker: Live carbon intensity could not be fetched at detected location: Porto Alegre, Rio Grande do Sul, BR. Defaulted to average carbon intensity for BR in 2021 of 141.77 gCO2/kWh. at detected location: Porto Alegre, Rio Grande do Sul, BR.
CarbonTracker: 
Predicted consumption for 1 epoch(s):
	Time:	0:00:11
	Energy:	0.0002 kWh
	CO2eq:	0.0325 g
	This is equivalent to:
	0.0003 km travelled by car
CarbonTracker: Finished monitoring.
___bfs com 10 Treads_concluida___
___bfs com 12 Treads___
CarbonTracker: The following components were found: GPU with device(s) NVIDIA GeForce RTX 4090. CPU with device(s) cpu:0.
CarbonTracker: WARNING - Failed to retrieve carbon intensity: Defaulting to average carbon intensity 141.77426 gCO2/kWh.
IO        : 2.163584
Compute   : 4.765778
Timer Wall Time: 6.929369
Pass
Parboil parallel benchmark suite, version 0.2

CarbonTracker: WARNING - Failed to retrieve carbon intensity: Defaulting to average carbon intensity 141.77426 gCO2/kWh.
CarbonTracker: Average carbon intensity during training was 141.77 gCO2/kWh at detected location: Porto Alegre, Rio Grande do Sul, BR.
CarbonTracker: 
Actual consumption for 1 epoch(s):
	Time:	0:00:11
	Energy:	0.0002 kWh
	CO2eq:	0.0333 g
	This is equivalent to:
	0.0003 km travelled by car
CarbonTracker: WARNING - Failed to retrieve carbon intensity: Defaulting to average carbon intensity 141.77426 gCO2/kWh.
CarbonTracker: Live carbon intensity could not be fetched at detected location: Porto Alegre, Rio Grande do Sul, BR. Defaulted to average carbon intensity for BR in 2021 of 141.77 gCO2/kWh. at detected location: Porto Alegre, Rio Grande do Sul, BR.
CarbonTracker: 
Predicted consumption for 1 epoch(s):
	Time:	0:00:11
	Energy:	0.0002 kWh
	CO2eq:	0.0333 g
	This is equivalent to:
	0.0003 km travelled by car
CarbonTracker: Finished monitoring.
___bfs com 12 Treads_concluida___
___bfs com 14 Treads___
CarbonTracker: The following components were found: GPU with device(s) NVIDIA GeForce RTX 4090. CPU with device(s) cpu:0.
CarbonTracker: WARNING - Failed to retrieve carbon intensity: Defaulting to average carbon intensity 141.77426 gCO2/kWh.
IO        : 2.379688
Compute   : 5.139778
Timer Wall Time: 7.519472
Pass
Parboil parallel benchmark suite, version 0.2

CarbonTracker: WARNING - Failed to retrieve carbon intensity: Defaulting to average carbon intensity 141.77426 gCO2/kWh.
CarbonTracker: Average carbon intensity during training was 141.77 gCO2/kWh at detected location: Porto Alegre, Rio Grande do Sul, BR.
CarbonTracker: 
Actual consumption for 1 epoch(s):
	Time:	0:00:12
	Energy:	0.0002 kWh
	CO2eq:	0.0348 g
	This is equivalent to:
	0.0003 km travelled by car
CarbonTracker: WARNING - Failed to retrieve carbon intensity: Defaulting to average carbon intensity 141.77426 gCO2/kWh.
CarbonTracker: Live carbon intensity could not be fetched at detected location: Porto Alegre, Rio Grande do Sul, BR. Defaulted to average carbon intensity for BR in 2021 of 141.77 gCO2/kWh. at detected location: Porto Alegre, Rio Grande do Sul, BR.
CarbonTracker: 
Predicted consumption for 1 epoch(s):
	Time:	0:00:12
	Energy:	0.0002 kWh
	CO2eq:	0.0348 g
	This is equivalent to:
	0.0003 km travelled by car
CarbonTracker: Finished monitoring.
___bfs com 14 Treads_concluida___
___bfs com 16 Treads___
CarbonTracker: The following components were found: GPU with device(s) NVIDIA GeForce RTX 4090. CPU with device(s) cpu:0.
CarbonTracker: WARNING - Failed to retrieve carbon intensity: Defaulting to average carbon intensity 141.77426 gCO2/kWh.
IO        : 2.490301
Compute   : 5.475017
Timer Wall Time: 7.965324
Pass
Parboil parallel benchmark suite, version 0.2

CarbonTracker: WARNING - Failed to retrieve carbon intensity: Defaulting to average carbon intensity 141.77426 gCO2/kWh.
CarbonTracker: Average carbon intensity during training was 141.77 gCO2/kWh at detected location: Porto Alegre, Rio Grande do Sul, BR.
CarbonTracker: 
Actual consumption for 1 epoch(s):
	Time:	0:00:12
	Energy:	0.0003 kWh
	CO2eq:	0.0362 g
	This is equivalent to:
	0.0003 km travelled by car
CarbonTracker: WARNING - Failed to retrieve carbon intensity: Defaulting to average carbon intensity 141.77426 gCO2/kWh.
CarbonTracker: Live carbon intensity could not be fetched at detected location: Porto Alegre, Rio Grande do Sul, BR. Defaulted to average carbon intensity for BR in 2021 of 141.77 gCO2/kWh. at detected location: Porto Alegre, Rio Grande do Sul, BR.
CarbonTracker: 
Predicted consumption for 1 epoch(s):
	Time:	0:00:12
	Energy:	0.0003 kWh
	CO2eq:	0.0362 g
	This is equivalent to:
	0.0003 km travelled by car
CarbonTracker: Finished monitoring.
___bfs com 16 Treads_concluida___

 Start Clean
rm -f build/threaded_default/*
if [ -d build/threaded_default ]; then rmdir build/threaded_default; fi
rm -f build/opencl_base_default/*
if [ -d build/opencl_base_default ]; then rmdir build/opencl_base_default; fi
rm -f build/omp_base_default/*
if [ -d build/omp_base_default ]; then rmdir build/omp_base_default; fi
rm -rf build/cuda_base_default/*
if [ -d build/cuda_base_default ]; then rmdir build/cuda_base_default; fi
rm -f build/base_default/*
if [ -d build/base_default ]; then rmdir build/base_default; fi
rm -rf build/cuda_default/*
if [ -d build/cuda_default ]; then rmdir build/cuda_default; fi
rm -f build/opencl_nvidia_default/*
if [ -d build/opencl_nvidia_default ]; then rmdir build/opencl_nvidia_default; fi
Parboil parallel benchmark suite, version 0.2


 Start Compile
mkdir -p build/omp_base_default
gcc -I/home/users/acsilveira/hpc-benchmarks/parboil/common/include -I/usr/local/cuda/include  -fopenmp -c src/omp_base/main.c -o build/omp_base_default/main.o
gcc -I/home/users/acsilveira/hpc-benchmarks/parboil/common/include -I/usr/local/cuda/include  -fopenmp -c src/omp_base/util.c -o build/omp_base_default/util.o
gcc -I/home/users/acsilveira/hpc-benchmarks/parboil/common/include -I/usr/local/cuda/include  -fopenmp -c /home/users/acsilveira/hpc-benchmarks/parboil/common/src/parboil.c -o build/omp_base_default/parboil.o
g++ build/omp_base_default/main.o build/omp_base_default/util.o build/omp_base_default/parboil.o -o build/omp_base_default/histo  -lm -lpthread -lgomp
Parboil parallel benchmark suite, version 0.2



___Executando histo ___:___histo com 2 Treads___
CarbonTracker: The following components were found: GPU with device(s) NVIDIA GeForce RTX 4090. CPU with device(s) cpu:0.
CarbonTracker: WARNING - Failed to retrieve carbon intensity: Defaulting to average carbon intensity 141.77426 gCO2/kWh.
Base implementation of histogramming.
Maintained by Nady Obeid <obeid1@ece.uiuc.edu>

IO        : 0.194363
 -Input     : 0.005901
 -Output    : 0.188462
Compute   : 293.275331
Timer Wall Time: 293.469696
Pass
Parboil parallel benchmark suite, version 0.2

CarbonTracker: WARNING - Failed to retrieve carbon intensity: Defaulting to average carbon intensity 141.77426 gCO2/kWh.
CarbonTracker: Average carbon intensity during training was 141.77 gCO2/kWh at detected location: Porto Alegre, Rio Grande do Sul, BR.
CarbonTracker: 
Actual consumption for 1 epoch(s):
	Time:	0:04:54
	Energy:	0.0061 kWh
	CO2eq:	0.8694 g
	This is equivalent to:
	0.0081 km travelled by car
CarbonTracker: WARNING - Failed to retrieve carbon intensity: Defaulting to average carbon intensity 141.77426 gCO2/kWh.
CarbonTracker: Live carbon intensity could not be fetched at detected location: Porto Alegre, Rio Grande do Sul, BR. Defaulted to average carbon intensity for BR in 2021 of 141.77 gCO2/kWh. at detected location: Porto Alegre, Rio Grande do Sul, BR.
CarbonTracker: 
Predicted consumption for 1 epoch(s):
	Time:	0:04:54
	Energy:	0.0061 kWh
	CO2eq:	0.8694 g
	This is equivalent to:
	0.0081 km travelled by car
CarbonTracker: Finished monitoring.
___histo com 2 Treads_concluida___
___histo com 4 Treads___
CarbonTracker: The following components were found: GPU with device(s) NVIDIA GeForce RTX 4090. CPU with device(s) cpu:0.
CarbonTracker: WARNING - Failed to retrieve carbon intensity: Defaulting to average carbon intensity 141.77426 gCO2/kWh.
CarbonTracker: WARNING - Failed to retrieve carbon intensity: Defaulting to average carbon intensity 141.77426 gCO2/kWh.
Base implementation of histogramming.
Maintained by Nady Obeid <obeid1@ece.uiuc.edu>

IO        : 0.175945
 -Input     : 0.006536
 -Output    : 0.169409
Compute   : 1228.929580
Timer Wall Time: 1229.105591
Pass
Parboil parallel benchmark suite, version 0.2

CarbonTracker: WARNING - Failed to retrieve carbon intensity: Defaulting to average carbon intensity 141.77426 gCO2/kWh.
CarbonTracker: Average carbon intensity during training was 141.77 gCO2/kWh at detected location: Porto Alegre, Rio Grande do Sul, BR.
CarbonTracker: 
Actual consumption for 1 epoch(s):
	Time:	0:20:30
	Energy:	0.0260 kWh
	CO2eq:	3.6848 g
	This is equivalent to:
	0.0343 km travelled by car
CarbonTracker: WARNING - Failed to retrieve carbon intensity: Defaulting to average carbon intensity 141.77426 gCO2/kWh.
CarbonTracker: Live carbon intensity could not be fetched at detected location: Porto Alegre, Rio Grande do Sul, BR. Defaulted to average carbon intensity for BR in 2021 of 141.77 gCO2/kWh. at detected location: Porto Alegre, Rio Grande do Sul, BR.
CarbonTracker: 
Predicted consumption for 1 epoch(s):
	Time:	0:20:30
	Energy:	0.0260 kWh
	CO2eq:	3.6848 g
	This is equivalent to:
	0.0343 km travelled by car
CarbonTracker: Finished monitoring.
___histo com 4 Treads_concluida___
___histo com 6 Treads___
CarbonTracker: The following components were found: GPU with device(s) NVIDIA GeForce RTX 4090. CPU with device(s) cpu:0.
CarbonTracker: WARNING - Failed to retrieve carbon intensity: Defaulting to average carbon intensity 141.77426 gCO2/kWh.
CarbonTracker: WARNING - Failed to retrieve carbon intensity: Defaulting to average carbon intensity 141.77426 gCO2/kWh.
Base implementation of histogramming.
Maintained by Nady Obeid <obeid1@ece.uiuc.edu>

IO        : 0.179114
 -Input     : 0.002924
 -Output    : 0.176189
Compute   : 1601.345411
Timer Wall Time: 1601.524536
Pass
Parboil parallel benchmark suite, version 0.2

CarbonTracker: WARNING - Failed to retrieve carbon intensity: Defaulting to average carbon intensity 141.77426 gCO2/kWh.
CarbonTracker: Average carbon intensity during training was 141.77 gCO2/kWh at detected location: Porto Alegre, Rio Grande do Sul, BR.
CarbonTracker: 
Actual consumption for 1 epoch(s):
	Time:	0:26:42
	Energy:	0.0346 kWh
	CO2eq:	4.9003 g
	This is equivalent to:
	0.0456 km travelled by car
CarbonTracker: WARNING - Failed to retrieve carbon intensity: Defaulting to average carbon intensity 141.77426 gCO2/kWh.
CarbonTracker: Live carbon intensity could not be fetched at detected location: Porto Alegre, Rio Grande do Sul, BR. Defaulted to average carbon intensity for BR in 2021 of 141.77 gCO2/kWh. at detected location: Porto Alegre, Rio Grande do Sul, BR.
CarbonTracker: 
Predicted consumption for 1 epoch(s):
	Time:	0:26:42
	Energy:	0.0346 kWh
	CO2eq:	4.9003 g
	This is equivalent to:
	0.0456 km travelled by car
CarbonTracker: Finished monitoring.
___histo com 6 Treads_concluida___
___histo com 8 Treads___
CarbonTracker: The following components were found: GPU with device(s) NVIDIA GeForce RTX 4090. CPU with device(s) cpu:0.
CarbonTracker: WARNING - Failed to retrieve carbon intensity: Defaulting to average carbon intensity 141.77426 gCO2/kWh.
CarbonTracker: WARNING - Failed to retrieve carbon intensity: Defaulting to average carbon intensity 141.77426 gCO2/kWh.
CarbonTracker: WARNING - Failed to retrieve carbon intensity: Defaulting to average carbon intensity 141.77426 gCO2/kWh.
Base implementation of histogramming.
Maintained by Nady Obeid <obeid1@ece.uiuc.edu>

IO        : 0.139879
 -Input     : 0.002495
 -Output    : 0.137384
Compute   : 1836.510492
Timer Wall Time: 1836.650391
Pass
Parboil parallel benchmark suite, version 0.2

CarbonTracker: WARNING - Failed to retrieve carbon intensity: Defaulting to average carbon intensity 141.77426 gCO2/kWh.
CarbonTracker: Average carbon intensity during training was 141.77 gCO2/kWh at detected location: Porto Alegre, Rio Grande do Sul, BR.
CarbonTracker: 
Actual consumption for 1 epoch(s):
	Time:	0:30:37
	Energy:	0.0402 kWh
	CO2eq:	5.6943 g
	This is equivalent to:
	0.0530 km travelled by car
CarbonTracker: WARNING - Failed to retrieve carbon intensity: Defaulting to average carbon intensity 141.77426 gCO2/kWh.
CarbonTracker: Live carbon intensity could not be fetched at detected location: Porto Alegre, Rio Grande do Sul, BR. Defaulted to average carbon intensity for BR in 2021 of 141.77 gCO2/kWh. at detected location: Porto Alegre, Rio Grande do Sul, BR.
CarbonTracker: 
Predicted consumption for 1 epoch(s):
	Time:	0:30:37
	Energy:	0.0402 kWh
	CO2eq:	5.6943 g
	This is equivalent to:
	0.0530 km travelled by car
CarbonTracker: Finished monitoring.
___histo com 8 Treads_concluida___
___histo com 10 Treads___
CarbonTracker: The following components were found: GPU with device(s) NVIDIA GeForce RTX 4090. CPU with device(s) cpu:0.
CarbonTracker: WARNING - Failed to retrieve carbon intensity: Defaulting to average carbon intensity 141.77426 gCO2/kWh.
CarbonTracker: WARNING - Failed to retrieve carbon intensity: Defaulting to average carbon intensity 141.77426 gCO2/kWh.
CarbonTracker: WARNING - Failed to retrieve carbon intensity: Defaulting to average carbon intensity 141.77426 gCO2/kWh.
Base implementation of histogramming.
Maintained by Nady Obeid <obeid1@ece.uiuc.edu>

IO        : 0.114254
 -Input     : 0.006289
 -Output    : 0.107964
Compute   : 2268.843224
Timer Wall Time: 2268.957520
Pass
Parboil parallel benchmark suite, version 0.2

CarbonTracker: WARNING - Failed to retrieve carbon intensity: Defaulting to average carbon intensity 141.77426 gCO2/kWh.
CarbonTracker: Average carbon intensity during training was 141.77 gCO2/kWh at detected location: Porto Alegre, Rio Grande do Sul, BR.
CarbonTracker: 
Actual consumption for 1 epoch(s):
	Time:	0:37:50
	Energy:	0.0505 kWh
	CO2eq:	7.1662 g
	This is equivalent to:
	0.0667 km travelled by car
CarbonTracker: WARNING - Failed to retrieve carbon intensity: Defaulting to average carbon intensity 141.77426 gCO2/kWh.
CarbonTracker: Live carbon intensity could not be fetched at detected location: Porto Alegre, Rio Grande do Sul, BR. Defaulted to average carbon intensity for BR in 2021 of 141.77 gCO2/kWh. at detected location: Porto Alegre, Rio Grande do Sul, BR.
CarbonTracker: 
Predicted consumption for 1 epoch(s):
	Time:	0:37:50
	Energy:	0.0505 kWh
	CO2eq:	7.1662 g
	This is equivalent to:
	0.0667 km travelled by car
CarbonTracker: Finished monitoring.
___histo com 10 Treads_concluida___
___histo com 12 Treads___
CarbonTracker: The following components were found: GPU with device(s) NVIDIA GeForce RTX 4090. CPU with device(s) cpu:0.
CarbonTracker: WARNING - Failed to retrieve carbon intensity: Defaulting to average carbon intensity 141.77426 gCO2/kWh.
CarbonTracker: WARNING - Failed to retrieve carbon intensity: Defaulting to average carbon intensity 141.77426 gCO2/kWh.
CarbonTracker: WARNING - Failed to retrieve carbon intensity: Defaulting to average carbon intensity 141.77426 gCO2/kWh.
Base implementation of histogramming.
Maintained by Nady Obeid <obeid1@ece.uiuc.edu>

IO        : 0.401249
 -Input     : 0.003064
 -Output    : 0.398185
Compute   : 2425.261282
Timer Wall Time: 2425.662598
Pass
Parboil parallel benchmark suite, version 0.2

CarbonTracker: WARNING - Failed to retrieve carbon intensity: Defaulting to average carbon intensity 141.77426 gCO2/kWh.
CarbonTracker: Average carbon intensity during training was 141.77 gCO2/kWh at detected location: Porto Alegre, Rio Grande do Sul, BR.
CarbonTracker: 
Actual consumption for 1 epoch(s):
	Time:	0:40:26
	Energy:	0.0556 kWh
	CO2eq:	7.8859 g
	This is equivalent to:
	0.0734 km travelled by car
CarbonTracker: WARNING - Failed to retrieve carbon intensity: Defaulting to average carbon intensity 141.77426 gCO2/kWh.
CarbonTracker: Live carbon intensity could not be fetched at detected location: Porto Alegre, Rio Grande do Sul, BR. Defaulted to average carbon intensity for BR in 2021 of 141.77 gCO2/kWh. at detected location: Porto Alegre, Rio Grande do Sul, BR.
CarbonTracker: 
Predicted consumption for 1 epoch(s):
	Time:	0:40:26
	Energy:	0.0556 kWh
	CO2eq:	7.8859 g
	This is equivalent to:
	0.0734 km travelled by car
CarbonTracker: Finished monitoring.
___histo com 12 Treads_concluida___
___histo com 14 Treads___
CarbonTracker: The following components were found: GPU with device(s) NVIDIA GeForce RTX 4090. CPU with device(s) cpu:0.
CarbonTracker: WARNING - Failed to retrieve carbon intensity: Defaulting to average carbon intensity 141.77426 gCO2/kWh.
CarbonTracker: WARNING - Failed to retrieve carbon intensity: Defaulting to average carbon intensity 141.77426 gCO2/kWh.
CarbonTracker: WARNING - Failed to retrieve carbon intensity: Defaulting to average carbon intensity 141.77426 gCO2/kWh.
CarbonTracker: WARNING - Failed to retrieve carbon intensity: Defaulting to average carbon intensity 141.77426 gCO2/kWh.
Base implementation of histogramming.
Maintained by Nady Obeid <obeid1@ece.uiuc.edu>

IO        : 0.229959
 -Input     : 0.009300
 -Output    : 0.220659
Compute   : 2790.593870
Timer Wall Time: 2790.823730
Pass
Parboil parallel benchmark suite, version 0.2

CarbonTracker: WARNING - Failed to retrieve carbon intensity: Defaulting to average carbon intensity 141.77426 gCO2/kWh.
CarbonTracker: Average carbon intensity during training was 141.77 gCO2/kWh at detected location: Porto Alegre, Rio Grande do Sul, BR.
CarbonTracker: 
Actual consumption for 1 epoch(s):
	Time:	0:46:32
	Energy:	0.0648 kWh
	CO2eq:	9.1893 g
	This is equivalent to:
	0.0855 km travelled by car
CarbonTracker: WARNING - Failed to retrieve carbon intensity: Defaulting to average carbon intensity 141.77426 gCO2/kWh.
CarbonTracker: Live carbon intensity could not be fetched at detected location: Porto Alegre, Rio Grande do Sul, BR. Defaulted to average carbon intensity for BR in 2021 of 141.77 gCO2/kWh. at detected location: Porto Alegre, Rio Grande do Sul, BR.
CarbonTracker: 
Predicted consumption for 1 epoch(s):
	Time:	0:46:32
	Energy:	0.0648 kWh
	CO2eq:	9.1893 g
	This is equivalent to:
	0.0855 km travelled by car
CarbonTracker: Finished monitoring.
___histo com 14 Treads_concluida___
___histo com 16 Treads___
CarbonTracker: The following components were found: GPU with device(s) NVIDIA GeForce RTX 4090. CPU with device(s) cpu:0.
CarbonTracker: WARNING - Failed to retrieve carbon intensity: Defaulting to average carbon intensity 141.77426 gCO2/kWh.
CarbonTracker: WARNING - Failed to retrieve carbon intensity: Defaulting to average carbon intensity 141.77426 gCO2/kWh.
CarbonTracker: WARNING - Failed to retrieve carbon intensity: Defaulting to average carbon intensity 141.77426 gCO2/kWh.
CarbonTracker: WARNING - Failed to retrieve carbon intensity: Defaulting to average carbon intensity 141.77426 gCO2/kWh.
Base implementation of histogramming.
Maintained by Nady Obeid <obeid1@ece.uiuc.edu>

IO        : 0.063539
 -Input     : 0.006051
 -Output    : 0.057487
Compute   : 3043.194681
Timer Wall Time: 3043.258301
Pass
Parboil parallel benchmark suite, version 0.2

CarbonTracker: WARNING - Failed to retrieve carbon intensity: Defaulting to average carbon intensity 141.77426 gCO2/kWh.
CarbonTracker: Average carbon intensity during training was 141.77 gCO2/kWh at detected location: Porto Alegre, Rio Grande do Sul, BR.
CarbonTracker: 
Actual consumption for 1 epoch(s):
	Time:	0:50:44
	Energy:	0.0720 kWh
	CO2eq:	10.2103 g
	This is equivalent to:
	0.0950 km travelled by car
CarbonTracker: WARNING - Failed to retrieve carbon intensity: Defaulting to average carbon intensity 141.77426 gCO2/kWh.
CarbonTracker: Live carbon intensity could not be fetched at detected location: Porto Alegre, Rio Grande do Sul, BR. Defaulted to average carbon intensity for BR in 2021 of 141.77 gCO2/kWh. at detected location: Porto Alegre, Rio Grande do Sul, BR.
CarbonTracker: 
Predicted consumption for 1 epoch(s):
	Time:	0:50:44
	Energy:	0.0720 kWh
	CO2eq:	10.2103 g
	This is equivalent to:
	0.0950 km travelled by car
CarbonTracker: Finished monitoring.
___histo com 16 Treads_concluida___

 Start Clean
rm -f build/opencl_base_default/*
if [ -d build/opencl_base_default ]; then rmdir build/opencl_base_default; fi
rm -rf build/cuda_base_default/*
if [ -d build/cuda_base_default ]; then rmdir build/cuda_base_default; fi
rm -f build/opencl_nvidia_default/*
if [ -d build/opencl_nvidia_default ]; then rmdir build/opencl_nvidia_default; fi
rm -rf build/cuda_default/*
if [ -d build/cuda_default ]; then rmdir build/cuda_default; fi
rm -f build/omp_cpu_default/*
if [ -d build/omp_cpu_default ]; then rmdir build/omp_cpu_default; fi
rm -f build/cpu_default/*
if [ -d build/cpu_default ]; then rmdir build/cpu_default; fi
Parboil parallel benchmark suite, version 0.2


 Start Compile
mkdir -p build/omp_cpu_default
gcc -I/home/users/acsilveira/hpc-benchmarks/parboil/common/include -I/usr/local/cuda/include  -D_OPENMP -fopenmp -c src/omp_cpu/main.c -o build/omp_cpu_default/main.o
gcc -I/home/users/acsilveira/hpc-benchmarks/parboil/common/include -I/usr/local/cuda/include  -D_OPENMP -fopenmp -c src/omp_cpu/lbm.c -o build/omp_cpu_default/lbm.o
gcc -I/home/users/acsilveira/hpc-benchmarks/parboil/common/include -I/usr/local/cuda/include  -D_OPENMP -fopenmp -c /home/users/acsilveira/hpc-benchmarks/parboil/common/src/parboil.c -o build/omp_cpu_default/parboil.o
g++ build/omp_cpu_default/main.o build/omp_cpu_default/lbm.o build/omp_cpu_default/parboil.o -o build/omp_cpu_default/lbm  -lm -lpthread -lgomp
Parboil parallel benchmark suite, version 0.2



___Executando lbm ___:___lbm com 2 Treads___
CarbonTracker: The following components were found: GPU with device(s) NVIDIA GeForce RTX 4090. CPU with device(s) cpu:0.
CarbonTracker: WARNING - Failed to retrieve carbon intensity: Defaulting to average carbon intensity 141.77426 gCO2/kWh.
CarbonTracker: WARNING - Failed to retrieve carbon intensity: Defaulting to average carbon intensity 141.77426 gCO2/kWh.
MAIN_printInfo:
	grid size      : 120 x 120 x 150 = 2.16 * 10^6 Cells
	nTimeSteps     : 3000
	result file    : /home/users/acsilveira/hpc-benchmarks/parboil/benchmarks/lbm/run/long/reference.dat
	action         : store
	simulation type: lid-driven cavity
	obstacle file  : /home/users/acsilveira/hpc-benchmarks/parboil/datasets/lbm/long/input/120_120_150_ldc.of

LBM_allocateGrid: allocated 169.2 MByte
LBM_allocateGrid: allocated 169.2 MByte
LBM_showGridStatistics:
	nObstacleCells:  343321 nAccelCells:   26912 nFluidCells: 1789767
	minRho:   1.0000 maxRho:   1.0000 mass: 2.160000e+06
	minU: 0.000000e+00 maxU: 0.000000e+00

timestep: 64
timestep: 128
timestep: 192
timestep: 256
timestep: 320
timestep: 384
timestep: 448
timestep: 512
timestep: 576
timestep: 640
timestep: 704
timestep: 768
timestep: 832
timestep: 896
timestep: 960
timestep: 1024
timestep: 1088
timestep: 1152
timestep: 1216
timestep: 1280
timestep: 1344
timestep: 1408
timestep: 1472
timestep: 1536
timestep: 1600
timestep: 1664
timestep: 1728
timestep: 1792
timestep: 1856
timestep: 1920
timestep: 1984
timestep: 2048
timestep: 2112
timestep: 2176
timestep: 2240
timestep: 2304
timestep: 2368
timestep: 2432
timestep: 2496
timestep: 2560
timestep: 2624
timestep: 2688
timestep: 2752
timestep: 2816
timestep: 2880
timestep: 2944
MAIN_stopClock:
	usr: 2029.61 sys:    0.02 tot: 2029.63 wct: 1037.21 MLUPS:  6.25

LBM_showGridStatistics:
	nObstacleCells:  343321 nAccelCells:   26912 nFluidCells: 1789767
	minRho:   0.9171 maxRho:   1.0866 mass: 2.159998e+06
	minU: 6.018727e-07 maxU: 3.296003e-02

Compute   : 1039.032568
Timer Wall Time: 1039.032593
Pass
Parboil parallel benchmark suite, version 0.2

CarbonTracker: WARNING - Failed to retrieve carbon intensity: Defaulting to average carbon intensity 141.77426 gCO2/kWh.
CarbonTracker: Average carbon intensity during training was 141.77 gCO2/kWh at detected location: Porto Alegre, Rio Grande do Sul, BR.
CarbonTracker: 
Actual consumption for 1 epoch(s):
	Time:	0:17:23
	Energy:	0.0223 kWh
	CO2eq:	3.1680 g
	This is equivalent to:
	0.0295 km travelled by car
CarbonTracker: WARNING - Failed to retrieve carbon intensity: Defaulting to average carbon intensity 141.77426 gCO2/kWh.
CarbonTracker: Live carbon intensity could not be fetched at detected location: Porto Alegre, Rio Grande do Sul, BR. Defaulted to average carbon intensity for BR in 2021 of 141.77 gCO2/kWh. at detected location: Porto Alegre, Rio Grande do Sul, BR.
CarbonTracker: 
Predicted consumption for 1 epoch(s):
	Time:	0:17:23
	Energy:	0.0223 kWh
	CO2eq:	3.1680 g
	This is equivalent to:
	0.0295 km travelled by car
CarbonTracker: Finished monitoring.
___lbm com 2 Treads_concluida___
___lbm com 4 Treads___
CarbonTracker: The following components were found: GPU with device(s) NVIDIA GeForce RTX 4090. CPU with device(s) cpu:0.
CarbonTracker: WARNING - Failed to retrieve carbon intensity: Defaulting to average carbon intensity 141.77426 gCO2/kWh.
MAIN_printInfo:
	grid size      : 120 x 120 x 150 = 2.16 * 10^6 Cells
	nTimeSteps     : 3000
	result file    : /home/users/acsilveira/hpc-benchmarks/parboil/benchmarks/lbm/run/long/reference.dat
	action         : store
	simulation type: lid-driven cavity
	obstacle file  : /home/users/acsilveira/hpc-benchmarks/parboil/datasets/lbm/long/input/120_120_150_ldc.of

LBM_allocateGrid: allocated 169.2 MByte
LBM_allocateGrid: allocated 169.2 MByte
LBM_showGridStatistics:
	nObstacleCells:  343321 nAccelCells:   26912 nFluidCells: 1789767
	minRho:   1.0000 maxRho:   1.0000 mass: 2.160000e+06
	minU: 0.000000e+00 maxU: 0.000000e+00

timestep: 64
timestep: 128
timestep: 192
timestep: 256
timestep: 320
timestep: 384
timestep: 448
timestep: 512
timestep: 576
timestep: 640
timestep: 704
timestep: 768
timestep: 832
timestep: 896
timestep: 960
timestep: 1024
timestep: 1088
timestep: 1152
timestep: 1216
timestep: 1280
timestep: 1344
timestep: 1408
timestep: 1472
timestep: 1536
timestep: 1600
timestep: 1664
timestep: 1728
timestep: 1792
timestep: 1856
timestep: 1920
timestep: 1984
timestep: 2048
timestep: 2112
timestep: 2176
timestep: 2240
timestep: 2304
timestep: 2368
timestep: 2432
timestep: 2496
timestep: 2560
timestep: 2624
timestep: 2688
timestep: 2752
timestep: 2816
timestep: 2880
timestep: 2944
MAIN_stopClock:
	usr: 2036.28 sys:    1.00 tot: 2037.28 wct:  548.43 MLUPS: 11.82

LBM_showGridStatistics:
	nObstacleCells:  343321 nAccelCells:   26912 nFluidCells: 1789767
	minRho:   0.9171 maxRho:   1.0866 mass: 2.159998e+06
	minU: 6.018727e-07 maxU: 3.296003e-02

Compute   : 549.670999
Timer Wall Time: 549.671021
Pass
Parboil parallel benchmark suite, version 0.2

CarbonTracker: WARNING - Failed to retrieve carbon intensity: Defaulting to average carbon intensity 141.77426 gCO2/kWh.
CarbonTracker: Average carbon intensity during training was 141.77 gCO2/kWh at detected location: Porto Alegre, Rio Grande do Sul, BR.
CarbonTracker: 
Actual consumption for 1 epoch(s):
	Time:	0:09:14
	Energy:	0.0125 kWh
	CO2eq:	1.7764 g
	This is equivalent to:
	0.0165 km travelled by car
CarbonTracker: WARNING - Failed to retrieve carbon intensity: Defaulting to average carbon intensity 141.77426 gCO2/kWh.
CarbonTracker: Live carbon intensity could not be fetched at detected location: Porto Alegre, Rio Grande do Sul, BR. Defaulted to average carbon intensity for BR in 2021 of 141.77 gCO2/kWh. at detected location: Porto Alegre, Rio Grande do Sul, BR.
CarbonTracker: 
Predicted consumption for 1 epoch(s):
	Time:	0:09:14
	Energy:	0.0125 kWh
	CO2eq:	1.7764 g
	This is equivalent to:
	0.0165 km travelled by car
CarbonTracker: Finished monitoring.
___lbm com 4 Treads_concluida___
___lbm com 6 Treads___
CarbonTracker: The following components were found: GPU with device(s) NVIDIA GeForce RTX 4090. CPU with device(s) cpu:0.
CarbonTracker: WARNING - Failed to retrieve carbon intensity: Defaulting to average carbon intensity 141.77426 gCO2/kWh.
MAIN_printInfo:
	grid size      : 120 x 120 x 150 = 2.16 * 10^6 Cells
	nTimeSteps     : 3000
	result file    : /home/users/acsilveira/hpc-benchmarks/parboil/benchmarks/lbm/run/long/reference.dat
	action         : store
	simulation type: lid-driven cavity
	obstacle file  : /home/users/acsilveira/hpc-benchmarks/parboil/datasets/lbm/long/input/120_120_150_ldc.of

LBM_allocateGrid: allocated 169.2 MByte
LBM_allocateGrid: allocated 169.2 MByte
LBM_showGridStatistics:
	nObstacleCells:  343321 nAccelCells:   26912 nFluidCells: 1789767
	minRho:   1.0000 maxRho:   1.0000 mass: 2.160000e+06
	minU: 0.000000e+00 maxU: 0.000000e+00

timestep: 64
timestep: 128
timestep: 192
timestep: 256
timestep: 320
timestep: 384
timestep: 448
timestep: 512
timestep: 576
timestep: 640
timestep: 704
timestep: 768
timestep: 832
timestep: 896
timestep: 960
timestep: 1024
timestep: 1088
timestep: 1152
timestep: 1216
timestep: 1280
timestep: 1344
timestep: 1408
timestep: 1472
timestep: 1536
timestep: 1600
timestep: 1664
timestep: 1728
timestep: 1792
timestep: 1856
timestep: 1920
timestep: 1984
timestep: 2048
timestep: 2112
timestep: 2176
timestep: 2240
timestep: 2304
timestep: 2368
timestep: 2432
timestep: 2496
timestep: 2560
timestep: 2624
timestep: 2688
timestep: 2752
timestep: 2816
timestep: 2880
timestep: 2944
MAIN_stopClock:
	usr: 2080.83 sys:    0.97 tot: 2081.80 wct:  383.61 MLUPS: 16.89

LBM_showGridStatistics:
	nObstacleCells:  343321 nAccelCells:   26912 nFluidCells: 1789767
	minRho:   0.9171 maxRho:   1.0866 mass: 2.159998e+06
	minU: 6.018727e-07 maxU: 3.296003e-02

Compute   : 384.845475
Timer Wall Time: 384.845490
Pass
Parboil parallel benchmark suite, version 0.2

CarbonTracker: WARNING - Failed to retrieve carbon intensity: Defaulting to average carbon intensity 141.77426 gCO2/kWh.
CarbonTracker: Average carbon intensity during training was 141.77 gCO2/kWh at detected location: Porto Alegre, Rio Grande do Sul, BR.
CarbonTracker: 
Actual consumption for 1 epoch(s):
	Time:	0:06:28
	Energy:	0.0094 kWh
	CO2eq:	1.3277 g
	This is equivalent to:
	0.0124 km travelled by car
CarbonTracker: WARNING - Failed to retrieve carbon intensity: Defaulting to average carbon intensity 141.77426 gCO2/kWh.
CarbonTracker: Live carbon intensity could not be fetched at detected location: Porto Alegre, Rio Grande do Sul, BR. Defaulted to average carbon intensity for BR in 2021 of 141.77 gCO2/kWh. at detected location: Porto Alegre, Rio Grande do Sul, BR.
CarbonTracker: 
Predicted consumption for 1 epoch(s):
	Time:	0:06:28
	Energy:	0.0094 kWh
	CO2eq:	1.3277 g
	This is equivalent to:
	0.0124 km travelled by car
CarbonTracker: Finished monitoring.
___lbm com 6 Treads_concluida___
___lbm com 8 Treads___
CarbonTracker: The following components were found: GPU with device(s) NVIDIA GeForce RTX 4090. CPU with device(s) cpu:0.
CarbonTracker: WARNING - Failed to retrieve carbon intensity: Defaulting to average carbon intensity 141.77426 gCO2/kWh.
MAIN_printInfo:
	grid size      : 120 x 120 x 150 = 2.16 * 10^6 Cells
	nTimeSteps     : 3000
	result file    : /home/users/acsilveira/hpc-benchmarks/parboil/benchmarks/lbm/run/long/reference.dat
	action         : store
	simulation type: lid-driven cavity
	obstacle file  : /home/users/acsilveira/hpc-benchmarks/parboil/datasets/lbm/long/input/120_120_150_ldc.of

LBM_allocateGrid: allocated 169.2 MByte
LBM_allocateGrid: allocated 169.2 MByte
LBM_showGridStatistics:
	nObstacleCells:  343321 nAccelCells:   26912 nFluidCells: 1789767
	minRho:   1.0000 maxRho:   1.0000 mass: 2.160000e+06
	minU: 0.000000e+00 maxU: 0.000000e+00

timestep: 64
timestep: 128
timestep: 192
timestep: 256
timestep: 320
timestep: 384
timestep: 448
timestep: 512
timestep: 576
timestep: 640
timestep: 704
timestep: 768
timestep: 832
timestep: 896
timestep: 960
timestep: 1024
timestep: 1088
timestep: 1152
timestep: 1216
timestep: 1280
timestep: 1344
timestep: 1408
timestep: 1472
timestep: 1536
timestep: 1600
timestep: 1664
timestep: 1728
timestep: 1792
timestep: 1856
timestep: 1920
timestep: 1984
timestep: 2048
timestep: 2112
timestep: 2176
timestep: 2240
timestep: 2304
timestep: 2368
timestep: 2432
timestep: 2496
timestep: 2560
timestep: 2624
timestep: 2688
timestep: 2752
timestep: 2816
timestep: 2880
timestep: 2944
MAIN_stopClock:
	usr: 2113.08 sys:    0.80 tot: 2113.88 wct:  288.58 MLUPS: 22.45

LBM_showGridStatistics:
	nObstacleCells:  343321 nAccelCells:   26912 nFluidCells: 1789767
	minRho:   0.9171 maxRho:   1.0866 mass: 2.159998e+06
	minU: 6.018727e-07 maxU: 3.296003e-02

Compute   : 289.973521
Timer Wall Time: 289.973511
Pass
Parboil parallel benchmark suite, version 0.2

CarbonTracker: WARNING - Failed to retrieve carbon intensity: Defaulting to average carbon intensity 141.77426 gCO2/kWh.
CarbonTracker: Average carbon intensity during training was 141.77 gCO2/kWh at detected location: Porto Alegre, Rio Grande do Sul, BR.
CarbonTracker: 
Actual consumption for 1 epoch(s):
	Time:	0:04:54
	Energy:	0.0075 kWh
	CO2eq:	1.0622 g
	This is equivalent to:
	0.0099 km travelled by car
CarbonTracker: WARNING - Failed to retrieve carbon intensity: Defaulting to average carbon intensity 141.77426 gCO2/kWh.
CarbonTracker: Live carbon intensity could not be fetched at detected location: Porto Alegre, Rio Grande do Sul, BR. Defaulted to average carbon intensity for BR in 2021 of 141.77 gCO2/kWh. at detected location: Porto Alegre, Rio Grande do Sul, BR.
CarbonTracker: 
Predicted consumption for 1 epoch(s):
	Time:	0:04:54
	Energy:	0.0075 kWh
	CO2eq:	1.0622 g
	This is equivalent to:
	0.0099 km travelled by car
CarbonTracker: Finished monitoring.
___lbm com 8 Treads_concluida___
___lbm com 10 Treads___
CarbonTracker: The following components were found: GPU with device(s) NVIDIA GeForce RTX 4090. CPU with device(s) cpu:0.
CarbonTracker: WARNING - Failed to retrieve carbon intensity: Defaulting to average carbon intensity 141.77426 gCO2/kWh.
MAIN_printInfo:
	grid size      : 120 x 120 x 150 = 2.16 * 10^6 Cells
	nTimeSteps     : 3000
	result file    : /home/users/acsilveira/hpc-benchmarks/parboil/benchmarks/lbm/run/long/reference.dat
	action         : store
	simulation type: lid-driven cavity
	obstacle file  : /home/users/acsilveira/hpc-benchmarks/parboil/datasets/lbm/long/input/120_120_150_ldc.of

LBM_allocateGrid: allocated 169.2 MByte
LBM_allocateGrid: allocated 169.2 MByte
LBM_showGridStatistics:
	nObstacleCells:  343321 nAccelCells:   26912 nFluidCells: 1789767
	minRho:   1.0000 maxRho:   1.0000 mass: 2.160000e+06
	minU: 0.000000e+00 maxU: 0.000000e+00

timestep: 64
timestep: 128
timestep: 192
timestep: 256
timestep: 320
timestep: 384
timestep: 448
timestep: 512
timestep: 576
timestep: 640
timestep: 704
timestep: 768
timestep: 832
timestep: 896
timestep: 960
timestep: 1024
timestep: 1088
timestep: 1152
timestep: 1216
timestep: 1280
timestep: 1344
timestep: 1408
timestep: 1472
timestep: 1536
timestep: 1600
timestep: 1664
timestep: 1728
timestep: 1792
timestep: 1856
timestep: 1920
timestep: 1984
timestep: 2048
timestep: 2112
timestep: 2176
timestep: 2240
timestep: 2304
timestep: 2368
timestep: 2432
timestep: 2496
timestep: 2560
timestep: 2624
timestep: 2688
timestep: 2752
timestep: 2816
timestep: 2880
timestep: 2944
MAIN_stopClock:
	usr: 2144.05 sys:    0.74 tot: 2144.79 wct:  231.03 MLUPS: 28.05

LBM_showGridStatistics:
	nObstacleCells:  343321 nAccelCells:   26912 nFluidCells: 1789767
	minRho:   0.9171 maxRho:   1.0866 mass: 2.159998e+06
	minU: 6.018727e-07 maxU: 3.296003e-02

Compute   : 232.393298
Timer Wall Time: 232.393295
Pass
Parboil parallel benchmark suite, version 0.2

CarbonTracker: WARNING - Failed to retrieve carbon intensity: Defaulting to average carbon intensity 141.77426 gCO2/kWh.
CarbonTracker: Average carbon intensity during training was 141.77 gCO2/kWh at detected location: Porto Alegre, Rio Grande do Sul, BR.
CarbonTracker: 
Actual consumption for 1 epoch(s):
	Time:	0:03:56
	Energy:	0.0063 kWh
	CO2eq:	0.8979 g
	This is equivalent to:
	0.0084 km travelled by car
CarbonTracker: WARNING - Failed to retrieve carbon intensity: Defaulting to average carbon intensity 141.77426 gCO2/kWh.
CarbonTracker: Live carbon intensity could not be fetched at detected location: Porto Alegre, Rio Grande do Sul, BR. Defaulted to average carbon intensity for BR in 2021 of 141.77 gCO2/kWh. at detected location: Porto Alegre, Rio Grande do Sul, BR.
CarbonTracker: 
Predicted consumption for 1 epoch(s):
	Time:	0:03:56
	Energy:	0.0063 kWh
	CO2eq:	0.8979 g
	This is equivalent to:
	0.0084 km travelled by car
CarbonTracker: Finished monitoring.
___lbm com 10 Treads_concluida___
___lbm com 12 Treads___
CarbonTracker: The following components were found: GPU with device(s) NVIDIA GeForce RTX 4090. CPU with device(s) cpu:0.
CarbonTracker: WARNING - Failed to retrieve carbon intensity: Defaulting to average carbon intensity 141.77426 gCO2/kWh.
MAIN_printInfo:
	grid size      : 120 x 120 x 150 = 2.16 * 10^6 Cells
	nTimeSteps     : 3000
	result file    : /home/users/acsilveira/hpc-benchmarks/parboil/benchmarks/lbm/run/long/reference.dat
	action         : store
	simulation type: lid-driven cavity
	obstacle file  : /home/users/acsilveira/hpc-benchmarks/parboil/datasets/lbm/long/input/120_120_150_ldc.of

LBM_allocateGrid: allocated 169.2 MByte
LBM_allocateGrid: allocated 169.2 MByte
LBM_showGridStatistics:
	nObstacleCells:  343321 nAccelCells:   26912 nFluidCells: 1789767
	minRho:   1.0000 maxRho:   1.0000 mass: 2.160000e+06
	minU: 0.000000e+00 maxU: 0.000000e+00

timestep: 64
timestep: 128
timestep: 192
timestep: 256
timestep: 320
timestep: 384
timestep: 448
timestep: 512
timestep: 576
timestep: 640
timestep: 704
timestep: 768
timestep: 832
timestep: 896
timestep: 960
timestep: 1024
timestep: 1088
timestep: 1152
timestep: 1216
timestep: 1280
timestep: 1344
timestep: 1408
timestep: 1472
timestep: 1536
timestep: 1600
timestep: 1664
timestep: 1728
timestep: 1792
timestep: 1856
timestep: 1920
timestep: 1984
timestep: 2048
timestep: 2112
timestep: 2176
timestep: 2240
timestep: 2304
timestep: 2368
timestep: 2432
timestep: 2496
timestep: 2560
timestep: 2624
timestep: 2688
timestep: 2752
timestep: 2816
timestep: 2880
timestep: 2944
MAIN_stopClock:
	usr: 2158.29 sys:    0.70 tot: 2158.99 wct:  195.14 MLUPS: 33.21

LBM_showGridStatistics:
	nObstacleCells:  343321 nAccelCells:   26912 nFluidCells: 1789767
	minRho:   0.9171 maxRho:   1.0866 mass: 2.159998e+06
	minU: 6.018727e-07 maxU: 3.296003e-02

Compute   : 196.435938
Timer Wall Time: 196.435944
Pass
Parboil parallel benchmark suite, version 0.2

CarbonTracker: WARNING - Failed to retrieve carbon intensity: Defaulting to average carbon intensity 141.77426 gCO2/kWh.
CarbonTracker: Average carbon intensity during training was 141.77 gCO2/kWh at detected location: Porto Alegre, Rio Grande do Sul, BR.
CarbonTracker: 
Actual consumption for 1 epoch(s):
	Time:	0:03:20
	Energy:	0.0056 kWh
	CO2eq:	0.7901 g
	This is equivalent to:
	0.0073 km travelled by car
CarbonTracker: WARNING - Failed to retrieve carbon intensity: Defaulting to average carbon intensity 141.77426 gCO2/kWh.
CarbonTracker: Live carbon intensity could not be fetched at detected location: Porto Alegre, Rio Grande do Sul, BR. Defaulted to average carbon intensity for BR in 2021 of 141.77 gCO2/kWh. at detected location: Porto Alegre, Rio Grande do Sul, BR.
CarbonTracker: 
Predicted consumption for 1 epoch(s):
	Time:	0:03:20
	Energy:	0.0056 kWh
	CO2eq:	0.7901 g
	This is equivalent to:
	0.0073 km travelled by car
CarbonTracker: Finished monitoring.
___lbm com 12 Treads_concluida___
___lbm com 14 Treads___
CarbonTracker: The following components were found: GPU with device(s) NVIDIA GeForce RTX 4090. CPU with device(s) cpu:0.
CarbonTracker: WARNING - Failed to retrieve carbon intensity: Defaulting to average carbon intensity 141.77426 gCO2/kWh.
MAIN_printInfo:
	grid size      : 120 x 120 x 150 = 2.16 * 10^6 Cells
	nTimeSteps     : 3000
	result file    : /home/users/acsilveira/hpc-benchmarks/parboil/benchmarks/lbm/run/long/reference.dat
	action         : store
	simulation type: lid-driven cavity
	obstacle file  : /home/users/acsilveira/hpc-benchmarks/parboil/datasets/lbm/long/input/120_120_150_ldc.of

LBM_allocateGrid: allocated 169.2 MByte
LBM_allocateGrid: allocated 169.2 MByte
LBM_showGridStatistics:
	nObstacleCells:  343321 nAccelCells:   26912 nFluidCells: 1789767
	minRho:   1.0000 maxRho:   1.0000 mass: 2.160000e+06
	minU: 0.000000e+00 maxU: 0.000000e+00

timestep: 64
timestep: 128
timestep: 192
timestep: 256
timestep: 320
timestep: 384
timestep: 448
timestep: 512
timestep: 576
timestep: 640
timestep: 704
timestep: 768
timestep: 832
timestep: 896
timestep: 960
timestep: 1024
timestep: 1088
timestep: 1152
timestep: 1216
timestep: 1280
timestep: 1344
timestep: 1408
timestep: 1472
timestep: 1536
timestep: 1600
timestep: 1664
timestep: 1728
timestep: 1792
timestep: 1856
timestep: 1920
timestep: 1984
timestep: 2048
timestep: 2112
timestep: 2176
timestep: 2240
timestep: 2304
timestep: 2368
timestep: 2432
timestep: 2496
timestep: 2560
timestep: 2624
timestep: 2688
timestep: 2752
timestep: 2816
timestep: 2880
timestep: 2944
MAIN_stopClock:
	usr: 2173.02 sys:    0.57 tot: 2173.59 wct:  167.94 MLUPS: 38.59

LBM_showGridStatistics:
	nObstacleCells:  343321 nAccelCells:   26912 nFluidCells: 1789767
	minRho:   0.9171 maxRho:   1.0866 mass: 2.159998e+06
	minU: 6.018727e-07 maxU: 3.296003e-02

Compute   : 169.262891
Timer Wall Time: 169.262894
Pass
Parboil parallel benchmark suite, version 0.2

CarbonTracker: WARNING - Failed to retrieve carbon intensity: Defaulting to average carbon intensity 141.77426 gCO2/kWh.
CarbonTracker: Average carbon intensity during training was 141.77 gCO2/kWh at detected location: Porto Alegre, Rio Grande do Sul, BR.
CarbonTracker: 
Actual consumption for 1 epoch(s):
	Time:	0:02:53
	Energy:	0.0051 kWh
	CO2eq:	0.7233 g
	This is equivalent to:
	0.0067 km travelled by car
CarbonTracker: WARNING - Failed to retrieve carbon intensity: Defaulting to average carbon intensity 141.77426 gCO2/kWh.
CarbonTracker: Live carbon intensity could not be fetched at detected location: Porto Alegre, Rio Grande do Sul, BR. Defaulted to average carbon intensity for BR in 2021 of 141.77 gCO2/kWh. at detected location: Porto Alegre, Rio Grande do Sul, BR.
CarbonTracker: 
Predicted consumption for 1 epoch(s):
	Time:	0:02:53
	Energy:	0.0051 kWh
	CO2eq:	0.7233 g
	This is equivalent to:
	0.0067 km travelled by car
CarbonTracker: Finished monitoring.
___lbm com 14 Treads_concluida___
___lbm com 16 Treads___
CarbonTracker: The following components were found: GPU with device(s) NVIDIA GeForce RTX 4090. CPU with device(s) cpu:0.
CarbonTracker: WARNING - Failed to retrieve carbon intensity: Defaulting to average carbon intensity 141.77426 gCO2/kWh.
MAIN_printInfo:
	grid size      : 120 x 120 x 150 = 2.16 * 10^6 Cells
	nTimeSteps     : 3000
	result file    : /home/users/acsilveira/hpc-benchmarks/parboil/benchmarks/lbm/run/long/reference.dat
	action         : store
	simulation type: lid-driven cavity
	obstacle file  : /home/users/acsilveira/hpc-benchmarks/parboil/datasets/lbm/long/input/120_120_150_ldc.of

LBM_allocateGrid: allocated 169.2 MByte
LBM_allocateGrid: allocated 169.2 MByte
LBM_showGridStatistics:
	nObstacleCells:  343321 nAccelCells:   26912 nFluidCells: 1789767
	minRho:   1.0000 maxRho:   1.0000 mass: 2.160000e+06
	minU: 0.000000e+00 maxU: 0.000000e+00

timestep: 64
timestep: 128
timestep: 192
timestep: 256
timestep: 320
timestep: 384
timestep: 448
timestep: 512
timestep: 576
timestep: 640
timestep: 704
timestep: 768
timestep: 832
timestep: 896
timestep: 960
timestep: 1024
timestep: 1088
timestep: 1152
timestep: 1216
timestep: 1280
timestep: 1344
timestep: 1408
timestep: 1472
timestep: 1536
timestep: 1600
timestep: 1664
timestep: 1728
timestep: 1792
timestep: 1856
timestep: 1920
timestep: 1984
timestep: 2048
timestep: 2112
timestep: 2176
timestep: 2240
timestep: 2304
timestep: 2368
timestep: 2432
timestep: 2496
timestep: 2560
timestep: 2624
timestep: 2688
timestep: 2752
timestep: 2816
timestep: 2880
timestep: 2944
MAIN_stopClock:
	usr: 2189.42 sys:    0.63 tot: 2190.05 wct:  147.43 MLUPS: 43.95

LBM_showGridStatistics:
	nObstacleCells:  343321 nAccelCells:   26912 nFluidCells: 1789767
	minRho:   0.9171 maxRho:   1.0866 mass: 2.159998e+06
	minU: 6.018727e-07 maxU: 3.296003e-02

Compute   : 148.751992
Timer Wall Time: 148.751999
Pass
Parboil parallel benchmark suite, version 0.2

CarbonTracker: WARNING - Failed to retrieve carbon intensity: Defaulting to average carbon intensity 141.77426 gCO2/kWh.
CarbonTracker: Average carbon intensity during training was 141.77 gCO2/kWh at detected location: Porto Alegre, Rio Grande do Sul, BR.
CarbonTracker: 
Actual consumption for 1 epoch(s):
	Time:	0:02:32
	Energy:	0.0047 kWh
	CO2eq:	0.6646 g
	This is equivalent to:
	0.0062 km travelled by car
CarbonTracker: WARNING - Failed to retrieve carbon intensity: Defaulting to average carbon intensity 141.77426 gCO2/kWh.
CarbonTracker: Live carbon intensity could not be fetched at detected location: Porto Alegre, Rio Grande do Sul, BR. Defaulted to average carbon intensity for BR in 2021 of 141.77 gCO2/kWh. at detected location: Porto Alegre, Rio Grande do Sul, BR.
CarbonTracker: 
Predicted consumption for 1 epoch(s):
	Time:	0:02:32
	Energy:	0.0047 kWh
	CO2eq:	0.6646 g
	This is equivalent to:
	0.0062 km travelled by car
CarbonTracker: Finished monitoring.
___lbm com 16 Treads_concluida___

 Start Clean
rm -f build/omp_base_default/*
if [ -d build/omp_base_default ]; then rmdir build/omp_base_default; fi
rm -f build/opencl_default/*
if [ -d build/opencl_default ]; then rmdir build/opencl_default; fi
rm -f build/opencl_nvidia_default/*
if [ -d build/opencl_nvidia_default ]; then rmdir build/opencl_nvidia_default; fi
rm -f build/cpu_default/*
if [ -d build/cpu_default ]; then rmdir build/cpu_default; fi
rm -rf build/cuda_default/*
if [ -d build/cuda_default ]; then rmdir build/cuda_default; fi
Parboil parallel benchmark suite, version 0.2


 Start Compile
mkdir -p build/omp_base_default
gcc -I/home/users/acsilveira/hpc-benchmarks/parboil/common/include -I/usr/local/cuda/include  -ffast-math -fopenmp -c src/omp_base/main.c -o build/omp_base_default/main.o
g++ -I/home/users/acsilveira/hpc-benchmarks/parboil/common/include -I/usr/local/cuda/include  -ffast-math -fopenmp -c src/omp_base/file.cc -o build/omp_base_default/file.o
gcc -I/home/users/acsilveira/hpc-benchmarks/parboil/common/include -I/usr/local/cuda/include  -ffast-math -fopenmp -c /home/users/acsilveira/hpc-benchmarks/parboil/common/src/parboil.c -o build/omp_base_default/parboil.o
g++ build/omp_base_default/main.o build/omp_base_default/file.o build/omp_base_default/parboil.o -o build/omp_base_default/mri-q  -lm -lpthread -lm -lstdc++ -lgomp
Parboil parallel benchmark suite, version 0.2



___Executando mri-q ___:___mri-q com 2 Treads___
CarbonTracker: The following components were found: GPU with device(s) NVIDIA GeForce RTX 4090. CPU with device(s) cpu:0.
g++ build/omp_base_default/main.o build/omp_base_default/file.o build/omp_base_default/parboil.o -o build/omp_base_default/mri-q  -lm -lpthread -lm -lstdc++ -lgomp
Parboil parallel benchmark suite, version 0.2

Run failed!
CarbonTracker: WARNING - Epoch duration is too short for a measurement to be collected.
CarbonTracker: WARNING - Failed to retrieve carbon intensity: Defaulting to average carbon intensity 141.77426 gCO2/kWh.
CarbonTracker: WARNING - Failed to retrieve carbon intensity: Defaulting to average carbon intensity 141.77426 gCO2/kWh.
CarbonTracker: Average carbon intensity during training was 141.77 gCO2/kWh at detected location: Porto Alegre, Rio Grande do Sul, BR.
CarbonTracker: 
Actual consumption for 1 epoch(s):
	Time:	0:00:00
	Energy:	0.0000 kWh
	CO2eq:	0.0001 g
	This is equivalent to:
	0.0000 km travelled by car
CarbonTracker: WARNING - Failed to retrieve carbon intensity: Defaulting to average carbon intensity 141.77426 gCO2/kWh.
CarbonTracker: Live carbon intensity could not be fetched at detected location: Porto Alegre, Rio Grande do Sul, BR. Defaulted to average carbon intensity for BR in 2021 of 141.77 gCO2/kWh. at detected location: Porto Alegre, Rio Grande do Sul, BR.
CarbonTracker: 
Predicted consumption for 1 epoch(s):
	Time:	0:00:00
	Energy:	0.0000 kWh
	CO2eq:	0.0001 g
	This is equivalent to:
	0.0000 km travelled by car
CarbonTracker: Finished monitoring.
___mri-q com 2 Treads_concluida___
___mri-q com 4 Treads___
CarbonTracker: The following components were found: GPU with device(s) NVIDIA GeForce RTX 4090. CPU with device(s) cpu:0.
g++ build/omp_base_default/main.o build/omp_base_default/file.o build/omp_base_default/parboil.o -o build/omp_base_default/mri-q  -lm -lpthread -lm -lstdc++ -lgomp
Parboil parallel benchmark suite, version 0.2

Run failed!
CarbonTracker: WARNING - Epoch duration is too short for a measurement to be collected.
CarbonTracker: WARNING - Failed to retrieve carbon intensity: Defaulting to average carbon intensity 141.77426 gCO2/kWh.
CarbonTracker: WARNING - Failed to retrieve carbon intensity: Defaulting to average carbon intensity 141.77426 gCO2/kWh.
CarbonTracker: Average carbon intensity during training was 141.77 gCO2/kWh at detected location: Porto Alegre, Rio Grande do Sul, BR.
CarbonTracker: 
Actual consumption for 1 epoch(s):
	Time:	0:00:00
	Energy:	0.0000 kWh
	CO2eq:	0.0001 g
	This is equivalent to:
	0.0000 km travelled by car
CarbonTracker: WARNING - Failed to retrieve carbon intensity: Defaulting to average carbon intensity 141.77426 gCO2/kWh.
CarbonTracker: Live carbon intensity could not be fetched at detected location: Porto Alegre, Rio Grande do Sul, BR. Defaulted to average carbon intensity for BR in 2021 of 141.77 gCO2/kWh. at detected location: Porto Alegre, Rio Grande do Sul, BR.
CarbonTracker: 
Predicted consumption for 1 epoch(s):
	Time:	0:00:00
	Energy:	0.0000 kWh
	CO2eq:	0.0001 g
	This is equivalent to:
	0.0000 km travelled by car
CarbonTracker: Finished monitoring.
___mri-q com 4 Treads_concluida___
___mri-q com 6 Treads___
CarbonTracker: The following components were found: GPU with device(s) NVIDIA GeForce RTX 4090. CPU with device(s) cpu:0.
g++ build/omp_base_default/main.o build/omp_base_default/file.o build/omp_base_default/parboil.o -o build/omp_base_default/mri-q  -lm -lpthread -lm -lstdc++ -lgomp
Parboil parallel benchmark suite, version 0.2

Run failed!
CarbonTracker: WARNING - Epoch duration is too short for a measurement to be collected.
CarbonTracker: WARNING - Failed to retrieve carbon intensity: Defaulting to average carbon intensity 141.77426 gCO2/kWh.
CarbonTracker: WARNING - Failed to retrieve carbon intensity: Defaulting to average carbon intensity 141.77426 gCO2/kWh.
CarbonTracker: Average carbon intensity during training was 141.77 gCO2/kWh at detected location: Porto Alegre, Rio Grande do Sul, BR.
CarbonTracker: 
Actual consumption for 1 epoch(s):
	Time:	0:00:00
	Energy:	0.0000 kWh
	CO2eq:	0.0001 g
	This is equivalent to:
	0.0000 km travelled by car
CarbonTracker: WARNING - Failed to retrieve carbon intensity: Defaulting to average carbon intensity 141.77426 gCO2/kWh.
CarbonTracker: Live carbon intensity could not be fetched at detected location: Porto Alegre, Rio Grande do Sul, BR. Defaulted to average carbon intensity for BR in 2021 of 141.77 gCO2/kWh. at detected location: Porto Alegre, Rio Grande do Sul, BR.
CarbonTracker: 
Predicted consumption for 1 epoch(s):
	Time:	0:00:00
	Energy:	0.0000 kWh
	CO2eq:	0.0001 g
	This is equivalent to:
	0.0000 km travelled by car
CarbonTracker: Finished monitoring.
___mri-q com 6 Treads_concluida___
___mri-q com 8 Treads___
CarbonTracker: The following components were found: GPU with device(s) NVIDIA GeForce RTX 4090. CPU with device(s) cpu:0.
g++ build/omp_base_default/main.o build/omp_base_default/file.o build/omp_base_default/parboil.o -o build/omp_base_default/mri-q  -lm -lpthread -lm -lstdc++ -lgomp
Parboil parallel benchmark suite, version 0.2

Run failed!
CarbonTracker: WARNING - Epoch duration is too short for a measurement to be collected.
CarbonTracker: WARNING - Failed to retrieve carbon intensity: Defaulting to average carbon intensity 141.77426 gCO2/kWh.
CarbonTracker: WARNING - Failed to retrieve carbon intensity: Defaulting to average carbon intensity 141.77426 gCO2/kWh.
CarbonTracker: Average carbon intensity during training was 141.77 gCO2/kWh at detected location: Porto Alegre, Rio Grande do Sul, BR.
CarbonTracker: 
Actual consumption for 1 epoch(s):
	Time:	0:00:00
	Energy:	0.0000 kWh
	CO2eq:	0.0001 g
	This is equivalent to:
	0.0000 km travelled by car
CarbonTracker: WARNING - Failed to retrieve carbon intensity: Defaulting to average carbon intensity 141.77426 gCO2/kWh.
CarbonTracker: Live carbon intensity could not be fetched at detected location: Porto Alegre, Rio Grande do Sul, BR. Defaulted to average carbon intensity for BR in 2021 of 141.77 gCO2/kWh. at detected location: Porto Alegre, Rio Grande do Sul, BR.
CarbonTracker: 
Predicted consumption for 1 epoch(s):
	Time:	0:00:00
	Energy:	0.0000 kWh
	CO2eq:	0.0001 g
	This is equivalent to:
	0.0000 km travelled by car
CarbonTracker: Finished monitoring.
___mri-q com 8 Treads_concluida___
___mri-q com 10 Treads___
CarbonTracker: The following components were found: GPU with device(s) NVIDIA GeForce RTX 4090. CPU with device(s) cpu:0.
g++ build/omp_base_default/main.o build/omp_base_default/file.o build/omp_base_default/parboil.o -o build/omp_base_default/mri-q  -lm -lpthread -lm -lstdc++ -lgomp
Parboil parallel benchmark suite, version 0.2

Run failed!
CarbonTracker: WARNING - Epoch duration is too short for a measurement to be collected.
CarbonTracker: WARNING - Failed to retrieve carbon intensity: Defaulting to average carbon intensity 141.77426 gCO2/kWh.
CarbonTracker: WARNING - Failed to retrieve carbon intensity: Defaulting to average carbon intensity 141.77426 gCO2/kWh.
CarbonTracker: Average carbon intensity during training was 141.77 gCO2/kWh at detected location: Porto Alegre, Rio Grande do Sul, BR.
CarbonTracker: 
Actual consumption for 1 epoch(s):
	Time:	0:00:00
	Energy:	0.0000 kWh
	CO2eq:	0.0001 g
	This is equivalent to:
	0.0000 km travelled by car
CarbonTracker: WARNING - Failed to retrieve carbon intensity: Defaulting to average carbon intensity 141.77426 gCO2/kWh.
CarbonTracker: Live carbon intensity could not be fetched at detected location: Porto Alegre, Rio Grande do Sul, BR. Defaulted to average carbon intensity for BR in 2021 of 141.77 gCO2/kWh. at detected location: Porto Alegre, Rio Grande do Sul, BR.
CarbonTracker: 
Predicted consumption for 1 epoch(s):
	Time:	0:00:00
	Energy:	0.0000 kWh
	CO2eq:	0.0001 g
	This is equivalent to:
	0.0000 km travelled by car
CarbonTracker: Finished monitoring.
___mri-q com 10 Treads_concluida___
___mri-q com 12 Treads___
CarbonTracker: The following components were found: GPU with device(s) NVIDIA GeForce RTX 4090. CPU with device(s) cpu:0.
g++ build/omp_base_default/main.o build/omp_base_default/file.o build/omp_base_default/parboil.o -o build/omp_base_default/mri-q  -lm -lpthread -lm -lstdc++ -lgomp
Parboil parallel benchmark suite, version 0.2

Run failed!
CarbonTracker: WARNING - Epoch duration is too short for a measurement to be collected.
CarbonTracker: WARNING - Failed to retrieve carbon intensity: Defaulting to average carbon intensity 141.77426 gCO2/kWh.
CarbonTracker: WARNING - Failed to retrieve carbon intensity: Defaulting to average carbon intensity 141.77426 gCO2/kWh.
CarbonTracker: Average carbon intensity during training was 141.77 gCO2/kWh at detected location: Porto Alegre, Rio Grande do Sul, BR.
CarbonTracker: 
Actual consumption for 1 epoch(s):
	Time:	0:00:00
	Energy:	0.0000 kWh
	CO2eq:	0.0001 g
	This is equivalent to:
	0.0000 km travelled by car
CarbonTracker: WARNING - Failed to retrieve carbon intensity: Defaulting to average carbon intensity 141.77426 gCO2/kWh.
CarbonTracker: Live carbon intensity could not be fetched at detected location: Porto Alegre, Rio Grande do Sul, BR. Defaulted to average carbon intensity for BR in 2021 of 141.77 gCO2/kWh. at detected location: Porto Alegre, Rio Grande do Sul, BR.
CarbonTracker: 
Predicted consumption for 1 epoch(s):
	Time:	0:00:00
	Energy:	0.0000 kWh
	CO2eq:	0.0001 g
	This is equivalent to:
	0.0000 km travelled by car
CarbonTracker: Finished monitoring.
___mri-q com 12 Treads_concluida___
___mri-q com 14 Treads___
CarbonTracker: The following components were found: GPU with device(s) NVIDIA GeForce RTX 4090. CPU with device(s) cpu:0.
g++ build/omp_base_default/main.o build/omp_base_default/file.o build/omp_base_default/parboil.o -o build/omp_base_default/mri-q  -lm -lpthread -lm -lstdc++ -lgomp
Parboil parallel benchmark suite, version 0.2

Run failed!
CarbonTracker: WARNING - Epoch duration is too short for a measurement to be collected.
CarbonTracker: WARNING - Failed to retrieve carbon intensity: Defaulting to average carbon intensity 141.77426 gCO2/kWh.
CarbonTracker: WARNING - Failed to retrieve carbon intensity: Defaulting to average carbon intensity 141.77426 gCO2/kWh.
CarbonTracker: Average carbon intensity during training was 141.77 gCO2/kWh at detected location: Porto Alegre, Rio Grande do Sul, BR.
CarbonTracker: 
Actual consumption for 1 epoch(s):
	Time:	0:00:00
	Energy:	0.0000 kWh
	CO2eq:	0.0001 g
	This is equivalent to:
	0.0000 km travelled by car
CarbonTracker: WARNING - Failed to retrieve carbon intensity: Defaulting to average carbon intensity 141.77426 gCO2/kWh.
CarbonTracker: Live carbon intensity could not be fetched at detected location: Porto Alegre, Rio Grande do Sul, BR. Defaulted to average carbon intensity for BR in 2021 of 141.77 gCO2/kWh. at detected location: Porto Alegre, Rio Grande do Sul, BR.
CarbonTracker: 
Predicted consumption for 1 epoch(s):
	Time:	0:00:00
	Energy:	0.0000 kWh
	CO2eq:	0.0001 g
	This is equivalent to:
	0.0000 km travelled by car
CarbonTracker: Finished monitoring.
___mri-q com 14 Treads_concluida___
___mri-q com 16 Treads___
CarbonTracker: The following components were found: GPU with device(s) NVIDIA GeForce RTX 4090. CPU with device(s) cpu:0.
g++ build/omp_base_default/main.o build/omp_base_default/file.o build/omp_base_default/parboil.o -o build/omp_base_default/mri-q  -lm -lpthread -lm -lstdc++ -lgomp
Parboil parallel benchmark suite, version 0.2

Run failed!
CarbonTracker: WARNING - Epoch duration is too short for a measurement to be collected.
CarbonTracker: WARNING - Failed to retrieve carbon intensity: Defaulting to average carbon intensity 141.77426 gCO2/kWh.
CarbonTracker: WARNING - Failed to retrieve carbon intensity: Defaulting to average carbon intensity 141.77426 gCO2/kWh.
CarbonTracker: Average carbon intensity during training was 141.77 gCO2/kWh at detected location: Porto Alegre, Rio Grande do Sul, BR.
CarbonTracker: 
Actual consumption for 1 epoch(s):
	Time:	0:00:00
	Energy:	0.0000 kWh
	CO2eq:	0.0001 g
	This is equivalent to:
	0.0000 km travelled by car
CarbonTracker: WARNING - Failed to retrieve carbon intensity: Defaulting to average carbon intensity 141.77426 gCO2/kWh.
CarbonTracker: Live carbon intensity could not be fetched at detected location: Porto Alegre, Rio Grande do Sul, BR. Defaulted to average carbon intensity for BR in 2021 of 141.77 gCO2/kWh. at detected location: Porto Alegre, Rio Grande do Sul, BR.
CarbonTracker: 
Predicted consumption for 1 epoch(s):
	Time:	0:00:00
	Energy:	0.0000 kWh
	CO2eq:	0.0001 g
	This is equivalent to:
	0.0000 km travelled by car
CarbonTracker: Finished monitoring.
___mri-q com 16 Treads_concluida___

 Start Clean
rm -f build/opencl_base_default/*
if [ -d build/opencl_base_default ]; then rmdir build/opencl_base_default; fi
rm -f build/omp_base_default/*
if [ -d build/omp_base_default ]; then rmdir build/omp_base_default; fi
rm -rf build/cuda_base_default/*
if [ -d build/cuda_base_default ]; then rmdir build/cuda_base_default; fi
rm -f build/base_default/*
if [ -d build/base_default ]; then rmdir build/base_default; fi
rm -f build/opencl_nvidia_default/*
if [ -d build/opencl_nvidia_default ]; then rmdir build/opencl_nvidia_default; fi
rm -rf build/cuda_default/*
if [ -d build/cuda_default ]; then rmdir build/cuda_default; fi
Parboil parallel benchmark suite, version 0.2


 Start Compile
mkdir -p build/omp_base_default
gcc -I/home/users/acsilveira/hpc-benchmarks/parboil/common/include -I/usr/local/cuda/include  -fopenmp -c src/omp_base/main.c -o build/omp_base_default/main.o
gcc -I/home/users/acsilveira/hpc-benchmarks/parboil/common/include -I/usr/local/cuda/include  -fopenmp -c src/omp_base/readatom.c -o build/omp_base_default/readatom.o
gcc -I/home/users/acsilveira/hpc-benchmarks/parboil/common/include -I/usr/local/cuda/include  -fopenmp -c src/omp_base/output.c -o build/omp_base_default/output.o
gcc -I/home/users/acsilveira/hpc-benchmarks/parboil/common/include -I/usr/local/cuda/include  -fopenmp -c src/omp_base/excl.c -o build/omp_base_default/excl.o
gcc -I/home/users/acsilveira/hpc-benchmarks/parboil/common/include -I/usr/local/cuda/include  -fopenmp -c src/omp_base/cutcpu.c -o build/omp_base_default/cutcpu.o
gcc -I/home/users/acsilveira/hpc-benchmarks/parboil/common/include -I/usr/local/cuda/include  -fopenmp -c /home/users/acsilveira/hpc-benchmarks/parboil/common/src/parboil.c -o build/omp_base_default/parboil.o
g++ build/omp_base_default/main.o build/omp_base_default/readatom.o build/omp_base_default/output.o build/omp_base_default/excl.o build/omp_base_default/cutcpu.o build/omp_base_default/parboil.o -o build/omp_base_default/cutcp  -lm -lpthread -lm -lgomp
Parboil parallel benchmark suite, version 0.2



___Executando cutcp ___:___cutcp com 2 Treads___
CarbonTracker: The following components were found: GPU with device(s) NVIDIA GeForce RTX 4090. CPU with device(s) cpu:0.
CarbonTracker: WARNING - Failed to retrieve carbon intensity: Defaulting to average carbon intensity 141.77426 gCO2/kWh.
read 96603 atoms from file '/home/users/acsilveira/hpc-benchmarks/parboil/datasets/cutcp/large/input/watbox.sl100.pqr'
extent of domain is:
  minimum -49.998 -49.997 -49.996
  maximum 50 49.99 49.971
padding domain by 0.5 Angstroms
domain lengths are 100.998 by 100.987 by 100.967

IO        : 0.197140
Compute   : 71.441023
Timer Wall Time: 71.638168
Pass
Parboil parallel benchmark suite, version 0.2

CarbonTracker: WARNING - Failed to retrieve carbon intensity: Defaulting to average carbon intensity 141.77426 gCO2/kWh.
CarbonTracker: Average carbon intensity during training was 141.77 gCO2/kWh at detected location: Porto Alegre, Rio Grande do Sul, BR.
CarbonTracker: 
Actual consumption for 1 epoch(s):
	Time:	0:01:12
	Energy:	0.0015 kWh
	CO2eq:	0.2146 g
	This is equivalent to:
	0.0020 km travelled by car
CarbonTracker: WARNING - Failed to retrieve carbon intensity: Defaulting to average carbon intensity 141.77426 gCO2/kWh.
CarbonTracker: Live carbon intensity could not be fetched at detected location: Porto Alegre, Rio Grande do Sul, BR. Defaulted to average carbon intensity for BR in 2021 of 141.77 gCO2/kWh. at detected location: Porto Alegre, Rio Grande do Sul, BR.
CarbonTracker: 
Predicted consumption for 1 epoch(s):
	Time:	0:01:12
	Energy:	0.0015 kWh
	CO2eq:	0.2146 g
	This is equivalent to:
	0.0020 km travelled by car
CarbonTracker: Finished monitoring.
___cutcp com 2 Treads_concluida___
___cutcp com 4 Treads___
CarbonTracker: The following components were found: GPU with device(s) NVIDIA GeForce RTX 4090. CPU with device(s) cpu:0.
CarbonTracker: WARNING - Failed to retrieve carbon intensity: Defaulting to average carbon intensity 141.77426 gCO2/kWh.
read 96603 atoms from file '/home/users/acsilveira/hpc-benchmarks/parboil/datasets/cutcp/large/input/watbox.sl100.pqr'
extent of domain is:
  minimum -49.998 -49.997 -49.996
  maximum 50 49.99 49.971
padding domain by 0.5 Angstroms
domain lengths are 100.998 by 100.987 by 100.967

IO        : 0.193576
Compute   : 37.023993
Timer Wall Time: 37.217571
Pass
Parboil parallel benchmark suite, version 0.2

CarbonTracker: WARNING - Failed to retrieve carbon intensity: Defaulting to average carbon intensity 141.77426 gCO2/kWh.
CarbonTracker: Average carbon intensity during training was 141.77 gCO2/kWh at detected location: Porto Alegre, Rio Grande do Sul, BR.
CarbonTracker: 
Actual consumption for 1 epoch(s):
	Time:	0:00:37
	Energy:	0.0008 kWh
	CO2eq:	0.1174 g
	This is equivalent to:
	0.0011 km travelled by car
CarbonTracker: WARNING - Failed to retrieve carbon intensity: Defaulting to average carbon intensity 141.77426 gCO2/kWh.
CarbonTracker: Live carbon intensity could not be fetched at detected location: Porto Alegre, Rio Grande do Sul, BR. Defaulted to average carbon intensity for BR in 2021 of 141.77 gCO2/kWh. at detected location: Porto Alegre, Rio Grande do Sul, BR.
CarbonTracker: 
Predicted consumption for 1 epoch(s):
	Time:	0:00:37
	Energy:	0.0008 kWh
	CO2eq:	0.1174 g
	This is equivalent to:
	0.0011 km travelled by car
CarbonTracker: Finished monitoring.
___cutcp com 4 Treads_concluida___
___cutcp com 6 Treads___
CarbonTracker: The following components were found: GPU with device(s) NVIDIA GeForce RTX 4090. CPU with device(s) cpu:0.
CarbonTracker: WARNING - Failed to retrieve carbon intensity: Defaulting to average carbon intensity 141.77426 gCO2/kWh.
read 96603 atoms from file '/home/users/acsilveira/hpc-benchmarks/parboil/datasets/cutcp/large/input/watbox.sl100.pqr'
extent of domain is:
  minimum -49.998 -49.997 -49.996
  maximum 50 49.99 49.971
padding domain by 0.5 Angstroms
domain lengths are 100.998 by 100.987 by 100.967

IO        : 0.201876
Compute   : 25.745118
Timer Wall Time: 25.946995
Pass
Parboil parallel benchmark suite, version 0.2

CarbonTracker: WARNING - Failed to retrieve carbon intensity: Defaulting to average carbon intensity 141.77426 gCO2/kWh.
CarbonTracker: Average carbon intensity during training was 141.77 gCO2/kWh at detected location: Porto Alegre, Rio Grande do Sul, BR.
CarbonTracker: 
Actual consumption for 1 epoch(s):
	Time:	0:00:26
	Energy:	0.0006 kWh
	CO2eq:	0.0854 g
	This is equivalent to:
	0.0008 km travelled by car
CarbonTracker: WARNING - Failed to retrieve carbon intensity: Defaulting to average carbon intensity 141.77426 gCO2/kWh.
CarbonTracker: Live carbon intensity could not be fetched at detected location: Porto Alegre, Rio Grande do Sul, BR. Defaulted to average carbon intensity for BR in 2021 of 141.77 gCO2/kWh. at detected location: Porto Alegre, Rio Grande do Sul, BR.
CarbonTracker: 
Predicted consumption for 1 epoch(s):
	Time:	0:00:26
	Energy:	0.0006 kWh
	CO2eq:	0.0854 g
	This is equivalent to:
	0.0008 km travelled by car
CarbonTracker: Finished monitoring.
___cutcp com 6 Treads_concluida___
___cutcp com 8 Treads___
CarbonTracker: The following components were found: GPU with device(s) NVIDIA GeForce RTX 4090. CPU with device(s) cpu:0.
CarbonTracker: WARNING - Failed to retrieve carbon intensity: Defaulting to average carbon intensity 141.77426 gCO2/kWh.
read 96603 atoms from file '/home/users/acsilveira/hpc-benchmarks/parboil/datasets/cutcp/large/input/watbox.sl100.pqr'
extent of domain is:
  minimum -49.998 -49.997 -49.996
  maximum 50 49.99 49.971
padding domain by 0.5 Angstroms
domain lengths are 100.998 by 100.987 by 100.967

IO        : 0.236877
Compute   : 19.404817
Timer Wall Time: 19.641695
Pass
Parboil parallel benchmark suite, version 0.2

CarbonTracker: WARNING - Failed to retrieve carbon intensity: Defaulting to average carbon intensity 141.77426 gCO2/kWh.
CarbonTracker: Average carbon intensity during training was 141.77 gCO2/kWh at detected location: Porto Alegre, Rio Grande do Sul, BR.
CarbonTracker: 
Actual consumption for 1 epoch(s):
	Time:	0:00:20
	Energy:	0.0005 kWh
	CO2eq:	0.0680 g
	This is equivalent to:
	0.0006 km travelled by car
CarbonTracker: WARNING - Failed to retrieve carbon intensity: Defaulting to average carbon intensity 141.77426 gCO2/kWh.
CarbonTracker: Live carbon intensity could not be fetched at detected location: Porto Alegre, Rio Grande do Sul, BR. Defaulted to average carbon intensity for BR in 2021 of 141.77 gCO2/kWh. at detected location: Porto Alegre, Rio Grande do Sul, BR.
CarbonTracker: 
Predicted consumption for 1 epoch(s):
	Time:	0:00:20
	Energy:	0.0005 kWh
	CO2eq:	0.0680 g
	This is equivalent to:
	0.0006 km travelled by car
CarbonTracker: Finished monitoring.
___cutcp com 8 Treads_concluida___
___cutcp com 10 Treads___
CarbonTracker: The following components were found: GPU with device(s) NVIDIA GeForce RTX 4090. CPU with device(s) cpu:0.
CarbonTracker: WARNING - Failed to retrieve carbon intensity: Defaulting to average carbon intensity 141.77426 gCO2/kWh.
read 96603 atoms from file '/home/users/acsilveira/hpc-benchmarks/parboil/datasets/cutcp/large/input/watbox.sl100.pqr'
extent of domain is:
  minimum -49.998 -49.997 -49.996
  maximum 50 49.99 49.971
padding domain by 0.5 Angstroms
domain lengths are 100.998 by 100.987 by 100.967

IO        : 0.194915
Compute   : 15.543660
Timer Wall Time: 15.738577
Pass
Parboil parallel benchmark suite, version 0.2

CarbonTracker: WARNING - Failed to retrieve carbon intensity: Defaulting to average carbon intensity 141.77426 gCO2/kWh.
CarbonTracker: Average carbon intensity during training was 141.77 gCO2/kWh at detected location: Porto Alegre, Rio Grande do Sul, BR.
CarbonTracker: 
Actual consumption for 1 epoch(s):
	Time:	0:00:16
	Energy:	0.0004 kWh
	CO2eq:	0.0566 g
	This is equivalent to:
	0.0005 km travelled by car
CarbonTracker: WARNING - Failed to retrieve carbon intensity: Defaulting to average carbon intensity 141.77426 gCO2/kWh.
CarbonTracker: Live carbon intensity could not be fetched at detected location: Porto Alegre, Rio Grande do Sul, BR. Defaulted to average carbon intensity for BR in 2021 of 141.77 gCO2/kWh. at detected location: Porto Alegre, Rio Grande do Sul, BR.
CarbonTracker: 
Predicted consumption for 1 epoch(s):
	Time:	0:00:16
	Energy:	0.0004 kWh
	CO2eq:	0.0566 g
	This is equivalent to:
	0.0005 km travelled by car
CarbonTracker: Finished monitoring.
___cutcp com 10 Treads_concluida___
___cutcp com 12 Treads___
CarbonTracker: The following components were found: GPU with device(s) NVIDIA GeForce RTX 4090. CPU with device(s) cpu:0.
CarbonTracker: WARNING - Failed to retrieve carbon intensity: Defaulting to average carbon intensity 141.77426 gCO2/kWh.
read 96603 atoms from file '/home/users/acsilveira/hpc-benchmarks/parboil/datasets/cutcp/large/input/watbox.sl100.pqr'
extent of domain is:
  minimum -49.998 -49.997 -49.996
  maximum 50 49.99 49.971
padding domain by 0.5 Angstroms
domain lengths are 100.998 by 100.987 by 100.967

IO        : 0.192177
Compute   : 13.065562
Timer Wall Time: 13.257740
Pass
Parboil parallel benchmark suite, version 0.2

CarbonTracker: WARNING - Failed to retrieve carbon intensity: Defaulting to average carbon intensity 141.77426 gCO2/kWh.
CarbonTracker: Average carbon intensity during training was 141.77 gCO2/kWh at detected location: Porto Alegre, Rio Grande do Sul, BR.
CarbonTracker: 
Actual consumption for 1 epoch(s):
	Time:	0:00:13
	Energy:	0.0003 kWh
	CO2eq:	0.0491 g
	This is equivalent to:
	0.0005 km travelled by car
CarbonTracker: WARNING - Failed to retrieve carbon intensity: Defaulting to average carbon intensity 141.77426 gCO2/kWh.
CarbonTracker: Live carbon intensity could not be fetched at detected location: Porto Alegre, Rio Grande do Sul, BR. Defaulted to average carbon intensity for BR in 2021 of 141.77 gCO2/kWh. at detected location: Porto Alegre, Rio Grande do Sul, BR.
CarbonTracker: 
Predicted consumption for 1 epoch(s):
	Time:	0:00:13
	Energy:	0.0003 kWh
	CO2eq:	0.0491 g
	This is equivalent to:
	0.0005 km travelled by car
CarbonTracker: Finished monitoring.
___cutcp com 12 Treads_concluida___
___cutcp com 14 Treads___
CarbonTracker: The following components were found: GPU with device(s) NVIDIA GeForce RTX 4090. CPU with device(s) cpu:0.
CarbonTracker: WARNING - Failed to retrieve carbon intensity: Defaulting to average carbon intensity 141.77426 gCO2/kWh.
read 96603 atoms from file '/home/users/acsilveira/hpc-benchmarks/parboil/datasets/cutcp/large/input/watbox.sl100.pqr'
extent of domain is:
  minimum -49.998 -49.997 -49.996
  maximum 50 49.99 49.971
padding domain by 0.5 Angstroms
domain lengths are 100.998 by 100.987 by 100.967

IO        : 0.191163
Compute   : 11.107300
Timer Wall Time: 11.298467
Pass
Parboil parallel benchmark suite, version 0.2

CarbonTracker: WARNING - Failed to retrieve carbon intensity: Defaulting to average carbon intensity 141.77426 gCO2/kWh.
CarbonTracker: Average carbon intensity during training was 141.77 gCO2/kWh at detected location: Porto Alegre, Rio Grande do Sul, BR.
CarbonTracker: 
Actual consumption for 1 epoch(s):
	Time:	0:00:11
	Energy:	0.0003 kWh
	CO2eq:	0.0429 g
	This is equivalent to:
	0.0004 km travelled by car
CarbonTracker: WARNING - Failed to retrieve carbon intensity: Defaulting to average carbon intensity 141.77426 gCO2/kWh.
CarbonTracker: Live carbon intensity could not be fetched at detected location: Porto Alegre, Rio Grande do Sul, BR. Defaulted to average carbon intensity for BR in 2021 of 141.77 gCO2/kWh. at detected location: Porto Alegre, Rio Grande do Sul, BR.
CarbonTracker: 
Predicted consumption for 1 epoch(s):
	Time:	0:00:11
	Energy:	0.0003 kWh
	CO2eq:	0.0429 g
	This is equivalent to:
	0.0004 km travelled by car
CarbonTracker: Finished monitoring.
___cutcp com 14 Treads_concluida___
___cutcp com 16 Treads___
CarbonTracker: The following components were found: GPU with device(s) NVIDIA GeForce RTX 4090. CPU with device(s) cpu:0.
CarbonTracker: WARNING - Failed to retrieve carbon intensity: Defaulting to average carbon intensity 141.77426 gCO2/kWh.
read 96603 atoms from file '/home/users/acsilveira/hpc-benchmarks/parboil/datasets/cutcp/large/input/watbox.sl100.pqr'
extent of domain is:
  minimum -49.998 -49.997 -49.996
  maximum 50 49.99 49.971
padding domain by 0.5 Angstroms
domain lengths are 100.998 by 100.987 by 100.967

IO        : 0.192764
Compute   : 9.860792
Timer Wall Time: 10.053557
Pass
Parboil parallel benchmark suite, version 0.2

CarbonTracker: WARNING - Failed to retrieve carbon intensity: Defaulting to average carbon intensity 141.77426 gCO2/kWh.
CarbonTracker: Average carbon intensity during training was 141.77 gCO2/kWh at detected location: Porto Alegre, Rio Grande do Sul, BR.
CarbonTracker: 
Actual consumption for 1 epoch(s):
	Time:	0:00:10
	Energy:	0.0003 kWh
	CO2eq:	0.0392 g
	This is equivalent to:
	0.0004 km travelled by car
CarbonTracker: WARNING - Failed to retrieve carbon intensity: Defaulting to average carbon intensity 141.77426 gCO2/kWh.
CarbonTracker: Live carbon intensity could not be fetched at detected location: Porto Alegre, Rio Grande do Sul, BR. Defaulted to average carbon intensity for BR in 2021 of 141.77 gCO2/kWh. at detected location: Porto Alegre, Rio Grande do Sul, BR.
CarbonTracker: 
Predicted consumption for 1 epoch(s):
	Time:	0:00:10
	Energy:	0.0003 kWh
	CO2eq:	0.0392 g
	This is equivalent to:
	0.0004 km travelled by car
CarbonTracker: Finished monitoring.
___cutcp com 16 Treads_concluida___
Desativa py2
Finalizando -> PARBOIL


Entrando -> RODINIA

compilando hotspot...
___Executando hotspot___:
___hotspot com 2 Treads___
Total time: 140.297 seconds
	Time:	0:02:22
	Energy:	0.0031 kWh
	CO2eq:	0.3061 g
	0.0028 km travelled by car
	Time:	0:02:22
	Energy:	0.0031 kWh
	CO2eq:	0.3061 g
	0.0028 km travelled by car
___hotspot com 2 Treads_concluida___
___hotspot com 4 Treads___
Total time: 83.528 seconds
	Time:	0:01:25
	Energy:	0.0020 kWh
	CO2eq:	0.1942 g
	0.0018 km travelled by car
	Time:	0:01:25
	Energy:	0.0020 kWh
	CO2eq:	0.1942 g
	0.0018 km travelled by car
___hotspot com 4 Treads_concluida___
___hotspot com 6 Treads___
Total time: 51.827 seconds
	Time:	0:00:53
	Energy:	0.0013 kWh
	CO2eq:	0.1290 g
	0.0012 km travelled by car
	Time:	0:00:53
	Energy:	0.0013 kWh
	CO2eq:	0.1290 g
	0.0012 km travelled by car
___hotspot com 6 Treads_concluida___
___hotspot com 8 Treads___
Total time: 46.658 seconds
	Time:	0:00:48
	Energy:	0.0012 kWh
	CO2eq:	0.1215 g
	0.0011 km travelled by car
	Time:	0:00:48
	Energy:	0.0012 kWh
	CO2eq:	0.1215 g
	0.0011 km travelled by car
___hotspot com 8 Treads_concluida___
___hotspot com 10 Treads___
Total time: 31.775 seconds
	Time:	0:00:33
	Energy:	0.0009 kWh
	CO2eq:	0.0887 g
	0.0008 km travelled by car
	Time:	0:00:33
	Energy:	0.0009 kWh
	CO2eq:	0.0887 g
	0.0008 km travelled by car
___hotspot com 10 Treads_concluida___
___hotspot com 12 Treads___
Total time: 27.718 seconds
	Time:	0:00:29
	Energy:	0.0008 kWh
	CO2eq:	0.0803 g
	0.0007 km travelled by car
	Time:	0:00:29
	Energy:	0.0008 kWh
	CO2eq:	0.0803 g
	0.0007 km travelled by car
___hotspot com 12 Treads_concluida___
___hotspot com 14 Treads___
Total time: 23.701 seconds
	Time:	0:00:25
	Energy:	0.0007 kWh
	CO2eq:	0.0718 g
	0.0007 km travelled by car
	Time:	0:00:25
	Energy:	0.0007 kWh
	CO2eq:	0.0718 g
	0.0007 km travelled by car
___hotspot com 14 Treads_concluida___
___hotspot com 16 Treads___
Total time: 25.383 seconds
	Time:	0:00:27
	Energy:	0.0008 kWh
	CO2eq:	0.0778 g
	0.0007 km travelled by car
	Time:	0:00:27
	Energy:	0.0008 kWh
	CO2eq:	0.0778 g
	0.0007 km travelled by car
___hotspot com 16 Treads_concluida___
___Fim de hotspot___:

compilando lud...
___Executando lud___:
___lud com 2 Treads___
Time consumed(ms): 366419.980000
	Time:	0:06:07
	Energy:	0.0080 kWh
	CO2eq:	0.7821 g
	0.0073 km travelled by car
	Time:	0:06:07
	Energy:	0.0080 kWh
	CO2eq:	0.7821 g
	0.0073 km travelled by car
___lud com 2 Treads_concluida___
___lud com 4 Treads___
Time consumed(ms): 185422.347000
	Time:	0:03:06
	Energy:	0.0042 kWh
	CO2eq:	0.4155 g
	0.0039 km travelled by car
	Time:	0:03:06
	Energy:	0.0042 kWh
	CO2eq:	0.4155 g
	0.0039 km travelled by car
___lud com 4 Treads_concluida___
___lud com 6 Treads___
Time consumed(ms): 126252.955000
	Time:	0:02:06
	Energy:	0.0030 kWh
	CO2eq:	0.2970 g
	0.0028 km travelled by car
	Time:	0:02:06
	Energy:	0.0030 kWh
	CO2eq:	0.2970 g
	0.0028 km travelled by car
___lud com 6 Treads_concluida___
___lud com 8 Treads___
Time consumed(ms): 93761.027000
	Time:	0:01:34
	Energy:	0.0024 kWh
	CO2eq:	0.2313 g
	0.0022 km travelled by car
	Time:	0:01:34
	Energy:	0.0024 kWh
	CO2eq:	0.2313 g
	0.0022 km travelled by car
___lud com 8 Treads_concluida___
___lud com 10 Treads___
Time consumed(ms): 76276.587000
	Time:	0:01:17
	Energy:	0.0020 kWh
	CO2eq:	0.1968 g
	0.0018 km travelled by car
	Time:	0:01:17
	Energy:	0.0020 kWh
	CO2eq:	0.1968 g
	0.0018 km travelled by car
___lud com 10 Treads_concluida___
___lud com 12 Treads___
Time consumed(ms): 63156.026000
	Time:	0:01:03
	Energy:	0.0017 kWh
	CO2eq:	0.1701 g
	0.0016 km travelled by car
	Time:	0:01:03
	Energy:	0.0017 kWh
	CO2eq:	0.1701 g
	0.0016 km travelled by car
___lud com 12 Treads_concluida___
___lud com 14 Treads___
Time consumed(ms): 54827.636000
	Time:	0:00:55
	Energy:	0.0016 kWh
	CO2eq:	0.1536 g
	0.0014 km travelled by car
	Time:	0:00:55
	Energy:	0.0016 kWh
	CO2eq:	0.1536 g
	0.0014 km travelled by car
___lud com 14 Treads_concluida___
___lud com 16 Treads___
Time consumed(ms): 48202.968000
	Time:	0:00:48
	Energy:	0.0014 kWh
	CO2eq:	0.1401 g
	0.0013 km travelled by car
	Time:	0:00:48
	Energy:	0.0014 kWh
	CO2eq:	0.1401 g
	0.0013 km travelled by car
___lud com 16 Treads_concluida___
___Fim de lud___:

compilando streamcluster...
___Executando streamcluster___:
___streamcluster com 2 Treads___
time = 429.684532
	Time:	0:07:10
	Energy:	0.0094 kWh
	CO2eq:	0.9225 g
	0.0086 km travelled by car
	Time:	0:07:10
	Energy:	0.0094 kWh
	CO2eq:	0.9225 g
	0.0086 km travelled by car
___streamcluster com 2 Treads_concluida___
___streamcluster com 4 Treads___
time = 226.658818
	Time:	0:03:47
	Energy:	0.0052 kWh
	CO2eq:	0.5162 g
	0.0048 km travelled by car
	Time:	0:03:47
	Energy:	0.0052 kWh
	CO2eq:	0.5162 g
	0.0048 km travelled by car
___streamcluster com 4 Treads_concluida___
___streamcluster com 6 Treads___
time = 158.562736
	Time:	0:02:39
	Energy:	0.0039 kWh
	CO2eq:	0.3797 g
	0.0035 km travelled by car
	Time:	0:02:39
	Energy:	0.0039 kWh
	CO2eq:	0.3797 g
	0.0035 km travelled by car
___streamcluster com 6 Treads_concluida___
___streamcluster com 8 Treads___
time = 124.214591
	Time:	0:02:04
	Energy:	0.0032 kWh
	CO2eq:	0.3111 g
	0.0029 km travelled by car
	Time:	0:02:04
	Energy:	0.0032 kWh
	CO2eq:	0.3111 g
	0.0029 km travelled by car
___streamcluster com 8 Treads_concluida___
___streamcluster com 10 Treads___
time = 103.701009
	Time:	0:01:44
	Energy:	0.0027 kWh
	CO2eq:	0.2697 g
	0.0025 km travelled by car
	Time:	0:01:44
	Energy:	0.0027 kWh
	CO2eq:	0.2697 g
	0.0025 km travelled by car
___streamcluster com 10 Treads_concluida___
___streamcluster com 12 Treads___
time = 90.126614
	Time:	0:01:30
	Energy:	0.0025 kWh
	CO2eq:	0.2428 g
	0.0023 km travelled by car
	Time:	0:01:30
	Energy:	0.0025 kWh
	CO2eq:	0.2428 g
	0.0023 km travelled by car
___streamcluster com 12 Treads_concluida___
___streamcluster com 14 Treads___
time = 80.610990
	Time:	0:01:21
	Energy:	0.0023 kWh
	CO2eq:	0.2227 g
	0.0021 km travelled by car
	Time:	0:01:21
	Energy:	0.0023 kWh
	CO2eq:	0.2227 g
	0.0021 km travelled by car
___streamcluster com 14 Treads_concluida___
___streamcluster com 16 Treads___
time = 75.342059
	Time:	0:01:15
	Energy:	0.0022 kWh
	CO2eq:	0.2133 g
	0.0020 km travelled by car
	Time:	0:01:15
	Energy:	0.0022 kWh
	CO2eq:	0.2133 g
	0.0020 km travelled by car
___streamcluster com 16 Treads_concluida___
___Fim de streamcluster___:

Finalizando -> RODINIA
