Numero de CPUs logicos (threads): 16
Numero de núcleos fisicos: 8
Entrando -> PARBOIL
Inicia py2

 Start Clean
rm -f build/opencl_base_default/*
if [ -d build/opencl_base_default ]; then rmdir build/opencl_base_default; fi
rm -f build/omp_base_default/*
if [ -d build/omp_base_default ]; then rmdir build/omp_base_default; fi
rm -rf build/cuda_base_default/*
if [ -d build/cuda_base_default ]; then rmdir build/cuda_base_default; fi
rm -f build/base_default/*
if [ -d build/base_default ]; then rmdir build/base_default; fi
rm -f build/opencl_nvidia_default/*
if [ -d build/opencl_nvidia_default ]; then rmdir build/opencl_nvidia_default; fi
rm -rf build/cuda_default/*
if [ -d build/cuda_default ]; then rmdir build/cuda_default; fi
Parboil parallel benchmark suite, version 0.2


 Start Compile
mkdir -p build/omp_base_default
g++ -I/home/users/acsilveira/hpc-benchmarks/parboil/common/include -I/usr/local/cuda/include  -ffast-math -fopenmp -c src/omp_base/main.cc -o build/omp_base_default/main.o
gcc -I/home/users/acsilveira/hpc-benchmarks/parboil/common/include -I/usr/local/cuda/include  -ffast-math -fopenmp -c /home/users/acsilveira/hpc-benchmarks/parboil/common/src/parboil.c -o build/omp_base_default/parboil.o
g++ build/omp_base_default/main.o build/omp_base_default/parboil.o -o build/omp_base_default/bfs  -lm -lpthread -lm -lstdc++ -lgomp
Parboil parallel benchmark suite, version 0.2



___Executando bfs ___:___bfs com 2 Treads___
CarbonTracker: The following components were found: GPU with device(s) NVIDIA GeForce RTX 4090. CPU with device(s) cpu:0.
CarbonTracker: WARNING - Failed to retrieve carbon intensity: Defaulting to average carbon intensity 141.77426 gCO2/kWh.
IO        : 2.094148
Compute   : 2.657063
Timer Wall Time: 4.751218
Pass
Parboil parallel benchmark suite, version 0.2

CarbonTracker: WARNING - Failed to retrieve carbon intensity: Defaulting to average carbon intensity 141.77426 gCO2/kWh.
CarbonTracker: Average carbon intensity during training was 141.77 gCO2/kWh at detected location: Porto Alegre, Rio Grande do Sul, BR.
CarbonTracker: 
Actual consumption for 1 epoch(s):
	Time:	0:00:09
	Energy:	0.0002 kWh
	CO2eq:	0.0263 g
	This is equivalent to:
	0.0002 km travelled by car
CarbonTracker: WARNING - Failed to retrieve carbon intensity: Defaulting to average carbon intensity 141.77426 gCO2/kWh.
CarbonTracker: Live carbon intensity could not be fetched at detected location: Porto Alegre, Rio Grande do Sul, BR. Defaulted to average carbon intensity for BR in 2021 of 141.77 gCO2/kWh. at detected location: Porto Alegre, Rio Grande do Sul, BR.
CarbonTracker: 
Predicted consumption for 1 epoch(s):
	Time:	0:00:09
	Energy:	0.0002 kWh
	CO2eq:	0.0263 g
	This is equivalent to:
	0.0002 km travelled by car
CarbonTracker: Finished monitoring.
___bfs com 2 Treads_concluida___
___bfs com 4 Treads___
CarbonTracker: The following components were found: GPU with device(s) NVIDIA GeForce RTX 4090. CPU with device(s) cpu:0.
CarbonTracker: WARNING - Failed to retrieve carbon intensity: Defaulting to average carbon intensity 141.77426 gCO2/kWh.
IO        : 2.108530
Compute   : 3.283562
Timer Wall Time: 5.392098
Pass
Parboil parallel benchmark suite, version 0.2

CarbonTracker: WARNING - Failed to retrieve carbon intensity: Defaulting to average carbon intensity 141.77426 gCO2/kWh.
CarbonTracker: Average carbon intensity during training was 141.77 gCO2/kWh at detected location: Porto Alegre, Rio Grande do Sul, BR.
CarbonTracker: 
Actual consumption for 1 epoch(s):
	Time:	0:00:10
	Energy:	0.0002 kWh
	CO2eq:	0.0284 g
	This is equivalent to:
	0.0003 km travelled by car
CarbonTracker: WARNING - Failed to retrieve carbon intensity: Defaulting to average carbon intensity 141.77426 gCO2/kWh.
CarbonTracker: Live carbon intensity could not be fetched at detected location: Porto Alegre, Rio Grande do Sul, BR. Defaulted to average carbon intensity for BR in 2021 of 141.77 gCO2/kWh. at detected location: Porto Alegre, Rio Grande do Sul, BR.
CarbonTracker: 
Predicted consumption for 1 epoch(s):
	Time:	0:00:10
	Energy:	0.0002 kWh
	CO2eq:	0.0284 g
	This is equivalent to:
	0.0003 km travelled by car
CarbonTracker: Finished monitoring.
___bfs com 4 Treads_concluida___
___bfs com 6 Treads___
CarbonTracker: The following components were found: GPU with device(s) NVIDIA GeForce RTX 4090. CPU with device(s) cpu:0.
CarbonTracker: WARNING - Failed to retrieve carbon intensity: Defaulting to average carbon intensity 141.77426 gCO2/kWh.
IO        : 2.089763
Compute   : 3.659557
Timer Wall Time: 5.749328
Pass
Parboil parallel benchmark suite, version 0.2

CarbonTracker: WARNING - Failed to retrieve carbon intensity: Defaulting to average carbon intensity 141.77426 gCO2/kWh.
CarbonTracker: Average carbon intensity during training was 141.77 gCO2/kWh at detected location: Porto Alegre, Rio Grande do Sul, BR.
CarbonTracker: 
Actual consumption for 1 epoch(s):
	Time:	0:00:10
	Energy:	0.0002 kWh
	CO2eq:	0.0290 g
	This is equivalent to:
	0.0003 km travelled by car
CarbonTracker: WARNING - Failed to retrieve carbon intensity: Defaulting to average carbon intensity 141.77426 gCO2/kWh.
CarbonTracker: Live carbon intensity could not be fetched at detected location: Porto Alegre, Rio Grande do Sul, BR. Defaulted to average carbon intensity for BR in 2021 of 141.77 gCO2/kWh. at detected location: Porto Alegre, Rio Grande do Sul, BR.
CarbonTracker: 
Predicted consumption for 1 epoch(s):
	Time:	0:00:10
	Energy:	0.0002 kWh
	CO2eq:	0.0290 g
	This is equivalent to:
	0.0003 km travelled by car
CarbonTracker: Finished monitoring.
___bfs com 6 Treads_concluida___
___bfs com 8 Treads___
CarbonTracker: The following components were found: GPU with device(s) NVIDIA GeForce RTX 4090. CPU with device(s) cpu:0.
CarbonTracker: WARNING - Failed to retrieve carbon intensity: Defaulting to average carbon intensity 141.77426 gCO2/kWh.
IO        : 2.086175
Compute   : 4.053717
Timer Wall Time: 6.139898
Pass
Parboil parallel benchmark suite, version 0.2

CarbonTracker: WARNING - Failed to retrieve carbon intensity: Defaulting to average carbon intensity 141.77426 gCO2/kWh.
CarbonTracker: Average carbon intensity during training was 141.77 gCO2/kWh at detected location: Porto Alegre, Rio Grande do Sul, BR.
CarbonTracker: 
Actual consumption for 1 epoch(s):
	Time:	0:00:10
	Energy:	0.0002 kWh
	CO2eq:	0.0304 g
	This is equivalent to:
	0.0003 km travelled by car
CarbonTracker: WARNING - Failed to retrieve carbon intensity: Defaulting to average carbon intensity 141.77426 gCO2/kWh.
CarbonTracker: Live carbon intensity could not be fetched at detected location: Porto Alegre, Rio Grande do Sul, BR. Defaulted to average carbon intensity for BR in 2021 of 141.77 gCO2/kWh. at detected location: Porto Alegre, Rio Grande do Sul, BR.
CarbonTracker: 
Predicted consumption for 1 epoch(s):
	Time:	0:00:10
	Energy:	0.0002 kWh
	CO2eq:	0.0304 g
	This is equivalent to:
	0.0003 km travelled by car
CarbonTracker: Finished monitoring.
___bfs com 8 Treads_concluida___
___bfs com 10 Treads___
CarbonTracker: The following components were found: GPU with device(s) NVIDIA GeForce RTX 4090. CPU with device(s) cpu:0.
CarbonTracker: WARNING - Failed to retrieve carbon intensity: Defaulting to average carbon intensity 141.77426 gCO2/kWh.
IO        : 2.091078
Compute   : 4.422073
Timer Wall Time: 6.513158
Pass
Parboil parallel benchmark suite, version 0.2

CarbonTracker: WARNING - Failed to retrieve carbon intensity: Defaulting to average carbon intensity 141.77426 gCO2/kWh.
CarbonTracker: Average carbon intensity during training was 141.77 gCO2/kWh at detected location: Porto Alegre, Rio Grande do Sul, BR.
CarbonTracker: 
Actual consumption for 1 epoch(s):
	Time:	0:00:11
	Energy:	0.0002 kWh
	CO2eq:	0.0313 g
	This is equivalent to:
	0.0003 km travelled by car
CarbonTracker: WARNING - Failed to retrieve carbon intensity: Defaulting to average carbon intensity 141.77426 gCO2/kWh.
CarbonTracker: Live carbon intensity could not be fetched at detected location: Porto Alegre, Rio Grande do Sul, BR. Defaulted to average carbon intensity for BR in 2021 of 141.77 gCO2/kWh. at detected location: Porto Alegre, Rio Grande do Sul, BR.
CarbonTracker: 
Predicted consumption for 1 epoch(s):
	Time:	0:00:11
	Energy:	0.0002 kWh
	CO2eq:	0.0313 g
	This is equivalent to:
	0.0003 km travelled by car
CarbonTracker: Finished monitoring.
___bfs com 10 Treads_concluida___
___bfs com 12 Treads___
CarbonTracker: The following components were found: GPU with device(s) NVIDIA GeForce RTX 4090. CPU with device(s) cpu:0.
CarbonTracker: WARNING - Failed to retrieve carbon intensity: Defaulting to average carbon intensity 141.77426 gCO2/kWh.
IO        : 2.074177
Compute   : 4.810705
Timer Wall Time: 6.884890
Pass
Parboil parallel benchmark suite, version 0.2

CarbonTracker: WARNING - Failed to retrieve carbon intensity: Defaulting to average carbon intensity 141.77426 gCO2/kWh.
CarbonTracker: Average carbon intensity during training was 141.77 gCO2/kWh at detected location: Porto Alegre, Rio Grande do Sul, BR.
CarbonTracker: 
Actual consumption for 1 epoch(s):
	Time:	0:00:11
	Energy:	0.0002 kWh
	CO2eq:	0.0323 g
	This is equivalent to:
	0.0003 km travelled by car
CarbonTracker: WARNING - Failed to retrieve carbon intensity: Defaulting to average carbon intensity 141.77426 gCO2/kWh.
CarbonTracker: Live carbon intensity could not be fetched at detected location: Porto Alegre, Rio Grande do Sul, BR. Defaulted to average carbon intensity for BR in 2021 of 141.77 gCO2/kWh. at detected location: Porto Alegre, Rio Grande do Sul, BR.
CarbonTracker: 
Predicted consumption for 1 epoch(s):
	Time:	0:00:11
	Energy:	0.0002 kWh
	CO2eq:	0.0323 g
	This is equivalent to:
	0.0003 km travelled by car
CarbonTracker: Finished monitoring.
___bfs com 12 Treads_concluida___
___bfs com 14 Treads___
CarbonTracker: The following components were found: GPU with device(s) NVIDIA GeForce RTX 4090. CPU with device(s) cpu:0.
CarbonTracker: WARNING - Failed to retrieve carbon intensity: Defaulting to average carbon intensity 141.77426 gCO2/kWh.
IO        : 2.181049
Compute   : 5.057220
Timer Wall Time: 7.238276
Pass
Parboil parallel benchmark suite, version 0.2

CarbonTracker: WARNING - Failed to retrieve carbon intensity: Defaulting to average carbon intensity 141.77426 gCO2/kWh.
CarbonTracker: Average carbon intensity during training was 141.77 gCO2/kWh at detected location: Porto Alegre, Rio Grande do Sul, BR.
CarbonTracker: 
Actual consumption for 1 epoch(s):
	Time:	0:00:11
	Energy:	0.0002 kWh
	CO2eq:	0.0338 g
	This is equivalent to:
	0.0003 km travelled by car
CarbonTracker: WARNING - Failed to retrieve carbon intensity: Defaulting to average carbon intensity 141.77426 gCO2/kWh.
CarbonTracker: Live carbon intensity could not be fetched at detected location: Porto Alegre, Rio Grande do Sul, BR. Defaulted to average carbon intensity for BR in 2021 of 141.77 gCO2/kWh. at detected location: Porto Alegre, Rio Grande do Sul, BR.
CarbonTracker: 
Predicted consumption for 1 epoch(s):
	Time:	0:00:11
	Energy:	0.0002 kWh
	CO2eq:	0.0338 g
	This is equivalent to:
	0.0003 km travelled by car
CarbonTracker: Finished monitoring.
___bfs com 14 Treads_concluida___
___bfs com 16 Treads___
CarbonTracker: The following components were found: GPU with device(s) NVIDIA GeForce RTX 4090. CPU with device(s) cpu:0.
CarbonTracker: WARNING - Failed to retrieve carbon intensity: Defaulting to average carbon intensity 141.77426 gCO2/kWh.
IO        : 2.088284
Compute   : 5.386753
Timer Wall Time: 7.475043
Pass
Parboil parallel benchmark suite, version 0.2

CarbonTracker: WARNING - Failed to retrieve carbon intensity: Defaulting to average carbon intensity 141.77426 gCO2/kWh.
CarbonTracker: Average carbon intensity during training was 141.77 gCO2/kWh at detected location: Porto Alegre, Rio Grande do Sul, BR.
CarbonTracker: 
Actual consumption for 1 epoch(s):
	Time:	0:00:12
	Energy:	0.0002 kWh
	CO2eq:	0.0342 g
	This is equivalent to:
	0.0003 km travelled by car
CarbonTracker: WARNING - Failed to retrieve carbon intensity: Defaulting to average carbon intensity 141.77426 gCO2/kWh.
CarbonTracker: Live carbon intensity could not be fetched at detected location: Porto Alegre, Rio Grande do Sul, BR. Defaulted to average carbon intensity for BR in 2021 of 141.77 gCO2/kWh. at detected location: Porto Alegre, Rio Grande do Sul, BR.
CarbonTracker: 
Predicted consumption for 1 epoch(s):
	Time:	0:00:12
	Energy:	0.0002 kWh
	CO2eq:	0.0342 g
	This is equivalent to:
	0.0003 km travelled by car
CarbonTracker: Finished monitoring.
___bfs com 16 Treads_concluida___

 Start Clean
rm -f build/threaded_default/*
if [ -d build/threaded_default ]; then rmdir build/threaded_default; fi
rm -f build/opencl_base_default/*
if [ -d build/opencl_base_default ]; then rmdir build/opencl_base_default; fi
rm -f build/omp_base_default/*
if [ -d build/omp_base_default ]; then rmdir build/omp_base_default; fi
rm -rf build/cuda_base_default/*
if [ -d build/cuda_base_default ]; then rmdir build/cuda_base_default; fi
rm -f build/base_default/*
if [ -d build/base_default ]; then rmdir build/base_default; fi
rm -rf build/cuda_default/*
if [ -d build/cuda_default ]; then rmdir build/cuda_default; fi
rm -f build/opencl_nvidia_default/*
if [ -d build/opencl_nvidia_default ]; then rmdir build/opencl_nvidia_default; fi
Parboil parallel benchmark suite, version 0.2


 Start Compile
mkdir -p build/omp_base_default
gcc -I/home/users/acsilveira/hpc-benchmarks/parboil/common/include -I/usr/local/cuda/include  -fopenmp -c src/omp_base/main.c -o build/omp_base_default/main.o
gcc -I/home/users/acsilveira/hpc-benchmarks/parboil/common/include -I/usr/local/cuda/include  -fopenmp -c src/omp_base/util.c -o build/omp_base_default/util.o
gcc -I/home/users/acsilveira/hpc-benchmarks/parboil/common/include -I/usr/local/cuda/include  -fopenmp -c /home/users/acsilveira/hpc-benchmarks/parboil/common/src/parboil.c -o build/omp_base_default/parboil.o
g++ build/omp_base_default/main.o build/omp_base_default/util.o build/omp_base_default/parboil.o -o build/omp_base_default/histo  -lm -lpthread -lgomp
Parboil parallel benchmark suite, version 0.2



___Executando histo ___:___histo com 2 Treads___
CarbonTracker: The following components were found: GPU with device(s) NVIDIA GeForce RTX 4090. CPU with device(s) cpu:0.
CarbonTracker: WARNING - Failed to retrieve carbon intensity: Defaulting to average carbon intensity 141.77426 gCO2/kWh.
Base implementation of histogramming.
Maintained by Nady Obeid <obeid1@ece.uiuc.edu>

IO        : 0.082826
 -Input     : 0.002804
 -Output    : 0.080021
Compute   : 293.885478
Timer Wall Time: 293.968323
Pass
Parboil parallel benchmark suite, version 0.2

CarbonTracker: WARNING - Failed to retrieve carbon intensity: Defaulting to average carbon intensity 141.77426 gCO2/kWh.
CarbonTracker: Average carbon intensity during training was 141.77 gCO2/kWh at detected location: Porto Alegre, Rio Grande do Sul, BR.
CarbonTracker: 
Actual consumption for 1 epoch(s):
	Time:	0:04:54
	Energy:	0.0061 kWh
	CO2eq:	0.8643 g
	This is equivalent to:
	0.0080 km travelled by car
CarbonTracker: WARNING - Failed to retrieve carbon intensity: Defaulting to average carbon intensity 141.77426 gCO2/kWh.
CarbonTracker: Live carbon intensity could not be fetched at detected location: Porto Alegre, Rio Grande do Sul, BR. Defaulted to average carbon intensity for BR in 2021 of 141.77 gCO2/kWh. at detected location: Porto Alegre, Rio Grande do Sul, BR.
CarbonTracker: 
Predicted consumption for 1 epoch(s):
	Time:	0:04:54
	Energy:	0.0061 kWh
	CO2eq:	0.8643 g
	This is equivalent to:
	0.0080 km travelled by car
CarbonTracker: Finished monitoring.
___histo com 2 Treads_concluida___
___histo com 4 Treads___
CarbonTracker: The following components were found: GPU with device(s) NVIDIA GeForce RTX 4090. CPU with device(s) cpu:0.
CarbonTracker: WARNING - Failed to retrieve carbon intensity: Defaulting to average carbon intensity 141.77426 gCO2/kWh.
CarbonTracker: WARNING - Failed to retrieve carbon intensity: Defaulting to average carbon intensity 141.77426 gCO2/kWh.
Base implementation of histogramming.
Maintained by Nady Obeid <obeid1@ece.uiuc.edu>

IO        : 0.089650
 -Input     : 0.002778
 -Output    : 0.086872
Compute   : 1299.821380
Timer Wall Time: 1299.911011
Pass
Parboil parallel benchmark suite, version 0.2

CarbonTracker: WARNING - Failed to retrieve carbon intensity: Defaulting to average carbon intensity 141.77426 gCO2/kWh.
CarbonTracker: Average carbon intensity during training was 141.77 gCO2/kWh at detected location: Porto Alegre, Rio Grande do Sul, BR.
CarbonTracker: 
Actual consumption for 1 epoch(s):
	Time:	0:21:40
	Energy:	0.0273 kWh
	CO2eq:	3.8704 g
	This is equivalent to:
	0.0360 km travelled by car
CarbonTracker: WARNING - Failed to retrieve carbon intensity: Defaulting to average carbon intensity 141.77426 gCO2/kWh.
CarbonTracker: Live carbon intensity could not be fetched at detected location: Porto Alegre, Rio Grande do Sul, BR. Defaulted to average carbon intensity for BR in 2021 of 141.77 gCO2/kWh. at detected location: Porto Alegre, Rio Grande do Sul, BR.
CarbonTracker: 
Predicted consumption for 1 epoch(s):
	Time:	0:21:40
	Energy:	0.0273 kWh
	CO2eq:	3.8704 g
	This is equivalent to:
	0.0360 km travelled by car
CarbonTracker: Finished monitoring.
___histo com 4 Treads_concluida___
___histo com 6 Treads___
CarbonTracker: The following components were found: GPU with device(s) NVIDIA GeForce RTX 4090. CPU with device(s) cpu:0.
CarbonTracker: WARNING - Failed to retrieve carbon intensity: Defaulting to average carbon intensity 141.77426 gCO2/kWh.
CarbonTracker: WARNING - Failed to retrieve carbon intensity: Defaulting to average carbon intensity 141.77426 gCO2/kWh.
Base implementation of histogramming.
Maintained by Nady Obeid <obeid1@ece.uiuc.edu>

IO        : 0.082578
 -Input     : 0.002786
 -Output    : 0.079792
Compute   : 1545.692142
Timer Wall Time: 1545.774780
Pass
Parboil parallel benchmark suite, version 0.2

CarbonTracker: WARNING - Failed to retrieve carbon intensity: Defaulting to average carbon intensity 141.77426 gCO2/kWh.
CarbonTracker: Average carbon intensity during training was 141.77 gCO2/kWh at detected location: Porto Alegre, Rio Grande do Sul, BR.
CarbonTracker: 
Actual consumption for 1 epoch(s):
	Time:	0:25:46
	Energy:	0.0332 kWh
	CO2eq:	4.7018 g
	This is equivalent to:
	0.0437 km travelled by car
CarbonTracker: WARNING - Failed to retrieve carbon intensity: Defaulting to average carbon intensity 141.77426 gCO2/kWh.
CarbonTracker: Live carbon intensity could not be fetched at detected location: Porto Alegre, Rio Grande do Sul, BR. Defaulted to average carbon intensity for BR in 2021 of 141.77 gCO2/kWh. at detected location: Porto Alegre, Rio Grande do Sul, BR.
CarbonTracker: 
Predicted consumption for 1 epoch(s):
	Time:	0:25:46
	Energy:	0.0332 kWh
	CO2eq:	4.7018 g
	This is equivalent to:
	0.0437 km travelled by car
CarbonTracker: Finished monitoring.
___histo com 6 Treads_concluida___
___histo com 8 Treads___
CarbonTracker: The following components were found: GPU with device(s) NVIDIA GeForce RTX 4090. CPU with device(s) cpu:0.
CarbonTracker: WARNING - Failed to retrieve carbon intensity: Defaulting to average carbon intensity 141.77426 gCO2/kWh.
CarbonTracker: WARNING - Failed to retrieve carbon intensity: Defaulting to average carbon intensity 141.77426 gCO2/kWh.
CarbonTracker: WARNING - Failed to retrieve carbon intensity: Defaulting to average carbon intensity 141.77426 gCO2/kWh.
Base implementation of histogramming.
Maintained by Nady Obeid <obeid1@ece.uiuc.edu>

IO        : 0.094945
 -Input     : 0.002961
 -Output    : 0.091984
Compute   : 1898.252739
Timer Wall Time: 1898.347656
Pass
Parboil parallel benchmark suite, version 0.2

CarbonTracker: WARNING - Failed to retrieve carbon intensity: Defaulting to average carbon intensity 141.77426 gCO2/kWh.
CarbonTracker: Average carbon intensity during training was 141.77 gCO2/kWh at detected location: Porto Alegre, Rio Grande do Sul, BR.
CarbonTracker: 
Actual consumption for 1 epoch(s):
	Time:	0:31:39
	Energy:	0.0415 kWh
	CO2eq:	5.8830 g
	This is equivalent to:
	0.0547 km travelled by car
CarbonTracker: WARNING - Failed to retrieve carbon intensity: Defaulting to average carbon intensity 141.77426 gCO2/kWh.
CarbonTracker: Live carbon intensity could not be fetched at detected location: Porto Alegre, Rio Grande do Sul, BR. Defaulted to average carbon intensity for BR in 2021 of 141.77 gCO2/kWh. at detected location: Porto Alegre, Rio Grande do Sul, BR.
CarbonTracker: 
Predicted consumption for 1 epoch(s):
	Time:	0:31:39
	Energy:	0.0415 kWh
	CO2eq:	5.8830 g
	This is equivalent to:
	0.0547 km travelled by car
CarbonTracker: Finished monitoring.
___histo com 8 Treads_concluida___
___histo com 10 Treads___
CarbonTracker: The following components were found: GPU with device(s) NVIDIA GeForce RTX 4090. CPU with device(s) cpu:0.
CarbonTracker: WARNING - Failed to retrieve carbon intensity: Defaulting to average carbon intensity 141.77426 gCO2/kWh.
CarbonTracker: WARNING - Failed to retrieve carbon intensity: Defaulting to average carbon intensity 141.77426 gCO2/kWh.
CarbonTracker: WARNING - Failed to retrieve carbon intensity: Defaulting to average carbon intensity 141.77426 gCO2/kWh.
Base implementation of histogramming.
Maintained by Nady Obeid <obeid1@ece.uiuc.edu>

IO        : 0.100060
 -Input     : 0.002753
 -Output    : 0.097307
Compute   : 2125.811995
Timer Wall Time: 2125.912109
Pass
Parboil parallel benchmark suite, version 0.2

CarbonTracker: WARNING - Failed to retrieve carbon intensity: Defaulting to average carbon intensity 141.77426 gCO2/kWh.
CarbonTracker: Average carbon intensity during training was 141.77 gCO2/kWh at detected location: Porto Alegre, Rio Grande do Sul, BR.
CarbonTracker: 
Actual consumption for 1 epoch(s):
	Time:	0:35:26
	Energy:	0.0475 kWh
	CO2eq:	6.7331 g
	This is equivalent to:
	0.0626 km travelled by car
CarbonTracker: WARNING - Failed to retrieve carbon intensity: Defaulting to average carbon intensity 141.77426 gCO2/kWh.
CarbonTracker: Live carbon intensity could not be fetched at detected location: Porto Alegre, Rio Grande do Sul, BR. Defaulted to average carbon intensity for BR in 2021 of 141.77 gCO2/kWh. at detected location: Porto Alegre, Rio Grande do Sul, BR.
CarbonTracker: 
Predicted consumption for 1 epoch(s):
	Time:	0:35:26
	Energy:	0.0475 kWh
	CO2eq:	6.7331 g
	This is equivalent to:
	0.0626 km travelled by car
CarbonTracker: Finished monitoring.
___histo com 10 Treads_concluida___
___histo com 12 Treads___
CarbonTracker: The following components were found: GPU with device(s) NVIDIA GeForce RTX 4090. CPU with device(s) cpu:0.
CarbonTracker: WARNING - Failed to retrieve carbon intensity: Defaulting to average carbon intensity 141.77426 gCO2/kWh.
CarbonTracker: WARNING - Failed to retrieve carbon intensity: Defaulting to average carbon intensity 141.77426 gCO2/kWh.
CarbonTracker: WARNING - Failed to retrieve carbon intensity: Defaulting to average carbon intensity 141.77426 gCO2/kWh.
Base implementation of histogramming.
Maintained by Nady Obeid <obeid1@ece.uiuc.edu>

IO        : 0.341934
 -Input     : 0.002593
 -Output    : 0.339341
Compute   : 2553.147335
Timer Wall Time: 2553.489258
Pass
Parboil parallel benchmark suite, version 0.2

CarbonTracker: WARNING - Failed to retrieve carbon intensity: Defaulting to average carbon intensity 141.77426 gCO2/kWh.
CarbonTracker: Average carbon intensity during training was 141.77 gCO2/kWh at detected location: Porto Alegre, Rio Grande do Sul, BR.
CarbonTracker: 
Actual consumption for 1 epoch(s):
	Time:	0:42:34
	Energy:	0.0587 kWh
	CO2eq:	8.3220 g
	This is equivalent to:
	0.0774 km travelled by car
CarbonTracker: WARNING - Failed to retrieve carbon intensity: Defaulting to average carbon intensity 141.77426 gCO2/kWh.
CarbonTracker: Live carbon intensity could not be fetched at detected location: Porto Alegre, Rio Grande do Sul, BR. Defaulted to average carbon intensity for BR in 2021 of 141.77 gCO2/kWh. at detected location: Porto Alegre, Rio Grande do Sul, BR.
CarbonTracker: 
Predicted consumption for 1 epoch(s):
	Time:	0:42:34
	Energy:	0.0587 kWh
	CO2eq:	8.3220 g
	This is equivalent to:
	0.0774 km travelled by car
CarbonTracker: Finished monitoring.
___histo com 12 Treads_concluida___
___histo com 14 Treads___
CarbonTracker: The following components were found: GPU with device(s) NVIDIA GeForce RTX 4090. CPU with device(s) cpu:0.
CarbonTracker: WARNING - Failed to retrieve carbon intensity: Defaulting to average carbon intensity 141.77426 gCO2/kWh.
CarbonTracker: WARNING - Failed to retrieve carbon intensity: Defaulting to average carbon intensity 141.77426 gCO2/kWh.
CarbonTracker: WARNING - Failed to retrieve carbon intensity: Defaulting to average carbon intensity 141.77426 gCO2/kWh.
CarbonTracker: WARNING - Failed to retrieve carbon intensity: Defaulting to average carbon intensity 141.77426 gCO2/kWh.
Base implementation of histogramming.
Maintained by Nady Obeid <obeid1@ece.uiuc.edu>

IO        : 0.057269
 -Input     : 0.005665
 -Output    : 0.051604
Compute   : 2795.466185
Timer Wall Time: 2795.523438
Pass
Parboil parallel benchmark suite, version 0.2

CarbonTracker: WARNING - Failed to retrieve carbon intensity: Defaulting to average carbon intensity 141.77426 gCO2/kWh.
CarbonTracker: Average carbon intensity during training was 141.77 gCO2/kWh at detected location: Porto Alegre, Rio Grande do Sul, BR.
CarbonTracker: 
Actual consumption for 1 epoch(s):
	Time:	0:46:36
	Energy:	0.0651 kWh
	CO2eq:	9.2294 g
	This is equivalent to:
	0.0859 km travelled by car
CarbonTracker: WARNING - Failed to retrieve carbon intensity: Defaulting to average carbon intensity 141.77426 gCO2/kWh.
CarbonTracker: Live carbon intensity could not be fetched at detected location: Porto Alegre, Rio Grande do Sul, BR. Defaulted to average carbon intensity for BR in 2021 of 141.77 gCO2/kWh. at detected location: Porto Alegre, Rio Grande do Sul, BR.
CarbonTracker: 
Predicted consumption for 1 epoch(s):
	Time:	0:46:36
	Energy:	0.0651 kWh
	CO2eq:	9.2294 g
	This is equivalent to:
	0.0859 km travelled by car
CarbonTracker: Finished monitoring.
___histo com 14 Treads_concluida___
___histo com 16 Treads___
CarbonTracker: The following components were found: GPU with device(s) NVIDIA GeForce RTX 4090. CPU with device(s) cpu:0.
CarbonTracker: WARNING - Failed to retrieve carbon intensity: Defaulting to average carbon intensity 141.77426 gCO2/kWh.
CarbonTracker: WARNING - Failed to retrieve carbon intensity: Defaulting to average carbon intensity 141.77426 gCO2/kWh.
CarbonTracker: WARNING - Failed to retrieve carbon intensity: Defaulting to average carbon intensity 141.77426 gCO2/kWh.
CarbonTracker: WARNING - Failed to retrieve carbon intensity: Defaulting to average carbon intensity 141.77426 gCO2/kWh.
Base implementation of histogramming.
Maintained by Nady Obeid <obeid1@ece.uiuc.edu>

IO        : 0.174921
 -Input     : 0.002976
 -Output    : 0.171945
Compute   : 3044.300795
Timer Wall Time: 3044.475830
Pass
Parboil parallel benchmark suite, version 0.2

CarbonTracker: WARNING - Failed to retrieve carbon intensity: Defaulting to average carbon intensity 141.77426 gCO2/kWh.
CarbonTracker: Average carbon intensity during training was 141.77 gCO2/kWh at detected location: Porto Alegre, Rio Grande do Sul, BR.
CarbonTracker: 
Actual consumption for 1 epoch(s):
	Time:	0:50:45
	Energy:	0.0720 kWh
	CO2eq:	10.2095 g
	This is equivalent to:
	0.0950 km travelled by car
CarbonTracker: WARNING - Failed to retrieve carbon intensity: Defaulting to average carbon intensity 141.77426 gCO2/kWh.
CarbonTracker: Live carbon intensity could not be fetched at detected location: Porto Alegre, Rio Grande do Sul, BR. Defaulted to average carbon intensity for BR in 2021 of 141.77 gCO2/kWh. at detected location: Porto Alegre, Rio Grande do Sul, BR.
CarbonTracker: 
Predicted consumption for 1 epoch(s):
	Time:	0:50:45
	Energy:	0.0720 kWh
	CO2eq:	10.2095 g
	This is equivalent to:
	0.0950 km travelled by car
CarbonTracker: Finished monitoring.
___histo com 16 Treads_concluida___

 Start Clean
rm -f build/opencl_base_default/*
if [ -d build/opencl_base_default ]; then rmdir build/opencl_base_default; fi
rm -rf build/cuda_base_default/*
if [ -d build/cuda_base_default ]; then rmdir build/cuda_base_default; fi
rm -f build/opencl_nvidia_default/*
if [ -d build/opencl_nvidia_default ]; then rmdir build/opencl_nvidia_default; fi
rm -rf build/cuda_default/*
if [ -d build/cuda_default ]; then rmdir build/cuda_default; fi
rm -f build/omp_cpu_default/*
if [ -d build/omp_cpu_default ]; then rmdir build/omp_cpu_default; fi
rm -f build/cpu_default/*
if [ -d build/cpu_default ]; then rmdir build/cpu_default; fi
Parboil parallel benchmark suite, version 0.2


 Start Compile
mkdir -p build/omp_cpu_default
gcc -I/home/users/acsilveira/hpc-benchmarks/parboil/common/include -I/usr/local/cuda/include  -D_OPENMP -fopenmp -c src/omp_cpu/main.c -o build/omp_cpu_default/main.o
gcc -I/home/users/acsilveira/hpc-benchmarks/parboil/common/include -I/usr/local/cuda/include  -D_OPENMP -fopenmp -c src/omp_cpu/lbm.c -o build/omp_cpu_default/lbm.o
gcc -I/home/users/acsilveira/hpc-benchmarks/parboil/common/include -I/usr/local/cuda/include  -D_OPENMP -fopenmp -c /home/users/acsilveira/hpc-benchmarks/parboil/common/src/parboil.c -o build/omp_cpu_default/parboil.o
g++ build/omp_cpu_default/main.o build/omp_cpu_default/lbm.o build/omp_cpu_default/parboil.o -o build/omp_cpu_default/lbm  -lm -lpthread -lgomp
Parboil parallel benchmark suite, version 0.2



___Executando lbm ___:___lbm com 2 Treads___
CarbonTracker: The following components were found: GPU with device(s) NVIDIA GeForce RTX 4090. CPU with device(s) cpu:0.
CarbonTracker: WARNING - Failed to retrieve carbon intensity: Defaulting to average carbon intensity 141.77426 gCO2/kWh.
CarbonTracker: WARNING - Failed to retrieve carbon intensity: Defaulting to average carbon intensity 141.77426 gCO2/kWh.
MAIN_printInfo:
	grid size      : 120 x 120 x 150 = 2.16 * 10^6 Cells
	nTimeSteps     : 3000
	result file    : /home/users/acsilveira/hpc-benchmarks/parboil/benchmarks/lbm/run/long/reference.dat
	action         : store
	simulation type: lid-driven cavity
	obstacle file  : /home/users/acsilveira/hpc-benchmarks/parboil/datasets/lbm/long/input/120_120_150_ldc.of

LBM_allocateGrid: allocated 169.2 MByte
LBM_allocateGrid: allocated 169.2 MByte
LBM_showGridStatistics:
	nObstacleCells:  343321 nAccelCells:   26912 nFluidCells: 1789767
	minRho:   1.0000 maxRho:   1.0000 mass: 2.160000e+06
	minU: 0.000000e+00 maxU: 0.000000e+00

timestep: 64
timestep: 128
timestep: 192
timestep: 256
timestep: 320
timestep: 384
timestep: 448
timestep: 512
timestep: 576
timestep: 640
timestep: 704
timestep: 768
timestep: 832
timestep: 896
timestep: 960
timestep: 1024
timestep: 1088
timestep: 1152
timestep: 1216
timestep: 1280
timestep: 1344
timestep: 1408
timestep: 1472
timestep: 1536
timestep: 1600
timestep: 1664
timestep: 1728
timestep: 1792
timestep: 1856
timestep: 1920
timestep: 1984
timestep: 2048
timestep: 2112
timestep: 2176
timestep: 2240
timestep: 2304
timestep: 2368
timestep: 2432
timestep: 2496
timestep: 2560
timestep: 2624
timestep: 2688
timestep: 2752
timestep: 2816
timestep: 2880
timestep: 2944
MAIN_stopClock:
	usr: 2029.50 sys:    0.03 tot: 2029.53 wct: 1037.20 MLUPS:  6.25

LBM_showGridStatistics:
	nObstacleCells:  343321 nAccelCells:   26912 nFluidCells: 1789767
	minRho:   0.9171 maxRho:   1.0866 mass: 2.159998e+06
	minU: 6.018727e-07 maxU: 3.296003e-02

Compute   : 1038.897861
Timer Wall Time: 1038.897827
Pass
Parboil parallel benchmark suite, version 0.2

CarbonTracker: WARNING - Failed to retrieve carbon intensity: Defaulting to average carbon intensity 141.77426 gCO2/kWh.
CarbonTracker: Average carbon intensity during training was 141.77 gCO2/kWh at detected location: Porto Alegre, Rio Grande do Sul, BR.
CarbonTracker: 
Actual consumption for 1 epoch(s):
	Time:	0:17:23
	Energy:	0.0225 kWh
	CO2eq:	3.1903 g
	This is equivalent to:
	0.0297 km travelled by car
CarbonTracker: WARNING - Failed to retrieve carbon intensity: Defaulting to average carbon intensity 141.77426 gCO2/kWh.
CarbonTracker: Live carbon intensity could not be fetched at detected location: Porto Alegre, Rio Grande do Sul, BR. Defaulted to average carbon intensity for BR in 2021 of 141.77 gCO2/kWh. at detected location: Porto Alegre, Rio Grande do Sul, BR.
CarbonTracker: 
Predicted consumption for 1 epoch(s):
	Time:	0:17:23
	Energy:	0.0225 kWh
	CO2eq:	3.1903 g
	This is equivalent to:
	0.0297 km travelled by car
CarbonTracker: Finished monitoring.
___lbm com 2 Treads_concluida___
___lbm com 4 Treads___
CarbonTracker: The following components were found: GPU with device(s) NVIDIA GeForce RTX 4090. CPU with device(s) cpu:0.
CarbonTracker: WARNING - Failed to retrieve carbon intensity: Defaulting to average carbon intensity 141.77426 gCO2/kWh.
MAIN_printInfo:
	grid size      : 120 x 120 x 150 = 2.16 * 10^6 Cells
	nTimeSteps     : 3000
	result file    : /home/users/acsilveira/hpc-benchmarks/parboil/benchmarks/lbm/run/long/reference.dat
	action         : store
	simulation type: lid-driven cavity
	obstacle file  : /home/users/acsilveira/hpc-benchmarks/parboil/datasets/lbm/long/input/120_120_150_ldc.of

LBM_allocateGrid: allocated 169.2 MByte
LBM_allocateGrid: allocated 169.2 MByte
LBM_showGridStatistics:
	nObstacleCells:  343321 nAccelCells:   26912 nFluidCells: 1789767
	minRho:   1.0000 maxRho:   1.0000 mass: 2.160000e+06
	minU: 0.000000e+00 maxU: 0.000000e+00

timestep: 64
timestep: 128
timestep: 192
timestep: 256
timestep: 320
timestep: 384
timestep: 448
timestep: 512
timestep: 576
timestep: 640
timestep: 704
timestep: 768
timestep: 832
timestep: 896
timestep: 960
timestep: 1024
timestep: 1088
timestep: 1152
timestep: 1216
timestep: 1280
timestep: 1344
timestep: 1408
timestep: 1472
timestep: 1536
timestep: 1600
timestep: 1664
timestep: 1728
timestep: 1792
timestep: 1856
timestep: 1920
timestep: 1984
timestep: 2048
timestep: 2112
timestep: 2176
timestep: 2240
timestep: 2304
timestep: 2368
timestep: 2432
timestep: 2496
timestep: 2560
timestep: 2624
timestep: 2688
timestep: 2752
timestep: 2816
timestep: 2880
timestep: 2944
MAIN_stopClock:
	usr: 2036.28 sys:    1.02 tot: 2037.30 wct:  548.44 MLUPS: 11.82

LBM_showGridStatistics:
	nObstacleCells:  343321 nAccelCells:   26912 nFluidCells: 1789767
	minRho:   0.9171 maxRho:   1.0866 mass: 2.159998e+06
	minU: 6.018727e-07 maxU: 3.296003e-02

Compute   : 550.156335
Timer Wall Time: 550.156311
Pass
Parboil parallel benchmark suite, version 0.2

CarbonTracker: WARNING - Failed to retrieve carbon intensity: Defaulting to average carbon intensity 141.77426 gCO2/kWh.
CarbonTracker: Average carbon intensity during training was 141.77 gCO2/kWh at detected location: Porto Alegre, Rio Grande do Sul, BR.
CarbonTracker: 
Actual consumption for 1 epoch(s):
	Time:	0:09:14
	Energy:	0.0125 kWh
	CO2eq:	1.7741 g
	This is equivalent to:
	0.0165 km travelled by car
CarbonTracker: WARNING - Failed to retrieve carbon intensity: Defaulting to average carbon intensity 141.77426 gCO2/kWh.
CarbonTracker: Live carbon intensity could not be fetched at detected location: Porto Alegre, Rio Grande do Sul, BR. Defaulted to average carbon intensity for BR in 2021 of 141.77 gCO2/kWh. at detected location: Porto Alegre, Rio Grande do Sul, BR.
CarbonTracker: 
Predicted consumption for 1 epoch(s):
	Time:	0:09:14
	Energy:	0.0125 kWh
	CO2eq:	1.7741 g
	This is equivalent to:
	0.0165 km travelled by car
CarbonTracker: Finished monitoring.
___lbm com 4 Treads_concluida___
___lbm com 6 Treads___
CarbonTracker: The following components were found: GPU with device(s) NVIDIA GeForce RTX 4090. CPU with device(s) cpu:0.
CarbonTracker: WARNING - Failed to retrieve carbon intensity: Defaulting to average carbon intensity 141.77426 gCO2/kWh.
MAIN_printInfo:
	grid size      : 120 x 120 x 150 = 2.16 * 10^6 Cells
	nTimeSteps     : 3000
	result file    : /home/users/acsilveira/hpc-benchmarks/parboil/benchmarks/lbm/run/long/reference.dat
	action         : store
	simulation type: lid-driven cavity
	obstacle file  : /home/users/acsilveira/hpc-benchmarks/parboil/datasets/lbm/long/input/120_120_150_ldc.of

LBM_allocateGrid: allocated 169.2 MByte
LBM_allocateGrid: allocated 169.2 MByte
LBM_showGridStatistics:
	nObstacleCells:  343321 nAccelCells:   26912 nFluidCells: 1789767
	minRho:   1.0000 maxRho:   1.0000 mass: 2.160000e+06
	minU: 0.000000e+00 maxU: 0.000000e+00

timestep: 64
timestep: 128
timestep: 192
timestep: 256
timestep: 320
timestep: 384
timestep: 448
timestep: 512
timestep: 576
timestep: 640
timestep: 704
timestep: 768
timestep: 832
timestep: 896
timestep: 960
timestep: 1024
timestep: 1088
timestep: 1152
timestep: 1216
timestep: 1280
timestep: 1344
timestep: 1408
timestep: 1472
timestep: 1536
timestep: 1600
timestep: 1664
timestep: 1728
timestep: 1792
timestep: 1856
timestep: 1920
timestep: 1984
timestep: 2048
timestep: 2112
timestep: 2176
timestep: 2240
timestep: 2304
timestep: 2368
timestep: 2432
timestep: 2496
timestep: 2560
timestep: 2624
timestep: 2688
timestep: 2752
timestep: 2816
timestep: 2880
timestep: 2944
MAIN_stopClock:
	usr: 2080.68 sys:    1.04 tot: 2081.72 wct:  383.61 MLUPS: 16.89

LBM_showGridStatistics:
	nObstacleCells:  343321 nAccelCells:   26912 nFluidCells: 1789767
	minRho:   0.9171 maxRho:   1.0866 mass: 2.159998e+06
	minU: 6.018727e-07 maxU: 3.296003e-02

Compute   : 385.108492
Timer Wall Time: 385.108490
Pass
Parboil parallel benchmark suite, version 0.2

CarbonTracker: WARNING - Failed to retrieve carbon intensity: Defaulting to average carbon intensity 141.77426 gCO2/kWh.
CarbonTracker: Average carbon intensity during training was 141.77 gCO2/kWh at detected location: Porto Alegre, Rio Grande do Sul, BR.
CarbonTracker: 
Actual consumption for 1 epoch(s):
	Time:	0:06:29
	Energy:	0.0093 kWh
	CO2eq:	1.3164 g
	This is equivalent to:
	0.0122 km travelled by car
CarbonTracker: WARNING - Failed to retrieve carbon intensity: Defaulting to average carbon intensity 141.77426 gCO2/kWh.
CarbonTracker: Live carbon intensity could not be fetched at detected location: Porto Alegre, Rio Grande do Sul, BR. Defaulted to average carbon intensity for BR in 2021 of 141.77 gCO2/kWh. at detected location: Porto Alegre, Rio Grande do Sul, BR.
CarbonTracker: 
Predicted consumption for 1 epoch(s):
	Time:	0:06:29
	Energy:	0.0093 kWh
	CO2eq:	1.3164 g
	This is equivalent to:
	0.0122 km travelled by car
CarbonTracker: Finished monitoring.
___lbm com 6 Treads_concluida___
___lbm com 8 Treads___
CarbonTracker: The following components were found: GPU with device(s) NVIDIA GeForce RTX 4090. CPU with device(s) cpu:0.
CarbonTracker: WARNING - Failed to retrieve carbon intensity: Defaulting to average carbon intensity 141.77426 gCO2/kWh.
MAIN_printInfo:
	grid size      : 120 x 120 x 150 = 2.16 * 10^6 Cells
	nTimeSteps     : 3000
	result file    : /home/users/acsilveira/hpc-benchmarks/parboil/benchmarks/lbm/run/long/reference.dat
	action         : store
	simulation type: lid-driven cavity
	obstacle file  : /home/users/acsilveira/hpc-benchmarks/parboil/datasets/lbm/long/input/120_120_150_ldc.of

LBM_allocateGrid: allocated 169.2 MByte
LBM_allocateGrid: allocated 169.2 MByte
LBM_showGridStatistics:
	nObstacleCells:  343321 nAccelCells:   26912 nFluidCells: 1789767
	minRho:   1.0000 maxRho:   1.0000 mass: 2.160000e+06
	minU: 0.000000e+00 maxU: 0.000000e+00

timestep: 64
timestep: 128
timestep: 192
timestep: 256
timestep: 320
timestep: 384
timestep: 448
timestep: 512
timestep: 576
timestep: 640
timestep: 704
timestep: 768
timestep: 832
timestep: 896
timestep: 960
timestep: 1024
timestep: 1088
timestep: 1152
timestep: 1216
timestep: 1280
timestep: 1344
timestep: 1408
timestep: 1472
timestep: 1536
timestep: 1600
timestep: 1664
timestep: 1728
timestep: 1792
timestep: 1856
timestep: 1920
timestep: 1984
timestep: 2048
timestep: 2112
timestep: 2176
timestep: 2240
timestep: 2304
timestep: 2368
timestep: 2432
timestep: 2496
timestep: 2560
timestep: 2624
timestep: 2688
timestep: 2752
timestep: 2816
timestep: 2880
timestep: 2944
MAIN_stopClock:
	usr: 2112.94 sys:    0.85 tot: 2113.79 wct:  288.57 MLUPS: 22.46

LBM_showGridStatistics:
	nObstacleCells:  343321 nAccelCells:   26912 nFluidCells: 1789767
	minRho:   0.9171 maxRho:   1.0866 mass: 2.159998e+06
	minU: 6.018727e-07 maxU: 3.296003e-02

Compute   : 290.739088
Timer Wall Time: 290.739105
Pass
Parboil parallel benchmark suite, version 0.2

CarbonTracker: WARNING - Failed to retrieve carbon intensity: Defaulting to average carbon intensity 141.77426 gCO2/kWh.
CarbonTracker: Average carbon intensity during training was 141.77 gCO2/kWh at detected location: Porto Alegre, Rio Grande do Sul, BR.
CarbonTracker: 
Actual consumption for 1 epoch(s):
	Time:	0:04:56
	Energy:	0.0075 kWh
	CO2eq:	1.0657 g
	This is equivalent to:
	0.0099 km travelled by car
CarbonTracker: WARNING - Failed to retrieve carbon intensity: Defaulting to average carbon intensity 141.77426 gCO2/kWh.
CarbonTracker: Live carbon intensity could not be fetched at detected location: Porto Alegre, Rio Grande do Sul, BR. Defaulted to average carbon intensity for BR in 2021 of 141.77 gCO2/kWh. at detected location: Porto Alegre, Rio Grande do Sul, BR.
CarbonTracker: 
Predicted consumption for 1 epoch(s):
	Time:	0:04:56
	Energy:	0.0075 kWh
	CO2eq:	1.0657 g
	This is equivalent to:
	0.0099 km travelled by car
CarbonTracker: Finished monitoring.
___lbm com 8 Treads_concluida___
___lbm com 10 Treads___
CarbonTracker: The following components were found: GPU with device(s) NVIDIA GeForce RTX 4090. CPU with device(s) cpu:0.
CarbonTracker: WARNING - Failed to retrieve carbon intensity: Defaulting to average carbon intensity 141.77426 gCO2/kWh.
MAIN_printInfo:
	grid size      : 120 x 120 x 150 = 2.16 * 10^6 Cells
	nTimeSteps     : 3000
	result file    : /home/users/acsilveira/hpc-benchmarks/parboil/benchmarks/lbm/run/long/reference.dat
	action         : store
	simulation type: lid-driven cavity
	obstacle file  : /home/users/acsilveira/hpc-benchmarks/parboil/datasets/lbm/long/input/120_120_150_ldc.of

LBM_allocateGrid: allocated 169.2 MByte
LBM_allocateGrid: allocated 169.2 MByte
LBM_showGridStatistics:
	nObstacleCells:  343321 nAccelCells:   26912 nFluidCells: 1789767
	minRho:   1.0000 maxRho:   1.0000 mass: 2.160000e+06
	minU: 0.000000e+00 maxU: 0.000000e+00

timestep: 64
timestep: 128
timestep: 192
timestep: 256
timestep: 320
timestep: 384
timestep: 448
timestep: 512
timestep: 576
timestep: 640
timestep: 704
timestep: 768
timestep: 832
timestep: 896
timestep: 960
timestep: 1024
timestep: 1088
timestep: 1152
timestep: 1216
timestep: 1280
timestep: 1344
timestep: 1408
timestep: 1472
timestep: 1536
timestep: 1600
timestep: 1664
timestep: 1728
timestep: 1792
timestep: 1856
timestep: 1920
timestep: 1984
timestep: 2048
timestep: 2112
timestep: 2176
timestep: 2240
timestep: 2304
timestep: 2368
timestep: 2432
timestep: 2496
timestep: 2560
timestep: 2624
timestep: 2688
timestep: 2752
timestep: 2816
timestep: 2880
timestep: 2944
MAIN_stopClock:
	usr: 2143.93 sys:    0.79 tot: 2144.72 wct:  231.02 MLUPS: 28.05

LBM_showGridStatistics:
	nObstacleCells:  343321 nAccelCells:   26912 nFluidCells: 1789767
	minRho:   0.9171 maxRho:   1.0866 mass: 2.159998e+06
	minU: 6.018727e-07 maxU: 3.296003e-02

Compute   : 233.043226
Timer Wall Time: 233.043228
Pass
Parboil parallel benchmark suite, version 0.2

CarbonTracker: WARNING - Failed to retrieve carbon intensity: Defaulting to average carbon intensity 141.77426 gCO2/kWh.
CarbonTracker: Average carbon intensity during training was 141.77 gCO2/kWh at detected location: Porto Alegre, Rio Grande do Sul, BR.
CarbonTracker: 
Actual consumption for 1 epoch(s):
	Time:	0:03:57
	Energy:	0.0064 kWh
	CO2eq:	0.9007 g
	This is equivalent to:
	0.0084 km travelled by car
CarbonTracker: WARNING - Failed to retrieve carbon intensity: Defaulting to average carbon intensity 141.77426 gCO2/kWh.
CarbonTracker: Live carbon intensity could not be fetched at detected location: Porto Alegre, Rio Grande do Sul, BR. Defaulted to average carbon intensity for BR in 2021 of 141.77 gCO2/kWh. at detected location: Porto Alegre, Rio Grande do Sul, BR.
CarbonTracker: 
Predicted consumption for 1 epoch(s):
	Time:	0:03:57
	Energy:	0.0064 kWh
	CO2eq:	0.9007 g
	This is equivalent to:
	0.0084 km travelled by car
CarbonTracker: Finished monitoring.
___lbm com 10 Treads_concluida___
___lbm com 12 Treads___
CarbonTracker: The following components were found: GPU with device(s) NVIDIA GeForce RTX 4090. CPU with device(s) cpu:0.
CarbonTracker: WARNING - Failed to retrieve carbon intensity: Defaulting to average carbon intensity 141.77426 gCO2/kWh.
MAIN_printInfo:
	grid size      : 120 x 120 x 150 = 2.16 * 10^6 Cells
	nTimeSteps     : 3000
	result file    : /home/users/acsilveira/hpc-benchmarks/parboil/benchmarks/lbm/run/long/reference.dat
	action         : store
	simulation type: lid-driven cavity
	obstacle file  : /home/users/acsilveira/hpc-benchmarks/parboil/datasets/lbm/long/input/120_120_150_ldc.of

LBM_allocateGrid: allocated 169.2 MByte
LBM_allocateGrid: allocated 169.2 MByte
LBM_showGridStatistics:
	nObstacleCells:  343321 nAccelCells:   26912 nFluidCells: 1789767
	minRho:   1.0000 maxRho:   1.0000 mass: 2.160000e+06
	minU: 0.000000e+00 maxU: 0.000000e+00

timestep: 64
timestep: 128
timestep: 192
timestep: 256
timestep: 320
timestep: 384
timestep: 448
timestep: 512
timestep: 576
timestep: 640
timestep: 704
timestep: 768
timestep: 832
timestep: 896
timestep: 960
timestep: 1024
timestep: 1088
timestep: 1152
timestep: 1216
timestep: 1280
timestep: 1344
timestep: 1408
timestep: 1472
timestep: 1536
timestep: 1600
timestep: 1664
timestep: 1728
timestep: 1792
timestep: 1856
timestep: 1920
timestep: 1984
timestep: 2048
timestep: 2112
timestep: 2176
timestep: 2240
timestep: 2304
timestep: 2368
timestep: 2432
timestep: 2496
timestep: 2560
timestep: 2624
timestep: 2688
timestep: 2752
timestep: 2816
timestep: 2880
timestep: 2944
MAIN_stopClock:
	usr: 2158.81 sys:    0.60 tot: 2159.41 wct:  195.30 MLUPS: 33.18

LBM_showGridStatistics:
	nObstacleCells:  343321 nAccelCells:   26912 nFluidCells: 1789767
	minRho:   0.9171 maxRho:   1.0866 mass: 2.159998e+06
	minU: 6.018727e-07 maxU: 3.296003e-02

Compute   : 196.834736
Timer Wall Time: 196.834732
Pass
Parboil parallel benchmark suite, version 0.2

CarbonTracker: WARNING - Failed to retrieve carbon intensity: Defaulting to average carbon intensity 141.77426 gCO2/kWh.
CarbonTracker: Average carbon intensity during training was 141.77 gCO2/kWh at detected location: Porto Alegre, Rio Grande do Sul, BR.
CarbonTracker: 
Actual consumption for 1 epoch(s):
	Time:	0:03:21
	Energy:	0.0056 kWh
	CO2eq:	0.7918 g
	This is equivalent to:
	0.0074 km travelled by car
CarbonTracker: WARNING - Failed to retrieve carbon intensity: Defaulting to average carbon intensity 141.77426 gCO2/kWh.
CarbonTracker: Live carbon intensity could not be fetched at detected location: Porto Alegre, Rio Grande do Sul, BR. Defaulted to average carbon intensity for BR in 2021 of 141.77 gCO2/kWh. at detected location: Porto Alegre, Rio Grande do Sul, BR.
CarbonTracker: 
Predicted consumption for 1 epoch(s):
	Time:	0:03:21
	Energy:	0.0056 kWh
	CO2eq:	0.7918 g
	This is equivalent to:
	0.0074 km travelled by car
CarbonTracker: Finished monitoring.
___lbm com 12 Treads_concluida___
___lbm com 14 Treads___
CarbonTracker: The following components were found: GPU with device(s) NVIDIA GeForce RTX 4090. CPU with device(s) cpu:0.
CarbonTracker: WARNING - Failed to retrieve carbon intensity: Defaulting to average carbon intensity 141.77426 gCO2/kWh.
MAIN_printInfo:
	grid size      : 120 x 120 x 150 = 2.16 * 10^6 Cells
	nTimeSteps     : 3000
	result file    : /home/users/acsilveira/hpc-benchmarks/parboil/benchmarks/lbm/run/long/reference.dat
	action         : store
	simulation type: lid-driven cavity
	obstacle file  : /home/users/acsilveira/hpc-benchmarks/parboil/datasets/lbm/long/input/120_120_150_ldc.of

LBM_allocateGrid: allocated 169.2 MByte
LBM_allocateGrid: allocated 169.2 MByte
LBM_showGridStatistics:
	nObstacleCells:  343321 nAccelCells:   26912 nFluidCells: 1789767
	minRho:   1.0000 maxRho:   1.0000 mass: 2.160000e+06
	minU: 0.000000e+00 maxU: 0.000000e+00

timestep: 64
timestep: 128
timestep: 192
timestep: 256
timestep: 320
timestep: 384
timestep: 448
timestep: 512
timestep: 576
timestep: 640
timestep: 704
timestep: 768
timestep: 832
timestep: 896
timestep: 960
timestep: 1024
timestep: 1088
timestep: 1152
timestep: 1216
timestep: 1280
timestep: 1344
timestep: 1408
timestep: 1472
timestep: 1536
timestep: 1600
timestep: 1664
timestep: 1728
timestep: 1792
timestep: 1856
timestep: 1920
timestep: 1984
timestep: 2048
timestep: 2112
timestep: 2176
timestep: 2240
timestep: 2304
timestep: 2368
timestep: 2432
timestep: 2496
timestep: 2560
timestep: 2624
timestep: 2688
timestep: 2752
timestep: 2816
timestep: 2880
timestep: 2944
MAIN_stopClock:
	usr: 2172.85 sys:    0.69 tot: 2173.54 wct:  167.99 MLUPS: 38.57

LBM_showGridStatistics:
	nObstacleCells:  343321 nAccelCells:   26912 nFluidCells: 1789767
	minRho:   0.9171 maxRho:   1.0866 mass: 2.159998e+06
	minU: 6.018727e-07 maxU: 3.296003e-02

Compute   : 169.216529
Timer Wall Time: 169.216522
Pass
Parboil parallel benchmark suite, version 0.2

CarbonTracker: WARNING - Failed to retrieve carbon intensity: Defaulting to average carbon intensity 141.77426 gCO2/kWh.
CarbonTracker: Average carbon intensity during training was 141.77 gCO2/kWh at detected location: Porto Alegre, Rio Grande do Sul, BR.
CarbonTracker: 
Actual consumption for 1 epoch(s):
	Time:	0:02:54
	Energy:	0.0050 kWh
	CO2eq:	0.7153 g
	This is equivalent to:
	0.0067 km travelled by car
CarbonTracker: WARNING - Failed to retrieve carbon intensity: Defaulting to average carbon intensity 141.77426 gCO2/kWh.
CarbonTracker: Live carbon intensity could not be fetched at detected location: Porto Alegre, Rio Grande do Sul, BR. Defaulted to average carbon intensity for BR in 2021 of 141.77 gCO2/kWh. at detected location: Porto Alegre, Rio Grande do Sul, BR.
CarbonTracker: 
Predicted consumption for 1 epoch(s):
	Time:	0:02:54
	Energy:	0.0050 kWh
	CO2eq:	0.7153 g
	This is equivalent to:
	0.0067 km travelled by car
CarbonTracker: Finished monitoring.
___lbm com 14 Treads_concluida___
___lbm com 16 Treads___
CarbonTracker: The following components were found: GPU with device(s) NVIDIA GeForce RTX 4090. CPU with device(s) cpu:0.
CarbonTracker: WARNING - Failed to retrieve carbon intensity: Defaulting to average carbon intensity 141.77426 gCO2/kWh.
MAIN_printInfo:
	grid size      : 120 x 120 x 150 = 2.16 * 10^6 Cells
	nTimeSteps     : 3000
	result file    : /home/users/acsilveira/hpc-benchmarks/parboil/benchmarks/lbm/run/long/reference.dat
	action         : store
	simulation type: lid-driven cavity
	obstacle file  : /home/users/acsilveira/hpc-benchmarks/parboil/datasets/lbm/long/input/120_120_150_ldc.of

LBM_allocateGrid: allocated 169.2 MByte
LBM_allocateGrid: allocated 169.2 MByte
LBM_showGridStatistics:
	nObstacleCells:  343321 nAccelCells:   26912 nFluidCells: 1789767
	minRho:   1.0000 maxRho:   1.0000 mass: 2.160000e+06
	minU: 0.000000e+00 maxU: 0.000000e+00

timestep: 64
timestep: 128
timestep: 192
timestep: 256
timestep: 320
timestep: 384
timestep: 448
timestep: 512
timestep: 576
timestep: 640
timestep: 704
timestep: 768
timestep: 832
timestep: 896
timestep: 960
timestep: 1024
timestep: 1088
timestep: 1152
timestep: 1216
timestep: 1280
timestep: 1344
timestep: 1408
timestep: 1472
timestep: 1536
timestep: 1600
timestep: 1664
timestep: 1728
timestep: 1792
timestep: 1856
timestep: 1920
timestep: 1984
timestep: 2048
timestep: 2112
timestep: 2176
timestep: 2240
timestep: 2304
timestep: 2368
timestep: 2432
timestep: 2496
timestep: 2560
timestep: 2624
timestep: 2688
timestep: 2752
timestep: 2816
timestep: 2880
timestep: 2944
MAIN_stopClock:
	usr: 2232.06 sys:    0.68 tot: 2232.74 wct:  150.48 MLUPS: 43.06

LBM_showGridStatistics:
	nObstacleCells:  343321 nAccelCells:   26912 nFluidCells: 1789767
	minRho:   0.9171 maxRho:   1.0866 mass: 2.159998e+06
	minU: 6.018727e-07 maxU: 3.296003e-02

Compute   : 152.170218
Timer Wall Time: 152.170212
Pass
Parboil parallel benchmark suite, version 0.2

CarbonTracker: WARNING - Failed to retrieve carbon intensity: Defaulting to average carbon intensity 141.77426 gCO2/kWh.
CarbonTracker: Average carbon intensity during training was 141.77 gCO2/kWh at detected location: Porto Alegre, Rio Grande do Sul, BR.
CarbonTracker: 
Actual consumption for 1 epoch(s):
	Time:	0:02:36
	Energy:	0.0047 kWh
	CO2eq:	0.6657 g
	This is equivalent to:
	0.0062 km travelled by car
CarbonTracker: WARNING - Failed to retrieve carbon intensity: Defaulting to average carbon intensity 141.77426 gCO2/kWh.
CarbonTracker: Live carbon intensity could not be fetched at detected location: Porto Alegre, Rio Grande do Sul, BR. Defaulted to average carbon intensity for BR in 2021 of 141.77 gCO2/kWh. at detected location: Porto Alegre, Rio Grande do Sul, BR.
CarbonTracker: 
Predicted consumption for 1 epoch(s):
	Time:	0:02:36
	Energy:	0.0047 kWh
	CO2eq:	0.6657 g
	This is equivalent to:
	0.0062 km travelled by car
CarbonTracker: Finished monitoring.
___lbm com 16 Treads_concluida___

 Start Clean
rm -f build/omp_base_default/*
if [ -d build/omp_base_default ]; then rmdir build/omp_base_default; fi
rm -f build/opencl_default/*
if [ -d build/opencl_default ]; then rmdir build/opencl_default; fi
rm -f build/opencl_nvidia_default/*
if [ -d build/opencl_nvidia_default ]; then rmdir build/opencl_nvidia_default; fi
rm -f build/cpu_default/*
if [ -d build/cpu_default ]; then rmdir build/cpu_default; fi
rm -rf build/cuda_default/*
if [ -d build/cuda_default ]; then rmdir build/cuda_default; fi
Parboil parallel benchmark suite, version 0.2


 Start Compile
mkdir -p build/omp_base_default
gcc -I/home/users/acsilveira/hpc-benchmarks/parboil/common/include -I/usr/local/cuda/include  -ffast-math -fopenmp -c src/omp_base/main.c -o build/omp_base_default/main.o
g++ -I/home/users/acsilveira/hpc-benchmarks/parboil/common/include -I/usr/local/cuda/include  -ffast-math -fopenmp -c src/omp_base/file.cc -o build/omp_base_default/file.o
gcc -I/home/users/acsilveira/hpc-benchmarks/parboil/common/include -I/usr/local/cuda/include  -ffast-math -fopenmp -c /home/users/acsilveira/hpc-benchmarks/parboil/common/src/parboil.c -o build/omp_base_default/parboil.o
g++ build/omp_base_default/main.o build/omp_base_default/file.o build/omp_base_default/parboil.o -o build/omp_base_default/mri-q  -lm -lpthread -lm -lstdc++ -lgomp
Parboil parallel benchmark suite, version 0.2



___Executando mri-q ___:___mri-q com 2 Treads___
CarbonTracker: The following components were found: GPU with device(s) NVIDIA GeForce RTX 4090. CPU with device(s) cpu:0.
CarbonTracker: WARNING - Failed to retrieve carbon intensity: Defaulting to average carbon intensity 141.77426 gCO2/kWh.
g++ build/omp_base_default/main.o build/omp_base_default/file.o build/omp_base_default/parboil.o -o build/omp_base_default/mri-q  -lm -lpthread -lm -lstdc++ -lgomp
Parboil parallel benchmark suite, version 0.2

Run failed!
CarbonTracker: WARNING - Epoch duration is too short for a measurement to be collected.
CarbonTracker: WARNING - Failed to retrieve carbon intensity: Defaulting to average carbon intensity 141.77426 gCO2/kWh.
CarbonTracker: Average carbon intensity during training was 141.77 gCO2/kWh at detected location: Porto Alegre, Rio Grande do Sul, BR.
CarbonTracker: 
Actual consumption for 1 epoch(s):
	Time:	0:00:01
	Energy:	0.0000 kWh
	CO2eq:	0.0008 g
	This is equivalent to:
	0.0000 km travelled by car
CarbonTracker: WARNING - Failed to retrieve carbon intensity: Defaulting to average carbon intensity 141.77426 gCO2/kWh.
CarbonTracker: Live carbon intensity could not be fetched at detected location: Porto Alegre, Rio Grande do Sul, BR. Defaulted to average carbon intensity for BR in 2021 of 141.77 gCO2/kWh. at detected location: Porto Alegre, Rio Grande do Sul, BR.
CarbonTracker: 
Predicted consumption for 1 epoch(s):
	Time:	0:00:01
	Energy:	0.0000 kWh
	CO2eq:	0.0008 g
	This is equivalent to:
	0.0000 km travelled by car
CarbonTracker: Finished monitoring.
___mri-q com 2 Treads_concluida___
___mri-q com 4 Treads___
CarbonTracker: The following components were found: GPU with device(s) NVIDIA GeForce RTX 4090. CPU with device(s) cpu:0.
g++ build/omp_base_default/main.o build/omp_base_default/file.o build/omp_base_default/parboil.o -o build/omp_base_default/mri-q  -lm -lpthread -lm -lstdc++ -lgomp
CarbonTracker: WARNING - Failed to retrieve carbon intensity: Defaulting to average carbon intensity 141.77426 gCO2/kWh.
Parboil parallel benchmark suite, version 0.2

Run failed!
CarbonTracker: WARNING - Epoch duration is too short for a measurement to be collected.
CarbonTracker: WARNING - Failed to retrieve carbon intensity: Defaulting to average carbon intensity 141.77426 gCO2/kWh.
CarbonTracker: Average carbon intensity during training was 141.77 gCO2/kWh at detected location: Porto Alegre, Rio Grande do Sul, BR.
CarbonTracker: 
Actual consumption for 1 epoch(s):
	Time:	0:00:00
	Energy:	0.0000 kWh
	CO2eq:	0.0006 g
	This is equivalent to:
	0.0000 km travelled by car
CarbonTracker: WARNING - Failed to retrieve carbon intensity: Defaulting to average carbon intensity 141.77426 gCO2/kWh.
CarbonTracker: Live carbon intensity could not be fetched at detected location: Porto Alegre, Rio Grande do Sul, BR. Defaulted to average carbon intensity for BR in 2021 of 141.77 gCO2/kWh. at detected location: Porto Alegre, Rio Grande do Sul, BR.
CarbonTracker: 
Predicted consumption for 1 epoch(s):
	Time:	0:00:00
	Energy:	0.0000 kWh
	CO2eq:	0.0006 g
	This is equivalent to:
	0.0000 km travelled by car
CarbonTracker: Finished monitoring.
___mri-q com 4 Treads_concluida___
___mri-q com 6 Treads___
CarbonTracker: The following components were found: GPU with device(s) NVIDIA GeForce RTX 4090. CPU with device(s) cpu:0.
g++ build/omp_base_default/main.o build/omp_base_default/file.o build/omp_base_default/parboil.o -o build/omp_base_default/mri-q  -lm -lpthread -lm -lstdc++ -lgomp
CarbonTracker: WARNING - Failed to retrieve carbon intensity: Defaulting to average carbon intensity 141.77426 gCO2/kWh.
Parboil parallel benchmark suite, version 0.2

Run failed!
CarbonTracker: WARNING - Epoch duration is too short for a measurement to be collected.
CarbonTracker: WARNING - Failed to retrieve carbon intensity: Defaulting to average carbon intensity 141.77426 gCO2/kWh.
CarbonTracker: Average carbon intensity during training was 141.77 gCO2/kWh at detected location: Porto Alegre, Rio Grande do Sul, BR.
CarbonTracker: 
Actual consumption for 1 epoch(s):
	Time:	0:00:01
	Energy:	0.0000 kWh
	CO2eq:	0.0008 g
	This is equivalent to:
	0.0000 km travelled by car
CarbonTracker: WARNING - Failed to retrieve carbon intensity: Defaulting to average carbon intensity 141.77426 gCO2/kWh.
CarbonTracker: Live carbon intensity could not be fetched at detected location: Porto Alegre, Rio Grande do Sul, BR. Defaulted to average carbon intensity for BR in 2021 of 141.77 gCO2/kWh. at detected location: Porto Alegre, Rio Grande do Sul, BR.
CarbonTracker: 
Predicted consumption for 1 epoch(s):
	Time:	0:00:01
	Energy:	0.0000 kWh
	CO2eq:	0.0008 g
	This is equivalent to:
	0.0000 km travelled by car
CarbonTracker: Finished monitoring.
___mri-q com 6 Treads_concluida___
___mri-q com 8 Treads___
CarbonTracker: The following components were found: GPU with device(s) NVIDIA GeForce RTX 4090. CPU with device(s) cpu:0.
g++ build/omp_base_default/main.o build/omp_base_default/file.o build/omp_base_default/parboil.o -o build/omp_base_default/mri-q  -lm -lpthread -lm -lstdc++ -lgomp
CarbonTracker: WARNING - Failed to retrieve carbon intensity: Defaulting to average carbon intensity 141.77426 gCO2/kWh.
Parboil parallel benchmark suite, version 0.2

Run failed!
CarbonTracker: WARNING - Epoch duration is too short for a measurement to be collected.
CarbonTracker: WARNING - Failed to retrieve carbon intensity: Defaulting to average carbon intensity 141.77426 gCO2/kWh.
CarbonTracker: Average carbon intensity during training was 141.77 gCO2/kWh at detected location: Porto Alegre, Rio Grande do Sul, BR.
CarbonTracker: 
Actual consumption for 1 epoch(s):
	Time:	0:00:00
	Energy:	0.0000 kWh
	CO2eq:	0.0005 g
	This is equivalent to:
	0.0000 km travelled by car
CarbonTracker: WARNING - Failed to retrieve carbon intensity: Defaulting to average carbon intensity 141.77426 gCO2/kWh.
CarbonTracker: Live carbon intensity could not be fetched at detected location: Porto Alegre, Rio Grande do Sul, BR. Defaulted to average carbon intensity for BR in 2021 of 141.77 gCO2/kWh. at detected location: Porto Alegre, Rio Grande do Sul, BR.
CarbonTracker: 
Predicted consumption for 1 epoch(s):
	Time:	0:00:00
	Energy:	0.0000 kWh
	CO2eq:	0.0005 g
	This is equivalent to:
	0.0000 km travelled by car
CarbonTracker: Finished monitoring.
___mri-q com 8 Treads_concluida___
___mri-q com 10 Treads___
CarbonTracker: The following components were found: GPU with device(s) NVIDIA GeForce RTX 4090. CPU with device(s) cpu:0.
g++ build/omp_base_default/main.o build/omp_base_default/file.o build/omp_base_default/parboil.o -o build/omp_base_default/mri-q  -lm -lpthread -lm -lstdc++ -lgomp
CarbonTracker: WARNING - Failed to retrieve carbon intensity: Defaulting to average carbon intensity 141.77426 gCO2/kWh.
Parboil parallel benchmark suite, version 0.2

Run failed!
CarbonTracker: WARNING - Epoch duration is too short for a measurement to be collected.
CarbonTracker: WARNING - Failed to retrieve carbon intensity: Defaulting to average carbon intensity 141.77426 gCO2/kWh.
CarbonTracker: Average carbon intensity during training was 141.77 gCO2/kWh at detected location: Porto Alegre, Rio Grande do Sul, BR.
CarbonTracker: 
Actual consumption for 1 epoch(s):
	Time:	0:00:00
	Energy:	0.0000 kWh
	CO2eq:	0.0004 g
	This is equivalent to:
	0.0000 km travelled by car
CarbonTracker: WARNING - Failed to retrieve carbon intensity: Defaulting to average carbon intensity 141.77426 gCO2/kWh.
CarbonTracker: Live carbon intensity could not be fetched at detected location: Porto Alegre, Rio Grande do Sul, BR. Defaulted to average carbon intensity for BR in 2021 of 141.77 gCO2/kWh. at detected location: Porto Alegre, Rio Grande do Sul, BR.
CarbonTracker: 
Predicted consumption for 1 epoch(s):
	Time:	0:00:00
	Energy:	0.0000 kWh
	CO2eq:	0.0004 g
	This is equivalent to:
	0.0000 km travelled by car
CarbonTracker: Finished monitoring.
___mri-q com 10 Treads_concluida___
___mri-q com 12 Treads___
CarbonTracker: The following components were found: GPU with device(s) NVIDIA GeForce RTX 4090. CPU with device(s) cpu:0.
g++ build/omp_base_default/main.o build/omp_base_default/file.o build/omp_base_default/parboil.o -o build/omp_base_default/mri-q  -lm -lpthread -lm -lstdc++ -lgomp
Parboil parallel benchmark suite, version 0.2

Run failed!
CarbonTracker: WARNING - Epoch duration is too short for a measurement to be collected.
CarbonTracker: WARNING - Failed to retrieve carbon intensity: Defaulting to average carbon intensity 141.77426 gCO2/kWh.
CarbonTracker: WARNING - Failed to retrieve carbon intensity: Defaulting to average carbon intensity 141.77426 gCO2/kWh.
CarbonTracker: Average carbon intensity during training was 141.77 gCO2/kWh at detected location: Porto Alegre, Rio Grande do Sul, BR.
CarbonTracker: 
Actual consumption for 1 epoch(s):
	Time:	0:00:00
	Energy:	0.0000 kWh
	CO2eq:	0.0002 g
	This is equivalent to:
	0.0000 km travelled by car
CarbonTracker: WARNING - Failed to retrieve carbon intensity: Defaulting to average carbon intensity 141.77426 gCO2/kWh.
CarbonTracker: Live carbon intensity could not be fetched at detected location: Porto Alegre, Rio Grande do Sul, BR. Defaulted to average carbon intensity for BR in 2021 of 141.77 gCO2/kWh. at detected location: Porto Alegre, Rio Grande do Sul, BR.
CarbonTracker: 
Predicted consumption for 1 epoch(s):
	Time:	0:00:00
	Energy:	0.0000 kWh
	CO2eq:	0.0002 g
	This is equivalent to:
	0.0000 km travelled by car
CarbonTracker: Finished monitoring.
___mri-q com 12 Treads_concluida___
___mri-q com 14 Treads___
CarbonTracker: The following components were found: GPU with device(s) NVIDIA GeForce RTX 4090. CPU with device(s) cpu:0.
g++ build/omp_base_default/main.o build/omp_base_default/file.o build/omp_base_default/parboil.o -o build/omp_base_default/mri-q  -lm -lpthread -lm -lstdc++ -lgomp
CarbonTracker: WARNING - Failed to retrieve carbon intensity: Defaulting to average carbon intensity 141.77426 gCO2/kWh.
Parboil parallel benchmark suite, version 0.2

Run failed!
CarbonTracker: WARNING - Epoch duration is too short for a measurement to be collected.
CarbonTracker: WARNING - Failed to retrieve carbon intensity: Defaulting to average carbon intensity 141.77426 gCO2/kWh.
CarbonTracker: Average carbon intensity during training was 141.77 gCO2/kWh at detected location: Porto Alegre, Rio Grande do Sul, BR.
CarbonTracker: 
Actual consumption for 1 epoch(s):
	Time:	0:00:00
	Energy:	0.0000 kWh
	CO2eq:	0.0003 g
	This is equivalent to:
	0.0000 km travelled by car
CarbonTracker: WARNING - Failed to retrieve carbon intensity: Defaulting to average carbon intensity 141.77426 gCO2/kWh.
CarbonTracker: Live carbon intensity could not be fetched at detected location: Porto Alegre, Rio Grande do Sul, BR. Defaulted to average carbon intensity for BR in 2021 of 141.77 gCO2/kWh. at detected location: Porto Alegre, Rio Grande do Sul, BR.
CarbonTracker: 
Predicted consumption for 1 epoch(s):
	Time:	0:00:00
	Energy:	0.0000 kWh
	CO2eq:	0.0003 g
	This is equivalent to:
	0.0000 km travelled by car
CarbonTracker: Finished monitoring.
___mri-q com 14 Treads_concluida___
___mri-q com 16 Treads___
CarbonTracker: The following components were found: GPU with device(s) NVIDIA GeForce RTX 4090. CPU with device(s) cpu:0.
g++ build/omp_base_default/main.o build/omp_base_default/file.o build/omp_base_default/parboil.o -o build/omp_base_default/mri-q  -lm -lpthread -lm -lstdc++ -lgomp
CarbonTracker: WARNING - Failed to retrieve carbon intensity: Defaulting to average carbon intensity 141.77426 gCO2/kWh.
Parboil parallel benchmark suite, version 0.2

Run failed!
CarbonTracker: WARNING - Epoch duration is too short for a measurement to be collected.
CarbonTracker: WARNING - Failed to retrieve carbon intensity: Defaulting to average carbon intensity 141.77426 gCO2/kWh.
CarbonTracker: Average carbon intensity during training was 141.77 gCO2/kWh at detected location: Porto Alegre, Rio Grande do Sul, BR.
CarbonTracker: 
Actual consumption for 1 epoch(s):
	Time:	0:00:00
	Energy:	0.0000 kWh
	CO2eq:	0.0003 g
	This is equivalent to:
	0.0000 km travelled by car
CarbonTracker: WARNING - Failed to retrieve carbon intensity: Defaulting to average carbon intensity 141.77426 gCO2/kWh.
CarbonTracker: Live carbon intensity could not be fetched at detected location: Porto Alegre, Rio Grande do Sul, BR. Defaulted to average carbon intensity for BR in 2021 of 141.77 gCO2/kWh. at detected location: Porto Alegre, Rio Grande do Sul, BR.
CarbonTracker: 
Predicted consumption for 1 epoch(s):
	Time:	0:00:00
	Energy:	0.0000 kWh
	CO2eq:	0.0003 g
	This is equivalent to:
	0.0000 km travelled by car
CarbonTracker: Finished monitoring.
___mri-q com 16 Treads_concluida___

 Start Clean
rm -f build/opencl_base_default/*
if [ -d build/opencl_base_default ]; then rmdir build/opencl_base_default; fi
rm -f build/omp_base_default/*
if [ -d build/omp_base_default ]; then rmdir build/omp_base_default; fi
rm -rf build/cuda_base_default/*
if [ -d build/cuda_base_default ]; then rmdir build/cuda_base_default; fi
rm -f build/base_default/*
if [ -d build/base_default ]; then rmdir build/base_default; fi
rm -f build/opencl_nvidia_default/*
if [ -d build/opencl_nvidia_default ]; then rmdir build/opencl_nvidia_default; fi
rm -rf build/cuda_default/*
if [ -d build/cuda_default ]; then rmdir build/cuda_default; fi
Parboil parallel benchmark suite, version 0.2


 Start Compile
mkdir -p build/omp_base_default
gcc -I/home/users/acsilveira/hpc-benchmarks/parboil/common/include -I/usr/local/cuda/include  -fopenmp -c src/omp_base/main.c -o build/omp_base_default/main.o
gcc -I/home/users/acsilveira/hpc-benchmarks/parboil/common/include -I/usr/local/cuda/include  -fopenmp -c src/omp_base/readatom.c -o build/omp_base_default/readatom.o
gcc -I/home/users/acsilveira/hpc-benchmarks/parboil/common/include -I/usr/local/cuda/include  -fopenmp -c src/omp_base/output.c -o build/omp_base_default/output.o
gcc -I/home/users/acsilveira/hpc-benchmarks/parboil/common/include -I/usr/local/cuda/include  -fopenmp -c src/omp_base/excl.c -o build/omp_base_default/excl.o
gcc -I/home/users/acsilveira/hpc-benchmarks/parboil/common/include -I/usr/local/cuda/include  -fopenmp -c src/omp_base/cutcpu.c -o build/omp_base_default/cutcpu.o
gcc -I/home/users/acsilveira/hpc-benchmarks/parboil/common/include -I/usr/local/cuda/include  -fopenmp -c /home/users/acsilveira/hpc-benchmarks/parboil/common/src/parboil.c -o build/omp_base_default/parboil.o
g++ build/omp_base_default/main.o build/omp_base_default/readatom.o build/omp_base_default/output.o build/omp_base_default/excl.o build/omp_base_default/cutcpu.o build/omp_base_default/parboil.o -o build/omp_base_default/cutcp  -lm -lpthread -lm -lgomp
Parboil parallel benchmark suite, version 0.2



___Executando cutcp ___:___cutcp com 2 Treads___
CarbonTracker: The following components were found: GPU with device(s) NVIDIA GeForce RTX 4090. CPU with device(s) cpu:0.
CarbonTracker: WARNING - Failed to retrieve carbon intensity: Defaulting to average carbon intensity 141.77426 gCO2/kWh.
read 96603 atoms from file '/home/users/acsilveira/hpc-benchmarks/parboil/datasets/cutcp/large/input/watbox.sl100.pqr'
extent of domain is:
  minimum -49.998 -49.997 -49.996
  maximum 50 49.99 49.971
padding domain by 0.5 Angstroms
domain lengths are 100.998 by 100.987 by 100.967

IO        : 0.260924
Compute   : 71.600282
Timer Wall Time: 71.861206
Pass
Parboil parallel benchmark suite, version 0.2

CarbonTracker: WARNING - Failed to retrieve carbon intensity: Defaulting to average carbon intensity 141.77426 gCO2/kWh.
CarbonTracker: Average carbon intensity during training was 141.77 gCO2/kWh at detected location: Porto Alegre, Rio Grande do Sul, BR.
CarbonTracker: 
Actual consumption for 1 epoch(s):
	Time:	0:01:12
	Energy:	0.0015 kWh
	CO2eq:	0.2143 g
	This is equivalent to:
	0.0020 km travelled by car
CarbonTracker: WARNING - Failed to retrieve carbon intensity: Defaulting to average carbon intensity 141.77426 gCO2/kWh.
CarbonTracker: Live carbon intensity could not be fetched at detected location: Porto Alegre, Rio Grande do Sul, BR. Defaulted to average carbon intensity for BR in 2021 of 141.77 gCO2/kWh. at detected location: Porto Alegre, Rio Grande do Sul, BR.
CarbonTracker: 
Predicted consumption for 1 epoch(s):
	Time:	0:01:12
	Energy:	0.0015 kWh
	CO2eq:	0.2143 g
	This is equivalent to:
	0.0020 km travelled by car
CarbonTracker: Finished monitoring.
___cutcp com 2 Treads_concluida___
___cutcp com 4 Treads___
CarbonTracker: The following components were found: GPU with device(s) NVIDIA GeForce RTX 4090. CPU with device(s) cpu:0.
CarbonTracker: WARNING - Failed to retrieve carbon intensity: Defaulting to average carbon intensity 141.77426 gCO2/kWh.
read 96603 atoms from file '/home/users/acsilveira/hpc-benchmarks/parboil/datasets/cutcp/large/input/watbox.sl100.pqr'
extent of domain is:
  minimum -49.998 -49.997 -49.996
  maximum 50 49.99 49.971
padding domain by 0.5 Angstroms
domain lengths are 100.998 by 100.987 by 100.967

IO        : 0.237322
Compute   : 37.014186
Timer Wall Time: 37.251511
Pass
Parboil parallel benchmark suite, version 0.2

CarbonTracker: WARNING - Failed to retrieve carbon intensity: Defaulting to average carbon intensity 141.77426 gCO2/kWh.
CarbonTracker: Average carbon intensity during training was 141.77 gCO2/kWh at detected location: Porto Alegre, Rio Grande do Sul, BR.
CarbonTracker: 
Actual consumption for 1 epoch(s):
	Time:	0:00:38
	Energy:	0.0008 kWh
	CO2eq:	0.1130 g
	This is equivalent to:
	0.0011 km travelled by car
CarbonTracker: WARNING - Failed to retrieve carbon intensity: Defaulting to average carbon intensity 141.77426 gCO2/kWh.
CarbonTracker: Live carbon intensity could not be fetched at detected location: Porto Alegre, Rio Grande do Sul, BR. Defaulted to average carbon intensity for BR in 2021 of 141.77 gCO2/kWh. at detected location: Porto Alegre, Rio Grande do Sul, BR.
CarbonTracker: 
Predicted consumption for 1 epoch(s):
	Time:	0:00:38
	Energy:	0.0008 kWh
	CO2eq:	0.1130 g
	This is equivalent to:
	0.0011 km travelled by car
CarbonTracker: Finished monitoring.
___cutcp com 4 Treads_concluida___
___cutcp com 6 Treads___
CarbonTracker: The following components were found: GPU with device(s) NVIDIA GeForce RTX 4090. CPU with device(s) cpu:0.
CarbonTracker: WARNING - Failed to retrieve carbon intensity: Defaulting to average carbon intensity 141.77426 gCO2/kWh.
read 96603 atoms from file '/home/users/acsilveira/hpc-benchmarks/parboil/datasets/cutcp/large/input/watbox.sl100.pqr'
extent of domain is:
  minimum -49.998 -49.997 -49.996
  maximum 50 49.99 49.971
padding domain by 0.5 Angstroms
domain lengths are 100.998 by 100.987 by 100.967

IO        : 0.296600
Compute   : 25.701628
Timer Wall Time: 25.998228
Pass
Parboil parallel benchmark suite, version 0.2

CarbonTracker: WARNING - Failed to retrieve carbon intensity: Defaulting to average carbon intensity 141.77426 gCO2/kWh.
CarbonTracker: Average carbon intensity during training was 141.77 gCO2/kWh at detected location: Porto Alegre, Rio Grande do Sul, BR.
CarbonTracker: 
Actual consumption for 1 epoch(s):
	Time:	0:00:26
	Energy:	0.0006 kWh
	CO2eq:	0.0852 g
	This is equivalent to:
	0.0008 km travelled by car
CarbonTracker: WARNING - Failed to retrieve carbon intensity: Defaulting to average carbon intensity 141.77426 gCO2/kWh.
CarbonTracker: Live carbon intensity could not be fetched at detected location: Porto Alegre, Rio Grande do Sul, BR. Defaulted to average carbon intensity for BR in 2021 of 141.77 gCO2/kWh. at detected location: Porto Alegre, Rio Grande do Sul, BR.
CarbonTracker: 
Predicted consumption for 1 epoch(s):
	Time:	0:00:26
	Energy:	0.0006 kWh
	CO2eq:	0.0852 g
	This is equivalent to:
	0.0008 km travelled by car
CarbonTracker: Finished monitoring.
___cutcp com 6 Treads_concluida___
___cutcp com 8 Treads___
CarbonTracker: The following components were found: GPU with device(s) NVIDIA GeForce RTX 4090. CPU with device(s) cpu:0.
CarbonTracker: WARNING - Failed to retrieve carbon intensity: Defaulting to average carbon intensity 141.77426 gCO2/kWh.
read 96603 atoms from file '/home/users/acsilveira/hpc-benchmarks/parboil/datasets/cutcp/large/input/watbox.sl100.pqr'
extent of domain is:
  minimum -49.998 -49.997 -49.996
  maximum 50 49.99 49.971
padding domain by 0.5 Angstroms
domain lengths are 100.998 by 100.987 by 100.967

IO        : 0.268707
Compute   : 19.407338
Timer Wall Time: 19.676046
Pass
Parboil parallel benchmark suite, version 0.2

CarbonTracker: WARNING - Failed to retrieve carbon intensity: Defaulting to average carbon intensity 141.77426 gCO2/kWh.
CarbonTracker: Average carbon intensity during training was 141.77 gCO2/kWh at detected location: Porto Alegre, Rio Grande do Sul, BR.
CarbonTracker: 
Actual consumption for 1 epoch(s):
	Time:	0:00:20
	Energy:	0.0005 kWh
	CO2eq:	0.0669 g
	This is equivalent to:
	0.0006 km travelled by car
CarbonTracker: WARNING - Failed to retrieve carbon intensity: Defaulting to average carbon intensity 141.77426 gCO2/kWh.
CarbonTracker: Live carbon intensity could not be fetched at detected location: Porto Alegre, Rio Grande do Sul, BR. Defaulted to average carbon intensity for BR in 2021 of 141.77 gCO2/kWh. at detected location: Porto Alegre, Rio Grande do Sul, BR.
CarbonTracker: 
Predicted consumption for 1 epoch(s):
	Time:	0:00:20
	Energy:	0.0005 kWh
	CO2eq:	0.0669 g
	This is equivalent to:
	0.0006 km travelled by car
CarbonTracker: Finished monitoring.
___cutcp com 8 Treads_concluida___
___cutcp com 10 Treads___
CarbonTracker: The following components were found: GPU with device(s) NVIDIA GeForce RTX 4090. CPU with device(s) cpu:0.
CarbonTracker: WARNING - Failed to retrieve carbon intensity: Defaulting to average carbon intensity 141.77426 gCO2/kWh.
read 96603 atoms from file '/home/users/acsilveira/hpc-benchmarks/parboil/datasets/cutcp/large/input/watbox.sl100.pqr'
extent of domain is:
  minimum -49.998 -49.997 -49.996
  maximum 50 49.99 49.971
padding domain by 0.5 Angstroms
domain lengths are 100.998 by 100.987 by 100.967

IO        : 0.221240
Compute   : 15.536046
Timer Wall Time: 15.757288
Pass
Parboil parallel benchmark suite, version 0.2

CarbonTracker: WARNING - Failed to retrieve carbon intensity: Defaulting to average carbon intensity 141.77426 gCO2/kWh.
CarbonTracker: Average carbon intensity during training was 141.77 gCO2/kWh at detected location: Porto Alegre, Rio Grande do Sul, BR.
CarbonTracker: 
Actual consumption for 1 epoch(s):
	Time:	0:00:16
	Energy:	0.0004 kWh
	CO2eq:	0.0561 g
	This is equivalent to:
	0.0005 km travelled by car
CarbonTracker: WARNING - Failed to retrieve carbon intensity: Defaulting to average carbon intensity 141.77426 gCO2/kWh.
CarbonTracker: Live carbon intensity could not be fetched at detected location: Porto Alegre, Rio Grande do Sul, BR. Defaulted to average carbon intensity for BR in 2021 of 141.77 gCO2/kWh. at detected location: Porto Alegre, Rio Grande do Sul, BR.
CarbonTracker: 
Predicted consumption for 1 epoch(s):
	Time:	0:00:16
	Energy:	0.0004 kWh
	CO2eq:	0.0561 g
	This is equivalent to:
	0.0005 km travelled by car
CarbonTracker: Finished monitoring.
___cutcp com 10 Treads_concluida___
___cutcp com 12 Treads___
CarbonTracker: The following components were found: GPU with device(s) NVIDIA GeForce RTX 4090. CPU with device(s) cpu:0.
CarbonTracker: WARNING - Failed to retrieve carbon intensity: Defaulting to average carbon intensity 141.77426 gCO2/kWh.
read 96603 atoms from file '/home/users/acsilveira/hpc-benchmarks/parboil/datasets/cutcp/large/input/watbox.sl100.pqr'
extent of domain is:
  minimum -49.998 -49.997 -49.996
  maximum 50 49.99 49.971
padding domain by 0.5 Angstroms
domain lengths are 100.998 by 100.987 by 100.967

IO        : 0.213846
Compute   : 13.055856
Timer Wall Time: 13.269704
Pass
Parboil parallel benchmark suite, version 0.2

CarbonTracker: WARNING - Failed to retrieve carbon intensity: Defaulting to average carbon intensity 141.77426 gCO2/kWh.
CarbonTracker: Average carbon intensity during training was 141.77 gCO2/kWh at detected location: Porto Alegre, Rio Grande do Sul, BR.
CarbonTracker: 
Actual consumption for 1 epoch(s):
	Time:	0:00:13
	Energy:	0.0003 kWh
	CO2eq:	0.0491 g
	This is equivalent to:
	0.0005 km travelled by car
CarbonTracker: WARNING - Failed to retrieve carbon intensity: Defaulting to average carbon intensity 141.77426 gCO2/kWh.
CarbonTracker: Live carbon intensity could not be fetched at detected location: Porto Alegre, Rio Grande do Sul, BR. Defaulted to average carbon intensity for BR in 2021 of 141.77 gCO2/kWh. at detected location: Porto Alegre, Rio Grande do Sul, BR.
CarbonTracker: 
Predicted consumption for 1 epoch(s):
	Time:	0:00:13
	Energy:	0.0003 kWh
	CO2eq:	0.0491 g
	This is equivalent to:
	0.0005 km travelled by car
CarbonTracker: Finished monitoring.
___cutcp com 12 Treads_concluida___
___cutcp com 14 Treads___
CarbonTracker: The following components were found: GPU with device(s) NVIDIA GeForce RTX 4090. CPU with device(s) cpu:0.
CarbonTracker: WARNING - Failed to retrieve carbon intensity: Defaulting to average carbon intensity 141.77426 gCO2/kWh.
read 96603 atoms from file '/home/users/acsilveira/hpc-benchmarks/parboil/datasets/cutcp/large/input/watbox.sl100.pqr'
extent of domain is:
  minimum -49.998 -49.997 -49.996
  maximum 50 49.99 49.971
padding domain by 0.5 Angstroms
domain lengths are 100.998 by 100.987 by 100.967

IO        : 0.205338
Compute   : 11.102528
Timer Wall Time: 11.307868
Pass
Parboil parallel benchmark suite, version 0.2

CarbonTracker: WARNING - Failed to retrieve carbon intensity: Defaulting to average carbon intensity 141.77426 gCO2/kWh.
CarbonTracker: Average carbon intensity during training was 141.77 gCO2/kWh at detected location: Porto Alegre, Rio Grande do Sul, BR.
CarbonTracker: 
Actual consumption for 1 epoch(s):
	Time:	0:00:11
	Energy:	0.0003 kWh
	CO2eq:	0.0430 g
	This is equivalent to:
	0.0004 km travelled by car
CarbonTracker: WARNING - Failed to retrieve carbon intensity: Defaulting to average carbon intensity 141.77426 gCO2/kWh.
CarbonTracker: Live carbon intensity could not be fetched at detected location: Porto Alegre, Rio Grande do Sul, BR. Defaulted to average carbon intensity for BR in 2021 of 141.77 gCO2/kWh. at detected location: Porto Alegre, Rio Grande do Sul, BR.
CarbonTracker: 
Predicted consumption for 1 epoch(s):
	Time:	0:00:11
	Energy:	0.0003 kWh
	CO2eq:	0.0430 g
	This is equivalent to:
	0.0004 km travelled by car
CarbonTracker: Finished monitoring.
___cutcp com 14 Treads_concluida___
___cutcp com 16 Treads___
CarbonTracker: The following components were found: GPU with device(s) NVIDIA GeForce RTX 4090. CPU with device(s) cpu:0.
CarbonTracker: WARNING - Failed to retrieve carbon intensity: Defaulting to average carbon intensity 141.77426 gCO2/kWh.
read 96603 atoms from file '/home/users/acsilveira/hpc-benchmarks/parboil/datasets/cutcp/large/input/watbox.sl100.pqr'
extent of domain is:
  minimum -49.998 -49.997 -49.996
  maximum 50 49.99 49.971
padding domain by 0.5 Angstroms
domain lengths are 100.998 by 100.987 by 100.967

IO        : 0.219186
Compute   : 9.861837
Timer Wall Time: 10.081023
Pass
Parboil parallel benchmark suite, version 0.2

CarbonTracker: WARNING - Failed to retrieve carbon intensity: Defaulting to average carbon intensity 141.77426 gCO2/kWh.
CarbonTracker: Average carbon intensity during training was 141.77 gCO2/kWh at detected location: Porto Alegre, Rio Grande do Sul, BR.
CarbonTracker: 
Actual consumption for 1 epoch(s):
	Time:	0:00:10
	Energy:	0.0003 kWh
	CO2eq:	0.0394 g
	This is equivalent to:
	0.0004 km travelled by car
CarbonTracker: WARNING - Failed to retrieve carbon intensity: Defaulting to average carbon intensity 141.77426 gCO2/kWh.
CarbonTracker: Live carbon intensity could not be fetched at detected location: Porto Alegre, Rio Grande do Sul, BR. Defaulted to average carbon intensity for BR in 2021 of 141.77 gCO2/kWh. at detected location: Porto Alegre, Rio Grande do Sul, BR.
CarbonTracker: 
Predicted consumption for 1 epoch(s):
	Time:	0:00:10
	Energy:	0.0003 kWh
	CO2eq:	0.0394 g
	This is equivalent to:
	0.0004 km travelled by car
CarbonTracker: Finished monitoring.
___cutcp com 16 Treads_concluida___
Desativa py2
Finalizando -> PARBOIL


Entrando -> RODINIA

compilando hotspot...
___Executando hotspot___:
___hotspot com 2 Treads___
Total time: 138.330 seconds
	Time:	0:02:20
	Energy:	0.0031 kWh
	CO2eq:	0.3018 g
	0.0028 km travelled by car
	Time:	0:02:20
	Energy:	0.0031 kWh
	CO2eq:	0.3018 g
	0.0028 km travelled by car
___hotspot com 2 Treads_concluida___
___hotspot com 4 Treads___
Total time: 75.615 seconds
	Time:	0:01:17
	Energy:	0.0018 kWh
	CO2eq:	0.1760 g
	0.0016 km travelled by car
	Time:	0:01:17
	Energy:	0.0018 kWh
	CO2eq:	0.1760 g
	0.0016 km travelled by car
___hotspot com 4 Treads_concluida___
___hotspot com 6 Treads___
Total time: 51.618 seconds
	Time:	0:00:54
	Energy:	0.0013 kWh
	CO2eq:	0.1284 g
	0.0012 km travelled by car
	Time:	0:00:54
	Energy:	0.0013 kWh
	CO2eq:	0.1284 g
	0.0012 km travelled by car
___hotspot com 6 Treads_concluida___
___hotspot com 8 Treads___
Total time: 43.453 seconds
	Time:	0:00:46
	Energy:	0.0012 kWh
	CO2eq:	0.1143 g
	0.0011 km travelled by car
	Time:	0:00:46
	Energy:	0.0012 kWh
	CO2eq:	0.1143 g
	0.0011 km travelled by car
___hotspot com 8 Treads_concluida___
___hotspot com 10 Treads___
Total time: 31.728 seconds
	Time:	0:00:34
	Energy:	0.0009 kWh
	CO2eq:	0.0889 g
	0.0008 km travelled by car
	Time:	0:00:34
	Energy:	0.0009 kWh
	CO2eq:	0.0889 g
	0.0008 km travelled by car
___hotspot com 10 Treads_concluida___
___hotspot com 12 Treads___
Total time: 26.721 seconds
	Time:	0:00:28
	Energy:	0.0008 kWh
	CO2eq:	0.0788 g
	0.0007 km travelled by car
	Time:	0:00:28
	Energy:	0.0008 kWh
	CO2eq:	0.0788 g
	0.0007 km travelled by car
___hotspot com 12 Treads_concluida___
___hotspot com 14 Treads___
Total time: 24.113 seconds
	Time:	0:00:26
	Energy:	0.0008 kWh
	CO2eq:	0.0746 g
	0.0007 km travelled by car
	Time:	0:00:26
	Energy:	0.0008 kWh
	CO2eq:	0.0746 g
	0.0007 km travelled by car
___hotspot com 14 Treads_concluida___
___hotspot com 16 Treads___
Total time: 25.739 seconds
	Time:	0:00:28
	Energy:	0.0008 kWh
	CO2eq:	0.0797 g
	0.0007 km travelled by car
	Time:	0:00:28
	Energy:	0.0008 kWh
	CO2eq:	0.0797 g
	0.0007 km travelled by car
___hotspot com 16 Treads_concluida___
___Fim de hotspot___:

compilando lud...
___Executando lud___:
___lud com 2 Treads___
Time consumed(ms): 376145.567000
	Time:	0:06:16
	Energy:	0.0082 kWh
	CO2eq:	0.8023 g
	0.0075 km travelled by car
	Time:	0:06:16
	Energy:	0.0082 kWh
	CO2eq:	0.8023 g
	0.0075 km travelled by car
___lud com 2 Treads_concluida___
___lud com 4 Treads___
Time consumed(ms): 187671.037000
	Time:	0:03:08
	Energy:	0.0043 kWh
	CO2eq:	0.4197 g
	0.0039 km travelled by car
	Time:	0:03:08
	Energy:	0.0043 kWh
	CO2eq:	0.4197 g
	0.0039 km travelled by car
___lud com 4 Treads_concluida___
___lud com 6 Treads___
Time consumed(ms): 124052.437000
	Time:	0:02:04
	Energy:	0.0030 kWh
	CO2eq:	0.2921 g
	0.0027 km travelled by car
	Time:	0:02:04
	Energy:	0.0030 kWh
	CO2eq:	0.2921 g
	0.0027 km travelled by car
___lud com 6 Treads_concluida___
___lud com 8 Treads___
Time consumed(ms): 95336.599000
	Time:	0:01:36
	Energy:	0.0024 kWh
	CO2eq:	0.2348 g
	0.0022 km travelled by car
	Time:	0:01:36
	Energy:	0.0024 kWh
	CO2eq:	0.2348 g
	0.0022 km travelled by car
___lud com 8 Treads_concluida___
___lud com 10 Treads___
Time consumed(ms): 75500.590000
	Time:	0:01:16
	Energy:	0.0020 kWh
	CO2eq:	0.1950 g
	0.0018 km travelled by car
	Time:	0:01:16
	Energy:	0.0020 kWh
	CO2eq:	0.1950 g
	0.0018 km travelled by car
___lud com 10 Treads_concluida___
___lud com 12 Treads___
Time consumed(ms): 63884.619000
	Time:	0:01:04
	Energy:	0.0017 kWh
	CO2eq:	0.1714 g
	0.0016 km travelled by car
	Time:	0:01:04
	Energy:	0.0017 kWh
	CO2eq:	0.1714 g
	0.0016 km travelled by car
___lud com 12 Treads_concluida___
___lud com 14 Treads___
Time consumed(ms): 55109.160000
	Time:	0:00:55
	Energy:	0.0016 kWh
	CO2eq:	0.1543 g
	0.0014 km travelled by car
	Time:	0:00:55
	Energy:	0.0016 kWh
	CO2eq:	0.1543 g
	0.0014 km travelled by car
___lud com 14 Treads_concluida___
___lud com 16 Treads___
Time consumed(ms): 48445.087000
	Time:	0:00:49
	Energy:	0.0014 kWh
	CO2eq:	0.1409 g
	0.0013 km travelled by car
	Time:	0:00:49
	Energy:	0.0014 kWh
	CO2eq:	0.1409 g
	0.0013 km travelled by car
___lud com 16 Treads_concluida___
___Fim de lud___:

compilando streamcluster...
___Executando streamcluster___:
___streamcluster com 2 Treads___
time = 429.827269
	Time:	0:07:10
	Energy:	0.0095 kWh
	CO2eq:	0.9301 g
	0.0087 km travelled by car
	Time:	0:07:10
	Energy:	0.0095 kWh
	CO2eq:	0.9301 g
	0.0087 km travelled by car
___streamcluster com 2 Treads_concluida___
___streamcluster com 4 Treads___
time = 226.681516
	Time:	0:03:47
	Energy:	0.0053 kWh
	CO2eq:	0.5200 g
	0.0048 km travelled by car
	Time:	0:03:47
	Energy:	0.0053 kWh
	CO2eq:	0.5200 g
	0.0048 km travelled by car
___streamcluster com 4 Treads_concluida___
___streamcluster com 6 Treads___
time = 158.537151
	Time:	0:02:39
	Energy:	0.0039 kWh
	CO2eq:	0.3819 g
	0.0036 km travelled by car
	Time:	0:02:39
	Energy:	0.0039 kWh
	CO2eq:	0.3819 g
	0.0036 km travelled by car
___streamcluster com 6 Treads_concluida___
___streamcluster com 8 Treads___
time = 124.311690
	Time:	0:02:04
	Energy:	0.0032 kWh
	CO2eq:	0.3138 g
	0.0029 km travelled by car
	Time:	0:02:04
	Energy:	0.0032 kWh
	CO2eq:	0.3138 g
	0.0029 km travelled by car
___streamcluster com 8 Treads_concluida___
___streamcluster com 10 Treads___
time = 103.734290
	Time:	0:01:44
	Energy:	0.0028 kWh
	CO2eq:	0.2718 g
	0.0025 km travelled by car
	Time:	0:01:44
	Energy:	0.0028 kWh
	CO2eq:	0.2718 g
	0.0025 km travelled by car
___streamcluster com 10 Treads_concluida___
___streamcluster com 12 Treads___
time = 90.235213
	Time:	0:01:30
	Energy:	0.0025 kWh
	CO2eq:	0.2441 g
	0.0023 km travelled by car
	Time:	0:01:30
	Energy:	0.0025 kWh
	CO2eq:	0.2441 g
	0.0023 km travelled by car
___streamcluster com 12 Treads_concluida___
___streamcluster com 14 Treads___
time = 80.750311
	Time:	0:01:21
	Energy:	0.0023 kWh
	CO2eq:	0.2243 g
	0.0021 km travelled by car
	Time:	0:01:21
	Energy:	0.0023 kWh
	CO2eq:	0.2243 g
	0.0021 km travelled by car
___streamcluster com 14 Treads_concluida___
___streamcluster com 16 Treads___
time = 76.246602
	Time:	0:01:16
	Energy:	0.0022 kWh
	CO2eq:	0.2166 g
	0.0020 km travelled by car
	Time:	0:01:16
	Energy:	0.0022 kWh
	CO2eq:	0.2166 g
	0.0020 km travelled by car
___streamcluster com 16 Treads_concluida___
___Fim de streamcluster___:

Finalizando -> RODINIA
