Status code 429 from http://ipinfo.io/json: ERROR - 429 Client Error: Too Many Requests for url: http://ipinfo.io/json
Status code 429 from http://ipinfo.io/json: ERROR - 429 Client Error: Too Many Requests for url: http://ipinfo.io/json
Status code 429 from http://ipinfo.io/json: ERROR - 429 Client Error: Too Many Requests for url: http://ipinfo.io/json
Status code 429 from http://ipinfo.io/json: ERROR - 429 Client Error: Too Many Requests for url: http://ipinfo.io/json
Status code 429 from http://ipinfo.io/json: ERROR - 429 Client Error: Too Many Requests for url: http://ipinfo.io/json
Status code 429 from http://ipinfo.io/json: ERROR - 429 Client Error: Too Many Requests for url: http://ipinfo.io/json
Status code 429 from http://ipinfo.io/json: ERROR - 429 Client Error: Too Many Requests for url: http://ipinfo.io/json
Status code 429 from http://ipinfo.io/json: ERROR - 429 Client Error: Too Many Requests for url: http://ipinfo.io/json
Status code 429 from http://ipinfo.io/json: ERROR - 429 Client Error: Too Many Requests for url: http://ipinfo.io/json
Status code 429 from http://ipinfo.io/json: ERROR - 429 Client Error: Too Many Requests for url: http://ipinfo.io/json
Status code 429 from http://ipinfo.io/json: ERROR - 429 Client Error: Too Many Requests for url: http://ipinfo.io/json
Status code 429 from http://ipinfo.io/json: ERROR - 429 Client Error: Too Many Requests for url: http://ipinfo.io/json
Status code 429 from http://ipinfo.io/json: ERROR - 429 Client Error: Too Many Requests for url: http://ipinfo.io/json
Status code 429 from http://ipinfo.io/json: ERROR - 429 Client Error: Too Many Requests for url: http://ipinfo.io/json
Status code 429 from http://ipinfo.io/json: ERROR - 429 Client Error: Too Many Requests for url: http://ipinfo.io/json
Status code 429 from http://ipinfo.io/json: ERROR - 429 Client Error: Too Many Requests for url: http://ipinfo.io/json
Status code 429 from http://ipinfo.io/json: ERROR - 429 Client Error: Too Many Requests for url: http://ipinfo.io/json
Status code 429 from http://ipinfo.io/json: ERROR - 429 Client Error: Too Many Requests for url: http://ipinfo.io/json
Status code 429 from http://ipinfo.io/json: ERROR - 429 Client Error: Too Many Requests for url: http://ipinfo.io/json
Status code 429 from http://ipinfo.io/json: ERROR - 429 Client Error: Too Many Requests for url: http://ipinfo.io/json
Status code 429 from http://ipinfo.io/json: ERROR - 429 Client Error: Too Many Requests for url: http://ipinfo.io/json
Status code 429 from http://ipinfo.io/json: ERROR - 429 Client Error: Too Many Requests for url: http://ipinfo.io/json
Status code 429 from http://ipinfo.io/json: ERROR - 429 Client Error: Too Many Requests for url: http://ipinfo.io/json
Status code 429 from http://ipinfo.io/json: ERROR - 429 Client Error: Too Many Requests for url: http://ipinfo.io/json
Status code 429 from http://ipinfo.io/json: ERROR - 429 Client Error: Too Many Requests for url: http://ipinfo.io/json
Status code 429 from http://ipinfo.io/json: ERROR - 429 Client Error: Too Many Requests for url: http://ipinfo.io/json
Status code 429 from http://ipinfo.io/json: ERROR - 429 Client Error: Too Many Requests for url: http://ipinfo.io/json
Status code 429 from http://ipinfo.io/json: ERROR - 429 Client Error: Too Many Requests for url: http://ipinfo.io/json
Status code 429 from http://ipinfo.io/json: ERROR - 429 Client Error: Too Many Requests for url: http://ipinfo.io/json
Status code 429 from http://ipinfo.io/json: ERROR - 429 Client Error: Too Many Requests for url: http://ipinfo.io/json
Status code 429 from http://ipinfo.io/json: ERROR - 429 Client Error: Too Many Requests for url: http://ipinfo.io/json
Status code 429 from http://ipinfo.io/json: ERROR - 429 Client Error: Too Many Requests for url: http://ipinfo.io/json
Status code 429 from http://ipinfo.io/json: ERROR - 429 Client Error: Too Many Requests for url: http://ipinfo.io/json
Status code 429 from http://ipinfo.io/json: ERROR - 429 Client Error: Too Many Requests for url: http://ipinfo.io/json
Status code 429 from http://ipinfo.io/json: ERROR - 429 Client Error: Too Many Requests for url: http://ipinfo.io/json
Status code 429 from http://ipinfo.io/json: ERROR - 429 Client Error: Too Many Requests for url: http://ipinfo.io/json
Status code 429 from http://ipinfo.io/json: ERROR - 429 Client Error: Too Many Requests for url: http://ipinfo.io/json
Status code 429 from http://ipinfo.io/json: ERROR - 429 Client Error: Too Many Requests for url: http://ipinfo.io/json
Status code 429 from http://ipinfo.io/json: ERROR - 429 Client Error: Too Many Requests for url: http://ipinfo.io/json
Status code 429 from http://ipinfo.io/json: ERROR - 429 Client Error: Too Many Requests for url: http://ipinfo.io/json
Status code 429 from http://ipinfo.io/json: ERROR - 429 Client Error: Too Many Requests for url: http://ipinfo.io/json
Status code 429 from http://ipinfo.io/json: ERROR - 429 Client Error: Too Many Requests for url: http://ipinfo.io/json
Status code 429 from http://ipinfo.io/json: ERROR - 429 Client Error: Too Many Requests for url: http://ipinfo.io/json
Status code 429 from http://ipinfo.io/json: ERROR - 429 Client Error: Too Many Requests for url: http://ipinfo.io/json
Status code 429 from http://ipinfo.io/json: ERROR - 429 Client Error: Too Many Requests for url: http://ipinfo.io/json
Status code 429 from http://ipinfo.io/json: ERROR - 429 Client Error: Too Many Requests for url: http://ipinfo.io/json
Status code 429 from http://ipinfo.io/json: ERROR - 429 Client Error: Too Many Requests for url: http://ipinfo.io/json
Status code 429 from http://ipinfo.io/json: ERROR - 429 Client Error: Too Many Requests for url: http://ipinfo.io/json
Status code 429 from http://ipinfo.io/json: ERROR - 429 Client Error: Too Many Requests for url: http://ipinfo.io/json
Status code 429 from http://ipinfo.io/json: ERROR - 429 Client Error: Too Many Requests for url: http://ipinfo.io/json
Status code 429 from http://ipinfo.io/json: ERROR - 429 Client Error: Too Many Requests for url: http://ipinfo.io/json
Status code 429 from http://ipinfo.io/json: ERROR - 429 Client Error: Too Many Requests for url: http://ipinfo.io/json
Status code 429 from http://ipinfo.io/json: ERROR - 429 Client Error: Too Many Requests for url: http://ipinfo.io/json
Status code 429 from http://ipinfo.io/json: ERROR - 429 Client Error: Too Many Requests for url: http://ipinfo.io/json
Status code 429 from http://ipinfo.io/json: ERROR - 429 Client Error: Too Many Requests for url: http://ipinfo.io/json
Status code 429 from http://ipinfo.io/json: ERROR - 429 Client Error: Too Many Requests for url: http://ipinfo.io/json
Status code 429 from http://ipinfo.io/json: ERROR - 429 Client Error: Too Many Requests for url: http://ipinfo.io/json
Status code 429 from http://ipinfo.io/json: ERROR - 429 Client Error: Too Many Requests for url: http://ipinfo.io/json
Status code 429 from http://ipinfo.io/json: ERROR - 429 Client Error: Too Many Requests for url: http://ipinfo.io/json
Status code 429 from http://ipinfo.io/json: ERROR - 429 Client Error: Too Many Requests for url: http://ipinfo.io/json
Status code 429 from http://ipinfo.io/json: ERROR - 429 Client Error: Too Many Requests for url: http://ipinfo.io/json
Status code 429 from http://ipinfo.io/json: ERROR - 429 Client Error: Too Many Requests for url: http://ipinfo.io/json
Status code 429 from http://ipinfo.io/json: ERROR - 429 Client Error: Too Many Requests for url: http://ipinfo.io/json
Status code 429 from http://ipinfo.io/json: ERROR - 429 Client Error: Too Many Requests for url: http://ipinfo.io/json
Status code 429 from http://ipinfo.io/json: ERROR - 429 Client Error: Too Many Requests for url: http://ipinfo.io/json
Status code 429 from http://ipinfo.io/json: ERROR - 429 Client Error: Too Many Requests for url: http://ipinfo.io/json
Status code 429 from http://ipinfo.io/json: ERROR - 429 Client Error: Too Many Requests for url: http://ipinfo.io/json
Status code 429 from http://ipinfo.io/json: ERROR - 429 Client Error: Too Many Requests for url: http://ipinfo.io/json
Status code 429 from http://ipinfo.io/json: ERROR - 429 Client Error: Too Many Requests for url: http://ipinfo.io/json
Status code 429 from http://ipinfo.io/json: ERROR - 429 Client Error: Too Many Requests for url: http://ipinfo.io/json
Status code 429 from http://ipinfo.io/json: ERROR - 429 Client Error: Too Many Requests for url: http://ipinfo.io/json
Status code 429 from http://ipinfo.io/json: ERROR - 429 Client Error: Too Many Requests for url: http://ipinfo.io/json
Status code 429 from http://ipinfo.io/json: ERROR - 429 Client Error: Too Many Requests for url: http://ipinfo.io/json
Status code 429 from http://ipinfo.io/json: ERROR - 429 Client Error: Too Many Requests for url: http://ipinfo.io/json
Status code 429 from http://ipinfo.io/json: ERROR - 429 Client Error: Too Many Requests for url: http://ipinfo.io/json
Status code 429 from http://ipinfo.io/json: ERROR - 429 Client Error: Too Many Requests for url: http://ipinfo.io/json
Status code 429 from http://ipinfo.io/json: ERROR - 429 Client Error: Too Many Requests for url: http://ipinfo.io/json
Status code 429 from http://ipinfo.io/json: ERROR - 429 Client Error: Too Many Requests for url: http://ipinfo.io/json
Status code 429 from http://ipinfo.io/json: ERROR - 429 Client Error: Too Many Requests for url: http://ipinfo.io/json
Status code 429 from http://ipinfo.io/json: ERROR - 429 Client Error: Too Many Requests for url: http://ipinfo.io/json
Status code 429 from http://ipinfo.io/json: ERROR - 429 Client Error: Too Many Requests for url: http://ipinfo.io/json
Status code 429 from http://ipinfo.io/json: ERROR - 429 Client Error: Too Many Requests for url: http://ipinfo.io/json
Status code 429 from http://ipinfo.io/json: ERROR - 429 Client Error: Too Many Requests for url: http://ipinfo.io/json
Status code 429 from http://ipinfo.io/json: ERROR - 429 Client Error: Too Many Requests for url: http://ipinfo.io/json
Status code 429 from http://ipinfo.io/json: ERROR - 429 Client Error: Too Many Requests for url: http://ipinfo.io/json
Status code 429 from http://ipinfo.io/json: ERROR - 429 Client Error: Too Many Requests for url: http://ipinfo.io/json
Status code 429 from http://ipinfo.io/json: ERROR - 429 Client Error: Too Many Requests for url: http://ipinfo.io/json
Status code 429 from http://ipinfo.io/json: ERROR - 429 Client Error: Too Many Requests for url: http://ipinfo.io/json
Status code 429 from http://ipinfo.io/json: ERROR - 429 Client Error: Too Many Requests for url: http://ipinfo.io/json
Status code 429 from http://ipinfo.io/json: ERROR - 429 Client Error: Too Many Requests for url: http://ipinfo.io/json
Status code 429 from http://ipinfo.io/json: ERROR - 429 Client Error: Too Many Requests for url: http://ipinfo.io/json
Status code 429 from http://ipinfo.io/json: ERROR - 429 Client Error: Too Many Requests for url: http://ipinfo.io/json
Status code 429 from http://ipinfo.io/json: ERROR - 429 Client Error: Too Many Requests for url: http://ipinfo.io/json
Status code 429 from http://ipinfo.io/json: ERROR - 429 Client Error: Too Many Requests for url: http://ipinfo.io/json
Status code 429 from http://ipinfo.io/json: ERROR - 429 Client Error: Too Many Requests for url: http://ipinfo.io/json
Status code 429 from http://ipinfo.io/json: ERROR - 429 Client Error: Too Many Requests for url: http://ipinfo.io/json
Status code 429 from http://ipinfo.io/json: ERROR - 429 Client Error: Too Many Requests for url: http://ipinfo.io/json
Status code 429 from http://ipinfo.io/json: ERROR - 429 Client Error: Too Many Requests for url: http://ipinfo.io/json
Status code 429 from http://ipinfo.io/json: ERROR - 429 Client Error: Too Many Requests for url: http://ipinfo.io/json
Status code 429 from http://ipinfo.io/json: ERROR - 429 Client Error: Too Many Requests for url: http://ipinfo.io/json
Status code 429 from http://ipinfo.io/json: ERROR - 429 Client Error: Too Many Requests for url: http://ipinfo.io/json
Status code 429 from http://ipinfo.io/json: ERROR - 429 Client Error: Too Many Requests for url: http://ipinfo.io/json
Status code 429 from http://ipinfo.io/json: ERROR - 429 Client Error: Too Many Requests for url: http://ipinfo.io/json
Status code 429 from http://ipinfo.io/json: ERROR - 429 Client Error: Too Many Requests for url: http://ipinfo.io/json
Status code 429 from http://ipinfo.io/json: ERROR - 429 Client Error: Too Many Requests for url: http://ipinfo.io/json
Status code 429 from http://ipinfo.io/json: ERROR - 429 Client Error: Too Many Requests for url: http://ipinfo.io/json
Status code 429 from http://ipinfo.io/json: ERROR - 429 Client Error: Too Many Requests for url: http://ipinfo.io/json
Status code 429 from http://ipinfo.io/json: ERROR - 429 Client Error: Too Many Requests for url: http://ipinfo.io/json
Status code 429 from http://ipinfo.io/json: ERROR - 429 Client Error: Too Many Requests for url: http://ipinfo.io/json
Status code 429 from http://ipinfo.io/json: ERROR - 429 Client Error: Too Many Requests for url: http://ipinfo.io/json
Status code 429 from http://ipinfo.io/json: ERROR - 429 Client Error: Too Many Requests for url: http://ipinfo.io/json
Status code 429 from http://ipinfo.io/json: ERROR - 429 Client Error: Too Many Requests for url: http://ipinfo.io/json
Status code 429 from http://ipinfo.io/json: ERROR - 429 Client Error: Too Many Requests for url: http://ipinfo.io/json
Status code 429 from http://ipinfo.io/json: ERROR - 429 Client Error: Too Many Requests for url: http://ipinfo.io/json
Status code 429 from http://ipinfo.io/json: ERROR - 429 Client Error: Too Many Requests for url: http://ipinfo.io/json
Status code 429 from http://ipinfo.io/json: ERROR - 429 Client Error: Too Many Requests for url: http://ipinfo.io/json
Status code 429 from http://ipinfo.io/json: ERROR - 429 Client Error: Too Many Requests for url: http://ipinfo.io/json
Status code 429 from http://ipinfo.io/json: ERROR - 429 Client Error: Too Many Requests for url: http://ipinfo.io/json
Status code 429 from http://ipinfo.io/json: ERROR - 429 Client Error: Too Many Requests for url: http://ipinfo.io/json
Status code 429 from http://ipinfo.io/json: ERROR - 429 Client Error: Too Many Requests for url: http://ipinfo.io/json
Status code 429 from http://ipinfo.io/json: ERROR - 429 Client Error: Too Many Requests for url: http://ipinfo.io/json
Status code 429 from http://ipinfo.io/json: ERROR - 429 Client Error: Too Many Requests for url: http://ipinfo.io/json
Status code 429 from http://ipinfo.io/json: ERROR - 429 Client Error: Too Many Requests for url: http://ipinfo.io/json
Status code 429 from http://ipinfo.io/json: ERROR - 429 Client Error: Too Many Requests for url: http://ipinfo.io/json
Status code 429 from http://ipinfo.io/json: ERROR - 429 Client Error: Too Many Requests for url: http://ipinfo.io/json
Status code 429 from http://ipinfo.io/json: ERROR - 429 Client Error: Too Many Requests for url: http://ipinfo.io/json
Status code 429 from http://ipinfo.io/json: ERROR - 429 Client Error: Too Many Requests for url: http://ipinfo.io/json
Status code 429 from http://ipinfo.io/json: ERROR - 429 Client Error: Too Many Requests for url: http://ipinfo.io/json
Status code 429 from http://ipinfo.io/json: ERROR - 429 Client Error: Too Many Requests for url: http://ipinfo.io/json
Status code 429 from http://ipinfo.io/json: ERROR - 429 Client Error: Too Many Requests for url: http://ipinfo.io/json
Status code 429 from http://ipinfo.io/json: ERROR - 429 Client Error: Too Many Requests for url: http://ipinfo.io/json
Status code 429 from http://ipinfo.io/json: ERROR - 429 Client Error: Too Many Requests for url: http://ipinfo.io/json
Status code 429 from http://ipinfo.io/json: ERROR - 429 Client Error: Too Many Requests for url: http://ipinfo.io/json
Status code 429 from http://ipinfo.io/json: ERROR - 429 Client Error: Too Many Requests for url: http://ipinfo.io/json
Status code 429 from http://ipinfo.io/json: ERROR - 429 Client Error: Too Many Requests for url: http://ipinfo.io/json
Status code 429 from http://ipinfo.io/json: ERROR - 429 Client Error: Too Many Requests for url: http://ipinfo.io/json
Status code 429 from http://ipinfo.io/json: ERROR - 429 Client Error: Too Many Requests for url: http://ipinfo.io/json
Status code 429 from http://ipinfo.io/json: ERROR - 429 Client Error: Too Many Requests for url: http://ipinfo.io/json
Status code 429 from http://ipinfo.io/json: ERROR - 429 Client Error: Too Many Requests for url: http://ipinfo.io/json
Status code 429 from http://ipinfo.io/json: ERROR - 429 Client Error: Too Many Requests for url: http://ipinfo.io/json
Status code 429 from http://ipinfo.io/json: ERROR - 429 Client Error: Too Many Requests for url: http://ipinfo.io/json
Status code 429 from http://ipinfo.io/json: ERROR - 429 Client Error: Too Many Requests for url: http://ipinfo.io/json
Status code 429 from http://ipinfo.io/json: ERROR - 429 Client Error: Too Many Requests for url: http://ipinfo.io/json
Status code 429 from http://ipinfo.io/json: ERROR - 429 Client Error: Too Many Requests for url: http://ipinfo.io/json
Status code 429 from http://ipinfo.io/json: ERROR - 429 Client Error: Too Many Requests for url: http://ipinfo.io/json
Status code 429 from http://ipinfo.io/json: ERROR - 429 Client Error: Too Many Requests for url: http://ipinfo.io/json
Status code 429 from http://ipinfo.io/json: ERROR - 429 Client Error: Too Many Requests for url: http://ipinfo.io/json
Status code 429 from http://ipinfo.io/json: ERROR - 429 Client Error: Too Many Requests for url: http://ipinfo.io/json
Status code 429 from http://ipinfo.io/json: ERROR - 429 Client Error: Too Many Requests for url: http://ipinfo.io/json
Status code 429 from http://ipinfo.io/json: ERROR - 429 Client Error: Too Many Requests for url: http://ipinfo.io/json
Status code 429 from http://ipinfo.io/json: ERROR - 429 Client Error: Too Many Requests for url: http://ipinfo.io/json
Status code 429 from http://ipinfo.io/json: ERROR - 429 Client Error: Too Many Requests for url: http://ipinfo.io/json
Status code 429 from http://ipinfo.io/json: ERROR - 429 Client Error: Too Many Requests for url: http://ipinfo.io/json
Status code 429 from http://ipinfo.io/json: ERROR - 429 Client Error: Too Many Requests for url: http://ipinfo.io/json
Status code 429 from http://ipinfo.io/json: ERROR - 429 Client Error: Too Many Requests for url: http://ipinfo.io/json
Status code 429 from http://ipinfo.io/json: ERROR - 429 Client Error: Too Many Requests for url: http://ipinfo.io/json
Status code 429 from http://ipinfo.io/json: ERROR - 429 Client Error: Too Many Requests for url: http://ipinfo.io/json
Status code 429 from http://ipinfo.io/json: ERROR - 429 Client Error: Too Many Requests for url: http://ipinfo.io/json
Status code 429 from http://ipinfo.io/json: ERROR - 429 Client Error: Too Many Requests for url: http://ipinfo.io/json
Status code 429 from http://ipinfo.io/json: ERROR - 429 Client Error: Too Many Requests for url: http://ipinfo.io/json
Status code 429 from http://ipinfo.io/json: ERROR - 429 Client Error: Too Many Requests for url: http://ipinfo.io/json
Status code 429 from http://ipinfo.io/json: ERROR - 429 Client Error: Too Many Requests for url: http://ipinfo.io/json
Status code 429 from http://ipinfo.io/json: ERROR - 429 Client Error: Too Many Requests for url: http://ipinfo.io/json
Status code 429 from http://ipinfo.io/json: ERROR - 429 Client Error: Too Many Requests for url: http://ipinfo.io/json
Status code 429 from http://ipinfo.io/json: ERROR - 429 Client Error: Too Many Requests for url: http://ipinfo.io/json
Status code 429 from http://ipinfo.io/json: ERROR - 429 Client Error: Too Many Requests for url: http://ipinfo.io/json
Status code 429 from http://ipinfo.io/json: ERROR - 429 Client Error: Too Many Requests for url: http://ipinfo.io/json
Status code 429 from http://ipinfo.io/json: ERROR - 429 Client Error: Too Many Requests for url: http://ipinfo.io/json
Status code 429 from http://ipinfo.io/json: ERROR - 429 Client Error: Too Many Requests for url: http://ipinfo.io/json
Status code 429 from http://ipinfo.io/json: ERROR - 429 Client Error: Too Many Requests for url: http://ipinfo.io/json
Status code 429 from http://ipinfo.io/json: ERROR - 429 Client Error: Too Many Requests for url: http://ipinfo.io/json
Status code 429 from http://ipinfo.io/json: ERROR - 429 Client Error: Too Many Requests for url: http://ipinfo.io/json
Status code 429 from http://ipinfo.io/json: ERROR - 429 Client Error: Too Many Requests for url: http://ipinfo.io/json
Status code 429 from http://ipinfo.io/json: ERROR - 429 Client Error: Too Many Requests for url: http://ipinfo.io/json
Status code 429 from http://ipinfo.io/json: ERROR - 429 Client Error: Too Many Requests for url: http://ipinfo.io/json
Status code 429 from http://ipinfo.io/json: ERROR - 429 Client Error: Too Many Requests for url: http://ipinfo.io/json
/home/users/acsilveira/hpc-benchmarks/parboil/common/mk/Makefile:21: /home/users/acsilveira/hpc-benchmarks/parboil/common/mk/en_US:en.mk: No such file or directory
make: *** No rule to make target '/home/users/acsilveira/hpc-benchmarks/parboil/common/mk/en_US:en.mk'.  Stop.
Status code 429 from http://ipinfo.io/json: ERROR - 429 Client Error: Too Many Requests for url: http://ipinfo.io/json
Status code 429 from http://ipinfo.io/json: ERROR - 429 Client Error: Too Many Requests for url: http://ipinfo.io/json
Status code 429 from http://ipinfo.io/json: ERROR - 429 Client Error: Too Many Requests for url: http://ipinfo.io/json
Status code 429 from http://ipinfo.io/json: ERROR - 429 Client Error: Too Many Requests for url: http://ipinfo.io/json
Status code 429 from http://ipinfo.io/json: ERROR - 429 Client Error: Too Many Requests for url: http://ipinfo.io/json
Status code 429 from http://ipinfo.io/json: ERROR - 429 Client Error: Too Many Requests for url: http://ipinfo.io/json
Status code 429 from http://ipinfo.io/json: ERROR - 429 Client Error: Too Many Requests for url: http://ipinfo.io/json
Status code 429 from http://ipinfo.io/json: ERROR - 429 Client Error: Too Many Requests for url: http://ipinfo.io/json
Status code 429 from http://ipinfo.io/json: ERROR - 429 Client Error: Too Many Requests for url: http://ipinfo.io/json
Status code 429 from http://ipinfo.io/json: ERROR - 429 Client Error: Too Many Requests for url: http://ipinfo.io/json
Status code 429 from http://ipinfo.io/json: ERROR - 429 Client Error: Too Many Requests for url: http://ipinfo.io/json
Status code 429 from http://ipinfo.io/json: ERROR - 429 Client Error: Too Many Requests for url: http://ipinfo.io/json
Status code 429 from http://ipinfo.io/json: ERROR - 429 Client Error: Too Many Requests for url: http://ipinfo.io/json
Status code 429 from http://ipinfo.io/json: ERROR - 429 Client Error: Too Many Requests for url: http://ipinfo.io/json
Status code 429 from http://ipinfo.io/json: ERROR - 429 Client Error: Too Many Requests for url: http://ipinfo.io/json
Status code 429 from http://ipinfo.io/json: ERROR - 429 Client Error: Too Many Requests for url: http://ipinfo.io/json
Status code 429 from http://ipinfo.io/json: ERROR - 429 Client Error: Too Many Requests for url: http://ipinfo.io/json
Status code 429 from http://ipinfo.io/json: ERROR - 429 Client Error: Too Many Requests for url: http://ipinfo.io/json
Status code 429 from http://ipinfo.io/json: ERROR - 429 Client Error: Too Many Requests for url: http://ipinfo.io/json
Status code 429 from http://ipinfo.io/json: ERROR - 429 Client Error: Too Many Requests for url: http://ipinfo.io/json
Status code 429 from http://ipinfo.io/json: ERROR - 429 Client Error: Too Many Requests for url: http://ipinfo.io/json
Status code 429 from http://ipinfo.io/json: ERROR - 429 Client Error: Too Many Requests for url: http://ipinfo.io/json
Status code 429 from http://ipinfo.io/json: ERROR - 429 Client Error: Too Many Requests for url: http://ipinfo.io/json
Status code 429 from http://ipinfo.io/json: ERROR - 429 Client Error: Too Many Requests for url: http://ipinfo.io/json
Status code 429 from http://ipinfo.io/json: ERROR - 429 Client Error: Too Many Requests for url: http://ipinfo.io/json
Status code 429 from http://ipinfo.io/json: ERROR - 429 Client Error: Too Many Requests for url: http://ipinfo.io/json
Status code 429 from http://ipinfo.io/json: ERROR - 429 Client Error: Too Many Requests for url: http://ipinfo.io/json
Status code 429 from http://ipinfo.io/json: ERROR - 429 Client Error: Too Many Requests for url: http://ipinfo.io/json
Status code 429 from http://ipinfo.io/json: ERROR - 429 Client Error: Too Many Requests for url: http://ipinfo.io/json
Status code 429 from http://ipinfo.io/json: ERROR - 429 Client Error: Too Many Requests for url: http://ipinfo.io/json
Status code 429 from http://ipinfo.io/json: ERROR - 429 Client Error: Too Many Requests for url: http://ipinfo.io/json
Status code 429 from http://ipinfo.io/json: ERROR - 429 Client Error: Too Many Requests for url: http://ipinfo.io/json
Status code 429 from http://ipinfo.io/json: ERROR - 429 Client Error: Too Many Requests for url: http://ipinfo.io/json
Status code 429 from http://ipinfo.io/json: ERROR - 429 Client Error: Too Many Requests for url: http://ipinfo.io/json
Status code 429 from http://ipinfo.io/json: ERROR - 429 Client Error: Too Many Requests for url: http://ipinfo.io/json
Status code 429 from http://ipinfo.io/json: ERROR - 429 Client Error: Too Many Requests for url: http://ipinfo.io/json
Status code 429 from http://ipinfo.io/json: ERROR - 429 Client Error: Too Many Requests for url: http://ipinfo.io/json
Status code 429 from http://ipinfo.io/json: ERROR - 429 Client Error: Too Many Requests for url: http://ipinfo.io/json
Status code 429 from http://ipinfo.io/json: ERROR - 429 Client Error: Too Many Requests for url: http://ipinfo.io/json
Status code 429 from http://ipinfo.io/json: ERROR - 429 Client Error: Too Many Requests for url: http://ipinfo.io/json
Status code 429 from http://ipinfo.io/json: ERROR - 429 Client Error: Too Many Requests for url: http://ipinfo.io/json
Status code 429 from http://ipinfo.io/json: ERROR - 429 Client Error: Too Many Requests for url: http://ipinfo.io/json
Status code 429 from http://ipinfo.io/json: ERROR - 429 Client Error: Too Many Requests for url: http://ipinfo.io/json
Status code 429 from http://ipinfo.io/json: ERROR - 429 Client Error: Too Many Requests for url: http://ipinfo.io/json
Status code 429 from http://ipinfo.io/json: ERROR - 429 Client Error: Too Many Requests for url: http://ipinfo.io/json
Status code 429 from http://ipinfo.io/json: ERROR - 429 Client Error: Too Many Requests for url: http://ipinfo.io/json
Status code 429 from http://ipinfo.io/json: ERROR - 429 Client Error: Too Many Requests for url: http://ipinfo.io/json
Status code 429 from http://ipinfo.io/json: ERROR - 429 Client Error: Too Many Requests for url: http://ipinfo.io/json
Status code 429 from http://ipinfo.io/json: ERROR - 429 Client Error: Too Many Requests for url: http://ipinfo.io/json
Status code 429 from http://ipinfo.io/json: ERROR - 429 Client Error: Too Many Requests for url: http://ipinfo.io/json
Status code 429 from http://ipinfo.io/json: ERROR - 429 Client Error: Too Many Requests for url: http://ipinfo.io/json
Status code 429 from http://ipinfo.io/json: ERROR - 429 Client Error: Too Many Requests for url: http://ipinfo.io/json
Status code 429 from http://ipinfo.io/json: ERROR - 429 Client Error: Too Many Requests for url: http://ipinfo.io/json
Status code 429 from http://ipinfo.io/json: ERROR - 429 Client Error: Too Many Requests for url: http://ipinfo.io/json
Status code 429 from http://ipinfo.io/json: ERROR - 429 Client Error: Too Many Requests for url: http://ipinfo.io/json
Status code 429 from http://ipinfo.io/json: ERROR - 429 Client Error: Too Many Requests for url: http://ipinfo.io/json
Status code 429 from http://ipinfo.io/json: ERROR - 429 Client Error: Too Many Requests for url: http://ipinfo.io/json
Status code 429 from http://ipinfo.io/json: ERROR - 429 Client Error: Too Many Requests for url: http://ipinfo.io/json
Status code 429 from http://ipinfo.io/json: ERROR - 429 Client Error: Too Many Requests for url: http://ipinfo.io/json
Status code 429 from http://ipinfo.io/json: ERROR - 429 Client Error: Too Many Requests for url: http://ipinfo.io/json
Status code 429 from http://ipinfo.io/json: ERROR - 429 Client Error: Too Many Requests for url: http://ipinfo.io/json
Status code 429 from http://ipinfo.io/json: ERROR - 429 Client Error: Too Many Requests for url: http://ipinfo.io/json
Status code 429 from http://ipinfo.io/json: ERROR - 429 Client Error: Too Many Requests for url: http://ipinfo.io/json
Status code 429 from http://ipinfo.io/json: ERROR - 429 Client Error: Too Many Requests for url: http://ipinfo.io/json
Status code 429 from http://ipinfo.io/json: ERROR - 429 Client Error: Too Many Requests for url: http://ipinfo.io/json
Status code 429 from http://ipinfo.io/json: ERROR - 429 Client Error: Too Many Requests for url: http://ipinfo.io/json
Status code 429 from http://ipinfo.io/json: ERROR - 429 Client Error: Too Many Requests for url: http://ipinfo.io/json
Status code 429 from http://ipinfo.io/json: ERROR - 429 Client Error: Too Many Requests for url: http://ipinfo.io/json
Status code 429 from http://ipinfo.io/json: ERROR - 429 Client Error: Too Many Requests for url: http://ipinfo.io/json
Status code 429 from http://ipinfo.io/json: ERROR - 429 Client Error: Too Many Requests for url: http://ipinfo.io/json
Status code 429 from http://ipinfo.io/json: ERROR - 429 Client Error: Too Many Requests for url: http://ipinfo.io/json
Status code 429 from http://ipinfo.io/json: ERROR - 429 Client Error: Too Many Requests for url: http://ipinfo.io/json
Status code 429 from http://ipinfo.io/json: ERROR - 429 Client Error: Too Many Requests for url: http://ipinfo.io/json
Status code 429 from http://ipinfo.io/json: ERROR - 429 Client Error: Too Many Requests for url: http://ipinfo.io/json
Status code 429 from http://ipinfo.io/json: ERROR - 429 Client Error: Too Many Requests for url: http://ipinfo.io/json
Status code 429 from http://ipinfo.io/json: ERROR - 429 Client Error: Too Many Requests for url: http://ipinfo.io/json
Status code 429 from http://ipinfo.io/json: ERROR - 429 Client Error: Too Many Requests for url: http://ipinfo.io/json
Status code 429 from http://ipinfo.io/json: ERROR - 429 Client Error: Too Many Requests for url: http://ipinfo.io/json
Status code 429 from http://ipinfo.io/json: ERROR - 429 Client Error: Too Many Requests for url: http://ipinfo.io/json
Status code 429 from http://ipinfo.io/json: ERROR - 429 Client Error: Too Many Requests for url: http://ipinfo.io/json
Status code 429 from http://ipinfo.io/json: ERROR - 429 Client Error: Too Many Requests for url: http://ipinfo.io/json
Status code 429 from http://ipinfo.io/json: ERROR - 429 Client Error: Too Many Requests for url: http://ipinfo.io/json
Status code 429 from http://ipinfo.io/json: ERROR - 429 Client Error: Too Many Requests for url: http://ipinfo.io/json
Status code 429 from http://ipinfo.io/json: ERROR - 429 Client Error: Too Many Requests for url: http://ipinfo.io/json
Status code 429 from http://ipinfo.io/json: ERROR - 429 Client Error: Too Many Requests for url: http://ipinfo.io/json
Status code 429 from http://ipinfo.io/json: ERROR - 429 Client Error: Too Many Requests for url: http://ipinfo.io/json
Status code 429 from http://ipinfo.io/json: ERROR - 429 Client Error: Too Many Requests for url: http://ipinfo.io/json
Status code 429 from http://ipinfo.io/json: ERROR - 429 Client Error: Too Many Requests for url: http://ipinfo.io/json
Status code 429 from http://ipinfo.io/json: ERROR - 429 Client Error: Too Many Requests for url: http://ipinfo.io/json
Status code 429 from http://ipinfo.io/json: ERROR - 429 Client Error: Too Many Requests for url: http://ipinfo.io/json
Status code 429 from http://ipinfo.io/json: ERROR - 429 Client Error: Too Many Requests for url: http://ipinfo.io/json
Status code 429 from http://ipinfo.io/json: ERROR - 429 Client Error: Too Many Requests for url: http://ipinfo.io/json
Status code 429 from http://ipinfo.io/json: ERROR - 429 Client Error: Too Many Requests for url: http://ipinfo.io/json
Status code 429 from http://ipinfo.io/json: ERROR - 429 Client Error: Too Many Requests for url: http://ipinfo.io/json
Status code 429 from http://ipinfo.io/json: ERROR - 429 Client Error: Too Many Requests for url: http://ipinfo.io/json
Status code 429 from http://ipinfo.io/json: ERROR - 429 Client Error: Too Many Requests for url: http://ipinfo.io/json
Status code 429 from http://ipinfo.io/json: ERROR - 429 Client Error: Too Many Requests for url: http://ipinfo.io/json
Status code 429 from http://ipinfo.io/json: ERROR - 429 Client Error: Too Many Requests for url: http://ipinfo.io/json
Status code 429 from http://ipinfo.io/json: ERROR - 429 Client Error: Too Many Requests for url: http://ipinfo.io/json
Status code 429 from http://ipinfo.io/json: ERROR - 429 Client Error: Too Many Requests for url: http://ipinfo.io/json
Status code 429 from http://ipinfo.io/json: ERROR - 429 Client Error: Too Many Requests for url: http://ipinfo.io/json
Status code 429 from http://ipinfo.io/json: ERROR - 429 Client Error: Too Many Requests for url: http://ipinfo.io/json
Status code 429 from http://ipinfo.io/json: ERROR - 429 Client Error: Too Many Requests for url: http://ipinfo.io/json
Status code 429 from http://ipinfo.io/json: ERROR - 429 Client Error: Too Many Requests for url: http://ipinfo.io/json
Status code 429 from http://ipinfo.io/json: ERROR - 429 Client Error: Too Many Requests for url: http://ipinfo.io/json
Status code 429 from http://ipinfo.io/json: ERROR - 429 Client Error: Too Many Requests for url: http://ipinfo.io/json
Status code 429 from http://ipinfo.io/json: ERROR - 429 Client Error: Too Many Requests for url: http://ipinfo.io/json
Status code 429 from http://ipinfo.io/json: ERROR - 429 Client Error: Too Many Requests for url: http://ipinfo.io/json
Status code 429 from http://ipinfo.io/json: ERROR - 429 Client Error: Too Many Requests for url: http://ipinfo.io/json
Status code 429 from http://ipinfo.io/json: ERROR - 429 Client Error: Too Many Requests for url: http://ipinfo.io/json
Status code 429 from http://ipinfo.io/json: ERROR - 429 Client Error: Too Many Requests for url: http://ipinfo.io/json
Status code 429 from http://ipinfo.io/json: ERROR - 429 Client Error: Too Many Requests for url: http://ipinfo.io/json
Status code 429 from http://ipinfo.io/json: ERROR - 429 Client Error: Too Many Requests for url: http://ipinfo.io/json
Status code 429 from http://ipinfo.io/json: ERROR - 429 Client Error: Too Many Requests for url: http://ipinfo.io/json
Status code 429 from http://ipinfo.io/json: ERROR - 429 Client Error: Too Many Requests for url: http://ipinfo.io/json
Status code 429 from http://ipinfo.io/json: ERROR - 429 Client Error: Too Many Requests for url: http://ipinfo.io/json
Status code 429 from http://ipinfo.io/json: ERROR - 429 Client Error: Too Many Requests for url: http://ipinfo.io/json
Status code 429 from http://ipinfo.io/json: ERROR - 429 Client Error: Too Many Requests for url: http://ipinfo.io/json
Status code 429 from http://ipinfo.io/json: ERROR - 429 Client Error: Too Many Requests for url: http://ipinfo.io/json
Status code 429 from http://ipinfo.io/json: ERROR - 429 Client Error: Too Many Requests for url: http://ipinfo.io/json
Status code 429 from http://ipinfo.io/json: ERROR - 429 Client Error: Too Many Requests for url: http://ipinfo.io/json
Status code 429 from http://ipinfo.io/json: ERROR - 429 Client Error: Too Many Requests for url: http://ipinfo.io/json
Status code 429 from http://ipinfo.io/json: ERROR - 429 Client Error: Too Many Requests for url: http://ipinfo.io/json
Status code 429 from http://ipinfo.io/json: ERROR - 429 Client Error: Too Many Requests for url: http://ipinfo.io/json
Status code 429 from http://ipinfo.io/json: ERROR - 429 Client Error: Too Many Requests for url: http://ipinfo.io/json
Status code 429 from http://ipinfo.io/json: ERROR - 429 Client Error: Too Many Requests for url: http://ipinfo.io/json
Status code 429 from http://ipinfo.io/json: ERROR - 429 Client Error: Too Many Requests for url: http://ipinfo.io/json
Status code 429 from http://ipinfo.io/json: ERROR - 429 Client Error: Too Many Requests for url: http://ipinfo.io/json
Status code 429 from http://ipinfo.io/json: ERROR - 429 Client Error: Too Many Requests for url: http://ipinfo.io/json
Status code 429 from http://ipinfo.io/json: ERROR - 429 Client Error: Too Many Requests for url: http://ipinfo.io/json
Status code 429 from http://ipinfo.io/json: ERROR - 429 Client Error: Too Many Requests for url: http://ipinfo.io/json
Status code 429 from http://ipinfo.io/json: ERROR - 429 Client Error: Too Many Requests for url: http://ipinfo.io/json
Status code 429 from http://ipinfo.io/json: ERROR - 429 Client Error: Too Many Requests for url: http://ipinfo.io/json
Status code 429 from http://ipinfo.io/json: ERROR - 429 Client Error: Too Many Requests for url: http://ipinfo.io/json
Status code 429 from http://ipinfo.io/json: ERROR - 429 Client Error: Too Many Requests for url: http://ipinfo.io/json
Status code 429 from http://ipinfo.io/json: ERROR - 429 Client Error: Too Many Requests for url: http://ipinfo.io/json
Status code 429 from http://ipinfo.io/json: ERROR - 429 Client Error: Too Many Requests for url: http://ipinfo.io/json
Status code 429 from http://ipinfo.io/json: ERROR - 429 Client Error: Too Many Requests for url: http://ipinfo.io/json
Status code 429 from http://ipinfo.io/json: ERROR - 429 Client Error: Too Many Requests for url: http://ipinfo.io/json
Status code 429 from http://ipinfo.io/json: ERROR - 429 Client Error: Too Many Requests for url: http://ipinfo.io/json
Status code 429 from http://ipinfo.io/json: ERROR - 429 Client Error: Too Many Requests for url: http://ipinfo.io/json
Status code 429 from http://ipinfo.io/json: ERROR - 429 Client Error: Too Many Requests for url: http://ipinfo.io/json
Status code 429 from http://ipinfo.io/json: ERROR - 429 Client Error: Too Many Requests for url: http://ipinfo.io/json
Status code 429 from http://ipinfo.io/json: ERROR - 429 Client Error: Too Many Requests for url: http://ipinfo.io/json
build/omp_base_default/histo: /lib/x86_64-linux-gnu/libc.so.6: version `GLIBC_2.34' not found (required by build/omp_base_default/histo)
make: *** [/home/users/acsilveira/hpc-benchmarks/parboil/common/mk/c.mk:60: run] Error 1
build/omp_base_default/histo: /lib/x86_64-linux-gnu/libc.so.6: version `GLIBC_2.34' not found (required by build/omp_base_default/histo)
make: *** [/home/users/acsilveira/hpc-benchmarks/parboil/common/mk/c.mk:60: run] Error 1
build/omp_base_default/histo: /lib/x86_64-linux-gnu/libc.so.6: version `GLIBC_2.34' not found (required by build/omp_base_default/histo)
make: *** [/home/users/acsilveira/hpc-benchmarks/parboil/common/mk/c.mk:60: run] Error 1
build/omp_base_default/histo: /lib/x86_64-linux-gnu/libc.so.6: version `GLIBC_2.34' not found (required by build/omp_base_default/histo)
make: *** [/home/users/acsilveira/hpc-benchmarks/parboil/common/mk/c.mk:60: run] Error 1
build/omp_base_default/histo: /lib/x86_64-linux-gnu/libc.so.6: version `GLIBC_2.34' not found (required by build/omp_base_default/histo)
make: *** [/home/users/acsilveira/hpc-benchmarks/parboil/common/mk/c.mk:60: run] Error 1
build/omp_base_default/histo: /lib/x86_64-linux-gnu/libc.so.6: version `GLIBC_2.34' not found (required by build/omp_base_default/histo)
make: *** [/home/users/acsilveira/hpc-benchmarks/parboil/common/mk/c.mk:60: run] Error 1
build/omp_base_default/histo: /lib/x86_64-linux-gnu/libc.so.6: version `GLIBC_2.34' not found (required by build/omp_base_default/histo)
make: *** [/home/users/acsilveira/hpc-benchmarks/parboil/common/mk/c.mk:60: run] Error 1
build/omp_base_default/histo: /lib/x86_64-linux-gnu/libc.so.6: version `GLIBC_2.34' not found (required by build/omp_base_default/histo)
make: *** [/home/users/acsilveira/hpc-benchmarks/parboil/common/mk/c.mk:60: run] Error 1
build/omp_base_default/histo: /lib/x86_64-linux-gnu/libc.so.6: version `GLIBC_2.34' not found (required by build/omp_base_default/histo)
make: *** [/home/users/acsilveira/hpc-benchmarks/parboil/common/mk/c.mk:60: run] Error 1
build/omp_base_default/histo: /lib/x86_64-linux-gnu/libc.so.6: version `GLIBC_2.34' not found (required by build/omp_base_default/histo)
make: *** [/home/users/acsilveira/hpc-benchmarks/parboil/common/mk/c.mk:60: run] Error 1
build/omp_base_default/histo: /lib/x86_64-linux-gnu/libc.so.6: version `GLIBC_2.34' not found (required by build/omp_base_default/histo)
make: *** [/home/users/acsilveira/hpc-benchmarks/parboil/common/mk/c.mk:60: run] Error 1
build/omp_base_default/histo: /lib/x86_64-linux-gnu/libc.so.6: version `GLIBC_2.34' not found (required by build/omp_base_default/histo)
make: *** [/home/users/acsilveira/hpc-benchmarks/parboil/common/mk/c.mk:60: run] Error 1
build/omp_base_default/histo: /lib/x86_64-linux-gnu/libc.so.6: version `GLIBC_2.34' not found (required by build/omp_base_default/histo)
make: *** [/home/users/acsilveira/hpc-benchmarks/parboil/common/mk/c.mk:60: run] Error 1
build/omp_base_default/histo: /lib/x86_64-linux-gnu/libc.so.6: version `GLIBC_2.34' not found (required by build/omp_base_default/histo)
make: *** [/home/users/acsilveira/hpc-benchmarks/parboil/common/mk/c.mk:60: run] Error 1
build/omp_base_default/histo: /lib/x86_64-linux-gnu/libc.so.6: version `GLIBC_2.34' not found (required by build/omp_base_default/histo)
make: *** [/home/users/acsilveira/hpc-benchmarks/parboil/common/mk/c.mk:60: run] Error 1
build/omp_base_default/histo: /lib/x86_64-linux-gnu/libc.so.6: version `GLIBC_2.34' not found (required by build/omp_base_default/histo)
make: *** [/home/users/acsilveira/hpc-benchmarks/parboil/common/mk/c.mk:60: run] Error 1
build/omp_base_default/histo: /lib/x86_64-linux-gnu/libc.so.6: version `GLIBC_2.34' not found (required by build/omp_base_default/histo)
make: *** [/home/users/acsilveira/hpc-benchmarks/parboil/common/mk/c.mk:60: run] Error 1
<command-line>: warning: "_OPENMP" redefined
<built-in>: note: this is the location of the previous definition
<command-line>: warning: "_OPENMP" redefined
<built-in>: note: this is the location of the previous definition
<command-line>: warning: "_OPENMP" redefined
<built-in>: note: this is the location of the previous definition
/usr/bin/ld: build/omp_base_default/main.o: in function `main':
main.c:(.text+0x2b2): undefined reference to `ComputePhiMagCPU'
/usr/bin/ld: main.c:(.text+0x34a): undefined reference to `ComputeQCPU'
collect2: error: ld returned 1 exit status
make: *** [/home/users/acsilveira/hpc-benchmarks/parboil/common/mk/c.mk:70: build/omp_base_default/mri-q] Error 1
/usr/bin/ld: build/omp_base_default/main.o: in function `main':
main.c:(.text+0x2b2): undefined reference to `ComputePhiMagCPU'
/usr/bin/ld: main.c:(.text+0x34a): undefined reference to `ComputeQCPU'
collect2: error: ld returned 1 exit status
make: *** [/home/users/acsilveira/hpc-benchmarks/parboil/common/mk/c.mk:70: build/omp_base_default/mri-q] Error 1
/usr/bin/ld: build/omp_base_default/main.o: in function `main':
main.c:(.text+0x2b2): undefined reference to `ComputePhiMagCPU'
/usr/bin/ld: main.c:(.text+0x34a): undefined reference to `ComputeQCPU'
collect2: error: ld returned 1 exit status
make: *** [/home/users/acsilveira/hpc-benchmarks/parboil/common/mk/c.mk:70: build/omp_base_default/mri-q] Error 1
/usr/bin/ld: build/omp_base_default/main.o: in function `main':
main.c:(.text+0x2b2): undefined reference to `ComputePhiMagCPU'
/usr/bin/ld: main.c:(.text+0x34a): undefined reference to `ComputeQCPU'
collect2: error: ld returned 1 exit status
make: *** [/home/users/acsilveira/hpc-benchmarks/parboil/common/mk/c.mk:70: build/omp_base_default/mri-q] Error 1
/usr/bin/ld: build/omp_base_default/main.o: in function `main':
main.c:(.text+0x2b2): undefined reference to `ComputePhiMagCPU'
/usr/bin/ld: main.c:(.text+0x34a): undefined reference to `ComputeQCPU'
collect2: error: ld returned 1 exit status
make: *** [/home/users/acsilveira/hpc-benchmarks/parboil/common/mk/c.mk:70: build/omp_base_default/mri-q] Error 1
/usr/bin/ld: build/omp_base_default/main.o: in function `main':
main.c:(.text+0x2b2): undefined reference to `ComputePhiMagCPU'
/usr/bin/ld: main.c:(.text+0x34a): undefined reference to `ComputeQCPU'
collect2: error: ld returned 1 exit status
make: *** [/home/users/acsilveira/hpc-benchmarks/parboil/common/mk/c.mk:70: build/omp_base_default/mri-q] Error 1
/usr/bin/ld: build/omp_base_default/main.o: in function `main':
main.c:(.text+0x2b2): undefined reference to `ComputePhiMagCPU'
/usr/bin/ld: main.c:(.text+0x34a): undefined reference to `ComputeQCPU'
collect2: error: ld returned 1 exit status
make: *** [/home/users/acsilveira/hpc-benchmarks/parboil/common/mk/c.mk:70: build/omp_base_default/mri-q] Error 1
/usr/bin/ld: build/omp_base_default/main.o: in function `main':
main.c:(.text+0x2b2): undefined reference to `ComputePhiMagCPU'
/usr/bin/ld: main.c:(.text+0x34a): undefined reference to `ComputeQCPU'
collect2: error: ld returned 1 exit status
make: *** [/home/users/acsilveira/hpc-benchmarks/parboil/common/mk/c.mk:70: build/omp_base_default/mri-q] Error 1
/usr/bin/ld: build/omp_base_default/main.o: in function `main':
main.c:(.text+0x2b2): undefined reference to `ComputePhiMagCPU'
/usr/bin/ld: main.c:(.text+0x34a): undefined reference to `ComputeQCPU'
collect2: error: ld returned 1 exit status
make: *** [/home/users/acsilveira/hpc-benchmarks/parboil/common/mk/c.mk:70: build/omp_base_default/mri-q] Error 1
/usr/bin/ld: build/omp_base_default/main.o: in function `main':
main.c:(.text+0x2b2): undefined reference to `ComputePhiMagCPU'
/usr/bin/ld: main.c:(.text+0x34a): undefined reference to `ComputeQCPU'
collect2: error: ld returned 1 exit status
make: *** [/home/users/acsilveira/hpc-benchmarks/parboil/common/mk/c.mk:70: build/omp_base_default/mri-q] Error 1
/usr/bin/ld: build/omp_base_default/main.o: in function `main':
main.c:(.text+0x2b2): undefined reference to `ComputePhiMagCPU'
/usr/bin/ld: main.c:(.text+0x34a): undefined reference to `ComputeQCPU'
collect2: error: ld returned 1 exit status
make: *** [/home/users/acsilveira/hpc-benchmarks/parboil/common/mk/c.mk:70: build/omp_base_default/mri-q] Error 1
/usr/bin/ld: build/omp_base_default/main.o: in function `main':
main.c:(.text+0x2b2): undefined reference to `ComputePhiMagCPU'
/usr/bin/ld: main.c:(.text+0x34a): undefined reference to `ComputeQCPU'
collect2: error: ld returned 1 exit status
make: *** [/home/users/acsilveira/hpc-benchmarks/parboil/common/mk/c.mk:70: build/omp_base_default/mri-q] Error 1
/usr/bin/ld: build/omp_base_default/main.o: in function `main':
main.c:(.text+0x2b2): undefined reference to `ComputePhiMagCPU'
/usr/bin/ld: main.c:(.text+0x34a): undefined reference to `ComputeQCPU'
collect2: error: ld returned 1 exit status
make: *** [/home/users/acsilveira/hpc-benchmarks/parboil/common/mk/c.mk:70: build/omp_base_default/mri-q] Error 1
/usr/bin/ld: build/omp_base_default/main.o: in function `main':
main.c:(.text+0x2b2): undefined reference to `ComputePhiMagCPU'
/usr/bin/ld: main.c:(.text+0x34a): undefined reference to `ComputeQCPU'
collect2: error: ld returned 1 exit status
make: *** [/home/users/acsilveira/hpc-benchmarks/parboil/common/mk/c.mk:70: build/omp_base_default/mri-q] Error 1
/usr/bin/ld: build/omp_base_default/main.o: in function `main':
main.c:(.text+0x2b2): undefined reference to `ComputePhiMagCPU'
/usr/bin/ld: main.c:(.text+0x34a): undefined reference to `ComputeQCPU'
collect2: error: ld returned 1 exit status
make: *** [/home/users/acsilveira/hpc-benchmarks/parboil/common/mk/c.mk:70: build/omp_base_default/mri-q] Error 1
/usr/bin/ld: build/omp_base_default/main.o: in function `main':
main.c:(.text+0x2b2): undefined reference to `ComputePhiMagCPU'
/usr/bin/ld: main.c:(.text+0x34a): undefined reference to `ComputeQCPU'
collect2: error: ld returned 1 exit status
make: *** [/home/users/acsilveira/hpc-benchmarks/parboil/common/mk/c.mk:70: build/omp_base_default/mri-q] Error 1
/usr/bin/ld: build/omp_base_default/main.o: in function `main':
main.c:(.text+0x2b2): undefined reference to `ComputePhiMagCPU'
/usr/bin/ld: main.c:(.text+0x34a): undefined reference to `ComputeQCPU'
collect2: error: ld returned 1 exit status
make: *** [/home/users/acsilveira/hpc-benchmarks/parboil/common/mk/c.mk:70: build/omp_base_default/mri-q] Error 1
/usr/bin/ld: build/omp_base_default/main.o: in function `main':
main.c:(.text+0x2b2): undefined reference to `ComputePhiMagCPU'
/usr/bin/ld: main.c:(.text+0x34a): undefined reference to `ComputeQCPU'
collect2: error: ld returned 1 exit status
make: *** [/home/users/acsilveira/hpc-benchmarks/parboil/common/mk/c.mk:70: build/omp_base_default/mri-q] Error 1
/usr/bin/ld: build/omp_base_default/main.o: in function `main':
main.c:(.text+0x2b2): undefined reference to `ComputePhiMagCPU'
/usr/bin/ld: main.c:(.text+0x34a): undefined reference to `ComputeQCPU'
collect2: error: ld returned 1 exit status
make: *** [/home/users/acsilveira/hpc-benchmarks/parboil/common/mk/c.mk:70: build/omp_base_default/mri-q] Error 1
/usr/bin/ld: build/omp_base_default/main.o: in function `main':
main.c:(.text+0x2b2): undefined reference to `ComputePhiMagCPU'
/usr/bin/ld: main.c:(.text+0x34a): undefined reference to `ComputeQCPU'
collect2: error: ld returned 1 exit status
make: *** [/home/users/acsilveira/hpc-benchmarks/parboil/common/mk/c.mk:70: build/omp_base_default/mri-q] Error 1
/usr/bin/ld: build/omp_base_default/main.o: in function `main':
main.c:(.text+0x2b2): undefined reference to `ComputePhiMagCPU'
/usr/bin/ld: main.c:(.text+0x34a): undefined reference to `ComputeQCPU'
collect2: error: ld returned 1 exit status
make: *** [/home/users/acsilveira/hpc-benchmarks/parboil/common/mk/c.mk:70: build/omp_base_default/mri-q] Error 1
/usr/bin/ld: build/omp_base_default/main.o: in function `main':
main.c:(.text+0x2b2): undefined reference to `ComputePhiMagCPU'
/usr/bin/ld: main.c:(.text+0x34a): undefined reference to `ComputeQCPU'
collect2: error: ld returned 1 exit status
make: *** [/home/users/acsilveira/hpc-benchmarks/parboil/common/mk/c.mk:70: build/omp_base_default/mri-q] Error 1
/usr/bin/ld: build/omp_base_default/main.o: in function `main':
main.c:(.text+0x2b2): undefined reference to `ComputePhiMagCPU'
/usr/bin/ld: main.c:(.text+0x34a): undefined reference to `ComputeQCPU'
collect2: error: ld returned 1 exit status
make: *** [/home/users/acsilveira/hpc-benchmarks/parboil/common/mk/c.mk:70: build/omp_base_default/mri-q] Error 1
/usr/bin/ld: build/omp_base_default/main.o: in function `main':
main.c:(.text+0x2b2): undefined reference to `ComputePhiMagCPU'
/usr/bin/ld: main.c:(.text+0x34a): undefined reference to `ComputeQCPU'
collect2: error: ld returned 1 exit status
make: *** [/home/users/acsilveira/hpc-benchmarks/parboil/common/mk/c.mk:70: build/omp_base_default/mri-q] Error 1
/usr/bin/ld: build/omp_base_default/main.o: in function `main':
main.c:(.text+0x2b2): undefined reference to `ComputePhiMagCPU'
/usr/bin/ld: main.c:(.text+0x34a): undefined reference to `ComputeQCPU'
collect2: error: ld returned 1 exit status
make: *** [/home/users/acsilveira/hpc-benchmarks/parboil/common/mk/c.mk:70: build/omp_base_default/mri-q] Error 1
/usr/bin/ld: build/omp_base_default/main.o: in function `main':
main.c:(.text+0x2b2): undefined reference to `ComputePhiMagCPU'
/usr/bin/ld: main.c:(.text+0x34a): undefined reference to `ComputeQCPU'
collect2: error: ld returned 1 exit status
make: *** [/home/users/acsilveira/hpc-benchmarks/parboil/common/mk/c.mk:70: build/omp_base_default/mri-q] Error 1
/usr/bin/ld: build/omp_base_default/main.o: in function `main':
main.c:(.text+0x2b2): undefined reference to `ComputePhiMagCPU'
/usr/bin/ld: main.c:(.text+0x34a): undefined reference to `ComputeQCPU'
collect2: error: ld returned 1 exit status
make: *** [/home/users/acsilveira/hpc-benchmarks/parboil/common/mk/c.mk:70: build/omp_base_default/mri-q] Error 1
/usr/bin/ld: build/omp_base_default/main.o: in function `main':
main.c:(.text+0x2b2): undefined reference to `ComputePhiMagCPU'
/usr/bin/ld: main.c:(.text+0x34a): undefined reference to `ComputeQCPU'
collect2: error: ld returned 1 exit status
make: *** [/home/users/acsilveira/hpc-benchmarks/parboil/common/mk/c.mk:70: build/omp_base_default/mri-q] Error 1
/usr/bin/ld: build/omp_base_default/main.o: in function `main':
main.c:(.text+0x2b2): undefined reference to `ComputePhiMagCPU'
/usr/bin/ld: main.c:(.text+0x34a): undefined reference to `ComputeQCPU'
collect2: error: ld returned 1 exit status
make: *** [/home/users/acsilveira/hpc-benchmarks/parboil/common/mk/c.mk:70: build/omp_base_default/mri-q] Error 1
/usr/bin/ld: build/omp_base_default/main.o: in function `main':
main.c:(.text+0x2b2): undefined reference to `ComputePhiMagCPU'
/usr/bin/ld: main.c:(.text+0x34a): undefined reference to `ComputeQCPU'
collect2: error: ld returned 1 exit status
make: *** [/home/users/acsilveira/hpc-benchmarks/parboil/common/mk/c.mk:70: build/omp_base_default/mri-q] Error 1
/usr/bin/ld: build/omp_base_default/main.o: in function `main':
main.c:(.text+0x2b2): undefined reference to `ComputePhiMagCPU'
/usr/bin/ld: main.c:(.text+0x34a): undefined reference to `ComputeQCPU'
collect2: error: ld returned 1 exit status
make: *** [/home/users/acsilveira/hpc-benchmarks/parboil/common/mk/c.mk:70: build/omp_base_default/mri-q] Error 1
/usr/bin/ld: build/omp_base_default/main.o: in function `main':
main.c:(.text+0x2b2): undefined reference to `ComputePhiMagCPU'
/usr/bin/ld: main.c:(.text+0x34a): undefined reference to `ComputeQCPU'
collect2: error: ld returned 1 exit status
make: *** [/home/users/acsilveira/hpc-benchmarks/parboil/common/mk/c.mk:70: build/omp_base_default/mri-q] Error 1
/usr/bin/ld: build/omp_base_default/main.o: in function `main':
main.c:(.text+0x2b2): undefined reference to `ComputePhiMagCPU'
/usr/bin/ld: main.c:(.text+0x34a): undefined reference to `ComputeQCPU'
collect2: error: ld returned 1 exit status
make: *** [/home/users/acsilveira/hpc-benchmarks/parboil/common/mk/c.mk:70: build/omp_base_default/mri-q] Error 1
/usr/bin/ld: build/omp_base_default/main.o: in function `main':
main.c:(.text+0x2b2): undefined reference to `ComputePhiMagCPU'
/usr/bin/ld: main.c:(.text+0x34a): undefined reference to `ComputeQCPU'
collect2: error: ld returned 1 exit status
make: *** [/home/users/acsilveira/hpc-benchmarks/parboil/common/mk/c.mk:70: build/omp_base_default/mri-q] Error 1
/usr/bin/ld: build/omp_base_default/main.o: in function `main':
main.c:(.text+0x2b2): undefined reference to `ComputePhiMagCPU'
/usr/bin/ld: main.c:(.text+0x34a): undefined reference to `ComputeQCPU'
collect2: error: ld returned 1 exit status
make: *** [/home/users/acsilveira/hpc-benchmarks/parboil/common/mk/c.mk:70: build/omp_base_default/mri-q] Error 1
/usr/bin/ld: build/omp_base_default/main.o: in function `main':
main.c:(.text+0x2b2): undefined reference to `ComputePhiMagCPU'
/usr/bin/ld: main.c:(.text+0x34a): undefined reference to `ComputeQCPU'
collect2: error: ld returned 1 exit status
make: *** [/home/users/acsilveira/hpc-benchmarks/parboil/common/mk/c.mk:70: build/omp_base_default/mri-q] Error 1
/usr/bin/ld: build/omp_base_default/main.o: in function `main':
main.c:(.text+0x2b2): undefined reference to `ComputePhiMagCPU'
/usr/bin/ld: main.c:(.text+0x34a): undefined reference to `ComputeQCPU'
collect2: error: ld returned 1 exit status
make: *** [/home/users/acsilveira/hpc-benchmarks/parboil/common/mk/c.mk:70: build/omp_base_default/mri-q] Error 1
/usr/bin/ld: build/omp_base_default/main.o: in function `main':
main.c:(.text+0x2b2): undefined reference to `ComputePhiMagCPU'
/usr/bin/ld: main.c:(.text+0x34a): undefined reference to `ComputeQCPU'
collect2: error: ld returned 1 exit status
make: *** [/home/users/acsilveira/hpc-benchmarks/parboil/common/mk/c.mk:70: build/omp_base_default/mri-q] Error 1
/usr/bin/ld: build/omp_base_default/main.o: in function `main':
main.c:(.text+0x2b2): undefined reference to `ComputePhiMagCPU'
/usr/bin/ld: main.c:(.text+0x34a): undefined reference to `ComputeQCPU'
collect2: error: ld returned 1 exit status
make: *** [/home/users/acsilveira/hpc-benchmarks/parboil/common/mk/c.mk:70: build/omp_base_default/mri-q] Error 1
/usr/bin/ld: build/omp_base_default/main.o: in function `main':
main.c:(.text+0x2b2): undefined reference to `ComputePhiMagCPU'
/usr/bin/ld: main.c:(.text+0x34a): undefined reference to `ComputeQCPU'
collect2: error: ld returned 1 exit status
make: *** [/home/users/acsilveira/hpc-benchmarks/parboil/common/mk/c.mk:70: build/omp_base_default/mri-q] Error 1
/usr/bin/ld: build/omp_base_default/main.o: in function `main':
main.c:(.text+0x2b2): undefined reference to `ComputePhiMagCPU'
/usr/bin/ld: main.c:(.text+0x34a): undefined reference to `ComputeQCPU'
collect2: error: ld returned 1 exit status
make: *** [/home/users/acsilveira/hpc-benchmarks/parboil/common/mk/c.mk:70: build/omp_base_default/mri-q] Error 1
/usr/bin/ld: build/omp_base_default/main.o: in function `main':
main.c:(.text+0x2b2): undefined reference to `ComputePhiMagCPU'
/usr/bin/ld: main.c:(.text+0x34a): undefined reference to `ComputeQCPU'
collect2: error: ld returned 1 exit status
make: *** [/home/users/acsilveira/hpc-benchmarks/parboil/common/mk/c.mk:70: build/omp_base_default/mri-q] Error 1
/usr/bin/ld: build/omp_base_default/main.o: in function `main':
main.c:(.text+0x2b2): undefined reference to `ComputePhiMagCPU'
/usr/bin/ld: main.c:(.text+0x34a): undefined reference to `ComputeQCPU'
collect2: error: ld returned 1 exit status
make: *** [/home/users/acsilveira/hpc-benchmarks/parboil/common/mk/c.mk:70: build/omp_base_default/mri-q] Error 1
/usr/bin/ld: build/omp_base_default/main.o: in function `main':
main.c:(.text+0x2b2): undefined reference to `ComputePhiMagCPU'
/usr/bin/ld: main.c:(.text+0x34a): undefined reference to `ComputeQCPU'
collect2: error: ld returned 1 exit status
make: *** [/home/users/acsilveira/hpc-benchmarks/parboil/common/mk/c.mk:70: build/omp_base_default/mri-q] Error 1
/usr/bin/ld: build/omp_base_default/main.o: in function `main':
main.c:(.text+0x2b2): undefined reference to `ComputePhiMagCPU'
/usr/bin/ld: main.c:(.text+0x34a): undefined reference to `ComputeQCPU'
collect2: error: ld returned 1 exit status
make: *** [/home/users/acsilveira/hpc-benchmarks/parboil/common/mk/c.mk:70: build/omp_base_default/mri-q] Error 1
hotspot_openmp.cpp: In function void read_input(FLOAT*, int, int, char*):
hotspot_openmp.cpp:245:48: warning: ISO C++ forbids converting a string constant to char* [-Wwrite-strings]
   fatal ("file could not be opened for reading");
                                                ^
hotspot_openmp.cpp:250:36: warning: ISO C++ forbids converting a string constant to char* [-Wwrite-strings]
    fatal("not enough lines in file");
                                    ^
hotspot_openmp.cpp:252:31: warning: ISO C++ forbids converting a string constant to char* [-Wwrite-strings]
    fatal("invalid file format");
                               ^
hotspot_openmp.cpp: In function int main(int, char**):
hotspot_openmp.cpp:293:36: warning: ISO C++ forbids converting a string constant to char* [-Wwrite-strings]
   fatal("unable to allocate memory");
                                    ^
../common/common.c: In function lud_verify:
../common/common.c:187:1: warning: control reaches end of non-void function [-Wreturn-type]
 }
 ^
../common/common.c: In function create_matrix_from_random:
../common/common.c:123:7: warning: m may be used uninitialized in this function [-Wmaybe-uninitialized]
   *mp = m;
   ~~~~^~~
read 65536 points
finish local search
read 65536 points
finish local search
read 65536 points
finish local search
read 65536 points
finish local search
read 65536 points
finish local search
read 65536 points
finish local search
read 65536 points
finish local search
read 65536 points
finish local search
Status code 429 from http://ipinfo.io/json: ERROR - 429 Client Error: Too Many Requests for url: http://ipinfo.io/json
read 65536 points
finish local search
Status code 429 from http://ipinfo.io/json: ERROR - 429 Client Error: Too Many Requests for url: http://ipinfo.io/json
Status code 429 from http://ipinfo.io/json: ERROR - 429 Client Error: Too Many Requests for url: http://ipinfo.io/json
Status code 429 from http://ipinfo.io/json: ERROR - 429 Client Error: Too Many Requests for url: http://ipinfo.io/json
Status code 429 from http://ipinfo.io/json: ERROR - 429 Client Error: Too Many Requests for url: http://ipinfo.io/json
read 65536 points
finish local search
Status code 429 from http://ipinfo.io/json: ERROR - 429 Client Error: Too Many Requests for url: http://ipinfo.io/json
Status code 429 from http://ipinfo.io/json: ERROR - 429 Client Error: Too Many Requests for url: http://ipinfo.io/json
Status code 429 from http://ipinfo.io/json: ERROR - 429 Client Error: Too Many Requests for url: http://ipinfo.io/json
Status code 429 from http://ipinfo.io/json: ERROR - 429 Client Error: Too Many Requests for url: http://ipinfo.io/json
read 65536 points
finish local search
Status code 429 from http://ipinfo.io/json: ERROR - 429 Client Error: Too Many Requests for url: http://ipinfo.io/json
Status code 429 from http://ipinfo.io/json: ERROR - 429 Client Error: Too Many Requests for url: http://ipinfo.io/json
Status code 429 from http://ipinfo.io/json: ERROR - 429 Client Error: Too Many Requests for url: http://ipinfo.io/json
Status code 429 from http://ipinfo.io/json: ERROR - 429 Client Error: Too Many Requests for url: http://ipinfo.io/json
read 65536 points
finish local search
Status code 429 from http://ipinfo.io/json: ERROR - 429 Client Error: Too Many Requests for url: http://ipinfo.io/json
Status code 429 from http://ipinfo.io/json: ERROR - 429 Client Error: Too Many Requests for url: http://ipinfo.io/json
Status code 429 from http://ipinfo.io/json: ERROR - 429 Client Error: Too Many Requests for url: http://ipinfo.io/json
Status code 429 from http://ipinfo.io/json: ERROR - 429 Client Error: Too Many Requests for url: http://ipinfo.io/json
read 65536 points
finish local search
Status code 429 from http://ipinfo.io/json: ERROR - 429 Client Error: Too Many Requests for url: http://ipinfo.io/json
Status code 429 from http://ipinfo.io/json: ERROR - 429 Client Error: Too Many Requests for url: http://ipinfo.io/json
Status code 429 from http://ipinfo.io/json: ERROR - 429 Client Error: Too Many Requests for url: http://ipinfo.io/json
Status code 429 from http://ipinfo.io/json: ERROR - 429 Client Error: Too Many Requests for url: http://ipinfo.io/json
read 65536 points
finish local search
Status code 429 from http://ipinfo.io/json: ERROR - 429 Client Error: Too Many Requests for url: http://ipinfo.io/json
Status code 429 from http://ipinfo.io/json: ERROR - 429 Client Error: Too Many Requests for url: http://ipinfo.io/json
Status code 429 from http://ipinfo.io/json: ERROR - 429 Client Error: Too Many Requests for url: http://ipinfo.io/json
Status code 429 from http://ipinfo.io/json: ERROR - 429 Client Error: Too Many Requests for url: http://ipinfo.io/json
read 65536 points
finish local search
Status code 429 from http://ipinfo.io/json: ERROR - 429 Client Error: Too Many Requests for url: http://ipinfo.io/json
Status code 429 from http://ipinfo.io/json: ERROR - 429 Client Error: Too Many Requests for url: http://ipinfo.io/json
Status code 429 from http://ipinfo.io/json: ERROR - 429 Client Error: Too Many Requests for url: http://ipinfo.io/json
Status code 429 from http://ipinfo.io/json: ERROR - 429 Client Error: Too Many Requests for url: http://ipinfo.io/json
read 65536 points
finish local search
Status code 429 from http://ipinfo.io/json: ERROR - 429 Client Error: Too Many Requests for url: http://ipinfo.io/json
Status code 429 from http://ipinfo.io/json: ERROR - 429 Client Error: Too Many Requests for url: http://ipinfo.io/json
Status code 429 from http://ipinfo.io/json: ERROR - 429 Client Error: Too Many Requests for url: http://ipinfo.io/json
Status code 429 from http://ipinfo.io/json: ERROR - 429 Client Error: Too Many Requests for url: http://ipinfo.io/json
read 65536 points
finish local search
Status code 429 from http://ipinfo.io/json: ERROR - 429 Client Error: Too Many Requests for url: http://ipinfo.io/json
Status code 429 from http://ipinfo.io/json: ERROR - 429 Client Error: Too Many Requests for url: http://ipinfo.io/json
Status code 429 from http://ipinfo.io/json: ERROR - 429 Client Error: Too Many Requests for url: http://ipinfo.io/json
Status code 429 from http://ipinfo.io/json: ERROR - 429 Client Error: Too Many Requests for url: http://ipinfo.io/json
read 65536 points
finish local search
Status code 429 from http://ipinfo.io/json: ERROR - 429 Client Error: Too Many Requests for url: http://ipinfo.io/json
Status code 429 from http://ipinfo.io/json: ERROR - 429 Client Error: Too Many Requests for url: http://ipinfo.io/json
Status code 429 from http://ipinfo.io/json: ERROR - 429 Client Error: Too Many Requests for url: http://ipinfo.io/json
Status code 429 from http://ipinfo.io/json: ERROR - 429 Client Error: Too Many Requests for url: http://ipinfo.io/json
read 65536 points
finish local search
Status code 429 from http://ipinfo.io/json: ERROR - 429 Client Error: Too Many Requests for url: http://ipinfo.io/json
Status code 429 from http://ipinfo.io/json: ERROR - 429 Client Error: Too Many Requests for url: http://ipinfo.io/json
Status code 429 from http://ipinfo.io/json: ERROR - 429 Client Error: Too Many Requests for url: http://ipinfo.io/json
Status code 429 from http://ipinfo.io/json: ERROR - 429 Client Error: Too Many Requests for url: http://ipinfo.io/json
read 65536 points
finish local search
Status code 429 from http://ipinfo.io/json: ERROR - 429 Client Error: Too Many Requests for url: http://ipinfo.io/json
Status code 429 from http://ipinfo.io/json: ERROR - 429 Client Error: Too Many Requests for url: http://ipinfo.io/json
Status code 429 from http://ipinfo.io/json: ERROR - 429 Client Error: Too Many Requests for url: http://ipinfo.io/json
Status code 429 from http://ipinfo.io/json: ERROR - 429 Client Error: Too Many Requests for url: http://ipinfo.io/json
read 65536 points
finish local search
Status code 429 from http://ipinfo.io/json: ERROR - 429 Client Error: Too Many Requests for url: http://ipinfo.io/json
Status code 429 from http://ipinfo.io/json: ERROR - 429 Client Error: Too Many Requests for url: http://ipinfo.io/json
Status code 429 from http://ipinfo.io/json: ERROR - 429 Client Error: Too Many Requests for url: http://ipinfo.io/json
Status code 429 from http://ipinfo.io/json: ERROR - 429 Client Error: Too Many Requests for url: http://ipinfo.io/json
read 65536 points
finish local search
Status code 429 from http://ipinfo.io/json: ERROR - 429 Client Error: Too Many Requests for url: http://ipinfo.io/json
Status code 429 from http://ipinfo.io/json: ERROR - 429 Client Error: Too Many Requests for url: http://ipinfo.io/json
Status code 429 from http://ipinfo.io/json: ERROR - 429 Client Error: Too Many Requests for url: http://ipinfo.io/json
Status code 429 from http://ipinfo.io/json: ERROR - 429 Client Error: Too Many Requests for url: http://ipinfo.io/json
read 65536 points
finish local search
Status code 429 from http://ipinfo.io/json: ERROR - 429 Client Error: Too Many Requests for url: http://ipinfo.io/json
Status code 429 from http://ipinfo.io/json: ERROR - 429 Client Error: Too Many Requests for url: http://ipinfo.io/json
Status code 429 from http://ipinfo.io/json: ERROR - 429 Client Error: Too Many Requests for url: http://ipinfo.io/json
Status code 429 from http://ipinfo.io/json: ERROR - 429 Client Error: Too Many Requests for url: http://ipinfo.io/json
read 65536 points
finish local search
Status code 429 from http://ipinfo.io/json: ERROR - 429 Client Error: Too Many Requests for url: http://ipinfo.io/json
Status code 429 from http://ipinfo.io/json: ERROR - 429 Client Error: Too Many Requests for url: http://ipinfo.io/json
Status code 429 from http://ipinfo.io/json: ERROR - 429 Client Error: Too Many Requests for url: http://ipinfo.io/json
Status code 429 from http://ipinfo.io/json: ERROR - 429 Client Error: Too Many Requests for url: http://ipinfo.io/json
read 65536 points
finish local search
Status code 429 from http://ipinfo.io/json: ERROR - 429 Client Error: Too Many Requests for url: http://ipinfo.io/json
Status code 429 from http://ipinfo.io/json: ERROR - 429 Client Error: Too Many Requests for url: http://ipinfo.io/json
Status code 429 from http://ipinfo.io/json: ERROR - 429 Client Error: Too Many Requests for url: http://ipinfo.io/json
Status code 429 from http://ipinfo.io/json: ERROR - 429 Client Error: Too Many Requests for url: http://ipinfo.io/json
read 65536 points
finish local search
Status code 429 from http://ipinfo.io/json: ERROR - 429 Client Error: Too Many Requests for url: http://ipinfo.io/json
Status code 429 from http://ipinfo.io/json: ERROR - 429 Client Error: Too Many Requests for url: http://ipinfo.io/json
Status code 429 from http://ipinfo.io/json: ERROR - 429 Client Error: Too Many Requests for url: http://ipinfo.io/json
Status code 429 from http://ipinfo.io/json: ERROR - 429 Client Error: Too Many Requests for url: http://ipinfo.io/json
read 65536 points
finish local search
Status code 429 from http://ipinfo.io/json: ERROR - 429 Client Error: Too Many Requests for url: http://ipinfo.io/json
Status code 429 from http://ipinfo.io/json: ERROR - 429 Client Error: Too Many Requests for url: http://ipinfo.io/json
Status code 429 from http://ipinfo.io/json: ERROR - 429 Client Error: Too Many Requests for url: http://ipinfo.io/json
Status code 429 from http://ipinfo.io/json: ERROR - 429 Client Error: Too Many Requests for url: http://ipinfo.io/json
read 65536 points
finish local search
Status code 429 from http://ipinfo.io/json: ERROR - 429 Client Error: Too Many Requests for url: http://ipinfo.io/json
Status code 429 from http://ipinfo.io/json: ERROR - 429 Client Error: Too Many Requests for url: http://ipinfo.io/json
Status code 429 from http://ipinfo.io/json: ERROR - 429 Client Error: Too Many Requests for url: http://ipinfo.io/json
Status code 429 from http://ipinfo.io/json: ERROR - 429 Client Error: Too Many Requests for url: http://ipinfo.io/json
read 65536 points
finish local search
Status code 429 from http://ipinfo.io/json: ERROR - 429 Client Error: Too Many Requests for url: http://ipinfo.io/json
Status code 429 from http://ipinfo.io/json: ERROR - 429 Client Error: Too Many Requests for url: http://ipinfo.io/json
Status code 429 from http://ipinfo.io/json: ERROR - 429 Client Error: Too Many Requests for url: http://ipinfo.io/json
Status code 429 from http://ipinfo.io/json: ERROR - 429 Client Error: Too Many Requests for url: http://ipinfo.io/json
read 65536 points
finish local search
Status code 429 from http://ipinfo.io/json: ERROR - 429 Client Error: Too Many Requests for url: http://ipinfo.io/json
Status code 429 from http://ipinfo.io/json: ERROR - 429 Client Error: Too Many Requests for url: http://ipinfo.io/json
Status code 429 from http://ipinfo.io/json: ERROR - 429 Client Error: Too Many Requests for url: http://ipinfo.io/json
Status code 429 from http://ipinfo.io/json: ERROR - 429 Client Error: Too Many Requests for url: http://ipinfo.io/json
read 65536 points
finish local search
Status code 429 from http://ipinfo.io/json: ERROR - 429 Client Error: Too Many Requests for url: http://ipinfo.io/json
Status code 429 from http://ipinfo.io/json: ERROR - 429 Client Error: Too Many Requests for url: http://ipinfo.io/json
Status code 429 from http://ipinfo.io/json: ERROR - 429 Client Error: Too Many Requests for url: http://ipinfo.io/json
Status code 429 from http://ipinfo.io/json: ERROR - 429 Client Error: Too Many Requests for url: http://ipinfo.io/json
read 65536 points
finish local search
Status code 429 from http://ipinfo.io/json: ERROR - 429 Client Error: Too Many Requests for url: http://ipinfo.io/json
Status code 429 from http://ipinfo.io/json: ERROR - 429 Client Error: Too Many Requests for url: http://ipinfo.io/json
Status code 429 from http://ipinfo.io/json: ERROR - 429 Client Error: Too Many Requests for url: http://ipinfo.io/json
Status code 429 from http://ipinfo.io/json: ERROR - 429 Client Error: Too Many Requests for url: http://ipinfo.io/json
read 65536 points
finish local search
Status code 429 from http://ipinfo.io/json: ERROR - 429 Client Error: Too Many Requests for url: http://ipinfo.io/json
Status code 429 from http://ipinfo.io/json: ERROR - 429 Client Error: Too Many Requests for url: http://ipinfo.io/json
Status code 429 from http://ipinfo.io/json: ERROR - 429 Client Error: Too Many Requests for url: http://ipinfo.io/json
Status code 429 from http://ipinfo.io/json: ERROR - 429 Client Error: Too Many Requests for url: http://ipinfo.io/json
read 65536 points
finish local search
Status code 429 from http://ipinfo.io/json: ERROR - 429 Client Error: Too Many Requests for url: http://ipinfo.io/json
Status code 429 from http://ipinfo.io/json: ERROR - 429 Client Error: Too Many Requests for url: http://ipinfo.io/json
Status code 429 from http://ipinfo.io/json: ERROR - 429 Client Error: Too Many Requests for url: http://ipinfo.io/json
Status code 429 from http://ipinfo.io/json: ERROR - 429 Client Error: Too Many Requests for url: http://ipinfo.io/json
read 65536 points
finish local search
Status code 429 from http://ipinfo.io/json: ERROR - 429 Client Error: Too Many Requests for url: http://ipinfo.io/json
Status code 429 from http://ipinfo.io/json: ERROR - 429 Client Error: Too Many Requests for url: http://ipinfo.io/json
Status code 429 from http://ipinfo.io/json: ERROR - 429 Client Error: Too Many Requests for url: http://ipinfo.io/json
Status code 429 from http://ipinfo.io/json: ERROR - 429 Client Error: Too Many Requests for url: http://ipinfo.io/json
read 65536 points
finish local search
Status code 429 from http://ipinfo.io/json: ERROR - 429 Client Error: Too Many Requests for url: http://ipinfo.io/json
Status code 429 from http://ipinfo.io/json: ERROR - 429 Client Error: Too Many Requests for url: http://ipinfo.io/json
Status code 429 from http://ipinfo.io/json: ERROR - 429 Client Error: Too Many Requests for url: http://ipinfo.io/json
Status code 429 from http://ipinfo.io/json: ERROR - 429 Client Error: Too Many Requests for url: http://ipinfo.io/json
read 65536 points
finish local search
Status code 429 from http://ipinfo.io/json: ERROR - 429 Client Error: Too Many Requests for url: http://ipinfo.io/json
Status code 429 from http://ipinfo.io/json: ERROR - 429 Client Error: Too Many Requests for url: http://ipinfo.io/json
Status code 429 from http://ipinfo.io/json: ERROR - 429 Client Error: Too Many Requests for url: http://ipinfo.io/json
Status code 429 from http://ipinfo.io/json: ERROR - 429 Client Error: Too Many Requests for url: http://ipinfo.io/json
read 65536 points
finish local search
Status code 429 from http://ipinfo.io/json: ERROR - 429 Client Error: Too Many Requests for url: http://ipinfo.io/json
Status code 429 from http://ipinfo.io/json: ERROR - 429 Client Error: Too Many Requests for url: http://ipinfo.io/json
Status code 429 from http://ipinfo.io/json: ERROR - 429 Client Error: Too Many Requests for url: http://ipinfo.io/json
Status code 429 from http://ipinfo.io/json: ERROR - 429 Client Error: Too Many Requests for url: http://ipinfo.io/json
read 65536 points
finish local search
Status code 429 from http://ipinfo.io/json: ERROR - 429 Client Error: Too Many Requests for url: http://ipinfo.io/json
Status code 429 from http://ipinfo.io/json: ERROR - 429 Client Error: Too Many Requests for url: http://ipinfo.io/json
Status code 429 from http://ipinfo.io/json: ERROR - 429 Client Error: Too Many Requests for url: http://ipinfo.io/json
Status code 429 from http://ipinfo.io/json: ERROR - 429 Client Error: Too Many Requests for url: http://ipinfo.io/json
read 65536 points
finish local search
Status code 429 from http://ipinfo.io/json: ERROR - 429 Client Error: Too Many Requests for url: http://ipinfo.io/json
Status code 429 from http://ipinfo.io/json: ERROR - 429 Client Error: Too Many Requests for url: http://ipinfo.io/json
Status code 429 from http://ipinfo.io/json: ERROR - 429 Client Error: Too Many Requests for url: http://ipinfo.io/json
Status code 429 from http://ipinfo.io/json: ERROR - 429 Client Error: Too Many Requests for url: http://ipinfo.io/json
read 65536 points
finish local search
Status code 429 from http://ipinfo.io/json: ERROR - 429 Client Error: Too Many Requests for url: http://ipinfo.io/json
Status code 429 from http://ipinfo.io/json: ERROR - 429 Client Error: Too Many Requests for url: http://ipinfo.io/json
Status code 429 from http://ipinfo.io/json: ERROR - 429 Client Error: Too Many Requests for url: http://ipinfo.io/json
Status code 429 from http://ipinfo.io/json: ERROR - 429 Client Error: Too Many Requests for url: http://ipinfo.io/json
read 65536 points
finish local search
Status code 429 from http://ipinfo.io/json: ERROR - 429 Client Error: Too Many Requests for url: http://ipinfo.io/json
Status code 429 from http://ipinfo.io/json: ERROR - 429 Client Error: Too Many Requests for url: http://ipinfo.io/json
Status code 429 from http://ipinfo.io/json: ERROR - 429 Client Error: Too Many Requests for url: http://ipinfo.io/json
Status code 429 from http://ipinfo.io/json: ERROR - 429 Client Error: Too Many Requests for url: http://ipinfo.io/json
read 65536 points
finish local search
Status code 429 from http://ipinfo.io/json: ERROR - 429 Client Error: Too Many Requests for url: http://ipinfo.io/json
Status code 429 from http://ipinfo.io/json: ERROR - 429 Client Error: Too Many Requests for url: http://ipinfo.io/json
Status code 429 from http://ipinfo.io/json: ERROR - 429 Client Error: Too Many Requests for url: http://ipinfo.io/json
Status code 429 from http://ipinfo.io/json: ERROR - 429 Client Error: Too Many Requests for url: http://ipinfo.io/json
read 65536 points
finish local search
Status code 429 from http://ipinfo.io/json: ERROR - 429 Client Error: Too Many Requests for url: http://ipinfo.io/json
Status code 429 from http://ipinfo.io/json: ERROR - 429 Client Error: Too Many Requests for url: http://ipinfo.io/json
