 Treads           App          Time Time CT  Energy   CO2eq  km travelled by car
      2           bfs      5,455519 0:00:10  0,0002  0,0287               0,0003
      4           bfs      5,798366 0:00:10  0,0002  0,0292               0,0003
      6           bfs      6,055037 0:00:10  0,0002  0,0295               0,0003
      8           bfs      6,866989 0:00:11  0,0002  0,0322               0,0003
     10           bfs      6,898242 0:00:11  0,0002  0,0299               0,0003
     12           bfs      7,570205 0:00:12  0,0002  0,0344               0,0003
     14           bfs      7,223259 0:00:12  0,0002  0,0322               0,0003
     16           bfs      7,707056 0:00:12  0,0002  0,0347               0,0003
      2         histo    293,808441 0:04:54  0,0060  0,8525               0,0079
      4         histo   1227,494629 0:20:29  0,0258  3,6616               0,0341
      6         histo   1643,328491 0:27:25  0,0354  5,0250               0,0467
      8         histo   1902,482910 0:31:44  0,0417  5,9135               0,0550
     10         histo   2152,798096 0:35:54  0,0484  6,8556               0,0638
     12         histo   2424,914307 0:40:25  0,0555  7,8632               0,0731
     14         histo   2822,229736 0:47:03  0,0656  9,3027               0,0865
     16         histo   3026,762451 0:50:27  0,0717 10,1640               0,0945
      2           lbm   1038,767944 0:17:22  0,0223  3,1650               0,0294
      4           lbm    550,210938 0:09:14  0,0125  1,7769               0,0165
      6           lbm    385,605133 0:06:30  0,0093  1,3152               0,0122
      8           lbm    289,897400 0:04:54  0,0075  1,0640               0,0099
     10           lbm    232,727631 0:03:56  0,0064  0,9018               0,0084
     12           lbm    197,396469 0:03:22  0,0056  0,7980               0,0074
     14           lbm    169,971161 0:02:54  0,0051  0,7297               0,0068
     16           lbm    152,565674 0:02:37  0,0047  0,6624               0,0062
      2           mri           NaN 0:00:01  0,0000  0,0007               0,0000
      4           mri           NaN 0:00:01  0,0000  0,0008               0,0000
      6           mri           NaN 0:00:02  0,0000  0,0046               0,0000
      8           mri           NaN 0:00:01  0,0000  0,0007               0,0000
     10           mri           NaN 0:00:00  0,0000  0,0003               0,0000
     12           mri           NaN 0:00:00  0,0000  0,0002               0,0000
     14           mri           NaN 0:00:00  0,0000  0,0002               0,0000
     16           mri           NaN 0:00:00  0,0000  0,0003               0,0000
      2         cutcp     71,761765 0:01:12  0,0015  0,2149               0,0020
      4         cutcp     37,266171 0:00:37  0,0008  0,1172               0,0011
      6         cutcp     25,946514 0:00:26  0,0006  0,0852               0,0008
      8         cutcp     19,686630 0:00:20  0,0005  0,0668               0,0006
     10         cutcp     15,799912 0:00:16  0,0004  0,0560               0,0005
     12         cutcp     13,306655 0:00:13  0,0003  0,0490               0,0005
     14         cutcp     11,371576 0:00:12  0,0003  0,0421               0,0004
     16         cutcp     10,135639 0:00:10  0,0003  0,0367               0,0003
      2       hotspot    141,541000 0:02:24  0,0031  0,3095               0,0029
      4       hotspot     79,397000 0:01:21  0,0019  0,1846               0,0017
      6       hotspot     50,977000 0:00:53  0,0013  0,1274               0,0012
      8       hotspot     45,880000 0:00:48  0,0012  0,1205               0,0011
     10       hotspot     32,646000 0:00:35  0,0009  0,0924               0,0009
     12       hotspot     28,014000 0:00:30  0,0008  0,0821               0,0008
     14       hotspot     24,145000 0:00:26  0,0008  0,0749               0,0007
     16       hotspot     23,329000 0:00:25  0,0007  0,0734               0,0007
      2           lud 381912,302000 0:06:22  0,0083  0,8125               0,0076
      4           lud 186087,177000 0:03:06  0,0042  0,4179               0,0039
      6           lud 124887,314000 0:02:05  0,0030  0,2949               0,0027
      8           lud  95290,153000 0:01:36  0,0024  0,2353               0,0022
     10           lud  76270,270000 0:01:17  0,0020  0,1974               0,0018
     12           lud  63841,138000 0:01:04  0,0017  0,1720               0,0016
     14           lud  55191,006000 0:00:55  0,0016  0,1545               0,0014
     16           lud  48412,888000 0:00:49  0,0014  0,1407               0,0013
      2 streamcluster    429,553864 0:07:10  0,0094  0,9244               0,0086
      4 streamcluster    226,704749 0:03:47  0,0053  0,5173               0,0048
      6 streamcluster    158,848236 0:02:39  0,0039  0,3820               0,0036
      8 streamcluster    124,284867 0:02:04  0,0032  0,3113               0,0029
     10 streamcluster    103,783897 0:01:44  0,0027  0,2703               0,0025
     12 streamcluster     90,202937 0:01:30  0,0025  0,2426               0,0023
     14 streamcluster     80,649002 0:01:21  0,0023  1,0891               0,0101
     16 streamcluster     77,378397 0:01:18  0,0022  1,0632               0,0099