 Treads           App          Time Time CT  Energy   CO2eq  km travelled by car
      2           bfs      5,434522 0:00:10  0,0002  0,0286               0,0003
      4           bfs      5,855287 0:00:10  0,0002  0,0292               0,0003
      6           bfs      6,364668 0:00:11  0,0002  0,0310               0,0003
      8           bfs      6,389403 0:00:11  0,0002  0,0301               0,0003
     10           bfs      6,920108 0:00:11  0,0002  0,0322               0,0003
     12           bfs      7,245920 0:00:12  0,0002  0,0319               0,0003
     14           bfs      7,496273 0:00:12  0,0002  0,0354               0,0003
     16           bfs      7,952901 0:00:12  0,0003  0,0360               0,0003
      2         histo    293,390167 0:04:54  0,0062  0,8729               0,0081
      4         histo   1231,594482 0:20:33  0,0260  3,6841               0,0343
      6         histo   1561,707886 0:26:03  0,0338  4,7892               0,0446
      8         histo   1937,085693 0:32:18  0,0428  6,0718               0,0565
     10         histo   2253,893799 0:37:35  0,0511  7,2485               0,0674
     12         histo   2552,563721 0:42:34  0,0588  8,3394               0,0776
     14         histo   2769,481445 0:46:10  0,0651  9,2365               0,0859
     16         histo   2987,040039 0:49:49  0,0714 10,1250               0,0942
      2           lbm   1038,825195 0:17:23  0,0226  3,2111               0,0299
      4           lbm    550,025818 0:09:15  0,0126  1,7852               0,0166
      6           lbm    385,660645 0:06:31  0,0094  1,3304               0,0124
      8           lbm    290,149536 0:04:55  0,0075  1,0670               0,0099
     10           lbm    232,555466 0:03:56  0,0064  0,9059               0,0084
     12           lbm    196,799927 0:03:21  0,0056  0,7989               0,0074
     14           lbm    169,974380 0:02:54  0,0051  0,7293               0,0068
     16           lbm    148,859894 0:02:33  0,0047  0,6677               0,0062
      2           mri           NaN 0:00:00  0,0000  0,0001               0,0000
      4           mri           NaN 0:00:00  0,0000  0,0001               0,0000
      6           mri           NaN 0:00:00  0,0000  0,0001               0,0000
      8           mri           NaN 0:00:00  0,0000  0,0001               0,0000
     10           mri           NaN 0:00:00  0,0000  0,0001               0,0000
     12           mri           NaN 0:00:00  0,0000  0,0001               0,0000
     14           mri           NaN 0:00:00  0,0000  0,0001               0,0000
     16           mri           NaN 0:00:00  0,0000  0,0001               0,0000
      2         cutcp     71,774742 0:01:12  0,0015  0,2166               0,0020
      4         cutcp     37,209145 0:00:38  0,0008  0,1130               0,0011
      6         cutcp     25,946230 0:00:26  0,0006  0,0859               0,0008
      8         cutcp     19,637926 0:00:20  0,0005  0,0651               0,0006
     10         cutcp     15,805026 0:00:16  0,0004  0,0566               0,0005
     12         cutcp     13,325517 0:00:14  0,0003  0,0490               0,0005
     14         cutcp     11,312470 0:00:12  0,0003  0,0420               0,0004
     16         cutcp     10,089600 0:00:10  0,0003  0,0396               0,0004
      2       hotspot    137,844000 0:02:20  0,0031  0,3028               0,0028
      4       hotspot     82,043000 0:01:24  0,0020  0,1938               0,0018
      6       hotspot     50,682000 0:00:53  0,0013  0,1271               0,0012
      8       hotspot     46,195000 0:00:48  0,0012  0,1205               0,0011
     10       hotspot     33,139000 0:00:35  0,0009  0,0925               0,0009
     12       hotspot     27,707000 0:00:30  0,0008  0,0816               0,0008
     14       hotspot     24,365000 0:00:26  0,0008  0,0760               0,0007
     16       hotspot     25,812000 0:00:28  0,0008  0,0812               0,0008
      2           lud 362649,743000 0:06:03  0,0079  0,7768               0,0072
      4           lud 184995,727000 0:03:05  0,0043  0,4181               0,0039
      6           lud 125270,708000 0:02:06  0,0030  0,2965               0,0028
      8           lud  95211,047000 0:01:35  0,0024  0,2365               0,0022
     10           lud  75640,452000 0:01:16  0,0020  0,1974               0,0018
     12           lud  63682,988000 0:01:04  0,0017  0,1718               0,0016
     14           lud  54530,983000 0:00:55  0,0016  0,1535               0,0014
     16           lud  48352,657000 0:00:49  0,0014  0,1412               0,0013
      2 streamcluster    429,477396 0:07:10  0,0095  0,9318               0,0087
      4 streamcluster    226,808947 0:03:47  0,0053  0,5198               0,0048
      6 streamcluster    158,556361 0:02:39  0,0039  0,3836               0,0036
      8 streamcluster    124,303859 0:02:04  0,0032  0,3137               0,0029
     10 streamcluster    103,796516 0:01:44  0,0028  0,2711               0,0025
     12 streamcluster     90,171908 0:01:30  0,0025  0,2436               0,0023
     14 streamcluster     80,683843 0:01:21  0,0023  0,2234               0,0021
     16 streamcluster     76,002622 0:01:16  0,0022  0,2159               0,0020