 Treads           App          Time Time CT  Energy   CO2eq  km travelled by car
      2           bfs      5,133898 0:00:09  0,0002  0,0279               0,0003
      4           bfs      5,932668 0:00:10  0,0002  0,0300               0,0003
      6           bfs      6,105634 0:00:10  0,0002  0,0299               0,0003
      8           bfs      6,545074 0:00:11  0,0002  0,0312               0,0003
     10           bfs      6,817023 0:00:11  0,0002  0,0316               0,0003
     12           bfs      7,293397 0:00:12  0,0002  0,0314               0,0003
     14           bfs      7,452015 0:00:12  0,0002  0,0327               0,0003
     16           bfs      7,861697 0:00:12  0,0003  0,0355               0,0003
      2         histo    293,575348 0:04:54  0,0061  0,8635               0,0080
      4         histo   1233,572998 0:20:35  0,0262  3,7153               0,0346
      6         histo   1601,498291 0:26:42  0,0349  4,9467               0,0460
      8         histo   1869,659058 0:31:11  0,0415  5,8857               0,0548
     10         histo   2219,015137 0:36:59  0,0503  7,1264               0,0663
     12         histo   2418,598633 0:40:20  0,0559  7,9270               0,0737
     14         histo   2808,015625 0:46:49  0,0662  9,3877               0,0873
     16         histo   2984,623291 0:49:45  0,0712 10,0993               0,0939
      2           lbm   1038,686646 0:17:22  0,0223  3,1683               0,0295
      4           lbm    550,240540 0:09:14  0,0126  1,7916               0,0167
      6           lbm    385,460785 0:06:30  0,0094  1,3286               0,0124
      8           lbm    290,654572 0:04:55  0,0075  1,0699               0,0100
     10           lbm    232,561966 0:03:57  0,0064  0,9017               0,0084
     12           lbm    197,146530 0:03:22  0,0055  0,7847               0,0073
     14           lbm    169,146667 0:02:54  0,0050  0,7137               0,0066
     16           lbm    149,024521 0:02:33  0,0047  0,6719               0,0063
      2           mri           NaN 0:00:00  0,0000  0,0001               0,0000
      4           mri           NaN 0:00:00  0,0000  0,0002               0,0000
      6           mri           NaN 0:00:00  0,0000  0,0003               0,0000
      8           mri           NaN 0:00:00  0,0000  0,0001               0,0000
     10           mri           NaN 0:00:00  0,0000  0,0002               0,0000
     12           mri           NaN 0:00:00  0,0000  0,0003               0,0000
     14           mri           NaN 0:00:00  0,0000  0,0001               0,0000
     16           mri           NaN 0:00:00  0,0000  0,0001               0,0000
      2         cutcp     71,760300 0:01:12  0,0015  0,2182               0,0020
      4         cutcp     37,314476 0:00:38  0,0008  0,1134               0,0011
      6         cutcp     25,969746 0:00:26  0,0006  0,0853               0,0008
      8         cutcp     19,661619 0:00:20  0,0005  0,0654               0,0006
     10         cutcp     15,767000 0:00:16  0,0004  0,0565               0,0005
     12         cutcp     13,268720 0:00:13  0,0003  0,0488               0,0005
     14         cutcp     11,319102 0:00:11  0,0003  0,0434               0,0004
     16         cutcp     10,101620 0:00:10  0,0003  0,0395               0,0004
      2       hotspot    138,868000 0:02:21  0,0031  0,3066               0,0029
      4       hotspot     81,825000 0:01:24  0,0020  0,1931               0,0018
      6       hotspot     51,207000 0:00:53  0,0013  0,1286               0,0012
      8       hotspot     45,766000 0:00:48  0,0012  0,1207               0,0011
     10       hotspot     32,026000 0:00:34  0,0009  0,0915               0,0009
     12       hotspot     27,483000 0:00:30  0,0008  0,0814               0,0008
     14       hotspot     23,999000 0:00:26  0,0008  0,0746               0,0007
     16       hotspot     25,513000 0:00:28  0,0008  0,0803               0,0007
      2           lud 358571,040000 0:05:59  0,0079  0,7724               0,0072
      4           lud 186699,148000 0:03:07  0,0043  0,4231               0,0039
      6           lud 126678,999000 0:02:07  0,0031  0,3005               0,0028
      8           lud  93776,064000 0:01:34  0,0024  0,2339               0,0022
     10           lud  75545,306000 0:01:16  0,0020  0,1967               0,0018
     12           lud  64032,822000 0:01:04  0,0018  0,1732               0,0016
     14           lud  54437,553000 0:00:55  0,0016  0,1534               0,0014
     16           lud  48401,529000 0:00:49  0,0014  0,1413               0,0013
      2 streamcluster    429,624359 0:07:10  0,0095  0,9343               0,0087
      4 streamcluster    226,688926 0:03:47  0,0053  0,5214               0,0049
      6 streamcluster    158,629659 0:02:39  0,0039  0,3842               0,0036
      8 streamcluster    124,258657 0:02:04  0,0032  0,3141               0,0029
     10 streamcluster    103,799568 0:01:44  0,0028  0,2711               0,0025
     12 streamcluster     90,270826 0:01:30  0,0025  0,2433               0,0023
     14 streamcluster     80,609752 0:01:21  0,0023  0,2237               0,0021
     16 streamcluster     76,620422 0:01:17  0,0022  0,2171               0,0020