Numero de CPUs logicos (threads): 88
Numero de núcleos fisicos: 22
Start -> PO
compilando PO...
rm omp_po
gcc  omp_po.c -o omp_po -fopenmp -lm -O3
___Executando PO___:
___PO com 2 Treads___
Execution Time: 251.04580
	Time:	0:04:11
	Energy:	0.0084 kWh
	CO2eq:	4.0420 g
	0.0376 km travelled by car
	Time:	0:04:11
	Energy:	0.0084 kWh
	CO2eq:	4.0420 g
	0.0376 km travelled by car
___PO com 2 Treads_concluida___
___PO com 4 Treads___
Execution Time: 132.60231
	Time:	0:02:13
	Energy:	0.0048 kWh
	CO2eq:	2.2949 g
	0.0213 km travelled by car
	Time:	0:02:13
	Energy:	0.0048 kWh
	CO2eq:	2.2949 g
	0.0213 km travelled by car
___PO com 4 Treads_concluida___
___PO com 6 Treads___
Execution Time: 93.69906
	Time:	0:01:34
	Energy:	0.0035 kWh
	CO2eq:	1.6945 g
	0.0158 km travelled by car
	Time:	0:01:34
	Energy:	0.0035 kWh
	CO2eq:	1.6945 g
	0.0158 km travelled by car
___PO com 6 Treads_concluida___
___PO com 8 Treads___
Execution Time: 77.03381
	Time:	0:01:17
	Energy:	0.0030 kWh
	CO2eq:	1.4456 g
	0.0134 km travelled by car
	Time:	0:01:17
	Energy:	0.0030 kWh
	CO2eq:	1.4456 g
	0.0134 km travelled by car
___PO com 8 Treads_concluida___
___PO com 10 Treads___
Execution Time: 68.60708
	Time:	0:01:09
	Energy:	0.0027 kWh
	CO2eq:	1.3214 g
	0.0123 km travelled by car
	Time:	0:01:09
	Energy:	0.0027 kWh
	CO2eq:	1.3214 g
	0.0123 km travelled by car
___PO com 10 Treads_concluida___
___PO com 12 Treads___
Execution Time: 64.15702
	Time:	0:01:04
	Energy:	0.0026 kWh
	CO2eq:	1.2579 g
	0.0117 km travelled by car
	Time:	0:01:04
	Energy:	0.0026 kWh
	CO2eq:	1.2579 g
	0.0117 km travelled by car
___PO com 12 Treads_concluida___
___PO com 14 Treads___
Execution Time: 60.05125
	Time:	0:01:00
	Energy:	0.0025 kWh
	CO2eq:	1.1979 g
	0.0111 km travelled by car
	Time:	0:01:00
	Energy:	0.0025 kWh
	CO2eq:	1.1979 g
	0.0111 km travelled by car
___PO com 14 Treads_concluida___
___PO com 16 Treads___
Execution Time: 60.04531
	Time:	0:01:00
	Energy:	0.0025 kWh
	CO2eq:	1.2045 g
	0.0112 km travelled by car
	Time:	0:01:00
	Energy:	0.0025 kWh
	CO2eq:	1.2045 g
	0.0112 km travelled by car
___PO com 16 Treads_concluida___
___PO com 18 Treads___
Execution Time: 58.60752
	Time:	0:00:59
	Energy:	0.0025 kWh
	CO2eq:	1.1852 g
	0.0110 km travelled by car
	Time:	0:00:59
	Energy:	0.0025 kWh
	CO2eq:	1.1852 g
	0.0110 km travelled by car
___PO com 18 Treads_concluida___
___PO com 20 Treads___
Execution Time: 57.60509
	Time:	0:00:58
	Energy:	0.0025 kWh
	CO2eq:	1.1843 g
	0.0110 km travelled by car
	Time:	0:00:58
	Energy:	0.0025 kWh
	CO2eq:	1.1843 g
	0.0110 km travelled by car
___PO com 20 Treads_concluida___
___PO com 22 Treads___
Execution Time: 56.73599
	Time:	0:00:57
	Energy:	0.0025 kWh
	CO2eq:	1.1861 g
	0.0110 km travelled by car
	Time:	0:00:57
	Energy:	0.0025 kWh
	CO2eq:	1.1861 g
	0.0110 km travelled by car
___PO com 22 Treads_concluida___
___PO com 24 Treads___
Execution Time: 56.48883
	Time:	0:00:56
	Energy:	0.0025 kWh
	CO2eq:	1.1983 g
	0.0111 km travelled by car
	Time:	0:00:56
	Energy:	0.0025 kWh
	CO2eq:	1.1983 g
	0.0111 km travelled by car
___PO com 24 Treads_concluida___
___PO com 26 Treads___
Execution Time: 56.41776
	Time:	0:00:56
	Energy:	0.0025 kWh
	CO2eq:	1.2129 g
	0.0113 km travelled by car
	Time:	0:00:56
	Energy:	0.0025 kWh
	CO2eq:	1.2129 g
	0.0113 km travelled by car
___PO com 26 Treads_concluida___
___PO com 28 Treads___
Execution Time: 56.28774
	Time:	0:00:56
	Energy:	0.0026 kWh
	CO2eq:	1.2297 g
	0.0114 km travelled by car
	Time:	0:00:56
	Energy:	0.0026 kWh
	CO2eq:	1.2297 g
	0.0114 km travelled by car
___PO com 28 Treads_concluida___
___PO com 30 Treads___
Execution Time: 55.81617
	Time:	0:00:56
	Energy:	0.0025 kWh
	CO2eq:	1.2070 g
	0.0112 km travelled by car
	Time:	0:00:56
	Energy:	0.0025 kWh
	CO2eq:	1.2070 g
	0.0112 km travelled by car
___PO com 30 Treads_concluida___
___PO com 32 Treads___
Execution Time: 55.64359
	Time:	0:00:56
	Energy:	0.0026 kWh
	CO2eq:	1.2523 g
	0.0116 km travelled by car
	Time:	0:00:56
	Energy:	0.0026 kWh
	CO2eq:	1.2523 g
	0.0116 km travelled by car
___PO com 32 Treads_concluida___
___PO com 34 Treads___
Execution Time: 55.94772
	Time:	0:00:56
	Energy:	0.0026 kWh
	CO2eq:	1.2720 g
	0.0118 km travelled by car
	Time:	0:00:56
	Energy:	0.0026 kWh
	CO2eq:	1.2720 g
	0.0118 km travelled by car
___PO com 34 Treads_concluida___
___PO com 36 Treads___
Execution Time: 56.45769
	Time:	0:00:56
	Energy:	0.0027 kWh
	CO2eq:	1.2981 g
	0.0121 km travelled by car
	Time:	0:00:56
	Energy:	0.0027 kWh
	CO2eq:	1.2981 g
	0.0121 km travelled by car
___PO com 36 Treads_concluida___
___PO com 38 Treads___
Execution Time: 55.60156
	Time:	0:00:56
	Energy:	0.0027 kWh
	CO2eq:	1.2977 g
	0.0121 km travelled by car
	Time:	0:00:56
	Energy:	0.0027 kWh
	CO2eq:	1.2977 g
	0.0121 km travelled by car
___PO com 38 Treads_concluida___
___PO com 40 Treads___
Execution Time: 55.50131
	Time:	0:00:56
	Energy:	0.0027 kWh
	CO2eq:	1.3122 g
	0.0122 km travelled by car
	Time:	0:00:56
	Energy:	0.0027 kWh
	CO2eq:	1.3122 g
	0.0122 km travelled by car
___PO com 40 Treads_concluida___
___PO com 42 Treads___
Execution Time: 55.57155
	Time:	0:00:56
	Energy:	0.0028 kWh
	CO2eq:	1.3283 g
	0.0124 km travelled by car
	Time:	0:00:56
	Energy:	0.0028 kWh
	CO2eq:	1.3283 g
	0.0124 km travelled by car
___PO com 42 Treads_concluida___
___PO com 44 Treads___
Execution Time: 55.72790
	Time:	0:00:56
	Energy:	0.0028 kWh
	CO2eq:	1.3463 g
	0.0125 km travelled by car
	Time:	0:00:56
	Energy:	0.0028 kWh
	CO2eq:	1.3463 g
	0.0125 km travelled by car
___PO com 44 Treads_concluida___
___PO com 46 Treads___
Execution Time: 53.12769
	Time:	0:00:53
	Energy:	0.0027 kWh
	CO2eq:	1.2962 g
	0.0121 km travelled by car
	Time:	0:00:53
	Energy:	0.0027 kWh
	CO2eq:	1.2935 g
	0.0120 km travelled by car
___PO com 46 Treads_concluida___
___PO com 48 Treads___
Execution Time: 51.48687
	Time:	0:00:51
	Energy:	0.0026 kWh
	CO2eq:	1.2657 g
	0.0118 km travelled by car
	Time:	0:00:51
	Energy:	0.0026 kWh
	CO2eq:	1.2657 g
	0.0118 km travelled by car
___PO com 48 Treads_concluida___
___PO com 50 Treads___
Execution Time: 49.42255
	Time:	0:00:49
	Energy:	0.0026 kWh
	CO2eq:	1.2294 g
	0.0114 km travelled by car
	Time:	0:00:49
	Energy:	0.0026 kWh
	CO2eq:	1.2294 g
	0.0114 km travelled by car
___PO com 50 Treads_concluida___
___PO com 52 Treads___
Execution Time: 47.13343
	Time:	0:00:47
	Energy:	0.0025 kWh
	CO2eq:	1.1982 g
	0.0111 km travelled by car
	Time:	0:00:47
	Energy:	0.0025 kWh
	CO2eq:	1.1958 g
	0.0111 km travelled by car
___PO com 52 Treads_concluida___
___PO com 54 Treads___
Execution Time: 45.66573
	Time:	0:00:46
	Energy:	0.0024 kWh
	CO2eq:	1.1780 g
	0.0110 km travelled by car
	Time:	0:00:46
	Energy:	0.0024 kWh
	CO2eq:	1.1780 g
	0.0110 km travelled by car
___PO com 54 Treads_concluida___
___PO com 56 Treads___
Execution Time: 44.39279
	Time:	0:00:44
	Energy:	0.0024 kWh
	CO2eq:	1.1588 g
	0.0108 km travelled by car
	Time:	0:00:44
	Energy:	0.0024 kWh
	CO2eq:	1.1588 g
	0.0108 km travelled by car
___PO com 56 Treads_concluida___
___PO com 58 Treads___
Execution Time: 42.24313
	Time:	0:00:42
	Energy:	0.0023 kWh
	CO2eq:	1.1205 g
	0.0104 km travelled by car
	Time:	0:00:42
	Energy:	0.0023 kWh
	CO2eq:	1.1205 g
	0.0104 km travelled by car
___PO com 58 Treads_concluida___
___PO com 60 Treads___
Execution Time: 41.25884
	Time:	0:00:41
	Energy:	0.0023 kWh
	CO2eq:	1.1063 g
	0.0103 km travelled by car
	Time:	0:00:41
	Energy:	0.0023 kWh
	CO2eq:	1.1063 g
	0.0103 km travelled by car
___PO com 60 Treads_concluida___
___PO com 62 Treads___
Execution Time: 40.01889
	Time:	0:00:40
	Energy:	0.0023 kWh
	CO2eq:	1.0859 g
	0.0101 km travelled by car
	Time:	0:00:40
	Energy:	0.0023 kWh
	CO2eq:	1.0859 g
	0.0101 km travelled by car
___PO com 62 Treads_concluida___
___PO com 64 Treads___
Execution Time: 38.85418
	Time:	0:00:39
	Energy:	0.0022 kWh
	CO2eq:	1.0692 g
	0.0099 km travelled by car
	Time:	0:00:39
	Energy:	0.0022 kWh
	CO2eq:	1.0692 g
	0.0099 km travelled by car
___PO com 64 Treads_concluida___
___PO com 66 Treads___
Execution Time: 37.73553
	Time:	0:00:38
	Energy:	0.0022 kWh
	CO2eq:	1.0554 g
	0.0098 km travelled by car
	Time:	0:00:38
	Energy:	0.0022 kWh
	CO2eq:	1.0554 g
	0.0098 km travelled by car
___PO com 66 Treads_concluida___
___PO com 68 Treads___
Execution Time: 36.69307
	Time:	0:00:37
	Energy:	0.0022 kWh
	CO2eq:	1.0448 g
	0.0097 km travelled by car
	Time:	0:00:37
	Energy:	0.0022 kWh
	CO2eq:	1.0448 g
	0.0097 km travelled by car
___PO com 68 Treads_concluida___
___PO com 70 Treads___
Execution Time: 35.34336
	Time:	0:00:35
	Energy:	0.0021 kWh
	CO2eq:	1.0281 g
	0.0096 km travelled by car
	Time:	0:00:35
	Energy:	0.0021 kWh
	CO2eq:	1.0281 g
	0.0096 km travelled by car
___PO com 70 Treads_concluida___
___PO com 72 Treads___
Execution Time: 34.09374
	Time:	0:00:34
	Energy:	0.0021 kWh
	CO2eq:	1.0140 g
	0.0094 km travelled by car
	Time:	0:00:34
	Energy:	0.0021 kWh
	CO2eq:	1.0140 g
	0.0094 km travelled by car
___PO com 72 Treads_concluida___
___PO com 74 Treads___
Execution Time: 33.44715
	Time:	0:00:33
	Energy:	0.0021 kWh
	CO2eq:	1.0104 g
	0.0094 km travelled by car
	Time:	0:00:33
	Energy:	0.0021 kWh
	CO2eq:	1.0104 g
	0.0094 km travelled by car
___PO com 74 Treads_concluida___
___PO com 76 Treads___
Execution Time: 32.91952
	Time:	0:00:33
	Energy:	0.0021 kWh
	CO2eq:	1.0086 g
	0.0094 km travelled by car
	Time:	0:00:33
	Energy:	0.0021 kWh
	CO2eq:	1.0086 g
	0.0094 km travelled by car
___PO com 76 Treads_concluida___
___PO com 78 Treads___
Execution Time: 32.03310
	Time:	0:00:32
	Energy:	0.0021 kWh
	CO2eq:	0.9963 g
	0.0093 km travelled by car
	Time:	0:00:32
	Energy:	0.0021 kWh
	CO2eq:	0.9963 g
	0.0093 km travelled by car
___PO com 78 Treads_concluida___
___PO com 80 Treads___
Execution Time: 31.97480
	Time:	0:00:32
	Energy:	0.0021 kWh
	CO2eq:	1.0061 g
	0.0094 km travelled by car
	Time:	0:00:32
	Energy:	0.0021 kWh
	CO2eq:	1.0061 g
	0.0094 km travelled by car
___PO com 80 Treads_concluida___
___PO com 82 Treads___
Execution Time: 30.80835
	Time:	0:00:31
	Energy:	0.0020 kWh
	CO2eq:	0.9824 g
	0.0091 km travelled by car
	Time:	0:00:31
	Energy:	0.0020 kWh
	CO2eq:	0.9824 g
	0.0091 km travelled by car
___PO com 82 Treads_concluida___
___PO com 84 Treads___
Execution Time: 30.14578
	Time:	0:00:30
	Energy:	0.0020 kWh
	CO2eq:	0.9738 g
	0.0091 km travelled by car
	Time:	0:00:30
	Energy:	0.0020 kWh
	CO2eq:	0.9738 g
	0.0091 km travelled by car
___PO com 84 Treads_concluida___
___PO com 86 Treads___
Execution Time: 29.18190
	Time:	0:00:29
	Energy:	0.0020 kWh
	CO2eq:	0.9556 g
	0.0089 km travelled by car
	Time:	0:00:29
	Energy:	0.0020 kWh
	CO2eq:	0.9556 g
	0.0089 km travelled by car
___PO com 86 Treads_concluida___
___PO com 88 Treads___
Execution Time: 29.22728
	Time:	0:00:29
	Energy:	0.0020 kWh
	CO2eq:	0.9641 g
	0.0090 km travelled by car
	Time:	0:00:29
	Energy:	0.0020 kWh
	CO2eq:	0.9641 g
	0.0090 km travelled by car
___PO com 88 Treads_concluida___
___Fim de PO___:

Start -> ST
compilando ST...
make: Nothing to be done for 'all'.
___Executando ST___:
___ST com 2 Treads___
Execution Time: 145.14480
	Time:	0:02:25
	Energy:	0.0048 kWh
	CO2eq:	2.3282 g
	0.0217 km travelled by car
	Time:	0:02:25
	Energy:	0.0048 kWh
	CO2eq:	2.3282 g
	0.0217 km travelled by car
___ST com 2 Treads_concluida___
___ST com 4 Treads___
Execution Time: 77.93198
	Time:	0:01:18
	Energy:	0.0028 kWh
	CO2eq:	1.3262 g
	0.0123 km travelled by car
	Time:	0:01:18
	Energy:	0.0028 kWh
	CO2eq:	1.3262 g
	0.0123 km travelled by car
___ST com 4 Treads_concluida___
___ST com 6 Treads___
Execution Time: 54.11135
	Time:	0:00:54
	Energy:	0.0020 kWh
	CO2eq:	0.9591 g
	0.0089 km travelled by car
	Time:	0:00:54
	Energy:	0.0020 kWh
	CO2eq:	0.9591 g
	0.0089 km travelled by car
___ST com 6 Treads_concluida___
___ST com 8 Treads___
Execution Time: 45.44651
	Time:	0:00:45
	Energy:	0.0017 kWh
	CO2eq:	0.8299 g
	0.0077 km travelled by car
	Time:	0:00:45
	Energy:	0.0017 kWh
	CO2eq:	0.8299 g
	0.0077 km travelled by car
___ST com 8 Treads_concluida___
___ST com 10 Treads___
Execution Time: 40.71303
	Time:	0:00:41
	Energy:	0.0016 kWh
	CO2eq:	0.7597 g
	0.0071 km travelled by car
	Time:	0:00:41
	Energy:	0.0016 kWh
	CO2eq:	0.7597 g
	0.0071 km travelled by car
___ST com 10 Treads_concluida___
___ST com 12 Treads___
Execution Time: 37.68282
	Time:	0:00:38
	Energy:	0.0015 kWh
	CO2eq:	0.7175 g
	0.0067 km travelled by car
	Time:	0:00:38
	Energy:	0.0015 kWh
	CO2eq:	0.7175 g
	0.0067 km travelled by car
___ST com 12 Treads_concluida___
___ST com 14 Treads___
Execution Time: 37.17898
	Time:	0:00:37
	Energy:	0.0015 kWh
	CO2eq:	0.7157 g
	0.0067 km travelled by car
	Time:	0:00:37
	Energy:	0.0015 kWh
	CO2eq:	0.7157 g
	0.0067 km travelled by car
___ST com 14 Treads_concluida___
___ST com 16 Treads___
Execution Time: 36.15074
	Time:	0:00:36
	Energy:	0.0015 kWh
	CO2eq:	0.7008 g
	0.0065 km travelled by car
	Time:	0:00:36
	Energy:	0.0015 kWh
	CO2eq:	0.7008 g
	0.0065 km travelled by car
___ST com 16 Treads_concluida___
___ST com 18 Treads___
Execution Time: 35.40558
	Time:	0:00:35
	Energy:	0.0014 kWh
	CO2eq:	0.6944 g
	0.0065 km travelled by car
	Time:	0:00:35
	Energy:	0.0014 kWh
	CO2eq:	0.6944 g
	0.0065 km travelled by car
___ST com 18 Treads_concluida___
___ST com 20 Treads___
Execution Time: 34.50047
	Time:	0:00:35
	Energy:	0.0014 kWh
	CO2eq:	0.6886 g
	0.0064 km travelled by car
	Time:	0:00:35
	Energy:	0.0014 kWh
	CO2eq:	0.6886 g
	0.0064 km travelled by car
___ST com 20 Treads_concluida___
___ST com 22 Treads___
Execution Time: 34.60947
	Time:	0:00:35
	Energy:	0.0015 kWh
	CO2eq:	0.7020 g
	0.0065 km travelled by car
	Time:	0:00:35
	Energy:	0.0015 kWh
	CO2eq:	0.7020 g
	0.0065 km travelled by car
___ST com 22 Treads_concluida___
___ST com 24 Treads___
Execution Time: 35.05951
	Time:	0:00:35
	Energy:	0.0015 kWh
	CO2eq:	0.7197 g
	0.0067 km travelled by car
	Time:	0:00:35
	Energy:	0.0015 kWh
	CO2eq:	0.7176 g
	0.0067 km travelled by car
___ST com 24 Treads_concluida___
___ST com 26 Treads___
Execution Time: 34.45869
	Time:	0:00:34
	Energy:	0.0015 kWh
	CO2eq:	0.7185 g
	0.0067 km travelled by car
	Time:	0:00:34
	Energy:	0.0015 kWh
	CO2eq:	0.7185 g
	0.0067 km travelled by car
___ST com 26 Treads_concluida___
___ST com 28 Treads___
Execution Time: 34.67810
	Time:	0:00:35
	Energy:	0.0015 kWh
	CO2eq:	0.7341 g
	0.0068 km travelled by car
	Time:	0:00:35
	Energy:	0.0015 kWh
	CO2eq:	0.7341 g
	0.0068 km travelled by car
___ST com 28 Treads_concluida___
___ST com 30 Treads___
Execution Time: 34.74514
	Time:	0:00:35
	Energy:	0.0016 kWh
	CO2eq:	0.7464 g
	0.0069 km travelled by car
	Time:	0:00:35
	Energy:	0.0016 kWh
	CO2eq:	0.7464 g
	0.0069 km travelled by car
___ST com 30 Treads_concluida___
___ST com 32 Treads___
Execution Time: 33.86217
	Time:	0:00:34
	Energy:	0.0015 kWh
	CO2eq:	0.7383 g
	0.0069 km travelled by car
	Time:	0:00:34
	Energy:	0.0015 kWh
	CO2eq:	0.7383 g
	0.0069 km travelled by car
___ST com 32 Treads_concluida___
___ST com 34 Treads___
Execution Time: 34.16934
	Time:	0:00:34
	Energy:	0.0016 kWh
	CO2eq:	0.7549 g
	0.0070 km travelled by car
	Time:	0:00:34
	Energy:	0.0016 kWh
	CO2eq:	0.7549 g
	0.0070 km travelled by car
___ST com 34 Treads_concluida___
___ST com 36 Treads___
Execution Time: 34.58736
	Time:	0:00:35
	Energy:	0.0016 kWh
	CO2eq:	0.7725 g
	0.0072 km travelled by car
	Time:	0:00:35
	Energy:	0.0016 kWh
	CO2eq:	0.7725 g
	0.0072 km travelled by car
___ST com 36 Treads_concluida___
___ST com 38 Treads___
Execution Time: 34.13873
	Time:	0:00:34
	Energy:	0.0016 kWh
	CO2eq:	0.7745 g
	0.0072 km travelled by car
	Time:	0:00:34
	Energy:	0.0016 kWh
	CO2eq:	0.7745 g
	0.0072 km travelled by car
___ST com 38 Treads_concluida___
___ST com 40 Treads___
Execution Time: 33.71998
	Time:	0:00:34
	Energy:	0.0016 kWh
	CO2eq:	0.7753 g
	0.0072 km travelled by car
	Time:	0:00:34
	Energy:	0.0016 kWh
	CO2eq:	0.7753 g
	0.0072 km travelled by car
___ST com 40 Treads_concluida___
___ST com 42 Treads___
Execution Time: 34.19730
	Time:	0:00:34
	Energy:	0.0017 kWh
	CO2eq:	0.7976 g
	0.0074 km travelled by car
	Time:	0:00:34
	Energy:	0.0017 kWh
	CO2eq:	0.7976 g
	0.0074 km travelled by car
___ST com 42 Treads_concluida___
___ST com 44 Treads___
Execution Time: 34.67242
	Time:	0:00:35
	Energy:	0.0017 kWh
	CO2eq:	0.8168 g
	0.0076 km travelled by car
	Time:	0:00:35
	Energy:	0.0017 kWh
	CO2eq:	0.8168 g
	0.0076 km travelled by car
___ST com 44 Treads_concluida___
___ST com 46 Treads___
Execution Time: 32.38344
	Time:	0:00:32
	Energy:	0.0016 kWh
	CO2eq:	0.7809 g
	0.0073 km travelled by car
	Time:	0:00:32
	Energy:	0.0016 kWh
	CO2eq:	0.7809 g
	0.0073 km travelled by car
___ST com 46 Treads_concluida___
___ST com 48 Treads___
Execution Time: 31.20703
	Time:	0:00:31
	Energy:	0.0016 kWh
	CO2eq:	0.7611 g
	0.0071 km travelled by car
	Time:	0:00:31
	Energy:	0.0016 kWh
	CO2eq:	0.7611 g
	0.0071 km travelled by car
___ST com 48 Treads_concluida___
___ST com 50 Treads___
Execution Time: 29.47951
	Time:	0:00:30
	Energy:	0.0015 kWh
	CO2eq:	0.7252 g
	0.0067 km travelled by car
	Time:	0:00:30
	Energy:	0.0015 kWh
	CO2eq:	0.7252 g
	0.0067 km travelled by car
___ST com 50 Treads_concluida___
___ST com 52 Treads___
Execution Time: 27.92972
	Time:	0:00:28
	Energy:	0.0015 kWh
	CO2eq:	0.6980 g
	0.0065 km travelled by car
	Time:	0:00:28
	Energy:	0.0015 kWh
	CO2eq:	0.6980 g
	0.0065 km travelled by car
___ST com 52 Treads_concluida___
___ST com 54 Treads___
Execution Time: 27.31263
	Time:	0:00:27
	Energy:	0.0014 kWh
	CO2eq:	0.6895 g
	0.0064 km travelled by car
	Time:	0:00:27
	Energy:	0.0014 kWh
	CO2eq:	0.6895 g
	0.0064 km travelled by car
___ST com 54 Treads_concluida___
___ST com 56 Treads___
Execution Time: 26.46801
	Time:	0:00:27
	Energy:	0.0014 kWh
	CO2eq:	0.6766 g
	0.0063 km travelled by car
	Time:	0:00:27
	Energy:	0.0014 kWh
	CO2eq:	0.6766 g
	0.0063 km travelled by car
___ST com 56 Treads_concluida___
___ST com 58 Treads___
Execution Time: 25.87842
	Time:	0:00:26
	Energy:	0.0013 kWh
	CO2eq:	0.6306 g
	0.0059 km travelled by car
	Time:	0:00:26
	Energy:	0.0013 kWh
	CO2eq:	0.6306 g
	0.0059 km travelled by car
___ST com 58 Treads_concluida___
___ST com 60 Treads___
Execution Time: 25.16489
	Time:	0:00:25
	Energy:	0.0014 kWh
	CO2eq:	0.6625 g
	0.0062 km travelled by car
	Time:	0:00:25
	Energy:	0.0014 kWh
	CO2eq:	0.6625 g
	0.0062 km travelled by car
___ST com 60 Treads_concluida___
___ST com 62 Treads___
Execution Time: 24.68140
	Time:	0:00:25
	Energy:	0.0014 kWh
	CO2eq:	0.6573 g
	0.0061 km travelled by car
	Time:	0:00:25
	Energy:	0.0014 kWh
	CO2eq:	0.6573 g
	0.0061 km travelled by car
___ST com 62 Treads_concluida___
___ST com 64 Treads___
Execution Time: 22.83858
	Time:	0:00:23
	Energy:	0.0013 kWh
	CO2eq:	0.6248 g
	0.0058 km travelled by car
	Time:	0:00:23
	Energy:	0.0013 kWh
	CO2eq:	0.6248 g
	0.0058 km travelled by car
___ST com 64 Treads_concluida___
___ST com 66 Treads___
Execution Time: 22.09210
	Time:	0:00:22
	Energy:	0.0013 kWh
	CO2eq:	0.6161 g
	0.0057 km travelled by car
	Time:	0:00:22
	Energy:	0.0013 kWh
	CO2eq:	0.6161 g
	0.0057 km travelled by car
___ST com 66 Treads_concluida___
___ST com 68 Treads___
Execution Time: 22.32789
	Time:	0:00:22
	Energy:	0.0013 kWh
	CO2eq:	0.6292 g
	0.0059 km travelled by car
	Time:	0:00:22
	Energy:	0.0013 kWh
	CO2eq:	0.6292 g
	0.0059 km travelled by car
___ST com 68 Treads_concluida___
___ST com 70 Treads___
Execution Time: 21.45536
	Time:	0:00:21
	Energy:	0.0013 kWh
	CO2eq:	0.6139 g
	0.0057 km travelled by car
	Time:	0:00:21
	Energy:	0.0013 kWh
	CO2eq:	0.6139 g
	0.0057 km travelled by car
___ST com 70 Treads_concluida___
___ST com 72 Treads___
Execution Time: 20.20182
	Time:	0:00:20
	Energy:	0.0012 kWh
	CO2eq:	0.5880 g
	0.0055 km travelled by car
	Time:	0:00:20
	Energy:	0.0012 kWh
	CO2eq:	0.5880 g
	0.0055 km travelled by car
___ST com 72 Treads_concluida___
___ST com 74 Treads___
Execution Time: 19.54135
	Time:	0:00:20
	Energy:	0.0012 kWh
	CO2eq:	0.5758 g
	0.0054 km travelled by car
	Time:	0:00:20
	Energy:	0.0012 kWh
	CO2eq:	0.5758 g
	0.0054 km travelled by car
___ST com 74 Treads_concluida___
___ST com 76 Treads___
Execution Time: 19.21622
	Time:	0:00:19
	Energy:	0.0012 kWh
	CO2eq:	0.5728 g
	0.0053 km travelled by car
	Time:	0:00:19
	Energy:	0.0012 kWh
	CO2eq:	0.5728 g
	0.0053 km travelled by car
___ST com 76 Treads_concluida___
___ST com 78 Treads___
Execution Time: 18.43070
	Time:	0:00:18
	Energy:	0.0012 kWh
	CO2eq:	0.5558 g
	0.0052 km travelled by car
	Time:	0:00:18
	Energy:	0.0012 kWh
	CO2eq:	0.5558 g
	0.0052 km travelled by car
___ST com 78 Treads_concluida___
___ST com 80 Treads___
Execution Time: 18.53836
	Time:	0:00:19
	Energy:	0.0011 kWh
	CO2eq:	0.5152 g
	0.0048 km travelled by car
	Time:	0:00:19
	Energy:	0.0011 kWh
	CO2eq:	0.5152 g
	0.0048 km travelled by car
___ST com 80 Treads_concluida___
___ST com 82 Treads___
Execution Time: 18.27104
	Time:	0:00:18
	Energy:	0.0012 kWh
	CO2eq:	0.5624 g
	0.0052 km travelled by car
	Time:	0:00:18
	Energy:	0.0012 kWh
	CO2eq:	0.5624 g
	0.0052 km travelled by car
___ST com 82 Treads_concluida___
___ST com 84 Treads___
Execution Time: 17.32506
	Time:	0:00:17
	Energy:	0.0011 kWh
	CO2eq:	0.5409 g
	0.0050 km travelled by car
	Time:	0:00:17
	Energy:	0.0011 kWh
	CO2eq:	0.5409 g
	0.0050 km travelled by car
___ST com 84 Treads_concluida___
___ST com 86 Treads___
Execution Time: 17.51799
	Time:	0:00:18
	Energy:	0.0011 kWh
	CO2eq:	0.5514 g
	0.0051 km travelled by car
	Time:	0:00:18
	Energy:	0.0011 kWh
	CO2eq:	0.5514 g
	0.0051 km travelled by car
___ST com 86 Treads_concluida___
___ST com 88 Treads___
Execution Time: 16.83418
	Time:	0:00:17
	Energy:	0.0011 kWh
	CO2eq:	0.5372 g
	0.0050 km travelled by car
	Time:	0:00:17
	Energy:	0.0011 kWh
	CO2eq:	0.5372 g
	0.0050 km travelled by car
___ST com 88 Treads_concluida___
___Fim de ST___:

