Numero de CPUs logicos (threads): 88
Numero de núcleos fisicos: 22
Start -> PO
compilando PO...
rm omp_po
gcc  omp_po.c -o omp_po -fopenmp -lm -O3
___Executando PO___:
___PO com 2 Treads___
Execution Time: 246.94953
	Time:	0:04:07
	Energy:	0.0083 kWh
	CO2eq:	3.9867 g
	0.0371 km travelled by car
	Time:	0:04:07
	Energy:	0.0083 kWh
	CO2eq:	3.9867 g
	0.0371 km travelled by car
___PO com 2 Treads_concluida___
___PO com 4 Treads___
Execution Time: 134.34812
	Time:	0:02:14
	Energy:	0.0048 kWh
	CO2eq:	2.3226 g
	0.0216 km travelled by car
	Time:	0:02:14
	Energy:	0.0048 kWh
	CO2eq:	2.3226 g
	0.0216 km travelled by car
___PO com 4 Treads_concluida___
___PO com 6 Treads___
Execution Time: 93.73749
	Time:	0:01:34
	Energy:	0.0035 kWh
	CO2eq:	1.6927 g
	0.0157 km travelled by car
	Time:	0:01:34
	Energy:	0.0035 kWh
	CO2eq:	1.6927 g
	0.0157 km travelled by car
___PO com 6 Treads_concluida___
___PO com 8 Treads___
Execution Time: 76.49329
	Time:	0:01:17
	Energy:	0.0030 kWh
	CO2eq:	1.4350 g
	0.0133 km travelled by car
	Time:	0:01:17
	Energy:	0.0030 kWh
	CO2eq:	1.4350 g
	0.0133 km travelled by car
___PO com 8 Treads_concluida___
___PO com 10 Treads___
Execution Time: 69.15148
	Time:	0:01:09
	Energy:	0.0028 kWh
	CO2eq:	1.3293 g
	0.0124 km travelled by car
	Time:	0:01:09
	Energy:	0.0028 kWh
	CO2eq:	1.3269 g
	0.0123 km travelled by car
___PO com 10 Treads_concluida___
___PO com 12 Treads___
Execution Time: 64.08045
	Time:	0:01:04
	Energy:	0.0026 kWh
	CO2eq:	1.2547 g
	0.0117 km travelled by car
	Time:	0:01:04
	Energy:	0.0026 kWh
	CO2eq:	1.2547 g
	0.0117 km travelled by car
___PO com 12 Treads_concluida___
___PO com 14 Treads___
	Time:	0:00:00
	Energy:	0.0000 kWh
	CO2eq:	0.0000 g
	0.0000 km travelled by car
	Time:	0:00:00
	Energy:	0.0000 kWh
	CO2eq:	0.0000 g
	0.0000 km travelled by car
___PO com 14 Treads_concluida___
___PO com 16 Treads___
	Time:	0:00:00
	Energy:	0.0000 kWh
	CO2eq:	0.0000 g
	0.0000 km travelled by car
	Time:	0:00:00
	Energy:	0.0000 kWh
	CO2eq:	0.0000 g
	0.0000 km travelled by car
___PO com 16 Treads_concluida___
___PO com 18 Treads___
	Time:	0:00:00
	Energy:	0.0000 kWh
	CO2eq:	0.0000 g
	0.0000 km travelled by car
	Time:	0:00:00
	Energy:	0.0000 kWh
	CO2eq:	0.0000 g
	0.0000 km travelled by car
___PO com 18 Treads_concluida___
___PO com 20 Treads___
	Time:	0:00:00
	Energy:	0.0000 kWh
	CO2eq:	0.0000 g
	0.0000 km travelled by car
	Time:	0:00:00
	Energy:	0.0000 kWh
	CO2eq:	0.0000 g
	0.0000 km travelled by car
___PO com 20 Treads_concluida___
___PO com 22 Treads___
	Time:	0:00:00
	Energy:	0.0000 kWh
	CO2eq:	0.0000 g
	0.0000 km travelled by car
	Time:	0:00:00
	Energy:	0.0000 kWh
	CO2eq:	0.0000 g
	0.0000 km travelled by car
___PO com 22 Treads_concluida___
___PO com 24 Treads___
	Time:	0:00:00
	Energy:	0.0000 kWh
	CO2eq:	0.0000 g
	0.0000 km travelled by car
	Time:	0:00:00
	Energy:	0.0000 kWh
	CO2eq:	0.0000 g
	0.0000 km travelled by car
___PO com 24 Treads_concluida___
___PO com 26 Treads___
	Time:	0:00:00
	Energy:	0.0000 kWh
	CO2eq:	0.0000 g
	0.0000 km travelled by car
	Time:	0:00:00
	Energy:	0.0000 kWh
	CO2eq:	0.0000 g
	0.0000 km travelled by car
___PO com 26 Treads_concluida___
___PO com 28 Treads___
	Time:	0:00:00
	Energy:	0.0000 kWh
	CO2eq:	0.0000 g
	0.0000 km travelled by car
	Time:	0:00:00
	Energy:	0.0000 kWh
	CO2eq:	0.0000 g
	0.0000 km travelled by car
___PO com 28 Treads_concluida___
___PO com 30 Treads___
	Time:	0:00:00
	Energy:	0.0000 kWh
	CO2eq:	0.0000 g
	0.0000 km travelled by car
	Time:	0:00:00
	Energy:	0.0000 kWh
	CO2eq:	0.0000 g
	0.0000 km travelled by car
___PO com 30 Treads_concluida___
___PO com 32 Treads___
	Time:	0:00:00
	Energy:	0.0000 kWh
	CO2eq:	0.0000 g
	0.0000 km travelled by car
	Time:	0:00:00
	Energy:	0.0000 kWh
	CO2eq:	0.0000 g
	0.0000 km travelled by car
___PO com 32 Treads_concluida___
___PO com 34 Treads___
	Time:	0:00:00
	Energy:	0.0000 kWh
	CO2eq:	0.0000 g
	0.0000 km travelled by car
	Time:	0:00:00
	Energy:	0.0000 kWh
	CO2eq:	0.0000 g
	0.0000 km travelled by car
___PO com 34 Treads_concluida___
___PO com 36 Treads___
	Time:	0:00:00
	Energy:	0.0000 kWh
	CO2eq:	0.0000 g
	0.0000 km travelled by car
	Time:	0:00:00
	Energy:	0.0000 kWh
	CO2eq:	0.0000 g
	0.0000 km travelled by car
___PO com 36 Treads_concluida___
___PO com 38 Treads___
	Time:	0:00:00
	Energy:	0.0000 kWh
	CO2eq:	0.0000 g
	0.0000 km travelled by car
	Time:	0:00:00
	Energy:	0.0000 kWh
	CO2eq:	0.0000 g
	0.0000 km travelled by car
___PO com 38 Treads_concluida___
___PO com 40 Treads___
	Time:	0:00:00
	Energy:	0.0000 kWh
	CO2eq:	0.0000 g
	0.0000 km travelled by car
	Time:	0:00:00
	Energy:	0.0000 kWh
	CO2eq:	0.0000 g
	0.0000 km travelled by car
___PO com 40 Treads_concluida___
___PO com 42 Treads___
	Time:	0:00:00
	Energy:	0.0000 kWh
	CO2eq:	0.0000 g
	0.0000 km travelled by car
	Time:	0:00:00
	Energy:	0.0000 kWh
	CO2eq:	0.0000 g
	0.0000 km travelled by car
___PO com 42 Treads_concluida___
___PO com 44 Treads___
	Time:	0:00:00
	Energy:	0.0000 kWh
	CO2eq:	0.0000 g
	0.0000 km travelled by car
	Time:	0:00:00
	Energy:	0.0000 kWh
	CO2eq:	0.0000 g
	0.0000 km travelled by car
___PO com 44 Treads_concluida___
___PO com 46 Treads___
	Time:	0:00:00
	Energy:	0.0000 kWh
	CO2eq:	0.0000 g
	0.0000 km travelled by car
	Time:	0:00:00
	Energy:	0.0000 kWh
	CO2eq:	0.0000 g
	0.0000 km travelled by car
___PO com 46 Treads_concluida___
___PO com 48 Treads___
	Time:	0:00:00
	Energy:	0.0000 kWh
	CO2eq:	0.0000 g
	0.0000 km travelled by car
	Time:	0:00:00
	Energy:	0.0000 kWh
	CO2eq:	0.0000 g
	0.0000 km travelled by car
___PO com 48 Treads_concluida___
___PO com 50 Treads___
	Time:	0:00:00
	Energy:	0.0000 kWh
	CO2eq:	0.0000 g
	0.0000 km travelled by car
	Time:	0:00:00
	Energy:	0.0000 kWh
	CO2eq:	0.0000 g
	0.0000 km travelled by car
___PO com 50 Treads_concluida___
___PO com 52 Treads___
	Time:	0:00:00
	Energy:	0.0000 kWh
	CO2eq:	0.0000 g
	0.0000 km travelled by car
	Time:	0:00:00
	Energy:	0.0000 kWh
	CO2eq:	0.0000 g
	0.0000 km travelled by car
___PO com 52 Treads_concluida___
___PO com 54 Treads___
	Time:	0:00:00
	Energy:	0.0000 kWh
	CO2eq:	0.0000 g
	0.0000 km travelled by car
	Time:	0:00:00
	Energy:	0.0000 kWh
	CO2eq:	0.0000 g
	0.0000 km travelled by car
___PO com 54 Treads_concluida___
___PO com 56 Treads___
	Time:	0:00:00
	Energy:	0.0000 kWh
	CO2eq:	0.0000 g
	0.0000 km travelled by car
	Time:	0:00:00
	Energy:	0.0000 kWh
	CO2eq:	0.0000 g
	0.0000 km travelled by car
___PO com 56 Treads_concluida___
___PO com 58 Treads___
	Time:	0:00:00
	Energy:	0.0000 kWh
	CO2eq:	0.0000 g
	0.0000 km travelled by car
	Time:	0:00:00
	Energy:	0.0000 kWh
	CO2eq:	0.0000 g
	0.0000 km travelled by car
___PO com 58 Treads_concluida___
___PO com 60 Treads___
	Time:	0:00:00
	Energy:	0.0000 kWh
	CO2eq:	0.0000 g
	0.0000 km travelled by car
	Time:	0:00:00
	Energy:	0.0000 kWh
	CO2eq:	0.0000 g
	0.0000 km travelled by car
___PO com 60 Treads_concluida___
___PO com 62 Treads___
	Time:	0:00:00
	Energy:	0.0000 kWh
	CO2eq:	0.0000 g
	0.0000 km travelled by car
	Time:	0:00:00
	Energy:	0.0000 kWh
	CO2eq:	0.0000 g
	0.0000 km travelled by car
___PO com 62 Treads_concluida___
___PO com 64 Treads___
	Time:	0:00:00
	Energy:	0.0000 kWh
	CO2eq:	0.0000 g
	0.0000 km travelled by car
	Time:	0:00:00
	Energy:	0.0000 kWh
	CO2eq:	0.0000 g
	0.0000 km travelled by car
___PO com 64 Treads_concluida___
___PO com 66 Treads___
	Time:	0:00:00
	Energy:	0.0000 kWh
	CO2eq:	0.0000 g
	0.0000 km travelled by car
	Time:	0:00:00
	Energy:	0.0000 kWh
	CO2eq:	0.0000 g
	0.0000 km travelled by car
___PO com 66 Treads_concluida___
___PO com 68 Treads___
	Time:	0:00:00
	Energy:	0.0000 kWh
	CO2eq:	0.0000 g
	0.0000 km travelled by car
	Time:	0:00:00
	Energy:	0.0000 kWh
	CO2eq:	0.0000 g
	0.0000 km travelled by car
___PO com 68 Treads_concluida___
___PO com 70 Treads___
	Time:	0:00:00
	Energy:	0.0000 kWh
	CO2eq:	0.0000 g
	0.0000 km travelled by car
	Time:	0:00:00
	Energy:	0.0000 kWh
	CO2eq:	0.0000 g
	0.0000 km travelled by car
___PO com 70 Treads_concluida___
___PO com 72 Treads___
	Time:	0:00:00
	Energy:	0.0000 kWh
	CO2eq:	0.0000 g
	0.0000 km travelled by car
	Time:	0:00:00
	Energy:	0.0000 kWh
	CO2eq:	0.0000 g
	0.0000 km travelled by car
___PO com 72 Treads_concluida___
___PO com 74 Treads___
	Time:	0:00:00
	Energy:	0.0000 kWh
	CO2eq:	0.0000 g
	0.0000 km travelled by car
	Time:	0:00:00
	Energy:	0.0000 kWh
	CO2eq:	0.0000 g
	0.0000 km travelled by car
___PO com 74 Treads_concluida___
___PO com 76 Treads___
	Time:	0:00:00
	Energy:	0.0000 kWh
	CO2eq:	0.0000 g
	0.0000 km travelled by car
	Time:	0:00:00
	Energy:	0.0000 kWh
	CO2eq:	0.0000 g
	0.0000 km travelled by car
___PO com 76 Treads_concluida___
___PO com 78 Treads___
	Time:	0:00:00
	Energy:	0.0000 kWh
	CO2eq:	0.0000 g
	0.0000 km travelled by car
	Time:	0:00:00
	Energy:	0.0000 kWh
	CO2eq:	0.0000 g
	0.0000 km travelled by car
___PO com 78 Treads_concluida___
___PO com 80 Treads___
	Time:	0:00:00
	Energy:	0.0000 kWh
	CO2eq:	0.0000 g
	0.0000 km travelled by car
	Time:	0:00:00
	Energy:	0.0000 kWh
	CO2eq:	0.0000 g
	0.0000 km travelled by car
___PO com 80 Treads_concluida___
___PO com 82 Treads___
	Time:	0:00:00
	Energy:	0.0000 kWh
	CO2eq:	0.0000 g
	0.0000 km travelled by car
	Time:	0:00:00
	Energy:	0.0000 kWh
	CO2eq:	0.0000 g
	0.0000 km travelled by car
___PO com 82 Treads_concluida___
___PO com 84 Treads___
	Time:	0:00:00
	Energy:	0.0000 kWh
	CO2eq:	0.0000 g
	0.0000 km travelled by car
	Time:	0:00:00
	Energy:	0.0000 kWh
	CO2eq:	0.0000 g
	0.0000 km travelled by car
___PO com 84 Treads_concluida___
___PO com 86 Treads___
	Time:	0:00:00
	Energy:	0.0000 kWh
	CO2eq:	0.0000 g
	0.0000 km travelled by car
	Time:	0:00:00
	Energy:	0.0000 kWh
	CO2eq:	0.0000 g
	0.0000 km travelled by car
___PO com 86 Treads_concluida___
___PO com 88 Treads___
	Time:	0:00:00
	Energy:	0.0000 kWh
	CO2eq:	0.0000 g
	0.0000 km travelled by car
	Time:	0:00:00
	Energy:	0.0000 kWh
	CO2eq:	0.0000 g
	0.0000 km travelled by car
___PO com 88 Treads_concluida___
___Fim de PO___:

Start -> ST
compilando ST...
make: Nothing to be done for 'all'.
___Executando ST___:
___ST com 2 Treads___
Execution Time: 145.72933
	Time:	0:02:26
	Energy:	0.0049 kWh
	CO2eq:	2.3445 g
	0.0218 km travelled by car
	Time:	0:02:26
	Energy:	0.0049 kWh
	CO2eq:	2.3445 g
	0.0218 km travelled by car
___ST com 2 Treads_concluida___
___ST com 4 Treads___
Execution Time: 77.81172
	Time:	0:01:18
	Energy:	0.0028 kWh
	CO2eq:	1.3310 g
	0.0124 km travelled by car
	Time:	0:01:18
	Energy:	0.0028 kWh
	CO2eq:	1.3310 g
	0.0124 km travelled by car
___ST com 4 Treads_concluida___
___ST com 6 Treads___
Execution Time: 54.27911
	Time:	0:00:54
	Energy:	0.0020 kWh
	CO2eq:	0.9644 g
	0.0090 km travelled by car
	Time:	0:00:54
	Energy:	0.0020 kWh
	CO2eq:	0.9644 g
	0.0090 km travelled by car
___ST com 6 Treads_concluida___
___ST com 8 Treads___
Execution Time: 45.33360
	Time:	0:00:45
	Energy:	0.0017 kWh
	CO2eq:	0.8278 g
	0.0077 km travelled by car
	Time:	0:00:45
	Energy:	0.0017 kWh
	CO2eq:	0.8278 g
	0.0077 km travelled by car
___ST com 8 Treads_concluida___
___ST com 10 Treads___
Execution Time: 40.00702
	Time:	0:00:40
	Energy:	0.0016 kWh
	CO2eq:	0.7481 g
	0.0070 km travelled by car
	Time:	0:00:40
	Energy:	0.0016 kWh
	CO2eq:	0.7481 g
	0.0070 km travelled by car
___ST com 10 Treads_concluida___
___ST com 12 Treads___
Execution Time: 38.04121
	Time:	0:00:38
	Energy:	0.0015 kWh
	CO2eq:	0.7240 g
	0.0067 km travelled by car
	Time:	0:00:38
	Energy:	0.0015 kWh
	CO2eq:	0.7240 g
	0.0067 km travelled by car
___ST com 12 Treads_concluida___
___ST com 14 Treads___
Execution Time: 36.51019
	Time:	0:00:37
	Energy:	0.0015 kWh
	CO2eq:	0.7048 g
	0.0066 km travelled by car
	Time:	0:00:37
	Energy:	0.0015 kWh
	CO2eq:	0.7048 g
	0.0066 km travelled by car
___ST com 14 Treads_concluida___
___ST com 16 Treads___
Execution Time: 35.13209
	Time:	0:00:35
	Energy:	0.0014 kWh
	CO2eq:	0.6846 g
	0.0064 km travelled by car
	Time:	0:00:35
	Energy:	0.0014 kWh
	CO2eq:	0.6841 g
	0.0064 km travelled by car
___ST com 16 Treads_concluida___
___ST com 18 Treads___
Execution Time: 34.31266
	Time:	0:00:34
	Energy:	0.0014 kWh
	CO2eq:	0.6765 g
	0.0063 km travelled by car
	Time:	0:00:34
	Energy:	0.0014 kWh
	CO2eq:	0.6765 g
	0.0063 km travelled by car
___ST com 18 Treads_concluida___
___ST com 20 Treads___
Execution Time: 34.63401
	Time:	0:00:35
	Energy:	0.0014 kWh
	CO2eq:	0.6902 g
	0.0064 km travelled by car
	Time:	0:00:35
	Energy:	0.0014 kWh
	CO2eq:	0.6902 g
	0.0064 km travelled by car
___ST com 20 Treads_concluida___
___ST com 22 Treads___
Execution Time: 34.51537
	Time:	0:00:35
	Energy:	0.0015 kWh
	CO2eq:	0.6991 g
	0.0065 km travelled by car
	Time:	0:00:35
	Energy:	0.0015 kWh
	CO2eq:	0.6991 g
	0.0065 km travelled by car
___ST com 22 Treads_concluida___
___ST com 24 Treads___
Execution Time: 34.60831
	Time:	0:00:35
	Energy:	0.0015 kWh
	CO2eq:	0.7119 g
	0.0066 km travelled by car
	Time:	0:00:35
	Energy:	0.0015 kWh
	CO2eq:	0.7119 g
	0.0066 km travelled by car
___ST com 24 Treads_concluida___
___ST com 26 Treads___
Execution Time: 33.91936
	Time:	0:00:34
	Energy:	0.0015 kWh
	CO2eq:	0.7107 g
	0.0066 km travelled by car
	Time:	0:00:34
	Energy:	0.0015 kWh
	CO2eq:	0.7107 g
	0.0066 km travelled by car
___ST com 26 Treads_concluida___
___ST com 28 Treads___
Execution Time: 33.83058
	Time:	0:00:34
	Energy:	0.0015 kWh
	CO2eq:	0.7186 g
	0.0067 km travelled by car
	Time:	0:00:34
	Energy:	0.0015 kWh
	CO2eq:	0.7186 g
	0.0067 km travelled by car
___ST com 28 Treads_concluida___
___ST com 30 Treads___
Execution Time: 34.09723
	Time:	0:00:34
	Energy:	0.0015 kWh
	CO2eq:	0.7334 g
	0.0068 km travelled by car
	Time:	0:00:34
	Energy:	0.0015 kWh
	CO2eq:	0.7334 g
	0.0068 km travelled by car
___ST com 30 Treads_concluida___
___ST com 32 Treads___
Execution Time: 33.56103
	Time:	0:00:34
	Energy:	0.0015 kWh
	CO2eq:	0.7315 g
	0.0068 km travelled by car
	Time:	0:00:34
	Energy:	0.0015 kWh
	CO2eq:	0.7315 g
	0.0068 km travelled by car
___ST com 32 Treads_concluida___
___ST com 34 Treads___
Execution Time: 33.78937
	Time:	0:00:34
	Energy:	0.0016 kWh
	CO2eq:	0.7467 g
	0.0069 km travelled by car
	Time:	0:00:34
	Energy:	0.0016 kWh
	CO2eq:	0.7467 g
	0.0069 km travelled by car
___ST com 34 Treads_concluida___
___ST com 36 Treads___
Execution Time: 33.62912
	Time:	0:00:34
	Energy:	0.0016 kWh
	CO2eq:	0.7522 g
	0.0070 km travelled by car
	Time:	0:00:34
	Energy:	0.0016 kWh
	CO2eq:	0.7522 g
	0.0070 km travelled by car
___ST com 36 Treads_concluida___
___ST com 38 Treads___
Execution Time: 33.83481
	Time:	0:00:34
	Energy:	0.0016 kWh
	CO2eq:	0.7666 g
	0.0071 km travelled by car
	Time:	0:00:34
	Energy:	0.0016 kWh
	CO2eq:	0.7666 g
	0.0071 km travelled by car
___ST com 38 Treads_concluida___
___ST com 40 Treads___
Execution Time: 33.42874
	Time:	0:00:33
	Energy:	0.0016 kWh
	CO2eq:	0.7674 g
	0.0071 km travelled by car
	Time:	0:00:33
	Energy:	0.0016 kWh
	CO2eq:	0.7674 g
	0.0071 km travelled by car
___ST com 40 Treads_concluida___
___ST com 42 Treads___
Execution Time: 33.69996
	Time:	0:00:34
	Energy:	0.0016 kWh
	CO2eq:	0.7843 g
	0.0073 km travelled by car
	Time:	0:00:34
	Energy:	0.0016 kWh
	CO2eq:	0.7843 g
	0.0073 km travelled by car
___ST com 42 Treads_concluida___
___ST com 44 Treads___
Execution Time: 33.64529
	Time:	0:00:34
	Energy:	0.0016 kWh
	CO2eq:	0.7927 g
	0.0074 km travelled by car
	Time:	0:00:34
	Energy:	0.0016 kWh
	CO2eq:	0.7927 g
	0.0074 km travelled by car
___ST com 44 Treads_concluida___
___ST com 46 Treads___
Execution Time: 32.20231
	Time:	0:00:32
	Energy:	0.0016 kWh
	CO2eq:	0.7760 g
	0.0072 km travelled by car
	Time:	0:00:32
	Energy:	0.0016 kWh
	CO2eq:	0.7760 g
	0.0072 km travelled by car
___ST com 46 Treads_concluida___
___ST com 48 Treads___
Execution Time: 30.55273
	Time:	0:00:31
	Energy:	0.0015 kWh
	CO2eq:	0.7454 g
	0.0069 km travelled by car
	Time:	0:00:31
	Energy:	0.0015 kWh
	CO2eq:	0.7454 g
	0.0069 km travelled by car
___ST com 48 Treads_concluida___
___ST com 50 Treads___
Execution Time: 29.12745
	Time:	0:00:29
	Energy:	0.0015 kWh
	CO2eq:	0.7169 g
	0.0067 km travelled by car
	Time:	0:00:29
	Energy:	0.0015 kWh
	CO2eq:	0.7169 g
	0.0067 km travelled by car
___ST com 50 Treads_concluida___
___ST com 52 Treads___
Execution Time: 27.82893
	Time:	0:00:28
	Energy:	0.0014 kWh
	CO2eq:	0.6939 g
	0.0065 km travelled by car
	Time:	0:00:28
	Energy:	0.0014 kWh
	CO2eq:	0.6939 g
	0.0065 km travelled by car
___ST com 52 Treads_concluida___
___ST com 54 Treads___
Execution Time: 27.69141
	Time:	0:00:28
	Energy:	0.0014 kWh
	CO2eq:	0.6967 g
	0.0065 km travelled by car
	Time:	0:00:28
	Energy:	0.0014 kWh
	CO2eq:	0.6967 g
	0.0065 km travelled by car
___ST com 54 Treads_concluida___
___ST com 56 Treads___
Execution Time: 26.45345
	Time:	0:00:26
	Energy:	0.0014 kWh
	CO2eq:	0.6749 g
	0.0063 km travelled by car
	Time:	0:00:26
	Energy:	0.0014 kWh
	CO2eq:	0.6749 g
	0.0063 km travelled by car
___ST com 56 Treads_concluida___
___ST com 58 Treads___
Execution Time: 25.70055
	Time:	0:00:26
	Energy:	0.0014 kWh
	CO2eq:	0.6645 g
	0.0062 km travelled by car
	Time:	0:00:26
	Energy:	0.0014 kWh
	CO2eq:	0.6645 g
	0.0062 km travelled by car
___ST com 58 Treads_concluida___
___ST com 60 Treads___
Execution Time: 24.55359
	Time:	0:00:25
	Energy:	0.0013 kWh
	CO2eq:	0.6476 g
	0.0060 km travelled by car
	Time:	0:00:25
	Energy:	0.0013 kWh
	CO2eq:	0.6476 g
	0.0060 km travelled by car
___ST com 60 Treads_concluida___
___ST com 62 Treads___
Execution Time: 23.86221
	Time:	0:00:24
	Energy:	0.0013 kWh
	CO2eq:	0.6384 g
	0.0059 km travelled by car
	Time:	0:00:24
	Energy:	0.0013 kWh
	CO2eq:	0.6384 g
	0.0059 km travelled by car
___ST com 62 Treads_concluida___
___ST com 64 Treads___
Execution Time: 23.09117
	Time:	0:00:23
	Energy:	0.0013 kWh
	CO2eq:	0.6306 g
	0.0059 km travelled by car
	Time:	0:00:23
	Energy:	0.0013 kWh
	CO2eq:	0.6298 g
	0.0059 km travelled by car
___ST com 64 Treads_concluida___
___ST com 66 Treads___
Execution Time: 21.75495
	Time:	0:00:22
	Energy:	0.0013 kWh
	CO2eq:	0.6095 g
	0.0057 km travelled by car
	Time:	0:00:22
	Energy:	0.0013 kWh
	CO2eq:	0.6095 g
	0.0057 km travelled by car
___ST com 66 Treads_concluida___
___ST com 68 Treads___
Execution Time: 21.73246
	Time:	0:00:22
	Energy:	0.0013 kWh
	CO2eq:	0.6148 g
	0.0057 km travelled by car
	Time:	0:00:22
	Energy:	0.0013 kWh
	CO2eq:	0.6148 g
	0.0057 km travelled by car
___ST com 68 Treads_concluida___
___ST com 70 Treads___
Execution Time: 21.05100
	Time:	0:00:21
	Energy:	0.0013 kWh
	CO2eq:	0.6041 g
	0.0056 km travelled by car
	Time:	0:00:21
	Energy:	0.0013 kWh
	CO2eq:	0.6020 g
	0.0056 km travelled by car
___ST com 70 Treads_concluida___
___ST com 72 Treads___
Execution Time: 20.03906
	Time:	0:00:20
	Energy:	0.0012 kWh
	CO2eq:	0.5838 g
	0.0054 km travelled by car
	Time:	0:00:20
	Energy:	0.0012 kWh
	CO2eq:	0.5838 g
	0.0054 km travelled by car
___ST com 72 Treads_concluida___
___ST com 74 Treads___
Execution Time: 19.88479
	Time:	0:00:20
	Energy:	0.0012 kWh
	CO2eq:	0.5854 g
	0.0054 km travelled by car
	Time:	0:00:20
	Energy:	0.0012 kWh
	CO2eq:	0.5854 g
	0.0054 km travelled by car
___ST com 74 Treads_concluida___
___ST com 76 Treads___
Execution Time: 19.30600
	Time:	0:00:19
	Energy:	0.0012 kWh
	CO2eq:	0.5761 g
	0.0054 km travelled by car
	Time:	0:00:19
	Energy:	0.0012 kWh
	CO2eq:	0.5761 g
	0.0054 km travelled by car
___ST com 76 Treads_concluida___
___ST com 78 Treads___
Execution Time: 19.34817
	Time:	0:00:19
	Energy:	0.0012 kWh
	CO2eq:	0.5826 g
	0.0054 km travelled by car
	Time:	0:00:19
	Energy:	0.0012 kWh
	CO2eq:	0.5826 g
	0.0054 km travelled by car
___ST com 78 Treads_concluida___
___ST com 80 Treads___
Execution Time: 18.47327
	Time:	0:00:19
	Energy:	0.0012 kWh
	CO2eq:	0.5628 g
	0.0052 km travelled by car
	Time:	0:00:19
	Energy:	0.0012 kWh
	CO2eq:	0.5628 g
	0.0052 km travelled by car
___ST com 80 Treads_concluida___
___ST com 82 Treads___
Execution Time: 17.65832
	Time:	0:00:18
	Energy:	0.0011 kWh
	CO2eq:	0.5463 g
	0.0051 km travelled by car
	Time:	0:00:18
	Energy:	0.0011 kWh
	CO2eq:	0.5463 g
	0.0051 km travelled by car
___ST com 82 Treads_concluida___
___ST com 84 Treads___
Execution Time: 17.24910
	Time:	0:00:17
	Energy:	0.0011 kWh
	CO2eq:	0.5394 g
	0.0050 km travelled by car
	Time:	0:00:17
	Energy:	0.0011 kWh
	CO2eq:	0.5394 g
	0.0050 km travelled by car
___ST com 84 Treads_concluida___
___ST com 86 Treads___
Execution Time: 17.13102
	Time:	0:00:17
	Energy:	0.0011 kWh
	CO2eq:	0.5411 g
	0.0050 km travelled by car
	Time:	0:00:17
	Energy:	0.0011 kWh
	CO2eq:	0.5411 g
	0.0050 km travelled by car
___ST com 86 Treads_concluida___
___ST com 88 Treads___
Execution Time: 16.64551
	Time:	0:00:17
	Energy:	0.0011 kWh
	CO2eq:	0.5326 g
	0.0050 km travelled by car
	Time:	0:00:17
	Energy:	0.0011 kWh
	CO2eq:	0.5326 g
	0.0050 km travelled by car
___ST com 88 Treads_concluida___
___Fim de ST___:

