Numero de CPUs logicos (threads): 88
Numero de núcleos fisicos: 22
Start -> PO
compilando PO...
rm omp_po
gcc  omp_po.c -o omp_po -fopenmp -lm -O3
___Executando PO___:
___PO com 2 Treads___
Execution Time: 250.95204
	Time:	0:04:11
	Energy:	0.0084 kWh
	CO2eq:	0.8257 g
	0.0077 km travelled by car
	Time:	0:04:11
	Energy:	0.0084 kWh
	CO2eq:	0.8257 g
	0.0077 km travelled by car
___PO com 2 Treads_concluida___
___PO com 4 Treads___
Execution Time: 133.91929
	Time:	0:02:14
	Energy:	0.0048 kWh
	CO2eq:	0.4733 g
	0.0044 km travelled by car
	Time:	0:02:14
	Energy:	0.0048 kWh
	CO2eq:	0.4733 g
	0.0044 km travelled by car
___PO com 4 Treads_concluida___
___PO com 6 Treads___
Execution Time: 93.80654
	Time:	0:01:34
	Energy:	0.0035 kWh
	CO2eq:	0.3464 g
	0.0032 km travelled by car
	Time:	0:01:34
	Energy:	0.0035 kWh
	CO2eq:	0.3464 g
	0.0032 km travelled by car
___PO com 6 Treads_concluida___
___PO com 8 Treads___
Execution Time: 76.87696
	Time:	0:01:17
	Energy:	0.0030 kWh
	CO2eq:	0.2948 g
	0.0027 km travelled by car
	Time:	0:01:17
	Energy:	0.0030 kWh
	CO2eq:	0.2948 g
	0.0027 km travelled by car
___PO com 8 Treads_concluida___
___PO com 10 Treads___
Execution Time: 69.33183
	Time:	0:01:09
	Energy:	0.0028 kWh
	CO2eq:	0.2726 g
	0.0025 km travelled by car
	Time:	0:01:09
	Energy:	0.0028 kWh
	CO2eq:	0.2726 g
	0.0025 km travelled by car
___PO com 10 Treads_concluida___
___PO com 12 Treads___
Execution Time: 63.73068
	Time:	0:01:04
	Energy:	0.0026 kWh
	CO2eq:	0.2555 g
	0.0024 km travelled by car
	Time:	0:01:04
	Energy:	0.0026 kWh
	CO2eq:	0.2555 g
	0.0024 km travelled by car
___PO com 12 Treads_concluida___
___PO com 14 Treads___
Execution Time: 60.96259
	Time:	0:01:01
	Energy:	0.0025 kWh
	CO2eq:	0.2480 g
	0.0023 km travelled by car
	Time:	0:01:01
	Energy:	0.0025 kWh
	CO2eq:	0.2480 g
	0.0023 km travelled by car
___PO com 14 Treads_concluida___
___PO com 16 Treads___
Execution Time: 59.40743
	Time:	0:00:59
	Energy:	0.0025 kWh
	CO2eq:	0.2439 g
	0.0023 km travelled by car
	Time:	0:00:59
	Energy:	0.0025 kWh
	CO2eq:	0.2439 g
	0.0023 km travelled by car
___PO com 16 Treads_concluida___
___PO com 18 Treads___
Execution Time: 58.49924
	Time:	0:00:59
	Energy:	0.0025 kWh
	CO2eq:	0.2423 g
	0.0023 km travelled by car
	Time:	0:00:59
	Energy:	0.0025 kWh
	CO2eq:	0.2423 g
	0.0023 km travelled by car
___PO com 18 Treads_concluida___
___PO com 20 Treads___
Execution Time: 57.62107
	Time:	0:00:58
	Energy:	0.0025 kWh
	CO2eq:	0.2426 g
	0.0023 km travelled by car
	Time:	0:00:58
	Energy:	0.0025 kWh
	CO2eq:	0.2426 g
	0.0023 km travelled by car
___PO com 20 Treads_concluida___
___PO com 22 Treads___
Execution Time: 57.25314
	Time:	0:00:57
	Energy:	0.0025 kWh
	CO2eq:	0.2450 g
	0.0023 km travelled by car
	Time:	0:00:57
	Energy:	0.0025 kWh
	CO2eq:	0.2450 g
	0.0023 km travelled by car
___PO com 22 Treads_concluida___
___PO com 24 Treads___
Execution Time: 56.79016
	Time:	0:00:57
	Energy:	0.0025 kWh
	CO2eq:	0.2463 g
	0.0023 km travelled by car
	Time:	0:00:57
	Energy:	0.0025 kWh
	CO2eq:	0.2463 g
	0.0023 km travelled by car
___PO com 24 Treads_concluida___
___PO com 26 Treads___
Execution Time: 56.83345
	Time:	0:00:57
	Energy:	0.0025 kWh
	CO2eq:	0.2499 g
	0.0023 km travelled by car
	Time:	0:00:57
	Energy:	0.0025 kWh
	CO2eq:	0.2499 g
	0.0023 km travelled by car
___PO com 26 Treads_concluida___
___PO com 28 Treads___
	Time:	0:00:00
	Energy:	0.0000 kWh
	CO2eq:	0.0000 g
	0.0000 km travelled by car
	Time:	0:00:00
	Energy:	0.0000 kWh
	CO2eq:	0.0000 g
	0.0000 km travelled by car
___PO com 28 Treads_concluida___
___PO com 30 Treads___
	Time:	0:00:00
	Energy:	0.0000 kWh
	CO2eq:	0.0000 g
	0.0000 km travelled by car
	Time:	0:00:00
	Energy:	0.0000 kWh
	CO2eq:	0.0000 g
	0.0000 km travelled by car
___PO com 30 Treads_concluida___
___PO com 32 Treads___
	Time:	0:00:00
	Energy:	0.0000 kWh
	CO2eq:	0.0000 g
	0.0000 km travelled by car
	Time:	0:00:00
	Energy:	0.0000 kWh
	CO2eq:	0.0000 g
	0.0000 km travelled by car
___PO com 32 Treads_concluida___
___PO com 34 Treads___
	Time:	0:00:00
	Energy:	0.0000 kWh
	CO2eq:	0.0000 g
	0.0000 km travelled by car
	Time:	0:00:00
	Energy:	0.0000 kWh
	CO2eq:	0.0000 g
	0.0000 km travelled by car
___PO com 34 Treads_concluida___
___PO com 36 Treads___
	Time:	0:00:00
	Energy:	0.0000 kWh
	CO2eq:	0.0000 g
	0.0000 km travelled by car
	Time:	0:00:00
	Energy:	0.0000 kWh
	CO2eq:	0.0000 g
	0.0000 km travelled by car
___PO com 36 Treads_concluida___
___PO com 38 Treads___
	Time:	0:00:00
	Energy:	0.0000 kWh
	CO2eq:	0.0000 g
	0.0000 km travelled by car
	Time:	0:00:00
	Energy:	0.0000 kWh
	CO2eq:	0.0000 g
	0.0000 km travelled by car
___PO com 38 Treads_concluida___
___PO com 40 Treads___
	Time:	0:00:00
	Energy:	0.0000 kWh
	CO2eq:	0.0000 g
	0.0000 km travelled by car
	Time:	0:00:00
	Energy:	0.0000 kWh
	CO2eq:	0.0000 g
	0.0000 km travelled by car
___PO com 40 Treads_concluida___
___PO com 42 Treads___
	Time:	0:00:00
	Energy:	0.0000 kWh
	CO2eq:	0.0000 g
	0.0000 km travelled by car
	Time:	0:00:00
	Energy:	0.0000 kWh
	CO2eq:	0.0000 g
	0.0000 km travelled by car
___PO com 42 Treads_concluida___
___PO com 44 Treads___
	Time:	0:00:00
	Energy:	0.0000 kWh
	CO2eq:	0.0000 g
	0.0000 km travelled by car
	Time:	0:00:00
	Energy:	0.0000 kWh
	CO2eq:	0.0000 g
	0.0000 km travelled by car
___PO com 44 Treads_concluida___
___PO com 46 Treads___
	Time:	0:00:00
	Energy:	0.0000 kWh
	CO2eq:	0.0000 g
	0.0000 km travelled by car
	Time:	0:00:00
	Energy:	0.0000 kWh
	CO2eq:	0.0000 g
	0.0000 km travelled by car
___PO com 46 Treads_concluida___
___PO com 48 Treads___
	Time:	0:00:00
	Energy:	0.0000 kWh
	CO2eq:	0.0000 g
	0.0000 km travelled by car
	Time:	0:00:00
	Energy:	0.0000 kWh
	CO2eq:	0.0000 g
	0.0000 km travelled by car
___PO com 48 Treads_concluida___
___PO com 50 Treads___
	Time:	0:00:00
	Energy:	0.0000 kWh
	CO2eq:	0.0000 g
	0.0000 km travelled by car
	Time:	0:00:00
	Energy:	0.0000 kWh
	CO2eq:	0.0000 g
	0.0000 km travelled by car
___PO com 50 Treads_concluida___
___PO com 52 Treads___
	Time:	0:00:00
	Energy:	0.0000 kWh
	CO2eq:	0.0000 g
	0.0000 km travelled by car
	Time:	0:00:00
	Energy:	0.0000 kWh
	CO2eq:	0.0000 g
	0.0000 km travelled by car
___PO com 52 Treads_concluida___
___PO com 54 Treads___
	Time:	0:00:00
	Energy:	0.0000 kWh
	CO2eq:	0.0000 g
	0.0000 km travelled by car
	Time:	0:00:00
	Energy:	0.0000 kWh
	CO2eq:	0.0000 g
	0.0000 km travelled by car
___PO com 54 Treads_concluida___
___PO com 56 Treads___
	Time:	0:00:00
	Energy:	0.0000 kWh
	CO2eq:	0.0000 g
	0.0000 km travelled by car
	Time:	0:00:00
	Energy:	0.0000 kWh
	CO2eq:	0.0000 g
	0.0000 km travelled by car
___PO com 56 Treads_concluida___
___PO com 58 Treads___
	Time:	0:00:00
	Energy:	0.0000 kWh
	CO2eq:	0.0001 g
	0.0000 km travelled by car
	Time:	0:00:00
	Energy:	0.0000 kWh
	CO2eq:	0.0001 g
	0.0000 km travelled by car
___PO com 58 Treads_concluida___
___PO com 60 Treads___
	Time:	0:00:00
	Energy:	0.0000 kWh
	CO2eq:	0.0000 g
	0.0000 km travelled by car
	Time:	0:00:00
	Energy:	0.0000 kWh
	CO2eq:	0.0000 g
	0.0000 km travelled by car
___PO com 60 Treads_concluida___
___PO com 62 Treads___
	Time:	0:00:00
	Energy:	0.0000 kWh
	CO2eq:	0.0000 g
	0.0000 km travelled by car
	Time:	0:00:00
	Energy:	0.0000 kWh
	CO2eq:	0.0000 g
	0.0000 km travelled by car
___PO com 62 Treads_concluida___
___PO com 64 Treads___
	Time:	0:00:00
	Energy:	0.0000 kWh
	CO2eq:	0.0001 g
	0.0000 km travelled by car
	Time:	0:00:00
	Energy:	0.0000 kWh
	CO2eq:	0.0001 g
	0.0000 km travelled by car
___PO com 64 Treads_concluida___
___PO com 66 Treads___
	Time:	0:00:00
	Energy:	0.0000 kWh
	CO2eq:	0.0001 g
	0.0000 km travelled by car
	Time:	0:00:00
	Energy:	0.0000 kWh
	CO2eq:	0.0001 g
	0.0000 km travelled by car
___PO com 66 Treads_concluida___
___PO com 68 Treads___
	Time:	0:00:00
	Energy:	0.0000 kWh
	CO2eq:	0.0000 g
	0.0000 km travelled by car
	Time:	0:00:00
	Energy:	0.0000 kWh
	CO2eq:	0.0000 g
	0.0000 km travelled by car
___PO com 68 Treads_concluida___
___PO com 70 Treads___
	Time:	0:00:00
	Energy:	0.0000 kWh
	CO2eq:	0.0000 g
	0.0000 km travelled by car
	Time:	0:00:00
	Energy:	0.0000 kWh
	CO2eq:	0.0000 g
	0.0000 km travelled by car
___PO com 70 Treads_concluida___
___PO com 72 Treads___
	Time:	0:00:00
	Energy:	0.0000 kWh
	CO2eq:	0.0000 g
	0.0000 km travelled by car
	Time:	0:00:00
	Energy:	0.0000 kWh
	CO2eq:	0.0000 g
	0.0000 km travelled by car
___PO com 72 Treads_concluida___
___PO com 74 Treads___
	Time:	0:00:00
	Energy:	0.0000 kWh
	CO2eq:	0.0000 g
	0.0000 km travelled by car
	Time:	0:00:00
	Energy:	0.0000 kWh
	CO2eq:	0.0000 g
	0.0000 km travelled by car
___PO com 74 Treads_concluida___
___PO com 76 Treads___
	Time:	0:00:00
	Energy:	0.0000 kWh
	CO2eq:	0.0000 g
	0.0000 km travelled by car
	Time:	0:00:00
	Energy:	0.0000 kWh
	CO2eq:	0.0000 g
	0.0000 km travelled by car
___PO com 76 Treads_concluida___
___PO com 78 Treads___
	Time:	0:00:00
	Energy:	0.0000 kWh
	CO2eq:	0.0000 g
	0.0000 km travelled by car
	Time:	0:00:00
	Energy:	0.0000 kWh
	CO2eq:	0.0000 g
	0.0000 km travelled by car
___PO com 78 Treads_concluida___
___PO com 80 Treads___
	Time:	0:00:00
	Energy:	0.0000 kWh
	CO2eq:	0.0000 g
	0.0000 km travelled by car
	Time:	0:00:00
	Energy:	0.0000 kWh
	CO2eq:	0.0000 g
	0.0000 km travelled by car
___PO com 80 Treads_concluida___
___PO com 82 Treads___
	Time:	0:00:00
	Energy:	0.0000 kWh
	CO2eq:	0.0000 g
	0.0000 km travelled by car
	Time:	0:00:00
	Energy:	0.0000 kWh
	CO2eq:	0.0000 g
	0.0000 km travelled by car
___PO com 82 Treads_concluida___
___PO com 84 Treads___
	Time:	0:00:00
	Energy:	0.0000 kWh
	CO2eq:	0.0000 g
	0.0000 km travelled by car
	Time:	0:00:00
	Energy:	0.0000 kWh
	CO2eq:	0.0000 g
	0.0000 km travelled by car
___PO com 84 Treads_concluida___
___PO com 86 Treads___
	Time:	0:00:00
	Energy:	0.0000 kWh
	CO2eq:	0.0000 g
	0.0000 km travelled by car
	Time:	0:00:00
	Energy:	0.0000 kWh
	CO2eq:	0.0000 g
	0.0000 km travelled by car
___PO com 86 Treads_concluida___
___PO com 88 Treads___
	Time:	0:00:00
	Energy:	0.0000 kWh
	CO2eq:	0.0002 g
	0.0000 km travelled by car
	Time:	0:00:00
	Energy:	0.0000 kWh
	CO2eq:	0.0002 g
	0.0000 km travelled by car
___PO com 88 Treads_concluida___
___Fim de PO___:

Start -> ST
compilando ST...
make: Nothing to be done for 'all'.
___Executando ST___:
___ST com 2 Treads___
Execution Time: 144.30719
	Time:	0:02:24
	Energy:	0.0048 kWh
	CO2eq:	0.4737 g
	0.0044 km travelled by car
	Time:	0:02:24
	Energy:	0.0048 kWh
	CO2eq:	0.4737 g
	0.0044 km travelled by car
___ST com 2 Treads_concluida___
___ST com 4 Treads___
Execution Time: 77.70472
	Time:	0:01:18
	Energy:	0.0028 kWh
	CO2eq:	0.2710 g
	0.0025 km travelled by car
	Time:	0:01:18
	Energy:	0.0028 kWh
	CO2eq:	0.2710 g
	0.0025 km travelled by car
___ST com 4 Treads_concluida___
___ST com 6 Treads___
Execution Time: 54.15109
	Time:	0:00:54
	Energy:	0.0020 kWh
	CO2eq:	0.1962 g
	0.0018 km travelled by car
	Time:	0:00:54
	Energy:	0.0020 kWh
	CO2eq:	0.1962 g
	0.0018 km travelled by car
___ST com 6 Treads_concluida___
___ST com 8 Treads___
Execution Time: 45.54300
	Time:	0:00:46
	Energy:	0.0017 kWh
	CO2eq:	0.1700 g
	0.0016 km travelled by car
	Time:	0:00:46
	Energy:	0.0017 kWh
	CO2eq:	0.1700 g
	0.0016 km travelled by car
___ST com 8 Treads_concluida___
___ST com 10 Treads___
Execution Time: 40.52864
	Time:	0:00:41
	Energy:	0.0016 kWh
	CO2eq:	0.1548 g
	0.0014 km travelled by car
	Time:	0:00:41
	Energy:	0.0016 kWh
	CO2eq:	0.1548 g
	0.0014 km travelled by car
___ST com 10 Treads_concluida___
___ST com 12 Treads___
Execution Time: 38.20105
	Time:	0:00:38
	Energy:	0.0015 kWh
	CO2eq:	0.1486 g
	0.0014 km travelled by car
	Time:	0:00:38
	Energy:	0.0015 kWh
	CO2eq:	0.1486 g
	0.0014 km travelled by car
___ST com 12 Treads_concluida___
___ST com 14 Treads___
Execution Time: 37.16523
	Time:	0:00:37
	Energy:	0.0015 kWh
	CO2eq:	0.1463 g
	0.0014 km travelled by car
	Time:	0:00:37
	Energy:	0.0015 kWh
	CO2eq:	0.1463 g
	0.0014 km travelled by car
___ST com 14 Treads_concluida___
___ST com 16 Treads___
Execution Time: 35.28106
	Time:	0:00:35
	Energy:	0.0014 kWh
	CO2eq:	0.1404 g
	0.0013 km travelled by car
	Time:	0:00:35
	Energy:	0.0014 kWh
	CO2eq:	0.1404 g
	0.0013 km travelled by car
___ST com 16 Treads_concluida___
___ST com 18 Treads___
Execution Time: 34.81142
	Time:	0:00:35
	Energy:	0.0014 kWh
	CO2eq:	0.1402 g
	0.0013 km travelled by car
	Time:	0:00:35
	Energy:	0.0014 kWh
	CO2eq:	0.1402 g
	0.0013 km travelled by car
___ST com 18 Treads_concluida___
___ST com 20 Treads___
Execution Time: 34.57830
	Time:	0:00:35
	Energy:	0.0014 kWh
	CO2eq:	0.1414 g
	0.0013 km travelled by car
	Time:	0:00:35
	Energy:	0.0014 kWh
	CO2eq:	0.1414 g
	0.0013 km travelled by car
___ST com 20 Treads_concluida___
___ST com 22 Treads___
Execution Time: 35.12646
	Time:	0:00:35
	Energy:	0.0015 kWh
	CO2eq:	0.1457 g
	0.0014 km travelled by car
	Time:	0:00:35
	Energy:	0.0015 kWh
	CO2eq:	0.1456 g
	0.0014 km travelled by car
___ST com 22 Treads_concluida___
___ST com 24 Treads___
Execution Time: 34.84732
	Time:	0:00:35
	Energy:	0.0015 kWh
	CO2eq:	0.1467 g
	0.0014 km travelled by car
	Time:	0:00:35
	Energy:	0.0015 kWh
	CO2eq:	0.1467 g
	0.0014 km travelled by car
___ST com 24 Treads_concluida___
___ST com 26 Treads___
Execution Time: 34.50110
	Time:	0:00:35
	Energy:	0.0015 kWh
	CO2eq:	0.1472 g
	0.0014 km travelled by car
	Time:	0:00:35
	Energy:	0.0015 kWh
	CO2eq:	0.1472 g
	0.0014 km travelled by car
___ST com 26 Treads_concluida___
___ST com 28 Treads___
Execution Time: 34.52174
	Time:	0:00:35
	Energy:	0.0015 kWh
	CO2eq:	0.1495 g
	0.0014 km travelled by car
	Time:	0:00:35
	Energy:	0.0015 kWh
	CO2eq:	0.1495 g
	0.0014 km travelled by car
___ST com 28 Treads_concluida___
___ST com 30 Treads___
Execution Time: 34.38735
	Time:	0:00:34
	Energy:	0.0015 kWh
	CO2eq:	0.1512 g
	0.0014 km travelled by car
	Time:	0:00:34
	Energy:	0.0015 kWh
	CO2eq:	0.1512 g
	0.0014 km travelled by car
___ST com 30 Treads_concluida___
___ST com 32 Treads___
Execution Time: 33.68480
	Time:	0:00:34
	Energy:	0.0015 kWh
	CO2eq:	0.1502 g
	0.0014 km travelled by car
	Time:	0:00:34
	Energy:	0.0015 kWh
	CO2eq:	0.1502 g
	0.0014 km travelled by car
___ST com 32 Treads_concluida___
___ST com 34 Treads___
Execution Time: 34.14974
	Time:	0:00:34
	Energy:	0.0016 kWh
	CO2eq:	0.1542 g
	0.0014 km travelled by car
	Time:	0:00:34
	Energy:	0.0016 kWh
	CO2eq:	0.1542 g
	0.0014 km travelled by car
___ST com 34 Treads_concluida___
___ST com 36 Treads___
Execution Time: 33.91548
	Time:	0:00:34
	Energy:	0.0016 kWh
	CO2eq:	0.1552 g
	0.0014 km travelled by car
	Time:	0:00:34
	Energy:	0.0016 kWh
	CO2eq:	0.1552 g
	0.0014 km travelled by car
___ST com 36 Treads_concluida___
___ST com 38 Treads___
Execution Time: 34.16328
	Time:	0:00:34
	Energy:	0.0016 kWh
	CO2eq:	0.1581 g
	0.0015 km travelled by car
	Time:	0:00:34
	Energy:	0.0016 kWh
	CO2eq:	0.1581 g
	0.0015 km travelled by car
___ST com 38 Treads_concluida___
___ST com 40 Treads___
Execution Time: 33.60936
	Time:	0:00:34
	Energy:	0.0016 kWh
	CO2eq:	0.1578 g
	0.0015 km travelled by car
	Time:	0:00:34
	Energy:	0.0016 kWh
	CO2eq:	0.1578 g
	0.0015 km travelled by car
___ST com 40 Treads_concluida___
___ST com 42 Treads___
Execution Time: 33.97796
	Time:	0:00:34
	Energy:	0.0016 kWh
	CO2eq:	0.1617 g
	0.0015 km travelled by car
	Time:	0:00:34
	Energy:	0.0016 kWh
	CO2eq:	0.1617 g
	0.0015 km travelled by car
___ST com 42 Treads_concluida___
___ST com 44 Treads___
Execution Time: 34.09688
	Time:	0:00:34
	Energy:	0.0017 kWh
	CO2eq:	0.1641 g
	0.0015 km travelled by car
	Time:	0:00:34
	Energy:	0.0017 kWh
	CO2eq:	0.1641 g
	0.0015 km travelled by car
___ST com 44 Treads_concluida___
___ST com 46 Treads___
Execution Time: 32.20379
	Time:	0:00:32
	Energy:	0.0016 kWh
	CO2eq:	0.1583 g
	0.0015 km travelled by car
	Time:	0:00:32
	Energy:	0.0016 kWh
	CO2eq:	0.1583 g
	0.0015 km travelled by car
___ST com 46 Treads_concluida___
___ST com 48 Treads___
Execution Time: 30.88499
	Time:	0:00:31
	Energy:	0.0016 kWh
	CO2eq:	0.1541 g
	0.0014 km travelled by car
	Time:	0:00:31
	Energy:	0.0016 kWh
	CO2eq:	0.1541 g
	0.0014 km travelled by car
___ST com 48 Treads_concluida___
___ST com 50 Treads___
Execution Time: 29.50527
	Time:	0:00:30
	Energy:	0.0015 kWh
	CO2eq:	0.1481 g
	0.0014 km travelled by car
	Time:	0:00:30
	Energy:	0.0015 kWh
	CO2eq:	0.1481 g
	0.0014 km travelled by car
___ST com 50 Treads_concluida___
___ST com 52 Treads___
Execution Time: 28.05867
	Time:	0:00:28
	Energy:	0.0014 kWh
	CO2eq:	0.1425 g
	0.0013 km travelled by car
	Time:	0:00:28
	Energy:	0.0014 kWh
	CO2eq:	0.1425 g
	0.0013 km travelled by car
___ST com 52 Treads_concluida___
___ST com 54 Treads___
Execution Time: 27.57232
	Time:	0:00:28
	Energy:	0.0014 kWh
	CO2eq:	0.1414 g
	0.0013 km travelled by car
	Time:	0:00:28
	Energy:	0.0014 kWh
	CO2eq:	0.1414 g
	0.0013 km travelled by car
___ST com 54 Treads_concluida___
___ST com 56 Treads___
Execution Time: 26.43707
	Time:	0:00:26
	Energy:	0.0014 kWh
	CO2eq:	0.1372 g
	0.0013 km travelled by car
	Time:	0:00:26
	Energy:	0.0014 kWh
	CO2eq:	0.1372 g
	0.0013 km travelled by car
___ST com 56 Treads_concluida___
___ST com 58 Treads___
Execution Time: 25.29387
	Time:	0:00:25
	Energy:	0.0014 kWh
	CO2eq:	0.1336 g
	0.0012 km travelled by car
	Time:	0:00:25
	Energy:	0.0014 kWh
	CO2eq:	0.1336 g
	0.0012 km travelled by car
___ST com 58 Treads_concluida___
___ST com 60 Treads___
Execution Time: 24.93909
	Time:	0:00:25
	Energy:	0.0014 kWh
	CO2eq:	0.1337 g
	0.0012 km travelled by car
	Time:	0:00:25
	Energy:	0.0013 kWh
	CO2eq:	0.1326 g
	0.0012 km travelled by car
___ST com 60 Treads_concluida___
___ST com 62 Treads___
Execution Time: 24.01054
	Time:	0:00:24
	Energy:	0.0013 kWh
	CO2eq:	0.1311 g
	0.0012 km travelled by car
	Time:	0:00:24
	Energy:	0.0013 kWh
	CO2eq:	0.1311 g
	0.0012 km travelled by car
___ST com 62 Treads_concluida___
___ST com 64 Treads___
Execution Time: 22.62543
	Time:	0:00:23
	Energy:	0.0013 kWh
	CO2eq:	0.1268 g
	0.0012 km travelled by car
	Time:	0:00:23
	Energy:	0.0013 kWh
	CO2eq:	0.1268 g
	0.0012 km travelled by car
___ST com 64 Treads_concluida___
___ST com 66 Treads___
Execution Time: 23.36999
	Time:	0:00:23
	Energy:	0.0013 kWh
	CO2eq:	0.1318 g
	0.0012 km travelled by car
	Time:	0:00:23
	Energy:	0.0013 kWh
	CO2eq:	0.1318 g
	0.0012 km travelled by car
___ST com 66 Treads_concluida___
___ST com 68 Treads___
Execution Time: 21.35180
	Time:	0:00:21
	Energy:	0.0013 kWh
	CO2eq:	0.1236 g
	0.0011 km travelled by car
	Time:	0:00:21
	Energy:	0.0013 kWh
	CO2eq:	0.1236 g
	0.0011 km travelled by car
___ST com 68 Treads_concluida___
___ST com 70 Treads___
Execution Time: 20.77405
	Time:	0:00:21
	Energy:	0.0012 kWh
	CO2eq:	0.1219 g
	0.0011 km travelled by car
	Time:	0:00:21
	Energy:	0.0012 kWh
	CO2eq:	0.1219 g
	0.0011 km travelled by car
___ST com 70 Treads_concluida___
___ST com 72 Treads___
Execution Time: 20.24037
	Time:	0:00:20
	Energy:	0.0012 kWh
	CO2eq:	0.5888 g
	0.0055 km travelled by car
	Time:	0:00:20
	Energy:	0.0012 kWh
	CO2eq:	0.5888 g
	0.0055 km travelled by car
___ST com 72 Treads_concluida___
___ST com 74 Treads___
Execution Time: 19.98287
	Time:	0:00:20
	Energy:	0.0012 kWh
	CO2eq:	0.5875 g
	0.0055 km travelled by car
	Time:	0:00:20
	Energy:	0.0012 kWh
	CO2eq:	0.5875 g
	0.0055 km travelled by car
___ST com 74 Treads_concluida___
___ST com 76 Treads___
Execution Time: 19.51249
	Time:	0:00:20
	Energy:	0.0012 kWh
	CO2eq:	0.5817 g
	0.0054 km travelled by car
	Time:	0:00:20
	Energy:	0.0012 kWh
	CO2eq:	0.5817 g
	0.0054 km travelled by car
___ST com 76 Treads_concluida___
___ST com 78 Treads___
Execution Time: 19.33098
	Time:	0:00:19
	Energy:	0.0012 kWh
	CO2eq:	0.5808 g
	0.0054 km travelled by car
	Time:	0:00:19
	Energy:	0.0012 kWh
	CO2eq:	0.5808 g
	0.0054 km travelled by car
___ST com 78 Treads_concluida___
___ST com 80 Treads___
Execution Time: 18.23270
	Time:	0:00:18
	Energy:	0.0012 kWh
	CO2eq:	0.5555 g
	0.0052 km travelled by car
	Time:	0:00:18
	Energy:	0.0012 kWh
	CO2eq:	0.5555 g
	0.0052 km travelled by car
___ST com 80 Treads_concluida___
___ST com 82 Treads___
Execution Time: 17.61340
	Time:	0:00:18
	Energy:	0.0011 kWh
	CO2eq:	0.5444 g
	0.0051 km travelled by car
	Time:	0:00:18
	Energy:	0.0011 kWh
	CO2eq:	0.5444 g
	0.0051 km travelled by car
___ST com 82 Treads_concluida___
___ST com 84 Treads___
Execution Time: 17.88827
	Time:	0:00:18
	Energy:	0.0012 kWh
	CO2eq:	0.5572 g
	0.0052 km travelled by car
	Time:	0:00:18
	Energy:	0.0012 kWh
	CO2eq:	0.5572 g
	0.0052 km travelled by car
___ST com 84 Treads_concluida___
___ST com 86 Treads___
Execution Time: 17.08843
	Time:	0:00:17
	Energy:	0.0011 kWh
	CO2eq:	0.5385 g
	0.0050 km travelled by car
	Time:	0:00:17
	Energy:	0.0011 kWh
	CO2eq:	0.5385 g
	0.0050 km travelled by car
___ST com 86 Treads_concluida___
___ST com 88 Treads___
Execution Time: 16.60545
	Time:	0:00:17
	Energy:	0.0011 kWh
	CO2eq:	0.5322 g
	0.0050 km travelled by car
	Time:	0:00:17
	Energy:	0.0011 kWh
	CO2eq:	0.5322 g
	0.0050 km travelled by car
___ST com 88 Treads_concluida___
___Fim de ST___:

