Numero de CPUs logicos (threads): 40
Numero de núcleos fisicos: 10
Start -> PO
compilando PO...
rm omp_po
gcc  omp_po.c -o omp_po -fopenmp -lm -O3
___Executando PO___:
___PO com 2 Treads___
Execution Time: 244.35167
	Time:	0:04:04
	Energy:	0.0041 kWh
	CO2eq:	0.3991 g
	0.0037 km travelled by car
	Time:	0:04:04
	Energy:	0.0041 kWh
	CO2eq:	0.3991 g
	0.0037 km travelled by car
___PO com 2 Treads_concluida___
___PO com 4 Treads___
Execution Time: 126.52091
	Time:	0:02:07
	Energy:	0.0024 kWh
	CO2eq:	0.2321 g
	0.0022 km travelled by car
	Time:	0:02:07
	Energy:	0.0024 kWh
	CO2eq:	0.2321 g
	0.0022 km travelled by car
___PO com 4 Treads_concluida___
___PO com 6 Treads___
Execution Time: 92.51473
	Time:	0:01:33
	Energy:	0.0019 kWh
	CO2eq:	0.1827 g
	0.0017 km travelled by car
	Time:	0:01:33
	Energy:	0.0019 kWh
	CO2eq:	0.1827 g
	0.0017 km travelled by car
___PO com 6 Treads_concluida___
___PO com 8 Treads___
Execution Time: 77.21520
	Time:	0:01:17
	Energy:	0.0017 kWh
	CO2eq:	0.1637 g
	0.0015 km travelled by car
	Time:	0:01:17
	Energy:	0.0017 kWh
	CO2eq:	0.1637 g
	0.0015 km travelled by car
___PO com 8 Treads_concluida___
___PO com 10 Treads___
Execution Time: 70.57385
	Time:	0:01:11
	Energy:	0.0016 kWh
	CO2eq:	0.1563 g
	0.0015 km travelled by car
	Time:	0:01:11
	Energy:	0.0016 kWh
	CO2eq:	0.1563 g
	0.0015 km travelled by car
___PO com 10 Treads_concluida___
___PO com 12 Treads___
Execution Time: 68.18626
	Time:	0:01:08
	Energy:	0.0016 kWh
	CO2eq:	0.1591 g
	0.0015 km travelled by car
	Time:	0:01:08
	Energy:	0.0016 kWh
	CO2eq:	0.1591 g
	0.0015 km travelled by car
___PO com 12 Treads_concluida___
___PO com 14 Treads___
Execution Time: 66.21872
	Time:	0:01:06
	Energy:	0.0016 kWh
	CO2eq:	0.1623 g
	0.0015 km travelled by car
	Time:	0:01:06
	Energy:	0.0016 kWh
	CO2eq:	0.1623 g
	0.0015 km travelled by car
___PO com 14 Treads_concluida___
___PO com 16 Treads___
Execution Time: 66.64196
	Time:	0:01:07
	Energy:	0.0017 kWh
	CO2eq:	0.1695 g
	0.0016 km travelled by car
	Time:	0:01:07
	Energy:	0.0017 kWh
	CO2eq:	0.1695 g
	0.0016 km travelled by car
___PO com 16 Treads_concluida___
___PO com 18 Treads___
Execution Time: 66.42217
	Time:	0:01:06
	Energy:	0.0018 kWh
	CO2eq:	0.1757 g
	0.0016 km travelled by car
	Time:	0:01:06
	Energy:	0.0018 kWh
	CO2eq:	0.1757 g
	0.0016 km travelled by car
___PO com 18 Treads_concluida___
___PO com 20 Treads___
Execution Time: 65.96947
	Time:	0:01:06
	Energy:	0.0018 kWh
	CO2eq:	0.1796 g
	0.0017 km travelled by car
	Time:	0:01:06
	Energy:	0.0018 kWh
	CO2eq:	0.1796 g
	0.0017 km travelled by car
___PO com 20 Treads_concluida___
___PO com 22 Treads___
Execution Time: 59.94044
	Time:	0:01:00
	Energy:	0.0019 kWh
	CO2eq:	0.1855 g
	0.0017 km travelled by car
	Time:	0:01:00
	Energy:	0.0019 kWh
	CO2eq:	0.1855 g
	0.0017 km travelled by car
___PO com 22 Treads_concluida___
___PO com 24 Treads___
Execution Time: 55.19402
	Time:	0:00:55
	Energy:	0.0018 kWh
	CO2eq:	0.1806 g
	0.0017 km travelled by car
	Time:	0:00:55
	Energy:	0.0018 kWh
	CO2eq:	0.1806 g
	0.0017 km travelled by car
___PO com 24 Treads_concluida___
___PO com 26 Treads___
Execution Time: 50.87710
	Time:	0:00:51
	Energy:	0.0017 kWh
	CO2eq:	0.1720 g
	0.0016 km travelled by car
	Time:	0:00:51
	Energy:	0.0017 kWh
	CO2eq:	0.1713 g
	0.0016 km travelled by car
___PO com 26 Treads_concluida___
___PO com 28 Treads___
Execution Time: 48.04415
	Time:	0:00:48
	Energy:	0.0017 kWh
	CO2eq:	0.1666 g
	0.0016 km travelled by car
	Time:	0:00:48
	Energy:	0.0017 kWh
	CO2eq:	0.1666 g
	0.0016 km travelled by car
___PO com 28 Treads_concluida___
___PO com 30 Treads___
Execution Time: 44.31127
	Time:	0:00:44
	Energy:	0.0016 kWh
	CO2eq:	0.1595 g
	0.0015 km travelled by car
	Time:	0:00:44
	Energy:	0.0016 kWh
	CO2eq:	0.1595 g
	0.0015 km travelled by car
___PO com 30 Treads_concluida___
___PO com 32 Treads___
Execution Time: 41.71151
	Time:	0:00:42
	Energy:	0.0016 kWh
	CO2eq:	0.1566 g
	0.0015 km travelled by car
	Time:	0:00:42
	Energy:	0.0016 kWh
	CO2eq:	0.1566 g
	0.0015 km travelled by car
___PO com 32 Treads_concluida___
___PO com 34 Treads___
Execution Time: 40.18515
	Time:	0:00:40
	Energy:	0.0016 kWh
	CO2eq:	0.1572 g
	0.0015 km travelled by car
	Time:	0:00:40
	Energy:	0.0016 kWh
	CO2eq:	0.1572 g
	0.0015 km travelled by car
___PO com 34 Treads_concluida___
___PO com 36 Treads___
Execution Time: 37.89946
	Time:	0:00:38
	Energy:	0.0016 kWh
	CO2eq:	0.1548 g
	0.0014 km travelled by car
	Time:	0:00:38
	Energy:	0.0016 kWh
	CO2eq:	0.1548 g
	0.0014 km travelled by car
___PO com 36 Treads_concluida___
___PO com 38 Treads___
Execution Time: 35.70886
	Time:	0:00:36
	Energy:	0.0015 kWh
	CO2eq:	0.1502 g
	0.0014 km travelled by car
	Time:	0:00:36
	Energy:	0.0015 kWh
	CO2eq:	0.1502 g
	0.0014 km travelled by car
___PO com 38 Treads_concluida___
___PO com 40 Treads___
Execution Time: 33.53429
	Time:	0:00:34
	Energy:	0.0015 kWh
	CO2eq:	0.1449 g
	0.0013 km travelled by car
	Time:	0:00:34
	Energy:	0.0015 kWh
	CO2eq:	0.1449 g
	0.0013 km travelled by car
___PO com 40 Treads_concluida___
___Fim de PO___:

Start -> ST
compilando ST...
make: Nothing to be done for 'all'.
___Executando ST___:
___ST com 2 Treads___
Execution Time: 123.07849
	Time:	0:02:03
	Energy:	0.0021 kWh
	CO2eq:	0.2040 g
	0.0019 km travelled by car
	Time:	0:02:03
	Energy:	0.0021 kWh
	CO2eq:	0.2040 g
	0.0019 km travelled by car
___ST com 2 Treads_concluida___
___ST com 4 Treads___
Execution Time: 65.91353
	Time:	0:01:06
	Energy:	0.0012 kWh
	CO2eq:	0.1207 g
	0.0011 km travelled by car
	Time:	0:01:06
	Energy:	0.0012 kWh
	CO2eq:	0.1207 g
	0.0011 km travelled by car
___ST com 4 Treads_concluida___
___ST com 6 Treads___
Execution Time: 48.82591
	Time:	0:00:49
	Energy:	0.0010 kWh
	CO2eq:	0.0952 g
	0.0009 km travelled by car
	Time:	0:00:49
	Energy:	0.0010 kWh
	CO2eq:	0.0948 g
	0.0009 km travelled by car
___ST com 6 Treads_concluida___
___ST com 8 Treads___
Execution Time: 44.30276
	Time:	0:00:44
	Energy:	0.0009 kWh
	CO2eq:	0.0913 g
	0.0008 km travelled by car
	Time:	0:00:44
	Energy:	0.0009 kWh
	CO2eq:	0.0913 g
	0.0008 km travelled by car
___ST com 8 Treads_concluida___
___ST com 10 Treads___
Execution Time: 40.66729
	Time:	0:00:41
	Energy:	0.0009 kWh
	CO2eq:	0.0872 g
	0.0008 km travelled by car
	Time:	0:00:41
	Energy:	0.0009 kWh
	CO2eq:	0.0872 g
	0.0008 km travelled by car
___ST com 10 Treads_concluida___
___ST com 12 Treads___
Execution Time: 39.45067
	Time:	0:00:39
	Energy:	0.0009 kWh
	CO2eq:	0.0879 g
	0.0008 km travelled by car
	Time:	0:00:39
	Energy:	0.0009 kWh
	CO2eq:	0.0879 g
	0.0008 km travelled by car
___ST com 12 Treads_concluida___
___ST com 14 Treads___
Execution Time: 40.08055
	Time:	0:00:40
	Energy:	0.0009 kWh
	CO2eq:	0.0929 g
	0.0009 km travelled by car
	Time:	0:00:40
	Energy:	0.0009 kWh
	CO2eq:	0.0929 g
	0.0009 km travelled by car
___ST com 14 Treads_concluida___
___ST com 16 Treads___
Execution Time: 40.06569
	Time:	0:00:40
	Energy:	0.0010 kWh
	CO2eq:	0.0964 g
	0.0009 km travelled by car
	Time:	0:00:40
	Energy:	0.0010 kWh
	CO2eq:	0.0964 g
	0.0009 km travelled by car
___ST com 16 Treads_concluida___
___ST com 18 Treads___
Execution Time: 40.05952
	Time:	0:00:40
	Energy:	0.0010 kWh
	CO2eq:	0.0995 g
	0.0009 km travelled by car
	Time:	0:00:40
	Energy:	0.0010 kWh
	CO2eq:	0.0995 g
	0.0009 km travelled by car
___ST com 18 Treads_concluida___
___ST com 20 Treads___
Execution Time: 39.88954
	Time:	0:00:40
	Energy:	0.0010 kWh
	CO2eq:	0.1026 g
	0.0010 km travelled by car
	Time:	0:00:40
	Energy:	0.0010 kWh
	CO2eq:	0.1026 g
	0.0010 km travelled by car
___ST com 20 Treads_concluida___
___ST com 22 Treads___
Execution Time: 36.33404
	Time:	0:00:36
	Energy:	0.0011 kWh
	CO2eq:	0.1074 g
	0.0010 km travelled by car
	Time:	0:00:36
	Energy:	0.0011 kWh
	CO2eq:	0.1074 g
	0.0010 km travelled by car
___ST com 22 Treads_concluida___
___ST com 24 Treads___
Execution Time: 33.47222
	Time:	0:00:34
	Energy:	0.0011 kWh
	CO2eq:	0.1065 g
	0.0010 km travelled by car
	Time:	0:00:34
	Energy:	0.0011 kWh
	CO2eq:	0.1065 g
	0.0010 km travelled by car
___ST com 24 Treads_concluida___
___ST com 26 Treads___
Execution Time: 31.17303
	Time:	0:00:31
	Energy:	0.0010 kWh
	CO2eq:	0.1032 g
	0.0010 km travelled by car
	Time:	0:00:31
	Energy:	0.0010 kWh
	CO2eq:	0.1032 g
	0.0010 km travelled by car
___ST com 26 Treads_concluida___
___ST com 28 Treads___
Execution Time: 28.10388
	Time:	0:00:28
	Energy:	0.0010 kWh
	CO2eq:	0.0973 g
	0.0009 km travelled by car
	Time:	0:00:28
	Energy:	0.0010 kWh
	CO2eq:	0.0973 g
	0.0009 km travelled by car
___ST com 28 Treads_concluida___
___ST com 30 Treads___
Execution Time: 27.04898
	Time:	0:00:27
	Energy:	0.0010 kWh
	CO2eq:	0.0963 g
	0.0009 km travelled by car
	Time:	0:00:27
	Energy:	0.0010 kWh
	CO2eq:	0.0963 g
	0.0009 km travelled by car
___ST com 30 Treads_concluida___
___ST com 32 Treads___
Execution Time: 24.52565
	Time:	0:00:25
	Energy:	0.0009 kWh
	CO2eq:	0.0905 g
	0.0008 km travelled by car
	Time:	0:00:25
	Energy:	0.0009 kWh
	CO2eq:	0.0905 g
	0.0008 km travelled by car
___ST com 32 Treads_concluida___
___ST com 34 Treads___
Execution Time: 23.57174
	Time:	0:00:24
	Energy:	0.0009 kWh
	CO2eq:	0.0896 g
	0.0008 km travelled by car
	Time:	0:00:24
	Energy:	0.0009 kWh
	CO2eq:	0.0896 g
	0.0008 km travelled by car
___ST com 34 Treads_concluida___
___ST com 36 Treads___
Execution Time: 22.14239
	Time:	0:00:22
	Energy:	0.0009 kWh
	CO2eq:	0.0869 g
	0.0008 km travelled by car
	Time:	0:00:22
	Energy:	0.0009 kWh
	CO2eq:	0.0869 g
	0.0008 km travelled by car
___ST com 36 Treads_concluida___
___ST com 38 Treads___
Execution Time: 21.16167
	Time:	0:00:21
	Energy:	0.0009 kWh
	CO2eq:	0.0854 g
	0.0008 km travelled by car
	Time:	0:00:21
	Energy:	0.0009 kWh
	CO2eq:	0.0854 g
	0.0008 km travelled by car
___ST com 38 Treads_concluida___
___ST com 40 Treads___
Execution Time: 20.64471
	Time:	0:00:21
	Energy:	0.0009 kWh
	CO2eq:	0.0853 g
	0.0008 km travelled by car
	Time:	0:00:21
	Energy:	0.0009 kWh
	CO2eq:	0.0853 g
	0.0008 km travelled by car
___ST com 40 Treads_concluida___
___Fim de ST___:

