Numero de CPUs logicos (threads): 16
Numero de núcleos fisicos: 8
Start -> PO
compilando PO...
rm omp_po
gcc  omp_po.c -o omp_po -fopenmp -lm -O3
___Executando PO___:
___PO com 2 Treads___
Execution Time: 275.06525
	Time:	0:04:35
	Energy:	0.0064 kWh
	CO2eq:	0.6327 g
	0.0059 km travelled by car
	Time:	0:04:35
	Energy:	0.0064 kWh
	CO2eq:	0.6326 g
	0.0059 km travelled by car
___PO com 2 Treads_concluida___
___PO com 4 Treads___
Execution Time: 143.58021
	Time:	0:02:24
	Energy:	0.0036 kWh
	CO2eq:	0.3547 g
	0.0033 km travelled by car
	Time:	0:02:24
	Energy:	0.0036 kWh
	CO2eq:	0.3547 g
	0.0033 km travelled by car
___PO com 4 Treads_concluida___
___PO com 6 Treads___
Execution Time: 101.41245
	Time:	0:01:41
	Energy:	0.0027 kWh
	CO2eq:	0.2703 g
	0.0025 km travelled by car
	Time:	0:01:41
	Energy:	0.0027 kWh
	CO2eq:	0.2703 g
	0.0025 km travelled by car
___PO com 6 Treads_concluida___
___PO com 8 Treads___
Execution Time: 82.57449
	Time:	0:01:23
	Energy:	0.0024 kWh
	CO2eq:	0.2343 g
	0.0022 km travelled by car
	Time:	0:01:23
	Energy:	0.0024 kWh
	CO2eq:	0.2343 g
	0.0022 km travelled by car
___PO com 8 Treads_concluida___
___PO com 10 Treads___
Execution Time: 73.99646
	Time:	0:01:14
	Energy:	0.0022 kWh
	CO2eq:	0.2200 g
	0.0020 km travelled by car
	Time:	0:01:14
	Energy:	0.0022 kWh
	CO2eq:	0.2200 g
	0.0020 km travelled by car
___PO com 10 Treads_concluida___
___PO com 12 Treads___
Execution Time: 72.21381
	Time:	0:01:12
	Energy:	0.0023 kWh
	CO2eq:	0.2219 g
	0.0021 km travelled by car
	Time:	0:01:12
	Energy:	0.0023 kWh
	CO2eq:	0.2219 g
	0.0021 km travelled by car
___PO com 12 Treads_concluida___
___PO com 14 Treads___
Execution Time: 72.04765
	Time:	0:01:12
	Energy:	0.0023 kWh
	CO2eq:	0.2258 g
	0.0021 km travelled by car
	Time:	0:01:12
	Energy:	0.0023 kWh
	CO2eq:	0.2258 g
	0.0021 km travelled by car
___PO com 14 Treads_concluida___
___PO com 16 Treads___
Execution Time: 73.19918
	Time:	0:01:13
	Energy:	0.0024 kWh
	CO2eq:	0.2323 g
	0.0022 km travelled by car
	Time:	0:01:13
	Energy:	0.0024 kWh
	CO2eq:	0.2323 g
	0.0022 km travelled by car
___PO com 16 Treads_concluida___
___Fim de PO___:

Start -> ST
compilando ST...
make: Nothing to be done for 'all'.
___Executando ST___:
___ST com 2 Treads___
Execution Time: 139.09945
	Time:	0:02:19
	Energy:	0.0032 kWh
	CO2eq:	0.3117 g
	0.0029 km travelled by car
	Time:	0:02:19
	Energy:	0.0032 kWh
	CO2eq:	0.3117 g
	0.0029 km travelled by car
___ST com 2 Treads_concluida___
___ST com 4 Treads___
Execution Time: 74.39324
	Time:	0:01:14
	Energy:	0.0018 kWh
	CO2eq:	0.1812 g
	0.0017 km travelled by car
	Time:	0:01:14
	Energy:	0.0018 kWh
	CO2eq:	0.1812 g
	0.0017 km travelled by car
___ST com 4 Treads_concluida___
___ST com 6 Treads___
Execution Time: 53.99638
	Time:	0:00:54
	Energy:	0.0014 kWh
	CO2eq:	0.1396 g
	0.0013 km travelled by car
	Time:	0:00:54
	Energy:	0.0014 kWh
	CO2eq:	0.1396 g
	0.0013 km travelled by car
___ST com 6 Treads_concluida___
___ST com 8 Treads___
Execution Time: 45.81253
	Time:	0:00:46
	Energy:	0.0013 kWh
	CO2eq:	0.1241 g
	0.0012 km travelled by car
	Time:	0:00:46
	Energy:	0.0013 kWh
	CO2eq:	0.1241 g
	0.0012 km travelled by car
___ST com 8 Treads_concluida___
___ST com 10 Treads___
Execution Time: 42.91392
	Time:	0:00:43
	Energy:	0.0012 kWh
	CO2eq:	0.1209 g
	0.0011 km travelled by car
	Time:	0:00:43
	Energy:	0.0012 kWh
	CO2eq:	0.1206 g
	0.0011 km travelled by car
___ST com 10 Treads_concluida___
___ST com 12 Treads___
Execution Time: 42.10813
	Time:	0:00:42
	Energy:	0.0012 kWh
	CO2eq:	0.1222 g
	0.0011 km travelled by car
	Time:	0:00:42
	Energy:	0.0012 kWh
	CO2eq:	0.1222 g
	0.0011 km travelled by car
___ST com 12 Treads_concluida___
___ST com 14 Treads___
Execution Time: 42.59973
	Time:	0:00:43
	Energy:	0.0013 kWh
	CO2eq:	0.1260 g
	0.0012 km travelled by car
	Time:	0:00:43
	Energy:	0.0013 kWh
	CO2eq:	0.1260 g
	0.0012 km travelled by car
___ST com 14 Treads_concluida___
___ST com 16 Treads___
Execution Time: 44.33519
	Time:	0:00:44
	Energy:	0.0014 kWh
	CO2eq:	0.1337 g
	0.0012 km travelled by car
	Time:	0:00:44
	Energy:	0.0014 kWh
	CO2eq:	0.1337 g
	0.0012 km travelled by car
___ST com 16 Treads_concluida___
___Fim de ST___:

