 Treads App Time CT  Energy  CO2eq  km travelled by car
      2  PO 0:03:29  0,0076 0,7515               0,0070
      4  PO 0:03:10  0,0072 0,7119               0,0066
      6  PO 0:03:06  0,0073 0,7169               0,0067
      8  PO 0:03:02  0,0073 0,7184               0,0067
     10  PO 0:02:57  0,0072 0,7118               0,0066
     12  PO 0:02:52  0,0071 0,7023               0,0065
     14  PO 0:02:45  0,0070 0,6887               0,0064
     16  PO 0:02:37  0,0068 0,6644               0,0062
     18  PO 0:02:30  0,0065 0,6390               0,0059
     20  PO 0:02:24  0,0063 0,6171               0,0057
     22  PO 0:02:21  0,0063 0,6165               0,0057
     24  PO 0:02:21  0,0062 0,6071               0,0056
     26  PO 0:02:13  0,0059 0,5798               0,0054
     28  PO 0:02:03  0,0055 0,5453               0,0051
     30  PO 0:01:54  0,0053 0,5223               0,0049
     32  PO 0:01:48  0,0051 0,5054               0,0047
     34  PO 0:01:42  0,0050 0,4924               0,0046
     36  PO 0:01:34  0,0048 0,4695               0,0044
     38  PO 0:01:31  0,0047 0,4640               0,0043
     40  PO 0:01:27  0,0046 0,4517               0,0042
     42  PO 0:01:22  0,0045 0,4388               0,0041
     44  PO 0:01:17  0,0042 0,4158               0,0039
     46  PO 0:01:15  0,0041 0,4067               0,0038
     48  PO 0:01:12  0,0040 0,3971               0,0037
      2  ST 0:02:02  0,0044 0,4340               0,0040
      4  ST 0:01:50  0,0041 0,4073               0,0038
      6  ST 0:01:48  0,0042 0,4115               0,0038
      8  ST 0:01:45  0,0042 0,4105               0,0038
     10  ST 0:01:42  0,0041 0,4062               0,0038
     12  ST 0:01:40  0,0041 0,4049               0,0038
     14  ST 0:01:36  0,0040 0,3904               0,0036
     16  ST 0:01:32  0,0038 0,3726               0,0035
     18  ST 0:01:28  0,0038 0,3712               0,0035
     20  ST 0:01:24  0,0036 0,3542               0,0033
     22  ST 0:01:26  0,0038 0,3715               0,0035
     24  ST 0:01:25  0,0037 0,3639               0,0034
     26  ST 0:01:19  0,0035 0,3456               0,0032
     28  ST 0:01:14  0,0034 0,3365               0,0031
     30  ST 0:01:07  0,0032 0,3133               0,0029
     32  ST 0:01:02  0,0030 0,2961               0,0028
     34  ST 0:01:00  0,0030 0,2969               0,0028
     36  ST 0:00:54  0,0028 0,2725               0,0025
     38  ST 0:00:50  0,0026 0,2558               0,0024
     40  ST 0:00:50  0,0026 0,2570               0,0024
     42  ST 0:00:46  0,0025 0,2467               0,0023
     44  ST 0:00:44  0,0024 0,2385               0,0022
     46  ST 0:00:42  0,0023 0,2298               0,0021
     48  ST 0:00:40  0,0023 0,2228               0,0021