 Treads App Time CT  Energy  CO2eq  km travelled by car
      2  PO 0:04:03  0,0040 0,3956               0,0037
      4  PO 0:02:07  0,0023 0,2307               0,0021
      6  PO 0:01:33  0,0019 0,1821               0,0017
      8  PO 0:01:18  0,0017 0,1638               0,0015
     10  PO 0:01:10  0,0016 0,1569               0,0015
     12  PO 0:01:09  0,0016 0,1595               0,0015
     14  PO 0:01:07  0,0017 0,1640               0,0015
     16  PO 0:01:06  0,0017 0,1669               0,0016
     18  PO 0:01:07  0,0018 0,1730               0,0016
     20  PO 0:01:07  0,0018 0,1792               0,0017
     22  PO 0:01:01  0,0019 0,1888               0,0018
     24  PO 0:00:56  0,0018 0,1812               0,0017
     26  PO 0:00:52  0,0018 0,1741               0,0016
     28  PO 0:00:47  0,0017 0,1648               0,0015
     30  PO 0:00:45  0,0016 0,1613               0,0015
     32  PO 0:00:42  0,0016 0,1587               0,0015
     34  PO 0:00:39  0,0016 0,1543               0,0014
     36  PO 0:00:37  0,0016 0,1530               0,0014
     38  PO 0:00:36  0,0015 0,1515               0,0014
     40  PO 0:00:34  0,0015 0,1476               0,0014
      2  ST 0:02:05  0,0021 0,2079               0,0019
      4  ST 0:01:06  0,0012 0,1198               0,0011
      6  ST 0:00:51  0,0010 0,0976               0,0009
      8  ST 0:00:43  0,0009 0,0884               0,0008
     10  ST 0:00:40  0,0009 0,0864               0,0008
     12  ST 0:00:40  0,0009 0,0888               0,0008
     14  ST 0:00:41  0,0010 0,0945               0,0009
     16  ST 0:00:40  0,0010 0,0959               0,0009
     18  ST 0:00:40  0,0010 0,0991               0,0009
     20  ST 0:00:40  0,0011 0,1040               0,0010
     22  ST 0:00:36  0,0011 0,1092               0,0010
     24  ST 0:00:33  0,0011 0,1058               0,0010
     26  ST 0:00:31  0,0010 0,1026               0,0010
     28  ST 0:00:29  0,0010 0,0995               0,0009
     30  ST 0:00:27  0,0010 0,0951               0,0009
     32  ST 0:00:25  0,0009 0,0917               0,0009
     34  ST 0:00:23  0,0009 0,0897               0,0008
     36  ST 0:00:22  0,0009 0,0853               0,0008
     38  ST 0:00:21  0,0008 0,0831               0,0008
     40  ST 0:00:20  0,0008 0,0825               0,0008