 Treads App Time CT  Energy   CO2eq  km travelled by car
      2  PO 0:00:15  0,0005  0,2351               0,0022
      4  PO 0:00:07  0,0003  0,1294               0,0012
      6  PO 0:00:05  0,0002  0,0943               0,0009
      8  PO 0:00:04  0,0002  0,0770               0,0007
     10  PO 0:00:03  0,0001  0,0659               0,0006
     12  PO 0:00:03  0,0001  0,0576               0,0005
     14  PO 0:00:02  0,0001  0,0529               0,0005
     16  PO 0:00:02  0,0001  0,0485               0,0005
     18  PO 0:00:02  0,0001  0,0457               0,0004
     20  PO 0:00:02  0,0001  0,0437               0,0004
     22  PO 0:00:02  0,0001  0,0481               0,0004
     24  PO 0:00:01  0,0001  0,0472               0,0004
     26  PO 0:00:02  0,0001  0,0490               0,0005
     28  PO 0:00:01  0,0001  0,0433               0,0004
     30  PO 0:00:01  0,0001  0,0414               0,0004
     32  PO 0:00:01  0,0001  0,0416               0,0004
     34  PO 0:00:01  0,0001  0,0397               0,0004
     36  PO 0:00:01  0,0001  0,0377               0,0004
     38  PO 0:00:01  0,0001  0,0364               0,0003
     40  PO 0:00:01  0,0001  0,0372               0,0003
      2  ST 0:20:06  0,0378 17,9483               0,1670
      4  ST 0:10:33  0,0226 10,7586               0,1001
      6  ST 0:08:10  0,0191  9,0512               0,0842
      8  ST 0:07:08  0,0179  8,4841               0,0789
     10  ST 0:06:43  0,0176  8,3776               0,0779
     12  ST 0:06:36  0,0182  8,6513               0,0805
     14  ST 0:06:35  0,0190  9,0161               0,0839
     16  ST 0:06:33  0,0197  9,3470               0,0869
     18  ST 0:06:34  0,0204  9,6722               0,0900
     20  ST 0:06:38  0,0214 10,1669               0,0946
     22  ST 0:05:57  0,0202  9,5761               0,0891
     24  ST 0:05:26  0,0191  9,0704               0,0844
     26  ST 0:05:01  0,0183  8,6773               0,0807
     28  ST 0:04:40  0,0187  8,8701               0,0825
     30  ST 0:04:19  0,0179  8,5110               0,0792
     32  ST 0:04:02  0,0176  8,3438               0,0776
     34  ST 0:03:48  0,0173  8,2339               0,0766
     36  ST 0:03:40  0,0175  8,3128               0,0773
     38  ST 0:03:27  0,0174  8,2414               0,0767
     40  ST 0:03:17  0,0172  8,1776               0,0761