 Treads App Time CT  Energy  CO2eq  km travelled by car
      2  PO 0:03:29  0,0076 0,7516               0,0070
      4  PO 0:03:10  0,0072 0,7096               0,0066
      6  PO 0:03:06  0,0073 0,7171               0,0067
      8  PO 0:03:02  0,0073 0,7176               0,0067
     10  PO 0:02:57  0,0072 0,7112               0,0066
     12  PO 0:02:52  0,0071 0,7029               0,0065
     14  PO 0:02:45  0,0070 0,6878               0,0064
     16  PO 0:02:38  0,0068 0,6644               0,0062
     18  PO 0:02:30  0,0065 0,6379               0,0059
     20  PO 0:02:24  0,0063 0,6186               0,0058
     22  PO 0:02:22  0,0063 0,6164               0,0057
     24  PO 0:02:22  0,0061 0,6006               0,0056
     26  PO 0:02:12  0,0059 0,5779               0,0054
     28  PO 0:02:04  0,0056 0,5505               0,0051
     30  PO 0:01:54  0,0053 0,5194               0,0048
     32  PO 0:01:46  0,0051 0,5000               0,0047
     34  PO 0:01:41  0,0050 0,4892               0,0046
     36  PO 0:01:34  0,0048 0,4694               0,0044
     38  PO 0:01:30  0,0047 0,4605               0,0043
     40  PO 0:01:24  0,0045 0,4414               0,0041
     42  PO 0:01:22  0,0044 0,4351               0,0040
     44  PO 0:01:19  0,0043 0,4225               0,0039
     46  PO 0:01:14  0,0041 0,4031               0,0037
     48  PO 0:01:12  0,0040 0,3956               0,0037
      2  ST 0:02:02  0,0044 0,4329               0,0040
      4  ST 0:01:50  0,0041 0,4036               0,0038
      6  ST 0:01:48  0,0042 0,4102               0,0038
      8  ST 0:01:45  0,0041 0,4079               0,0038
     10  ST 0:01:42  0,0041 0,4055               0,0038
     12  ST 0:01:39  0,0041 0,3993               0,0037
     14  ST 0:01:36  0,0040 0,3897               0,0036
     16  ST 0:01:33  0,0039 0,3863               0,0036
     18  ST 0:01:29  0,0038 0,3734               0,0035
     20  ST 0:01:26  0,0036 0,3546               0,0033
     22  ST 0:01:25  0,0037 0,3671               0,0034
     24  ST 0:01:25  0,0037 0,3638               0,0034
     26  ST 0:01:17  0,0034 0,3376               0,0031
     28  ST 0:01:16  0,0035 0,3441               0,0032
     30  ST 0:01:10  0,0033 0,3216               0,0030
     32  ST 0:01:03  0,0030 0,2990               0,0028
     34  ST 0:01:00  0,0030 0,2950               0,0027
     36  ST 0:00:55  0,0028 0,2745               0,0026
     38  ST 0:00:52  0,0027 0,2642               0,0025
     40  ST 0:00:49  0,0026 0,2533               0,0024
     42  ST 0:00:47  0,0025 0,2493               0,0023
     44  ST 0:00:45  0,0024 0,2403               0,0022
     46  ST 0:00:41  0,0023 0,2228               0,0021
     48  ST 0:00:41  0,0023 0,2292               0,0021