 Treads App Time CT  Energy   CO2eq  km travelled by car
      2  PO 0:00:10  0,0007  0,1047               0,0010
      4  PO 0:00:05  0,0004  0,0565               0,0005
      6  PO 0:00:04  0,0003  0,0420               0,0004
      8  PO 0:00:03  0,0002  0,0344               0,0003
     10  PO 0:00:02  0,0002  0,0305               0,0003
     12  PO 0:00:02  0,0002  0,0263               0,0002
     14  PO 0:00:02  0,0002  0,0223               0,0002
     16  PO 0:00:01  0,0001  0,0191               0,0002
     18  PO 0:00:01  0,0001  0,0156               0,0001
     20  PO 0:00:01  0,0001  0,0146               0,0001
     22  PO 0:00:01  0,0001  0,0138               0,0001
     24  PO 0:00:01  0,0001  0,0117               0,0001
     26  PO 0:00:01  0,0001  0,0115               0,0001
     28  PO 0:00:01  0,0000  0,0000               0,0000
     30  PO 0:00:01  0,0000  0,0000               0,0000
     32  PO 0:00:01  0,0000  0,0000               0,0000
     34  PO 0:00:01  0,0000  0,0000               0,0000
     36  PO 0:00:01  0,0000  0,0000               0,0000
     38  PO 0:00:01  0,0000  0,0000               0,0000
     40  PO 0:00:01  0,0000  0,0000               0,0000
     42  PO 0:00:01  0,0000  0,0000               0,0000
     44  PO 0:00:01  0,0000  0,0000               0,0000
     46  PO 0:00:01  0,0000  0,0000               0,0000
     48  PO 0:00:01  0,0000  0,0000               0,0000
      2  ST 0:20:30  0,0866 12,2782               0,1142
      4  ST 0:18:29  0,0812 11,5126               0,1071
      6  ST 0:18:10  0,0823 11,6739               0,1086
      8  ST 0:17:43  0,0820 11,6246               0,1081
     10  ST 0:17:12  0,0812 11,5138               0,1071
     12  ST 0:16:48  0,0808 11,4619               0,1066
     14  ST 0:16:16  0,0797 11,3037               0,1052
     16  ST 0:15:25  0,0764 10,8379               0,1008
     18  ST 0:15:06  0,0759 10,7552               0,1000
     20  ST 0:14:33  0,0734 10,4030               0,0968
     22  ST 0:14:52  0,0762 10,8091               0,1005
     24  ST 0:14:59  0,0758 10,7461               0,1000
     26  ST 0:13:30  0,0687  9,7380               0,0906
     28  ST 0:12:50  0,0666  9,4357               0,0878
     30  ST 0:11:59  0,0635  8,9995               0,0837
     32  ST 0:10:56  0,0590  8,3582               0,0778
     34  ST 0:10:36  0,0586  8,3139               0,0773
     36  ST 0:09:41  0,0548  7,7727               0,0723
     38  ST 0:09:35  0,0558  7,9096               0,0736
     40  ST 0:08:43  0,0514  7,2935               0,0678
     42  ST 0:08:34  0,0519  7,3589               0,0685
     44  ST 0:08:07  0,0506  7,1776               0,0668
     46  ST 0:07:51  0,0504  7,1487               0,0665
     48  ST 0:07:36  0,0492  6,9791               0,0649