 Treads App Time CT  Energy  CO2eq  km travelled by car
      2  PO 0:04:12  0,0084 0,8290               0,0077
      4  PO 0:00:00  0,0000 0,0000               0,0000
      6  PO 0:00:00  0,0000 0,0000               0,0000
      8  PO 0:00:00  0,0000 0,0000               0,0000
     10  PO 0:00:00  0,0000 0,0000               0,0000
     12  PO 0:00:00  0,0000 0,0000               0,0000
     14  PO 0:00:00  0,0000 0,0000               0,0000
     16  PO 0:00:00  0,0000 0,0000               0,0000
     18  PO 0:00:00  0,0000 0,0000               0,0000
     20  PO 0:00:00  0,0000 0,0000               0,0000
     22  PO 0:00:00  0,0000 0,0000               0,0000
     24  PO 0:00:00  0,0000 0,0000               0,0000
     26  PO 0:00:00  0,0000 0,0000               0,0000
     28  PO 0:00:00  0,0000 0,0000               0,0000
     30  PO 0:00:00  0,0000 0,0000               0,0000
     32  PO 0:00:00  0,0000 0,0000               0,0000
     34  PO 0:00:00  0,0000 0,0000               0,0000
     36  PO 0:00:00  0,0000 0,0000               0,0000
     38  PO 0:00:00  0,0000 0,0000               0,0000
     40  PO 0:00:00  0,0000 0,0000               0,0000
     42  PO 0:00:00  0,0000 0,0000               0,0000
     44  PO 0:00:00  0,0000 0,0001               0,0000
     46  PO 0:00:00  0,0000 0,0001               0,0000
     48  PO 0:00:00  0,0000 0,0000               0,0000
     50  PO 0:00:00  0,0000 0,0000               0,0000
     52  PO 0:00:00  0,0000 0,0002               0,0000
     54  PO 0:00:00  0,0000 0,0000               0,0000
     56  PO 0:00:00  0,0000 0,0000               0,0000
     58  PO 0:00:00  0,0000 0,0000               0,0000
     60  PO 0:00:00  0,0000 0,0000               0,0000
     62  PO 0:00:00  0,0000 0,0000               0,0000
     64  PO 0:00:00  0,0000 0,0000               0,0000
     66  PO 0:00:00  0,0000 0,0000               0,0000
     68  PO 0:00:00  0,0000 0,0000               0,0000
     70  PO 0:00:00  0,0000 0,0000               0,0000
     72  PO 0:00:00  0,0000 0,0000               0,0000
     74  PO 0:00:00  0,0000 0,0000               0,0000
     76  PO 0:00:00  0,0000 0,0000               0,0000
     78  PO 0:00:00  0,0000 0,0000               0,0000
     80  PO 0:00:00  0,0000 0,0000               0,0000
     82  PO 0:00:00  0,0000 0,0000               0,0000
     84  PO 0:00:00  0,0000 0,0000               0,0000
     86  PO 0:00:00  0,0000 0,0000               0,0000
     88  PO 0:00:00  0,0000 0,0000               0,0000
      2  ST 0:02:26  0,0049 0,4802               0,0045
      4  ST 0:01:18  0,0028 0,2721               0,0025
      6  ST 0:00:54  0,0020 0,1970               0,0018
      8  ST 0:00:46  0,0017 0,1698               0,0016
     10  ST 0:00:40  0,0016 0,1543               0,0014
     12  ST 0:00:38  0,0015 0,1480               0,0014
     14  ST 0:00:37  0,0015 0,1441               0,0013
     16  ST 0:00:36  0,0014 0,1409               0,0013
     18  ST 0:00:35  0,0014 0,1412               0,0013
     20  ST 0:00:35  0,0014 0,1419               0,0013
     22  ST 0:00:35  0,0015 0,1444               0,0013
     24  ST 0:00:35  0,0015 0,1461               0,0014
     26  ST 0:00:34  0,0015 0,1462               0,0014
     28  ST 0:00:34  0,0015 0,1475               0,0014
     30  ST 0:00:35  0,0015 0,1512               0,0014
     32  ST 0:00:33  0,0015 0,1490               0,0014
     34  ST 0:00:34  0,0016 0,1532               0,0014
     36  ST 0:00:34  0,0016 0,1558               0,0014
     38  ST 0:00:34  0,0016 0,1566               0,0015
     40  ST 0:00:34  0,0016 0,1571               0,0015
     42  ST 0:00:34  0,0016 0,1610               0,0015
     44  ST 0:00:34  0,0017 0,1631               0,0015
     46  ST 0:00:32  0,0016 0,1558               0,0014
     48  ST 0:00:30  0,0016 0,1525               0,0014
     50  ST 0:00:29  0,0015 0,1458               0,0014
     52  ST 0:00:28  0,0014 0,1425               0,0013
     54  ST 0:00:27  0,0014 0,1406               0,0013
     56  ST 0:00:27  0,0014 0,1386               0,0013
     58  ST 0:00:25  0,0014 0,1340               0,0012
     60  ST 0:00:25  0,0014 0,1329               0,0012
     62  ST 0:00:24  0,0013 0,1305               0,0012
     64  ST 0:00:24  0,0013 0,1320               0,0012
     66  ST 0:00:22  0,0013 0,1266               0,0012
     68  ST 0:00:21  0,0013 0,1239               0,0012
     70  ST 0:00:21  0,0012 0,1227               0,0011
     72  ST 0:00:20  0,0012 0,1214               0,0011
     74  ST 0:00:20  0,0012 0,1201               0,0011
     76  ST 0:00:20  0,0012 0,1183               0,0011
     78  ST 0:00:19  0,0012 0,1155               0,0011
     80  ST 0:00:18  0,0011 0,1114               0,0010
     82  ST 0:00:18  0,0012 0,1140               0,0011
     84  ST 0:00:18  0,0012 0,1142               0,0011
     86  ST 0:00:17  0,0011 0,1090               0,0010
     88  ST 0:00:16  0,0011 0,1065               0,0010