 Treads App Time CT  Energy   CO2eq  km travelled by car
      2  PO 0:00:10  0,0007  0,1062               0,0010
      4  PO 0:00:05  0,0004  0,0562               0,0005
      6  PO 0:00:03  0,0003  0,0418               0,0004
      8  PO 0:00:03  0,0002  0,0344               0,0003
     10  PO 0:00:02  0,0002  0,0309               0,0003
     12  PO 0:00:02  0,0002  0,0265               0,0002
     14  PO 0:00:02  0,0002  0,0238               0,0002
     16  PO 0:00:01  0,0001  0,0192               0,0002
     18  PO 0:00:01  0,0001  0,0159               0,0001
     20  PO 0:00:01  0,0001  0,0152               0,0001
     22  PO 0:00:01  0,0001  0,0140               0,0001
     24  PO 0:00:01  0,0001  0,0123               0,0001
     26  PO 0:00:01  0,0000  0,0000               0,0000
     28  PO 0:00:01  0,0000  0,0000               0,0000
     30  PO 0:00:01  0,0000  0,0000               0,0000
     32  PO 0:00:01  0,0000  0,0000               0,0000
     34  PO 0:00:01  0,0000  0,0000               0,0000
     36  PO 0:00:01  0,0000  0,0000               0,0000
     38  PO 0:00:01  0,0000  0,0000               0,0000
     40  PO 0:00:01  0,0000  0,0000               0,0000
     42  PO 0:00:01  0,0000  0,0000               0,0000
     44  PO 0:00:01  0,0000  0,0000               0,0000
     46  PO 0:00:01  0,0000  0,0000               0,0000
     48  PO 0:00:00  0,0000  0,0000               0,0000
      2  ST 0:20:32  0,0868 12,3004               0,1144
      4  ST 0:18:29  0,0812 11,5099               0,1071
      6  ST 0:18:11  0,0825 11,7031               0,1089
      8  ST 0:17:44  0,0822 11,6498               0,1084
     10  ST 0:17:13  0,0806 11,4272               0,1063
     12  ST 0:16:47  0,0808 11,4527               0,1065
     14  ST 0:16:19  0,0801 11,3516               0,1056
     16  ST 0:15:24  0,0762 10,8038               0,1005
     18  ST 0:15:04  0,0758 10,7433               0,0999
     20  ST 0:14:34  0,0724 10,2624               0,0955
     22  ST 0:14:53  0,0762 10,8102               0,1006
     24  ST 0:14:57  0,0756 10,7148               0,0997
     26  ST 0:13:29  0,0686  9,7246               0,0905
     28  ST 0:12:53  0,0669  9,4878               0,0883
     30  ST 0:12:01  0,0637  9,0240               0,0839
     32  ST 0:10:56  0,0589  8,3551               0,0777
     34  ST 0:10:34  0,0585  8,2958               0,0772
     36  ST 0:09:39  0,0547  7,7554               0,0721
     38  ST 0:09:35  0,0557  7,9021               0,0735
     40  ST 0:08:44  0,0515  7,3000               0,0679
     42  ST 0:08:34  0,0518  7,3464               0,0683
     44  ST 0:08:05  0,0504  7,1412               0,0664
     46  ST 0:07:53  0,0496  7,0323               0,0654
     48  ST 0:07:36  0,0493  6,9901               0,0650