 Treads App Time CT  Energy   CO2eq  km travelled by car
      2  PO 0:00:10  0,0007  0,1020               0,0009
      4  PO 0:00:05  0,0004  0,0563               0,0005
      6  PO 0:00:03  0,0003  0,0417               0,0004
      8  PO 0:00:03  0,0002  0,0341               0,0003
     10  PO 0:00:02  0,0002  0,0303               0,0003
     12  PO 0:00:02  0,0002  0,0260               0,0002
     14  PO 0:00:02  0,0002  0,0225               0,0002
     16  PO 0:00:01  0,0001  0,0190               0,0002
     18  PO 0:00:01  0,0001  0,0158               0,0001
     20  PO 0:00:01  0,0001  0,0143               0,0001
     22  PO 0:00:01  0,0001  0,0135               0,0001
     24  PO 0:00:01  0,0001  0,0177               0,0002
     26  PO 0:00:01  0,0000  0,0000               0,0000
     28  PO 0:00:01  0,0000  0,0000               0,0000
     30  PO 0:00:01  0,0000  0,0000               0,0000
     32  PO 0:00:01  0,0000  0,0000               0,0000
     34  PO 0:00:01  0,0000  0,0000               0,0000
     36  PO 0:00:01  0,0000  0,0000               0,0000
     38  PO 0:00:01  0,0000  0,0000               0,0000
     40  PO 0:00:01  0,0000  0,0000               0,0000
     42  PO 0:00:01  0,0000  0,0000               0,0000
     44  PO 0:00:01  0,0000  0,0000               0,0000
     46  PO 0:00:00  0,0000  0,0000               0,0000
     48  PO 0:00:00  0,0000  0,0000               0,0000
      2  ST 0:20:29  0,0867 12,2853               0,1143
      4  ST 0:18:26  0,0813 11,5239               0,1072
      6  ST 0:18:12  0,0824 11,6869               0,1087
      8  ST 0:17:42  0,0821 11,6446               0,1083
     10  ST 0:17:12  0,0814 11,5419               0,1074
     12  ST 0:16:49  0,0808 11,4507               0,1065
     14  ST 0:16:16  0,0797 11,2950               0,1051
     16  ST 0:15:26  0,0762 10,7994               0,1005
     18  ST 0:15:08  0,0761 10,7960               0,1004
     20  ST 0:14:32  0,0733 10,3918               0,0967
     22  ST 0:14:51  0,0764 10,8352               0,1008
     24  ST 0:14:59  0,0759 10,7590               0,1001
     26  ST 0:13:27  0,0686  9,7228               0,0904
     28  ST 0:12:50  0,0668  9,4661               0,0881
     30  ST 0:11:58  0,0634  8,9888               0,0836
     32  ST 0:10:56  0,0590  8,3712               0,0779
     34  ST 0:10:35  0,0588  8,3296               0,0775
     36  ST 0:09:41  0,0549  7,7836               0,0724
     38  ST 0:09:36  0,0559  7,9272               0,0737
     40  ST 0:08:44  0,0515  7,3050               0,0680
     42  ST 0:08:34  0,0519  7,3614               0,0685
     44  ST 0:08:07  0,0506  7,1802               0,0668
     46  ST 0:07:54  0,0508  7,2056               0,0670
     48  ST 0:07:36  0,0494  6,9992               0,0651