 Treads App Time CT  Energy   CO2eq  km travelled by car
      2  PO 0:00:10  0,0007  0,1027               0,0010
      4  PO 0:00:05  0,0004  0,0563               0,0005
      6  PO 0:00:04  0,0003  0,0440               0,0004
      8  PO 0:00:03  0,0002  0,0343               0,0003
     10  PO 0:00:02  0,0002  0,0307               0,0003
     12  PO 0:00:02  0,0002  0,0263               0,0002
     14  PO 0:00:02  0,0002  0,0225               0,0002
     16  PO 0:00:01  0,0001  0,0189               0,0002
     18  PO 0:00:01  0,0001  0,0155               0,0001
     20  PO 0:00:01  0,0001  0,0146               0,0001
     22  PO 0:00:01  0,0001  0,0134               0,0001
     24  PO 0:00:01  0,0001  0,0120               0,0001
     26  PO 0:00:01  0,0000  0,0000               0,0000
     28  PO 0:00:01  0,0000  0,0000               0,0000
     30  PO 0:00:01  0,0000  0,0000               0,0000
     32  PO 0:00:01  0,0000  0,0000               0,0000
     34  PO 0:00:01  0,0000  0,0000               0,0000
     36  PO 0:00:01  0,0000  0,0000               0,0000
     38  PO 0:00:01  0,0000  0,0000               0,0000
     40  PO 0:00:01  0,0000  0,0000               0,0000
     42  PO 0:00:01  0,0000  0,0000               0,0000
     44  PO 0:00:01  0,0000  0,0000               0,0000
     46  PO 0:00:01  0,0000  0,0000               0,0000
     48  PO 0:00:00  0,0000  0,0000               0,0000
      2  ST 0:20:28  0,0864 12,2449               0,1139
      4  ST 0:18:29  0,0811 11,4932               0,1069
      6  ST 0:18:09  0,0821 11,6414               0,1083
      8  ST 0:17:43  0,0821 11,6351               0,1082
     10  ST 0:17:14  0,0816 11,5653               0,1076
     12  ST 0:16:48  0,0808 11,4563               0,1066
     14  ST 0:16:18  0,0799 11,3232               0,1053
     16  ST 0:15:25  0,0761 10,7915               0,1004
     18  ST 0:15:07  0,0761 10,7834               0,1003
     20  ST 0:14:33  0,0733 10,3934               0,0967
     22  ST 0:14:55  0,0753 10,6727               0,0993
     24  ST 0:14:59  0,0758 10,7424               0,0999
     26  ST 0:13:30  0,0687  9,7435               0,0906
     28  ST 0:12:53  0,0668  9,4760               0,0881
     30  ST 0:11:59  0,0635  8,9985               0,0837
     32  ST 0:10:56  0,0590  8,3657               0,0778
     34  ST 0:10:36  0,0578  8,1975               0,0763
     36  ST 0:09:44  0,0551  7,8144               0,0727
     38  ST 0:09:39  0,0561  7,9591               0,0740
     40  ST 0:08:42  0,0513  7,2786               0,0677
     42  ST 0:08:34  0,0519  7,3549               0,0684
     44  ST 0:08:07  0,0507  7,1844               0,0668
     46  ST 0:07:54  0,0508  7,2066               0,0670
     48  ST 0:07:34  0,0491  6,9675               0,0648