 Treads App Time CT  Energy  CO2eq  km travelled by car
      2  PO 0:04:11  0,0084 4,0420               0,0376
      4  PO 0:02:13  0,0048 2,2949               0,0213
      6  PO 0:01:34  0,0035 1,6945               0,0158
      8  PO 0:01:17  0,0030 1,4456               0,0134
     10  PO 0:01:09  0,0027 1,3214               0,0123
     12  PO 0:01:04  0,0026 1,2579               0,0117
     14  PO 0:01:00  0,0025 1,1979               0,0111
     16  PO 0:01:00  0,0025 1,2045               0,0112
     18  PO 0:00:59  0,0025 1,1852               0,0110
     20  PO 0:00:58  0,0025 1,1843               0,0110
     22  PO 0:00:57  0,0025 1,1861               0,0110
     24  PO 0:00:56  0,0025 1,1983               0,0111
     26  PO 0:00:56  0,0025 1,2129               0,0113
     28  PO 0:00:56  0,0026 1,2297               0,0114
     30  PO 0:00:56  0,0025 1,2070               0,0112
     32  PO 0:00:56  0,0026 1,2523               0,0116
     34  PO 0:00:56  0,0026 1,2720               0,0118
     36  PO 0:00:56  0,0027 1,2981               0,0121
     38  PO 0:00:56  0,0027 1,2977               0,0121
     40  PO 0:00:56  0,0027 1,3122               0,0122
     42  PO 0:00:56  0,0028 1,3283               0,0124
     44  PO 0:00:56  0,0028 1,3463               0,0125
     46  PO 0:00:53  0,0027 1,2935               0,0120
     48  PO 0:00:51  0,0026 1,2657               0,0118
     50  PO 0:00:49  0,0026 1,2294               0,0114
     52  PO 0:00:47  0,0025 1,1958               0,0111
     54  PO 0:00:46  0,0024 1,1780               0,0110
     56  PO 0:00:44  0,0024 1,1588               0,0108
     58  PO 0:00:42  0,0023 1,1205               0,0104
     60  PO 0:00:41  0,0023 1,1063               0,0103
     62  PO 0:00:40  0,0023 1,0859               0,0101
     64  PO 0:00:39  0,0022 1,0692               0,0099
     66  PO 0:00:38  0,0022 1,0554               0,0098
     68  PO 0:00:37  0,0022 1,0448               0,0097
     70  PO 0:00:35  0,0021 1,0281               0,0096
     72  PO 0:00:34  0,0021 1,0140               0,0094
     74  PO 0:00:33  0,0021 1,0104               0,0094
     76  PO 0:00:33  0,0021 1,0086               0,0094
     78  PO 0:00:32  0,0021 0,9963               0,0093
     80  PO 0:00:32  0,0021 1,0061               0,0094
     82  PO 0:00:31  0,0020 0,9824               0,0091
     84  PO 0:00:30  0,0020 0,9738               0,0091
     86  PO 0:00:29  0,0020 0,9556               0,0089
     88  PO 0:00:29  0,0020 0,9641               0,0090
      2  ST 0:02:25  0,0048 2,3282               0,0217
      4  ST 0:01:18  0,0028 1,3262               0,0123
      6  ST 0:00:54  0,0020 0,9591               0,0089
      8  ST 0:00:45  0,0017 0,8299               0,0077
     10  ST 0:00:41  0,0016 0,7597               0,0071
     12  ST 0:00:38  0,0015 0,7175               0,0067
     14  ST 0:00:37  0,0015 0,7157               0,0067
     16  ST 0:00:36  0,0015 0,7008               0,0065
     18  ST 0:00:35  0,0014 0,6944               0,0065
     20  ST 0:00:35  0,0014 0,6886               0,0064
     22  ST 0:00:35  0,0015 0,7020               0,0065
     24  ST 0:00:35  0,0015 0,7176               0,0067
     26  ST 0:00:34  0,0015 0,7185               0,0067
     28  ST 0:00:35  0,0015 0,7341               0,0068
     30  ST 0:00:35  0,0016 0,7464               0,0069
     32  ST 0:00:34  0,0015 0,7383               0,0069
     34  ST 0:00:34  0,0016 0,7549               0,0070
     36  ST 0:00:35  0,0016 0,7725               0,0072
     38  ST 0:00:34  0,0016 0,7745               0,0072
     40  ST 0:00:34  0,0016 0,7753               0,0072
     42  ST 0:00:34  0,0017 0,7976               0,0074
     44  ST 0:00:35  0,0017 0,8168               0,0076
     46  ST 0:00:32  0,0016 0,7809               0,0073
     48  ST 0:00:31  0,0016 0,7611               0,0071
     50  ST 0:00:30  0,0015 0,7252               0,0067
     52  ST 0:00:28  0,0015 0,6980               0,0065
     54  ST 0:00:27  0,0014 0,6895               0,0064
     56  ST 0:00:27  0,0014 0,6766               0,0063
     58  ST 0:00:26  0,0013 0,6306               0,0059
     60  ST 0:00:25  0,0014 0,6625               0,0062
     62  ST 0:00:25  0,0014 0,6573               0,0061
     64  ST 0:00:23  0,0013 0,6248               0,0058
     66  ST 0:00:22  0,0013 0,6161               0,0057
     68  ST 0:00:22  0,0013 0,6292               0,0059
     70  ST 0:00:21  0,0013 0,6139               0,0057
     72  ST 0:00:20  0,0012 0,5880               0,0055
     74  ST 0:00:20  0,0012 0,5758               0,0054
     76  ST 0:00:19  0,0012 0,5728               0,0053
     78  ST 0:00:18  0,0012 0,5558               0,0052
     80  ST 0:00:19  0,0011 0,5152               0,0048
     82  ST 0:00:18  0,0012 0,5624               0,0052
     84  ST 0:00:17  0,0011 0,5409               0,0050
     86  ST 0:00:18  0,0011 0,5514               0,0051
     88  ST 0:00:17  0,0011 0,5372               0,0050