 Treads App Time CT  Energy  CO2eq  km travelled by car
      2  PO 0:00:15  0,0005 0,0704               0,0007
      4  PO 0:00:07  0,0003 0,0386               0,0004
      6  PO 0:00:05  0,0002 0,0281               0,0003
      8  PO 0:00:04  0,0002 0,0228               0,0002
     10  PO 0:00:03  0,0001 0,0197               0,0002
     12  PO 0:00:03  0,0001 0,0173               0,0002
     14  PO 0:00:02  0,0001 0,0158               0,0001
     16  PO 0:00:02  0,0001 0,0145               0,0001
     18  PO 0:00:02  0,0001 0,0138               0,0001
     20  PO 0:00:02  0,0001 0,0131               0,0001
     22  PO 0:00:02  0,0001 0,0143               0,0001
     24  PO 0:00:01  0,0001 0,0140               0,0001
     26  PO 0:00:01  0,0001 0,0133               0,0001
     28  PO 0:00:01  0,0001 0,0128               0,0001
     30  PO 0:00:01  0,0001 0,0124               0,0001
     32  PO 0:00:01  0,0001 0,0118               0,0001
     34  PO 0:00:01  0,0001 0,0116               0,0001
     36  PO 0:00:01  0,0001 0,0116               0,0001
     38  PO 0:00:01  0,0001 0,0109               0,0001
     40  PO 0:00:01  0,0001 0,0101               0,0001
      2  ST 0:20:16  0,0380 5,3909               0,0501
      4  ST 0:10:35  0,0229 3,2437               0,0302
      6  ST 0:08:01  0,0189 2,6851               0,0250
      8  ST 0:07:14  0,0182 2,5765               0,0240
     10  ST 0:06:53  0,0180 2,5472               0,0237
     12  ST 0:06:37  0,0181 2,5727               0,0239
     14  ST 0:06:41  0,0193 2,7317               0,0254
     16  ST 0:06:37  0,0199 2,8219               0,0263
     18  ST 0:06:38  0,0206 2,9229               0,0272
     20  ST 0:06:39  0,0214 3,0369               0,0282
     22  ST 0:05:59  0,0203 2,8792               0,0268
     24  ST 0:05:29  0,0193 2,7371               0,0255
     26  ST 0:05:02  0,0183 2,5980               0,0242
     28  ST 0:04:39  0,0187 2,6498               0,0246
     30  ST 0:04:20  0,0181 2,5652               0,0239
     32  ST 0:04:02  0,0168 2,3836               0,0222
     34  ST 0:03:51  0,0176 2,4914               0,0232
     36  ST 0:03:36  0,0173 2,4510               0,0228
     38  ST 0:03:25  0,0173 2,4497               0,0228
     40  ST 0:03:17  0,0172 2,4434               0,0227