 Treads App Time CT  Energy   CO2eq  km travelled by car
      2  PO 0:00:10  0,0007  0,1028               0,0010
      4  PO 0:00:05  0,0004  0,0559               0,0005
      6  PO 0:00:03  0,0003  0,0417               0,0004
      8  PO 0:00:03  0,0002  0,0341               0,0003
     10  PO 0:00:02  0,0002  0,0304               0,0003
     12  PO 0:00:02  0,0002  0,0262               0,0002
     14  PO 0:00:02  0,0002  0,0225               0,0002
     16  PO 0:00:01  0,0001  0,0184               0,0002
     18  PO 0:00:01  0,0001  0,0157               0,0001
     20  PO 0:00:02  0,0002  0,0253               0,0002
     22  PO 0:00:01  0,0001  0,0127               0,0001
     24  PO 0:00:01  0,0001  0,0116               0,0001
     26  PO 0:00:01  0,0000  0,0000               0,0000
     28  PO 0:00:01  0,0000  0,0000               0,0000
     30  PO 0:00:01  0,0000  0,0000               0,0000
     32  PO 0:00:01  0,0000  0,0000               0,0000
     34  PO 0:00:01  0,0000  0,0000               0,0000
     36  PO 0:00:01  0,0000  0,0000               0,0000
     38  PO 0:00:01  0,0000  0,0000               0,0000
     40  PO 0:00:01  0,0000  0,0000               0,0000
     42  PO 0:00:01  0,0000  0,0000               0,0000
     44  PO 0:00:01  0,0000  0,0000               0,0000
     46  PO 0:00:00  0,0000  0,0000               0,0000
     48  PO 0:00:00  0,0000  0,0000               0,0000
      2  ST 0:20:29  0,0866 12,2722               0,1142
      4  ST 0:18:30  0,0814 11,5381               0,1073
      6  ST 0:18:09  0,0825 11,6912               0,1088
      8  ST 0:17:44  0,0818 11,5969               0,1079
     10  ST 0:17:13  0,0815 11,5485               0,1074
     12  ST 0:16:50  0,0810 11,4818               0,1068
     14  ST 0:16:16  0,0799 11,3306               0,1054
     16  ST 0:15:25  0,0764 10,8250               0,1007
     18  ST 0:15:09  0,0763 10,8238               0,1007
     20  ST 0:14:33  0,0730 10,3479               0,0963
     22  ST 0:14:52  0,0764 10,8296               0,1007
     24  ST 0:14:58  0,0759 10,7543               0,1000
     26  ST 0:13:32  0,0690  9,7764               0,0909
     28  ST 0:12:50  0,0668  9,4678               0,0881
     30  ST 0:11:57  0,0634  8,9859               0,0836
     32  ST 0:10:52  0,0587  8,3218               0,0774
     34  ST 0:10:34  0,0587  8,3179               0,0774
     36  ST 0:09:43  0,0550  7,7957               0,0725
     38  ST 0:09:36  0,0559  7,9238               0,0737
     40  ST 0:08:46  0,0517  7,3267               0,0682
     42  ST 0:08:35  0,0520  7,3695               0,0686
     44  ST 0:08:04  0,0504  7,1425               0,0664
     46  ST 0:07:55  0,0510  7,2256               0,0672
     48  ST 0:07:35  0,0493  6,9897               0,0650