 Treads App Time CT  Energy  CO2eq  km travelled by car
      2  PO 0:04:10  0,0085 0,8314               0,0077
      4  PO 0:02:14  0,0048 0,4752               0,0044
      6  PO 0:01:34  0,0035 0,3459               0,0032
      8  PO 0:01:17  0,0030 0,2944               0,0027
     10  PO 0:01:09  0,0027 0,2690               0,0025
     12  PO 0:01:04  0,0026 0,2551               0,0024
     14  PO 0:01:01  0,0025 0,2489               0,0023
     16  PO 0:01:00  0,0025 0,2437               0,0023
     18  PO 0:00:58  0,0024 0,2403               0,0022
     20  PO 0:00:56  0,0024 0,2376               0,0022
     22  PO 0:00:57  0,0025 0,2429               0,0023
     24  PO 0:00:56  0,0025 0,2440               0,0023
     26  PO 0:00:56  0,0025 0,2462               0,0023
     28  PO 0:00:56  0,0026 0,2517               0,0023
     30  PO 0:00:56  0,0026 0,2518               0,0023
     32  PO 0:00:56  0,0026 0,2557               0,0024
     34  PO 0:00:56  0,0026 0,2593               0,0024
     36  PO 0:00:55  0,0027 0,2611               0,0024
     38  PO 0:00:55  0,0026 0,2560               0,0024
     40  PO 0:00:56  0,0027 0,2694               0,0025
     42  PO 0:00:55  0,0028 0,2710               0,0025
     44  PO 0:00:56  0,0028 0,2745               0,0026
     46  PO 0:00:53  0,0027 0,2634               0,0025
     48  PO 0:00:51  0,0026 0,2569               0,0024
     50  PO 0:00:49  0,0025 0,2487               0,0023
     52  PO 0:00:47  0,0025 0,2463               0,0023
     54  PO 0:00:45  0,0024 0,2393               0,0022
     56  PO 0:00:44  0,0024 0,2350               0,0022
     58  PO 0:00:43  0,0024 0,2321               0,0022
     60  PO 0:00:42  0,0023 0,2287               0,0021
     62  PO 0:00:40  0,0023 0,2229               0,0021
     64  PO 0:00:39  0,0022 0,2183               0,0020
     66  PO 0:00:38  0,0022 0,2153               0,0020
     68  PO 0:00:36  0,0022 0,2122               0,0020
     70  PO 0:00:35  0,0021 0,2087               0,0019
     72  PO 0:00:35  0,0021 0,2103               0,0020
     74  PO 0:00:34  0,0021 0,2100               0,0020
     76  PO 0:00:00  0,0000 0,0001               0,0000
     78  PO 0:00:00  0,0000 0,0000               0,0000
     80  PO 0:00:00  0,0000 0,0001               0,0000
     82  PO 0:00:00  0,0000 0,0001               0,0000
     84  PO 0:00:00  0,0000 0,0001               0,0000
     86  PO 0:00:00  0,0000 0,0002               0,0000
     88  PO 0:00:00  0,0000 0,0002               0,0000
      2  ST 0:02:27  0,0049 0,4788               0,0045
      4  ST 0:01:18  0,0028 0,2705               0,0025
      6  ST 0:00:54  0,0020 0,1965               0,0018
      8  ST 0:00:45  0,0017 0,1689               0,0016
     10  ST 0:00:40  0,0016 0,1542               0,0014
     12  ST 0:00:38  0,0015 0,1485               0,0014
     14  ST 0:00:37  0,0015 0,1457               0,0014
     16  ST 0:00:36  0,0014 0,1410               0,0013
     18  ST 0:00:35  0,0014 0,1415               0,0013
     20  ST 0:00:34  0,0014 0,1391               0,0013
     22  ST 0:00:35  0,0015 0,1439               0,0013
     24  ST 0:00:35  0,0015 0,1464               0,0014
     26  ST 0:00:35  0,0015 0,1476               0,0014
     28  ST 0:00:34  0,0015 0,1485               0,0014
     30  ST 0:00:34  0,0015 0,1502               0,0014
     32  ST 0:00:34  0,0015 0,1493               0,0014
     34  ST 0:00:34  0,0016 0,1527               0,0014
     36  ST 0:00:34  0,0016 0,1541               0,0014
     38  ST 0:00:34  0,0016 0,1572               0,0015
     40  ST 0:00:33  0,0016 0,1566               0,0015
     42  ST 0:00:34  0,0016 0,1605               0,0015
     44  ST 0:00:34  0,0017 0,1637               0,0015
     46  ST 0:00:32  0,0016 0,1578               0,0015
     48  ST 0:00:31  0,0016 0,1545               0,0014
     50  ST 0:00:29  0,0015 0,1456               0,0014
     52  ST 0:00:28  0,0014 0,1419               0,0013
     54  ST 0:00:27  0,0014 0,1407               0,0013
     56  ST 0:00:26  0,0014 0,1372               0,0013
     58  ST 0:00:25  0,0014 0,1334               0,0012
     60  ST 0:00:25  0,0014 0,1356               0,0013
     62  ST 0:00:24  0,0013 0,1299               0,0012
     64  ST 0:00:24  0,0013 0,1311               0,0012
     66  ST 0:00:22  0,0013 0,1253               0,0012
     68  ST 0:00:22  0,0013 0,1278               0,0012
     70  ST 0:00:21  0,0013 0,1239               0,0012
     72  ST 0:00:20  0,0012 0,1209               0,0011
     74  ST 0:00:20  0,0012 0,1210               0,0011
     76  ST 0:00:19  0,0012 0,1184               0,0011
     78  ST 0:00:19  0,0012 0,1150               0,0011
     80  ST 0:00:18  0,0011 0,1131               0,0011
     82  ST 0:00:18  0,0011 0,1129               0,0010
     84  ST 0:00:17  0,0011 0,1098               0,0010
     86  ST 0:00:17  0,0011 0,1086               0,0010
     88  ST 0:00:17  0,0011 0,1096               0,0010