 Treads App Time CT  Energy  CO2eq  km travelled by car
      2  PO 0:03:29  0,0076 3,6716               0,0342
      4  PO 0:03:09  0,0072 3,4585               0,0322
      6  PO 0:03:06  0,0073 3,5037               0,0326
      8  PO 0:03:01  0,0073 3,4930               0,0325
     10  PO 0:02:57  0,0072 3,4690               0,0323
     12  PO 0:02:52  0,0071 3,4128               0,0317
     14  PO 0:02:45  0,0070 3,3594               0,0313
     16  PO 0:02:37  0,0067 3,2267               0,0300
     18  PO 0:02:31  0,0065 3,1494               0,0293
     20  PO 0:02:25  0,0063 3,0286               0,0282
     22  PO 0:02:22  0,0063 3,0195               0,0281
     24  PO 0:02:21  0,0061 2,9565               0,0275
     26  PO 0:02:13  0,0059 2,8270               0,0263
     28  PO 0:02:03  0,0055 2,6575               0,0247
     30  PO 0:01:55  0,0053 2,5484               0,0237
     32  PO 0:01:46  0,0051 2,4373               0,0227
     34  PO 0:01:41  0,0049 2,3794               0,0221
     36  PO 0:01:36  0,0047 2,2695               0,0211
     38  PO 0:01:30  0,0047 2,2383               0,0208
     40  PO 0:01:25  0,0045 2,1747               0,0202
     42  PO 0:01:22  0,0043 2,0727               0,0193
     44  PO 0:01:17  0,0042 2,0259               0,0188
     46  PO 0:01:15  0,0042 1,9967               0,0186
     48  PO 0:01:11  0,0040 1,9074               0,0177
      2  ST 0:02:02  0,0044 2,1242               0,0198
      4  ST 0:01:49  0,0041 1,9675               0,0183
      6  ST 0:01:48  0,0042 2,0021               0,0186
      8  ST 0:01:45  0,0042 2,0010               0,0186
     10  ST 0:01:43  0,0041 1,9927               0,0185
     12  ST 0:01:40  0,0041 1,9562               0,0182
     14  ST 0:01:35  0,0039 1,8942               0,0176
     16  ST 0:01:32  0,0039 1,8568               0,0173
     18  ST 0:01:29  0,0038 1,8289               0,0170
     20  ST 0:01:24  0,0036 1,7333               0,0161
     22  ST 0:01:26  0,0038 1,8225               0,0170
     24  ST 0:01:27  0,0038 1,8178               0,0169
     26  ST 0:01:20  0,0035 1,7034               0,0158
     28  ST 0:01:14  0,0034 1,6328               0,0152
     30  ST 0:01:09  0,0032 1,5565               0,0145
     32  ST 0:01:02  0,0030 1,4349               0,0133
     34  ST 0:01:01  0,0030 1,4548               0,0135
     36  ST 0:00:55  0,0028 1,3465               0,0125
     38  ST 0:00:51  0,0026 1,2622               0,0117
     40  ST 0:00:48  0,0025 1,2172               0,0113
     42  ST 0:00:47  0,0025 1,2121               0,0113
     44  ST 0:00:46  0,0025 1,2020               0,0112
     46  ST 0:00:42  0,0023 1,1142               0,0104
     48  ST 0:00:41  0,0023 1,1205               0,0104