 Treads App Time CT  Energy  CO2eq  km travelled by car
      2  PO 0:04:11  0,0084 4,0519               0,0377
      4  PO 0:02:13  0,0048 2,2963               0,0214
      6  PO 0:01:34  0,0035 1,6905               0,0157
      8  PO 0:01:18  0,0030 1,4531               0,0135
     10  PO 0:01:09  0,0027 1,3211               0,0123
     12  PO 0:01:03  0,0026 1,2444               0,0116
     14  PO 0:01:01  0,0025 1,1934               0,0111
     16  PO 0:00:00  0,0000 0,0000               0,0000
     18  PO 0:00:00  0,0000 0,0000               0,0000
     20  PO 0:00:00  0,0000 0,0000               0,0000
     22  PO 0:00:00  0,0000 0,0000               0,0000
     24  PO 0:00:00  0,0000 0,0000               0,0000
     26  PO 0:00:00  0,0000 0,0000               0,0000
     28  PO 0:00:00  0,0000 0,0000               0,0000
     30  PO 0:00:00  0,0000 0,0000               0,0000
     32  PO 0:00:00  0,0000 0,0000               0,0000
     34  PO 0:00:00  0,0000 0,0000               0,0000
     36  PO 0:00:00  0,0000 0,0000               0,0000
     38  PO 0:00:00  0,0000 0,0000               0,0000
     40  PO 0:00:00  0,0000 0,0000               0,0000
     42  PO 0:00:00  0,0000 0,0000               0,0000
     44  PO 0:00:00  0,0000 0,0000               0,0000
     46  PO 0:00:00  0,0000 0,0000               0,0000
     48  PO 0:00:00  0,0000 0,0000               0,0000
     50  PO 0:00:00  0,0000 0,0000               0,0000
     52  PO 0:00:00  0,0000 0,0000               0,0000
     54  PO 0:00:00  0,0000 0,0000               0,0000
     56  PO 0:00:00  0,0000 0,0000               0,0000
     58  PO 0:00:00  0,0000 0,0000               0,0000
     60  PO 0:00:00  0,0000 0,0000               0,0000
     62  PO 0:00:00  0,0000 0,0000               0,0000
     64  PO 0:00:00  0,0000 0,0000               0,0000
     66  PO 0:00:00  0,0000 0,0000               0,0000
     68  PO 0:00:00  0,0000 0,0000               0,0000
     70  PO 0:00:00  0,0000 0,0000               0,0000
     72  PO 0:00:00  0,0000 0,0004               0,0000
     74  PO 0:00:00  0,0000 0,0000               0,0000
     76  PO 0:00:00  0,0000 0,0002               0,0000
     78  PO 0:00:00  0,0000 0,0004               0,0000
     80  PO 0:00:00  0,0000 0,0005               0,0000
     82  PO 0:00:00  0,0000 0,0000               0,0000
     84  PO 0:00:00  0,0000 0,0007               0,0000
     86  PO 0:00:00  0,0000 0,0002               0,0000
     88  PO 0:00:00  0,0000 0,0000               0,0000
      2  ST 0:02:26  0,0049 2,3521               0,0219
      4  ST 0:01:17  0,0028 1,3247               0,0123
      6  ST 0:00:54  0,0020 0,9665               0,0090
      8  ST 0:00:45  0,0017 0,8246               0,0077
     10  ST 0:00:40  0,0016 0,7518               0,0070
     12  ST 0:00:38  0,0015 0,7233               0,0067
     14  ST 0:00:37  0,0015 0,7116               0,0066
     16  ST 0:00:36  0,0014 0,6879               0,0064
     18  ST 0:00:35  0,0014 0,6872               0,0064
     20  ST 0:00:34  0,0014 0,6697               0,0062
     22  ST 0:00:34  0,0014 0,6961               0,0065
     24  ST 0:00:34  0,0014 0,6945               0,0065
     26  ST 0:00:34  0,0015 0,7137               0,0066
     28  ST 0:00:34  0,0015 0,7292               0,0068
     30  ST 0:00:34  0,0015 0,7358               0,0068
     32  ST 0:00:33  0,0015 0,7262               0,0068
     34  ST 0:00:34  0,0016 0,7479               0,0070
     36  ST 0:00:34  0,0016 0,7581               0,0071
     38  ST 0:00:34  0,0016 0,7672               0,0071
     40  ST 0:00:33  0,0016 0,7674               0,0071
     42  ST 0:00:34  0,0016 0,7864               0,0073
     44  ST 0:00:34  0,0017 0,8028               0,0075
     46  ST 0:00:32  0,0016 0,7759               0,0072
     48  ST 0:00:31  0,0016 0,7517               0,0070
     50  ST 0:00:29  0,0015 0,7155               0,0067
     52  ST 0:00:29  0,0015 0,7096               0,0066
     54  ST 0:00:27  0,0014 0,6849               0,0064
     56  ST 0:00:26  0,0014 0,6696               0,0062
     58  ST 0:00:25  0,0014 0,6509               0,0061
     60  ST 0:00:25  0,0014 0,6636               0,0062
     62  ST 0:00:24  0,0013 0,6440               0,0060
     64  ST 0:00:23  0,0013 0,6331               0,0059
     66  ST 0:00:23  0,0013 0,6295               0,0059
     68  ST 0:00:22  0,0013 0,6261               0,0058
     70  ST 0:00:21  0,0013 0,6127               0,0057
     72  ST 0:00:20  0,0012 0,5883               0,0055
     74  ST 0:00:20  0,0012 0,5864               0,0055
     76  ST 0:00:20  0,0012 0,5830               0,0054
     78  ST 0:00:18  0,0012 0,5553               0,0052
     80  ST 0:00:18  0,0011 0,5513               0,0051
     82  ST 0:00:18  0,0011 0,5414               0,0050
     84  ST 0:00:18  0,0011 0,5451               0,0051
     86  ST 0:00:17  0,0011 0,5437               0,0051
     88  ST 0:00:17  0,0011 0,5333               0,0050