 Treads App Time CT  Energy  CO2eq  km travelled by car
      2  PO 0:04:04  0,0041 0,3991               0,0037
      4  PO 0:02:07  0,0024 0,2321               0,0022
      6  PO 0:01:33  0,0019 0,1827               0,0017
      8  PO 0:01:17  0,0017 0,1637               0,0015
     10  PO 0:01:11  0,0016 0,1563               0,0015
     12  PO 0:01:08  0,0016 0,1591               0,0015
     14  PO 0:01:06  0,0016 0,1623               0,0015
     16  PO 0:01:07  0,0017 0,1695               0,0016
     18  PO 0:01:06  0,0018 0,1757               0,0016
     20  PO 0:01:06  0,0018 0,1796               0,0017
     22  PO 0:01:00  0,0019 0,1855               0,0017
     24  PO 0:00:55  0,0018 0,1806               0,0017
     26  PO 0:00:51  0,0017 0,1713               0,0016
     28  PO 0:00:48  0,0017 0,1666               0,0016
     30  PO 0:00:44  0,0016 0,1595               0,0015
     32  PO 0:00:42  0,0016 0,1566               0,0015
     34  PO 0:00:40  0,0016 0,1572               0,0015
     36  PO 0:00:38  0,0016 0,1548               0,0014
     38  PO 0:00:36  0,0015 0,1502               0,0014
     40  PO 0:00:34  0,0015 0,1449               0,0013
      2  ST 0:02:03  0,0021 0,2040               0,0019
      4  ST 0:01:06  0,0012 0,1207               0,0011
      6  ST 0:00:49  0,0010 0,0948               0,0009
      8  ST 0:00:44  0,0009 0,0913               0,0008
     10  ST 0:00:41  0,0009 0,0872               0,0008
     12  ST 0:00:39  0,0009 0,0879               0,0008
     14  ST 0:00:40  0,0009 0,0929               0,0009
     16  ST 0:00:40  0,0010 0,0964               0,0009
     18  ST 0:00:40  0,0010 0,0995               0,0009
     20  ST 0:00:40  0,0010 0,1026               0,0010
     22  ST 0:00:36  0,0011 0,1074               0,0010
     24  ST 0:00:34  0,0011 0,1065               0,0010
     26  ST 0:00:31  0,0010 0,1032               0,0010
     28  ST 0:00:28  0,0010 0,0973               0,0009
     30  ST 0:00:27  0,0010 0,0963               0,0009
     32  ST 0:00:25  0,0009 0,0905               0,0008
     34  ST 0:00:24  0,0009 0,0896               0,0008
     36  ST 0:00:22  0,0009 0,0869               0,0008
     38  ST 0:00:21  0,0009 0,0854               0,0008
     40  ST 0:00:21  0,0009 0,0853               0,0008