 Treads App Time CT  Energy  CO2eq  km travelled by car
      2  PO 0:04:03  0,0040 0,3942               0,0037
      4  PO 0:02:06  0,0024 0,2317               0,0022
      6  PO 0:01:31  0,0018 0,1800               0,0017
      8  PO 0:01:16  0,0016 0,1619               0,0015
     10  PO 0:01:11  0,0016 0,1565               0,0015
     12  PO 0:01:09  0,0016 0,1594               0,0015
     14  PO 0:01:08  0,0017 0,1647               0,0015
     16  PO 0:01:07  0,0017 0,1698               0,0016
     18  PO 0:01:06  0,0018 0,1746               0,0016
     20  PO 0:01:07  0,0019 0,1820               0,0017
     22  PO 0:01:00  0,0019 0,1899               0,0018
     24  PO 0:00:56  0,0018 0,1814               0,0017
     26  PO 0:00:51  0,0018 0,1732               0,0016
     28  PO 0:00:48  0,0017 0,1680               0,0016
     30  PO 0:00:45  0,0016 0,1615               0,0015
     32  PO 0:00:43  0,0016 0,1594               0,0015
     34  PO 0:00:40  0,0016 0,1567               0,0015
     36  PO 0:00:38  0,0016 0,1534               0,0014
     38  PO 0:00:35  0,0015 0,1489               0,0014
     40  PO 0:00:34  0,0015 0,1481               0,0014
      2  ST 0:02:04  0,0021 0,2050               0,0019
      4  ST 0:01:06  0,0012 0,1199               0,0011
      6  ST 0:00:51  0,0010 0,0977               0,0009
      8  ST 0:00:43  0,0009 0,0849               0,0008
     10  ST 0:00:40  0,0009 0,0862               0,0008
     12  ST 0:00:40  0,0009 0,0881               0,0008
     14  ST 0:00:41  0,0010 0,0943               0,0009
     16  ST 0:00:40  0,0010 0,0959               0,0009
     18  ST 0:00:40  0,0010 0,1002               0,0009
     20  ST 0:00:40  0,0010 0,1030               0,0010
     22  ST 0:00:36  0,0011 0,1076               0,0010
     24  ST 0:00:33  0,0011 0,1052               0,0010
     26  ST 0:00:32  0,0011 0,1036               0,0010
     28  ST 0:00:29  0,0010 0,0987               0,0009
     30  ST 0:00:27  0,0010 0,0953               0,0009
     32  ST 0:00:25  0,0009 0,0915               0,0009
     34  ST 0:00:24  0,0009 0,0896               0,0008
     36  ST 0:00:22  0,0009 0,0870               0,0008
     38  ST 0:00:21  0,0008 0,0832               0,0008
     40  ST 0:00:21  0,0009 0,0843               0,0008