Numero de CPUs logicos (threads): 88
Numero de núcleos fisicos: 22
Start -> PO
compilando PO...
___Executando PO___:
___PO com 2 Treads___
Execution Time: 118.40544
Tempo total: 118411.082 ms
	Time:	0:01:58
	Energy:	0.0016 kWh
	CO2eq:	0.7812 g
	0.0073 km travelled by car
	Time:	0:01:58
	Energy:	0.0016 kWh
	CO2eq:	0.7812 g
	0.0073 km travelled by car
___PO com 2 Treads_concluida___
___PO com 4 Treads___
Execution Time: 64.30805
Tempo total: 64313.846 ms
	Time:	0:01:04
	Energy:	0.0011 kWh
	CO2eq:	0.5087 g
	0.0047 km travelled by car
	Time:	0:01:04
	Energy:	0.0011 kWh
	CO2eq:	0.5087 g
	0.0047 km travelled by car
___PO com 4 Treads_concluida___
___PO com 6 Treads___
Execution Time: 46.86952
Tempo total: 46874.913 ms
	Time:	0:00:47
	Energy:	0.0009 kWh
	CO2eq:	0.4128 g
	0.0038 km travelled by car
	Time:	0:00:47
	Energy:	0.0009 kWh
	CO2eq:	0.4128 g
	0.0038 km travelled by car
___PO com 6 Treads_concluida___
___PO com 8 Treads___
Execution Time: 40.20955
Tempo total: 40215.048 ms
	Time:	0:00:40
	Energy:	0.0008 kWh
	CO2eq:	0.3801 g
	0.0035 km travelled by car
	Time:	0:00:40
	Energy:	0.0008 kWh
	CO2eq:	0.3801 g
	0.0035 km travelled by car
___PO com 8 Treads_concluida___
___PO com 10 Treads___
Execution Time: 37.24495
Tempo total: 37250.376 ms
	Time:	0:00:37
	Energy:	0.0008 kWh
	CO2eq:	0.3661 g
	0.0034 km travelled by car
	Time:	0:00:37
	Energy:	0.0008 kWh
	CO2eq:	0.3661 g
	0.0034 km travelled by car
___PO com 10 Treads_concluida___
___PO com 12 Treads___
Execution Time: 34.89329
Tempo total: 34898.785 ms
	Time:	0:00:35
	Energy:	0.0007 kWh
	CO2eq:	0.0726 g
	0.0007 km travelled by car
	Time:	0:00:35
	Energy:	0.0007 kWh
	CO2eq:	0.0722 g
	0.0007 km travelled by car
___PO com 12 Treads_concluida___
___PO com 14 Treads___
Execution Time: 34.00501
Tempo total: 34010.433 ms
	Time:	0:00:34
	Energy:	0.0007 kWh
	CO2eq:	0.0723 g
	0.0007 km travelled by car
	Time:	0:00:34
	Energy:	0.0007 kWh
	CO2eq:	0.0723 g
	0.0007 km travelled by car
___PO com 14 Treads_concluida___
___PO com 16 Treads___
Execution Time: 33.35638
Tempo total: 33361.768 ms
	Time:	0:00:33
	Energy:	0.0007 kWh
	CO2eq:	0.0724 g
	0.0007 km travelled by car
	Time:	0:00:33
	Energy:	0.0007 kWh
	CO2eq:	0.0724 g
	0.0007 km travelled by car
___PO com 16 Treads_concluida___
___PO com 18 Treads___
Execution Time: 33.55470
Tempo total: 33560.600 ms
	Time:	0:00:34
	Energy:	0.0008 kWh
	CO2eq:	0.0741 g
	0.0007 km travelled by car
	Time:	0:00:34
	Energy:	0.0008 kWh
	CO2eq:	0.0741 g
	0.0007 km travelled by car
___PO com 18 Treads_concluida___
___PO com 20 Treads___
Execution Time: 34.22105
Tempo total: 34226.407 ms
	Time:	0:00:34
	Energy:	0.0008 kWh
	CO2eq:	0.0764 g
	0.0007 km travelled by car
	Time:	0:00:34
	Energy:	0.0008 kWh
	CO2eq:	0.0764 g
	0.0007 km travelled by car
___PO com 20 Treads_concluida___
___PO com 22 Treads___
Execution Time: 32.74449
Tempo total: 32749.834 ms
	Time:	0:00:33
	Energy:	0.0008 kWh
	CO2eq:	0.0757 g
	0.0007 km travelled by car
	Time:	0:00:33
	Energy:	0.0008 kWh
	CO2eq:	0.0757 g
	0.0007 km travelled by car
___PO com 22 Treads_concluida___
___PO com 24 Treads___
Execution Time: 33.34438
Tempo total: 33349.848 ms
	Time:	0:00:33
	Energy:	0.0008 kWh
	CO2eq:	0.0790 g
	0.0007 km travelled by car
	Time:	0:00:33
	Energy:	0.0008 kWh
	CO2eq:	0.0790 g
	0.0007 km travelled by car
___PO com 24 Treads_concluida___
___PO com 26 Treads___
Execution Time: 33.29680
Tempo total: 33302.534 ms
	Time:	0:00:33
	Energy:	0.0008 kWh
	CO2eq:	0.0807 g
	0.0008 km travelled by car
	Time:	0:00:33
	Energy:	0.0008 kWh
	CO2eq:	0.0807 g
	0.0008 km travelled by car
___PO com 26 Treads_concluida___
___PO com 28 Treads___
Execution Time: 34.14247
Tempo total: 34148.006 ms
	Time:	0:00:34
	Energy:	0.0009 kWh
	CO2eq:	0.0841 g
	0.0008 km travelled by car
	Time:	0:00:34
	Energy:	0.0009 kWh
	CO2eq:	0.0841 g
	0.0008 km travelled by car
___PO com 28 Treads_concluida___
___PO com 30 Treads___
Execution Time: 33.81908
Tempo total: 33824.280 ms
	Time:	0:00:34
	Energy:	0.0009 kWh
	CO2eq:	0.0849 g
	0.0008 km travelled by car
	Time:	0:00:34
	Energy:	0.0009 kWh
	CO2eq:	0.0849 g
	0.0008 km travelled by car
___PO com 30 Treads_concluida___
___PO com 32 Treads___
Execution Time: 35.21776
Tempo total: 35223.242 ms
	Time:	0:00:35
	Energy:	0.0009 kWh
	CO2eq:	0.0894 g
	0.0008 km travelled by car
	Time:	0:00:35
	Energy:	0.0009 kWh
	CO2eq:	0.0894 g
	0.0008 km travelled by car
___PO com 32 Treads_concluida___
___PO com 34 Treads___
Execution Time: 33.75962
Tempo total: 33765.005 ms
	Time:	0:00:34
	Energy:	0.0009 kWh
	CO2eq:	0.0881 g
	0.0008 km travelled by car
	Time:	0:00:34
	Energy:	0.0009 kWh
	CO2eq:	0.0881 g
	0.0008 km travelled by car
___PO com 34 Treads_concluida___
___PO com 36 Treads___
Execution Time: 35.58029
Tempo total: 35585.958 ms
	Time:	0:00:36
	Energy:	0.0010 kWh
	CO2eq:	0.0941 g
	0.0009 km travelled by car
	Time:	0:00:36
	Energy:	0.0010 kWh
	CO2eq:	0.0941 g
	0.0009 km travelled by car
___PO com 36 Treads_concluida___
___PO com 38 Treads___
Execution Time: 34.98681
Tempo total: 34992.430 ms
	Time:	0:00:35
	Energy:	0.0009 kWh
	CO2eq:	0.0929 g
	0.0009 km travelled by car
	Time:	0:00:35
	Energy:	0.0009 kWh
	CO2eq:	0.0928 g
	0.0009 km travelled by car
___PO com 38 Treads_concluida___
___PO com 40 Treads___
Execution Time: 36.53663
Tempo total: 36542.484 ms
	Time:	0:00:37
	Energy:	0.0010 kWh
	CO2eq:	0.0976 g
	0.0009 km travelled by car
	Time:	0:00:37
	Energy:	0.0010 kWh
	CO2eq:	0.0976 g
	0.0009 km travelled by car
___PO com 40 Treads_concluida___
___PO com 42 Treads___
Execution Time: 34.50804
Tempo total: 34513.837 ms
	Time:	0:00:35
	Energy:	0.0010 kWh
	CO2eq:	0.0946 g
	0.0009 km travelled by car
	Time:	0:00:35
	Energy:	0.0010 kWh
	CO2eq:	0.0946 g
	0.0009 km travelled by car
___PO com 42 Treads_concluida___
___PO com 44 Treads___
Execution Time: 35.47564
Tempo total: 35481.565 ms
	Time:	0:00:35
	Energy:	0.0010 kWh
	CO2eq:	0.0976 g
	0.0009 km travelled by car
	Time:	0:00:35
	Energy:	0.0010 kWh
	CO2eq:	0.0976 g
	0.0009 km travelled by car
___PO com 44 Treads_concluida___
___PO com 46 Treads___
Execution Time: 37.09430
Tempo total: 37100.447 ms
	Time:	0:00:37
	Energy:	0.0010 kWh
	CO2eq:	0.1029 g
	0.0010 km travelled by car
	Time:	0:00:37
	Energy:	0.0011 kWh
	CO2eq:	0.1034 g
	0.0010 km travelled by car
___PO com 46 Treads_concluida___
___PO com 48 Treads___
Execution Time: 38.13600
Tempo total: 38141.435 ms
	Time:	0:00:38
	Energy:	0.0010 kWh
	CO2eq:	0.0992 g
	0.0009 km travelled by car
	Time:	0:00:38
	Energy:	0.0010 kWh
	CO2eq:	0.0992 g
	0.0009 km travelled by car
___PO com 48 Treads_concluida___
___PO com 50 Treads___
Execution Time: 37.61617
Tempo total: 37622.068 ms
	Time:	0:00:38
	Energy:	0.0011 kWh
	CO2eq:	0.1045 g
	0.0010 km travelled by car
	Time:	0:00:38
	Energy:	0.0011 kWh
	CO2eq:	0.1045 g
	0.0010 km travelled by car
___PO com 50 Treads_concluida___
___PO com 52 Treads___
Execution Time: 38.23328
Tempo total: 38239.124 ms
	Time:	0:00:38
	Energy:	0.0011 kWh
	CO2eq:	0.1054 g
	0.0010 km travelled by car
	Time:	0:00:38
	Energy:	0.0011 kWh
	CO2eq:	0.1054 g
	0.0010 km travelled by car
___PO com 52 Treads_concluida___
___PO com 54 Treads___
Execution Time: 36.54714
Tempo total: 36552.954 ms
	Time:	0:00:37
	Energy:	0.0010 kWh
	CO2eq:	0.1032 g
	0.0010 km travelled by car
	Time:	0:00:37
	Energy:	0.0010 kWh
	CO2eq:	0.1032 g
	0.0010 km travelled by car
___PO com 54 Treads_concluida___
___PO com 56 Treads___
Execution Time: 37.80254
Tempo total: 37808.269 ms
	Time:	0:00:38
	Energy:	0.0011 kWh
	CO2eq:	0.1068 g
	0.0010 km travelled by car
	Time:	0:00:38
	Energy:	0.0011 kWh
	CO2eq:	0.1068 g
	0.0010 km travelled by car
___PO com 56 Treads_concluida___
___PO com 58 Treads___
Execution Time: 35.50397
Tempo total: 35509.927 ms
	Time:	0:00:36
	Energy:	0.0010 kWh
	CO2eq:	0.1025 g
	0.0010 km travelled by car
	Time:	0:00:36
	Energy:	0.0010 kWh
	CO2eq:	0.1025 g
	0.0010 km travelled by car
___PO com 58 Treads_concluida___
___PO com 60 Treads___
Execution Time: 35.41506
Tempo total: 35421.200 ms
	Time:	0:00:35
	Energy:	0.0010 kWh
	CO2eq:	0.1029 g
	0.0010 km travelled by car
	Time:	0:00:35
	Energy:	0.0010 kWh
	CO2eq:	0.1029 g
	0.0010 km travelled by car
___PO com 60 Treads_concluida___
___PO com 62 Treads___
Execution Time: 34.91882
Tempo total: 34924.817 ms
	Time:	0:00:35
	Energy:	0.0010 kWh
	CO2eq:	0.1025 g
	0.0010 km travelled by car
	Time:	0:00:35
	Energy:	0.0010 kWh
	CO2eq:	0.1025 g
	0.0010 km travelled by car
___PO com 62 Treads_concluida___
___PO com 64 Treads___
Execution Time: 37.62675
Tempo total: 37632.918 ms
	Time:	0:00:38
	Energy:	0.0011 kWh
	CO2eq:	0.1086 g
	0.0010 km travelled by car
	Time:	0:00:38
	Energy:	0.0011 kWh
	CO2eq:	0.1086 g
	0.0010 km travelled by car
___PO com 64 Treads_concluida___
___PO com 66 Treads___
Execution Time: 35.65816
Tempo total: 35664.173 ms
	Time:	0:00:36
	Energy:	0.0010 kWh
	CO2eq:	0.1031 g
	0.0010 km travelled by car
	Time:	0:00:36
	Energy:	0.0010 kWh
	CO2eq:	0.1031 g
	0.0010 km travelled by car
___PO com 66 Treads_concluida___
___PO com 68 Treads___
Execution Time: 33.89992
Tempo total: 33905.931 ms
	Time:	0:00:34
	Energy:	0.0010 kWh
	CO2eq:	0.1014 g
	0.0009 km travelled by car
	Time:	0:00:34
	Energy:	0.0010 kWh
	CO2eq:	0.1014 g
	0.0009 km travelled by car
___PO com 68 Treads_concluida___
___PO com 70 Treads___
Execution Time: 33.49022
Tempo total: 33496.233 ms
	Time:	0:00:33
	Energy:	0.0010 kWh
	CO2eq:	0.1005 g
	0.0009 km travelled by car
	Time:	0:00:33
	Energy:	0.0010 kWh
	CO2eq:	0.1005 g
	0.0009 km travelled by car
___PO com 70 Treads_concluida___
___PO com 72 Treads___
Execution Time: 36.92933
Tempo total: 36935.372 ms
	Time:	0:00:37
	Energy:	0.0011 kWh
	CO2eq:	0.1080 g
	0.0010 km travelled by car
	Time:	0:00:37
	Energy:	0.0011 kWh
	CO2eq:	0.1080 g
	0.0010 km travelled by car
___PO com 72 Treads_concluida___
___PO com 74 Treads___
Execution Time: 34.48584
Tempo total: 34491.949 ms
	Time:	0:00:34
	Energy:	0.0010 kWh
	CO2eq:	0.1029 g
	0.0010 km travelled by car
	Time:	0:00:34
	Energy:	0.0010 kWh
	CO2eq:	0.1029 g
	0.0010 km travelled by car
___PO com 74 Treads_concluida___
___PO com 76 Treads___
Execution Time: 33.23794
Tempo total: 33244.000 ms
	Time:	0:00:33
	Energy:	0.0010 kWh
	CO2eq:	0.1007 g
	0.0009 km travelled by car
	Time:	0:00:33
	Energy:	0.0010 kWh
	CO2eq:	0.1007 g
	0.0009 km travelled by car
___PO com 76 Treads_concluida___
___PO com 78 Treads___
Execution Time: 34.92896
Tempo total: 34935.037 ms
	Time:	0:00:35
	Energy:	0.0011 kWh
	CO2eq:	0.1044 g
	0.0010 km travelled by car
	Time:	0:00:35
	Energy:	0.0011 kWh
	CO2eq:	0.1044 g
	0.0010 km travelled by car
___PO com 78 Treads_concluida___
___PO com 80 Treads___
Execution Time: 35.71017
Tempo total: 35716.070 ms
	Time:	0:00:36
	Energy:	0.0011 kWh
	CO2eq:	0.1064 g
	0.0010 km travelled by car
	Time:	0:00:36
	Energy:	0.0011 kWh
	CO2eq:	0.1064 g
	0.0010 km travelled by car
___PO com 80 Treads_concluida___
___PO com 82 Treads___
Execution Time: 34.17695
Tempo total: 34183.205 ms
	Time:	0:00:34
	Energy:	0.0010 kWh
	CO2eq:	0.0978 g
	0.0009 km travelled by car
	Time:	0:00:34
	Energy:	0.0010 kWh
	CO2eq:	0.0978 g
	0.0009 km travelled by car
___PO com 82 Treads_concluida___
___PO com 84 Treads___
Execution Time: 32.50745
Tempo total: 32513.557 ms
	Time:	0:00:33
	Energy:	0.0010 kWh
	CO2eq:	0.1003 g
	0.0009 km travelled by car
	Time:	0:00:33
	Energy:	0.0010 kWh
	CO2eq:	0.1003 g
	0.0009 km travelled by car
___PO com 84 Treads_concluida___
___PO com 86 Treads___
Execution Time: 32.22193
Tempo total: 32228.443 ms
	Time:	0:00:32
	Energy:	0.0010 kWh
	CO2eq:	0.1004 g
	0.0009 km travelled by car
	Time:	0:00:32
	Energy:	0.0010 kWh
	CO2eq:	0.1004 g
	0.0009 km travelled by car
___PO com 86 Treads_concluida___
___PO com 88 Treads___
Execution Time: 31.85213
Tempo total: 31858.499 ms
	Time:	0:00:32
	Energy:	0.0010 kWh
	CO2eq:	0.0998 g
	0.0009 km travelled by car
	Time:	0:00:32
	Energy:	0.0010 kWh
	CO2eq:	0.0998 g
	0.0009 km travelled by car
___PO com 88 Treads_concluida___
___Fim de PO___:

