Numero de CPUs logicos (threads): 88
Numero de núcleos fisicos: 22
Start -> PO
compilando PO...
___Executando PO___:
___PO com 2 Treads___
Execution Time: 113.10522
Tempo total: 113110.640 ms
	Time:	0:01:53
	Energy:	0.0016 kWh
	CO2eq:	0.1532 g
	0.0014 km travelled by car
	Time:	0:01:53
	Energy:	0.0016 kWh
	CO2eq:	0.1531 g
	0.0014 km travelled by car
___PO com 2 Treads_concluida___
___PO com 4 Treads___
Execution Time: 64.45879
Tempo total: 64464.572 ms
	Time:	0:01:04
	Energy:	0.0011 kWh
	CO2eq:	0.1044 g
	0.0010 km travelled by car
	Time:	0:01:04
	Energy:	0.0011 kWh
	CO2eq:	0.1044 g
	0.0010 km travelled by car
___PO com 4 Treads_concluida___
___PO com 6 Treads___
Execution Time: 46.44771
Tempo total: 46453.234 ms
	Time:	0:00:46
	Energy:	0.0009 kWh
	CO2eq:	0.0839 g
	0.0008 km travelled by car
	Time:	0:00:46
	Energy:	0.0009 kWh
	CO2eq:	0.0839 g
	0.0008 km travelled by car
___PO com 6 Treads_concluida___
___PO com 8 Treads___
Execution Time: 39.96971
Tempo total: 39975.214 ms
	Time:	0:00:40
	Energy:	0.0008 kWh
	CO2eq:	0.0770 g
	0.0007 km travelled by car
	Time:	0:00:40
	Energy:	0.0008 kWh
	CO2eq:	0.0770 g
	0.0007 km travelled by car
___PO com 8 Treads_concluida___
___PO com 10 Treads___
Execution Time: 37.57055
Tempo total: 37576.294 ms
	Time:	0:00:38
	Energy:	0.0008 kWh
	CO2eq:	0.0757 g
	0.0007 km travelled by car
	Time:	0:00:38
	Energy:	0.0008 kWh
	CO2eq:	0.0757 g
	0.0007 km travelled by car
___PO com 10 Treads_concluida___
___PO com 12 Treads___
Execution Time: 34.06804
Tempo total: 34073.903 ms
	Time:	0:00:34
	Energy:	0.0007 kWh
	CO2eq:	0.0710 g
	0.0007 km travelled by car
	Time:	0:00:34
	Energy:	0.0007 kWh
	CO2eq:	0.0710 g
	0.0007 km travelled by car
___PO com 12 Treads_concluida___
___PO com 14 Treads___
Execution Time: 34.67773
Tempo total: 34683.323 ms
	Time:	0:00:35
	Energy:	0.0007 kWh
	CO2eq:	0.0734 g
	0.0007 km travelled by car
	Time:	0:00:35
	Energy:	0.0007 kWh
	CO2eq:	0.0734 g
	0.0007 km travelled by car
___PO com 14 Treads_concluida___
___PO com 16 Treads___
Execution Time: 33.97549
Tempo total: 33980.958 ms
	Time:	0:00:34
	Energy:	0.0007 kWh
	CO2eq:	0.0691 g
	0.0006 km travelled by car
	Time:	0:00:34
	Energy:	0.0007 kWh
	CO2eq:	0.0691 g
	0.0006 km travelled by car
___PO com 16 Treads_concluida___
___PO com 18 Treads___
Execution Time: 33.32443
Tempo total: 33330.003 ms
	Time:	0:00:33
	Energy:	0.0007 kWh
	CO2eq:	0.0730 g
	0.0007 km travelled by car
	Time:	0:00:33
	Energy:	0.0007 kWh
	CO2eq:	0.0730 g
	0.0007 km travelled by car
___PO com 18 Treads_concluida___
___PO com 20 Treads___
Execution Time: 32.03101
Tempo total: 32036.680 ms
	Time:	0:00:32
	Energy:	0.0007 kWh
	CO2eq:	0.0727 g
	0.0007 km travelled by car
	Time:	0:00:32
	Energy:	0.0007 kWh
	CO2eq:	0.0727 g
	0.0007 km travelled by car
___PO com 20 Treads_concluida___
___PO com 22 Treads___
Execution Time: 33.13132
Tempo total: 33136.882 ms
	Time:	0:00:33
	Energy:	0.0008 kWh
	CO2eq:	0.0767 g
	0.0007 km travelled by car
	Time:	0:00:33
	Energy:	0.0008 kWh
	CO2eq:	0.0767 g
	0.0007 km travelled by car
___PO com 22 Treads_concluida___
___PO com 24 Treads___
Execution Time: 33.51272
Tempo total: 33518.490 ms
	Time:	0:00:34
	Energy:	0.0008 kWh
	CO2eq:	0.0794 g
	0.0007 km travelled by car
	Time:	0:00:34
	Energy:	0.0008 kWh
	CO2eq:	0.0794 g
	0.0007 km travelled by car
___PO com 24 Treads_concluida___
___PO com 26 Treads___
Execution Time: 33.25080
Tempo total: 33256.574 ms
	Time:	0:00:33
	Energy:	0.0008 kWh
	CO2eq:	0.0808 g
	0.0008 km travelled by car
	Time:	0:00:33
	Energy:	0.0008 kWh
	CO2eq:	0.0808 g
	0.0008 km travelled by car
___PO com 26 Treads_concluida___
___PO com 28 Treads___
Execution Time: 34.76264
Tempo total: 34768.267 ms
	Time:	0:00:35
	Energy:	0.0009 kWh
	CO2eq:	0.0860 g
	0.0008 km travelled by car
	Time:	0:00:35
	Energy:	0.0009 kWh
	CO2eq:	0.0860 g
	0.0008 km travelled by car
___PO com 28 Treads_concluida___
___PO com 30 Treads___
Execution Time: 34.05209
Tempo total: 34057.870 ms
	Time:	0:00:34
	Energy:	0.0009 kWh
	CO2eq:	0.0859 g
	0.0008 km travelled by car
	Time:	0:00:34
	Energy:	0.0009 kWh
	CO2eq:	0.0859 g
	0.0008 km travelled by car
___PO com 30 Treads_concluida___
___PO com 32 Treads___
Execution Time: 33.54449
Tempo total: 33550.023 ms
	Time:	0:00:34
	Energy:	0.0009 kWh
	CO2eq:	0.0857 g
	0.0008 km travelled by car
	Time:	0:00:34
	Energy:	0.0009 kWh
	CO2eq:	0.0857 g
	0.0008 km travelled by car
___PO com 32 Treads_concluida___
___PO com 34 Treads___
Execution Time: 34.45118
Tempo total: 34456.690 ms
	Time:	0:00:34
	Energy:	0.0009 kWh
	CO2eq:	0.0895 g
	0.0008 km travelled by car
	Time:	0:00:34
	Energy:	0.0009 kWh
	CO2eq:	0.0895 g
	0.0008 km travelled by car
___PO com 34 Treads_concluida___
___PO com 36 Treads___
Execution Time: 50.80426
Tempo total: 50810.009 ms
	Time:	0:00:51
	Energy:	0.0012 kWh
	CO2eq:	0.1180 g
	0.0011 km travelled by car
	Time:	0:00:51
	Energy:	0.0012 kWh
	CO2eq:	0.1180 g
	0.0011 km travelled by car
___PO com 36 Treads_concluida___
___PO com 38 Treads___
Execution Time: 39.37203
Tempo total: 39378.259 ms
	Time:	0:00:39
	Energy:	0.0010 kWh
	CO2eq:	0.1001 g
	0.0009 km travelled by car
	Time:	0:00:39
	Energy:	0.0010 kWh
	CO2eq:	0.1001 g
	0.0009 km travelled by car
___PO com 38 Treads_concluida___
___PO com 40 Treads___
Execution Time: 35.88807
Tempo total: 35893.969 ms
	Time:	0:00:36
	Energy:	0.0010 kWh
	CO2eq:	0.0966 g
	0.0009 km travelled by car
	Time:	0:00:36
	Energy:	0.0010 kWh
	CO2eq:	0.0966 g
	0.0009 km travelled by car
___PO com 40 Treads_concluida___
___PO com 42 Treads___
Execution Time: 38.37349
Tempo total: 38379.020 ms
	Time:	0:00:38
	Energy:	0.0010 kWh
	CO2eq:	0.1016 g
	0.0009 km travelled by car
	Time:	0:00:38
	Energy:	0.0010 kWh
	CO2eq:	0.1016 g
	0.0009 km travelled by car
___PO com 42 Treads_concluida___
___PO com 44 Treads___
Execution Time: 36.74781
Tempo total: 36753.805 ms
	Time:	0:00:37
	Energy:	0.0010 kWh
	CO2eq:	0.1012 g
	0.0009 km travelled by car
	Time:	0:00:37
	Energy:	0.0010 kWh
	CO2eq:	0.1012 g
	0.0009 km travelled by car
___PO com 44 Treads_concluida___
___PO com 46 Treads___
Execution Time: 35.70450
Tempo total: 35710.101 ms
	Time:	0:00:36
	Energy:	0.0010 kWh
	CO2eq:	0.0998 g
	0.0009 km travelled by car
	Time:	0:00:36
	Energy:	0.0010 kWh
	CO2eq:	0.0998 g
	0.0009 km travelled by car
___PO com 46 Treads_concluida___
___PO com 48 Treads___
Execution Time: 37.71212
Tempo total: 37717.937 ms
	Time:	0:00:38
	Energy:	0.0011 kWh
	CO2eq:	0.1048 g
	0.0010 km travelled by car
	Time:	0:00:38
	Energy:	0.0011 kWh
	CO2eq:	0.1048 g
	0.0010 km travelled by car
___PO com 48 Treads_concluida___
___PO com 50 Treads___
Execution Time: 37.99137
Tempo total: 37997.298 ms
	Time:	0:00:38
	Energy:	0.0011 kWh
	CO2eq:	0.1050 g
	0.0010 km travelled by car
	Time:	0:00:38
	Energy:	0.0011 kWh
	CO2eq:	0.1050 g
	0.0010 km travelled by car
___PO com 50 Treads_concluida___
___PO com 52 Treads___
Execution Time: 34.95658
Tempo total: 34962.419 ms
	Time:	0:00:35
	Energy:	0.0010 kWh
	CO2eq:	0.0992 g
	0.0009 km travelled by car
	Time:	0:00:35
	Energy:	0.0010 kWh
	CO2eq:	0.0989 g
	0.0009 km travelled by car
___PO com 52 Treads_concluida___
___PO com 54 Treads___
Execution Time: 37.31504
Tempo total: 37320.929 ms
	Time:	0:00:37
	Energy:	0.0011 kWh
	CO2eq:	0.1049 g
	0.0010 km travelled by car
	Time:	0:00:37
	Energy:	0.0011 kWh
	CO2eq:	0.1049 g
	0.0010 km travelled by car
___PO com 54 Treads_concluida___
___PO com 56 Treads___
Execution Time: 35.46059
Tempo total: 35466.566 ms
	Time:	0:00:35
	Energy:	0.0010 kWh
	CO2eq:	0.1011 g
	0.0009 km travelled by car
	Time:	0:00:35
	Energy:	0.0010 kWh
	CO2eq:	0.1011 g
	0.0009 km travelled by car
___PO com 56 Treads_concluida___
___PO com 58 Treads___
Execution Time: 35.93555
Tempo total: 35941.272 ms
	Time:	0:00:36
	Energy:	0.0010 kWh
	CO2eq:	0.1028 g
	0.0010 km travelled by car
	Time:	0:00:36
	Energy:	0.0010 kWh
	CO2eq:	0.1028 g
	0.0010 km travelled by car
___PO com 58 Treads_concluida___
___PO com 60 Treads___
Execution Time: 34.05886
Tempo total: 34064.951 ms
	Time:	0:00:34
	Energy:	0.0010 kWh
	CO2eq:	0.1001 g
	0.0009 km travelled by car
	Time:	0:00:34
	Energy:	0.0010 kWh
	CO2eq:	0.1001 g
	0.0009 km travelled by car
___PO com 60 Treads_concluida___
___PO com 62 Treads___
Execution Time: 38.92497
Tempo total: 38930.955 ms
	Time:	0:00:39
	Energy:	0.0011 kWh
	CO2eq:	0.5413 g
	0.0050 km travelled by car
	Time:	0:00:39
	Energy:	0.0011 kWh
	CO2eq:	0.5413 g
	0.0050 km travelled by car
___PO com 62 Treads_concluida___
___PO com 64 Treads___
Execution Time: 33.40108
Tempo total: 33407.153 ms
	Time:	0:00:33
	Energy:	0.0010 kWh
	CO2eq:	0.4846 g
	0.0045 km travelled by car
	Time:	0:00:33
	Energy:	0.0010 kWh
	CO2eq:	0.4846 g
	0.0045 km travelled by car
___PO com 64 Treads_concluida___
___PO com 66 Treads___
Execution Time: 34.97322
Tempo total: 34979.225 ms
	Time:	0:00:35
	Energy:	0.0011 kWh
	CO2eq:	0.5059 g
	0.0047 km travelled by car
	Time:	0:00:35
	Energy:	0.0010 kWh
	CO2eq:	0.5036 g
	0.0047 km travelled by car
___PO com 66 Treads_concluida___
___PO com 68 Treads___
Execution Time: 35.99864
Tempo total: 36004.731 ms
	Time:	0:00:36
	Energy:	0.0011 kWh
	CO2eq:	0.5134 g
	0.0048 km travelled by car
	Time:	0:00:36
	Energy:	0.0011 kWh
	CO2eq:	0.5134 g
	0.0048 km travelled by car
___PO com 68 Treads_concluida___
___PO com 70 Treads___
Execution Time: 36.10565
Tempo total: 36111.595 ms
	Time:	0:00:36
	Energy:	0.0011 kWh
	CO2eq:	0.5197 g
	0.0048 km travelled by car
	Time:	0:00:36
	Energy:	0.0011 kWh
	CO2eq:	0.5197 g
	0.0048 km travelled by car
___PO com 70 Treads_concluida___
___PO com 72 Treads___
Execution Time: 33.80102
Tempo total: 33806.713 ms
	Time:	0:00:34
	Energy:	0.0010 kWh
	CO2eq:	0.4927 g
	0.0046 km travelled by car
	Time:	0:00:34
	Energy:	0.0010 kWh
	CO2eq:	0.4927 g
	0.0046 km travelled by car
___PO com 72 Treads_concluida___
___PO com 74 Treads___
Execution Time: 32.81496
Tempo total: 32821.092 ms
	Time:	0:00:33
	Energy:	0.0010 kWh
	CO2eq:	0.4867 g
	0.0045 km travelled by car
	Time:	0:00:33
	Energy:	0.0010 kWh
	CO2eq:	0.4867 g
	0.0045 km travelled by car
___PO com 74 Treads_concluida___
___PO com 76 Treads___
Execution Time: 33.72597
Tempo total: 33732.185 ms
	Time:	0:00:34
	Energy:	0.0010 kWh
	CO2eq:	0.4980 g
	0.0046 km travelled by car
	Time:	0:00:34
	Energy:	0.0010 kWh
	CO2eq:	0.4980 g
	0.0046 km travelled by car
___PO com 76 Treads_concluida___
___PO com 78 Treads___
Execution Time: 35.83710
Tempo total: 35843.839 ms
	Time:	0:00:36
	Energy:	0.0011 kWh
	CO2eq:	0.5234 g
	0.0049 km travelled by car
	Time:	0:00:36
	Energy:	0.0011 kWh
	CO2eq:	0.5234 g
	0.0049 km travelled by car
___PO com 78 Treads_concluida___
___PO com 80 Treads___
Execution Time: 36.67335
Tempo total: 36679.315 ms
	Time:	0:00:37
	Energy:	0.0011 kWh
	CO2eq:	0.5322 g
	0.0050 km travelled by car
	Time:	0:00:37
	Energy:	0.0011 kWh
	CO2eq:	0.5322 g
	0.0050 km travelled by car
___PO com 80 Treads_concluida___
___PO com 82 Treads___
Execution Time: 38.16023
Tempo total: 38166.258 ms
	Time:	0:00:38
	Energy:	0.0011 kWh
	CO2eq:	0.5530 g
	0.0051 km travelled by car
	Time:	0:00:38
	Energy:	0.0011 kWh
	CO2eq:	0.5530 g
	0.0051 km travelled by car
___PO com 82 Treads_concluida___
___PO com 84 Treads___
Execution Time: 37.64832
Tempo total: 37654.526 ms
	Time:	0:00:38
	Energy:	0.0011 kWh
	CO2eq:	0.5465 g
	0.0051 km travelled by car
	Time:	0:00:38
	Energy:	0.0011 kWh
	CO2eq:	0.5465 g
	0.0051 km travelled by car
___PO com 84 Treads_concluida___
___PO com 86 Treads___
Execution Time: 34.32296
Tempo total: 34328.888 ms
	Time:	0:00:34
	Energy:	0.0011 kWh
	CO2eq:	0.5094 g
	0.0047 km travelled by car
	Time:	0:00:34
	Energy:	0.0011 kWh
	CO2eq:	0.5094 g
	0.0047 km travelled by car
___PO com 86 Treads_concluida___
___PO com 88 Treads___
Execution Time: 32.67727
Tempo total: 32684.051 ms
	Time:	0:00:33
	Energy:	0.0010 kWh
	CO2eq:	0.4958 g
	0.0046 km travelled by car
	Time:	0:00:33
	Energy:	0.0010 kWh
	CO2eq:	0.4958 g
	0.0046 km travelled by car
___PO com 88 Treads_concluida___
___Fim de PO___:

