Numero de CPUs logicos (threads): 88
Numero de núcleos fisicos: 22
Start -> PO
compilando PO...
___Executando PO___:
___PO com 2 Treads___
Execution Time: 118.05219
Tempo total: 118057.724 ms
	Time:	0:01:58
	Energy:	0.0016 kWh
	CO2eq:	0.1594 g
	0.0015 km travelled by car
	Time:	0:01:58
	Energy:	0.0016 kWh
	CO2eq:	0.1594 g
	0.0015 km travelled by car
___PO com 2 Treads_concluida___
___PO com 4 Treads___
Execution Time: 62.92331
Tempo total: 62928.991 ms
	Time:	0:01:03
	Energy:	0.0010 kWh
	CO2eq:	0.1027 g
	0.0010 km travelled by car
	Time:	0:01:03
	Energy:	0.0010 kWh
	CO2eq:	0.1023 g
	0.0010 km travelled by car
___PO com 4 Treads_concluida___
___PO com 6 Treads___
Execution Time: 46.24958
Tempo total: 46255.011 ms
	Time:	0:00:46
	Energy:	0.0008 kWh
	CO2eq:	0.0833 g
	0.0008 km travelled by car
	Time:	0:00:46
	Energy:	0.0008 kWh
	CO2eq:	0.0833 g
	0.0008 km travelled by car
___PO com 6 Treads_concluida___
___PO com 8 Treads___
Execution Time: 39.92291
Tempo total: 39928.674 ms
	Time:	0:00:40
	Energy:	0.0008 kWh
	CO2eq:	0.0768 g
	0.0007 km travelled by car
	Time:	0:00:40
	Energy:	0.0008 kWh
	CO2eq:	0.0768 g
	0.0007 km travelled by car
___PO com 8 Treads_concluida___
___PO com 10 Treads___
Execution Time: 36.18879
Tempo total: 36194.447 ms
	Time:	0:00:36
	Energy:	0.0007 kWh
	CO2eq:	0.0730 g
	0.0007 km travelled by car
	Time:	0:00:36
	Energy:	0.0007 kWh
	CO2eq:	0.0730 g
	0.0007 km travelled by car
___PO com 10 Treads_concluida___
___PO com 12 Treads___
Execution Time: 34.41614
Tempo total: 34421.622 ms
	Time:	0:00:34
	Energy:	0.0007 kWh
	CO2eq:	0.0720 g
	0.0007 km travelled by car
	Time:	0:00:34
	Energy:	0.0007 kWh
	CO2eq:	0.0720 g
	0.0007 km travelled by car
___PO com 12 Treads_concluida___
___PO com 14 Treads___
Execution Time: 33.47925
Tempo total: 33484.765 ms
	Time:	0:00:33
	Energy:	0.0007 kWh
	CO2eq:	0.0719 g
	0.0007 km travelled by car
	Time:	0:00:33
	Energy:	0.0007 kWh
	CO2eq:	0.0719 g
	0.0007 km travelled by car
___PO com 14 Treads_concluida___
___PO com 16 Treads___
Execution Time: 35.39028
Tempo total: 35395.630 ms
	Time:	0:00:35
	Energy:	0.0008 kWh
	CO2eq:	0.0759 g
	0.0007 km travelled by car
	Time:	0:00:35
	Energy:	0.0008 kWh
	CO2eq:	0.0759 g
	0.0007 km travelled by car
___PO com 16 Treads_concluida___
___PO com 18 Treads___
Execution Time: 32.48796
Tempo total: 32493.415 ms
	Time:	0:00:32
	Energy:	0.0007 kWh
	CO2eq:	0.0717 g
	0.0007 km travelled by car
	Time:	0:00:32
	Energy:	0.0007 kWh
	CO2eq:	0.0717 g
	0.0007 km travelled by car
___PO com 18 Treads_concluida___
___PO com 20 Treads___
Execution Time: 33.01709
Tempo total: 33022.576 ms
	Time:	0:00:33
	Energy:	0.0007 kWh
	CO2eq:	0.0698 g
	0.0006 km travelled by car
	Time:	0:00:33
	Energy:	0.0007 kWh
	CO2eq:	0.0702 g
	0.0007 km travelled by car
___PO com 20 Treads_concluida___
___PO com 22 Treads___
Execution Time: 33.09774
Tempo total: 33103.183 ms
	Time:	0:00:33
	Energy:	0.0008 kWh
	CO2eq:	0.0767 g
	0.0007 km travelled by car
	Time:	0:00:33
	Energy:	0.0008 kWh
	CO2eq:	0.0767 g
	0.0007 km travelled by car
___PO com 22 Treads_concluida___
___PO com 24 Treads___
Execution Time: 33.13577
Tempo total: 33141.231 ms
	Time:	0:00:33
	Energy:	0.0008 kWh
	CO2eq:	0.0787 g
	0.0007 km travelled by car
	Time:	0:00:33
	Energy:	0.0008 kWh
	CO2eq:	0.0787 g
	0.0007 km travelled by car
___PO com 24 Treads_concluida___
___PO com 26 Treads___
Execution Time: 32.08557
Tempo total: 32090.853 ms
	Time:	0:00:32
	Energy:	0.0008 kWh
	CO2eq:	0.0779 g
	0.0007 km travelled by car
	Time:	0:00:32
	Energy:	0.0008 kWh
	CO2eq:	0.0779 g
	0.0007 km travelled by car
___PO com 26 Treads_concluida___
___PO com 28 Treads___
Execution Time: 32.66461
Tempo total: 32669.906 ms
	Time:	0:00:33
	Energy:	0.0008 kWh
	CO2eq:	0.0814 g
	0.0008 km travelled by car
	Time:	0:00:33
	Energy:	0.0008 kWh
	CO2eq:	0.0814 g
	0.0008 km travelled by car
___PO com 28 Treads_concluida___
___PO com 30 Treads___
Execution Time: 33.21826
Tempo total: 33224.030 ms
	Time:	0:00:33
	Energy:	0.0009 kWh
	CO2eq:	0.0843 g
	0.0008 km travelled by car
	Time:	0:00:33
	Energy:	0.0009 kWh
	CO2eq:	0.0843 g
	0.0008 km travelled by car
___PO com 30 Treads_concluida___
___PO com 32 Treads___
Execution Time: 33.34340
Tempo total: 33349.273 ms
	Time:	0:00:33
	Energy:	0.0009 kWh
	CO2eq:	0.0856 g
	0.0008 km travelled by car
	Time:	0:00:33
	Energy:	0.0009 kWh
	CO2eq:	0.0856 g
	0.0008 km travelled by car
___PO com 32 Treads_concluida___
___PO com 34 Treads___
Execution Time: 33.67561
Tempo total: 33681.221 ms
	Time:	0:00:34
	Energy:	0.0009 kWh
	CO2eq:	0.0880 g
	0.0008 km travelled by car
	Time:	0:00:34
	Energy:	0.0009 kWh
	CO2eq:	0.0880 g
	0.0008 km travelled by car
___PO com 34 Treads_concluida___
___PO com 36 Treads___
Execution Time: 33.48569
Tempo total: 33491.298 ms
	Time:	0:00:33
	Energy:	0.0009 kWh
	CO2eq:	0.0900 g
	0.0008 km travelled by car
	Time:	0:00:33
	Energy:	0.0009 kWh
	CO2eq:	0.0900 g
	0.0008 km travelled by car
___PO com 36 Treads_concluida___
___PO com 38 Treads___
Execution Time: 38.26588
Tempo total: 38271.499 ms
	Time:	0:00:38
	Energy:	0.0010 kWh
	CO2eq:	0.0963 g
	0.0009 km travelled by car
	Time:	0:00:38
	Energy:	0.0010 kWh
	CO2eq:	0.0963 g
	0.0009 km travelled by car
___PO com 38 Treads_concluida___
___PO com 40 Treads___
Execution Time: 35.29515
Tempo total: 35300.632 ms
	Time:	0:00:35
	Energy:	0.0010 kWh
	CO2eq:	0.0949 g
	0.0009 km travelled by car
	Time:	0:00:35
	Energy:	0.0010 kWh
	CO2eq:	0.0949 g
	0.0009 km travelled by car
___PO com 40 Treads_concluida___
___PO com 42 Treads___
Execution Time: 34.43403
Tempo total: 34439.903 ms
	Time:	0:00:34
	Energy:	0.0010 kWh
	CO2eq:	0.0948 g
	0.0009 km travelled by car
	Time:	0:00:34
	Energy:	0.0010 kWh
	CO2eq:	0.0948 g
	0.0009 km travelled by car
___PO com 42 Treads_concluida___
___PO com 44 Treads___
Execution Time: 36.78422
Tempo total: 36789.908 ms
	Time:	0:00:37
	Energy:	0.0010 kWh
	CO2eq:	0.1013 g
	0.0009 km travelled by car
	Time:	0:00:37
	Energy:	0.0010 kWh
	CO2eq:	0.1013 g
	0.0009 km travelled by car
___PO com 44 Treads_concluida___
___PO com 46 Treads___
Execution Time: 37.67881
Tempo total: 37685.008 ms
	Time:	0:00:38
	Energy:	0.0011 kWh
	CO2eq:	0.1035 g
	0.0010 km travelled by car
	Time:	0:00:38
	Energy:	0.0011 kWh
	CO2eq:	0.1035 g
	0.0010 km travelled by car
___PO com 46 Treads_concluida___
___PO com 48 Treads___
Execution Time: 39.95642
Tempo total: 39962.016 ms
	Time:	0:00:40
	Energy:	0.0011 kWh
	CO2eq:	0.1094 g
	0.0010 km travelled by car
	Time:	0:00:40
	Energy:	0.0011 kWh
	CO2eq:	0.1094 g
	0.0010 km travelled by car
___PO com 48 Treads_concluida___
___PO com 50 Treads___
Execution Time: 37.23111
Tempo total: 37236.969 ms
	Time:	0:00:37
	Energy:	0.0011 kWh
	CO2eq:	0.1039 g
	0.0010 km travelled by car
	Time:	0:00:37
	Energy:	0.0011 kWh
	CO2eq:	0.1039 g
	0.0010 km travelled by car
___PO com 50 Treads_concluida___
___PO com 52 Treads___
Execution Time: 35.53444
Tempo total: 35540.341 ms
	Time:	0:00:36
	Energy:	0.0010 kWh
	CO2eq:	0.1010 g
	0.0009 km travelled by car
	Time:	0:00:36
	Energy:	0.0010 kWh
	CO2eq:	0.1010 g
	0.0009 km travelled by car
___PO com 52 Treads_concluida___
___PO com 54 Treads___
Execution Time: 38.52858
Tempo total: 38534.489 ms
	Time:	0:00:39
	Energy:	0.0011 kWh
	CO2eq:	0.1064 g
	0.0010 km travelled by car
	Time:	0:00:39
	Energy:	0.0011 kWh
	CO2eq:	0.1064 g
	0.0010 km travelled by car
___PO com 54 Treads_concluida___
___PO com 56 Treads___
Execution Time: 38.09559
Tempo total: 38101.623 ms
	Time:	0:00:38
	Energy:	0.0011 kWh
	CO2eq:	0.1064 g
	0.0010 km travelled by car
	Time:	0:00:38
	Energy:	0.0011 kWh
	CO2eq:	0.1064 g
	0.0010 km travelled by car
___PO com 56 Treads_concluida___
___PO com 58 Treads___
Execution Time: 36.68932
Tempo total: 36695.218 ms
	Time:	0:00:37
	Energy:	0.0011 kWh
	CO2eq:	0.1046 g
	0.0010 km travelled by car
	Time:	0:00:37
	Energy:	0.0011 kWh
	CO2eq:	0.1046 g
	0.0010 km travelled by car
___PO com 58 Treads_concluida___
___PO com 60 Treads___
Execution Time: 34.48091
Tempo total: 34487.112 ms
	Time:	0:00:34
	Energy:	0.0010 kWh
	CO2eq:	0.0961 g
	0.0009 km travelled by car
	Time:	0:00:34
	Energy:	0.0010 kWh
	CO2eq:	0.0961 g
	0.0009 km travelled by car
___PO com 60 Treads_concluida___
___PO com 62 Treads___
Execution Time: 35.38537
Tempo total: 35391.479 ms
	Time:	0:00:35
	Energy:	0.0010 kWh
	CO2eq:	0.1017 g
	0.0009 km travelled by car
	Time:	0:00:35
	Energy:	0.0010 kWh
	CO2eq:	0.1017 g
	0.0009 km travelled by car
___PO com 62 Treads_concluida___
___PO com 64 Treads___
Execution Time: 33.63528
Tempo total: 33641.412 ms
	Time:	0:00:34
	Energy:	0.0010 kWh
	CO2eq:	0.0998 g
	0.0009 km travelled by car
	Time:	0:00:34
	Energy:	0.0010 kWh
	CO2eq:	0.0998 g
	0.0009 km travelled by car
___PO com 64 Treads_concluida___
___PO com 66 Treads___
Execution Time: 34.81633
Tempo total: 34822.148 ms
	Time:	0:00:35
	Energy:	0.0010 kWh
	CO2eq:	0.1020 g
	0.0009 km travelled by car
	Time:	0:00:35
	Energy:	0.0010 kWh
	CO2eq:	0.1020 g
	0.0009 km travelled by car
___PO com 66 Treads_concluida___
___PO com 68 Treads___
Execution Time: 33.31180
Tempo total: 33318.049 ms
	Time:	0:00:33
	Energy:	0.0010 kWh
	CO2eq:	0.0993 g
	0.0009 km travelled by car
	Time:	0:00:33
	Energy:	0.0010 kWh
	CO2eq:	0.0993 g
	0.0009 km travelled by car
___PO com 68 Treads_concluida___
___PO com 70 Treads___
Execution Time: 32.98352
Tempo total: 32989.685 ms
	Time:	0:00:33
	Energy:	0.0010 kWh
	CO2eq:	0.0988 g
	0.0009 km travelled by car
	Time:	0:00:33
	Energy:	0.0010 kWh
	CO2eq:	0.0985 g
	0.0009 km travelled by car
___PO com 70 Treads_concluida___
___PO com 72 Treads___
Execution Time: 33.93109
Tempo total: 33936.893 ms
	Time:	0:00:34
	Energy:	0.0010 kWh
	CO2eq:	0.1006 g
	0.0009 km travelled by car
	Time:	0:00:34
	Energy:	0.0010 kWh
	CO2eq:	0.1006 g
	0.0009 km travelled by car
___PO com 72 Treads_concluida___
___PO com 74 Treads___
Execution Time: 34.96433
Tempo total: 34970.316 ms
	Time:	0:00:35
	Energy:	0.0011 kWh
	CO2eq:	0.1042 g
	0.0010 km travelled by car
	Time:	0:00:35
	Energy:	0.0011 kWh
	CO2eq:	0.1034 g
	0.0010 km travelled by car
___PO com 74 Treads_concluida___
___PO com 76 Treads___
Execution Time: 33.80725
Tempo total: 33813.394 ms
	Time:	0:00:34
	Energy:	0.0010 kWh
	CO2eq:	0.1014 g
	0.0009 km travelled by car
	Time:	0:00:34
	Energy:	0.0010 kWh
	CO2eq:	0.1014 g
	0.0009 km travelled by car
___PO com 76 Treads_concluida___
___PO com 78 Treads___
Execution Time: 35.25325
Tempo total: 35259.065 ms
	Time:	0:00:35
	Energy:	0.0011 kWh
	CO2eq:	0.1048 g
	0.0010 km travelled by car
	Time:	0:00:35
	Energy:	0.0011 kWh
	CO2eq:	0.1048 g
	0.0010 km travelled by car
___PO com 78 Treads_concluida___
___PO com 80 Treads___
Execution Time: 33.41931
Tempo total: 33425.141 ms
	Time:	0:00:33
	Energy:	0.0010 kWh
	CO2eq:	0.1013 g
	0.0009 km travelled by car
	Time:	0:00:33
	Energy:	0.0010 kWh
	CO2eq:	0.1013 g
	0.0009 km travelled by car
___PO com 80 Treads_concluida___
___PO com 82 Treads___
Execution Time: 33.00753
Tempo total: 33013.657 ms
	Time:	0:00:33
	Energy:	0.0010 kWh
	CO2eq:	0.1008 g
	0.0009 km travelled by car
	Time:	0:00:33
	Energy:	0.0010 kWh
	CO2eq:	0.1005 g
	0.0009 km travelled by car
___PO com 82 Treads_concluida___
___PO com 84 Treads___
Execution Time: 32.69384
Tempo total: 32699.780 ms
	Time:	0:00:33
	Energy:	0.0010 kWh
	CO2eq:	0.1001 g
	0.0009 km travelled by car
	Time:	0:00:33
	Energy:	0.0010 kWh
	CO2eq:	0.1001 g
	0.0009 km travelled by car
___PO com 84 Treads_concluida___
___PO com 86 Treads___
Execution Time: 33.25541
Tempo total: 33261.574 ms
	Time:	0:00:33
	Energy:	0.0010 kWh
	CO2eq:	0.1015 g
	0.0009 km travelled by car
	Time:	0:00:33
	Energy:	0.0010 kWh
	CO2eq:	0.1015 g
	0.0009 km travelled by car
___PO com 86 Treads_concluida___
___PO com 88 Treads___
Execution Time: 31.67406
Tempo total: 31680.774 ms
	Time:	0:00:32
	Energy:	0.0010 kWh
	CO2eq:	0.0985 g
	0.0009 km travelled by car
	Time:	0:00:32
	Energy:	0.0010 kWh
	CO2eq:	0.0985 g
	0.0009 km travelled by car
___PO com 88 Treads_concluida___
___Fim de PO___:

