Numero de CPUs logicos (threads): 88
Numero de núcleos fisicos: 22
Start -> PO
compilando PO...
___Executando PO___:
___PO com 2 Treads___
Execution Time: 120.31444
Tempo total: 120320.275 ms
	Time:	0:02:00
	Energy:	0.0016 kWh
	CO2eq:	0.1616 g
	0.0015 km travelled by car
	Time:	0:02:00
	Energy:	0.0016 kWh
	CO2eq:	0.1616 g
	0.0015 km travelled by car
___PO com 2 Treads_concluida___
___PO com 4 Treads___
Execution Time: 64.15562
Tempo total: 64161.201 ms
	Time:	0:01:04
	Energy:	0.0011 kWh
	CO2eq:	0.1036 g
	0.0010 km travelled by car
	Time:	0:01:04
	Energy:	0.0011 kWh
	CO2eq:	0.1036 g
	0.0010 km travelled by car
___PO com 4 Treads_concluida___
___PO com 6 Treads___
Execution Time: 46.29892
Tempo total: 46304.660 ms
	Time:	0:00:46
	Energy:	0.0008 kWh
	CO2eq:	0.0833 g
	0.0008 km travelled by car
	Time:	0:00:46
	Energy:	0.0008 kWh
	CO2eq:	0.0833 g
	0.0008 km travelled by car
___PO com 6 Treads_concluida___
___PO com 8 Treads___
Execution Time: 39.97500
Tempo total: 39980.434 ms
	Time:	0:00:40
	Energy:	0.0008 kWh
	CO2eq:	0.0771 g
	0.0007 km travelled by car
	Time:	0:00:40
	Energy:	0.0008 kWh
	CO2eq:	0.0771 g
	0.0007 km travelled by car
___PO com 8 Treads_concluida___
___PO com 10 Treads___
Execution Time: 38.31065
Tempo total: 38316.092 ms
	Time:	0:00:38
	Energy:	0.0008 kWh
	CO2eq:	0.0765 g
	0.0007 km travelled by car
	Time:	0:00:38
	Energy:	0.0008 kWh
	CO2eq:	0.0765 g
	0.0007 km travelled by car
___PO com 10 Treads_concluida___
___PO com 12 Treads___
Execution Time: 35.48385
Tempo total: 35489.398 ms
	Time:	0:00:35
	Energy:	0.0007 kWh
	CO2eq:	0.0737 g
	0.0007 km travelled by car
	Time:	0:00:35
	Energy:	0.0007 kWh
	CO2eq:	0.0737 g
	0.0007 km travelled by car
___PO com 12 Treads_concluida___
___PO com 14 Treads___
Execution Time: 34.35253
Tempo total: 34358.129 ms
	Time:	0:00:34
	Energy:	0.0007 kWh
	CO2eq:	0.0731 g
	0.0007 km travelled by car
	Time:	0:00:34
	Energy:	0.0007 kWh
	CO2eq:	0.0731 g
	0.0007 km travelled by car
___PO com 14 Treads_concluida___
___PO com 16 Treads___
Execution Time: 36.59355
Tempo total: 36599.259 ms
	Time:	0:00:37
	Energy:	0.0008 kWh
	CO2eq:	0.0781 g
	0.0007 km travelled by car
	Time:	0:00:37
	Energy:	0.0008 kWh
	CO2eq:	0.0781 g
	0.0007 km travelled by car
___PO com 16 Treads_concluida___
___PO com 18 Treads___
Execution Time: 32.84608
Tempo total: 32851.582 ms
	Time:	0:00:33
	Energy:	0.0007 kWh
	CO2eq:	0.0724 g
	0.0007 km travelled by car
	Time:	0:00:33
	Energy:	0.0007 kWh
	CO2eq:	0.0724 g
	0.0007 km travelled by car
___PO com 18 Treads_concluida___
___PO com 20 Treads___
Execution Time: 33.28909
Tempo total: 33294.842 ms
	Time:	0:00:33
	Energy:	0.0008 kWh
	CO2eq:	0.0751 g
	0.0007 km travelled by car
	Time:	0:00:33
	Energy:	0.0008 kWh
	CO2eq:	0.0751 g
	0.0007 km travelled by car
___PO com 20 Treads_concluida___
___PO com 22 Treads___
Execution Time: 33.52854
Tempo total: 33533.990 ms
	Time:	0:00:34
	Energy:	0.0008 kWh
	CO2eq:	0.0775 g
	0.0007 km travelled by car
	Time:	0:00:34
	Energy:	0.0008 kWh
	CO2eq:	0.0775 g
	0.0007 km travelled by car
___PO com 22 Treads_concluida___
___PO com 24 Treads___
Execution Time: 33.62403
Tempo total: 33629.647 ms
	Time:	0:00:34
	Energy:	0.0008 kWh
	CO2eq:	0.0793 g
	0.0007 km travelled by car
	Time:	0:00:34
	Energy:	0.0008 kWh
	CO2eq:	0.0793 g
	0.0007 km travelled by car
___PO com 24 Treads_concluida___
___PO com 26 Treads___
Execution Time: 32.99348
Tempo total: 32998.955 ms
	Time:	0:00:33
	Energy:	0.0008 kWh
	CO2eq:	0.0800 g
	0.0007 km travelled by car
	Time:	0:00:33
	Energy:	0.0008 kWh
	CO2eq:	0.0800 g
	0.0007 km travelled by car
___PO com 26 Treads_concluida___
___PO com 28 Treads___
Execution Time: 33.46851
Tempo total: 33474.033 ms
	Time:	0:00:33
	Energy:	0.0008 kWh
	CO2eq:	0.0829 g
	0.0008 km travelled by car
	Time:	0:00:33
	Energy:	0.0008 kWh
	CO2eq:	0.0829 g
	0.0008 km travelled by car
___PO com 28 Treads_concluida___
___PO com 30 Treads___
Execution Time: 34.32364
Tempo total: 34329.226 ms
	Time:	0:00:34
	Energy:	0.0009 kWh
	CO2eq:	0.0866 g
	0.0008 km travelled by car
	Time:	0:00:34
	Energy:	0.0009 kWh
	CO2eq:	0.0866 g
	0.0008 km travelled by car
___PO com 30 Treads_concluida___
___PO com 32 Treads___
Execution Time: 34.05462
Tempo total: 34059.911 ms
	Time:	0:00:34
	Energy:	0.0009 kWh
	CO2eq:	0.0863 g
	0.0008 km travelled by car
	Time:	0:00:34
	Energy:	0.0009 kWh
	CO2eq:	0.0863 g
	0.0008 km travelled by car
___PO com 32 Treads_concluida___
___PO com 34 Treads___
Execution Time: 34.98261
Tempo total: 34988.445 ms
	Time:	0:00:35
	Energy:	0.0009 kWh
	CO2eq:	0.0904 g
	0.0008 km travelled by car
	Time:	0:00:35
	Energy:	0.0009 kWh
	CO2eq:	0.0904 g
	0.0008 km travelled by car
___PO com 34 Treads_concluida___
___PO com 36 Treads___
Execution Time: 35.99798
Tempo total: 36003.719 ms
	Time:	0:00:36
	Energy:	0.0010 kWh
	CO2eq:	0.0936 g
	0.0009 km travelled by car
	Time:	0:00:36
	Energy:	0.0010 kWh
	CO2eq:	0.0936 g
	0.0009 km travelled by car
___PO com 36 Treads_concluida___
___PO com 38 Treads___
Execution Time: 34.35159
Tempo total: 34357.184 ms
	Time:	0:00:34
	Energy:	0.0009 kWh
	CO2eq:	0.0923 g
	0.0009 km travelled by car
	Time:	0:00:34
	Energy:	0.0009 kWh
	CO2eq:	0.0923 g
	0.0009 km travelled by car
___PO com 38 Treads_concluida___
___PO com 40 Treads___
Execution Time: 34.91640
Tempo total: 34921.794 ms
	Time:	0:00:35
	Energy:	0.0009 kWh
	CO2eq:	0.0934 g
	0.0009 km travelled by car
	Time:	0:00:35
	Energy:	0.0009 kWh
	CO2eq:	0.0932 g
	0.0009 km travelled by car
___PO com 40 Treads_concluida___
___PO com 42 Treads___
Execution Time: 36.42926
Tempo total: 36435.022 ms
	Time:	0:00:36
	Energy:	0.0010 kWh
	CO2eq:	0.0995 g
	0.0009 km travelled by car
	Time:	0:00:36
	Energy:	0.0010 kWh
	CO2eq:	0.0995 g
	0.0009 km travelled by car
___PO com 42 Treads_concluida___
___PO com 44 Treads___
Execution Time: 34.78686
Tempo total: 34792.610 ms
	Time:	0:00:35
	Energy:	0.0010 kWh
	CO2eq:	0.0968 g
	0.0009 km travelled by car
	Time:	0:00:35
	Energy:	0.0010 kWh
	CO2eq:	0.0968 g
	0.0009 km travelled by car
___PO com 44 Treads_concluida___
___PO com 46 Treads___
Execution Time: 37.58020
Tempo total: 37585.972 ms
	Time:	0:00:38
	Energy:	0.0011 kWh
	CO2eq:	0.1041 g
	0.0010 km travelled by car
	Time:	0:00:38
	Energy:	0.0011 kWh
	CO2eq:	0.1041 g
	0.0010 km travelled by car
___PO com 46 Treads_concluida___
___PO com 48 Treads___
Execution Time: 37.22263
Tempo total: 37228.204 ms
	Time:	0:00:37
	Energy:	0.0011 kWh
	CO2eq:	0.1040 g
	0.0010 km travelled by car
	Time:	0:00:37
	Energy:	0.0011 kWh
	CO2eq:	0.1040 g
	0.0010 km travelled by car
___PO com 48 Treads_concluida___
___PO com 50 Treads___
Execution Time: 38.50216
Tempo total: 38508.289 ms
	Time:	0:00:39
	Energy:	0.0011 kWh
	CO2eq:	0.1051 g
	0.0010 km travelled by car
	Time:	0:00:39
	Energy:	0.0011 kWh
	CO2eq:	0.1051 g
	0.0010 km travelled by car
___PO com 50 Treads_concluida___
___PO com 52 Treads___
Execution Time: 36.42175
Tempo total: 36427.400 ms
	Time:	0:00:36
	Energy:	0.0010 kWh
	CO2eq:	0.1022 g
	0.0010 km travelled by car
	Time:	0:00:36
	Energy:	0.0010 kWh
	CO2eq:	0.1022 g
	0.0010 km travelled by car
___PO com 52 Treads_concluida___
___PO com 54 Treads___
Execution Time: 37.76524
Tempo total: 37771.407 ms
	Time:	0:00:38
	Energy:	0.0011 kWh
	CO2eq:	0.1066 g
	0.0010 km travelled by car
	Time:	0:00:38
	Energy:	0.0011 kWh
	CO2eq:	0.1066 g
	0.0010 km travelled by car
___PO com 54 Treads_concluida___
___PO com 56 Treads___
Execution Time: 34.42762
Tempo total: 34433.714 ms
	Time:	0:00:34
	Energy:	0.0010 kWh
	CO2eq:	0.1006 g
	0.0009 km travelled by car
	Time:	0:00:34
	Energy:	0.0010 kWh
	CO2eq:	0.1006 g
	0.0009 km travelled by car
___PO com 56 Treads_concluida___
___PO com 58 Treads___
Execution Time: 35.48366
Tempo total: 35489.754 ms
	Time:	0:00:35
	Energy:	0.0010 kWh
	CO2eq:	0.1023 g
	0.0010 km travelled by car
	Time:	0:00:35
	Energy:	0.0010 kWh
	CO2eq:	0.1023 g
	0.0010 km travelled by car
___PO com 58 Treads_concluida___
___PO com 60 Treads___
Execution Time: 35.76147
Tempo total: 35767.216 ms
	Time:	0:00:36
	Energy:	0.0011 kWh
	CO2eq:	0.1040 g
	0.0010 km travelled by car
	Time:	0:00:36
	Energy:	0.0011 kWh
	CO2eq:	0.1040 g
	0.0010 km travelled by car
___PO com 60 Treads_concluida___
___PO com 62 Treads___
Execution Time: 36.18587
Tempo total: 36191.456 ms
	Time:	0:00:36
	Energy:	0.0011 kWh
	CO2eq:	0.1034 g
	0.0010 km travelled by car
	Time:	0:00:36
	Energy:	0.0011 kWh
	CO2eq:	0.1034 g
	0.0010 km travelled by car
___PO com 62 Treads_concluida___
___PO com 64 Treads___
Execution Time: 37.89174
Tempo total: 37897.597 ms
	Time:	0:00:38
	Energy:	0.0011 kWh
	CO2eq:	0.1093 g
	0.0010 km travelled by car
	Time:	0:00:38
	Energy:	0.0011 kWh
	CO2eq:	0.1093 g
	0.0010 km travelled by car
___PO com 64 Treads_concluida___
___PO com 66 Treads___
Execution Time: 34.50834
Tempo total: 34513.976 ms
	Time:	0:00:35
	Energy:	0.0010 kWh
	CO2eq:	0.1010 g
	0.0009 km travelled by car
	Time:	0:00:35
	Energy:	0.0010 kWh
	CO2eq:	0.1010 g
	0.0009 km travelled by car
___PO com 66 Treads_concluida___
___PO com 68 Treads___
Execution Time: 35.70283
Tempo total: 35708.913 ms
	Time:	0:00:36
	Energy:	0.0011 kWh
	CO2eq:	0.1049 g
	0.0010 km travelled by car
	Time:	0:00:36
	Energy:	0.0011 kWh
	CO2eq:	0.1049 g
	0.0010 km travelled by car
___PO com 68 Treads_concluida___
___PO com 70 Treads___
Execution Time: 37.33519
Tempo total: 37340.890 ms
	Time:	0:00:37
	Energy:	0.0011 kWh
	CO2eq:	0.1086 g
	0.0010 km travelled by car
	Time:	0:00:37
	Energy:	0.0011 kWh
	CO2eq:	0.1086 g
	0.0010 km travelled by car
___PO com 70 Treads_concluida___
___PO com 72 Treads___
Execution Time: 36.65618
Tempo total: 36662.847 ms
	Time:	0:00:37
	Energy:	0.0011 kWh
	CO2eq:	0.1074 g
	0.0010 km travelled by car
	Time:	0:00:37
	Energy:	0.0011 kWh
	CO2eq:	0.1074 g
	0.0010 km travelled by car
___PO com 72 Treads_concluida___
___PO com 74 Treads___
Execution Time: 32.78506
Tempo total: 32790.860 ms
	Time:	0:00:33
	Energy:	0.0010 kWh
	CO2eq:	0.0989 g
	0.0009 km travelled by car
	Time:	0:00:33
	Energy:	0.0010 kWh
	CO2eq:	0.0989 g
	0.0009 km travelled by car
___PO com 74 Treads_concluida___
___PO com 76 Treads___
Execution Time: 33.02552
Tempo total: 33031.382 ms
	Time:	0:00:33
	Energy:	0.0010 kWh
	CO2eq:	0.0997 g
	0.0009 km travelled by car
	Time:	0:00:33
	Energy:	0.0010 kWh
	CO2eq:	0.0995 g
	0.0009 km travelled by car
___PO com 76 Treads_concluida___
___PO com 78 Treads___
Execution Time: 34.95208
Tempo total: 34958.081 ms
	Time:	0:00:35
	Energy:	0.0011 kWh
	CO2eq:	0.1047 g
	0.0010 km travelled by car
	Time:	0:00:35
	Energy:	0.0011 kWh
	CO2eq:	0.1041 g
	0.0010 km travelled by car
___PO com 78 Treads_concluida___
___PO com 80 Treads___
Execution Time: 35.10544
Tempo total: 35111.111 ms
	Time:	0:00:35
	Energy:	0.0011 kWh
	CO2eq:	0.1052 g
	0.0010 km travelled by car
	Time:	0:00:35
	Energy:	0.0011 kWh
	CO2eq:	0.1053 g
	0.0010 km travelled by car
___PO com 80 Treads_concluida___
___PO com 82 Treads___
Execution Time: 33.32051
Tempo total: 33326.588 ms
	Time:	0:00:33
	Energy:	0.0010 kWh
	CO2eq:	0.1012 g
	0.0009 km travelled by car
	Time:	0:00:33
	Energy:	0.0010 kWh
	CO2eq:	0.1012 g
	0.0009 km travelled by car
___PO com 82 Treads_concluida___
___PO com 84 Treads___
Execution Time: 34.79792
Tempo total: 34803.801 ms
	Time:	0:00:35
	Energy:	0.0011 kWh
	CO2eq:	0.1053 g
	0.0010 km travelled by car
	Time:	0:00:35
	Energy:	0.0011 kWh
	CO2eq:	0.1037 g
	0.0010 km travelled by car
___PO com 84 Treads_concluida___
___PO com 86 Treads___
Execution Time: 33.40040
Tempo total: 33406.811 ms
	Time:	0:00:33
	Energy:	0.0010 kWh
	CO2eq:	0.1028 g
	0.0010 km travelled by car
	Time:	0:00:33
	Energy:	0.0010 kWh
	CO2eq:	0.1028 g
	0.0010 km travelled by car
___PO com 86 Treads_concluida___
___PO com 88 Treads___
Execution Time: 35.98072
Tempo total: 35987.290 ms
	Time:	0:00:36
	Energy:	0.0011 kWh
	CO2eq:	0.1087 g
	0.0010 km travelled by car
	Time:	0:00:36
	Energy:	0.0011 kWh
	CO2eq:	0.1087 g
	0.0010 km travelled by car
___PO com 88 Treads_concluida___
___Fim de PO___:

