#0 building with "default" instance using docker driver

#1 [internal] load build definition from Dockerfile
#1 transferring dockerfile: 1.22kB done
#1 DONE 0.2s

#2 [internal] load .dockerignore
#2 transferring context: 2B done
#2 DONE 0.3s

#3 [internal] load metadata for docker.io/library/python:3.9
#3 DONE 2.2s

#4 [internal] load build context
#4 DONE 0.0s

#5 [1/7] FROM docker.io/library/python:3.9@sha256:bc2e05bca883473050fc3b7c134c28ab822be73126ba1ce29517d9e8b7f3703b
#5 resolve docker.io/library/python:3.9@sha256:bc2e05bca883473050fc3b7c134c28ab822be73126ba1ce29517d9e8b7f3703b
#5 resolve docker.io/library/python:3.9@sha256:bc2e05bca883473050fc3b7c134c28ab822be73126ba1ce29517d9e8b7f3703b 0.3s done
#5 DONE 0.3s

#4 [internal] load build context
#4 transferring context: 6.69MB 0.4s done
#4 DONE 0.6s

#6 [2/7] COPY /PO /app/
#6 CACHED

#7 [3/7] WORKDIR /app
#7 CACHED

#8 [4/7] RUN pip install --upgrade pip
#8 CACHED

#9 [5/7] RUN pip install carbontracker
#9 CACHED

#10 [6/7] RUN set +e && make clean || echo "Erro clean ignorado" && set -e
#10 CACHED

#11 [7/7] RUN set +e && make || echo "Erro make ignorado" && set -e
#11 CACHED

#12 exporting to image
#12 exporting layers done
#12 writing image sha256:1bfd49788f248d45a712588c888f6b60532c11128fdaaa66e84bdec083f1b380
#12 writing image sha256:1bfd49788f248d45a712588c888f6b60532c11128fdaaa66e84bdec083f1b380 0.1s done
#12 naming to docker.io/library/app_po 0.0s done
#12 DONE 0.1s
