Numero de CPUs logicos (threads): 88
Numero de núcleos fisicos: 22
Start -> PO
compilando PO...
___Executando PO___:
___PO com 2 Treads___
Execution Time: 119.31955
Tempo total: 119325.468 ms
	Time:	0:01:59
	Energy:	0.0016 kWh
	CO2eq:	0.1611 g
	0.0015 km travelled by car
	Time:	0:01:59
	Energy:	0.0016 kWh
	CO2eq:	0.1611 g
	0.0015 km travelled by car
___PO com 2 Treads_concluida___
___PO com 4 Treads___
Execution Time: 65.34360
Tempo total: 65349.144 ms
	Time:	0:01:05
	Energy:	0.0011 kWh
	CO2eq:	0.1061 g
	0.0010 km travelled by car
	Time:	0:01:05
	Energy:	0.0011 kWh
	CO2eq:	0.1061 g
	0.0010 km travelled by car
___PO com 4 Treads_concluida___
___PO com 6 Treads___
Execution Time: 46.64104
Tempo total: 46646.417 ms
	Time:	0:00:47
	Energy:	0.0009 kWh
	CO2eq:	0.0841 g
	0.0008 km travelled by car
	Time:	0:00:47
	Energy:	0.0009 kWh
	CO2eq:	0.0841 g
	0.0008 km travelled by car
___PO com 6 Treads_concluida___
___PO com 8 Treads___
Execution Time: 40.68609
Tempo total: 40691.633 ms
	Time:	0:00:41
	Energy:	0.0008 kWh
	CO2eq:	0.0783 g
	0.0007 km travelled by car
	Time:	0:00:41
	Energy:	0.0008 kWh
	CO2eq:	0.0783 g
	0.0007 km travelled by car
___PO com 8 Treads_concluida___
___PO com 10 Treads___
Execution Time: 35.74206
Tempo total: 35747.610 ms
	Time:	0:00:36
	Energy:	0.0007 kWh
	CO2eq:	0.0728 g
	0.0007 km travelled by car
	Time:	0:00:36
	Energy:	0.0007 kWh
	CO2eq:	0.0728 g
	0.0007 km travelled by car
___PO com 10 Treads_concluida___
___PO com 12 Treads___
Execution Time: 35.79978
Tempo total: 35805.195 ms
	Time:	0:00:36
	Energy:	0.0008 kWh
	CO2eq:	0.0741 g
	0.0007 km travelled by car
	Time:	0:00:36
	Energy:	0.0008 kWh
	CO2eq:	0.0741 g
	0.0007 km travelled by car
___PO com 12 Treads_concluida___
___PO com 14 Treads___
Execution Time: 34.62657
Tempo total: 34632.172 ms
	Time:	0:00:35
	Energy:	0.0007 kWh
	CO2eq:	0.0734 g
	0.0007 km travelled by car
	Time:	0:00:35
	Energy:	0.0007 kWh
	CO2eq:	0.0734 g
	0.0007 km travelled by car
___PO com 14 Treads_concluida___
___PO com 16 Treads___
Execution Time: 34.42967
Tempo total: 34435.066 ms
	Time:	0:00:34
	Energy:	0.0008 kWh
	CO2eq:	0.0742 g
	0.0007 km travelled by car
	Time:	0:00:34
	Energy:	0.0008 kWh
	CO2eq:	0.0742 g
	0.0007 km travelled by car
___PO com 16 Treads_concluida___
___PO com 18 Treads___
Execution Time: 32.60606
Tempo total: 32611.850 ms
	Time:	0:00:33
	Energy:	0.0007 kWh
	CO2eq:	0.0721 g
	0.0007 km travelled by car
	Time:	0:00:33
	Energy:	0.0007 kWh
	CO2eq:	0.0721 g
	0.0007 km travelled by car
___PO com 18 Treads_concluida___
___PO com 20 Treads___
Execution Time: 32.68345
Tempo total: 32689.077 ms
	Time:	0:00:33
	Energy:	0.0008 kWh
	CO2eq:	0.0739 g
	0.0007 km travelled by car
	Time:	0:00:33
	Energy:	0.0008 kWh
	CO2eq:	0.0739 g
	0.0007 km travelled by car
___PO com 20 Treads_concluida___
___PO com 22 Treads___
Execution Time: 33.40749
Tempo total: 33413.319 ms
	Time:	0:00:33
	Energy:	0.0008 kWh
	CO2eq:	0.0771 g
	0.0007 km travelled by car
	Time:	0:00:33
	Energy:	0.0008 kWh
	CO2eq:	0.0771 g
	0.0007 km travelled by car
___PO com 22 Treads_concluida___
___PO com 24 Treads___
Execution Time: 32.59337
Tempo total: 32598.829 ms
	Time:	0:00:33
	Energy:	0.0008 kWh
	CO2eq:	0.0774 g
	0.0007 km travelled by car
	Time:	0:00:33
	Energy:	0.0008 kWh
	CO2eq:	0.0774 g
	0.0007 km travelled by car
___PO com 24 Treads_concluida___
___PO com 26 Treads___
Execution Time: 34.02226
Tempo total: 34028.081 ms
	Time:	0:00:34
	Energy:	0.0008 kWh
	CO2eq:	0.0822 g
	0.0008 km travelled by car
	Time:	0:00:34
	Energy:	0.0008 kWh
	CO2eq:	0.0822 g
	0.0008 km travelled by car
___PO com 26 Treads_concluida___
___PO com 28 Treads___
Execution Time: 32.82932
Tempo total: 32834.820 ms
	Time:	0:00:33
	Energy:	0.0008 kWh
	CO2eq:	0.0811 g
	0.0008 km travelled by car
	Time:	0:00:33
	Energy:	0.0008 kWh
	CO2eq:	0.0811 g
	0.0008 km travelled by car
___PO com 28 Treads_concluida___
___PO com 30 Treads___
Execution Time: 33.42618
Tempo total: 33431.826 ms
	Time:	0:00:33
	Energy:	0.0009 kWh
	CO2eq:	0.0841 g
	0.0008 km travelled by car
	Time:	0:00:33
	Energy:	0.0009 kWh
	CO2eq:	0.0841 g
	0.0008 km travelled by car
___PO com 30 Treads_concluida___
___PO com 32 Treads___
Execution Time: 36.32015
Tempo total: 36325.601 ms
	Time:	0:00:36
	Energy:	0.0009 kWh
	CO2eq:	0.0918 g
	0.0009 km travelled by car
	Time:	0:00:36
	Energy:	0.0009 kWh
	CO2eq:	0.0918 g
	0.0009 km travelled by car
___PO com 32 Treads_concluida___
___PO com 34 Treads___
Execution Time: 33.88788
Tempo total: 33893.530 ms
	Time:	0:00:34
	Energy:	0.0009 kWh
	CO2eq:	0.0874 g
	0.0008 km travelled by car
	Time:	0:00:34
	Energy:	0.0009 kWh
	CO2eq:	0.0874 g
	0.0008 km travelled by car
___PO com 34 Treads_concluida___
___PO com 36 Treads___
Execution Time: 34.41574
Tempo total: 34421.197 ms
	Time:	0:00:34
	Energy:	0.0009 kWh
	CO2eq:	0.0903 g
	0.0008 km travelled by car
	Time:	0:00:34
	Energy:	0.0009 kWh
	CO2eq:	0.0903 g
	0.0008 km travelled by car
___PO com 36 Treads_concluida___
___PO com 38 Treads___
Execution Time: 34.68301
Tempo total: 34688.609 ms
	Time:	0:00:35
	Energy:	0.0009 kWh
	CO2eq:	0.0916 g
	0.0009 km travelled by car
	Time:	0:00:35
	Energy:	0.0009 kWh
	CO2eq:	0.0916 g
	0.0009 km travelled by car
___PO com 38 Treads_concluida___
___PO com 40 Treads___
Execution Time: 36.51978
Tempo total: 36525.314 ms
	Time:	0:00:37
	Energy:	0.0009 kWh
	CO2eq:	0.0922 g
	0.0009 km travelled by car
	Time:	0:00:37
	Energy:	0.0009 kWh
	CO2eq:	0.0922 g
	0.0009 km travelled by car
___PO com 40 Treads_concluida___
___PO com 42 Treads___
Execution Time: 35.39034
Tempo total: 35395.971 ms
	Time:	0:00:35
	Energy:	0.0010 kWh
	CO2eq:	0.0968 g
	0.0009 km travelled by car
	Time:	0:00:35
	Energy:	0.0010 kWh
	CO2eq:	0.0968 g
	0.0009 km travelled by car
___PO com 42 Treads_concluida___
___PO com 44 Treads___
Execution Time: 36.98318
Tempo total: 36989.254 ms
	Time:	0:00:37
	Energy:	0.0010 kWh
	CO2eq:	0.1008 g
	0.0009 km travelled by car
	Time:	0:00:37
	Energy:	0.0010 kWh
	CO2eq:	0.1009 g
	0.0009 km travelled by car
___PO com 44 Treads_concluida___
___PO com 46 Treads___
Execution Time: 39.96135
Tempo total: 39967.245 ms
	Time:	0:00:40
	Energy:	0.0011 kWh
	CO2eq:	0.1078 g
	0.0010 km travelled by car
	Time:	0:00:40
	Energy:	0.0011 kWh
	CO2eq:	0.1078 g
	0.0010 km travelled by car
___PO com 46 Treads_concluida___
___PO com 48 Treads___
Execution Time: 38.33566
Tempo total: 38341.517 ms
	Time:	0:00:38
	Energy:	0.0011 kWh
	CO2eq:	0.1053 g
	0.0010 km travelled by car
	Time:	0:00:38
	Energy:	0.0011 kWh
	CO2eq:	0.1053 g
	0.0010 km travelled by car
___PO com 48 Treads_concluida___
___PO com 50 Treads___
Execution Time: 38.42807
Tempo total: 38433.845 ms
	Time:	0:00:38
	Energy:	0.0011 kWh
	CO2eq:	0.1061 g
	0.0010 km travelled by car
	Time:	0:00:38
	Energy:	0.0011 kWh
	CO2eq:	0.1061 g
	0.0010 km travelled by car
___PO com 50 Treads_concluida___
___PO com 52 Treads___
Execution Time: 37.20158
Tempo total: 37207.135 ms
	Time:	0:00:37
	Energy:	0.0011 kWh
	CO2eq:	0.1042 g
	0.0010 km travelled by car
	Time:	0:00:37
	Energy:	0.0011 kWh
	CO2eq:	0.1042 g
	0.0010 km travelled by car
___PO com 52 Treads_concluida___
___PO com 54 Treads___
Execution Time: 36.56743
Tempo total: 36573.035 ms
	Time:	0:00:37
	Energy:	0.0010 kWh
	CO2eq:	0.1027 g
	0.0010 km travelled by car
	Time:	0:00:37
	Energy:	0.0010 kWh
	CO2eq:	0.1027 g
	0.0010 km travelled by car
___PO com 54 Treads_concluida___
___PO com 56 Treads___
Execution Time: 35.44253
Tempo total: 35448.696 ms
	Time:	0:00:35
	Energy:	0.0010 kWh
	CO2eq:	0.1015 g
	0.0009 km travelled by car
	Time:	0:00:35
	Energy:	0.0010 kWh
	CO2eq:	0.1015 g
	0.0009 km travelled by car
___PO com 56 Treads_concluida___
___PO com 58 Treads___
Execution Time: 35.33670
Tempo total: 35342.700 ms
	Time:	0:00:35
	Energy:	0.0010 kWh
	CO2eq:	0.1013 g
	0.0009 km travelled by car
	Time:	0:00:35
	Energy:	0.0010 kWh
	CO2eq:	0.1013 g
	0.0009 km travelled by car
___PO com 58 Treads_concluida___
___PO com 60 Treads___
Execution Time: 35.96777
Tempo total: 35973.975 ms
	Time:	0:00:36
	Energy:	0.0011 kWh
	CO2eq:	0.1037 g
	0.0010 km travelled by car
	Time:	0:00:36
	Energy:	0.0011 kWh
	CO2eq:	0.1037 g
	0.0010 km travelled by car
___PO com 60 Treads_concluida___
___PO com 62 Treads___
Execution Time: 34.42568
Tempo total: 34431.604 ms
	Time:	0:00:34
	Energy:	0.0010 kWh
	CO2eq:	0.1000 g
	0.0009 km travelled by car
	Time:	0:00:34
	Energy:	0.0010 kWh
	CO2eq:	0.1000 g
	0.0009 km travelled by car
___PO com 62 Treads_concluida___
___PO com 64 Treads___
Execution Time: 38.24576
Tempo total: 38251.372 ms
	Time:	0:00:38
	Energy:	0.0011 kWh
	CO2eq:	0.1087 g
	0.0010 km travelled by car
	Time:	0:00:38
	Energy:	0.0011 kWh
	CO2eq:	0.1087 g
	0.0010 km travelled by car
___PO com 64 Treads_concluida___
___PO com 66 Treads___
Execution Time: 32.36168
Tempo total: 32367.852 ms
	Time:	0:00:32
	Energy:	0.0010 kWh
	CO2eq:	0.0975 g
	0.0009 km travelled by car
	Time:	0:00:32
	Energy:	0.0010 kWh
	CO2eq:	0.0975 g
	0.0009 km travelled by car
___PO com 66 Treads_concluida___
___PO com 68 Treads___
Execution Time: 35.23917
Tempo total: 35245.199 ms
	Time:	0:00:35
	Energy:	0.0011 kWh
	CO2eq:	0.1038 g
	0.0010 km travelled by car
	Time:	0:00:35
	Energy:	0.0011 kWh
	CO2eq:	0.1038 g
	0.0010 km travelled by car
___PO com 68 Treads_concluida___
___PO com 70 Treads___
Execution Time: 35.58470
Tempo total: 35590.473 ms
	Time:	0:00:36
	Energy:	0.0011 kWh
	CO2eq:	0.1056 g
	0.0010 km travelled by car
	Time:	0:00:36
	Energy:	0.0011 kWh
	CO2eq:	0.1056 g
	0.0010 km travelled by car
___PO com 70 Treads_concluida___
___PO com 72 Treads___
Execution Time: 33.23051
Tempo total: 33236.496 ms
	Time:	0:00:33
	Energy:	0.0010 kWh
	CO2eq:	0.1003 g
	0.0009 km travelled by car
	Time:	0:00:33
	Energy:	0.0010 kWh
	CO2eq:	0.1003 g
	0.0009 km travelled by car
___PO com 72 Treads_concluida___
___PO com 74 Treads___
Execution Time: 36.80391
Tempo total: 36809.751 ms
	Time:	0:00:37
	Energy:	0.0011 kWh
	CO2eq:	0.1080 g
	0.0010 km travelled by car
	Time:	0:00:37
	Energy:	0.0011 kWh
	CO2eq:	0.1080 g
	0.0010 km travelled by car
___PO com 74 Treads_concluida___
___PO com 76 Treads___
Execution Time: 33.75575
Tempo total: 33762.001 ms
	Time:	0:00:34
	Energy:	0.0010 kWh
	CO2eq:	0.1019 g
	0.0009 km travelled by car
	Time:	0:00:34
	Energy:	0.0010 kWh
	CO2eq:	0.1019 g
	0.0009 km travelled by car
___PO com 76 Treads_concluida___
___PO com 78 Treads___
Execution Time: 33.52747
Tempo total: 33533.268 ms
	Time:	0:00:34
	Energy:	0.0010 kWh
	CO2eq:	0.1013 g
	0.0009 km travelled by car
	Time:	0:00:34
	Energy:	0.0010 kWh
	CO2eq:	0.1013 g
	0.0009 km travelled by car
___PO com 78 Treads_concluida___
___PO com 80 Treads___
Execution Time: 31.60590
Tempo total: 31612.289 ms
	Time:	0:00:32
	Energy:	0.0010 kWh
	CO2eq:	0.0974 g
	0.0009 km travelled by car
	Time:	0:00:32
	Energy:	0.0010 kWh
	CO2eq:	0.0974 g
	0.0009 km travelled by car
___PO com 80 Treads_concluida___
___PO com 82 Treads___
Execution Time: 33.82386
Tempo total: 33830.262 ms
	Time:	0:00:34
	Energy:	0.0010 kWh
	CO2eq:	0.1026 g
	0.0010 km travelled by car
	Time:	0:00:34
	Energy:	0.0010 kWh
	CO2eq:	0.1026 g
	0.0010 km travelled by car
___PO com 82 Treads_concluida___
___PO com 84 Treads___
Execution Time: 36.69297
Tempo total: 36699.337 ms
	Time:	0:00:37
	Energy:	0.0011 kWh
	CO2eq:	0.1094 g
	0.0010 km travelled by car
	Time:	0:00:37
	Energy:	0.0011 kWh
	CO2eq:	0.1094 g
	0.0010 km travelled by car
___PO com 84 Treads_concluida___
___PO com 86 Treads___
Execution Time: 36.16106
Tempo total: 36167.479 ms
	Time:	0:00:36
	Energy:	0.0011 kWh
	CO2eq:	0.1086 g
	0.0010 km travelled by car
	Time:	0:00:36
	Energy:	0.0011 kWh
	CO2eq:	0.1086 g
	0.0010 km travelled by car
___PO com 86 Treads_concluida___
___PO com 88 Treads___
Execution Time: 33.00626
Tempo total: 33012.715 ms
	Time:	0:00:33
	Energy:	0.0010 kWh
	CO2eq:	0.1013 g
	0.0009 km travelled by car
	Time:	0:00:33
	Energy:	0.0010 kWh
	CO2eq:	0.1008 g
	0.0009 km travelled by car
___PO com 88 Treads_concluida___
___Fim de PO___:

