Numero de CPUs logicos (threads): 88
Numero de núcleos fisicos: 22
Start -> PO
compilando PO...
___Executando PO___:
___PO com 2 Treads___
Execution Time: 117.33809
Tempo total: 117343.689 ms
	Time:	0:01:57
	Energy:	0.0016 kWh
	CO2eq:	0.1588 g
	0.0015 km travelled by car
	Time:	0:01:57
	Energy:	0.0016 kWh
	CO2eq:	0.1588 g
	0.0015 km travelled by car
___PO com 2 Treads_concluida___
___PO com 4 Treads___
Execution Time: 64.56313
Tempo total: 64568.588 ms
	Time:	0:01:05
	Energy:	0.0011 kWh
	CO2eq:	0.1048 g
	0.0010 km travelled by car
	Time:	0:01:05
	Energy:	0.0011 kWh
	CO2eq:	0.1048 g
	0.0010 km travelled by car
___PO com 4 Treads_concluida___
___PO com 6 Treads___
Execution Time: 47.96340
Tempo total: 47968.875 ms
	Time:	0:00:48
	Energy:	0.0009 kWh
	CO2eq:	0.0860 g
	0.0008 km travelled by car
	Time:	0:00:48
	Energy:	0.0009 kWh
	CO2eq:	0.0860 g
	0.0008 km travelled by car
___PO com 6 Treads_concluida___
___PO com 8 Treads___
Execution Time: 39.56009
Tempo total: 39565.757 ms
	Time:	0:00:40
	Energy:	0.0008 kWh
	CO2eq:	0.0766 g
	0.0007 km travelled by car
	Time:	0:00:40
	Energy:	0.0008 kWh
	CO2eq:	0.0766 g
	0.0007 km travelled by car
___PO com 8 Treads_concluida___
___PO com 10 Treads___
Execution Time: 37.71903
Tempo total: 37724.429 ms
	Time:	0:00:38
	Energy:	0.0008 kWh
	CO2eq:	0.0758 g
	0.0007 km travelled by car
	Time:	0:00:38
	Energy:	0.0008 kWh
	CO2eq:	0.0758 g
	0.0007 km travelled by car
___PO com 10 Treads_concluida___
___PO com 12 Treads___
Execution Time: 33.92148
Tempo total: 33927.161 ms
	Time:	0:00:34
	Energy:	0.0007 kWh
	CO2eq:	0.0712 g
	0.0007 km travelled by car
	Time:	0:00:34
	Energy:	0.0007 kWh
	CO2eq:	0.0712 g
	0.0007 km travelled by car
___PO com 12 Treads_concluida___
___PO com 14 Treads___
Execution Time: 33.06157
Tempo total: 33067.376 ms
	Time:	0:00:33
	Energy:	0.0007 kWh
	CO2eq:	0.0709 g
	0.0007 km travelled by car
	Time:	0:00:33
	Energy:	0.0007 kWh
	CO2eq:	0.0709 g
	0.0007 km travelled by car
___PO com 14 Treads_concluida___
___PO com 16 Treads___
Execution Time: 33.66486
Tempo total: 33670.140 ms
	Time:	0:00:34
	Energy:	0.0007 kWh
	CO2eq:	0.0728 g
	0.0007 km travelled by car
	Time:	0:00:34
	Energy:	0.0007 kWh
	CO2eq:	0.0728 g
	0.0007 km travelled by car
___PO com 16 Treads_concluida___
___PO com 18 Treads___
Execution Time: 35.21887
Tempo total: 35224.386 ms
	Time:	0:00:35
	Energy:	0.0008 kWh
	CO2eq:	0.0771 g
	0.0007 km travelled by car
	Time:	0:00:35
	Energy:	0.0008 kWh
	CO2eq:	0.0771 g
	0.0007 km travelled by car
___PO com 18 Treads_concluida___
___PO com 20 Treads___
Execution Time: 32.92900
Tempo total: 32934.504 ms
	Time:	0:00:33
	Energy:	0.0008 kWh
	CO2eq:	0.0744 g
	0.0007 km travelled by car
	Time:	0:00:33
	Energy:	0.0008 kWh
	CO2eq:	0.0740 g
	0.0007 km travelled by car
___PO com 20 Treads_concluida___
___PO com 22 Treads___
Execution Time: 33.66358
Tempo total: 33669.113 ms
	Time:	0:00:34
	Energy:	0.0008 kWh
	CO2eq:	0.0777 g
	0.0007 km travelled by car
	Time:	0:00:34
	Energy:	0.0008 kWh
	CO2eq:	0.0777 g
	0.0007 km travelled by car
___PO com 22 Treads_concluida___
___PO com 24 Treads___
Execution Time: 32.51193
Tempo total: 32517.674 ms
	Time:	0:00:33
	Energy:	0.0008 kWh
	CO2eq:	0.0772 g
	0.0007 km travelled by car
	Time:	0:00:33
	Energy:	0.0008 kWh
	CO2eq:	0.0772 g
	0.0007 km travelled by car
___PO com 24 Treads_concluida___
___PO com 26 Treads___
Execution Time: 33.29624
Tempo total: 33302.442 ms
	Time:	0:00:33
	Energy:	0.0008 kWh
	CO2eq:	0.0805 g
	0.0007 km travelled by car
	Time:	0:00:33
	Energy:	0.0008 kWh
	CO2eq:	0.0805 g
	0.0007 km travelled by car
___PO com 26 Treads_concluida___
___PO com 28 Treads___
Execution Time: 33.12229
Tempo total: 33128.077 ms
	Time:	0:00:33
	Energy:	0.0008 kWh
	CO2eq:	0.0815 g
	0.0008 km travelled by car
	Time:	0:00:33
	Energy:	0.0008 kWh
	CO2eq:	0.0815 g
	0.0008 km travelled by car
___PO com 28 Treads_concluida___
___PO com 30 Treads___
Execution Time: 32.96686
Tempo total: 32972.434 ms
	Time:	0:00:33
	Energy:	0.0008 kWh
	CO2eq:	0.0828 g
	0.0008 km travelled by car
	Time:	0:00:33
	Energy:	0.0008 kWh
	CO2eq:	0.0826 g
	0.0008 km travelled by car
___PO com 30 Treads_concluida___
___PO com 32 Treads___
Execution Time: 33.73004
Tempo total: 33735.430 ms
	Time:	0:00:34
	Energy:	0.0009 kWh
	CO2eq:	0.0863 g
	0.0008 km travelled by car
	Time:	0:00:34
	Energy:	0.0009 kWh
	CO2eq:	0.0863 g
	0.0008 km travelled by car
___PO com 32 Treads_concluida___
___PO com 34 Treads___
Execution Time: 34.15569
Tempo total: 34161.406 ms
	Time:	0:00:34
	Energy:	0.0009 kWh
	CO2eq:	0.0887 g
	0.0008 km travelled by car
	Time:	0:00:34
	Energy:	0.0009 kWh
	CO2eq:	0.0887 g
	0.0008 km travelled by car
___PO com 34 Treads_concluida___
___PO com 36 Treads___
Execution Time: 35.43058
Tempo total: 35436.269 ms
	Time:	0:00:35
	Energy:	0.0009 kWh
	CO2eq:	0.0932 g
	0.0009 km travelled by car
	Time:	0:00:35
	Energy:	0.0009 kWh
	CO2eq:	0.0932 g
	0.0009 km travelled by car
___PO com 36 Treads_concluida___
___PO com 38 Treads___
Execution Time: 35.64669
Tempo total: 35652.333 ms
	Time:	0:00:36
	Energy:	0.0010 kWh
	CO2eq:	0.0939 g
	0.0009 km travelled by car
	Time:	0:00:36
	Energy:	0.0010 kWh
	CO2eq:	0.0939 g
	0.0009 km travelled by car
___PO com 38 Treads_concluida___
___PO com 40 Treads___
Execution Time: 34.29972
Tempo total: 34305.258 ms
	Time:	0:00:34
	Energy:	0.0009 kWh
	CO2eq:	0.0926 g
	0.0009 km travelled by car
	Time:	0:00:34
	Energy:	0.0009 kWh
	CO2eq:	0.0926 g
	0.0009 km travelled by car
___PO com 40 Treads_concluida___
___PO com 42 Treads___
Execution Time: 35.18594
Tempo total: 35191.700 ms
	Time:	0:00:35
	Energy:	0.0009 kWh
	CO2eq:	0.0925 g
	0.0009 km travelled by car
	Time:	0:00:35
	Energy:	0.0009 kWh
	CO2eq:	0.0925 g
	0.0009 km travelled by car
___PO com 42 Treads_concluida___
___PO com 44 Treads___
Execution Time: 36.94387
Tempo total: 36949.486 ms
	Time:	0:00:37
	Energy:	0.0010 kWh
	CO2eq:	0.0998 g
	0.0009 km travelled by car
	Time:	0:00:37
	Energy:	0.0010 kWh
	CO2eq:	0.0997 g
	0.0009 km travelled by car
___PO com 44 Treads_concluida___
___PO com 46 Treads___
Execution Time: 38.35892
Tempo total: 38364.974 ms
	Time:	0:00:38
	Energy:	0.0010 kWh
	CO2eq:	0.0999 g
	0.0009 km travelled by car
	Time:	0:00:38
	Energy:	0.0010 kWh
	CO2eq:	0.0999 g
	0.0009 km travelled by car
___PO com 46 Treads_concluida___
___PO com 48 Treads___
Execution Time: 37.40293
Tempo total: 37408.772 ms
	Time:	0:00:37
	Energy:	0.0011 kWh
	CO2eq:	0.1045 g
	0.0010 km travelled by car
	Time:	0:00:37
	Energy:	0.0011 kWh
	CO2eq:	0.1045 g
	0.0010 km travelled by car
___PO com 48 Treads_concluida___
___PO com 50 Treads___
Execution Time: 39.01227
Tempo total: 39017.940 ms
	Time:	0:00:39
	Energy:	0.0010 kWh
	CO2eq:	0.1019 g
	0.0009 km travelled by car
	Time:	0:00:39
	Energy:	0.0010 kWh
	CO2eq:	0.1021 g
	0.0009 km travelled by car
___PO com 50 Treads_concluida___
___PO com 52 Treads___
Execution Time: 35.96515
Tempo total: 35971.624 ms
	Time:	0:00:36
	Energy:	0.0010 kWh
	CO2eq:	0.1018 g
	0.0009 km travelled by car
	Time:	0:00:36
	Energy:	0.0010 kWh
	CO2eq:	0.1018 g
	0.0009 km travelled by car
___PO com 52 Treads_concluida___
___PO com 54 Treads___
Execution Time: 34.29455
Tempo total: 34300.674 ms
	Time:	0:00:34
	Energy:	0.0010 kWh
	CO2eq:	0.0988 g
	0.0009 km travelled by car
	Time:	0:00:34
	Energy:	0.0010 kWh
	CO2eq:	0.0988 g
	0.0009 km travelled by car
___PO com 54 Treads_concluida___
___PO com 56 Treads___
Execution Time: 38.70990
Tempo total: 38716.162 ms
	Time:	0:00:39
	Energy:	0.0011 kWh
	CO2eq:	0.1088 g
	0.0010 km travelled by car
	Time:	0:00:39
	Energy:	0.0011 kWh
	CO2eq:	0.1088 g
	0.0010 km travelled by car
___PO com 56 Treads_concluida___
___PO com 58 Treads___
Execution Time: 37.58248
Tempo total: 37588.366 ms
	Time:	0:00:38
	Energy:	0.0011 kWh
	CO2eq:	0.1060 g
	0.0010 km travelled by car
	Time:	0:00:38
	Energy:	0.0011 kWh
	CO2eq:	0.1060 g
	0.0010 km travelled by car
___PO com 58 Treads_concluida___
___PO com 60 Treads___
Execution Time: 36.95377
Tempo total: 36959.802 ms
	Time:	0:00:37
	Energy:	0.0011 kWh
	CO2eq:	0.1062 g
	0.0010 km travelled by car
	Time:	0:00:37
	Energy:	0.0011 kWh
	CO2eq:	0.1057 g
	0.0010 km travelled by car
___PO com 60 Treads_concluida___
___PO com 62 Treads___
Execution Time: 37.34661
Tempo total: 37352.335 ms
	Time:	0:00:37
	Energy:	0.0011 kWh
	CO2eq:	0.1069 g
	0.0010 km travelled by car
	Time:	0:00:37
	Energy:	0.0011 kWh
	CO2eq:	0.1069 g
	0.0010 km travelled by car
___PO com 62 Treads_concluida___
___PO com 64 Treads___
Execution Time: 31.32260
Tempo total: 31328.374 ms
	Time:	0:00:31
	Energy:	0.0010 kWh
	CO2eq:	0.0943 g
	0.0009 km travelled by car
	Time:	0:00:31
	Energy:	0.0010 kWh
	CO2eq:	0.0943 g
	0.0009 km travelled by car
___PO com 64 Treads_concluida___
___PO com 66 Treads___
Execution Time: 35.61784
Tempo total: 35624.015 ms
	Time:	0:00:36
	Energy:	0.0011 kWh
	CO2eq:	0.1043 g
	0.0010 km travelled by car
	Time:	0:00:36
	Energy:	0.0011 kWh
	CO2eq:	0.1043 g
	0.0010 km travelled by car
___PO com 66 Treads_concluida___
___PO com 68 Treads___
Execution Time: 35.31354
Tempo total: 35319.265 ms
	Time:	0:00:35
	Energy:	0.0010 kWh
	CO2eq:	0.1031 g
	0.0010 km travelled by car
	Time:	0:00:35
	Energy:	0.0010 kWh
	CO2eq:	0.1031 g
	0.0010 km travelled by car
___PO com 68 Treads_concluida___
___PO com 70 Treads___
Execution Time: 36.72829
Tempo total: 36734.312 ms
	Time:	0:00:37
	Energy:	0.0011 kWh
	CO2eq:	0.1079 g
	0.0010 km travelled by car
	Time:	0:00:37
	Energy:	0.0011 kWh
	CO2eq:	0.1079 g
	0.0010 km travelled by car
___PO com 70 Treads_concluida___
___PO com 72 Treads___
Execution Time: 34.34079
Tempo total: 34346.890 ms
	Time:	0:00:34
	Energy:	0.0010 kWh
	CO2eq:	0.1022 g
	0.0010 km travelled by car
	Time:	0:00:34
	Energy:	0.0010 kWh
	CO2eq:	0.1022 g
	0.0010 km travelled by car
___PO com 72 Treads_concluida___
___PO com 74 Treads___
Execution Time: 36.28501
Tempo total: 36290.736 ms
	Time:	0:00:36
	Energy:	0.0011 kWh
	CO2eq:	0.1063 g
	0.0010 km travelled by car
	Time:	0:00:36
	Energy:	0.0011 kWh
	CO2eq:	0.1063 g
	0.0010 km travelled by car
___PO com 74 Treads_concluida___
___PO com 76 Treads___
Execution Time: 34.74453
Tempo total: 34750.437 ms
	Time:	0:00:35
	Energy:	0.0011 kWh
	CO2eq:	0.1037 g
	0.0010 km travelled by car
	Time:	0:00:35
	Energy:	0.0011 kWh
	CO2eq:	0.1037 g
	0.0010 km travelled by car
___PO com 76 Treads_concluida___
___PO com 78 Treads___
Execution Time: 35.68195
Tempo total: 35688.047 ms
	Time:	0:00:36
	Energy:	0.0011 kWh
	CO2eq:	0.1063 g
	0.0010 km travelled by car
	Time:	0:00:36
	Energy:	0.0011 kWh
	CO2eq:	0.1063 g
	0.0010 km travelled by car
___PO com 78 Treads_concluida___
___PO com 80 Treads___
Execution Time: 36.60639
Tempo total: 36612.649 ms
	Time:	0:00:37
	Energy:	0.0011 kWh
	CO2eq:	0.1082 g
	0.0010 km travelled by car
	Time:	0:00:37
	Energy:	0.0011 kWh
	CO2eq:	0.1082 g
	0.0010 km travelled by car
___PO com 80 Treads_concluida___
___PO com 82 Treads___
Execution Time: 33.73589
Tempo total: 33741.920 ms
	Time:	0:00:34
	Energy:	0.0010 kWh
	CO2eq:	0.1025 g
	0.0010 km travelled by car
	Time:	0:00:34
	Energy:	0.0010 kWh
	CO2eq:	0.1025 g
	0.0010 km travelled by car
___PO com 82 Treads_concluida___
___PO com 84 Treads___
Execution Time: 32.12424
Tempo total: 32130.701 ms
	Time:	0:00:32
	Energy:	0.0010 kWh
	CO2eq:	0.0990 g
	0.0009 km travelled by car
	Time:	0:00:32
	Energy:	0.0010 kWh
	CO2eq:	0.0990 g
	0.0009 km travelled by car
___PO com 84 Treads_concluida___
___PO com 86 Treads___
Execution Time: 33.08072
Tempo total: 33087.114 ms
	Time:	0:00:33
	Energy:	0.0010 kWh
	CO2eq:	0.1019 g
	0.0009 km travelled by car
	Time:	0:00:33
	Energy:	0.0010 kWh
	CO2eq:	0.1018 g
	0.0009 km travelled by car
___PO com 86 Treads_concluida___
___PO com 88 Treads___
Execution Time: 34.51372
Tempo total: 34520.493 ms
	Time:	0:00:35
	Energy:	0.0011 kWh
	CO2eq:	0.1059 g
	0.0010 km travelled by car
	Time:	0:00:35
	Energy:	0.0011 kWh
	CO2eq:	0.1059 g
	0.0010 km travelled by car
___PO com 88 Treads_concluida___
___Fim de PO___:

