Numero de CPUs logicos (threads): 88
Numero de núcleos fisicos: 22
Start -> PO
compilando PO...
___Executando PO___:
___PO com 2 Treads___
Execution Time: 116.27173
Tempo total: 116276.910 ms
	Time:	0:01:56
	Energy:	0.0016 kWh
	CO2eq:	0.1570 g
	0.0015 km travelled by car
	Time:	0:01:56
	Energy:	0.0016 kWh
	CO2eq:	0.1570 g
	0.0015 km travelled by car
___PO com 2 Treads_concluida___
___PO com 4 Treads___
Execution Time: 63.54684
Tempo total: 63552.598 ms
	Time:	0:01:04
	Energy:	0.0010 kWh
	CO2eq:	0.1029 g
	0.0010 km travelled by car
	Time:	0:01:04
	Energy:	0.0010 kWh
	CO2eq:	0.1029 g
	0.0010 km travelled by car
___PO com 4 Treads_concluida___
___PO com 6 Treads___
Execution Time: 46.54634
Tempo total: 46551.803 ms
	Time:	0:00:47
	Energy:	0.0009 kWh
	CO2eq:	0.0838 g
	0.0008 km travelled by car
	Time:	0:00:47
	Energy:	0.0009 kWh
	CO2eq:	0.0838 g
	0.0008 km travelled by car
___PO com 6 Treads_concluida___
___PO com 8 Treads___
Execution Time: 39.42559
Tempo total: 39431.476 ms
	Time:	0:00:39
	Energy:	0.0008 kWh
	CO2eq:	0.0763 g
	0.0007 km travelled by car
	Time:	0:00:39
	Energy:	0.0008 kWh
	CO2eq:	0.0763 g
	0.0007 km travelled by car
___PO com 8 Treads_concluida___
___PO com 10 Treads___
Execution Time: 36.22928
Tempo total: 36234.869 ms
	Time:	0:00:36
	Energy:	0.0007 kWh
	CO2eq:	0.0732 g
	0.0007 km travelled by car
	Time:	0:00:36
	Energy:	0.0007 kWh
	CO2eq:	0.0732 g
	0.0007 km travelled by car
___PO com 10 Treads_concluida___
___PO com 12 Treads___
Execution Time: 34.16594
Tempo total: 34171.648 ms
	Time:	0:00:34
	Energy:	0.0007 kWh
	CO2eq:	0.0713 g
	0.0007 km travelled by car
	Time:	0:00:34
	Energy:	0.0007 kWh
	CO2eq:	0.0713 g
	0.0007 km travelled by car
___PO com 12 Treads_concluida___
___PO com 14 Treads___
Execution Time: 34.33466
Tempo total: 34340.254 ms
	Time:	0:00:34
	Energy:	0.0007 kWh
	CO2eq:	0.0730 g
	0.0007 km travelled by car
	Time:	0:00:34
	Energy:	0.0007 kWh
	CO2eq:	0.0730 g
	0.0007 km travelled by car
___PO com 14 Treads_concluida___
___PO com 16 Treads___
Execution Time: 34.09921
Tempo total: 34104.761 ms
	Time:	0:00:34
	Energy:	0.0007 kWh
	CO2eq:	0.0690 g
	0.0006 km travelled by car
	Time:	0:00:34
	Energy:	0.0007 kWh
	CO2eq:	0.0690 g
	0.0006 km travelled by car
___PO com 16 Treads_concluida___
___PO com 18 Treads___
Execution Time: 34.09183
Tempo total: 34097.253 ms
	Time:	0:00:34
	Energy:	0.0008 kWh
	CO2eq:	0.0748 g
	0.0007 km travelled by car
	Time:	0:00:34
	Energy:	0.0008 kWh
	CO2eq:	0.0748 g
	0.0007 km travelled by car
___PO com 18 Treads_concluida___
___PO com 20 Treads___
Execution Time: 33.65718
Tempo total: 33662.735 ms
	Time:	0:00:34
	Energy:	0.0008 kWh
	CO2eq:	0.0756 g
	0.0007 km travelled by car
	Time:	0:00:34
	Energy:	0.0008 kWh
	CO2eq:	0.0756 g
	0.0007 km travelled by car
___PO com 20 Treads_concluida___
___PO com 22 Treads___
Execution Time: 33.50350
Tempo total: 33508.904 ms
	Time:	0:00:34
	Energy:	0.0008 kWh
	CO2eq:	0.0774 g
	0.0007 km travelled by car
	Time:	0:00:34
	Energy:	0.0008 kWh
	CO2eq:	0.0774 g
	0.0007 km travelled by car
___PO com 22 Treads_concluida___
___PO com 24 Treads___
Execution Time: 33.10580
Tempo total: 33111.255 ms
	Time:	0:00:33
	Energy:	0.0008 kWh
	CO2eq:	0.0787 g
	0.0007 km travelled by car
	Time:	0:00:33
	Energy:	0.0008 kWh
	CO2eq:	0.0787 g
	0.0007 km travelled by car
___PO com 24 Treads_concluida___
___PO com 26 Treads___
Execution Time: 33.31935
Tempo total: 33324.835 ms
	Time:	0:00:33
	Energy:	0.0008 kWh
	CO2eq:	0.0811 g
	0.0008 km travelled by car
	Time:	0:00:33
	Energy:	0.0008 kWh
	CO2eq:	0.0811 g
	0.0008 km travelled by car
___PO com 26 Treads_concluida___
___PO com 28 Treads___
Execution Time: 33.87024
Tempo total: 33875.632 ms
	Time:	0:00:34
	Energy:	0.0008 kWh
	CO2eq:	0.0834 g
	0.0008 km travelled by car
	Time:	0:00:34
	Energy:	0.0008 kWh
	CO2eq:	0.0834 g
	0.0008 km travelled by car
___PO com 28 Treads_concluida___
___PO com 30 Treads___
Execution Time: 33.56487
Tempo total: 33570.444 ms
	Time:	0:00:34
	Energy:	0.0009 kWh
	CO2eq:	0.0846 g
	0.0008 km travelled by car
	Time:	0:00:34
	Energy:	0.0009 kWh
	CO2eq:	0.0846 g
	0.0008 km travelled by car
___PO com 30 Treads_concluida___
___PO com 32 Treads___
Execution Time: 34.19861
Tempo total: 34204.251 ms
	Time:	0:00:34
	Energy:	0.0009 kWh
	CO2eq:	0.0872 g
	0.0008 km travelled by car
	Time:	0:00:34
	Energy:	0.0009 kWh
	CO2eq:	0.0872 g
	0.0008 km travelled by car
___PO com 32 Treads_concluida___
___PO com 34 Treads___
Execution Time: 34.52824
Tempo total: 34533.915 ms
	Time:	0:00:35
	Energy:	0.0009 kWh
	CO2eq:	0.0901 g
	0.0008 km travelled by car
	Time:	0:00:35
	Energy:	0.0009 kWh
	CO2eq:	0.0901 g
	0.0008 km travelled by car
___PO com 34 Treads_concluida___
___PO com 36 Treads___
Execution Time: 33.92578
Tempo total: 33931.197 ms
	Time:	0:00:34
	Energy:	0.0009 kWh
	CO2eq:	0.0896 g
	0.0008 km travelled by car
	Time:	0:00:34
	Energy:	0.0009 kWh
	CO2eq:	0.0896 g
	0.0008 km travelled by car
___PO com 36 Treads_concluida___
___PO com 38 Treads___
Execution Time: 36.95956
Tempo total: 36965.122 ms
	Time:	0:00:37
	Energy:	0.0010 kWh
	CO2eq:	0.0963 g
	0.0009 km travelled by car
	Time:	0:00:37
	Energy:	0.0010 kWh
	CO2eq:	0.0961 g
	0.0009 km travelled by car
___PO com 38 Treads_concluida___
___PO com 40 Treads___
Execution Time: 35.43204
Tempo total: 35437.537 ms
	Time:	0:00:35
	Energy:	0.0010 kWh
	CO2eq:	0.0952 g
	0.0009 km travelled by car
	Time:	0:00:35
	Energy:	0.0010 kWh
	CO2eq:	0.0952 g
	0.0009 km travelled by car
___PO com 40 Treads_concluida___
___PO com 42 Treads___
Execution Time: 34.32631
Tempo total: 34332.006 ms
	Time:	0:00:34
	Energy:	0.0010 kWh
	CO2eq:	0.0949 g
	0.0009 km travelled by car
	Time:	0:00:34
	Energy:	0.0010 kWh
	CO2eq:	0.0949 g
	0.0009 km travelled by car
___PO com 42 Treads_concluida___
___PO com 44 Treads___
Execution Time: 35.88997
Tempo total: 35895.685 ms
	Time:	0:00:36
	Energy:	0.0010 kWh
	CO2eq:	0.1001 g
	0.0009 km travelled by car
	Time:	0:00:36
	Energy:	0.0010 kWh
	CO2eq:	0.1001 g
	0.0009 km travelled by car
___PO com 44 Treads_concluida___
___PO com 46 Treads___
Execution Time: 38.08600
Tempo total: 38091.838 ms
	Time:	0:00:38
	Energy:	0.0011 kWh
	CO2eq:	0.1045 g
	0.0010 km travelled by car
	Time:	0:00:38
	Energy:	0.0011 kWh
	CO2eq:	0.1045 g
	0.0010 km travelled by car
___PO com 46 Treads_concluida___
___PO com 48 Treads___
Execution Time: 38.13774
Tempo total: 38143.640 ms
	Time:	0:00:38
	Energy:	0.0011 kWh
	CO2eq:	0.1056 g
	0.0010 km travelled by car
	Time:	0:00:38
	Energy:	0.0011 kWh
	CO2eq:	0.1056 g
	0.0010 km travelled by car
___PO com 48 Treads_concluida___
___PO com 50 Treads___
Execution Time: 37.92172
Tempo total: 37927.564 ms
	Time:	0:00:38
	Energy:	0.0011 kWh
	CO2eq:	0.1058 g
	0.0010 km travelled by car
	Time:	0:00:38
	Energy:	0.0011 kWh
	CO2eq:	0.1058 g
	0.0010 km travelled by car
___PO com 50 Treads_concluida___
___PO com 52 Treads___
Execution Time: 38.43217
Tempo total: 38438.875 ms
	Time:	0:00:38
	Energy:	0.0011 kWh
	CO2eq:	0.1073 g
	0.0010 km travelled by car
	Time:	0:00:38
	Energy:	0.0011 kWh
	CO2eq:	0.1073 g
	0.0010 km travelled by car
___PO com 52 Treads_concluida___
___PO com 54 Treads___
Execution Time: 35.64067
Tempo total: 35646.039 ms
	Time:	0:00:36
	Energy:	0.0010 kWh
	CO2eq:	0.1011 g
	0.0009 km travelled by car
	Time:	0:00:36
	Energy:	0.0010 kWh
	CO2eq:	0.1011 g
	0.0009 km travelled by car
___PO com 54 Treads_concluida___
___PO com 56 Treads___
Execution Time: 39.67644
Tempo total: 39682.426 ms
	Time:	0:00:40
	Energy:	0.0011 kWh
	CO2eq:	0.1112 g
	0.0010 km travelled by car
	Time:	0:00:40
	Energy:	0.0011 kWh
	CO2eq:	0.1112 g
	0.0010 km travelled by car
___PO com 56 Treads_concluida___
___PO com 58 Treads___
Execution Time: 34.90620
Tempo total: 34912.251 ms
	Time:	0:00:35
	Energy:	0.0010 kWh
	CO2eq:	0.1007 g
	0.0009 km travelled by car
	Time:	0:00:35
	Energy:	0.0010 kWh
	CO2eq:	0.1007 g
	0.0009 km travelled by car
___PO com 58 Treads_concluida___
___PO com 60 Treads___
Execution Time: 33.31813
Tempo total: 33324.042 ms
	Time:	0:00:33
	Energy:	0.0009 kWh
	CO2eq:	0.0931 g
	0.0009 km travelled by car
	Time:	0:00:33
	Energy:	0.0009 kWh
	CO2eq:	0.0931 g
	0.0009 km travelled by car
___PO com 60 Treads_concluida___
___PO com 62 Treads___
Execution Time: 37.27403
Tempo total: 37280.096 ms
	Time:	0:00:37
	Energy:	0.0011 kWh
	CO2eq:	0.1071 g
	0.0010 km travelled by car
	Time:	0:00:37
	Energy:	0.0011 kWh
	CO2eq:	0.1071 g
	0.0010 km travelled by car
___PO com 62 Treads_concluida___
___PO com 64 Treads___
Execution Time: 32.10007
Tempo total: 32106.000 ms
	Time:	0:00:32
	Energy:	0.0010 kWh
	CO2eq:	0.0957 g
	0.0009 km travelled by car
	Time:	0:00:32
	Energy:	0.0010 kWh
	CO2eq:	0.0957 g
	0.0009 km travelled by car
___PO com 64 Treads_concluida___
___PO com 66 Treads___
Execution Time: 38.05579
Tempo total: 38061.778 ms
	Time:	0:00:38
	Energy:	0.0011 kWh
	CO2eq:	0.1100 g
	0.0010 km travelled by car
	Time:	0:00:38
	Energy:	0.0011 kWh
	CO2eq:	0.1100 g
	0.0010 km travelled by car
___PO com 66 Treads_concluida___
___PO com 68 Treads___
Execution Time: 35.10041
Tempo total: 35106.308 ms
	Time:	0:00:35
	Energy:	0.0011 kWh
	CO2eq:	0.1037 g
	0.0010 km travelled by car
	Time:	0:00:35
	Energy:	0.0011 kWh
	CO2eq:	0.1037 g
	0.0010 km travelled by car
___PO com 68 Treads_concluida___
___PO com 70 Treads___
Execution Time: 37.99728
Tempo total: 38003.029 ms
	Time:	0:00:38
	Energy:	0.0011 kWh
	CO2eq:	0.1103 g
	0.0010 km travelled by car
	Time:	0:00:38
	Energy:	0.0011 kWh
	CO2eq:	0.1103 g
	0.0010 km travelled by car
___PO com 70 Treads_concluida___
___PO com 72 Treads___
Execution Time: 34.09178
Tempo total: 34097.718 ms
	Time:	0:00:34
	Energy:	0.0010 kWh
	CO2eq:	0.1019 g
	0.0009 km travelled by car
	Time:	0:00:34
	Energy:	0.0010 kWh
	CO2eq:	0.1019 g
	0.0009 km travelled by car
___PO com 72 Treads_concluida___
___PO com 74 Treads___
Execution Time: 34.49983
Tempo total: 34505.932 ms
	Time:	0:00:35
	Energy:	0.0010 kWh
	CO2eq:	0.1030 g
	0.0010 km travelled by car
	Time:	0:00:35
	Energy:	0.0010 kWh
	CO2eq:	0.1030 g
	0.0010 km travelled by car
___PO com 74 Treads_concluida___
___PO com 76 Treads___
Execution Time: 32.30616
Tempo total: 32312.371 ms
	Time:	0:00:32
	Energy:	0.0010 kWh
	CO2eq:	0.0983 g
	0.0009 km travelled by car
	Time:	0:00:32
	Energy:	0.0010 kWh
	CO2eq:	0.0983 g
	0.0009 km travelled by car
___PO com 76 Treads_concluida___
___PO com 78 Treads___
Execution Time: 34.71607
Tempo total: 34722.315 ms
	Time:	0:00:35
	Energy:	0.0011 kWh
	CO2eq:	0.1038 g
	0.0010 km travelled by car
	Time:	0:00:35
	Energy:	0.0011 kWh
	CO2eq:	0.1038 g
	0.0010 km travelled by car
___PO com 78 Treads_concluida___
___PO com 80 Treads___
Execution Time: 34.53998
Tempo total: 34546.213 ms
	Time:	0:00:35
	Energy:	0.0011 kWh
	CO2eq:	0.1038 g
	0.0010 km travelled by car
	Time:	0:00:35
	Energy:	0.0011 kWh
	CO2eq:	0.1038 g
	0.0010 km travelled by car
___PO com 80 Treads_concluida___
___PO com 82 Treads___
Execution Time: 35.37100
Tempo total: 35377.132 ms
	Time:	0:00:35
	Energy:	0.0011 kWh
	CO2eq:	0.1063 g
	0.0010 km travelled by car
	Time:	0:00:35
	Energy:	0.0011 kWh
	CO2eq:	0.1063 g
	0.0010 km travelled by car
___PO com 82 Treads_concluida___
___PO com 84 Treads___
Execution Time: 35.98941
Tempo total: 35996.068 ms
	Time:	0:00:36
	Energy:	0.0011 kWh
	CO2eq:	0.1089 g
	0.0010 km travelled by car
	Time:	0:00:36
	Energy:	0.0011 kWh
	CO2eq:	0.1089 g
	0.0010 km travelled by car
___PO com 84 Treads_concluida___
___PO com 86 Treads___
Execution Time: 36.63601
Tempo total: 36642.117 ms
	Time:	0:00:37
	Energy:	0.0011 kWh
	CO2eq:	0.1099 g
	0.0010 km travelled by car
	Time:	0:00:37
	Energy:	0.0011 kWh
	CO2eq:	0.1099 g
	0.0010 km travelled by car
___PO com 86 Treads_concluida___
___PO com 88 Treads___
Execution Time: 32.05596
Tempo total: 32062.510 ms
	Time:	0:00:32
	Energy:	0.0010 kWh
	CO2eq:	0.0995 g
	0.0009 km travelled by car
	Time:	0:00:32
	Energy:	0.0010 kWh
	CO2eq:	0.0995 g
	0.0009 km travelled by car
___PO com 88 Treads_concluida___
___Fim de PO___:

