#0 building with "default" instance using docker driver

#1 [internal] load .dockerignore
#1 ...

#2 [internal] load build definition from Dockerfile
#2 transferring dockerfile: 1.22kB done
#2 DONE 0.5s

#1 [internal] load .dockerignore
#1 transferring context: 2B done
#1 DONE 0.7s

#3 [internal] load metadata for docker.io/library/python:3.9
#3 DONE 2.4s

#4 [internal] load build context
#4 DONE 0.0s

#5 [1/7] FROM docker.io/library/python:3.9@sha256:bc2e05bca883473050fc3b7c134c28ab822be73126ba1ce29517d9e8b7f3703b
#5 resolve docker.io/library/python:3.9@sha256:bc2e05bca883473050fc3b7c134c28ab822be73126ba1ce29517d9e8b7f3703b
#5 resolve docker.io/library/python:3.9@sha256:bc2e05bca883473050fc3b7c134c28ab822be73126ba1ce29517d9e8b7f3703b 0.3s done
#5 CACHED

#4 [internal] load build context
#4 transferring context: 6.69MB 0.5s done
#4 DONE 0.8s

#6 [2/7] COPY /PO /app/
#6 DONE 2.3s

#7 [3/7] WORKDIR /app
#7 DONE 0.7s

#8 [4/7] RUN pip install --upgrade pip
#8 2.451 Requirement already satisfied: pip in /usr/local/lib/python3.9/site-packages (23.0.1)
#8 2.669 Collecting pip
#8 2.877   Downloading pip-25.0.1-py3-none-any.whl (1.8 MB)
#8 3.218      ━━━━━━━━━━━━━━━━━━━━━━━━━━━━━━━━━━━━━━━━ 1.8/1.8 MB 5.5 MB/s eta 0:00:00
#8 3.262 Installing collected packages: pip
#8 3.263   Attempting uninstall: pip
#8 3.263     Found existing installation: pip 23.0.1
#8 3.480     Uninstalling pip-23.0.1:
#8 3.755       Successfully uninstalled pip-23.0.1
#8 4.755 Successfully installed pip-25.0.1
#8 4.756 WARNING: Running pip as the 'root' user can result in broken permissions and conflicting behaviour with the system package manager. It is recommended to use a virtual environment instead: https://pip.pypa.io/warnings/venv
#8 DONE 6.1s

#9 [5/7] RUN pip install carbontracker
#9 1.697 Collecting carbontracker
#9 1.873   Downloading carbontracker-2.1.2-py3-none-any.whl.metadata (11 kB)
#9 2.111 Collecting requests (from carbontracker)
#9 2.128   Downloading requests-2.32.3-py3-none-any.whl.metadata (4.6 kB)
#9 2.505 Collecting numpy (from carbontracker)
#9 2.525   Downloading numpy-2.0.2-cp39-cp39-manylinux_2_17_x86_64.manylinux2014_x86_64.whl.metadata (60 kB)
#9 2.817 Collecting pandas (from carbontracker)
#9 2.835   Downloading pandas-2.2.3-cp39-cp39-manylinux_2_17_x86_64.manylinux2014_x86_64.whl.metadata (89 kB)
#9 3.104 Collecting geocoder (from carbontracker)
#9 3.122   Downloading geocoder-1.38.1-py2.py3-none-any.whl.metadata (14 kB)
#9 3.272 Collecting pynvml (from carbontracker)
#9 3.290   Downloading pynvml-12.0.0-py3-none-any.whl.metadata (5.4 kB)
#9 3.511 Collecting psutil (from carbontracker)
#9 3.528   Downloading psutil-7.0.0-cp36-abi3-manylinux_2_12_x86_64.manylinux2010_x86_64.manylinux_2_17_x86_64.manylinux2014_x86_64.whl.metadata (22 kB)
#9 3.710 Collecting importlib-metadata (from carbontracker)
#9 3.727   Downloading importlib_metadata-8.6.1-py3-none-any.whl.metadata (4.7 kB)
#9 3.890 Collecting click (from geocoder->carbontracker)
#9 3.908   Downloading click-8.1.8-py3-none-any.whl.metadata (2.3 kB)
#9 4.068 Collecting future (from geocoder->carbontracker)
#9 4.086   Downloading future-1.0.0-py3-none-any.whl.metadata (4.0 kB)
#9 4.249 Collecting ratelim (from geocoder->carbontracker)
#9 4.268   Downloading ratelim-0.1.6-py2.py3-none-any.whl.metadata (1.4 kB)
#9 4.432 Collecting six (from geocoder->carbontracker)
#9 4.450   Downloading six-1.17.0-py2.py3-none-any.whl.metadata (1.7 kB)
#9 4.628 Collecting zipp>=3.20 (from importlib-metadata->carbontracker)
#9 4.647   Downloading zipp-3.21.0-py3-none-any.whl.metadata (3.7 kB)
#9 4.820 Collecting python-dateutil>=2.8.2 (from pandas->carbontracker)
#9 4.837   Downloading python_dateutil-2.9.0.post0-py2.py3-none-any.whl.metadata (8.4 kB)
#9 5.038 Collecting pytz>=2020.1 (from pandas->carbontracker)
#9 5.056   Downloading pytz-2025.1-py2.py3-none-any.whl.metadata (22 kB)
#9 5.209 Collecting tzdata>=2022.7 (from pandas->carbontracker)
#9 5.227   Downloading tzdata-2025.1-py2.py3-none-any.whl.metadata (1.4 kB)
#9 5.385 Collecting nvidia-ml-py<13.0.0a0,>=12.0.0 (from pynvml->carbontracker)
#9 5.403   Downloading nvidia_ml_py-12.570.86-py3-none-any.whl.metadata (8.7 kB)
#9 5.662 Collecting charset-normalizer<4,>=2 (from requests->carbontracker)
#9 5.680   Downloading charset_normalizer-3.4.1-cp39-cp39-manylinux_2_17_x86_64.manylinux2014_x86_64.whl.metadata (35 kB)
#9 5.848 Collecting idna<4,>=2.5 (from requests->carbontracker)
#9 5.866   Downloading idna-3.10-py3-none-any.whl.metadata (10 kB)
#9 6.043 Collecting urllib3<3,>=1.21.1 (from requests->carbontracker)
#9 6.062   Downloading urllib3-2.3.0-py3-none-any.whl.metadata (6.5 kB)
#9 6.227 Collecting certifi>=2017.4.17 (from requests->carbontracker)
#9 6.245   Downloading certifi-2025.1.31-py3-none-any.whl.metadata (2.5 kB)
#9 6.422 Collecting decorator (from ratelim->geocoder->carbontracker)
#9 6.440   Downloading decorator-5.2.1-py3-none-any.whl.metadata (3.9 kB)
#9 6.527 Downloading carbontracker-2.1.2-py3-none-any.whl (39 kB)
#9 6.620 Downloading geocoder-1.38.1-py2.py3-none-any.whl (98 kB)
#9 6.709 Downloading importlib_metadata-8.6.1-py3-none-any.whl (26 kB)
#9 6.796 Downloading numpy-2.0.2-cp39-cp39-manylinux_2_17_x86_64.manylinux2014_x86_64.whl (19.5 MB)
#9 7.308    ━━━━━━━━━━━━━━━━━━━━━━━━━━━━━━━━━━━━━━━━ 19.5/19.5 MB 39.3 MB/s eta 0:00:00
#9 7.326 Downloading pandas-2.2.3-cp39-cp39-manylinux_2_17_x86_64.manylinux2014_x86_64.whl (13.1 MB)
#9 7.665    ━━━━━━━━━━━━━━━━━━━━━━━━━━━━━━━━━━━━━━━━ 13.1/13.1 MB 38.4 MB/s eta 0:00:00
#9 7.683 Downloading psutil-7.0.0-cp36-abi3-manylinux_2_12_x86_64.manylinux2010_x86_64.manylinux_2_17_x86_64.manylinux2014_x86_64.whl (277 kB)
#9 7.773 Downloading pynvml-12.0.0-py3-none-any.whl (26 kB)
#9 7.856 Downloading requests-2.32.3-py3-none-any.whl (64 kB)
#9 7.941 Downloading certifi-2025.1.31-py3-none-any.whl (166 kB)
#9 8.034 Downloading charset_normalizer-3.4.1-cp39-cp39-manylinux_2_17_x86_64.manylinux2014_x86_64.whl (146 kB)
#9 8.135 Downloading idna-3.10-py3-none-any.whl (70 kB)
#9 8.229 Downloading nvidia_ml_py-12.570.86-py3-none-any.whl (44 kB)
#9 8.313 Downloading python_dateutil-2.9.0.post0-py2.py3-none-any.whl (229 kB)
#9 8.406 Downloading pytz-2025.1-py2.py3-none-any.whl (507 kB)
#9 8.507 Downloading six-1.17.0-py2.py3-none-any.whl (11 kB)
#9 8.591 Downloading tzdata-2025.1-py2.py3-none-any.whl (346 kB)
#9 8.692 Downloading urllib3-2.3.0-py3-none-any.whl (128 kB)
#9 8.785 Downloading zipp-3.21.0-py3-none-any.whl (9.6 kB)
#9 8.877 Downloading click-8.1.8-py3-none-any.whl (98 kB)
#9 8.972 Downloading future-1.0.0-py3-none-any.whl (491 kB)
#9 9.073 Downloading ratelim-0.1.6-py2.py3-none-any.whl (4.0 kB)
#9 9.157 Downloading decorator-5.2.1-py3-none-any.whl (9.2 kB)
#9 9.480 Installing collected packages: pytz, nvidia-ml-py, zipp, urllib3, tzdata, six, pynvml, psutil, numpy, idna, future, decorator, click, charset-normalizer, certifi, requests, ratelim, python-dateutil, importlib-metadata, pandas, geocoder, carbontracker
#9 18.62 Successfully installed carbontracker-2.1.2 certifi-2025.1.31 charset-normalizer-3.4.1 click-8.1.8 decorator-5.2.1 future-1.0.0 geocoder-1.38.1 idna-3.10 importlib-metadata-8.6.1 numpy-2.0.2 nvidia-ml-py-12.570.86 pandas-2.2.3 psutil-7.0.0 pynvml-12.0.0 python-dateutil-2.9.0.post0 pytz-2025.1 ratelim-0.1.6 requests-2.32.3 six-1.17.0 tzdata-2025.1 urllib3-2.3.0 zipp-3.21.0
#9 18.62 WARNING: Running pip as the 'root' user can result in broken permissions and conflicting behaviour with the system package manager, possibly rendering your system unusable. It is recommended to use a virtual environment instead: https://pip.pypa.io/warnings/venv. Use the --root-user-action option if you know what you are doing and want to suppress this warning.
#9 DONE 21.8s

#10 [6/7] RUN set +e && make clean || echo "Erro clean ignorado" && set -e
#10 1.079 rm omp_po
#10 DONE 1.6s

#11 [7/7] RUN set +e && make || echo "Erro make ignorado" && set -e
#11 1.119 gcc  omp_po.c -o omp_po -fopenmp -lm -O3
#11 DONE 1.9s

#12 exporting to image
#12 exporting layers
#12 exporting layers 2.6s done
#12 writing image sha256:1bfd49788f248d45a712588c888f6b60532c11128fdaaa66e84bdec083f1b380 0.0s done
#12 naming to docker.io/library/app_po
#12 naming to docker.io/library/app_po 0.1s done
#12 DONE 2.7s
