Numero de CPUs logicos (threads): 88
Numero de núcleos fisicos: 22
Start -> PO
compilando PO...
rm omp_po
gcc  omp_po.c -o omp_po -fopenmp -lm -O3
___Executando PO___:
___PO com 2 Treads___
Execution Time: 246.78241
	Time:	0:04:07
	Energy:	0.0082 kWh
	CO2eq:	3.9607 g
	0.0368 km travelled by car
	Time:	0:04:07
	Energy:	0.0082 kWh
	CO2eq:	3.9607 g
	0.0368 km travelled by car
___PO com 2 Treads_concluida___
___PO com 4 Treads___
Execution Time: 134.29518
	Time:	0:02:14
	Energy:	0.0048 kWh
	CO2eq:	2.3198 g
	0.0216 km travelled by car
	Time:	0:02:14
	Energy:	0.0048 kWh
	CO2eq:	2.3198 g
	0.0216 km travelled by car
___PO com 4 Treads_concluida___
___PO com 6 Treads___
Execution Time: 93.48996
	Time:	0:01:33
	Energy:	0.0035 kWh
	CO2eq:	1.6895 g
	0.0157 km travelled by car
	Time:	0:01:33
	Energy:	0.0035 kWh
	CO2eq:	1.6895 g
	0.0157 km travelled by car
___PO com 6 Treads_concluida___
___PO com 8 Treads___
Execution Time: 76.13594
	Time:	0:01:16
	Energy:	0.0030 kWh
	CO2eq:	1.4307 g
	0.0133 km travelled by car
	Time:	0:01:16
	Energy:	0.0030 kWh
	CO2eq:	1.4307 g
	0.0133 km travelled by car
___PO com 8 Treads_concluida___
___PO com 10 Treads___
Execution Time: 68.58203
	Time:	0:01:09
	Energy:	0.0027 kWh
	CO2eq:	1.3194 g
	0.0123 km travelled by car
	Time:	0:01:09
	Energy:	0.0027 kWh
	CO2eq:	1.3194 g
	0.0123 km travelled by car
___PO com 10 Treads_concluida___
___PO com 12 Treads___
Execution Time: 63.42555
	Time:	0:01:03
	Energy:	0.0026 kWh
	CO2eq:	1.2448 g
	0.0116 km travelled by car
	Time:	0:01:03
	Energy:	0.0026 kWh
	CO2eq:	1.2448 g
	0.0116 km travelled by car
___PO com 12 Treads_concluida___
___PO com 14 Treads___
	Time:	0:00:00
	Energy:	0.0000 kWh
	CO2eq:	0.0000 g
	0.0000 km travelled by car
	Time:	0:00:00
	Energy:	0.0000 kWh
	CO2eq:	0.0000 g
	0.0000 km travelled by car
___PO com 14 Treads_concluida___
___PO com 16 Treads___
	Time:	0:00:00
	Energy:	0.0000 kWh
	CO2eq:	0.0000 g
	0.0000 km travelled by car
	Time:	0:00:00
	Energy:	0.0000 kWh
	CO2eq:	0.0000 g
	0.0000 km travelled by car
___PO com 16 Treads_concluida___
___PO com 18 Treads___
	Time:	0:00:00
	Energy:	0.0000 kWh
	CO2eq:	0.0000 g
	0.0000 km travelled by car
	Time:	0:00:00
	Energy:	0.0000 kWh
	CO2eq:	0.0000 g
	0.0000 km travelled by car
___PO com 18 Treads_concluida___
___PO com 20 Treads___
	Time:	0:00:00
	Energy:	0.0000 kWh
	CO2eq:	0.0000 g
	0.0000 km travelled by car
	Time:	0:00:00
	Energy:	0.0000 kWh
	CO2eq:	0.0000 g
	0.0000 km travelled by car
___PO com 20 Treads_concluida___
___PO com 22 Treads___
	Time:	0:00:00
	Energy:	0.0000 kWh
	CO2eq:	0.0000 g
	0.0000 km travelled by car
	Time:	0:00:00
	Energy:	0.0000 kWh
	CO2eq:	0.0000 g
	0.0000 km travelled by car
___PO com 22 Treads_concluida___
___PO com 24 Treads___
	Time:	0:00:00
	Energy:	0.0000 kWh
	CO2eq:	0.0000 g
	0.0000 km travelled by car
	Time:	0:00:00
	Energy:	0.0000 kWh
	CO2eq:	0.0000 g
	0.0000 km travelled by car
___PO com 24 Treads_concluida___
___PO com 26 Treads___
	Time:	0:00:00
	Energy:	0.0000 kWh
	CO2eq:	0.0000 g
	0.0000 km travelled by car
	Time:	0:00:00
	Energy:	0.0000 kWh
	CO2eq:	0.0000 g
	0.0000 km travelled by car
___PO com 26 Treads_concluida___
___PO com 28 Treads___
	Time:	0:00:00
	Energy:	0.0000 kWh
	CO2eq:	0.0000 g
	0.0000 km travelled by car
	Time:	0:00:00
	Energy:	0.0000 kWh
	CO2eq:	0.0000 g
	0.0000 km travelled by car
___PO com 28 Treads_concluida___
___PO com 30 Treads___
	Time:	0:00:00
	Energy:	0.0000 kWh
	CO2eq:	0.0000 g
	0.0000 km travelled by car
	Time:	0:00:00
	Energy:	0.0000 kWh
	CO2eq:	0.0000 g
	0.0000 km travelled by car
___PO com 30 Treads_concluida___
___PO com 32 Treads___
	Time:	0:00:00
	Energy:	0.0000 kWh
	CO2eq:	0.0000 g
	0.0000 km travelled by car
	Time:	0:00:00
	Energy:	0.0000 kWh
	CO2eq:	0.0000 g
	0.0000 km travelled by car
___PO com 32 Treads_concluida___
___PO com 34 Treads___
	Time:	0:00:00
	Energy:	0.0000 kWh
	CO2eq:	0.0000 g
	0.0000 km travelled by car
	Time:	0:00:00
	Energy:	0.0000 kWh
	CO2eq:	0.0000 g
	0.0000 km travelled by car
___PO com 34 Treads_concluida___
___PO com 36 Treads___
	Time:	0:00:00
	Energy:	0.0000 kWh
	CO2eq:	0.0000 g
	0.0000 km travelled by car
	Time:	0:00:00
	Energy:	0.0000 kWh
	CO2eq:	0.0000 g
	0.0000 km travelled by car
___PO com 36 Treads_concluida___
___PO com 38 Treads___
	Time:	0:00:00
	Energy:	0.0000 kWh
	CO2eq:	0.0000 g
	0.0000 km travelled by car
	Time:	0:00:00
	Energy:	0.0000 kWh
	CO2eq:	0.0000 g
	0.0000 km travelled by car
___PO com 38 Treads_concluida___
___PO com 40 Treads___
	Time:	0:00:00
	Energy:	0.0000 kWh
	CO2eq:	0.0000 g
	0.0000 km travelled by car
	Time:	0:00:00
	Energy:	0.0000 kWh
	CO2eq:	0.0000 g
	0.0000 km travelled by car
___PO com 40 Treads_concluida___
___PO com 42 Treads___
	Time:	0:00:00
	Energy:	0.0000 kWh
	CO2eq:	0.0000 g
	0.0000 km travelled by car
	Time:	0:00:00
	Energy:	0.0000 kWh
	CO2eq:	0.0000 g
	0.0000 km travelled by car
___PO com 42 Treads_concluida___
___PO com 44 Treads___
	Time:	0:00:00
	Energy:	0.0000 kWh
	CO2eq:	0.0000 g
	0.0000 km travelled by car
	Time:	0:00:00
	Energy:	0.0000 kWh
	CO2eq:	0.0000 g
	0.0000 km travelled by car
___PO com 44 Treads_concluida___
___PO com 46 Treads___
	Time:	0:00:00
	Energy:	0.0000 kWh
	CO2eq:	0.0000 g
	0.0000 km travelled by car
	Time:	0:00:00
	Energy:	0.0000 kWh
	CO2eq:	0.0000 g
	0.0000 km travelled by car
___PO com 46 Treads_concluida___
___PO com 48 Treads___
	Time:	0:00:00
	Energy:	0.0000 kWh
	CO2eq:	0.0000 g
	0.0000 km travelled by car
	Time:	0:00:00
	Energy:	0.0000 kWh
	CO2eq:	0.0000 g
	0.0000 km travelled by car
___PO com 48 Treads_concluida___
___PO com 50 Treads___
	Time:	0:00:00
	Energy:	0.0000 kWh
	CO2eq:	0.0000 g
	0.0000 km travelled by car
	Time:	0:00:00
	Energy:	0.0000 kWh
	CO2eq:	0.0000 g
	0.0000 km travelled by car
___PO com 50 Treads_concluida___
___PO com 52 Treads___
	Time:	0:00:00
	Energy:	0.0000 kWh
	CO2eq:	0.0000 g
	0.0000 km travelled by car
	Time:	0:00:00
	Energy:	0.0000 kWh
	CO2eq:	0.0000 g
	0.0000 km travelled by car
___PO com 52 Treads_concluida___
___PO com 54 Treads___
	Time:	0:00:00
	Energy:	0.0000 kWh
	CO2eq:	0.0000 g
	0.0000 km travelled by car
	Time:	0:00:00
	Energy:	0.0000 kWh
	CO2eq:	0.0000 g
	0.0000 km travelled by car
___PO com 54 Treads_concluida___
___PO com 56 Treads___
	Time:	0:00:00
	Energy:	0.0000 kWh
	CO2eq:	0.0000 g
	0.0000 km travelled by car
	Time:	0:00:00
	Energy:	0.0000 kWh
	CO2eq:	0.0000 g
	0.0000 km travelled by car
___PO com 56 Treads_concluida___
___PO com 58 Treads___
	Time:	0:00:00
	Energy:	0.0000 kWh
	CO2eq:	0.0000 g
	0.0000 km travelled by car
	Time:	0:00:00
	Energy:	0.0000 kWh
	CO2eq:	0.0000 g
	0.0000 km travelled by car
___PO com 58 Treads_concluida___
___PO com 60 Treads___
	Time:	0:00:00
	Energy:	0.0000 kWh
	CO2eq:	0.0000 g
	0.0000 km travelled by car
	Time:	0:00:00
	Energy:	0.0000 kWh
	CO2eq:	0.0000 g
	0.0000 km travelled by car
___PO com 60 Treads_concluida___
___PO com 62 Treads___
	Time:	0:00:00
	Energy:	0.0000 kWh
	CO2eq:	0.0000 g
	0.0000 km travelled by car
	Time:	0:00:00
	Energy:	0.0000 kWh
	CO2eq:	0.0000 g
	0.0000 km travelled by car
___PO com 62 Treads_concluida___
___PO com 64 Treads___
	Time:	0:00:00
	Energy:	0.0000 kWh
	CO2eq:	0.0000 g
	0.0000 km travelled by car
	Time:	0:00:00
	Energy:	0.0000 kWh
	CO2eq:	0.0000 g
	0.0000 km travelled by car
___PO com 64 Treads_concluida___
___PO com 66 Treads___
	Time:	0:00:00
	Energy:	0.0000 kWh
	CO2eq:	0.0000 g
	0.0000 km travelled by car
	Time:	0:00:00
	Energy:	0.0000 kWh
	CO2eq:	0.0000 g
	0.0000 km travelled by car
___PO com 66 Treads_concluida___
___PO com 68 Treads___
	Time:	0:00:00
	Energy:	0.0000 kWh
	CO2eq:	0.0000 g
	0.0000 km travelled by car
	Time:	0:00:00
	Energy:	0.0000 kWh
	CO2eq:	0.0000 g
	0.0000 km travelled by car
___PO com 68 Treads_concluida___
___PO com 70 Treads___
	Time:	0:00:00
	Energy:	0.0000 kWh
	CO2eq:	0.0000 g
	0.0000 km travelled by car
	Time:	0:00:00
	Energy:	0.0000 kWh
	CO2eq:	0.0000 g
	0.0000 km travelled by car
___PO com 70 Treads_concluida___
___PO com 72 Treads___
	Time:	0:00:00
	Energy:	0.0000 kWh
	CO2eq:	0.0000 g
	0.0000 km travelled by car
	Time:	0:00:00
	Energy:	0.0000 kWh
	CO2eq:	0.0000 g
	0.0000 km travelled by car
___PO com 72 Treads_concluida___
___PO com 74 Treads___
	Time:	0:00:00
	Energy:	0.0000 kWh
	CO2eq:	0.0000 g
	0.0000 km travelled by car
	Time:	0:00:00
	Energy:	0.0000 kWh
	CO2eq:	0.0000 g
	0.0000 km travelled by car
___PO com 74 Treads_concluida___
___PO com 76 Treads___
	Time:	0:00:00
	Energy:	0.0000 kWh
	CO2eq:	0.0000 g
	0.0000 km travelled by car
	Time:	0:00:00
	Energy:	0.0000 kWh
	CO2eq:	0.0000 g
	0.0000 km travelled by car
___PO com 76 Treads_concluida___
___PO com 78 Treads___
	Time:	0:00:00
	Energy:	0.0000 kWh
	CO2eq:	0.0000 g
	0.0000 km travelled by car
	Time:	0:00:00
	Energy:	0.0000 kWh
	CO2eq:	0.0000 g
	0.0000 km travelled by car
___PO com 78 Treads_concluida___
___PO com 80 Treads___
	Time:	0:00:00
	Energy:	0.0000 kWh
	CO2eq:	0.0000 g
	0.0000 km travelled by car
	Time:	0:00:00
	Energy:	0.0000 kWh
	CO2eq:	0.0000 g
	0.0000 km travelled by car
___PO com 80 Treads_concluida___
___PO com 82 Treads___
	Time:	0:00:00
	Energy:	0.0000 kWh
	CO2eq:	0.0000 g
	0.0000 km travelled by car
	Time:	0:00:00
	Energy:	0.0000 kWh
	CO2eq:	0.0000 g
	0.0000 km travelled by car
___PO com 82 Treads_concluida___
___PO com 84 Treads___
	Time:	0:00:00
	Energy:	0.0000 kWh
	CO2eq:	0.0000 g
	0.0000 km travelled by car
	Time:	0:00:00
	Energy:	0.0000 kWh
	CO2eq:	0.0000 g
	0.0000 km travelled by car
___PO com 84 Treads_concluida___
___PO com 86 Treads___
	Time:	0:00:00
	Energy:	0.0000 kWh
	CO2eq:	0.0000 g
	0.0000 km travelled by car
	Time:	0:00:00
	Energy:	0.0000 kWh
	CO2eq:	0.0000 g
	0.0000 km travelled by car
___PO com 86 Treads_concluida___
___PO com 88 Treads___
	Time:	0:00:00
	Energy:	0.0000 kWh
	CO2eq:	0.0000 g
	0.0000 km travelled by car
	Time:	0:00:00
	Energy:	0.0000 kWh
	CO2eq:	0.0000 g
	0.0000 km travelled by car
___PO com 88 Treads_concluida___
___Fim de PO___:

Start -> ST
compilando ST...
make: Nothing to be done for 'all'.
___Executando ST___:
___ST com 2 Treads___
Execution Time: 146.91103
	Time:	0:02:27
	Energy:	0.0049 kWh
	CO2eq:	2.3621 g
	0.0220 km travelled by car
	Time:	0:02:27
	Energy:	0.0049 kWh
	CO2eq:	2.3621 g
	0.0220 km travelled by car
___ST com 2 Treads_concluida___
___ST com 4 Treads___
Execution Time: 78.22107
	Time:	0:01:18
	Energy:	0.0028 kWh
	CO2eq:	1.3377 g
	0.0124 km travelled by car
	Time:	0:01:18
	Energy:	0.0028 kWh
	CO2eq:	1.3377 g
	0.0124 km travelled by car
___ST com 4 Treads_concluida___
___ST com 6 Treads___
Execution Time: 54.16477
	Time:	0:00:54
	Energy:	0.0020 kWh
	CO2eq:	0.9621 g
	0.0089 km travelled by car
	Time:	0:00:54
	Energy:	0.0020 kWh
	CO2eq:	0.9621 g
	0.0089 km travelled by car
___ST com 6 Treads_concluida___
___ST com 8 Treads___
Execution Time: 45.26919
	Time:	0:00:45
	Energy:	0.0017 kWh
	CO2eq:	0.8262 g
	0.0077 km travelled by car
	Time:	0:00:45
	Energy:	0.0017 kWh
	CO2eq:	0.8262 g
	0.0077 km travelled by car
___ST com 8 Treads_concluida___
___ST com 10 Treads___
Execution Time: 40.51109
	Time:	0:00:41
	Energy:	0.0016 kWh
	CO2eq:	0.7557 g
	0.0070 km travelled by car
	Time:	0:00:41
	Energy:	0.0016 kWh
	CO2eq:	0.7557 g
	0.0070 km travelled by car
___ST com 10 Treads_concluida___
___ST com 12 Treads___
Execution Time: 38.24382
	Time:	0:00:38
	Energy:	0.0015 kWh
	CO2eq:	0.7272 g
	0.0068 km travelled by car
	Time:	0:00:38
	Energy:	0.0015 kWh
	CO2eq:	0.7272 g
	0.0068 km travelled by car
___ST com 12 Treads_concluida___
___ST com 14 Treads___
Execution Time: 36.66160
	Time:	0:00:37
	Energy:	0.0015 kWh
	CO2eq:	0.7062 g
	0.0066 km travelled by car
	Time:	0:00:37
	Energy:	0.0015 kWh
	CO2eq:	0.7062 g
	0.0066 km travelled by car
___ST com 14 Treads_concluida___
___ST com 16 Treads___
Execution Time: 35.40774
	Time:	0:00:35
	Energy:	0.0014 kWh
	CO2eq:	0.6861 g
	0.0064 km travelled by car
	Time:	0:00:35
	Energy:	0.0014 kWh
	CO2eq:	0.6861 g
	0.0064 km travelled by car
___ST com 16 Treads_concluida___
___ST com 18 Treads___
Execution Time: 35.15344
	Time:	0:00:35
	Energy:	0.0014 kWh
	CO2eq:	0.6881 g
	0.0064 km travelled by car
	Time:	0:00:35
	Energy:	0.0014 kWh
	CO2eq:	0.6881 g
	0.0064 km travelled by car
___ST com 18 Treads_concluida___
___ST com 20 Treads___
Execution Time: 34.33905
	Time:	0:00:34
	Energy:	0.0014 kWh
	CO2eq:	0.6831 g
	0.0064 km travelled by car
	Time:	0:00:34
	Energy:	0.0014 kWh
	CO2eq:	0.6831 g
	0.0064 km travelled by car
___ST com 20 Treads_concluida___
___ST com 22 Treads___
Execution Time: 34.43496
	Time:	0:00:34
	Energy:	0.0014 kWh
	CO2eq:	0.6970 g
	0.0065 km travelled by car
	Time:	0:00:34
	Energy:	0.0014 kWh
	CO2eq:	0.6970 g
	0.0065 km travelled by car
___ST com 22 Treads_concluida___
___ST com 24 Treads___
Execution Time: 34.49427
	Time:	0:00:35
	Energy:	0.0015 kWh
	CO2eq:	0.7094 g
	0.0066 km travelled by car
	Time:	0:00:35
	Energy:	0.0015 kWh
	CO2eq:	0.7094 g
	0.0066 km travelled by car
___ST com 24 Treads_concluida___
___ST com 26 Treads___
Execution Time: 33.81175
	Time:	0:00:34
	Energy:	0.0015 kWh
	CO2eq:	0.7066 g
	0.0066 km travelled by car
	Time:	0:00:34
	Energy:	0.0015 kWh
	CO2eq:	0.7066 g
	0.0066 km travelled by car
___ST com 26 Treads_concluida___
___ST com 28 Treads___
Execution Time: 34.33963
	Time:	0:00:34
	Energy:	0.0015 kWh
	CO2eq:	0.7272 g
	0.0068 km travelled by car
	Time:	0:00:34
	Energy:	0.0015 kWh
	CO2eq:	0.7272 g
	0.0068 km travelled by car
___ST com 28 Treads_concluida___
___ST com 30 Treads___
Execution Time: 34.54345
	Time:	0:00:35
	Energy:	0.0015 kWh
	CO2eq:	0.7415 g
	0.0069 km travelled by car
	Time:	0:00:35
	Energy:	0.0015 kWh
	CO2eq:	0.7415 g
	0.0069 km travelled by car
___ST com 30 Treads_concluida___
___ST com 32 Treads___
Execution Time: 33.16627
	Time:	0:00:33
	Energy:	0.0015 kWh
	CO2eq:	0.7235 g
	0.0067 km travelled by car
	Time:	0:00:33
	Energy:	0.0015 kWh
	CO2eq:	0.7235 g
	0.0067 km travelled by car
___ST com 32 Treads_concluida___
___ST com 34 Treads___
Execution Time: 33.77929
	Time:	0:00:34
	Energy:	0.0016 kWh
	CO2eq:	0.7466 g
	0.0069 km travelled by car
	Time:	0:00:34
	Energy:	0.0016 kWh
	CO2eq:	0.7466 g
	0.0069 km travelled by car
___ST com 34 Treads_concluida___
___ST com 36 Treads___
Execution Time: 33.79404
	Time:	0:00:34
	Energy:	0.0016 kWh
	CO2eq:	0.7565 g
	0.0070 km travelled by car
	Time:	0:00:34
	Energy:	0.0016 kWh
	CO2eq:	0.7565 g
	0.0070 km travelled by car
___ST com 36 Treads_concluida___
___ST com 38 Treads___
Execution Time: 33.49495
	Time:	0:00:34
	Energy:	0.0016 kWh
	CO2eq:	0.7609 g
	0.0071 km travelled by car
	Time:	0:00:34
	Energy:	0.0016 kWh
	CO2eq:	0.7609 g
	0.0071 km travelled by car
___ST com 38 Treads_concluida___
___ST com 40 Treads___
Execution Time: 33.43095
	Time:	0:00:33
	Energy:	0.0016 kWh
	CO2eq:	0.7689 g
	0.0072 km travelled by car
	Time:	0:00:33
	Energy:	0.0016 kWh
	CO2eq:	0.7689 g
	0.0072 km travelled by car
___ST com 40 Treads_concluida___
___ST com 42 Treads___
Execution Time: 33.74022
	Time:	0:00:34
	Energy:	0.0016 kWh
	CO2eq:	0.7874 g
	0.0073 km travelled by car
	Time:	0:00:34
	Energy:	0.0016 kWh
	CO2eq:	0.7874 g
	0.0073 km travelled by car
___ST com 42 Treads_concluida___
___ST com 44 Treads___
Execution Time: 33.70824
	Time:	0:00:34
	Energy:	0.0017 kWh
	CO2eq:	0.7981 g
	0.0074 km travelled by car
	Time:	0:00:34
	Energy:	0.0017 kWh
	CO2eq:	0.7981 g
	0.0074 km travelled by car
___ST com 44 Treads_concluida___
___ST com 46 Treads___
Execution Time: 31.85689
	Time:	0:00:32
	Energy:	0.0016 kWh
	CO2eq:	0.7696 g
	0.0072 km travelled by car
	Time:	0:00:32
	Energy:	0.0016 kWh
	CO2eq:	0.7696 g
	0.0072 km travelled by car
___ST com 46 Treads_concluida___
___ST com 48 Treads___
Execution Time: 30.59551
	Time:	0:00:31
	Energy:	0.0016 kWh
	CO2eq:	0.7481 g
	0.0070 km travelled by car
	Time:	0:00:31
	Energy:	0.0016 kWh
	CO2eq:	0.7481 g
	0.0070 km travelled by car
___ST com 48 Treads_concluida___
___ST com 50 Treads___
Execution Time: 29.02671
	Time:	0:00:29
	Energy:	0.0015 kWh
	CO2eq:	0.7178 g
	0.0067 km travelled by car
	Time:	0:00:29
	Energy:	0.0015 kWh
	CO2eq:	0.7158 g
	0.0067 km travelled by car
___ST com 50 Treads_concluida___
___ST com 52 Treads___
Execution Time: 27.74040
	Time:	0:00:28
	Energy:	0.0014 kWh
	CO2eq:	0.6937 g
	0.0065 km travelled by car
	Time:	0:00:28
	Energy:	0.0014 kWh
	CO2eq:	0.6937 g
	0.0065 km travelled by car
___ST com 52 Treads_concluida___
___ST com 54 Treads___
Execution Time: 27.34490
	Time:	0:00:27
	Energy:	0.0014 kWh
	CO2eq:	0.6893 g
	0.0064 km travelled by car
	Time:	0:00:27
	Energy:	0.0014 kWh
	CO2eq:	0.6893 g
	0.0064 km travelled by car
___ST com 54 Treads_concluida___
___ST com 56 Treads___
Execution Time: 25.95867
	Time:	0:00:26
	Energy:	0.0014 kWh
	CO2eq:	0.6642 g
	0.0062 km travelled by car
	Time:	0:00:26
	Energy:	0.0014 kWh
	CO2eq:	0.6642 g
	0.0062 km travelled by car
___ST com 56 Treads_concluida___
___ST com 58 Treads___
Execution Time: 25.33066
	Time:	0:00:25
	Energy:	0.0014 kWh
	CO2eq:	0.6567 g
	0.0061 km travelled by car
	Time:	0:00:25
	Energy:	0.0014 kWh
	CO2eq:	0.6567 g
	0.0061 km travelled by car
___ST com 58 Treads_concluida___
___ST com 60 Treads___
Execution Time: 24.29227
	Time:	0:00:24
	Energy:	0.0013 kWh
	CO2eq:	0.6429 g
	0.0060 km travelled by car
	Time:	0:00:24
	Energy:	0.0013 kWh
	CO2eq:	0.6429 g
	0.0060 km travelled by car
___ST com 60 Treads_concluida___
___ST com 62 Treads___
Execution Time: 23.59869
	Time:	0:00:24
	Energy:	0.0013 kWh
	CO2eq:	0.6329 g
	0.0059 km travelled by car
	Time:	0:00:24
	Energy:	0.0013 kWh
	CO2eq:	0.6329 g
	0.0059 km travelled by car
___ST com 62 Treads_concluida___
___ST com 64 Treads___
Execution Time: 22.61349
	Time:	0:00:23
	Energy:	0.0013 kWh
	CO2eq:	0.6199 g
	0.0058 km travelled by car
	Time:	0:00:23
	Energy:	0.0013 kWh
	CO2eq:	0.6199 g
	0.0058 km travelled by car
___ST com 64 Treads_concluida___
___ST com 66 Treads___
Execution Time: 22.98779
	Time:	0:00:23
	Energy:	0.0013 kWh
	CO2eq:	0.6378 g
	0.0059 km travelled by car
	Time:	0:00:23
	Energy:	0.0013 kWh
	CO2eq:	0.6339 g
	0.0059 km travelled by car
___ST com 66 Treads_concluida___
___ST com 68 Treads___
Execution Time: 21.51078
	Time:	0:00:22
	Energy:	0.0013 kWh
	CO2eq:	0.6100 g
	0.0057 km travelled by car
	Time:	0:00:22
	Energy:	0.0013 kWh
	CO2eq:	0.6100 g
	0.0057 km travelled by car
___ST com 68 Treads_concluida___
___ST com 70 Treads___
Execution Time: 21.27929
	Time:	0:00:21
	Energy:	0.0013 kWh
	CO2eq:	0.6102 g
	0.0057 km travelled by car
	Time:	0:00:21
	Energy:	0.0013 kWh
	CO2eq:	0.6102 g
	0.0057 km travelled by car
___ST com 70 Treads_concluida___
___ST com 72 Treads___
Execution Time: 22.11508
	Time:	0:00:22
	Energy:	0.0013 kWh
	CO2eq:	0.6383 g
	0.0059 km travelled by car
	Time:	0:00:22
	Energy:	0.0013 kWh
	CO2eq:	0.6383 g
	0.0059 km travelled by car
___ST com 72 Treads_concluida___
___ST com 74 Treads___
Execution Time: 20.18770
	Time:	0:00:20
	Energy:	0.0012 kWh
	CO2eq:	0.5931 g
	0.0055 km travelled by car
	Time:	0:00:20
	Energy:	0.0012 kWh
	CO2eq:	0.5931 g
	0.0055 km travelled by car
___ST com 74 Treads_concluida___
___ST com 76 Treads___
Execution Time: 19.36289
	Time:	0:00:19
	Energy:	0.0012 kWh
	CO2eq:	0.5764 g
	0.0054 km travelled by car
	Time:	0:00:19
	Energy:	0.0012 kWh
	CO2eq:	0.5764 g
	0.0054 km travelled by car
___ST com 76 Treads_concluida___
___ST com 78 Treads___
Execution Time: 18.76259
	Time:	0:00:19
	Energy:	0.0012 kWh
	CO2eq:	0.5659 g
	0.0053 km travelled by car
	Time:	0:00:19
	Energy:	0.0012 kWh
	CO2eq:	0.5659 g
	0.0053 km travelled by car
___ST com 78 Treads_concluida___
___ST com 80 Treads___
Execution Time: 18.00896
	Time:	0:00:18
	Energy:	0.0011 kWh
	CO2eq:	0.5502 g
	0.0051 km travelled by car
	Time:	0:00:18
	Energy:	0.0011 kWh
	CO2eq:	0.5502 g
	0.0051 km travelled by car
___ST com 80 Treads_concluida___
___ST com 82 Treads___
Execution Time: 17.95114
	Time:	0:00:18
	Energy:	0.0012 kWh
	CO2eq:	0.5538 g
	0.0052 km travelled by car
	Time:	0:00:18
	Energy:	0.0012 kWh
	CO2eq:	0.5538 g
	0.0052 km travelled by car
___ST com 82 Treads_concluida___
___ST com 84 Treads___
Execution Time: 17.41237
	Time:	0:00:17
	Energy:	0.0011 kWh
	CO2eq:	0.5432 g
	0.0051 km travelled by car
	Time:	0:00:17
	Energy:	0.0011 kWh
	CO2eq:	0.5432 g
	0.0051 km travelled by car
___ST com 84 Treads_concluida___
___ST com 86 Treads___
Execution Time: 18.10958
	Time:	0:00:18
	Energy:	0.0012 kWh
	CO2eq:	0.5686 g
	0.0053 km travelled by car
	Time:	0:00:18
	Energy:	0.0012 kWh
	CO2eq:	0.5686 g
	0.0053 km travelled by car
___ST com 86 Treads_concluida___
___ST com 88 Treads___
Execution Time: 17.00456
	Time:	0:00:17
	Energy:	0.0011 kWh
	CO2eq:	0.5440 g
	0.0051 km travelled by car
	Time:	0:00:17
	Energy:	0.0011 kWh
	CO2eq:	0.5373 g
	0.0050 km travelled by car
___ST com 88 Treads_concluida___
___Fim de ST___:

