Numero de CPUs logicos (threads): 88
Numero de núcleos fisicos: 22
Start -> PO
compilando PO...
rm omp_po
gcc  omp_po.c -o omp_po -fopenmp -lm -O3
___Executando PO___:
___PO com 2 Treads___
Execution Time: 250.33986
	Time:	0:04:10
	Energy:	0.0085 kWh
	CO2eq:	0.8314 g
	0.0077 km travelled by car
	Time:	0:04:10
	Energy:	0.0085 kWh
	CO2eq:	0.8314 g
	0.0077 km travelled by car
___PO com 2 Treads_concluida___
___PO com 4 Treads___
Execution Time: 134.25068
	Time:	0:02:14
	Energy:	0.0048 kWh
	CO2eq:	0.4752 g
	0.0044 km travelled by car
	Time:	0:02:14
	Energy:	0.0048 kWh
	CO2eq:	0.4752 g
	0.0044 km travelled by car
___PO com 4 Treads_concluida___
___PO com 6 Treads___
Execution Time: 93.71560
	Time:	0:01:34
	Energy:	0.0035 kWh
	CO2eq:	0.3459 g
	0.0032 km travelled by car
	Time:	0:01:34
	Energy:	0.0035 kWh
	CO2eq:	0.3459 g
	0.0032 km travelled by car
___PO com 6 Treads_concluida___
___PO com 8 Treads___
Execution Time: 77.18622
	Time:	0:01:17
	Energy:	0.0030 kWh
	CO2eq:	0.2950 g
	0.0027 km travelled by car
	Time:	0:01:17
	Energy:	0.0030 kWh
	CO2eq:	0.2944 g
	0.0027 km travelled by car
___PO com 8 Treads_concluida___
___PO com 10 Treads___
Execution Time: 68.56569
	Time:	0:01:09
	Energy:	0.0027 kWh
	CO2eq:	0.2690 g
	0.0025 km travelled by car
	Time:	0:01:09
	Energy:	0.0027 kWh
	CO2eq:	0.2690 g
	0.0025 km travelled by car
___PO com 10 Treads_concluida___
___PO com 12 Treads___
Execution Time: 63.85342
	Time:	0:01:04
	Energy:	0.0026 kWh
	CO2eq:	0.2551 g
	0.0024 km travelled by car
	Time:	0:01:04
	Energy:	0.0026 kWh
	CO2eq:	0.2551 g
	0.0024 km travelled by car
___PO com 12 Treads_concluida___
___PO com 14 Treads___
Execution Time: 61.48354
	Time:	0:01:01
	Energy:	0.0025 kWh
	CO2eq:	0.2489 g
	0.0023 km travelled by car
	Time:	0:01:01
	Energy:	0.0025 kWh
	CO2eq:	0.2489 g
	0.0023 km travelled by car
___PO com 14 Treads_concluida___
___PO com 16 Treads___
Execution Time: 59.51074
	Time:	0:01:00
	Energy:	0.0025 kWh
	CO2eq:	0.2437 g
	0.0023 km travelled by car
	Time:	0:01:00
	Energy:	0.0025 kWh
	CO2eq:	0.2437 g
	0.0023 km travelled by car
___PO com 16 Treads_concluida___
___PO com 18 Treads___
Execution Time: 58.16265
	Time:	0:00:58
	Energy:	0.0024 kWh
	CO2eq:	0.2403 g
	0.0022 km travelled by car
	Time:	0:00:58
	Energy:	0.0024 kWh
	CO2eq:	0.2403 g
	0.0022 km travelled by car
___PO com 18 Treads_concluida___
___PO com 20 Treads___
Execution Time: 56.42449
	Time:	0:00:56
	Energy:	0.0024 kWh
	CO2eq:	0.2376 g
	0.0022 km travelled by car
	Time:	0:00:56
	Energy:	0.0024 kWh
	CO2eq:	0.2376 g
	0.0022 km travelled by car
___PO com 20 Treads_concluida___
___PO com 22 Treads___
Execution Time: 56.93443
	Time:	0:00:57
	Energy:	0.0025 kWh
	CO2eq:	0.2429 g
	0.0023 km travelled by car
	Time:	0:00:57
	Energy:	0.0025 kWh
	CO2eq:	0.2429 g
	0.0023 km travelled by car
___PO com 22 Treads_concluida___
___PO com 24 Treads___
Execution Time: 56.23355
	Time:	0:00:56
	Energy:	0.0025 kWh
	CO2eq:	0.2440 g
	0.0023 km travelled by car
	Time:	0:00:56
	Energy:	0.0025 kWh
	CO2eq:	0.2440 g
	0.0023 km travelled by car
___PO com 24 Treads_concluida___
___PO com 26 Treads___
Execution Time: 55.94337
	Time:	0:00:56
	Energy:	0.0025 kWh
	CO2eq:	0.2462 g
	0.0023 km travelled by car
	Time:	0:00:56
	Energy:	0.0025 kWh
	CO2eq:	0.2462 g
	0.0023 km travelled by car
___PO com 26 Treads_concluida___
___PO com 28 Treads___
Execution Time: 56.38853
	Time:	0:00:56
	Energy:	0.0026 kWh
	CO2eq:	0.2517 g
	0.0023 km travelled by car
	Time:	0:00:56
	Energy:	0.0026 kWh
	CO2eq:	0.2517 g
	0.0023 km travelled by car
___PO com 28 Treads_concluida___
___PO com 30 Treads___
Execution Time: 55.54021
	Time:	0:00:56
	Energy:	0.0026 kWh
	CO2eq:	0.2518 g
	0.0023 km travelled by car
	Time:	0:00:56
	Energy:	0.0026 kWh
	CO2eq:	0.2518 g
	0.0023 km travelled by car
___PO com 30 Treads_concluida___
___PO com 32 Treads___
Execution Time: 55.63625
	Time:	0:00:56
	Energy:	0.0026 kWh
	CO2eq:	0.2557 g
	0.0024 km travelled by car
	Time:	0:00:56
	Energy:	0.0026 kWh
	CO2eq:	0.2557 g
	0.0024 km travelled by car
___PO com 32 Treads_concluida___
___PO com 34 Treads___
Execution Time: 55.73893
	Time:	0:00:56
	Energy:	0.0026 kWh
	CO2eq:	0.2593 g
	0.0024 km travelled by car
	Time:	0:00:56
	Energy:	0.0026 kWh
	CO2eq:	0.2593 g
	0.0024 km travelled by car
___PO com 34 Treads_concluida___
___PO com 36 Treads___
Execution Time: 55.46764
	Time:	0:00:55
	Energy:	0.0027 kWh
	CO2eq:	0.2611 g
	0.0024 km travelled by car
	Time:	0:00:55
	Energy:	0.0027 kWh
	CO2eq:	0.2611 g
	0.0024 km travelled by car
___PO com 36 Treads_concluida___
___PO com 38 Treads___
Execution Time: 55.16764
	Time:	0:00:55
	Energy:	0.0026 kWh
	CO2eq:	0.2563 g
	0.0024 km travelled by car
	Time:	0:00:55
	Energy:	0.0026 kWh
	CO2eq:	0.2560 g
	0.0024 km travelled by car
___PO com 38 Treads_concluida___
___PO com 40 Treads___
Execution Time: 55.79109
	Time:	0:00:56
	Energy:	0.0027 kWh
	CO2eq:	0.2694 g
	0.0025 km travelled by car
	Time:	0:00:56
	Energy:	0.0027 kWh
	CO2eq:	0.2694 g
	0.0025 km travelled by car
___PO com 40 Treads_concluida___
___PO com 42 Treads___
Execution Time: 55.43238
	Time:	0:00:55
	Energy:	0.0028 kWh
	CO2eq:	0.2710 g
	0.0025 km travelled by car
	Time:	0:00:55
	Energy:	0.0028 kWh
	CO2eq:	0.2710 g
	0.0025 km travelled by car
___PO com 42 Treads_concluida___
___PO com 44 Treads___
Execution Time: 55.56532
	Time:	0:00:56
	Energy:	0.0028 kWh
	CO2eq:	0.2745 g
	0.0026 km travelled by car
	Time:	0:00:56
	Energy:	0.0028 kWh
	CO2eq:	0.2745 g
	0.0026 km travelled by car
___PO com 44 Treads_concluida___
___PO com 46 Treads___
Execution Time: 52.71997
	Time:	0:00:53
	Energy:	0.0027 kWh
	CO2eq:	0.2634 g
	0.0025 km travelled by car
	Time:	0:00:53
	Energy:	0.0027 kWh
	CO2eq:	0.2634 g
	0.0025 km travelled by car
___PO com 46 Treads_concluida___
___PO com 48 Treads___
Execution Time: 51.04508
	Time:	0:00:51
	Energy:	0.0026 kWh
	CO2eq:	0.2569 g
	0.0024 km travelled by car
	Time:	0:00:51
	Energy:	0.0026 kWh
	CO2eq:	0.2569 g
	0.0024 km travelled by car
___PO com 48 Treads_concluida___
___PO com 50 Treads___
Execution Time: 48.72428
	Time:	0:00:49
	Energy:	0.0025 kWh
	CO2eq:	0.2487 g
	0.0023 km travelled by car
	Time:	0:00:49
	Energy:	0.0025 kWh
	CO2eq:	0.2487 g
	0.0023 km travelled by car
___PO com 50 Treads_concluida___
___PO com 52 Treads___
Execution Time: 47.35588
	Time:	0:00:47
	Energy:	0.0025 kWh
	CO2eq:	0.2463 g
	0.0023 km travelled by car
	Time:	0:00:47
	Energy:	0.0025 kWh
	CO2eq:	0.2463 g
	0.0023 km travelled by car
___PO com 52 Treads_concluida___
___PO com 54 Treads___
Execution Time: 45.33159
	Time:	0:00:45
	Energy:	0.0024 kWh
	CO2eq:	0.2393 g
	0.0022 km travelled by car
	Time:	0:00:45
	Energy:	0.0024 kWh
	CO2eq:	0.2393 g
	0.0022 km travelled by car
___PO com 54 Treads_concluida___
___PO com 56 Treads___
Execution Time: 44.04678
	Time:	0:00:44
	Energy:	0.0024 kWh
	CO2eq:	0.2350 g
	0.0022 km travelled by car
	Time:	0:00:44
	Energy:	0.0024 kWh
	CO2eq:	0.2350 g
	0.0022 km travelled by car
___PO com 56 Treads_concluida___
___PO com 58 Treads___
Execution Time: 43.01075
	Time:	0:00:43
	Energy:	0.0024 kWh
	CO2eq:	0.2321 g
	0.0022 km travelled by car
	Time:	0:00:43
	Energy:	0.0024 kWh
	CO2eq:	0.2321 g
	0.0022 km travelled by car
___PO com 58 Treads_concluida___
___PO com 60 Treads___
Execution Time: 41.85919
	Time:	0:00:42
	Energy:	0.0023 kWh
	CO2eq:	0.2287 g
	0.0021 km travelled by car
	Time:	0:00:42
	Energy:	0.0023 kWh
	CO2eq:	0.2287 g
	0.0021 km travelled by car
___PO com 60 Treads_concluida___
___PO com 62 Treads___
Execution Time: 40.16721
	Time:	0:00:40
	Energy:	0.0023 kWh
	CO2eq:	0.2229 g
	0.0021 km travelled by car
	Time:	0:00:40
	Energy:	0.0023 kWh
	CO2eq:	0.2229 g
	0.0021 km travelled by car
___PO com 62 Treads_concluida___
___PO com 64 Treads___
Execution Time: 38.84446
	Time:	0:00:39
	Energy:	0.0022 kWh
	CO2eq:	0.2183 g
	0.0020 km travelled by car
	Time:	0:00:39
	Energy:	0.0022 kWh
	CO2eq:	0.2183 g
	0.0020 km travelled by car
___PO com 64 Treads_concluida___
___PO com 66 Treads___
Execution Time: 37.58622
	Time:	0:00:38
	Energy:	0.0022 kWh
	CO2eq:	0.2153 g
	0.0020 km travelled by car
	Time:	0:00:38
	Energy:	0.0022 kWh
	CO2eq:	0.2153 g
	0.0020 km travelled by car
___PO com 66 Treads_concluida___
___PO com 68 Treads___
Execution Time: 36.35226
	Time:	0:00:36
	Energy:	0.0022 kWh
	CO2eq:	0.2122 g
	0.0020 km travelled by car
	Time:	0:00:36
	Energy:	0.0022 kWh
	CO2eq:	0.2122 g
	0.0020 km travelled by car
___PO com 68 Treads_concluida___
___PO com 70 Treads___
Execution Time: 35.08513
	Time:	0:00:35
	Energy:	0.0021 kWh
	CO2eq:	0.2093 g
	0.0019 km travelled by car
	Time:	0:00:35
	Energy:	0.0021 kWh
	CO2eq:	0.2087 g
	0.0019 km travelled by car
___PO com 70 Treads_concluida___
___PO com 72 Treads___
Execution Time: 34.79783
	Time:	0:00:35
	Energy:	0.0021 kWh
	CO2eq:	0.2103 g
	0.0020 km travelled by car
	Time:	0:00:35
	Energy:	0.0021 kWh
	CO2eq:	0.2103 g
	0.0020 km travelled by car
___PO com 72 Treads_concluida___
___PO com 74 Treads___
Execution Time: 34.21508
	Time:	0:00:34
	Energy:	0.0021 kWh
	CO2eq:	0.2100 g
	0.0020 km travelled by car
	Time:	0:00:34
	Energy:	0.0021 kWh
	CO2eq:	0.2100 g
	0.0020 km travelled by car
___PO com 74 Treads_concluida___
___PO com 76 Treads___
	Time:	0:00:00
	Energy:	0.0000 kWh
	CO2eq:	0.0001 g
	0.0000 km travelled by car
	Time:	0:00:00
	Energy:	0.0000 kWh
	CO2eq:	0.0001 g
	0.0000 km travelled by car
___PO com 76 Treads_concluida___
___PO com 78 Treads___
	Time:	0:00:00
	Energy:	0.0000 kWh
	CO2eq:	0.0000 g
	0.0000 km travelled by car
	Time:	0:00:00
	Energy:	0.0000 kWh
	CO2eq:	0.0000 g
	0.0000 km travelled by car
___PO com 78 Treads_concluida___
___PO com 80 Treads___
	Time:	0:00:00
	Energy:	0.0000 kWh
	CO2eq:	0.0001 g
	0.0000 km travelled by car
	Time:	0:00:00
	Energy:	0.0000 kWh
	CO2eq:	0.0001 g
	0.0000 km travelled by car
___PO com 80 Treads_concluida___
___PO com 82 Treads___
	Time:	0:00:00
	Energy:	0.0000 kWh
	CO2eq:	0.0001 g
	0.0000 km travelled by car
	Time:	0:00:00
	Energy:	0.0000 kWh
	CO2eq:	0.0001 g
	0.0000 km travelled by car
___PO com 82 Treads_concluida___
___PO com 84 Treads___
	Time:	0:00:00
	Energy:	0.0000 kWh
	CO2eq:	0.0001 g
	0.0000 km travelled by car
	Time:	0:00:00
	Energy:	0.0000 kWh
	CO2eq:	0.0001 g
	0.0000 km travelled by car
___PO com 84 Treads_concluida___
___PO com 86 Treads___
	Time:	0:00:00
	Energy:	0.0000 kWh
	CO2eq:	0.0002 g
	0.0000 km travelled by car
	Time:	0:00:00
	Energy:	0.0000 kWh
	CO2eq:	0.0002 g
	0.0000 km travelled by car
___PO com 86 Treads_concluida___
___PO com 88 Treads___
	Time:	0:00:00
	Energy:	0.0000 kWh
	CO2eq:	0.0002 g
	0.0000 km travelled by car
	Time:	0:00:00
	Energy:	0.0000 kWh
	CO2eq:	0.0002 g
	0.0000 km travelled by car
___PO com 88 Treads_concluida___
___Fim de PO___:

Start -> ST
compilando ST...
make: Nothing to be done for 'all'.
___Executando ST___:
___ST com 2 Treads___
Execution Time: 146.49513
	Time:	0:02:27
	Energy:	0.0049 kWh
	CO2eq:	0.4788 g
	0.0045 km travelled by car
	Time:	0:02:27
	Energy:	0.0049 kWh
	CO2eq:	0.4788 g
	0.0045 km travelled by car
___ST com 2 Treads_concluida___
___ST com 4 Treads___
Execution Time: 77.73012
	Time:	0:01:18
	Energy:	0.0028 kWh
	CO2eq:	0.2705 g
	0.0025 km travelled by car
	Time:	0:01:18
	Energy:	0.0028 kWh
	CO2eq:	0.2705 g
	0.0025 km travelled by car
___ST com 4 Treads_concluida___
___ST com 6 Treads___
Execution Time: 54.18190
	Time:	0:00:54
	Energy:	0.0020 kWh
	CO2eq:	0.1965 g
	0.0018 km travelled by car
	Time:	0:00:54
	Energy:	0.0020 kWh
	CO2eq:	0.1965 g
	0.0018 km travelled by car
___ST com 6 Treads_concluida___
___ST com 8 Treads___
Execution Time: 45.17888
	Time:	0:00:45
	Energy:	0.0017 kWh
	CO2eq:	0.1689 g
	0.0016 km travelled by car
	Time:	0:00:45
	Energy:	0.0017 kWh
	CO2eq:	0.1689 g
	0.0016 km travelled by car
___ST com 8 Treads_concluida___
___ST com 10 Treads___
Execution Time: 40.34451
	Time:	0:00:40
	Energy:	0.0016 kWh
	CO2eq:	0.1542 g
	0.0014 km travelled by car
	Time:	0:00:40
	Energy:	0.0016 kWh
	CO2eq:	0.1542 g
	0.0014 km travelled by car
___ST com 10 Treads_concluida___
___ST com 12 Treads___
Execution Time: 38.17186
	Time:	0:00:38
	Energy:	0.0015 kWh
	CO2eq:	0.1485 g
	0.0014 km travelled by car
	Time:	0:00:38
	Energy:	0.0015 kWh
	CO2eq:	0.1485 g
	0.0014 km travelled by car
___ST com 12 Treads_concluida___
___ST com 14 Treads___
Execution Time: 37.08102
	Time:	0:00:37
	Energy:	0.0015 kWh
	CO2eq:	0.1460 g
	0.0014 km travelled by car
	Time:	0:00:37
	Energy:	0.0015 kWh
	CO2eq:	0.1457 g
	0.0014 km travelled by car
___ST com 14 Treads_concluida___
___ST com 16 Treads___
Execution Time: 35.48056
	Time:	0:00:36
	Energy:	0.0014 kWh
	CO2eq:	0.1410 g
	0.0013 km travelled by car
	Time:	0:00:36
	Energy:	0.0014 kWh
	CO2eq:	0.1410 g
	0.0013 km travelled by car
___ST com 16 Treads_concluida___
___ST com 18 Treads___
Execution Time: 35.24729
	Time:	0:00:35
	Energy:	0.0014 kWh
	CO2eq:	0.1415 g
	0.0013 km travelled by car
	Time:	0:00:35
	Energy:	0.0014 kWh
	CO2eq:	0.1415 g
	0.0013 km travelled by car
___ST com 18 Treads_concluida___
___ST com 20 Treads___
Execution Time: 33.98947
	Time:	0:00:34
	Energy:	0.0014 kWh
	CO2eq:	0.1391 g
	0.0013 km travelled by car
	Time:	0:00:34
	Energy:	0.0014 kWh
	CO2eq:	0.1391 g
	0.0013 km travelled by car
___ST com 20 Treads_concluida___
___ST com 22 Treads___
Execution Time: 34.64571
	Time:	0:00:35
	Energy:	0.0015 kWh
	CO2eq:	0.1439 g
	0.0013 km travelled by car
	Time:	0:00:35
	Energy:	0.0015 kWh
	CO2eq:	0.1439 g
	0.0013 km travelled by car
___ST com 22 Treads_concluida___
___ST com 24 Treads___
Execution Time: 34.76051
	Time:	0:00:35
	Energy:	0.0015 kWh
	CO2eq:	0.1464 g
	0.0014 km travelled by car
	Time:	0:00:35
	Energy:	0.0015 kWh
	CO2eq:	0.1464 g
	0.0014 km travelled by car
___ST com 24 Treads_concluida___
___ST com 26 Treads___
Execution Time: 34.61120
	Time:	0:00:35
	Energy:	0.0015 kWh
	CO2eq:	0.1476 g
	0.0014 km travelled by car
	Time:	0:00:35
	Energy:	0.0015 kWh
	CO2eq:	0.1476 g
	0.0014 km travelled by car
___ST com 26 Treads_concluida___
___ST com 28 Treads___
Execution Time: 34.34362
	Time:	0:00:34
	Energy:	0.0015 kWh
	CO2eq:	0.1485 g
	0.0014 km travelled by car
	Time:	0:00:34
	Energy:	0.0015 kWh
	CO2eq:	0.1485 g
	0.0014 km travelled by car
___ST com 28 Treads_concluida___
___ST com 30 Treads___
Execution Time: 34.23637
	Time:	0:00:34
	Energy:	0.0015 kWh
	CO2eq:	0.1502 g
	0.0014 km travelled by car
	Time:	0:00:34
	Energy:	0.0015 kWh
	CO2eq:	0.1502 g
	0.0014 km travelled by car
___ST com 30 Treads_concluida___
___ST com 32 Treads___
Execution Time: 33.58416
	Time:	0:00:34
	Energy:	0.0015 kWh
	CO2eq:	0.1493 g
	0.0014 km travelled by car
	Time:	0:00:34
	Energy:	0.0015 kWh
	CO2eq:	0.1493 g
	0.0014 km travelled by car
___ST com 32 Treads_concluida___
___ST com 34 Treads___
Execution Time: 33.82202
	Time:	0:00:34
	Energy:	0.0016 kWh
	CO2eq:	0.1527 g
	0.0014 km travelled by car
	Time:	0:00:34
	Energy:	0.0016 kWh
	CO2eq:	0.1527 g
	0.0014 km travelled by car
___ST com 34 Treads_concluida___
___ST com 36 Treads___
Execution Time: 33.68122
	Time:	0:00:34
	Energy:	0.0016 kWh
	CO2eq:	0.1541 g
	0.0014 km travelled by car
	Time:	0:00:34
	Energy:	0.0016 kWh
	CO2eq:	0.1541 g
	0.0014 km travelled by car
___ST com 36 Treads_concluida___
___ST com 38 Treads___
Execution Time: 33.92043
	Time:	0:00:34
	Energy:	0.0016 kWh
	CO2eq:	0.1572 g
	0.0015 km travelled by car
	Time:	0:00:34
	Energy:	0.0016 kWh
	CO2eq:	0.1572 g
	0.0015 km travelled by car
___ST com 38 Treads_concluida___
___ST com 40 Treads___
Execution Time: 33.31306
	Time:	0:00:33
	Energy:	0.0016 kWh
	CO2eq:	0.1566 g
	0.0015 km travelled by car
	Time:	0:00:33
	Energy:	0.0016 kWh
	CO2eq:	0.1566 g
	0.0015 km travelled by car
___ST com 40 Treads_concluida___
___ST com 42 Treads___
Execution Time: 33.75616
	Time:	0:00:34
	Energy:	0.0016 kWh
	CO2eq:	0.1605 g
	0.0015 km travelled by car
	Time:	0:00:34
	Energy:	0.0016 kWh
	CO2eq:	0.1605 g
	0.0015 km travelled by car
___ST com 42 Treads_concluida___
___ST com 44 Treads___
Execution Time: 34.04458
	Time:	0:00:34
	Energy:	0.0017 kWh
	CO2eq:	0.1637 g
	0.0015 km travelled by car
	Time:	0:00:34
	Energy:	0.0017 kWh
	CO2eq:	0.1637 g
	0.0015 km travelled by car
___ST com 44 Treads_concluida___
___ST com 46 Treads___
Execution Time: 32.03674
	Time:	0:00:32
	Energy:	0.0016 kWh
	CO2eq:	0.1578 g
	0.0015 km travelled by car
	Time:	0:00:32
	Energy:	0.0016 kWh
	CO2eq:	0.1578 g
	0.0015 km travelled by car
___ST com 46 Treads_concluida___
___ST com 48 Treads___
Execution Time: 31.08015
	Time:	0:00:31
	Energy:	0.0016 kWh
	CO2eq:	0.1547 g
	0.0014 km travelled by car
	Time:	0:00:31
	Energy:	0.0016 kWh
	CO2eq:	0.1545 g
	0.0014 km travelled by car
___ST com 48 Treads_concluida___
___ST com 50 Treads___
Execution Time: 28.91606
	Time:	0:00:29
	Energy:	0.0015 kWh
	CO2eq:	0.1456 g
	0.0014 km travelled by car
	Time:	0:00:29
	Energy:	0.0015 kWh
	CO2eq:	0.1456 g
	0.0014 km travelled by car
___ST com 50 Treads_concluida___
___ST com 52 Treads___
Execution Time: 27.79643
	Time:	0:00:28
	Energy:	0.0014 kWh
	CO2eq:	0.1419 g
	0.0013 km travelled by car
	Time:	0:00:28
	Energy:	0.0014 kWh
	CO2eq:	0.1419 g
	0.0013 km travelled by car
___ST com 52 Treads_concluida___
___ST com 54 Treads___
Execution Time: 27.28638
	Time:	0:00:27
	Energy:	0.0014 kWh
	CO2eq:	0.1407 g
	0.0013 km travelled by car
	Time:	0:00:27
	Energy:	0.0014 kWh
	CO2eq:	0.1407 g
	0.0013 km travelled by car
___ST com 54 Treads_concluida___
___ST com 56 Treads___
Execution Time: 26.31335
	Time:	0:00:26
	Energy:	0.0014 kWh
	CO2eq:	0.1372 g
	0.0013 km travelled by car
	Time:	0:00:26
	Energy:	0.0014 kWh
	CO2eq:	0.1372 g
	0.0013 km travelled by car
___ST com 56 Treads_concluida___
___ST com 58 Treads___
Execution Time: 25.15811
	Time:	0:00:25
	Energy:	0.0014 kWh
	CO2eq:	0.1334 g
	0.0012 km travelled by car
	Time:	0:00:25
	Energy:	0.0014 kWh
	CO2eq:	0.1334 g
	0.0012 km travelled by car
___ST com 58 Treads_concluida___
___ST com 60 Treads___
Execution Time: 25.31039
	Time:	0:00:25
	Energy:	0.0014 kWh
	CO2eq:	0.1356 g
	0.0013 km travelled by car
	Time:	0:00:25
	Energy:	0.0014 kWh
	CO2eq:	0.1356 g
	0.0013 km travelled by car
___ST com 60 Treads_concluida___
___ST com 62 Treads___
Execution Time: 23.71875
	Time:	0:00:24
	Energy:	0.0013 kWh
	CO2eq:	0.1299 g
	0.0012 km travelled by car
	Time:	0:00:24
	Energy:	0.0013 kWh
	CO2eq:	0.1299 g
	0.0012 km travelled by car
___ST com 62 Treads_concluida___
___ST com 64 Treads___
Execution Time: 23.55814
	Time:	0:00:24
	Energy:	0.0013 kWh
	CO2eq:	0.1311 g
	0.0012 km travelled by car
	Time:	0:00:24
	Energy:	0.0013 kWh
	CO2eq:	0.1311 g
	0.0012 km travelled by car
___ST com 64 Treads_concluida___
___ST com 66 Treads___
Execution Time: 21.90866
	Time:	0:00:22
	Energy:	0.0013 kWh
	CO2eq:	0.1253 g
	0.0012 km travelled by car
	Time:	0:00:22
	Energy:	0.0013 kWh
	CO2eq:	0.1253 g
	0.0012 km travelled by car
___ST com 66 Treads_concluida___
___ST com 68 Treads___
Execution Time: 22.13038
	Time:	0:00:22
	Energy:	0.0013 kWh
	CO2eq:	0.1278 g
	0.0012 km travelled by car
	Time:	0:00:22
	Energy:	0.0013 kWh
	CO2eq:	0.1278 g
	0.0012 km travelled by car
___ST com 68 Treads_concluida___
___ST com 70 Treads___
Execution Time: 21.12356
	Time:	0:00:21
	Energy:	0.0013 kWh
	CO2eq:	0.1239 g
	0.0012 km travelled by car
	Time:	0:00:21
	Energy:	0.0013 kWh
	CO2eq:	0.1239 g
	0.0012 km travelled by car
___ST com 70 Treads_concluida___
___ST com 72 Treads___
Execution Time: 20.31821
	Time:	0:00:20
	Energy:	0.0012 kWh
	CO2eq:	0.1209 g
	0.0011 km travelled by car
	Time:	0:00:20
	Energy:	0.0012 kWh
	CO2eq:	0.1209 g
	0.0011 km travelled by car
___ST com 72 Treads_concluida___
___ST com 74 Treads___
Execution Time: 20.11051
	Time:	0:00:20
	Energy:	0.0012 kWh
	CO2eq:	0.1210 g
	0.0011 km travelled by car
	Time:	0:00:20
	Energy:	0.0012 kWh
	CO2eq:	0.1210 g
	0.0011 km travelled by car
___ST com 74 Treads_concluida___
___ST com 76 Treads___
Execution Time: 19.40699
	Time:	0:00:19
	Energy:	0.0012 kWh
	CO2eq:	0.1184 g
	0.0011 km travelled by car
	Time:	0:00:19
	Energy:	0.0012 kWh
	CO2eq:	0.1184 g
	0.0011 km travelled by car
___ST com 76 Treads_concluida___
___ST com 78 Treads___
Execution Time: 18.59772
	Time:	0:00:19
	Energy:	0.0012 kWh
	CO2eq:	0.1150 g
	0.0011 km travelled by car
	Time:	0:00:19
	Energy:	0.0012 kWh
	CO2eq:	0.1150 g
	0.0011 km travelled by car
___ST com 78 Treads_concluida___
___ST com 80 Treads___
Execution Time: 18.12018
	Time:	0:00:18
	Energy:	0.0011 kWh
	CO2eq:	0.1131 g
	0.0011 km travelled by car
	Time:	0:00:18
	Energy:	0.0011 kWh
	CO2eq:	0.1131 g
	0.0011 km travelled by car
___ST com 80 Treads_concluida___
___ST com 82 Treads___
Execution Time: 17.84079
	Time:	0:00:18
	Energy:	0.0011 kWh
	CO2eq:	0.1129 g
	0.0010 km travelled by car
	Time:	0:00:18
	Energy:	0.0011 kWh
	CO2eq:	0.1129 g
	0.0010 km travelled by car
___ST com 82 Treads_concluida___
___ST com 84 Treads___
Execution Time: 17.15153
	Time:	0:00:17
	Energy:	0.0011 kWh
	CO2eq:	0.1098 g
	0.0010 km travelled by car
	Time:	0:00:17
	Energy:	0.0011 kWh
	CO2eq:	0.1098 g
	0.0010 km travelled by car
___ST com 84 Treads_concluida___
___ST com 86 Treads___
Execution Time: 16.95808
	Time:	0:00:17
	Energy:	0.0011 kWh
	CO2eq:	0.1097 g
	0.0010 km travelled by car
	Time:	0:00:17
	Energy:	0.0011 kWh
	CO2eq:	0.1086 g
	0.0010 km travelled by car
___ST com 86 Treads_concluida___
___ST com 88 Treads___
Execution Time: 16.68742
	Time:	0:00:17
	Energy:	0.0011 kWh
	CO2eq:	0.1096 g
	0.0010 km travelled by car
	Time:	0:00:17
	Energy:	0.0011 kWh
	CO2eq:	0.1096 g
	0.0010 km travelled by car
___ST com 88 Treads_concluida___
___Fim de ST___:

