Numero de CPUs logicos (threads): 88
Numero de núcleos fisicos: 22
Start -> PO
compilando PO...
rm omp_po
gcc  omp_po.c -o omp_po -fopenmp -lm -O3
___Executando PO___:
___PO com 2 Treads___
Execution Time: 249.49000
	Time:	0:04:10
	Energy:	0.0084 kWh
	CO2eq:	0.8221 g
	0.0076 km travelled by car
	Time:	0:04:10
	Energy:	0.0084 kWh
	CO2eq:	0.8221 g
	0.0076 km travelled by car
___PO com 2 Treads_concluida___
___PO com 4 Treads___
Execution Time: 134.26551
	Time:	0:02:14
	Energy:	0.0048 kWh
	CO2eq:	0.4697 g
	0.0044 km travelled by car
	Time:	0:02:14
	Energy:	0.0048 kWh
	CO2eq:	0.4697 g
	0.0044 km travelled by car
___PO com 4 Treads_concluida___
___PO com 6 Treads___
Execution Time: 93.26492
	Time:	0:01:33
	Energy:	0.0035 kWh
	CO2eq:	0.3445 g
	0.0032 km travelled by car
	Time:	0:01:33
	Energy:	0.0035 kWh
	CO2eq:	0.3440 g
	0.0032 km travelled by car
___PO com 6 Treads_concluida___
___PO com 8 Treads___
Execution Time: 77.16068
	Time:	0:01:17
	Energy:	0.0030 kWh
	CO2eq:	0.2952 g
	0.0027 km travelled by car
	Time:	0:01:17
	Energy:	0.0030 kWh
	CO2eq:	0.2947 g
	0.0027 km travelled by car
___PO com 8 Treads_concluida___
___PO com 10 Treads___
Execution Time: 69.16972
	Time:	0:01:09
	Energy:	0.0028 kWh
	CO2eq:	0.2721 g
	0.0025 km travelled by car
	Time:	0:01:09
	Energy:	0.0028 kWh
	CO2eq:	0.2716 g
	0.0025 km travelled by car
___PO com 10 Treads_concluida___
___PO com 12 Treads___
Execution Time: 63.58239
	Time:	0:01:04
	Energy:	0.0026 kWh
	CO2eq:	0.2550 g
	0.0024 km travelled by car
	Time:	0:01:04
	Energy:	0.0026 kWh
	CO2eq:	0.2550 g
	0.0024 km travelled by car
___PO com 12 Treads_concluida___
___PO com 14 Treads___
Execution Time: 61.55487
	Time:	0:01:02
	Energy:	0.0025 kWh
	CO2eq:	0.2500 g
	0.0023 km travelled by car
	Time:	0:01:02
	Energy:	0.0025 kWh
	CO2eq:	0.2500 g
	0.0023 km travelled by car
___PO com 14 Treads_concluida___
___PO com 16 Treads___
	Time:	0:00:00
	Energy:	0.0000 kWh
	CO2eq:	0.0000 g
	0.0000 km travelled by car
	Time:	0:00:00
	Energy:	0.0000 kWh
	CO2eq:	0.0000 g
	0.0000 km travelled by car
___PO com 16 Treads_concluida___
___PO com 18 Treads___
	Time:	0:00:00
	Energy:	0.0000 kWh
	CO2eq:	0.0000 g
	0.0000 km travelled by car
	Time:	0:00:00
	Energy:	0.0000 kWh
	CO2eq:	0.0000 g
	0.0000 km travelled by car
___PO com 18 Treads_concluida___
___PO com 20 Treads___
	Time:	0:00:00
	Energy:	0.0000 kWh
	CO2eq:	0.0000 g
	0.0000 km travelled by car
	Time:	0:00:00
	Energy:	0.0000 kWh
	CO2eq:	0.0000 g
	0.0000 km travelled by car
___PO com 20 Treads_concluida___
___PO com 22 Treads___
	Time:	0:00:00
	Energy:	0.0000 kWh
	CO2eq:	0.0001 g
	0.0000 km travelled by car
	Time:	0:00:00
	Energy:	0.0000 kWh
	CO2eq:	0.0001 g
	0.0000 km travelled by car
___PO com 22 Treads_concluida___
___PO com 24 Treads___
	Time:	0:00:00
	Energy:	0.0000 kWh
	CO2eq:	0.0000 g
	0.0000 km travelled by car
	Time:	0:00:00
	Energy:	0.0000 kWh
	CO2eq:	0.0000 g
	0.0000 km travelled by car
___PO com 24 Treads_concluida___
___PO com 26 Treads___
	Time:	0:00:00
	Energy:	0.0000 kWh
	CO2eq:	0.0000 g
	0.0000 km travelled by car
	Time:	0:00:00
	Energy:	0.0000 kWh
	CO2eq:	0.0000 g
	0.0000 km travelled by car
___PO com 26 Treads_concluida___
___PO com 28 Treads___
	Time:	0:00:00
	Energy:	0.0000 kWh
	CO2eq:	0.0000 g
	0.0000 km travelled by car
	Time:	0:00:00
	Energy:	0.0000 kWh
	CO2eq:	0.0000 g
	0.0000 km travelled by car
___PO com 28 Treads_concluida___
___PO com 30 Treads___
	Time:	0:00:00
	Energy:	0.0000 kWh
	CO2eq:	0.0000 g
	0.0000 km travelled by car
	Time:	0:00:00
	Energy:	0.0000 kWh
	CO2eq:	0.0000 g
	0.0000 km travelled by car
___PO com 30 Treads_concluida___
___PO com 32 Treads___
	Time:	0:00:00
	Energy:	0.0000 kWh
	CO2eq:	0.0000 g
	0.0000 km travelled by car
	Time:	0:00:00
	Energy:	0.0000 kWh
	CO2eq:	0.0000 g
	0.0000 km travelled by car
___PO com 32 Treads_concluida___
___PO com 34 Treads___
	Time:	0:00:00
	Energy:	0.0000 kWh
	CO2eq:	0.0000 g
	0.0000 km travelled by car
	Time:	0:00:00
	Energy:	0.0000 kWh
	CO2eq:	0.0000 g
	0.0000 km travelled by car
___PO com 34 Treads_concluida___
___PO com 36 Treads___
	Time:	0:00:00
	Energy:	0.0000 kWh
	CO2eq:	0.0000 g
	0.0000 km travelled by car
	Time:	0:00:00
	Energy:	0.0000 kWh
	CO2eq:	0.0000 g
	0.0000 km travelled by car
___PO com 36 Treads_concluida___
___PO com 38 Treads___
	Time:	0:00:00
	Energy:	0.0000 kWh
	CO2eq:	0.0000 g
	0.0000 km travelled by car
	Time:	0:00:00
	Energy:	0.0000 kWh
	CO2eq:	0.0000 g
	0.0000 km travelled by car
___PO com 38 Treads_concluida___
___PO com 40 Treads___
	Time:	0:00:00
	Energy:	0.0000 kWh
	CO2eq:	0.0001 g
	0.0000 km travelled by car
	Time:	0:00:00
	Energy:	0.0000 kWh
	CO2eq:	0.0001 g
	0.0000 km travelled by car
___PO com 40 Treads_concluida___
___PO com 42 Treads___
	Time:	0:00:00
	Energy:	0.0000 kWh
	CO2eq:	0.0000 g
	0.0000 km travelled by car
	Time:	0:00:00
	Energy:	0.0000 kWh
	CO2eq:	0.0000 g
	0.0000 km travelled by car
___PO com 42 Treads_concluida___
___PO com 44 Treads___
	Time:	0:00:00
	Energy:	0.0000 kWh
	CO2eq:	0.0000 g
	0.0000 km travelled by car
	Time:	0:00:00
	Energy:	0.0000 kWh
	CO2eq:	0.0000 g
	0.0000 km travelled by car
___PO com 44 Treads_concluida___
___PO com 46 Treads___
	Time:	0:00:00
	Energy:	0.0000 kWh
	CO2eq:	0.0000 g
	0.0000 km travelled by car
	Time:	0:00:00
	Energy:	0.0000 kWh
	CO2eq:	0.0000 g
	0.0000 km travelled by car
___PO com 46 Treads_concluida___
___PO com 48 Treads___
	Time:	0:00:00
	Energy:	0.0000 kWh
	CO2eq:	0.0001 g
	0.0000 km travelled by car
	Time:	0:00:00
	Energy:	0.0000 kWh
	CO2eq:	0.0001 g
	0.0000 km travelled by car
___PO com 48 Treads_concluida___
___PO com 50 Treads___
	Time:	0:00:00
	Energy:	0.0000 kWh
	CO2eq:	0.0001 g
	0.0000 km travelled by car
	Time:	0:00:00
	Energy:	0.0000 kWh
	CO2eq:	0.0001 g
	0.0000 km travelled by car
___PO com 50 Treads_concluida___
___PO com 52 Treads___
	Time:	0:00:00
	Energy:	0.0000 kWh
	CO2eq:	0.0001 g
	0.0000 km travelled by car
	Time:	0:00:00
	Energy:	0.0000 kWh
	CO2eq:	0.0001 g
	0.0000 km travelled by car
___PO com 52 Treads_concluida___
___PO com 54 Treads___
	Time:	0:00:00
	Energy:	0.0000 kWh
	CO2eq:	0.0000 g
	0.0000 km travelled by car
	Time:	0:00:00
	Energy:	0.0000 kWh
	CO2eq:	0.0000 g
	0.0000 km travelled by car
___PO com 54 Treads_concluida___
___PO com 56 Treads___
	Time:	0:00:00
	Energy:	0.0000 kWh
	CO2eq:	0.0000 g
	0.0000 km travelled by car
	Time:	0:00:00
	Energy:	0.0000 kWh
	CO2eq:	0.0000 g
	0.0000 km travelled by car
___PO com 56 Treads_concluida___
___PO com 58 Treads___
	Time:	0:00:00
	Energy:	0.0000 kWh
	CO2eq:	0.0000 g
	0.0000 km travelled by car
	Time:	0:00:00
	Energy:	0.0000 kWh
	CO2eq:	0.0000 g
	0.0000 km travelled by car
___PO com 58 Treads_concluida___
___PO com 60 Treads___
	Time:	0:00:00
	Energy:	0.0000 kWh
	CO2eq:	0.0000 g
	0.0000 km travelled by car
	Time:	0:00:00
	Energy:	0.0000 kWh
	CO2eq:	0.0000 g
	0.0000 km travelled by car
___PO com 60 Treads_concluida___
___PO com 62 Treads___
	Time:	0:00:00
	Energy:	0.0000 kWh
	CO2eq:	0.0000 g
	0.0000 km travelled by car
	Time:	0:00:00
	Energy:	0.0000 kWh
	CO2eq:	0.0000 g
	0.0000 km travelled by car
___PO com 62 Treads_concluida___
___PO com 64 Treads___
	Time:	0:00:00
	Energy:	0.0000 kWh
	CO2eq:	0.0000 g
	0.0000 km travelled by car
	Time:	0:00:00
	Energy:	0.0000 kWh
	CO2eq:	0.0000 g
	0.0000 km travelled by car
___PO com 64 Treads_concluida___
___PO com 66 Treads___
	Time:	0:00:00
	Energy:	0.0000 kWh
	CO2eq:	0.0000 g
	0.0000 km travelled by car
	Time:	0:00:00
	Energy:	0.0000 kWh
	CO2eq:	0.0000 g
	0.0000 km travelled by car
___PO com 66 Treads_concluida___
___PO com 68 Treads___
	Time:	0:00:00
	Energy:	0.0000 kWh
	CO2eq:	0.0001 g
	0.0000 km travelled by car
	Time:	0:00:00
	Energy:	0.0000 kWh
	CO2eq:	0.0001 g
	0.0000 km travelled by car
___PO com 68 Treads_concluida___
___PO com 70 Treads___
	Time:	0:00:00
	Energy:	0.0000 kWh
	CO2eq:	0.0000 g
	0.0000 km travelled by car
	Time:	0:00:00
	Energy:	0.0000 kWh
	CO2eq:	0.0000 g
	0.0000 km travelled by car
___PO com 70 Treads_concluida___
___PO com 72 Treads___
	Time:	0:00:00
	Energy:	0.0000 kWh
	CO2eq:	0.0000 g
	0.0000 km travelled by car
	Time:	0:00:00
	Energy:	0.0000 kWh
	CO2eq:	0.0000 g
	0.0000 km travelled by car
___PO com 72 Treads_concluida___
___PO com 74 Treads___
	Time:	0:00:00
	Energy:	0.0000 kWh
	CO2eq:	0.0000 g
	0.0000 km travelled by car
	Time:	0:00:00
	Energy:	0.0000 kWh
	CO2eq:	0.0000 g
	0.0000 km travelled by car
___PO com 74 Treads_concluida___
___PO com 76 Treads___
	Time:	0:00:00
	Energy:	0.0000 kWh
	CO2eq:	0.0000 g
	0.0000 km travelled by car
	Time:	0:00:00
	Energy:	0.0000 kWh
	CO2eq:	0.0000 g
	0.0000 km travelled by car
___PO com 76 Treads_concluida___
___PO com 78 Treads___
	Time:	0:00:00
	Energy:	0.0000 kWh
	CO2eq:	0.0000 g
	0.0000 km travelled by car
	Time:	0:00:00
	Energy:	0.0000 kWh
	CO2eq:	0.0000 g
	0.0000 km travelled by car
___PO com 78 Treads_concluida___
___PO com 80 Treads___
	Time:	0:00:00
	Energy:	0.0000 kWh
	CO2eq:	0.0000 g
	0.0000 km travelled by car
	Time:	0:00:00
	Energy:	0.0000 kWh
	CO2eq:	0.0000 g
	0.0000 km travelled by car
___PO com 80 Treads_concluida___
___PO com 82 Treads___
	Time:	0:00:00
	Energy:	0.0000 kWh
	CO2eq:	0.0000 g
	0.0000 km travelled by car
	Time:	0:00:00
	Energy:	0.0000 kWh
	CO2eq:	0.0000 g
	0.0000 km travelled by car
___PO com 82 Treads_concluida___
___PO com 84 Treads___
	Time:	0:00:00
	Energy:	0.0000 kWh
	CO2eq:	0.0000 g
	0.0000 km travelled by car
	Time:	0:00:00
	Energy:	0.0000 kWh
	CO2eq:	0.0000 g
	0.0000 km travelled by car
___PO com 84 Treads_concluida___
___PO com 86 Treads___
	Time:	0:00:00
	Energy:	0.0000 kWh
	CO2eq:	0.0000 g
	0.0000 km travelled by car
	Time:	0:00:00
	Energy:	0.0000 kWh
	CO2eq:	0.0000 g
	0.0000 km travelled by car
___PO com 86 Treads_concluida___
___PO com 88 Treads___
	Time:	0:00:00
	Energy:	0.0000 kWh
	CO2eq:	0.0000 g
	0.0000 km travelled by car
	Time:	0:00:00
	Energy:	0.0000 kWh
	CO2eq:	0.0000 g
	0.0000 km travelled by car
___PO com 88 Treads_concluida___
___Fim de PO___:

Start -> ST
compilando ST...
make: Nothing to be done for 'all'.
___Executando ST___:
___ST com 2 Treads___
Execution Time: 146.35025
	Time:	0:02:26
	Energy:	0.0049 kWh
	CO2eq:	0.4812 g
	0.0045 km travelled by car
	Time:	0:02:26
	Energy:	0.0049 kWh
	CO2eq:	0.4812 g
	0.0045 km travelled by car
___ST com 2 Treads_concluida___
___ST com 4 Treads___
Execution Time: 77.67815
	Time:	0:01:18
	Energy:	0.0028 kWh
	CO2eq:	0.2716 g
	0.0025 km travelled by car
	Time:	0:01:18
	Energy:	0.0028 kWh
	CO2eq:	0.2716 g
	0.0025 km travelled by car
___ST com 4 Treads_concluida___
___ST com 6 Treads___
Execution Time: 54.04761
	Time:	0:00:54
	Energy:	0.0020 kWh
	CO2eq:	0.1962 g
	0.0018 km travelled by car
	Time:	0:00:54
	Energy:	0.0020 kWh
	CO2eq:	0.1962 g
	0.0018 km travelled by car
___ST com 6 Treads_concluida___
___ST com 8 Treads___
Execution Time: 44.63248
	Time:	0:00:45
	Energy:	0.0017 kWh
	CO2eq:	0.1667 g
	0.0016 km travelled by car
	Time:	0:00:45
	Energy:	0.0017 kWh
	CO2eq:	0.1667 g
	0.0016 km travelled by car
___ST com 8 Treads_concluida___
___ST com 10 Treads___
Execution Time: 40.28671
	Time:	0:00:40
	Energy:	0.0016 kWh
	CO2eq:	0.1536 g
	0.0014 km travelled by car
	Time:	0:00:40
	Energy:	0.0016 kWh
	CO2eq:	0.1536 g
	0.0014 km travelled by car
___ST com 10 Treads_concluida___
___ST com 12 Treads___
Execution Time: 38.44863
	Time:	0:00:38
	Energy:	0.0015 kWh
	CO2eq:	0.1493 g
	0.0014 km travelled by car
	Time:	0:00:38
	Energy:	0.0015 kWh
	CO2eq:	0.1493 g
	0.0014 km travelled by car
___ST com 12 Treads_concluida___
___ST com 14 Treads___
Execution Time: 36.15322
	Time:	0:00:36
	Energy:	0.0015 kWh
	CO2eq:	0.1429 g
	0.0013 km travelled by car
	Time:	0:00:36
	Energy:	0.0015 kWh
	CO2eq:	0.1429 g
	0.0013 km travelled by car
___ST com 14 Treads_concluida___
___ST com 16 Treads___
Execution Time: 35.30862
	Time:	0:00:35
	Energy:	0.0014 kWh
	CO2eq:	0.1402 g
	0.0013 km travelled by car
	Time:	0:00:35
	Energy:	0.0014 kWh
	CO2eq:	0.1402 g
	0.0013 km travelled by car
___ST com 16 Treads_concluida___
___ST com 18 Treads___
Execution Time: 34.36053
	Time:	0:00:34
	Energy:	0.0014 kWh
	CO2eq:	0.1382 g
	0.0013 km travelled by car
	Time:	0:00:34
	Energy:	0.0014 kWh
	CO2eq:	0.1382 g
	0.0013 km travelled by car
___ST com 18 Treads_concluida___
___ST com 20 Treads___
Execution Time: 34.21185
	Time:	0:00:34
	Energy:	0.0014 kWh
	CO2eq:	0.1393 g
	0.0013 km travelled by car
	Time:	0:00:34
	Energy:	0.0014 kWh
	CO2eq:	0.1393 g
	0.0013 km travelled by car
___ST com 20 Treads_concluida___
___ST com 22 Treads___
Execution Time: 34.72266
	Time:	0:00:35
	Energy:	0.0015 kWh
	CO2eq:	0.1434 g
	0.0013 km travelled by car
	Time:	0:00:35
	Energy:	0.0015 kWh
	CO2eq:	0.1434 g
	0.0013 km travelled by car
___ST com 22 Treads_concluida___
___ST com 24 Treads___
Execution Time: 34.47736
	Time:	0:00:35
	Energy:	0.0015 kWh
	CO2eq:	0.1447 g
	0.0013 km travelled by car
	Time:	0:00:35
	Energy:	0.0015 kWh
	CO2eq:	0.1447 g
	0.0013 km travelled by car
___ST com 24 Treads_concluida___
___ST com 26 Treads___
Execution Time: 34.62165
	Time:	0:00:35
	Energy:	0.0015 kWh
	CO2eq:	0.1472 g
	0.0014 km travelled by car
	Time:	0:00:35
	Energy:	0.0015 kWh
	CO2eq:	0.1472 g
	0.0014 km travelled by car
___ST com 26 Treads_concluida___
___ST com 28 Treads___
Execution Time: 34.00207
	Time:	0:00:34
	Energy:	0.0015 kWh
	CO2eq:	0.1473 g
	0.0014 km travelled by car
	Time:	0:00:34
	Energy:	0.0015 kWh
	CO2eq:	0.1473 g
	0.0014 km travelled by car
___ST com 28 Treads_concluida___
___ST com 30 Treads___
Execution Time: 34.11552
	Time:	0:00:34
	Energy:	0.0015 kWh
	CO2eq:	0.1501 g
	0.0014 km travelled by car
	Time:	0:00:34
	Energy:	0.0015 kWh
	CO2eq:	0.1501 g
	0.0014 km travelled by car
___ST com 30 Treads_concluida___
___ST com 32 Treads___
Execution Time: 33.50693
	Time:	0:00:34
	Energy:	0.0015 kWh
	CO2eq:	0.1494 g
	0.0014 km travelled by car
	Time:	0:00:34
	Energy:	0.0015 kWh
	CO2eq:	0.1494 g
	0.0014 km travelled by car
___ST com 32 Treads_concluida___
___ST com 34 Treads___
Execution Time: 33.91896
	Time:	0:00:34
	Energy:	0.0016 kWh
	CO2eq:	0.1535 g
	0.0014 km travelled by car
	Time:	0:00:34
	Energy:	0.0016 kWh
	CO2eq:	0.1535 g
	0.0014 km travelled by car
___ST com 34 Treads_concluida___
___ST com 36 Treads___
Execution Time: 33.78518
	Time:	0:00:34
	Energy:	0.0016 kWh
	CO2eq:	0.1547 g
	0.0014 km travelled by car
	Time:	0:00:34
	Energy:	0.0016 kWh
	CO2eq:	0.1547 g
	0.0014 km travelled by car
___ST com 36 Treads_concluida___
___ST com 38 Treads___
Execution Time: 33.63955
	Time:	0:00:34
	Energy:	0.0016 kWh
	CO2eq:	0.1563 g
	0.0015 km travelled by car
	Time:	0:00:34
	Energy:	0.0016 kWh
	CO2eq:	0.1563 g
	0.0015 km travelled by car
___ST com 38 Treads_concluida___
___ST com 40 Treads___
Execution Time: 33.12425
	Time:	0:00:33
	Energy:	0.0016 kWh
	CO2eq:	0.1561 g
	0.0015 km travelled by car
	Time:	0:00:33
	Energy:	0.0016 kWh
	CO2eq:	0.1559 g
	0.0015 km travelled by car
___ST com 40 Treads_concluida___
___ST com 42 Treads___
Execution Time: 33.61292
	Time:	0:00:34
	Energy:	0.0016 kWh
	CO2eq:	0.1606 g
	0.0015 km travelled by car
	Time:	0:00:34
	Energy:	0.0016 kWh
	CO2eq:	0.1606 g
	0.0015 km travelled by car
___ST com 42 Treads_concluida___
___ST com 44 Treads___
Execution Time: 33.68049
	Time:	0:00:34
	Energy:	0.0017 kWh
	CO2eq:	0.1626 g
	0.0015 km travelled by car
	Time:	0:00:34
	Energy:	0.0017 kWh
	CO2eq:	0.1626 g
	0.0015 km travelled by car
___ST com 44 Treads_concluida___
___ST com 46 Treads___
Execution Time: 31.98590
	Time:	0:00:32
	Energy:	0.0016 kWh
	CO2eq:	0.1577 g
	0.0015 km travelled by car
	Time:	0:00:32
	Energy:	0.0016 kWh
	CO2eq:	0.1577 g
	0.0015 km travelled by car
___ST com 46 Treads_concluida___
___ST com 48 Treads___
Execution Time: 30.72087
	Time:	0:00:31
	Energy:	0.0016 kWh
	CO2eq:	0.1534 g
	0.0014 km travelled by car
	Time:	0:00:31
	Energy:	0.0016 kWh
	CO2eq:	0.1534 g
	0.0014 km travelled by car
___ST com 48 Treads_concluida___
___ST com 50 Treads___
Execution Time: 29.23590
	Time:	0:00:29
	Energy:	0.0015 kWh
	CO2eq:	0.1472 g
	0.0014 km travelled by car
	Time:	0:00:29
	Energy:	0.0015 kWh
	CO2eq:	0.1472 g
	0.0014 km travelled by car
___ST com 50 Treads_concluida___
___ST com 52 Treads___
Execution Time: 27.87086
	Time:	0:00:28
	Energy:	0.0014 kWh
	CO2eq:	0.1423 g
	0.0013 km travelled by car
	Time:	0:00:28
	Energy:	0.0014 kWh
	CO2eq:	0.1423 g
	0.0013 km travelled by car
___ST com 52 Treads_concluida___
___ST com 54 Treads___
Execution Time: 27.21144
	Time:	0:00:27
	Energy:	0.0014 kWh
	CO2eq:	0.1405 g
	0.0013 km travelled by car
	Time:	0:00:27
	Energy:	0.0014 kWh
	CO2eq:	0.1405 g
	0.0013 km travelled by car
___ST com 54 Treads_concluida___
___ST com 56 Treads___
Execution Time: 26.27074
	Time:	0:00:26
	Energy:	0.0014 kWh
	CO2eq:	0.1372 g
	0.0013 km travelled by car
	Time:	0:00:26
	Energy:	0.0014 kWh
	CO2eq:	0.1372 g
	0.0013 km travelled by car
___ST com 56 Treads_concluida___
___ST com 58 Treads___
Execution Time: 24.87860
	Time:	0:00:25
	Energy:	0.0013 kWh
	CO2eq:	0.1321 g
	0.0012 km travelled by car
	Time:	0:00:25
	Energy:	0.0013 kWh
	CO2eq:	0.1321 g
	0.0012 km travelled by car
___ST com 58 Treads_concluida___
___ST com 60 Treads___
Execution Time: 25.15145
	Time:	0:00:25
	Energy:	0.0014 kWh
	CO2eq:	0.1351 g
	0.0013 km travelled by car
	Time:	0:00:25
	Energy:	0.0014 kWh
	CO2eq:	0.1351 g
	0.0013 km travelled by car
___ST com 60 Treads_concluida___
___ST com 62 Treads___
Execution Time: 23.76094
	Time:	0:00:24
	Energy:	0.0013 kWh
	CO2eq:	0.1302 g
	0.0012 km travelled by car
	Time:	0:00:24
	Energy:	0.0013 kWh
	CO2eq:	0.1302 g
	0.0012 km travelled by car
___ST com 62 Treads_concluida___
___ST com 64 Treads___
Execution Time: 22.40822
	Time:	0:00:22
	Energy:	0.0013 kWh
	CO2eq:	0.1259 g
	0.0012 km travelled by car
	Time:	0:00:22
	Energy:	0.0013 kWh
	CO2eq:	0.1259 g
	0.0012 km travelled by car
___ST com 64 Treads_concluida___
___ST com 66 Treads___
Execution Time: 22.84891
	Time:	0:00:23
	Energy:	0.0013 kWh
	CO2eq:	0.1296 g
	0.0012 km travelled by car
	Time:	0:00:23
	Energy:	0.0013 kWh
	CO2eq:	0.1296 g
	0.0012 km travelled by car
___ST com 66 Treads_concluida___
___ST com 68 Treads___
Execution Time: 21.52767
	Time:	0:00:22
	Energy:	0.0013 kWh
	CO2eq:	0.1247 g
	0.0012 km travelled by car
	Time:	0:00:22
	Energy:	0.0013 kWh
	CO2eq:	0.1247 g
	0.0012 km travelled by car
___ST com 68 Treads_concluida___
___ST com 70 Treads___
Execution Time: 21.00281
	Time:	0:00:21
	Energy:	0.0013 kWh
	CO2eq:	0.1230 g
	0.0011 km travelled by car
	Time:	0:00:21
	Energy:	0.0012 kWh
	CO2eq:	0.1223 g
	0.0011 km travelled by car
___ST com 70 Treads_concluida___
___ST com 72 Treads___
Execution Time: 20.82966
	Time:	0:00:21
	Energy:	0.0013 kWh
	CO2eq:	0.1234 g
	0.0011 km travelled by car
	Time:	0:00:21
	Energy:	0.0013 kWh
	CO2eq:	0.1234 g
	0.0011 km travelled by car
___ST com 72 Treads_concluida___
___ST com 74 Treads___
Execution Time: 19.54485
	Time:	0:00:20
	Energy:	0.0012 kWh
	CO2eq:	0.1178 g
	0.0011 km travelled by car
	Time:	0:00:20
	Energy:	0.0012 kWh
	CO2eq:	0.1178 g
	0.0011 km travelled by car
___ST com 74 Treads_concluida___
___ST com 76 Treads___
Execution Time: 19.14947
	Time:	0:00:19
	Energy:	0.0012 kWh
	CO2eq:	0.1165 g
	0.0011 km travelled by car
	Time:	0:00:19
	Energy:	0.0012 kWh
	CO2eq:	0.1165 g
	0.0011 km travelled by car
___ST com 76 Treads_concluida___
___ST com 78 Treads___
Execution Time: 18.63347
	Time:	0:00:19
	Energy:	0.0012 kWh
	CO2eq:	0.1150 g
	0.0011 km travelled by car
	Time:	0:00:19
	Energy:	0.0012 kWh
	CO2eq:	0.1150 g
	0.0011 km travelled by car
___ST com 78 Treads_concluida___
___ST com 80 Treads___
Execution Time: 18.80611
	Time:	0:00:19
	Energy:	0.0012 kWh
	CO2eq:	0.1168 g
	0.0011 km travelled by car
	Time:	0:00:19
	Energy:	0.0012 kWh
	CO2eq:	0.1168 g
	0.0011 km travelled by car
___ST com 80 Treads_concluida___
___ST com 82 Treads___
Execution Time: 17.53749
	Time:	0:00:18
	Energy:	0.0011 kWh
	CO2eq:	0.1109 g
	0.0010 km travelled by car
	Time:	0:00:18
	Energy:	0.0011 kWh
	CO2eq:	0.1109 g
	0.0010 km travelled by car
___ST com 82 Treads_concluida___
___ST com 84 Treads___
Execution Time: 17.39863
	Time:	0:00:17
	Energy:	0.0011 kWh
	CO2eq:	0.1110 g
	0.0010 km travelled by car
	Time:	0:00:17
	Energy:	0.0011 kWh
	CO2eq:	0.1110 g
	0.0010 km travelled by car
___ST com 84 Treads_concluida___
___ST com 86 Treads___
Execution Time: 17.85295
	Time:	0:00:18
	Energy:	0.0012 kWh
	CO2eq:	0.1146 g
	0.0011 km travelled by car
	Time:	0:00:18
	Energy:	0.0012 kWh
	CO2eq:	0.1146 g
	0.0011 km travelled by car
___ST com 86 Treads_concluida___
___ST com 88 Treads___
Execution Time: 17.28021
	Time:	0:00:17
	Energy:	0.0011 kWh
	CO2eq:	0.1126 g
	0.0010 km travelled by car
	Time:	0:00:17
	Energy:	0.0011 kWh
	CO2eq:	0.1126 g
	0.0010 km travelled by car
___ST com 88 Treads_concluida___
___Fim de ST___:

