Numero de CPUs logicos (threads): 48
Numero de núcleos fisicos: 12
Start -> PO
compilando PO...
rm omp_po
gcc  omp_po.c -o omp_po -fopenmp -lm -O3
___Executando PO___:
___PO com 2 Treads___
Execution Time: 209.50462
	Time:	0:03:30
	Energy:	0.0076 kWh
	CO2eq:	0.7494 g
	0.0070 km travelled by car
	Time:	0:03:30
	Energy:	0.0076 kWh
	CO2eq:	0.7494 g
	0.0070 km travelled by car
___PO com 2 Treads_concluida___
___PO com 4 Treads___
Execution Time: 190.12090
	Time:	0:03:10
	Energy:	0.0072 kWh
	CO2eq:	0.7121 g
	0.0066 km travelled by car
	Time:	0:03:10
	Energy:	0.0072 kWh
	CO2eq:	0.7121 g
	0.0066 km travelled by car
___PO com 4 Treads_concluida___
___PO com 6 Treads___
Execution Time: 185.24262
	Time:	0:03:05
	Energy:	0.0073 kWh
	CO2eq:	0.7146 g
	0.0066 km travelled by car
	Time:	0:03:05
	Energy:	0.0073 kWh
	CO2eq:	0.7146 g
	0.0066 km travelled by car
___PO com 6 Treads_concluida___
___PO com 8 Treads___
Execution Time: 181.65645
	Time:	0:03:02
	Energy:	0.0073 kWh
	CO2eq:	0.7149 g
	0.0067 km travelled by car
	Time:	0:03:02
	Energy:	0.0073 kWh
	CO2eq:	0.7149 g
	0.0067 km travelled by car
___PO com 8 Treads_concluida___
___PO com 10 Treads___
Execution Time: 177.90086
	Time:	0:02:58
	Energy:	0.0073 kWh
	CO2eq:	0.7136 g
	0.0066 km travelled by car
	Time:	0:02:58
	Energy:	0.0073 kWh
	CO2eq:	0.7136 g
	0.0066 km travelled by car
___PO com 10 Treads_concluida___
___PO com 12 Treads___
Execution Time: 171.06259
	Time:	0:02:51
	Energy:	0.0070 kWh
	CO2eq:	0.6902 g
	0.0064 km travelled by car
	Time:	0:02:51
	Energy:	0.0070 kWh
	CO2eq:	0.6902 g
	0.0064 km travelled by car
___PO com 12 Treads_concluida___
___PO com 14 Treads___
Execution Time: 165.43041
	Time:	0:02:45
	Energy:	0.0070 kWh
	CO2eq:	0.6868 g
	0.0064 km travelled by car
	Time:	0:02:45
	Energy:	0.0070 kWh
	CO2eq:	0.6868 g
	0.0064 km travelled by car
___PO com 14 Treads_concluida___
___PO com 16 Treads___
Execution Time: 158.14656
	Time:	0:02:38
	Energy:	0.0068 kWh
	CO2eq:	0.6650 g
	0.0062 km travelled by car
	Time:	0:02:38
	Energy:	0.0068 kWh
	CO2eq:	0.6650 g
	0.0062 km travelled by car
___PO com 16 Treads_concluida___
___PO com 18 Treads___
Execution Time: 150.71061
	Time:	0:02:31
	Energy:	0.0065 kWh
	CO2eq:	0.6421 g
	0.0060 km travelled by car
	Time:	0:02:31
	Energy:	0.0065 kWh
	CO2eq:	0.6421 g
	0.0060 km travelled by car
___PO com 18 Treads_concluida___
___PO com 20 Treads___
Execution Time: 143.96526
	Time:	0:02:24
	Energy:	0.0063 kWh
	CO2eq:	0.6161 g
	0.0057 km travelled by car
	Time:	0:02:24
	Energy:	0.0063 kWh
	CO2eq:	0.6161 g
	0.0057 km travelled by car
___PO com 20 Treads_concluida___
___PO com 22 Treads___
Execution Time: 141.61372
	Time:	0:02:22
	Energy:	0.0062 kWh
	CO2eq:	0.6145 g
	0.0057 km travelled by car
	Time:	0:02:22
	Energy:	0.0062 kWh
	CO2eq:	0.6145 g
	0.0057 km travelled by car
___PO com 22 Treads_concluida___
___PO com 24 Treads___
Execution Time: 141.06172
	Time:	0:02:21
	Energy:	0.0061 kWh
	CO2eq:	0.6045 g
	0.0056 km travelled by car
	Time:	0:02:21
	Energy:	0.0061 kWh
	CO2eq:	0.6045 g
	0.0056 km travelled by car
___PO com 24 Treads_concluida___
___PO com 26 Treads___
Execution Time: 131.94798
	Time:	0:02:12
	Energy:	0.0059 kWh
	CO2eq:	0.5758 g
	0.0054 km travelled by car
	Time:	0:02:12
	Energy:	0.0059 kWh
	CO2eq:	0.5758 g
	0.0054 km travelled by car
___PO com 26 Treads_concluida___
___PO com 28 Treads___
Execution Time: 121.85540
	Time:	0:02:02
	Energy:	0.0055 kWh
	CO2eq:	0.5427 g
	0.0050 km travelled by car
	Time:	0:02:02
	Energy:	0.0055 kWh
	CO2eq:	0.5427 g
	0.0050 km travelled by car
___PO com 28 Treads_concluida___
___PO com 30 Treads___
Execution Time: 114.91973
	Time:	0:01:55
	Energy:	0.0053 kWh
	CO2eq:	0.5238 g
	0.0049 km travelled by car
	Time:	0:01:55
	Energy:	0.0053 kWh
	CO2eq:	0.5234 g
	0.0049 km travelled by car
___PO com 30 Treads_concluida___
___PO com 32 Treads___
Execution Time: 107.75472
	Time:	0:01:48
	Energy:	0.0051 kWh
	CO2eq:	0.5046 g
	0.0047 km travelled by car
	Time:	0:01:48
	Energy:	0.0051 kWh
	CO2eq:	0.5046 g
	0.0047 km travelled by car
___PO com 32 Treads_concluida___
___PO com 34 Treads___
Execution Time: 100.56531
	Time:	0:01:41
	Energy:	0.0049 kWh
	CO2eq:	0.4863 g
	0.0045 km travelled by car
	Time:	0:01:41
	Energy:	0.0049 kWh
	CO2eq:	0.4863 g
	0.0045 km travelled by car
___PO com 34 Treads_concluida___
___PO com 36 Treads___
Execution Time: 94.54711
	Time:	0:01:35
	Energy:	0.0048 kWh
	CO2eq:	0.4696 g
	0.0044 km travelled by car
	Time:	0:01:35
	Energy:	0.0048 kWh
	CO2eq:	0.4696 g
	0.0044 km travelled by car
___PO com 36 Treads_concluida___
___PO com 38 Treads___
Execution Time: 89.83010
	Time:	0:01:30
	Energy:	0.0047 kWh
	CO2eq:	0.4584 g
	0.0043 km travelled by car
	Time:	0:01:30
	Energy:	0.0047 kWh
	CO2eq:	0.4584 g
	0.0043 km travelled by car
___PO com 38 Treads_concluida___
___PO com 40 Treads___
Execution Time: 86.36291
	Time:	0:01:26
	Energy:	0.0046 kWh
	CO2eq:	0.4514 g
	0.0042 km travelled by car
	Time:	0:01:26
	Energy:	0.0046 kWh
	CO2eq:	0.4514 g
	0.0042 km travelled by car
___PO com 40 Treads_concluida___
___PO com 42 Treads___
Execution Time: 81.79449
	Time:	0:01:22
	Energy:	0.0044 kWh
	CO2eq:	0.4358 g
	0.0041 km travelled by car
	Time:	0:01:22
	Energy:	0.0044 kWh
	CO2eq:	0.4358 g
	0.0041 km travelled by car
___PO com 42 Treads_concluida___
___PO com 44 Treads___
Execution Time: 77.40355
	Time:	0:01:17
	Energy:	0.0042 kWh
	CO2eq:	0.4158 g
	0.0039 km travelled by car
	Time:	0:01:17
	Energy:	0.0042 kWh
	CO2eq:	0.4158 g
	0.0039 km travelled by car
___PO com 44 Treads_concluida___
___PO com 46 Treads___
Execution Time: 73.82599
	Time:	0:01:14
	Energy:	0.0041 kWh
	CO2eq:	0.4028 g
	0.0037 km travelled by car
	Time:	0:01:14
	Energy:	0.0041 kWh
	CO2eq:	0.4028 g
	0.0037 km travelled by car
___PO com 46 Treads_concluida___
___PO com 48 Treads___
Execution Time: 70.79069
	Time:	0:01:11
	Energy:	0.0040 kWh
	CO2eq:	0.3908 g
	0.0036 km travelled by car
	Time:	0:01:11
	Energy:	0.0040 kWh
	CO2eq:	0.3908 g
	0.0036 km travelled by car
___PO com 48 Treads_concluida___
___Fim de PO___:

Start -> ST
compilando ST...
make: Nothing to be done for 'all'.
___Executando ST___:
___ST com 2 Treads___
Execution Time: 122.74259
	Time:	0:02:03
	Energy:	0.0044 kWh
	CO2eq:	0.4364 g
	0.0041 km travelled by car
	Time:	0:02:03
	Energy:	0.0044 kWh
	CO2eq:	0.4364 g
	0.0041 km travelled by car
___ST com 2 Treads_concluida___
___ST com 4 Treads___
Execution Time: 110.77226
	Time:	0:01:51
	Energy:	0.0041 kWh
	CO2eq:	0.4066 g
	0.0038 km travelled by car
	Time:	0:01:51
	Energy:	0.0041 kWh
	CO2eq:	0.4066 g
	0.0038 km travelled by car
___ST com 4 Treads_concluida___
___ST com 6 Treads___
Execution Time: 107.13986
	Time:	0:01:47
	Energy:	0.0041 kWh
	CO2eq:	0.4076 g
	0.0038 km travelled by car
	Time:	0:01:47
	Energy:	0.0041 kWh
	CO2eq:	0.4076 g
	0.0038 km travelled by car
___ST com 6 Treads_concluida___
___ST com 8 Treads___
Execution Time: 104.82227
	Time:	0:01:45
	Energy:	0.0042 kWh
	CO2eq:	0.4087 g
	0.0038 km travelled by car
	Time:	0:01:45
	Energy:	0.0042 kWh
	CO2eq:	0.4084 g
	0.0038 km travelled by car
___ST com 8 Treads_concluida___
___ST com 10 Treads___
Execution Time: 102.04711
	Time:	0:01:42
	Energy:	0.0041 kWh
	CO2eq:	0.4047 g
	0.0038 km travelled by car
	Time:	0:01:42
	Energy:	0.0041 kWh
	CO2eq:	0.4047 g
	0.0038 km travelled by car
___ST com 10 Treads_concluida___
___ST com 12 Treads___
Execution Time: 99.38344
	Time:	0:01:39
	Energy:	0.0041 kWh
	CO2eq:	0.3997 g
	0.0037 km travelled by car
	Time:	0:01:39
	Energy:	0.0041 kWh
	CO2eq:	0.3997 g
	0.0037 km travelled by car
___ST com 12 Treads_concluida___
___ST com 14 Treads___
Execution Time: 95.69296
	Time:	0:01:36
	Energy:	0.0040 kWh
	CO2eq:	0.3903 g
	0.0036 km travelled by car
	Time:	0:01:36
	Energy:	0.0040 kWh
	CO2eq:	0.3903 g
	0.0036 km travelled by car
___ST com 14 Treads_concluida___
___ST com 16 Treads___
Execution Time: 92.30082
	Time:	0:01:32
	Energy:	0.0039 kWh
	CO2eq:	0.3840 g
	0.0036 km travelled by car
	Time:	0:01:32
	Energy:	0.0039 kWh
	CO2eq:	0.3840 g
	0.0036 km travelled by car
___ST com 16 Treads_concluida___
___ST com 18 Treads___
Execution Time: 88.29955
	Time:	0:01:28
	Energy:	0.0038 kWh
	CO2eq:	0.3722 g
	0.0035 km travelled by car
	Time:	0:01:28
	Energy:	0.0038 kWh
	CO2eq:	0.3722 g
	0.0035 km travelled by car
___ST com 18 Treads_concluida___
___ST com 20 Treads___
Execution Time: 84.71300
	Time:	0:01:25
	Energy:	0.0036 kWh
	CO2eq:	0.3581 g
	0.0033 km travelled by car
	Time:	0:01:25
	Energy:	0.0036 kWh
	CO2eq:	0.3573 g
	0.0033 km travelled by car
___ST com 20 Treads_concluida___
___ST com 22 Treads___
Execution Time: 86.09797
	Time:	0:01:26
	Energy:	0.0038 kWh
	CO2eq:	0.3727 g
	0.0035 km travelled by car
	Time:	0:01:26
	Energy:	0.0038 kWh
	CO2eq:	0.3727 g
	0.0035 km travelled by car
___ST com 22 Treads_concluida___
___ST com 24 Treads___
Execution Time: 85.55825
	Time:	0:01:26
	Energy:	0.0037 kWh
	CO2eq:	0.3667 g
	0.0034 km travelled by car
	Time:	0:01:26
	Energy:	0.0037 kWh
	CO2eq:	0.3667 g
	0.0034 km travelled by car
___ST com 24 Treads_concluida___
___ST com 26 Treads___
Execution Time: 78.72687
	Time:	0:01:19
	Energy:	0.0035 kWh
	CO2eq:	0.3463 g
	0.0032 km travelled by car
	Time:	0:01:19
	Energy:	0.0035 kWh
	CO2eq:	0.3463 g
	0.0032 km travelled by car
___ST com 26 Treads_concluida___
___ST com 28 Treads___
Execution Time: 75.64012
	Time:	0:01:16
	Energy:	0.0035 kWh
	CO2eq:	0.3418 g
	0.0032 km travelled by car
	Time:	0:01:16
	Energy:	0.0035 kWh
	CO2eq:	0.3418 g
	0.0032 km travelled by car
___ST com 28 Treads_concluida___
___ST com 30 Treads___
Execution Time: 68.30859
	Time:	0:01:08
	Energy:	0.0032 kWh
	CO2eq:	0.3178 g
	0.0030 km travelled by car
	Time:	0:01:08
	Energy:	0.0032 kWh
	CO2eq:	0.3178 g
	0.0030 km travelled by car
___ST com 30 Treads_concluida___
___ST com 32 Treads___
Execution Time: 62.30100
	Time:	0:01:02
	Energy:	0.0030 kWh
	CO2eq:	0.2966 g
	0.0028 km travelled by car
	Time:	0:01:02
	Energy:	0.0030 kWh
	CO2eq:	0.2966 g
	0.0028 km travelled by car
___ST com 32 Treads_concluida___
___ST com 34 Treads___
Execution Time: 58.81611
	Time:	0:00:59
	Energy:	0.0029 kWh
	CO2eq:	0.2892 g
	0.0027 km travelled by car
	Time:	0:00:59
	Energy:	0.0029 kWh
	CO2eq:	0.2892 g
	0.0027 km travelled by car
___ST com 34 Treads_concluida___
___ST com 36 Treads___
Execution Time: 53.87782
	Time:	0:00:54
	Energy:	0.0026 kWh
	CO2eq:	0.2600 g
	0.0024 km travelled by car
	Time:	0:00:54
	Energy:	0.0026 kWh
	CO2eq:	0.2600 g
	0.0024 km travelled by car
___ST com 36 Treads_concluida___
___ST com 38 Treads___
Execution Time: 51.14908
	Time:	0:00:51
	Energy:	0.0027 kWh
	CO2eq:	0.2609 g
	0.0024 km travelled by car
	Time:	0:00:51
	Energy:	0.0027 kWh
	CO2eq:	0.2609 g
	0.0024 km travelled by car
___ST com 38 Treads_concluida___
___ST com 40 Treads___
Execution Time: 48.39930
	Time:	0:00:48
	Energy:	0.0026 kWh
	CO2eq:	0.2511 g
	0.0023 km travelled by car
	Time:	0:00:48
	Energy:	0.0026 kWh
	CO2eq:	0.2511 g
	0.0023 km travelled by car
___ST com 40 Treads_concluida___
___ST com 42 Treads___
Execution Time: 47.34574
	Time:	0:00:47
	Energy:	0.0026 kWh
	CO2eq:	0.2518 g
	0.0023 km travelled by car
	Time:	0:00:47
	Energy:	0.0026 kWh
	CO2eq:	0.2518 g
	0.0023 km travelled by car
___ST com 42 Treads_concluida___
___ST com 44 Treads___
Execution Time: 44.68847
	Time:	0:00:45
	Energy:	0.0024 kWh
	CO2eq:	0.2398 g
	0.0022 km travelled by car
	Time:	0:00:45
	Energy:	0.0024 kWh
	CO2eq:	0.2398 g
	0.0022 km travelled by car
___ST com 44 Treads_concluida___
___ST com 46 Treads___
Execution Time: 41.13768
	Time:	0:00:41
	Energy:	0.0023 kWh
	CO2eq:	0.2251 g
	0.0021 km travelled by car
	Time:	0:00:41
	Energy:	0.0023 kWh
	CO2eq:	0.2251 g
	0.0021 km travelled by car
___ST com 46 Treads_concluida___
___ST com 48 Treads___
Execution Time: 41.03669
	Time:	0:00:41
	Energy:	0.0023 kWh
	CO2eq:	0.2268 g
	0.0021 km travelled by car
	Time:	0:00:41
	Energy:	0.0023 kWh
	CO2eq:	0.2267 g
	0.0021 km travelled by car
___ST com 48 Treads_concluida___
___Fim de ST___:

