Numero de CPUs logicos (threads): 48
Numero de núcleos fisicos: 12
Start -> PO
compilando PO...
rm omp_po
gcc  omp_po.c -o omp_po -fopenmp -lm -O3
___Executando PO___:
___PO com 2 Treads___
Execution Time: 208.34106
	Time:	0:03:28
	Energy:	0.0076 kWh
	CO2eq:	0.7485 g
	0.0070 km travelled by car
	Time:	0:03:28
	Energy:	0.0076 kWh
	CO2eq:	0.7485 g
	0.0070 km travelled by car
___PO com 2 Treads_concluida___
___PO com 4 Treads___
Execution Time: 189.38975
	Time:	0:03:09
	Energy:	0.0072 kWh
	CO2eq:	0.7071 g
	0.0066 km travelled by car
	Time:	0:03:09
	Energy:	0.0072 kWh
	CO2eq:	0.7071 g
	0.0066 km travelled by car
___PO com 4 Treads_concluida___
___PO com 6 Treads___
Execution Time: 185.24010
	Time:	0:03:05
	Energy:	0.0072 kWh
	CO2eq:	0.7048 g
	0.0066 km travelled by car
	Time:	0:03:05
	Energy:	0.0072 kWh
	CO2eq:	0.7048 g
	0.0066 km travelled by car
___PO com 6 Treads_concluida___
___PO com 8 Treads___
Execution Time: 182.25470
	Time:	0:03:02
	Energy:	0.0073 kWh
	CO2eq:	0.7178 g
	0.0067 km travelled by car
	Time:	0:03:02
	Energy:	0.0073 kWh
	CO2eq:	0.7178 g
	0.0067 km travelled by car
___PO com 8 Treads_concluida___
___PO com 10 Treads___
Execution Time: 176.52144
	Time:	0:02:57
	Energy:	0.0072 kWh
	CO2eq:	0.7089 g
	0.0066 km travelled by car
	Time:	0:02:57
	Energy:	0.0072 kWh
	CO2eq:	0.7089 g
	0.0066 km travelled by car
___PO com 10 Treads_concluida___
___PO com 12 Treads___
Execution Time: 171.82779
	Time:	0:02:52
	Energy:	0.0071 kWh
	CO2eq:	0.6992 g
	0.0065 km travelled by car
	Time:	0:02:52
	Energy:	0.0071 kWh
	CO2eq:	0.6992 g
	0.0065 km travelled by car
___PO com 12 Treads_concluida___
___PO com 14 Treads___
Execution Time: 165.29821
	Time:	0:02:45
	Energy:	0.0070 kWh
	CO2eq:	0.6859 g
	0.0064 km travelled by car
	Time:	0:02:45
	Energy:	0.0070 kWh
	CO2eq:	0.6859 g
	0.0064 km travelled by car
___PO com 14 Treads_concluida___
___PO com 16 Treads___
Execution Time: 158.51973
	Time:	0:02:39
	Energy:	0.0068 kWh
	CO2eq:	0.6661 g
	0.0062 km travelled by car
	Time:	0:02:39
	Energy:	0.0068 kWh
	CO2eq:	0.6661 g
	0.0062 km travelled by car
___PO com 16 Treads_concluida___
___PO com 18 Treads___
Execution Time: 150.96070
	Time:	0:02:31
	Energy:	0.0065 kWh
	CO2eq:	0.6413 g
	0.0060 km travelled by car
	Time:	0:02:31
	Energy:	0.0065 kWh
	CO2eq:	0.6412 g
	0.0060 km travelled by car
___PO com 18 Treads_concluida___
___PO com 20 Treads___
Execution Time: 143.97142
	Time:	0:02:24
	Energy:	0.0063 kWh
	CO2eq:	0.6152 g
	0.0057 km travelled by car
	Time:	0:02:24
	Energy:	0.0063 kWh
	CO2eq:	0.6152 g
	0.0057 km travelled by car
___PO com 20 Treads_concluida___
___PO com 22 Treads___
Execution Time: 142.15495
	Time:	0:02:22
	Energy:	0.0062 kWh
	CO2eq:	0.6085 g
	0.0057 km travelled by car
	Time:	0:02:22
	Energy:	0.0062 kWh
	CO2eq:	0.6085 g
	0.0057 km travelled by car
___PO com 22 Treads_concluida___
___PO com 24 Treads___
Execution Time: 141.14787
	Time:	0:02:21
	Energy:	0.0061 kWh
	CO2eq:	0.6046 g
	0.0056 km travelled by car
	Time:	0:02:21
	Energy:	0.0061 kWh
	CO2eq:	0.6046 g
	0.0056 km travelled by car
___PO com 24 Treads_concluida___
___PO com 26 Treads___
Execution Time: 131.15399
	Time:	0:02:11
	Energy:	0.0058 kWh
	CO2eq:	0.5718 g
	0.0053 km travelled by car
	Time:	0:02:11
	Energy:	0.0058 kWh
	CO2eq:	0.5718 g
	0.0053 km travelled by car
___PO com 26 Treads_concluida___
___PO com 28 Treads___
Execution Time: 122.49027
	Time:	0:02:03
	Energy:	0.0055 kWh
	CO2eq:	0.5449 g
	0.0051 km travelled by car
	Time:	0:02:03
	Energy:	0.0055 kWh
	CO2eq:	0.5449 g
	0.0051 km travelled by car
___PO com 28 Treads_concluida___
___PO com 30 Treads___
Execution Time: 115.44942
	Time:	0:01:55
	Energy:	0.0053 kWh
	CO2eq:	0.5259 g
	0.0049 km travelled by car
	Time:	0:01:55
	Energy:	0.0053 kWh
	CO2eq:	0.5259 g
	0.0049 km travelled by car
___PO com 30 Treads_concluida___
___PO com 32 Treads___
Execution Time: 105.89517
	Time:	0:01:46
	Energy:	0.0051 kWh
	CO2eq:	0.4978 g
	0.0046 km travelled by car
	Time:	0:01:46
	Energy:	0.0051 kWh
	CO2eq:	0.4978 g
	0.0046 km travelled by car
___PO com 32 Treads_concluida___
___PO com 34 Treads___
Execution Time: 101.13738
	Time:	0:01:41
	Energy:	0.0050 kWh
	CO2eq:	0.4884 g
	0.0045 km travelled by car
	Time:	0:01:41
	Energy:	0.0050 kWh
	CO2eq:	0.4884 g
	0.0045 km travelled by car
___PO com 34 Treads_concluida___
___PO com 36 Treads___
Execution Time: 95.13741
	Time:	0:01:35
	Energy:	0.0048 kWh
	CO2eq:	0.4727 g
	0.0044 km travelled by car
	Time:	0:01:35
	Energy:	0.0048 kWh
	CO2eq:	0.4727 g
	0.0044 km travelled by car
___PO com 36 Treads_concluida___
___PO com 38 Treads___
Execution Time: 90.49978
	Time:	0:01:31
	Energy:	0.0047 kWh
	CO2eq:	0.4616 g
	0.0043 km travelled by car
	Time:	0:01:31
	Energy:	0.0047 kWh
	CO2eq:	0.4616 g
	0.0043 km travelled by car
___PO com 38 Treads_concluida___
___PO com 40 Treads___
Execution Time: 86.77583
	Time:	0:01:27
	Energy:	0.0046 kWh
	CO2eq:	0.4527 g
	0.0042 km travelled by car
	Time:	0:01:27
	Energy:	0.0046 kWh
	CO2eq:	0.4527 g
	0.0042 km travelled by car
___PO com 40 Treads_concluida___
___PO com 42 Treads___
Execution Time: 80.53867
	Time:	0:01:21
	Energy:	0.0044 kWh
	CO2eq:	0.4288 g
	0.0040 km travelled by car
	Time:	0:01:21
	Energy:	0.0044 kWh
	CO2eq:	0.4288 g
	0.0040 km travelled by car
___PO com 42 Treads_concluida___
___PO com 44 Treads___
Execution Time: 76.93093
	Time:	0:01:17
	Energy:	0.0042 kWh
	CO2eq:	0.4128 g
	0.0038 km travelled by car
	Time:	0:01:17
	Energy:	0.0042 kWh
	CO2eq:	0.4121 g
	0.0038 km travelled by car
___PO com 44 Treads_concluida___
___PO com 46 Treads___
Execution Time: 73.90336
	Time:	0:01:14
	Energy:	0.0041 kWh
	CO2eq:	0.4028 g
	0.0037 km travelled by car
	Time:	0:01:14
	Energy:	0.0041 kWh
	CO2eq:	0.4028 g
	0.0037 km travelled by car
___PO com 46 Treads_concluida___
___PO com 48 Treads___
Execution Time: 71.23824
	Time:	0:01:11
	Energy:	0.0040 kWh
	CO2eq:	0.3928 g
	0.0037 km travelled by car
	Time:	0:01:11
	Energy:	0.0040 kWh
	CO2eq:	0.3928 g
	0.0037 km travelled by car
___PO com 48 Treads_concluida___
___Fim de PO___:

Start -> ST
compilando ST...
make: Nothing to be done for 'all'.
___Executando ST___:
___ST com 2 Treads___
Execution Time: 122.01708
	Time:	0:02:02
	Energy:	0.0044 kWh
	CO2eq:	0.4348 g
	0.0040 km travelled by car
	Time:	0:02:02
	Energy:	0.0044 kWh
	CO2eq:	0.4348 g
	0.0040 km travelled by car
___ST com 2 Treads_concluida___
___ST com 4 Treads___
Execution Time: 109.85218
	Time:	0:01:50
	Energy:	0.0041 kWh
	CO2eq:	0.4035 g
	0.0038 km travelled by car
	Time:	0:01:50
	Energy:	0.0041 kWh
	CO2eq:	0.4035 g
	0.0038 km travelled by car
___ST com 4 Treads_concluida___
___ST com 6 Treads___
Execution Time: 107.94209
	Time:	0:01:48
	Energy:	0.0042 kWh
	CO2eq:	0.4100 g
	0.0038 km travelled by car
	Time:	0:01:48
	Energy:	0.0042 kWh
	CO2eq:	0.4100 g
	0.0038 km travelled by car
___ST com 6 Treads_concluida___
___ST com 8 Treads___
Execution Time: 105.01302
	Time:	0:01:45
	Energy:	0.0042 kWh
	CO2eq:	0.4093 g
	0.0038 km travelled by car
	Time:	0:01:45
	Energy:	0.0042 kWh
	CO2eq:	0.4092 g
	0.0038 km travelled by car
___ST com 8 Treads_concluida___
___ST com 10 Treads___
Execution Time: 102.26927
	Time:	0:01:42
	Energy:	0.0041 kWh
	CO2eq:	0.4056 g
	0.0038 km travelled by car
	Time:	0:01:42
	Energy:	0.0041 kWh
	CO2eq:	0.4056 g
	0.0038 km travelled by car
___ST com 10 Treads_concluida___
___ST com 12 Treads___
Execution Time: 99.32737
	Time:	0:01:39
	Energy:	0.0041 kWh
	CO2eq:	0.4008 g
	0.0037 km travelled by car
	Time:	0:01:39
	Energy:	0.0041 kWh
	CO2eq:	0.4008 g
	0.0037 km travelled by car
___ST com 12 Treads_concluida___
___ST com 14 Treads___
Execution Time: 95.52181
	Time:	0:01:36
	Energy:	0.0039 kWh
	CO2eq:	0.3884 g
	0.0036 km travelled by car
	Time:	0:01:36
	Energy:	0.0039 kWh
	CO2eq:	0.3884 g
	0.0036 km travelled by car
___ST com 14 Treads_concluida___
___ST com 16 Treads___
Execution Time: 92.07830
	Time:	0:01:32
	Energy:	0.0039 kWh
	CO2eq:	0.3819 g
	0.0036 km travelled by car
	Time:	0:01:32
	Energy:	0.0039 kWh
	CO2eq:	0.3819 g
	0.0036 km travelled by car
___ST com 16 Treads_concluida___
___ST com 18 Treads___
Execution Time: 89.88872
	Time:	0:01:30
	Energy:	0.0038 kWh
	CO2eq:	0.3785 g
	0.0035 km travelled by car
	Time:	0:01:30
	Energy:	0.0038 kWh
	CO2eq:	0.3785 g
	0.0035 km travelled by car
___ST com 18 Treads_concluida___
___ST com 20 Treads___
Execution Time: 83.89445
	Time:	0:01:24
	Energy:	0.0036 kWh
	CO2eq:	0.3542 g
	0.0033 km travelled by car
	Time:	0:01:24
	Energy:	0.0036 kWh
	CO2eq:	0.3542 g
	0.0033 km travelled by car
___ST com 20 Treads_concluida___
___ST com 22 Treads___
Execution Time: 84.57876
	Time:	0:01:25
	Energy:	0.0037 kWh
	CO2eq:	0.3657 g
	0.0034 km travelled by car
	Time:	0:01:25
	Energy:	0.0037 kWh
	CO2eq:	0.3657 g
	0.0034 km travelled by car
___ST com 22 Treads_concluida___
___ST com 24 Treads___
Execution Time: 86.15734
	Time:	0:01:26
	Energy:	0.0038 kWh
	CO2eq:	0.3689 g
	0.0034 km travelled by car
	Time:	0:01:26
	Energy:	0.0038 kWh
	CO2eq:	0.3689 g
	0.0034 km travelled by car
___ST com 24 Treads_concluida___
___ST com 26 Treads___
Execution Time: 77.66721
	Time:	0:01:18
	Energy:	0.0035 kWh
	CO2eq:	0.3417 g
	0.0032 km travelled by car
	Time:	0:01:18
	Energy:	0.0035 kWh
	CO2eq:	0.3417 g
	0.0032 km travelled by car
___ST com 26 Treads_concluida___
___ST com 28 Treads___
Execution Time: 74.47473
	Time:	0:01:15
	Energy:	0.0034 kWh
	CO2eq:	0.3373 g
	0.0031 km travelled by car
	Time:	0:01:15
	Energy:	0.0034 kWh
	CO2eq:	0.3373 g
	0.0031 km travelled by car
___ST com 28 Treads_concluida___
___ST com 30 Treads___
Execution Time: 70.41065
	Time:	0:01:10
	Energy:	0.0033 kWh
	CO2eq:	0.3263 g
	0.0030 km travelled by car
	Time:	0:01:10
	Energy:	0.0033 kWh
	CO2eq:	0.3263 g
	0.0030 km travelled by car
___ST com 30 Treads_concluida___
___ST com 32 Treads___
Execution Time: 61.30236
	Time:	0:01:01
	Energy:	0.0030 kWh
	CO2eq:	0.2924 g
	0.0027 km travelled by car
	Time:	0:01:01
	Energy:	0.0030 kWh
	CO2eq:	0.2924 g
	0.0027 km travelled by car
___ST com 32 Treads_concluida___
___ST com 34 Treads___
Execution Time: 59.78141
	Time:	0:01:00
	Energy:	0.0030 kWh
	CO2eq:	0.2940 g
	0.0027 km travelled by car
	Time:	0:01:00
	Energy:	0.0030 kWh
	CO2eq:	0.2940 g
	0.0027 km travelled by car
___ST com 34 Treads_concluida___
___ST com 36 Treads___
Execution Time: 53.96979
	Time:	0:00:54
	Energy:	0.0027 kWh
	CO2eq:	0.2701 g
	0.0025 km travelled by car
	Time:	0:00:54
	Energy:	0.0027 kWh
	CO2eq:	0.2701 g
	0.0025 km travelled by car
___ST com 36 Treads_concluida___
___ST com 38 Treads___
Execution Time: 50.52111
	Time:	0:00:51
	Energy:	0.0026 kWh
	CO2eq:	0.2574 g
	0.0024 km travelled by car
	Time:	0:00:51
	Energy:	0.0026 kWh
	CO2eq:	0.2574 g
	0.0024 km travelled by car
___ST com 38 Treads_concluida___
___ST com 40 Treads___
Execution Time: 48.23917
	Time:	0:00:48
	Energy:	0.0025 kWh
	CO2eq:	0.2503 g
	0.0023 km travelled by car
	Time:	0:00:48
	Energy:	0.0025 kWh
	CO2eq:	0.2503 g
	0.0023 km travelled by car
___ST com 40 Treads_concluida___
___ST com 42 Treads___
Execution Time: 45.94948
	Time:	0:00:46
	Energy:	0.0025 kWh
	CO2eq:	0.2446 g
	0.0023 km travelled by car
	Time:	0:00:46
	Energy:	0.0025 kWh
	CO2eq:	0.2446 g
	0.0023 km travelled by car
___ST com 42 Treads_concluida___
___ST com 44 Treads___
Execution Time: 43.86099
	Time:	0:00:44
	Energy:	0.0024 kWh
	CO2eq:	0.2354 g
	0.0022 km travelled by car
	Time:	0:00:44
	Energy:	0.0024 kWh
	CO2eq:	0.2354 g
	0.0022 km travelled by car
___ST com 44 Treads_concluida___
___ST com 46 Treads___
Execution Time: 43.03213
	Time:	0:00:43
	Energy:	0.0024 kWh
	CO2eq:	0.2347 g
	0.0022 km travelled by car
	Time:	0:00:43
	Energy:	0.0024 kWh
	CO2eq:	0.2345 g
	0.0022 km travelled by car
___ST com 46 Treads_concluida___
___ST com 48 Treads___
Execution Time: 41.00340
	Time:	0:00:41
	Energy:	0.0023 kWh
	CO2eq:	0.2266 g
	0.0021 km travelled by car
	Time:	0:00:41
	Energy:	0.0023 kWh
	CO2eq:	0.2264 g
	0.0021 km travelled by car
___ST com 48 Treads_concluida___
___Fim de ST___:

