Numero de CPUs logicos (threads): 16
Numero de núcleos fisicos: 8
Start -> PO
compilando PO...
rm omp_po
gcc  omp_po.c -o omp_po -fopenmp -lm -O3
___Executando PO___:
___PO com 2 Treads___
Execution Time: 274.86222
	Time:	0:04:35
	Energy:	0.0063 kWh
	CO2eq:	0.6236 g
	0.0058 km travelled by car
	Time:	0:04:35
	Energy:	0.0063 kWh
	CO2eq:	0.6236 g
	0.0058 km travelled by car
___PO com 2 Treads_concluida___
___PO com 4 Treads___
Execution Time: 143.70618
	Time:	0:02:24
	Energy:	0.0036 kWh
	CO2eq:	0.3575 g
	0.0033 km travelled by car
	Time:	0:02:24
	Energy:	0.0036 kWh
	CO2eq:	0.3575 g
	0.0033 km travelled by car
___PO com 4 Treads_concluida___
___PO com 6 Treads___
Execution Time: 101.42975
	Time:	0:01:41
	Energy:	0.0028 kWh
	CO2eq:	0.2717 g
	0.0025 km travelled by car
	Time:	0:01:41
	Energy:	0.0028 kWh
	CO2eq:	0.2717 g
	0.0025 km travelled by car
___PO com 6 Treads_concluida___
___PO com 8 Treads___
Execution Time: 82.39162
	Time:	0:01:22
	Energy:	0.0024 kWh
	CO2eq:	0.2352 g
	0.0022 km travelled by car
	Time:	0:01:22
	Energy:	0.0024 kWh
	CO2eq:	0.2352 g
	0.0022 km travelled by car
___PO com 8 Treads_concluida___
___PO com 10 Treads___
Execution Time: 74.01660
	Time:	0:01:14
	Energy:	0.0022 kWh
	CO2eq:	0.2212 g
	0.0021 km travelled by car
	Time:	0:01:14
	Energy:	0.0022 kWh
	CO2eq:	0.2212 g
	0.0021 km travelled by car
___PO com 10 Treads_concluida___
___PO com 12 Treads___
Execution Time: 72.07538
	Time:	0:01:12
	Energy:	0.0022 kWh
	CO2eq:	0.2209 g
	0.0021 km travelled by car
	Time:	0:01:12
	Energy:	0.0022 kWh
	CO2eq:	0.2209 g
	0.0021 km travelled by car
___PO com 12 Treads_concluida___
___PO com 14 Treads___
Execution Time: 71.83363
	Time:	0:01:12
	Energy:	0.0023 kWh
	CO2eq:	0.2251 g
	0.0021 km travelled by car
	Time:	0:01:12
	Energy:	0.0023 kWh
	CO2eq:	0.2251 g
	0.0021 km travelled by car
___PO com 14 Treads_concluida___
___PO com 16 Treads___
Execution Time: 73.52950
	Time:	0:01:14
	Energy:	0.0024 kWh
	CO2eq:	0.2328 g
	0.0022 km travelled by car
	Time:	0:01:14
	Energy:	0.0024 kWh
	CO2eq:	0.2328 g
	0.0022 km travelled by car
___PO com 16 Treads_concluida___
___Fim de PO___:

Start -> ST
compilando ST...
make: Nothing to be done for 'all'.
___Executando ST___:
___ST com 2 Treads___
Execution Time: 139.74674
	Time:	0:02:20
	Energy:	0.0032 kWh
	CO2eq:	0.3120 g
	0.0029 km travelled by car
	Time:	0:02:20
	Energy:	0.0032 kWh
	CO2eq:	0.3120 g
	0.0029 km travelled by car
___ST com 2 Treads_concluida___
___ST com 4 Treads___
Execution Time: 74.52848
	Time:	0:01:15
	Energy:	0.0018 kWh
	CO2eq:	0.1806 g
	0.0017 km travelled by car
	Time:	0:01:15
	Energy:	0.0018 kWh
	CO2eq:	0.1806 g
	0.0017 km travelled by car
___ST com 4 Treads_concluida___
___ST com 6 Treads___
Execution Time: 53.94087
	Time:	0:00:54
	Energy:	0.0014 kWh
	CO2eq:	0.1397 g
	0.0013 km travelled by car
	Time:	0:00:54
	Energy:	0.0014 kWh
	CO2eq:	0.1397 g
	0.0013 km travelled by car
___ST com 6 Treads_concluida___
___ST com 8 Treads___
Execution Time: 45.57711
	Time:	0:00:46
	Energy:	0.0013 kWh
	CO2eq:	0.1241 g
	0.0012 km travelled by car
	Time:	0:00:46
	Energy:	0.0013 kWh
	CO2eq:	0.1241 g
	0.0012 km travelled by car
___ST com 8 Treads_concluida___
___ST com 10 Treads___
Execution Time: 42.76608
	Time:	0:00:43
	Energy:	0.0012 kWh
	CO2eq:	0.1208 g
	0.0011 km travelled by car
	Time:	0:00:43
	Energy:	0.0012 kWh
	CO2eq:	0.1208 g
	0.0011 km travelled by car
___ST com 10 Treads_concluida___
___ST com 12 Treads___
Execution Time: 42.23120
	Time:	0:00:42
	Energy:	0.0012 kWh
	CO2eq:	0.1228 g
	0.0011 km travelled by car
	Time:	0:00:42
	Energy:	0.0012 kWh
	CO2eq:	0.1228 g
	0.0011 km travelled by car
___ST com 12 Treads_concluida___
___ST com 14 Treads___
Execution Time: 42.32966
	Time:	0:00:42
	Energy:	0.0013 kWh
	CO2eq:	0.1258 g
	0.0012 km travelled by car
	Time:	0:00:42
	Energy:	0.0013 kWh
	CO2eq:	0.1258 g
	0.0012 km travelled by car
___ST com 14 Treads_concluida___
___ST com 16 Treads___
Execution Time: 44.33888
	Time:	0:00:44
	Energy:	0.0014 kWh
	CO2eq:	0.1341 g
	0.0012 km travelled by car
	Time:	0:00:44
	Energy:	0.0014 kWh
	CO2eq:	0.1341 g
	0.0012 km travelled by car
___ST com 16 Treads_concluida___
___Fim de ST___:

