/home/users/acsilveira/hpc-benchmarks/parboil/common/mk/Makefile:21: /home/users/acsilveira/hpc-benchmarks/parboil/common/mk/en_US:en.mk: No such file or directory
make: *** No rule to make target '/home/users/acsilveira/hpc-benchmarks/parboil/common/mk/en_US:en.mk'.  Stop.
build/omp_base_default/histo: /lib/x86_64-linux-gnu/libc.so.6: version `GLIBC_2.34' not found (required by build/omp_base_default/histo)
make: *** [/home/users/acsilveira/hpc-benchmarks/parboil/common/mk/c.mk:60: run] Error 1
build/omp_base_default/histo: /lib/x86_64-linux-gnu/libc.so.6: version `GLIBC_2.34' not found (required by build/omp_base_default/histo)
make: *** [/home/users/acsilveira/hpc-benchmarks/parboil/common/mk/c.mk:60: run] Error 1
build/omp_base_default/histo: /lib/x86_64-linux-gnu/libc.so.6: version `GLIBC_2.34' not found (required by build/omp_base_default/histo)
make: *** [/home/users/acsilveira/hpc-benchmarks/parboil/common/mk/c.mk:60: run] Error 1
build/omp_base_default/histo: /lib/x86_64-linux-gnu/libc.so.6: version `GLIBC_2.34' not found (required by build/omp_base_default/histo)
make: *** [/home/users/acsilveira/hpc-benchmarks/parboil/common/mk/c.mk:60: run] Error 1
build/omp_base_default/histo: /lib/x86_64-linux-gnu/libc.so.6: version `GLIBC_2.34' not found (required by build/omp_base_default/histo)
make: *** [/home/users/acsilveira/hpc-benchmarks/parboil/common/mk/c.mk:60: run] Error 1
build/omp_base_default/histo: /lib/x86_64-linux-gnu/libc.so.6: version `GLIBC_2.34' not found (required by build/omp_base_default/histo)
make: *** [/home/users/acsilveira/hpc-benchmarks/parboil/common/mk/c.mk:60: run] Error 1
build/omp_base_default/histo: /lib/x86_64-linux-gnu/libc.so.6: version `GLIBC_2.34' not found (required by build/omp_base_default/histo)
make: *** [/home/users/acsilveira/hpc-benchmarks/parboil/common/mk/c.mk:60: run] Error 1
build/omp_base_default/histo: /lib/x86_64-linux-gnu/libc.so.6: version `GLIBC_2.34' not found (required by build/omp_base_default/histo)
make: *** [/home/users/acsilveira/hpc-benchmarks/parboil/common/mk/c.mk:60: run] Error 1
build/omp_base_default/histo: /lib/x86_64-linux-gnu/libc.so.6: version `GLIBC_2.34' not found (required by build/omp_base_default/histo)
make: *** [/home/users/acsilveira/hpc-benchmarks/parboil/common/mk/c.mk:60: run] Error 1
build/omp_base_default/histo: /lib/x86_64-linux-gnu/libc.so.6: version `GLIBC_2.34' not found (required by build/omp_base_default/histo)
make: *** [/home/users/acsilveira/hpc-benchmarks/parboil/common/mk/c.mk:60: run] Error 1
build/omp_base_default/histo: /lib/x86_64-linux-gnu/libc.so.6: version `GLIBC_2.34' not found (required by build/omp_base_default/histo)
make: *** [/home/users/acsilveira/hpc-benchmarks/parboil/common/mk/c.mk:60: run] Error 1
build/omp_base_default/histo: /lib/x86_64-linux-gnu/libc.so.6: version `GLIBC_2.34' not found (required by build/omp_base_default/histo)
make: *** [/home/users/acsilveira/hpc-benchmarks/parboil/common/mk/c.mk:60: run] Error 1
build/omp_base_default/histo: /lib/x86_64-linux-gnu/libc.so.6: version `GLIBC_2.34' not found (required by build/omp_base_default/histo)
make: *** [/home/users/acsilveira/hpc-benchmarks/parboil/common/mk/c.mk:60: run] Error 1
build/omp_base_default/histo: /lib/x86_64-linux-gnu/libc.so.6: version `GLIBC_2.34' not found (required by build/omp_base_default/histo)
make: *** [/home/users/acsilveira/hpc-benchmarks/parboil/common/mk/c.mk:60: run] Error 1
build/omp_base_default/histo: /lib/x86_64-linux-gnu/libc.so.6: version `GLIBC_2.34' not found (required by build/omp_base_default/histo)
make: *** [/home/users/acsilveira/hpc-benchmarks/parboil/common/mk/c.mk:60: run] Error 1
build/omp_base_default/histo: /lib/x86_64-linux-gnu/libc.so.6: version `GLIBC_2.34' not found (required by build/omp_base_default/histo)
make: *** [/home/users/acsilveira/hpc-benchmarks/parboil/common/mk/c.mk:60: run] Error 1
build/omp_base_default/histo: /lib/x86_64-linux-gnu/libc.so.6: version `GLIBC_2.34' not found (required by build/omp_base_default/histo)
make: *** [/home/users/acsilveira/hpc-benchmarks/parboil/common/mk/c.mk:60: run] Error 1
build/omp_base_default/histo: /lib/x86_64-linux-gnu/libc.so.6: version `GLIBC_2.34' not found (required by build/omp_base_default/histo)
make: *** [/home/users/acsilveira/hpc-benchmarks/parboil/common/mk/c.mk:60: run] Error 1
build/omp_base_default/histo: /lib/x86_64-linux-gnu/libc.so.6: version `GLIBC_2.34' not found (required by build/omp_base_default/histo)
make: *** [/home/users/acsilveira/hpc-benchmarks/parboil/common/mk/c.mk:60: run] Error 1
build/omp_base_default/histo: /lib/x86_64-linux-gnu/libc.so.6: version `GLIBC_2.34' not found (required by build/omp_base_default/histo)
make: *** [/home/users/acsilveira/hpc-benchmarks/parboil/common/mk/c.mk:60: run] Error 1
build/omp_base_default/histo: /lib/x86_64-linux-gnu/libc.so.6: version `GLIBC_2.34' not found (required by build/omp_base_default/histo)
make: *** [/home/users/acsilveira/hpc-benchmarks/parboil/common/mk/c.mk:60: run] Error 1
build/omp_base_default/histo: /lib/x86_64-linux-gnu/libc.so.6: version `GLIBC_2.34' not found (required by build/omp_base_default/histo)
make: *** [/home/users/acsilveira/hpc-benchmarks/parboil/common/mk/c.mk:60: run] Error 1
build/omp_base_default/histo: /lib/x86_64-linux-gnu/libc.so.6: version `GLIBC_2.34' not found (required by build/omp_base_default/histo)
make: *** [/home/users/acsilveira/hpc-benchmarks/parboil/common/mk/c.mk:60: run] Error 1
build/omp_base_default/histo: /lib/x86_64-linux-gnu/libc.so.6: version `GLIBC_2.34' not found (required by build/omp_base_default/histo)
make: *** [/home/users/acsilveira/hpc-benchmarks/parboil/common/mk/c.mk:60: run] Error 1
build/omp_base_default/histo: /lib/x86_64-linux-gnu/libc.so.6: version `GLIBC_2.34' not found (required by build/omp_base_default/histo)
make: *** [/home/users/acsilveira/hpc-benchmarks/parboil/common/mk/c.mk:60: run] Error 1
build/omp_base_default/histo: /lib/x86_64-linux-gnu/libc.so.6: version `GLIBC_2.34' not found (required by build/omp_base_default/histo)
make: *** [/home/users/acsilveira/hpc-benchmarks/parboil/common/mk/c.mk:60: run] Error 1
build/omp_base_default/histo: /lib/x86_64-linux-gnu/libc.so.6: version `GLIBC_2.34' not found (required by build/omp_base_default/histo)
make: *** [/home/users/acsilveira/hpc-benchmarks/parboil/common/mk/c.mk:60: run] Error 1
build/omp_base_default/histo: /lib/x86_64-linux-gnu/libc.so.6: version `GLIBC_2.34' not found (required by build/omp_base_default/histo)
make: *** [/home/users/acsilveira/hpc-benchmarks/parboil/common/mk/c.mk:60: run] Error 1
build/omp_base_default/histo: /lib/x86_64-linux-gnu/libc.so.6: version `GLIBC_2.34' not found (required by build/omp_base_default/histo)
make: *** [/home/users/acsilveira/hpc-benchmarks/parboil/common/mk/c.mk:60: run] Error 1
build/omp_base_default/histo: /lib/x86_64-linux-gnu/libc.so.6: version `GLIBC_2.34' not found (required by build/omp_base_default/histo)
make: *** [/home/users/acsilveira/hpc-benchmarks/parboil/common/mk/c.mk:60: run] Error 1
build/omp_base_default/histo: /lib/x86_64-linux-gnu/libc.so.6: version `GLIBC_2.34' not found (required by build/omp_base_default/histo)
make: *** [/home/users/acsilveira/hpc-benchmarks/parboil/common/mk/c.mk:60: run] Error 1
build/omp_base_default/histo: /lib/x86_64-linux-gnu/libc.so.6: version `GLIBC_2.34' not found (required by build/omp_base_default/histo)
make: *** [/home/users/acsilveira/hpc-benchmarks/parboil/common/mk/c.mk:60: run] Error 1
build/omp_base_default/histo: /lib/x86_64-linux-gnu/libc.so.6: version `GLIBC_2.34' not found (required by build/omp_base_default/histo)
make: *** [/home/users/acsilveira/hpc-benchmarks/parboil/common/mk/c.mk:60: run] Error 1
build/omp_base_default/histo: /lib/x86_64-linux-gnu/libc.so.6: version `GLIBC_2.34' not found (required by build/omp_base_default/histo)
make: *** [/home/users/acsilveira/hpc-benchmarks/parboil/common/mk/c.mk:60: run] Error 1
build/omp_base_default/histo: /lib/x86_64-linux-gnu/libc.so.6: version `GLIBC_2.34' not found (required by build/omp_base_default/histo)
make: *** [/home/users/acsilveira/hpc-benchmarks/parboil/common/mk/c.mk:60: run] Error 1
<command-line>: warning: "_OPENMP" redefined
<built-in>: note: this is the location of the previous definition
<command-line>: warning: "_OPENMP" redefined
<built-in>: note: this is the location of the previous definition
<command-line>: warning: "_OPENMP" redefined
<built-in>: note: this is the location of the previous definition
/usr/bin/ld: build/omp_base_default/main.o: in function `main':
main.c:(.text+0x2b2): undefined reference to `ComputePhiMagCPU'
/usr/bin/ld: main.c:(.text+0x34a): undefined reference to `ComputeQCPU'
collect2: error: ld returned 1 exit status
make: *** [/home/users/acsilveira/hpc-benchmarks/parboil/common/mk/c.mk:70: build/omp_base_default/mri-q] Error 1
/usr/bin/ld: build/omp_base_default/main.o: in function `main':
main.c:(.text+0x2b2): undefined reference to `ComputePhiMagCPU'
/usr/bin/ld: main.c:(.text+0x34a): undefined reference to `ComputeQCPU'
collect2: error: ld returned 1 exit status
make: *** [/home/users/acsilveira/hpc-benchmarks/parboil/common/mk/c.mk:70: build/omp_base_default/mri-q] Error 1
/usr/bin/ld: build/omp_base_default/main.o: in function `main':
main.c:(.text+0x2b2): undefined reference to `ComputePhiMagCPU'
/usr/bin/ld: main.c:(.text+0x34a): undefined reference to `ComputeQCPU'
collect2: error: ld returned 1 exit status
make: *** [/home/users/acsilveira/hpc-benchmarks/parboil/common/mk/c.mk:70: build/omp_base_default/mri-q] Error 1
/usr/bin/ld: build/omp_base_default/main.o: in function `main':
main.c:(.text+0x2b2): undefined reference to `ComputePhiMagCPU'
/usr/bin/ld: main.c:(.text+0x34a): undefined reference to `ComputeQCPU'
collect2: error: ld returned 1 exit status
make: *** [/home/users/acsilveira/hpc-benchmarks/parboil/common/mk/c.mk:70: build/omp_base_default/mri-q] Error 1
/usr/bin/ld: build/omp_base_default/main.o: in function `main':
main.c:(.text+0x2b2): undefined reference to `ComputePhiMagCPU'
/usr/bin/ld: main.c:(.text+0x34a): undefined reference to `ComputeQCPU'
collect2: error: ld returned 1 exit status
make: *** [/home/users/acsilveira/hpc-benchmarks/parboil/common/mk/c.mk:70: build/omp_base_default/mri-q] Error 1
/usr/bin/ld: build/omp_base_default/main.o: in function `main':
main.c:(.text+0x2b2): undefined reference to `ComputePhiMagCPU'
/usr/bin/ld: main.c:(.text+0x34a): undefined reference to `ComputeQCPU'
collect2: error: ld returned 1 exit status
make: *** [/home/users/acsilveira/hpc-benchmarks/parboil/common/mk/c.mk:70: build/omp_base_default/mri-q] Error 1
/usr/bin/ld: build/omp_base_default/main.o: in function `main':
main.c:(.text+0x2b2): undefined reference to `ComputePhiMagCPU'
/usr/bin/ld: main.c:(.text+0x34a): undefined reference to `ComputeQCPU'
collect2: error: ld returned 1 exit status
make: *** [/home/users/acsilveira/hpc-benchmarks/parboil/common/mk/c.mk:70: build/omp_base_default/mri-q] Error 1
/usr/bin/ld: build/omp_base_default/main.o: in function `main':
main.c:(.text+0x2b2): undefined reference to `ComputePhiMagCPU'
/usr/bin/ld: main.c:(.text+0x34a): undefined reference to `ComputeQCPU'
collect2: error: ld returned 1 exit status
make: *** [/home/users/acsilveira/hpc-benchmarks/parboil/common/mk/c.mk:70: build/omp_base_default/mri-q] Error 1
/usr/bin/ld: build/omp_base_default/main.o: in function `main':
main.c:(.text+0x2b2): undefined reference to `ComputePhiMagCPU'
/usr/bin/ld: main.c:(.text+0x34a): undefined reference to `ComputeQCPU'
collect2: error: ld returned 1 exit status
make: *** [/home/users/acsilveira/hpc-benchmarks/parboil/common/mk/c.mk:70: build/omp_base_default/mri-q] Error 1
/usr/bin/ld: build/omp_base_default/main.o: in function `main':
main.c:(.text+0x2b2): undefined reference to `ComputePhiMagCPU'
/usr/bin/ld: main.c:(.text+0x34a): undefined reference to `ComputeQCPU'
collect2: error: ld returned 1 exit status
make: *** [/home/users/acsilveira/hpc-benchmarks/parboil/common/mk/c.mk:70: build/omp_base_default/mri-q] Error 1
/usr/bin/ld: build/omp_base_default/main.o: in function `main':
main.c:(.text+0x2b2): undefined reference to `ComputePhiMagCPU'
/usr/bin/ld: main.c:(.text+0x34a): undefined reference to `ComputeQCPU'
collect2: error: ld returned 1 exit status
make: *** [/home/users/acsilveira/hpc-benchmarks/parboil/common/mk/c.mk:70: build/omp_base_default/mri-q] Error 1
/usr/bin/ld: build/omp_base_default/main.o: in function `main':
main.c:(.text+0x2b2): undefined reference to `ComputePhiMagCPU'
/usr/bin/ld: main.c:(.text+0x34a): undefined reference to `ComputeQCPU'
collect2: error: ld returned 1 exit status
make: *** [/home/users/acsilveira/hpc-benchmarks/parboil/common/mk/c.mk:70: build/omp_base_default/mri-q] Error 1
/usr/bin/ld: build/omp_base_default/main.o: in function `main':
main.c:(.text+0x2b2): undefined reference to `ComputePhiMagCPU'
/usr/bin/ld: main.c:(.text+0x34a): undefined reference to `ComputeQCPU'
collect2: error: ld returned 1 exit status
make: *** [/home/users/acsilveira/hpc-benchmarks/parboil/common/mk/c.mk:70: build/omp_base_default/mri-q] Error 1
/usr/bin/ld: build/omp_base_default/main.o: in function `main':
main.c:(.text+0x2b2): undefined reference to `ComputePhiMagCPU'
/usr/bin/ld: main.c:(.text+0x34a): undefined reference to `ComputeQCPU'
collect2: error: ld returned 1 exit status
make: *** [/home/users/acsilveira/hpc-benchmarks/parboil/common/mk/c.mk:70: build/omp_base_default/mri-q] Error 1
/usr/bin/ld: build/omp_base_default/main.o: in function `main':
main.c:(.text+0x2b2): undefined reference to `ComputePhiMagCPU'
/usr/bin/ld: main.c:(.text+0x34a): undefined reference to `ComputeQCPU'
collect2: error: ld returned 1 exit status
make: *** [/home/users/acsilveira/hpc-benchmarks/parboil/common/mk/c.mk:70: build/omp_base_default/mri-q] Error 1
/usr/bin/ld: build/omp_base_default/main.o: in function `main':
main.c:(.text+0x2b2): undefined reference to `ComputePhiMagCPU'
/usr/bin/ld: main.c:(.text+0x34a): undefined reference to `ComputeQCPU'
collect2: error: ld returned 1 exit status
make: *** [/home/users/acsilveira/hpc-benchmarks/parboil/common/mk/c.mk:70: build/omp_base_default/mri-q] Error 1
/usr/bin/ld: build/omp_base_default/main.o: in function `main':
main.c:(.text+0x2b2): undefined reference to `ComputePhiMagCPU'
/usr/bin/ld: main.c:(.text+0x34a): undefined reference to `ComputeQCPU'
collect2: error: ld returned 1 exit status
make: *** [/home/users/acsilveira/hpc-benchmarks/parboil/common/mk/c.mk:70: build/omp_base_default/mri-q] Error 1
/usr/bin/ld: build/omp_base_default/main.o: in function `main':
main.c:(.text+0x2b2): undefined reference to `ComputePhiMagCPU'
/usr/bin/ld: main.c:(.text+0x34a): undefined reference to `ComputeQCPU'
collect2: error: ld returned 1 exit status
make: *** [/home/users/acsilveira/hpc-benchmarks/parboil/common/mk/c.mk:70: build/omp_base_default/mri-q] Error 1
/usr/bin/ld: build/omp_base_default/main.o: in function `main':
main.c:(.text+0x2b2): undefined reference to `ComputePhiMagCPU'
/usr/bin/ld: main.c:(.text+0x34a): undefined reference to `ComputeQCPU'
collect2: error: ld returned 1 exit status
make: *** [/home/users/acsilveira/hpc-benchmarks/parboil/common/mk/c.mk:70: build/omp_base_default/mri-q] Error 1
/usr/bin/ld: build/omp_base_default/main.o: in function `main':
main.c:(.text+0x2b2): undefined reference to `ComputePhiMagCPU'
/usr/bin/ld: main.c:(.text+0x34a): undefined reference to `ComputeQCPU'
collect2: error: ld returned 1 exit status
make: *** [/home/users/acsilveira/hpc-benchmarks/parboil/common/mk/c.mk:70: build/omp_base_default/mri-q] Error 1
/usr/bin/ld: build/omp_base_default/main.o: in function `main':
main.c:(.text+0x2b2): undefined reference to `ComputePhiMagCPU'
/usr/bin/ld: main.c:(.text+0x34a): undefined reference to `ComputeQCPU'
collect2: error: ld returned 1 exit status
make: *** [/home/users/acsilveira/hpc-benchmarks/parboil/common/mk/c.mk:70: build/omp_base_default/mri-q] Error 1
/usr/bin/ld: build/omp_base_default/main.o: in function `main':
main.c:(.text+0x2b2): undefined reference to `ComputePhiMagCPU'
/usr/bin/ld: main.c:(.text+0x34a): undefined reference to `ComputeQCPU'
collect2: error: ld returned 1 exit status
make: *** [/home/users/acsilveira/hpc-benchmarks/parboil/common/mk/c.mk:70: build/omp_base_default/mri-q] Error 1
/usr/bin/ld: build/omp_base_default/main.o: in function `main':
main.c:(.text+0x2b2): undefined reference to `ComputePhiMagCPU'
/usr/bin/ld: main.c:(.text+0x34a): undefined reference to `ComputeQCPU'
collect2: error: ld returned 1 exit status
make: *** [/home/users/acsilveira/hpc-benchmarks/parboil/common/mk/c.mk:70: build/omp_base_default/mri-q] Error 1
/usr/bin/ld: build/omp_base_default/main.o: in function `main':
main.c:(.text+0x2b2): undefined reference to `ComputePhiMagCPU'
/usr/bin/ld: main.c:(.text+0x34a): undefined reference to `ComputeQCPU'
collect2: error: ld returned 1 exit status
make: *** [/home/users/acsilveira/hpc-benchmarks/parboil/common/mk/c.mk:70: build/omp_base_default/mri-q] Error 1
/usr/bin/ld: build/omp_base_default/main.o: in function `main':
main.c:(.text+0x2b2): undefined reference to `ComputePhiMagCPU'
/usr/bin/ld: main.c:(.text+0x34a): undefined reference to `ComputeQCPU'
collect2: error: ld returned 1 exit status
make: *** [/home/users/acsilveira/hpc-benchmarks/parboil/common/mk/c.mk:70: build/omp_base_default/mri-q] Error 1
/usr/bin/ld: build/omp_base_default/main.o: in function `main':
main.c:(.text+0x2b2): undefined reference to `ComputePhiMagCPU'
/usr/bin/ld: main.c:(.text+0x34a): undefined reference to `ComputeQCPU'
collect2: error: ld returned 1 exit status
make: *** [/home/users/acsilveira/hpc-benchmarks/parboil/common/mk/c.mk:70: build/omp_base_default/mri-q] Error 1
/usr/bin/ld: build/omp_base_default/main.o: in function `main':
main.c:(.text+0x2b2): undefined reference to `ComputePhiMagCPU'
/usr/bin/ld: main.c:(.text+0x34a): undefined reference to `ComputeQCPU'
collect2: error: ld returned 1 exit status
make: *** [/home/users/acsilveira/hpc-benchmarks/parboil/common/mk/c.mk:70: build/omp_base_default/mri-q] Error 1
/usr/bin/ld: build/omp_base_default/main.o: in function `main':
main.c:(.text+0x2b2): undefined reference to `ComputePhiMagCPU'
/usr/bin/ld: main.c:(.text+0x34a): undefined reference to `ComputeQCPU'
collect2: error: ld returned 1 exit status
make: *** [/home/users/acsilveira/hpc-benchmarks/parboil/common/mk/c.mk:70: build/omp_base_default/mri-q] Error 1
/usr/bin/ld: build/omp_base_default/main.o: in function `main':
main.c:(.text+0x2b2): undefined reference to `ComputePhiMagCPU'
/usr/bin/ld: main.c:(.text+0x34a): undefined reference to `ComputeQCPU'
collect2: error: ld returned 1 exit status
make: *** [/home/users/acsilveira/hpc-benchmarks/parboil/common/mk/c.mk:70: build/omp_base_default/mri-q] Error 1
/usr/bin/ld: build/omp_base_default/main.o: in function `main':
main.c:(.text+0x2b2): undefined reference to `ComputePhiMagCPU'
/usr/bin/ld: main.c:(.text+0x34a): undefined reference to `ComputeQCPU'
collect2: error: ld returned 1 exit status
make: *** [/home/users/acsilveira/hpc-benchmarks/parboil/common/mk/c.mk:70: build/omp_base_default/mri-q] Error 1
/usr/bin/ld: build/omp_base_default/main.o: in function `main':
main.c:(.text+0x2b2): undefined reference to `ComputePhiMagCPU'
/usr/bin/ld: main.c:(.text+0x34a): undefined reference to `ComputeQCPU'
collect2: error: ld returned 1 exit status
make: *** [/home/users/acsilveira/hpc-benchmarks/parboil/common/mk/c.mk:70: build/omp_base_default/mri-q] Error 1
/usr/bin/ld: build/omp_base_default/main.o: in function `main':
main.c:(.text+0x2b2): undefined reference to `ComputePhiMagCPU'
/usr/bin/ld: main.c:(.text+0x34a): undefined reference to `ComputeQCPU'
collect2: error: ld returned 1 exit status
make: *** [/home/users/acsilveira/hpc-benchmarks/parboil/common/mk/c.mk:70: build/omp_base_default/mri-q] Error 1
/usr/bin/ld: build/omp_base_default/main.o: in function `main':
main.c:(.text+0x2b2): undefined reference to `ComputePhiMagCPU'
/usr/bin/ld: main.c:(.text+0x34a): undefined reference to `ComputeQCPU'
collect2: error: ld returned 1 exit status
make: *** [/home/users/acsilveira/hpc-benchmarks/parboil/common/mk/c.mk:70: build/omp_base_default/mri-q] Error 1
/usr/bin/ld: build/omp_base_default/main.o: in function `main':
main.c:(.text+0x2b2): undefined reference to `ComputePhiMagCPU'
/usr/bin/ld: main.c:(.text+0x34a): undefined reference to `ComputeQCPU'
collect2: error: ld returned 1 exit status
make: *** [/home/users/acsilveira/hpc-benchmarks/parboil/common/mk/c.mk:70: build/omp_base_default/mri-q] Error 1
/usr/bin/ld: build/omp_base_default/main.o: in function `main':
main.c:(.text+0x2b2): undefined reference to `ComputePhiMagCPU'
/usr/bin/ld: main.c:(.text+0x34a): undefined reference to `ComputeQCPU'
collect2: error: ld returned 1 exit status
make: *** [/home/users/acsilveira/hpc-benchmarks/parboil/common/mk/c.mk:70: build/omp_base_default/mri-q] Error 1
/usr/bin/ld: build/omp_base_default/main.o: in function `main':
main.c:(.text+0x2b2): undefined reference to `ComputePhiMagCPU'
/usr/bin/ld: main.c:(.text+0x34a): undefined reference to `ComputeQCPU'
collect2: error: ld returned 1 exit status
make: *** [/home/users/acsilveira/hpc-benchmarks/parboil/common/mk/c.mk:70: build/omp_base_default/mri-q] Error 1
/usr/bin/ld: build/omp_base_default/main.o: in function `main':
main.c:(.text+0x2b2): undefined reference to `ComputePhiMagCPU'
/usr/bin/ld: main.c:(.text+0x34a): undefined reference to `ComputeQCPU'
collect2: error: ld returned 1 exit status
make: *** [/home/users/acsilveira/hpc-benchmarks/parboil/common/mk/c.mk:70: build/omp_base_default/mri-q] Error 1
/usr/bin/ld: build/omp_base_default/main.o: in function `main':
main.c:(.text+0x2b2): undefined reference to `ComputePhiMagCPU'
/usr/bin/ld: main.c:(.text+0x34a): undefined reference to `ComputeQCPU'
collect2: error: ld returned 1 exit status
make: *** [/home/users/acsilveira/hpc-benchmarks/parboil/common/mk/c.mk:70: build/omp_base_default/mri-q] Error 1
/usr/bin/ld: build/omp_base_default/main.o: in function `main':
main.c:(.text+0x2b2): undefined reference to `ComputePhiMagCPU'
/usr/bin/ld: main.c:(.text+0x34a): undefined reference to `ComputeQCPU'
collect2: error: ld returned 1 exit status
make: *** [/home/users/acsilveira/hpc-benchmarks/parboil/common/mk/c.mk:70: build/omp_base_default/mri-q] Error 1
/usr/bin/ld: build/omp_base_default/main.o: in function `main':
main.c:(.text+0x2b2): undefined reference to `ComputePhiMagCPU'
/usr/bin/ld: main.c:(.text+0x34a): undefined reference to `ComputeQCPU'
collect2: error: ld returned 1 exit status
make: *** [/home/users/acsilveira/hpc-benchmarks/parboil/common/mk/c.mk:70: build/omp_base_default/mri-q] Error 1
/usr/bin/ld: build/omp_base_default/main.o: in function `main':
main.c:(.text+0x2b2): undefined reference to `ComputePhiMagCPU'
/usr/bin/ld: main.c:(.text+0x34a): undefined reference to `ComputeQCPU'
collect2: error: ld returned 1 exit status
make: *** [/home/users/acsilveira/hpc-benchmarks/parboil/common/mk/c.mk:70: build/omp_base_default/mri-q] Error 1
/usr/bin/ld: build/omp_base_default/main.o: in function `main':
main.c:(.text+0x2b2): undefined reference to `ComputePhiMagCPU'
/usr/bin/ld: main.c:(.text+0x34a): undefined reference to `ComputeQCPU'
collect2: error: ld returned 1 exit status
make: *** [/home/users/acsilveira/hpc-benchmarks/parboil/common/mk/c.mk:70: build/omp_base_default/mri-q] Error 1
/usr/bin/ld: build/omp_base_default/main.o: in function `main':
main.c:(.text+0x2b2): undefined reference to `ComputePhiMagCPU'
/usr/bin/ld: main.c:(.text+0x34a): undefined reference to `ComputeQCPU'
collect2: error: ld returned 1 exit status
make: *** [/home/users/acsilveira/hpc-benchmarks/parboil/common/mk/c.mk:70: build/omp_base_default/mri-q] Error 1
/usr/bin/ld: build/omp_base_default/main.o: in function `main':
main.c:(.text+0x2b2): undefined reference to `ComputePhiMagCPU'
/usr/bin/ld: main.c:(.text+0x34a): undefined reference to `ComputeQCPU'
collect2: error: ld returned 1 exit status
make: *** [/home/users/acsilveira/hpc-benchmarks/parboil/common/mk/c.mk:70: build/omp_base_default/mri-q] Error 1
/usr/bin/ld: build/omp_base_default/main.o: in function `main':
main.c:(.text+0x2b2): undefined reference to `ComputePhiMagCPU'
/usr/bin/ld: main.c:(.text+0x34a): undefined reference to `ComputeQCPU'
collect2: error: ld returned 1 exit status
make: *** [/home/users/acsilveira/hpc-benchmarks/parboil/common/mk/c.mk:70: build/omp_base_default/mri-q] Error 1
