 Treads App Time CT  Energy  CO2eq  km travelled by car
      2  PO 0:04:03  0,0040 0,3949               0,0037
      4  PO 0:02:06  0,0024 0,2312               0,0022
      6  PO 0:01:32  0,0018 0,1812               0,0017
      8  PO 0:01:17  0,0017 0,1634               0,0015
     10  PO 0:01:10  0,0016 0,1560               0,0015
     12  PO 0:01:07  0,0016 0,1568               0,0015
     14  PO 0:01:06  0,0017 0,1623               0,0015
     16  PO 0:01:06  0,0017 0,1691               0,0016
     18  PO 0:01:06  0,0018 0,1747               0,0016
     20  PO 0:01:07  0,0019 0,1833               0,0017
     22  PO 0:01:01  0,0019 0,1884               0,0018
     24  PO 0:00:55  0,0018 0,1806               0,0017
     26  PO 0:00:52  0,0018 0,1747               0,0016
     28  PO 0:00:48  0,0016 0,1602               0,0015
     30  PO 0:00:45  0,0017 0,1625               0,0015
     32  PO 0:00:42  0,0016 0,1586               0,0015
     34  PO 0:00:40  0,0016 0,1560               0,0015
     36  PO 0:00:38  0,0016 0,1536               0,0014
     38  PO 0:00:36  0,0015 0,1511               0,0014
     40  PO 0:00:34  0,0015 0,1478               0,0014
      2  ST 0:02:03  0,0021 0,2035               0,0019
      4  ST 0:01:06  0,0012 0,1197               0,0011
      6  ST 0:00:51  0,0010 0,0983               0,0009
      8  ST 0:00:44  0,0009 0,0910               0,0008
     10  ST 0:00:42  0,0009 0,0892               0,0008
     12  ST 0:00:40  0,0009 0,0895               0,0008
     14  ST 0:00:41  0,0010 0,0938               0,0009
     16  ST 0:00:40  0,0010 0,0960               0,0009
     18  ST 0:00:40  0,0010 0,0986               0,0009
     20  ST 0:00:40  0,0010 0,1029               0,0010
     22  ST 0:00:36  0,0011 0,1085               0,0010
     24  ST 0:00:33  0,0011 0,1056               0,0010
     26  ST 0:00:31  0,0011 0,1037               0,0010
     28  ST 0:00:29  0,0010 0,0992               0,0009
     30  ST 0:00:27  0,0010 0,0965               0,0009
     32  ST 0:00:25  0,0009 0,0924               0,0009
     34  ST 0:00:24  0,0009 0,0900               0,0008
     36  ST 0:00:22  0,0009 0,0875               0,0008
     38  ST 0:00:21  0,0009 0,0858               0,0008
     40  ST 0:00:20  0,0009 0,0843               0,0008