 Treads App Time CT  Energy  CO2eq  km travelled by car
      2  PO 0:04:07  0,0083 3,9867               0,0371
      4  PO 0:02:14  0,0048 2,3226               0,0216
      6  PO 0:01:34  0,0035 1,6927               0,0157
      8  PO 0:01:17  0,0030 1,4350               0,0133
     10  PO 0:01:09  0,0028 1,3269               0,0123
     12  PO 0:01:04  0,0026 1,2547               0,0117
     14  PO 0:00:00  0,0000 0,0000               0,0000
     16  PO 0:00:00  0,0000 0,0000               0,0000
     18  PO 0:00:00  0,0000 0,0000               0,0000
     20  PO 0:00:00  0,0000 0,0000               0,0000
     22  PO 0:00:00  0,0000 0,0000               0,0000
     24  PO 0:00:00  0,0000 0,0000               0,0000
     26  PO 0:00:00  0,0000 0,0000               0,0000
     28  PO 0:00:00  0,0000 0,0000               0,0000
     30  PO 0:00:00  0,0000 0,0000               0,0000
     32  PO 0:00:00  0,0000 0,0000               0,0000
     34  PO 0:00:00  0,0000 0,0000               0,0000
     36  PO 0:00:00  0,0000 0,0000               0,0000
     38  PO 0:00:00  0,0000 0,0000               0,0000
     40  PO 0:00:00  0,0000 0,0000               0,0000
     42  PO 0:00:00  0,0000 0,0000               0,0000
     44  PO 0:00:00  0,0000 0,0000               0,0000
     46  PO 0:00:00  0,0000 0,0000               0,0000
     48  PO 0:00:00  0,0000 0,0000               0,0000
     50  PO 0:00:00  0,0000 0,0000               0,0000
     52  PO 0:00:00  0,0000 0,0000               0,0000
     54  PO 0:00:00  0,0000 0,0000               0,0000
     56  PO 0:00:00  0,0000 0,0000               0,0000
     58  PO 0:00:00  0,0000 0,0000               0,0000
     60  PO 0:00:00  0,0000 0,0000               0,0000
     62  PO 0:00:00  0,0000 0,0000               0,0000
     64  PO 0:00:00  0,0000 0,0000               0,0000
     66  PO 0:00:00  0,0000 0,0000               0,0000
     68  PO 0:00:00  0,0000 0,0000               0,0000
     70  PO 0:00:00  0,0000 0,0000               0,0000
     72  PO 0:00:00  0,0000 0,0000               0,0000
     74  PO 0:00:00  0,0000 0,0000               0,0000
     76  PO 0:00:00  0,0000 0,0000               0,0000
     78  PO 0:00:00  0,0000 0,0000               0,0000
     80  PO 0:00:00  0,0000 0,0000               0,0000
     82  PO 0:00:00  0,0000 0,0000               0,0000
     84  PO 0:00:00  0,0000 0,0000               0,0000
     86  PO 0:00:00  0,0000 0,0000               0,0000
     88  PO 0:00:00  0,0000 0,0000               0,0000
      2  ST 0:02:26  0,0049 2,3445               0,0218
      4  ST 0:01:18  0,0028 1,3310               0,0124
      6  ST 0:00:54  0,0020 0,9644               0,0090
      8  ST 0:00:45  0,0017 0,8278               0,0077
     10  ST 0:00:40  0,0016 0,7481               0,0070
     12  ST 0:00:38  0,0015 0,7240               0,0067
     14  ST 0:00:37  0,0015 0,7048               0,0066
     16  ST 0:00:35  0,0014 0,6841               0,0064
     18  ST 0:00:34  0,0014 0,6765               0,0063
     20  ST 0:00:35  0,0014 0,6902               0,0064
     22  ST 0:00:35  0,0015 0,6991               0,0065
     24  ST 0:00:35  0,0015 0,7119               0,0066
     26  ST 0:00:34  0,0015 0,7107               0,0066
     28  ST 0:00:34  0,0015 0,7186               0,0067
     30  ST 0:00:34  0,0015 0,7334               0,0068
     32  ST 0:00:34  0,0015 0,7315               0,0068
     34  ST 0:00:34  0,0016 0,7467               0,0069
     36  ST 0:00:34  0,0016 0,7522               0,0070
     38  ST 0:00:34  0,0016 0,7666               0,0071
     40  ST 0:00:33  0,0016 0,7674               0,0071
     42  ST 0:00:34  0,0016 0,7843               0,0073
     44  ST 0:00:34  0,0016 0,7927               0,0074
     46  ST 0:00:32  0,0016 0,7760               0,0072
     48  ST 0:00:31  0,0015 0,7454               0,0069
     50  ST 0:00:29  0,0015 0,7169               0,0067
     52  ST 0:00:28  0,0014 0,6939               0,0065
     54  ST 0:00:28  0,0014 0,6967               0,0065
     56  ST 0:00:26  0,0014 0,6749               0,0063
     58  ST 0:00:26  0,0014 0,6645               0,0062
     60  ST 0:00:25  0,0013 0,6476               0,0060
     62  ST 0:00:24  0,0013 0,6384               0,0059
     64  ST 0:00:23  0,0013 0,6298               0,0059
     66  ST 0:00:22  0,0013 0,6095               0,0057
     68  ST 0:00:22  0,0013 0,6148               0,0057
     70  ST 0:00:21  0,0013 0,6020               0,0056
     72  ST 0:00:20  0,0012 0,5838               0,0054
     74  ST 0:00:20  0,0012 0,5854               0,0054
     76  ST 0:00:19  0,0012 0,5761               0,0054
     78  ST 0:00:19  0,0012 0,5826               0,0054
     80  ST 0:00:19  0,0012 0,5628               0,0052
     82  ST 0:00:18  0,0011 0,5463               0,0051
     84  ST 0:00:17  0,0011 0,5394               0,0050
     86  ST 0:00:17  0,0011 0,5411               0,0050
     88  ST 0:00:17  0,0011 0,5326               0,0050