 Treads App Time CT  Energy  CO2eq  km travelled by car
      2  PO 0:04:04  0,0041 0,3989               0,0037
      4  PO 0:02:06  0,0024 0,2311               0,0022
      6  PO 0:01:31  0,0018 0,1807               0,0017
      8  PO 0:01:17  0,0017 0,1647               0,0015
     10  PO 0:01:10  0,0016 0,1580               0,0015
     12  PO 0:01:08  0,0017 0,7939               0,0074
     14  PO 0:01:07  0,0017 0,8119               0,0076
     16  PO 0:01:06  0,0017 0,8336               0,0078
     18  PO 0:01:06  0,0018 0,8563               0,0080
     20  PO 0:01:06  0,0018 0,8777               0,0082
     22  PO 0:01:01  0,0019 0,9289               0,0086
     24  PO 0:00:56  0,0019 0,9016               0,0084
     26  PO 0:00:51  0,0018 0,8471               0,0079
     28  PO 0:00:48  0,0017 0,8147               0,0076
     30  PO 0:00:45  0,0016 0,7859               0,0073
     32  PO 0:00:41  0,0016 0,7625               0,0071
     34  PO 0:00:39  0,0016 0,7552               0,0070
     36  PO 0:00:37  0,0015 0,7341               0,0068
     38  PO 0:00:36  0,0015 0,7310               0,0068
     40  PO 0:00:34  0,0015 0,7191               0,0067
      2  ST 0:02:05  0,0021 1,0102               0,0094
      4  ST 0:01:06  0,0012 0,5900               0,0055
      6  ST 0:00:51  0,0010 0,4778               0,0044
      8  ST 0:00:44  0,0009 0,4414               0,0041
     10  ST 0:00:41  0,0009 0,4305               0,0040
     12  ST 0:00:40  0,0009 0,4385               0,0041
     14  ST 0:00:41  0,0010 0,4620               0,0043
     16  ST 0:00:40  0,0010 0,4738               0,0044
     18  ST 0:00:40  0,0010 0,4895               0,0046
     20  ST 0:00:40  0,0011 0,5052               0,0047
     22  ST 0:00:36  0,0011 0,5271               0,0049
     24  ST 0:00:33  0,0011 0,5193               0,0048
     26  ST 0:00:31  0,0010 0,5031               0,0047
     28  ST 0:00:28  0,0010 0,4788               0,0045
     30  ST 0:00:26  0,0010 0,4591               0,0043
     32  ST 0:00:25  0,0009 0,4503               0,0042
     34  ST 0:00:23  0,0009 0,4342               0,0040
     36  ST 0:00:22  0,0009 0,4280               0,0040
     38  ST 0:00:21  0,0009 0,4189               0,0039
     40  ST 0:00:20  0,0009 0,4131               0,0038