 Treads App Time CT  Energy  CO2eq  km travelled by car
      2  PO 0:04:06  0,0041 0,4001               0,0037
      4  PO 0:02:06  0,0023 0,2303               0,0021
      6  PO 0:01:31  0,0018 0,1805               0,0017
      8  PO 0:01:16  0,0016 0,1614               0,0015
     10  PO 0:01:10  0,0016 0,1581               0,0015
     12  PO 0:01:09  0,0016 0,1611               0,0015
     14  PO 0:01:08  0,0017 0,1656               0,0015
     16  PO 0:01:07  0,0017 0,1708               0,0016
     18  PO 0:01:07  0,0017 0,1710               0,0016
     20  PO 0:01:06  0,0018 0,1789               0,0017
     22  PO 0:01:00  0,0019 0,1847               0,0017
     24  PO 0:00:55  0,0018 0,1799               0,0017
     26  PO 0:00:52  0,0018 0,1742               0,0016
     28  PO 0:00:48  0,0017 0,1665               0,0015
     30  PO 0:00:45  0,0016 0,1622               0,0015
     32  PO 0:00:43  0,0016 0,1600               0,0015
     34  PO 0:00:40  0,0015 0,1496               0,0014
     36  PO 0:00:38  0,0016 0,1549               0,0014
     38  PO 0:00:36  0,0015 0,1522               0,0014
     40  PO 0:00:34  0,0015 0,1463               0,0014
      2  ST 0:02:02  0,0021 0,2042               0,0019
      4  ST 0:01:06  0,0012 0,1194               0,0011
      6  ST 0:00:50  0,0010 0,0955               0,0009
      8  ST 0:00:43  0,0009 0,0893               0,0008
     10  ST 0:00:40  0,0009 0,0870               0,0008
     12  ST 0:00:40  0,0009 0,0882               0,0008
     14  ST 0:00:40  0,0009 0,0930               0,0009
     16  ST 0:00:40  0,0010 0,0954               0,0009
     18  ST 0:00:40  0,0010 0,0987               0,0009
     20  ST 0:00:40  0,0010 0,1033               0,0010
     22  ST 0:00:36  0,0011 0,1067               0,0010
     24  ST 0:00:33  0,0011 0,1059               0,0010
     26  ST 0:00:31  0,0010 0,1014               0,0009
     28  ST 0:00:29  0,0010 0,0979               0,0009
     30  ST 0:00:26  0,0009 0,0926               0,0009
     32  ST 0:00:25  0,0009 0,0894               0,0008
     34  ST 0:00:23  0,0009 0,0873               0,0008
     36  ST 0:00:22  0,0009 0,0841               0,0008
     38  ST 0:00:21  0,0009 0,0837               0,0008
     40  ST 0:00:20  0,0008 0,0833               0,0008