 Treads App Time CT  Energy  CO2eq  km travelled by car
      2  PO 0:04:01  0,0038 0,3697               0,0034
      4  PO 0:02:06  0,0023 0,2250               0,0021
      6  PO 0:01:31  0,0018 0,1785               0,0017
      8  PO 0:01:17  0,0017 0,1635               0,0015
     10  PO 0:01:11  0,0016 0,1569               0,0015
     12  PO 0:01:09  0,0016 0,1603               0,0015
     14  PO 0:01:07  0,0017 0,1632               0,0015
     16  PO 0:01:06  0,0017 0,1673               0,0016
     18  PO 0:01:06  0,0018 0,1733               0,0016
     20  PO 0:01:06  0,0018 0,1786               0,0017
     22  PO 0:01:00  0,0019 0,1846               0,0017
     24  PO 0:00:56  0,0019 0,1821               0,0017
     26  PO 0:00:52  0,0018 0,1740               0,0016
     28  PO 0:00:49  0,0017 0,1682               0,0016
     30  PO 0:00:45  0,0017 0,1631               0,0015
     32  PO 0:00:43  0,0016 0,1593               0,0015
     34  PO 0:00:39  0,0015 0,1464               0,0014
     36  PO 0:00:38  0,0016 0,1560               0,0015
     38  PO 0:00:36  0,0015 0,1522               0,0014
     40  PO 0:00:34  0,0015 0,1475               0,0014
      2  ST 0:02:04  0,0021 0,2066               0,0019
      4  ST 0:01:06  0,0012 0,1206               0,0011
      6  ST 0:00:50  0,0010 0,0962               0,0009
      8  ST 0:00:42  0,0009 0,0877               0,0008
     10  ST 0:00:40  0,0009 0,0864               0,0008
     12  ST 0:00:40  0,0009 0,0885               0,0008
     14  ST 0:00:40  0,0010 0,0936               0,0009
     16  ST 0:00:40  0,0010 0,0958               0,0009
     18  ST 0:00:40  0,0010 0,1010               0,0009
     20  ST 0:00:40  0,0011 0,1036               0,0010
     22  ST 0:00:36  0,0011 0,1081               0,0010
     24  ST 0:00:33  0,0011 0,1067               0,0010
     26  ST 0:00:30  0,0010 0,1021               0,0009
     28  ST 0:00:29  0,0010 0,0993               0,0009
     30  ST 0:00:26  0,0010 0,0949               0,0009
     32  ST 0:00:25  0,0009 0,0918               0,0009
     34  ST 0:00:23  0,0009 0,0890               0,0008
     36  ST 0:00:22  0,0009 0,0878               0,0008
     38  ST 0:00:21  0,0009 0,0851               0,0008
     40  ST 0:00:20  0,0008 0,0835               0,0008