 Treads App Time CT  Energy  CO2eq  km travelled by car
      2  PO 0:04:11  0,0084 0,8257               0,0077
      4  PO 0:02:14  0,0048 0,4733               0,0044
      6  PO 0:01:34  0,0035 0,3464               0,0032
      8  PO 0:01:17  0,0030 0,2948               0,0027
     10  PO 0:01:09  0,0028 0,2726               0,0025
     12  PO 0:01:04  0,0026 0,2555               0,0024
     14  PO 0:01:01  0,0025 0,2480               0,0023
     16  PO 0:00:59  0,0025 0,2439               0,0023
     18  PO 0:00:59  0,0025 0,2423               0,0023
     20  PO 0:00:58  0,0025 0,2426               0,0023
     22  PO 0:00:57  0,0025 0,2450               0,0023
     24  PO 0:00:57  0,0025 0,2463               0,0023
     26  PO 0:00:57  0,0025 0,2499               0,0023
     28  PO 0:00:00  0,0000 0,0000               0,0000
     30  PO 0:00:00  0,0000 0,0000               0,0000
     32  PO 0:00:00  0,0000 0,0000               0,0000
     34  PO 0:00:00  0,0000 0,0000               0,0000
     36  PO 0:00:00  0,0000 0,0000               0,0000
     38  PO 0:00:00  0,0000 0,0000               0,0000
     40  PO 0:00:00  0,0000 0,0000               0,0000
     42  PO 0:00:00  0,0000 0,0000               0,0000
     44  PO 0:00:00  0,0000 0,0000               0,0000
     46  PO 0:00:00  0,0000 0,0000               0,0000
     48  PO 0:00:00  0,0000 0,0000               0,0000
     50  PO 0:00:00  0,0000 0,0000               0,0000
     52  PO 0:00:00  0,0000 0,0000               0,0000
     54  PO 0:00:00  0,0000 0,0000               0,0000
     56  PO 0:00:00  0,0000 0,0000               0,0000
     58  PO 0:00:00  0,0000 0,0001               0,0000
     60  PO 0:00:00  0,0000 0,0000               0,0000
     62  PO 0:00:00  0,0000 0,0000               0,0000
     64  PO 0:00:00  0,0000 0,0001               0,0000
     66  PO 0:00:00  0,0000 0,0001               0,0000
     68  PO 0:00:00  0,0000 0,0000               0,0000
     70  PO 0:00:00  0,0000 0,0000               0,0000
     72  PO 0:00:00  0,0000 0,0000               0,0000
     74  PO 0:00:00  0,0000 0,0000               0,0000
     76  PO 0:00:00  0,0000 0,0000               0,0000
     78  PO 0:00:00  0,0000 0,0000               0,0000
     80  PO 0:00:00  0,0000 0,0000               0,0000
     82  PO 0:00:00  0,0000 0,0000               0,0000
     84  PO 0:00:00  0,0000 0,0000               0,0000
     86  PO 0:00:00  0,0000 0,0000               0,0000
     88  PO 0:00:00  0,0000 0,0002               0,0000
      2  ST 0:02:24  0,0048 0,4737               0,0044
      4  ST 0:01:18  0,0028 0,2710               0,0025
      6  ST 0:00:54  0,0020 0,1962               0,0018
      8  ST 0:00:46  0,0017 0,1700               0,0016
     10  ST 0:00:41  0,0016 0,1548               0,0014
     12  ST 0:00:38  0,0015 0,1486               0,0014
     14  ST 0:00:37  0,0015 0,1463               0,0014
     16  ST 0:00:35  0,0014 0,1404               0,0013
     18  ST 0:00:35  0,0014 0,1402               0,0013
     20  ST 0:00:35  0,0014 0,1414               0,0013
     22  ST 0:00:35  0,0015 0,1456               0,0014
     24  ST 0:00:35  0,0015 0,1467               0,0014
     26  ST 0:00:35  0,0015 0,1472               0,0014
     28  ST 0:00:35  0,0015 0,1495               0,0014
     30  ST 0:00:34  0,0015 0,1512               0,0014
     32  ST 0:00:34  0,0015 0,1502               0,0014
     34  ST 0:00:34  0,0016 0,1542               0,0014
     36  ST 0:00:34  0,0016 0,1552               0,0014
     38  ST 0:00:34  0,0016 0,1581               0,0015
     40  ST 0:00:34  0,0016 0,1578               0,0015
     42  ST 0:00:34  0,0016 0,1617               0,0015
     44  ST 0:00:34  0,0017 0,1641               0,0015
     46  ST 0:00:32  0,0016 0,1583               0,0015
     48  ST 0:00:31  0,0016 0,1541               0,0014
     50  ST 0:00:30  0,0015 0,1481               0,0014
     52  ST 0:00:28  0,0014 0,1425               0,0013
     54  ST 0:00:28  0,0014 0,1414               0,0013
     56  ST 0:00:26  0,0014 0,1372               0,0013
     58  ST 0:00:25  0,0014 0,1336               0,0012
     60  ST 0:00:25  0,0013 0,1326               0,0012
     62  ST 0:00:24  0,0013 0,1311               0,0012
     64  ST 0:00:23  0,0013 0,1268               0,0012
     66  ST 0:00:23  0,0013 0,1318               0,0012
     68  ST 0:00:21  0,0013 0,1236               0,0011
     70  ST 0:00:21  0,0012 0,1219               0,0011
     72  ST 0:00:20  0,0012 0,5888               0,0055
     74  ST 0:00:20  0,0012 0,5875               0,0055
     76  ST 0:00:20  0,0012 0,5817               0,0054
     78  ST 0:00:19  0,0012 0,5808               0,0054
     80  ST 0:00:18  0,0012 0,5555               0,0052
     82  ST 0:00:18  0,0011 0,5444               0,0051
     84  ST 0:00:18  0,0012 0,5572               0,0052
     86  ST 0:00:17  0,0011 0,5385               0,0050
     88  ST 0:00:17  0,0011 0,5322               0,0050