 Treads App Time CT  Energy  CO2eq  km travelled by car
      2  PO 0:04:10  0,0084 0,8221               0,0076
      4  PO 0:02:14  0,0048 0,4697               0,0044
      6  PO 0:01:33  0,0035 0,3440               0,0032
      8  PO 0:01:17  0,0030 0,2947               0,0027
     10  PO 0:01:09  0,0028 0,2716               0,0025
     12  PO 0:01:04  0,0026 0,2550               0,0024
     14  PO 0:01:02  0,0025 0,2500               0,0023
     16  PO 0:00:00  0,0000 0,0000               0,0000
     18  PO 0:00:00  0,0000 0,0000               0,0000
     20  PO 0:00:00  0,0000 0,0000               0,0000
     22  PO 0:00:00  0,0000 0,0001               0,0000
     24  PO 0:00:00  0,0000 0,0000               0,0000
     26  PO 0:00:00  0,0000 0,0000               0,0000
     28  PO 0:00:00  0,0000 0,0000               0,0000
     30  PO 0:00:00  0,0000 0,0000               0,0000
     32  PO 0:00:00  0,0000 0,0000               0,0000
     34  PO 0:00:00  0,0000 0,0000               0,0000
     36  PO 0:00:00  0,0000 0,0000               0,0000
     38  PO 0:00:00  0,0000 0,0000               0,0000
     40  PO 0:00:00  0,0000 0,0001               0,0000
     42  PO 0:00:00  0,0000 0,0000               0,0000
     44  PO 0:00:00  0,0000 0,0000               0,0000
     46  PO 0:00:00  0,0000 0,0000               0,0000
     48  PO 0:00:00  0,0000 0,0001               0,0000
     50  PO 0:00:00  0,0000 0,0001               0,0000
     52  PO 0:00:00  0,0000 0,0001               0,0000
     54  PO 0:00:00  0,0000 0,0000               0,0000
     56  PO 0:00:00  0,0000 0,0000               0,0000
     58  PO 0:00:00  0,0000 0,0000               0,0000
     60  PO 0:00:00  0,0000 0,0000               0,0000
     62  PO 0:00:00  0,0000 0,0000               0,0000
     64  PO 0:00:00  0,0000 0,0000               0,0000
     66  PO 0:00:00  0,0000 0,0000               0,0000
     68  PO 0:00:00  0,0000 0,0001               0,0000
     70  PO 0:00:00  0,0000 0,0000               0,0000
     72  PO 0:00:00  0,0000 0,0000               0,0000
     74  PO 0:00:00  0,0000 0,0000               0,0000
     76  PO 0:00:00  0,0000 0,0000               0,0000
     78  PO 0:00:00  0,0000 0,0000               0,0000
     80  PO 0:00:00  0,0000 0,0000               0,0000
     82  PO 0:00:00  0,0000 0,0000               0,0000
     84  PO 0:00:00  0,0000 0,0000               0,0000
     86  PO 0:00:00  0,0000 0,0000               0,0000
     88  PO 0:00:00  0,0000 0,0000               0,0000
      2  ST 0:02:26  0,0049 0,4812               0,0045
      4  ST 0:01:18  0,0028 0,2716               0,0025
      6  ST 0:00:54  0,0020 0,1962               0,0018
      8  ST 0:00:45  0,0017 0,1667               0,0016
     10  ST 0:00:40  0,0016 0,1536               0,0014
     12  ST 0:00:38  0,0015 0,1493               0,0014
     14  ST 0:00:36  0,0015 0,1429               0,0013
     16  ST 0:00:35  0,0014 0,1402               0,0013
     18  ST 0:00:34  0,0014 0,1382               0,0013
     20  ST 0:00:34  0,0014 0,1393               0,0013
     22  ST 0:00:35  0,0015 0,1434               0,0013
     24  ST 0:00:35  0,0015 0,1447               0,0013
     26  ST 0:00:35  0,0015 0,1472               0,0014
     28  ST 0:00:34  0,0015 0,1473               0,0014
     30  ST 0:00:34  0,0015 0,1501               0,0014
     32  ST 0:00:34  0,0015 0,1494               0,0014
     34  ST 0:00:34  0,0016 0,1535               0,0014
     36  ST 0:00:34  0,0016 0,1547               0,0014
     38  ST 0:00:34  0,0016 0,1563               0,0015
     40  ST 0:00:33  0,0016 0,1559               0,0015
     42  ST 0:00:34  0,0016 0,1606               0,0015
     44  ST 0:00:34  0,0017 0,1626               0,0015
     46  ST 0:00:32  0,0016 0,1577               0,0015
     48  ST 0:00:31  0,0016 0,1534               0,0014
     50  ST 0:00:29  0,0015 0,1472               0,0014
     52  ST 0:00:28  0,0014 0,1423               0,0013
     54  ST 0:00:27  0,0014 0,1405               0,0013
     56  ST 0:00:26  0,0014 0,1372               0,0013
     58  ST 0:00:25  0,0013 0,1321               0,0012
     60  ST 0:00:25  0,0014 0,1351               0,0013
     62  ST 0:00:24  0,0013 0,1302               0,0012
     64  ST 0:00:22  0,0013 0,1259               0,0012
     66  ST 0:00:23  0,0013 0,1296               0,0012
     68  ST 0:00:22  0,0013 0,1247               0,0012
     70  ST 0:00:21  0,0012 0,1223               0,0011
     72  ST 0:00:21  0,0013 0,1234               0,0011
     74  ST 0:00:20  0,0012 0,1178               0,0011
     76  ST 0:00:19  0,0012 0,1165               0,0011
     78  ST 0:00:19  0,0012 0,1150               0,0011
     80  ST 0:00:19  0,0012 0,1168               0,0011
     82  ST 0:00:18  0,0011 0,1109               0,0010
     84  ST 0:00:17  0,0011 0,1110               0,0010
     86  ST 0:00:18  0,0012 0,1146               0,0011
     88  ST 0:00:17  0,0011 0,1126               0,0010