 Treads App Time CT  Energy  CO2eq  km travelled by car
      2  PO 0:04:12  0,0085 4,0701               0,0379
      4  PO 0:02:13  0,0048 2,3073               0,0215
      6  PO 0:01:34  0,0035 1,6913               0,0157
      8  PO 0:01:17  0,0030 1,4455               0,0134
     10  PO 0:01:09  0,0028 1,3287               0,0124
     12  PO 0:01:04  0,0026 1,2551               0,0117
     14  PO 0:00:00  0,0000 0,0000               0,0000
     16  PO 0:00:00  0,0000 0,0000               0,0000
     18  PO 0:00:00  0,0000 0,0000               0,0000
     20  PO 0:00:00  0,0000 0,0000               0,0000
     22  PO 0:00:00  0,0000 0,0000               0,0000
     24  PO 0:00:00  0,0000 0,0000               0,0000
     26  PO 0:00:00  0,0000 0,0000               0,0000
     28  PO 0:00:00  0,0000 0,0000               0,0000
     30  PO 0:00:00  0,0000 0,0000               0,0000
     32  PO 0:00:00  0,0000 0,0000               0,0000
     34  PO 0:00:00  0,0000 0,0000               0,0000
     36  PO 0:00:00  0,0000 0,0000               0,0000
     38  PO 0:00:00  0,0000 0,0000               0,0000
     40  PO 0:00:00  0,0000 0,0000               0,0000
     42  PO 0:00:00  0,0000 0,0000               0,0000
     44  PO 0:00:00  0,0000 0,0000               0,0000
     46  PO 0:00:00  0,0000 0,0000               0,0000
     48  PO 0:00:00  0,0000 0,0000               0,0000
     50  PO 0:00:00  0,0000 0,0000               0,0000
     52  PO 0:00:00  0,0000 0,0000               0,0000
     54  PO 0:00:00  0,0000 0,0000               0,0000
     56  PO 0:00:00  0,0000 0,0000               0,0000
     58  PO 0:00:00  0,0000 0,0000               0,0000
     60  PO 0:00:00  0,0000 0,0000               0,0000
     62  PO 0:00:00  0,0000 0,0000               0,0000
     64  PO 0:00:00  0,0000 0,0000               0,0000
     66  PO 0:00:00  0,0000 0,0000               0,0000
     68  PO 0:00:00  0,0000 0,0000               0,0000
     70  PO 0:00:00  0,0000 0,0000               0,0000
     72  PO 0:00:00  0,0000 0,0000               0,0000
     74  PO 0:00:00  0,0000 0,0000               0,0000
     76  PO 0:00:00  0,0000 0,0000               0,0000
     78  PO 0:00:00  0,0000 0,0000               0,0000
     80  PO 0:00:00  0,0000 0,0000               0,0000
     82  PO 0:00:00  0,0000 0,0000               0,0000
     84  PO 0:00:00  0,0000 0,0000               0,0000
     86  PO 0:00:00  0,0000 0,0000               0,0000
     88  PO 0:00:00  0,0000 0,0000               0,0000
      2  ST 0:02:26  0,0049 2,3495               0,0219
      4  ST 0:01:18  0,0028 1,3249               0,0123
      6  ST 0:00:54  0,0020 0,9595               0,0089
      8  ST 0:00:45  0,0017 0,8292               0,0077
     10  ST 0:00:40  0,0016 0,7546               0,0070
     12  ST 0:00:37  0,0015 0,7127               0,0066
     14  ST 0:00:37  0,0015 0,7127               0,0066
     16  ST 0:00:36  0,0014 0,6937               0,0065
     18  ST 0:00:34  0,0014 0,6787               0,0063
     20  ST 0:00:35  0,0014 0,6895               0,0064
     22  ST 0:00:35  0,0015 0,7039               0,0065
     24  ST 0:00:34  0,0015 0,7095               0,0066
     26  ST 0:00:35  0,0015 0,7228               0,0067
     28  ST 0:00:34  0,0015 0,7224               0,0067
     30  ST 0:00:34  0,0015 0,7266               0,0068
     32  ST 0:00:33  0,0015 0,7247               0,0067
     34  ST 0:00:34  0,0016 0,7463               0,0069
     36  ST 0:00:34  0,0016 0,7580               0,0071
     38  ST 0:00:34  0,0016 0,7644               0,0071
     40  ST 0:00:33  0,0016 0,7635               0,0071
     42  ST 0:00:34  0,0016 0,7834               0,0073
     44  ST 0:00:34  0,0017 0,7990               0,0074
     46  ST 0:00:33  0,0016 0,7854               0,0073
     48  ST 0:00:30  0,0015 0,7414               0,0069
     50  ST 0:00:29  0,0015 0,7167               0,0067
     52  ST 0:00:27  0,0014 0,6823               0,0063
     54  ST 0:00:28  0,0014 0,6901               0,0064
     56  ST 0:00:26  0,0014 0,6617               0,0062
     58  ST 0:00:25  0,0013 0,6462               0,0060
     60  ST 0:00:24  0,0013 0,6421               0,0060
     62  ST 0:00:24  0,0013 0,6428               0,0060
     64  ST 0:00:23  0,0013 0,6340               0,0059
     66  ST 0:00:23  0,0013 0,6302               0,0059
     68  ST 0:00:22  0,0013 0,6107               0,0057
     70  ST 0:00:21  0,0012 0,5981               0,0056
     72  ST 0:00:20  0,0012 0,5834               0,0054
     74  ST 0:00:21  0,0013 0,6119               0,0057
     76  ST 0:00:19  0,0012 0,5784               0,0054
     78  ST 0:00:19  0,0012 0,5677               0,0053
     80  ST 0:00:18  0,0011 0,5445               0,0051
     82  ST 0:00:18  0,0011 0,5506               0,0051
     84  ST 0:00:17  0,0011 0,5415               0,0050
     86  ST 0:00:17  0,0011 0,5494               0,0051
     88  ST 0:00:17  0,0011 0,5439               0,0051