Numero de CPUs logicos (threads): 88
Numero de núcleos fisicos: 22
Start -> kmeans
compilando kmeans...
cd kmeans_serial; make clean
make[1]: Entering directory '/scratch/acsilveira/rodinia_novos/openmp/kmeans/kmeans_serial'
rm -f *.o *~ kmeans 
make[1]: Leaving directory '/scratch/acsilveira/rodinia_novos/openmp/kmeans/kmeans_serial'
cd kmeans_openmp; make clean
make[1]: Entering directory '/scratch/acsilveira/rodinia_novos/openmp/kmeans/kmeans_openmp'
rm -f *.o *~ kmeans 
make[1]: Leaving directory '/scratch/acsilveira/rodinia_novos/openmp/kmeans/kmeans_openmp'
cd kmeans_openmp; make
make[1]: Entering directory '/scratch/acsilveira/rodinia_novos/openmp/kmeans/kmeans_openmp'
gcc -g -fopenmp -O2  cluster.c -c
gcc -g -fopenmp -O2  getopt.c -c
gcc -g -fopenmp -O2  kmeans.c -c
gcc -g -fopenmp -O2  kmeans_clustering.c -c
gcc -g -fopenmp -O2  cluster.o getopt.o kmeans.o kmeans_clustering.o  -o kmeans
make[1]: Leaving directory '/scratch/acsilveira/rodinia_novos/openmp/kmeans/kmeans_openmp'
cd kmeans_serial; make
make[1]: Entering directory '/scratch/acsilveira/rodinia_novos/openmp/kmeans/kmeans_serial'
gcc -g -fopenmp -O2  cluster.c -c
gcc -g -fopenmp -O2  getopt.c -c
gcc -g -fopenmp -O2  kmeans.c -c
gcc -g -fopenmp -O2  kmeans_clustering.c -c
gcc -g -fopenmp -O2  cluster.o getopt.o kmeans.o kmeans_clustering.o  -o kmeans
make[1]: Leaving directory '/scratch/acsilveira/rodinia_novos/openmp/kmeans/kmeans_serial'
___Executando kmeans___:
___kmeans com 2 Treads___
Time for process: 274.384072
Tempo total: 275154.438 ms
	Time:	0:04:35
	Energy:	0.0090 kWh
	CO2eq:	4.3298 g
	0.0403 km travelled by car
	Time:	0:04:35
	Energy:	0.0090 kWh
	CO2eq:	4.3298 g
	0.0403 km travelled by car
___kmeans com 2 Treads_concluida___
___kmeans com 4 Treads___
Time for process: 139.022163
Tempo total: 139812.735 ms
	Time:	0:02:20
	Energy:	0.0048 kWh
	CO2eq:	2.3256 g
	0.0216 km travelled by car
	Time:	0:02:20
	Energy:	0.0048 kWh
	CO2eq:	2.3256 g
	0.0216 km travelled by car
___kmeans com 4 Treads_concluida___
___kmeans com 6 Treads___
Time for process: 98.042639
Tempo total: 98813.300 ms
	Time:	0:01:39
	Energy:	0.0035 kWh
	CO2eq:	1.6884 g
	0.0157 km travelled by car
	Time:	0:01:39
	Energy:	0.0035 kWh
	CO2eq:	1.6884 g
	0.0157 km travelled by car
___kmeans com 6 Treads_concluida___
___kmeans com 8 Treads___
Time for process: 75.675045
Tempo total: 76446.629 ms
	Time:	0:01:16
	Energy:	0.0028 kWh
	CO2eq:	1.3460 g
	0.0125 km travelled by car
	Time:	0:01:16
	Energy:	0.0028 kWh
	CO2eq:	1.3460 g
	0.0125 km travelled by car
___kmeans com 8 Treads_concluida___
___kmeans com 10 Treads___
Time for process: 62.435791
Tempo total: 63207.948 ms
	Time:	0:01:03
	Energy:	0.0024 kWh
	CO2eq:	1.1423 g
	0.0106 km travelled by car
	Time:	0:01:03
	Energy:	0.0024 kWh
	CO2eq:	1.1413 g
	0.0106 km travelled by car
___kmeans com 10 Treads_concluida___
___kmeans com 12 Treads___
Time for process: 53.921842
Tempo total: 54698.873 ms
	Time:	0:00:55
	Energy:	0.0021 kWh
	CO2eq:	1.0061 g
	0.0094 km travelled by car
	Time:	0:00:55
	Energy:	0.0021 kWh
	CO2eq:	1.0061 g
	0.0094 km travelled by car
___kmeans com 12 Treads_concluida___
___kmeans com 14 Treads___
Time for process: 47.738316
Tempo total: 48512.676 ms
	Time:	0:00:49
	Energy:	0.0018 kWh
	CO2eq:	0.8828 g
	0.0082 km travelled by car
	Time:	0:00:49
	Energy:	0.0018 kWh
	CO2eq:	0.8828 g
	0.0082 km travelled by car
___kmeans com 14 Treads_concluida___
___kmeans com 16 Treads___
Time for process: 43.114454
Tempo total: 43894.909 ms
	Time:	0:00:44
	Energy:	0.0017 kWh
	CO2eq:	0.8289 g
	0.0077 km travelled by car
	Time:	0:00:44
	Energy:	0.0017 kWh
	CO2eq:	0.8289 g
	0.0077 km travelled by car
___kmeans com 16 Treads_concluida___
___kmeans com 18 Treads___
Time for process: 39.357380
Tempo total: 40130.227 ms
	Time:	0:00:40
	Energy:	0.0016 kWh
	CO2eq:	0.7664 g
	0.0071 km travelled by car
	Time:	0:00:40
	Energy:	0.0016 kWh
	CO2eq:	0.7664 g
	0.0071 km travelled by car
___kmeans com 18 Treads_concluida___
___kmeans com 20 Treads___
Time for process: 35.563905
Tempo total: 36341.266 ms
	Time:	0:00:36
	Energy:	0.0015 kWh
	CO2eq:	0.7118 g
	0.0066 km travelled by car
	Time:	0:00:36
	Energy:	0.0015 kWh
	CO2eq:	0.7118 g
	0.0066 km travelled by car
___kmeans com 20 Treads_concluida___
___kmeans com 22 Treads___
Time for process: 32.114499
Tempo total: 32884.784 ms
	Time:	0:00:33
	Energy:	0.0014 kWh
	CO2eq:	0.6588 g
	0.0061 km travelled by car
	Time:	0:00:33
	Energy:	0.0014 kWh
	CO2eq:	0.6588 g
	0.0061 km travelled by car
___kmeans com 22 Treads_concluida___
___kmeans com 24 Treads___
Time for process: 29.490661
Tempo total: 30266.936 ms
	Time:	0:00:30
	Energy:	0.0013 kWh
	CO2eq:	0.6196 g
	0.0058 km travelled by car
	Time:	0:00:30
	Energy:	0.0013 kWh
	CO2eq:	0.6196 g
	0.0058 km travelled by car
___kmeans com 24 Treads_concluida___
___kmeans com 26 Treads___
Time for process: 27.234204
Tempo total: 28010.128 ms
	Time:	0:00:28
	Energy:	0.0012 kWh
	CO2eq:	0.5849 g
	0.0054 km travelled by car
	Time:	0:00:28
	Energy:	0.0012 kWh
	CO2eq:	0.5849 g
	0.0054 km travelled by car
___kmeans com 26 Treads_concluida___
___kmeans com 28 Treads___
Time for process: 25.379613
Tempo total: 26160.234 ms
	Time:	0:00:26
	Energy:	0.0012 kWh
	CO2eq:	0.5574 g
	0.0052 km travelled by car
	Time:	0:00:26
	Energy:	0.0012 kWh
	CO2eq:	0.5574 g
	0.0052 km travelled by car
___kmeans com 28 Treads_concluida___
___kmeans com 30 Treads___
Time for process: 23.608135
Tempo total: 24401.949 ms
	Time:	0:00:24
	Energy:	0.0011 kWh
	CO2eq:	0.5303 g
	0.0049 km travelled by car
	Time:	0:00:24
	Energy:	0.0011 kWh
	CO2eq:	0.5303 g
	0.0049 km travelled by car
___kmeans com 30 Treads_concluida___
___kmeans com 32 Treads___
Time for process: 22.188341
Tempo total: 22961.268 ms
	Time:	0:00:23
	Energy:	0.0011 kWh
	CO2eq:	0.5076 g
	0.0047 km travelled by car
	Time:	0:00:23
	Energy:	0.0010 kWh
	CO2eq:	0.5047 g
	0.0047 km travelled by car
___kmeans com 32 Treads_concluida___
___kmeans com 34 Treads___
Time for process: 20.907727
Tempo total: 21681.191 ms
	Time:	0:00:22
	Energy:	0.0010 kWh
	CO2eq:	0.4886 g
	0.0045 km travelled by car
	Time:	0:00:22
	Energy:	0.0010 kWh
	CO2eq:	0.4886 g
	0.0045 km travelled by car
___kmeans com 34 Treads_concluida___
___kmeans com 36 Treads___
Time for process: 19.766839
Tempo total: 20538.900 ms
	Time:	0:00:21
	Energy:	0.0010 kWh
	CO2eq:	0.4705 g
	0.0044 km travelled by car
	Time:	0:00:21
	Energy:	0.0010 kWh
	CO2eq:	0.4705 g
	0.0044 km travelled by car
___kmeans com 36 Treads_concluida___
___kmeans com 38 Treads___
Time for process: 18.776838
Tempo total: 19559.871 ms
	Time:	0:00:20
	Energy:	0.0009 kWh
	CO2eq:	0.4562 g
	0.0042 km travelled by car
	Time:	0:00:20
	Energy:	0.0009 kWh
	CO2eq:	0.4562 g
	0.0042 km travelled by car
___kmeans com 38 Treads_concluida___
___kmeans com 40 Treads___
Time for process: 17.819714
Tempo total: 18589.122 ms
	Time:	0:00:19
	Energy:	0.0009 kWh
	CO2eq:	0.4406 g
	0.0041 km travelled by car
	Time:	0:00:19
	Energy:	0.0009 kWh
	CO2eq:	0.4406 g
	0.0041 km travelled by car
___kmeans com 40 Treads_concluida___
___kmeans com 42 Treads___
Time for process: 16.934739
Tempo total: 17714.925 ms
	Time:	0:00:18
	Energy:	0.0009 kWh
	CO2eq:	0.4273 g
	0.0040 km travelled by car
	Time:	0:00:18
	Energy:	0.0009 kWh
	CO2eq:	0.4273 g
	0.0040 km travelled by car
___kmeans com 42 Treads_concluida___
___kmeans com 44 Treads___
Time for process: 16.248625
Tempo total: 17022.710 ms
	Time:	0:00:17
	Energy:	0.0009 kWh
	CO2eq:	0.4170 g
	0.0039 km travelled by car
	Time:	0:00:17
	Energy:	0.0009 kWh
	CO2eq:	0.4167 g
	0.0039 km travelled by car
___kmeans com 44 Treads_concluida___
___kmeans com 46 Treads___
Time for process: 15.498739
Tempo total: 16270.731 ms
	Time:	0:00:16
	Energy:	0.0009 kWh
	CO2eq:	0.4121 g
	0.0038 km travelled by car
	Time:	0:00:16
	Energy:	0.0009 kWh
	CO2eq:	0.4121 g
	0.0038 km travelled by car
___kmeans com 46 Treads_concluida___
___kmeans com 48 Treads___
Time for process: 15.036061
Tempo total: 15811.847 ms
	Time:	0:00:16
	Energy:	0.0008 kWh
	CO2eq:	0.4086 g
	0.0038 km travelled by car
	Time:	0:00:16
	Energy:	0.0008 kWh
	CO2eq:	0.4086 g
	0.0038 km travelled by car
___kmeans com 48 Treads_concluida___
___kmeans com 50 Treads___
Time for process: 14.340499
Tempo total: 15114.795 ms
	Time:	0:00:15
	Energy:	0.0008 kWh
	CO2eq:	0.3966 g
	0.0037 km travelled by car
	Time:	0:00:15
	Energy:	0.0008 kWh
	CO2eq:	0.3966 g
	0.0037 km travelled by car
___kmeans com 50 Treads_concluida___
___kmeans com 52 Treads___
Time for process: 13.939191
Tempo total: 14713.446 ms
	Time:	0:00:15
	Energy:	0.0008 kWh
	CO2eq:	0.3894 g
	0.0036 km travelled by car
	Time:	0:00:15
	Energy:	0.0008 kWh
	CO2eq:	0.3894 g
	0.0036 km travelled by car
___kmeans com 52 Treads_concluida___
___kmeans com 54 Treads___
Time for process: 13.254118
Tempo total: 14025.926 ms
	Time:	0:00:14
	Energy:	0.0008 kWh
	CO2eq:	0.3774 g
	0.0035 km travelled by car
	Time:	0:00:14
	Energy:	0.0008 kWh
	CO2eq:	0.3774 g
	0.0035 km travelled by car
___kmeans com 54 Treads_concluida___
___kmeans com 56 Treads___
Time for process: 12.923970
Tempo total: 13702.291 ms
	Time:	0:00:14
	Energy:	0.0008 kWh
	CO2eq:	0.3737 g
	0.0035 km travelled by car
	Time:	0:00:14
	Energy:	0.0008 kWh
	CO2eq:	0.3737 g
	0.0035 km travelled by car
___kmeans com 56 Treads_concluida___
___kmeans com 58 Treads___
Time for process: 12.417962
Tempo total: 13190.687 ms
	Time:	0:00:13
	Energy:	0.0008 kWh
	CO2eq:	0.3635 g
	0.0034 km travelled by car
	Time:	0:00:13
	Energy:	0.0008 kWh
	CO2eq:	0.3635 g
	0.0034 km travelled by car
___kmeans com 58 Treads_concluida___
___kmeans com 60 Treads___
Time for process: 12.165058
Tempo total: 12945.270 ms
	Time:	0:00:13
	Energy:	0.0007 kWh
	CO2eq:	0.3558 g
	0.0033 km travelled by car
	Time:	0:00:13
	Energy:	0.0007 kWh
	CO2eq:	0.3545 g
	0.0033 km travelled by car
___kmeans com 60 Treads_concluida___
___kmeans com 62 Treads___
Time for process: 11.818759
Tempo total: 12590.455 ms
	Time:	0:00:13
	Energy:	0.0007 kWh
	CO2eq:	0.3489 g
	0.0032 km travelled by car
	Time:	0:00:13
	Energy:	0.0007 kWh
	CO2eq:	0.3489 g
	0.0032 km travelled by car
___kmeans com 62 Treads_concluida___
___kmeans com 64 Treads___
Time for process: 11.700968
Tempo total: 12474.578 ms
	Time:	0:00:12
	Energy:	0.0007 kWh
	CO2eq:	0.3489 g
	0.0032 km travelled by car
	Time:	0:00:12
	Energy:	0.0007 kWh
	CO2eq:	0.3489 g
	0.0032 km travelled by car
___kmeans com 64 Treads_concluida___
___kmeans com 66 Treads___
Time for process: 11.138744
Tempo total: 11917.685 ms
	Time:	0:00:12
	Energy:	0.0007 kWh
	CO2eq:	0.3385 g
	0.0031 km travelled by car
	Time:	0:00:12
	Energy:	0.0007 kWh
	CO2eq:	0.3385 g
	0.0031 km travelled by car
___kmeans com 66 Treads_concluida___
___kmeans com 68 Treads___
Time for process: 10.843280
Tempo total: 11621.473 ms
	Time:	0:00:12
	Energy:	0.0007 kWh
	CO2eq:	0.3346 g
	0.0031 km travelled by car
	Time:	0:00:12
	Energy:	0.0007 kWh
	CO2eq:	0.3346 g
	0.0031 km travelled by car
___kmeans com 68 Treads_concluida___
___kmeans com 70 Treads___
Time for process: 10.523297
Tempo total: 11297.548 ms
	Time:	0:00:11
	Energy:	0.0007 kWh
	CO2eq:	0.3294 g
	0.0031 km travelled by car
	Time:	0:00:11
	Energy:	0.0007 kWh
	CO2eq:	0.3294 g
	0.0031 km travelled by car
___kmeans com 70 Treads_concluida___
___kmeans com 72 Treads___
Time for process: 10.405521
Tempo total: 11198.163 ms
	Time:	0:00:11
	Energy:	0.0007 kWh
	CO2eq:	0.3291 g
	0.0031 km travelled by car
	Time:	0:00:11
	Energy:	0.0007 kWh
	CO2eq:	0.3291 g
	0.0031 km travelled by car
___kmeans com 72 Treads_concluida___
___kmeans com 74 Treads___
Time for process: 10.005498
Tempo total: 10783.154 ms
	Time:	0:00:11
	Energy:	0.0007 kWh
	CO2eq:	0.3176 g
	0.0030 km travelled by car
	Time:	0:00:11
	Energy:	0.0007 kWh
	CO2eq:	0.3176 g
	0.0030 km travelled by car
___kmeans com 74 Treads_concluida___
___kmeans com 76 Treads___
Time for process: 9.963661
Tempo total: 10736.285 ms
	Time:	0:00:11
	Energy:	0.0007 kWh
	CO2eq:	0.3195 g
	0.0030 km travelled by car
	Time:	0:00:11
	Energy:	0.0007 kWh
	CO2eq:	0.3195 g
	0.0030 km travelled by car
___kmeans com 76 Treads_concluida___
___kmeans com 78 Treads___
Time for process: 9.485560
Tempo total: 10263.414 ms
	Time:	0:00:10
	Energy:	0.0006 kWh
	CO2eq:	0.3101 g
	0.0029 km travelled by car
	Time:	0:00:10
	Energy:	0.0006 kWh
	CO2eq:	0.3101 g
	0.0029 km travelled by car
___kmeans com 78 Treads_concluida___
___kmeans com 80 Treads___
Time for process: 9.565234
Tempo total: 10344.185 ms
	Time:	0:00:10
	Energy:	0.0007 kWh
	CO2eq:	0.3143 g
	0.0029 km travelled by car
	Time:	0:00:10
	Energy:	0.0007 kWh
	CO2eq:	0.3143 g
	0.0029 km travelled by car
___kmeans com 80 Treads_concluida___
___kmeans com 82 Treads___
Time for process: 9.013019
Tempo total: 9786.456 ms
	Time:	0:00:10
	Energy:	0.0006 kWh
	CO2eq:	0.3022 g
	0.0028 km travelled by car
	Time:	0:00:10
	Energy:	0.0006 kWh
	CO2eq:	0.3022 g
	0.0028 km travelled by car
___kmeans com 82 Treads_concluida___
___kmeans com 84 Treads___
Time for process: 9.045083
Tempo total: 9825.202 ms
	Time:	0:00:10
	Energy:	0.0006 kWh
	CO2eq:	0.3061 g
	0.0028 km travelled by car
	Time:	0:00:10
	Energy:	0.0006 kWh
	CO2eq:	0.3061 g
	0.0028 km travelled by car
___kmeans com 84 Treads_concluida___
___kmeans com 86 Treads___
Time for process: 8.589379
Tempo total: 9362.389 ms
	Time:	0:00:09
	Energy:	0.0006 kWh
	CO2eq:	0.2959 g
	0.0028 km travelled by car
	Time:	0:00:09
	Energy:	0.0006 kWh
	CO2eq:	0.2959 g
	0.0028 km travelled by car
___kmeans com 86 Treads_concluida___
___kmeans com 88 Treads___
Time for process: 8.583338
Tempo total: 9357.431 ms
	Time:	0:00:09
	Energy:	0.0006 kWh
	CO2eq:	0.2980 g
	0.0028 km travelled by car
	Time:	0:00:09
	Energy:	0.0006 kWh
	CO2eq:	0.2980 g
	0.0028 km travelled by car
___kmeans com 88 Treads_concluida___
___Fim de kmeans___:

Start -> leukocyte
compilando leukocyte...
___Executando leukocyte___:
___leukocyte com 2 Treads___
Total application run time: 426.03552 seconds
Tempo total: 426116.908 ms
	Time:	0:07:06
	Energy:	0.0050 kWh
	CO2eq:	2.4068 g
	0.0224 km travelled by car
	Time:	0:07:06
	Energy:	0.0050 kWh
	CO2eq:	2.4068 g
	0.0224 km travelled by car
___leukocyte com 2 Treads_concluida___
___leukocyte com 4 Treads___
Total application run time: 219.95763 seconds
Tempo total: 220040.799 ms
	Time:	0:03:40
	Energy:	0.0029 kWh
	CO2eq:	1.4119 g
	0.0131 km travelled by car
	Time:	0:03:40
	Energy:	0.0029 kWh
	CO2eq:	1.4119 g
	0.0131 km travelled by car
___leukocyte com 4 Treads_concluida___
___leukocyte com 6 Treads___
Total application run time: 156.28909 seconds
Tempo total: 156387.831 ms
	Time:	0:02:36
	Energy:	0.0023 kWh
	CO2eq:	1.0920 g
	0.0102 km travelled by car
	Time:	0:02:36
	Energy:	0.0023 kWh
	CO2eq:	1.0920 g
	0.0102 km travelled by car
___leukocyte com 6 Treads_concluida___
___leukocyte com 8 Treads___
Total application run time: 134.86011 seconds
Tempo total: 134964.756 ms
	Time:	0:02:15
	Energy:	0.0020 kWh
	CO2eq:	0.9740 g
	0.0091 km travelled by car
	Time:	0:02:15
	Energy:	0.0020 kWh
	CO2eq:	0.9740 g
	0.0091 km travelled by car
___leukocyte com 8 Treads_concluida___
___leukocyte com 10 Treads___
Total application run time: 111.22896 seconds
Tempo total: 111331.628 ms
	Time:	0:01:51
	Energy:	0.0018 kWh
	CO2eq:	0.8485 g
	0.0079 km travelled by car
	Time:	0:01:51
	Energy:	0.0018 kWh
	CO2eq:	0.8485 g
	0.0079 km travelled by car
___leukocyte com 10 Treads_concluida___
___leukocyte com 12 Treads___
Total application run time: 90.47228 seconds
Tempo total: 90570.327 ms
	Time:	0:01:31
	Energy:	0.0015 kWh
	CO2eq:	0.7397 g
	0.0069 km travelled by car
	Time:	0:01:31
	Energy:	0.0015 kWh
	CO2eq:	0.7397 g
	0.0069 km travelled by car
___leukocyte com 12 Treads_concluida___
___leukocyte com 14 Treads___
Total application run time: 90.90485 seconds
Tempo total: 90999.750 ms
	Time:	0:01:31
	Energy:	0.0015 kWh
	CO2eq:	0.7399 g
	0.0069 km travelled by car
	Time:	0:01:31
	Energy:	0.0015 kWh
	CO2eq:	0.7376 g
	0.0069 km travelled by car
___leukocyte com 14 Treads_concluida___
___leukocyte com 16 Treads___
Total application run time: 86.30421 seconds
Tempo total: 86394.105 ms
	Time:	0:01:26
	Energy:	0.0015 kWh
	CO2eq:	0.7105 g
	0.0066 km travelled by car
	Time:	0:01:26
	Energy:	0.0015 kWh
	CO2eq:	0.7105 g
	0.0066 km travelled by car
___leukocyte com 16 Treads_concluida___
___leukocyte com 18 Treads___
Total application run time: 69.58978 seconds
Tempo total: 69681.184 ms
	Time:	0:01:10
	Energy:	0.0013 kWh
	CO2eq:	0.6126 g
	0.0057 km travelled by car
	Time:	0:01:10
	Energy:	0.0013 kWh
	CO2eq:	0.6126 g
	0.0057 km travelled by car
___leukocyte com 18 Treads_concluida___
___leukocyte com 20 Treads___
Total application run time: 67.61526 seconds
Tempo total: 67714.074 ms
	Time:	0:01:08
	Energy:	0.0013 kWh
	CO2eq:	0.6116 g
	0.0057 km travelled by car
	Time:	0:01:08
	Energy:	0.0013 kWh
	CO2eq:	0.6116 g
	0.0057 km travelled by car
___leukocyte com 20 Treads_concluida___
___leukocyte com 22 Treads___
Total application run time: 66.85501 seconds
Tempo total: 66955.668 ms
	Time:	0:01:07
	Energy:	0.0013 kWh
	CO2eq:	0.6171 g
	0.0057 km travelled by car
	Time:	0:01:07
	Energy:	0.0013 kWh
	CO2eq:	0.6144 g
	0.0057 km travelled by car
___leukocyte com 22 Treads_concluida___
___leukocyte com 24 Treads___
Total application run time: 65.29136 seconds
Tempo total: 65381.190 ms
	Time:	0:01:05
	Energy:	0.0013 kWh
	CO2eq:	0.6123 g
	0.0057 km travelled by car
	Time:	0:01:05
	Energy:	0.0013 kWh
	CO2eq:	0.6123 g
	0.0057 km travelled by car
___leukocyte com 24 Treads_concluida___
___leukocyte com 26 Treads___
Total application run time: 64.41932 seconds
Tempo total: 64510.116 ms
	Time:	0:01:05
	Energy:	0.0013 kWh
	CO2eq:	0.6064 g
	0.0056 km travelled by car
	Time:	0:01:05
	Energy:	0.0013 kWh
	CO2eq:	0.6064 g
	0.0056 km travelled by car
___leukocyte com 26 Treads_concluida___
___leukocyte com 28 Treads___
Total application run time: 66.08630 seconds
Tempo total: 66176.769 ms
	Time:	0:01:06
	Energy:	0.0013 kWh
	CO2eq:	0.6134 g
	0.0057 km travelled by car
	Time:	0:01:06
	Energy:	0.0013 kWh
	CO2eq:	0.6134 g
	0.0057 km travelled by car
___leukocyte com 28 Treads_concluida___
___leukocyte com 30 Treads___
Total application run time: 70.02310 seconds
Tempo total: 70120.769 ms
	Time:	0:01:10
	Energy:	0.0013 kWh
	CO2eq:	0.6204 g
	0.0058 km travelled by car
	Time:	0:01:10
	Energy:	0.0013 kWh
	CO2eq:	0.6204 g
	0.0058 km travelled by car
___leukocyte com 30 Treads_concluida___
___leukocyte com 32 Treads___
Total application run time: 62.39643 seconds
Tempo total: 62494.280 ms
	Time:	0:01:02
	Energy:	0.0012 kWh
	CO2eq:	0.5794 g
	0.0054 km travelled by car
	Time:	0:01:02
	Energy:	0.0012 kWh
	CO2eq:	0.5794 g
	0.0054 km travelled by car
___leukocyte com 32 Treads_concluida___
___leukocyte com 34 Treads___
Total application run time: 58.50997 seconds
Tempo total: 58602.246 ms
	Time:	0:00:59
	Energy:	0.0012 kWh
	CO2eq:	0.5641 g
	0.0052 km travelled by car
	Time:	0:00:59
	Energy:	0.0012 kWh
	CO2eq:	0.5641 g
	0.0052 km travelled by car
___leukocyte com 34 Treads_concluida___
___leukocyte com 36 Treads___
Total application run time: 41.33498 seconds
Tempo total: 41428.853 ms
	Time:	0:00:41
	Energy:	0.0010 kWh
	CO2eq:	0.4690 g
	0.0044 km travelled by car
	Time:	0:00:41
	Energy:	0.0010 kWh
	CO2eq:	0.4690 g
	0.0044 km travelled by car
___leukocyte com 36 Treads_concluida___
___leukocyte com 38 Treads___
Total application run time: 41.03798 seconds
Tempo total: 41129.999 ms
	Time:	0:00:41
	Energy:	0.0010 kWh
	CO2eq:	0.4752 g
	0.0044 km travelled by car
	Time:	0:00:41
	Energy:	0.0010 kWh
	CO2eq:	0.4752 g
	0.0044 km travelled by car
___leukocyte com 38 Treads_concluida___
___leukocyte com 40 Treads___
Total application run time: 43.25067 seconds
Tempo total: 43352.548 ms
	Time:	0:00:43
	Energy:	0.0010 kWh
	CO2eq:	0.4804 g
	0.0045 km travelled by car
	Time:	0:00:43
	Energy:	0.0010 kWh
	CO2eq:	0.4804 g
	0.0045 km travelled by car
___leukocyte com 40 Treads_concluida___
___leukocyte com 42 Treads___
Total application run time: 41.39889 seconds
Tempo total: 41494.816 ms
	Time:	0:00:41
	Energy:	0.0010 kWh
	CO2eq:	0.4708 g
	0.0044 km travelled by car
	Time:	0:00:41
	Energy:	0.0010 kWh
	CO2eq:	0.4708 g
	0.0044 km travelled by car
___leukocyte com 42 Treads_concluida___
___leukocyte com 44 Treads___
Total application run time: 43.93756 seconds
Tempo total: 44035.749 ms
	Time:	0:00:44
	Energy:	0.0010 kWh
	CO2eq:	0.4822 g
	0.0045 km travelled by car
	Time:	0:00:44
	Energy:	0.0010 kWh
	CO2eq:	0.4822 g
	0.0045 km travelled by car
___leukocyte com 44 Treads_concluida___
___leukocyte com 46 Treads___
Total application run time: 42.40240 seconds
Tempo total: 42494.920 ms
	Time:	0:00:42
	Energy:	0.0010 kWh
	CO2eq:	0.4756 g
	0.0044 km travelled by car
	Time:	0:00:42
	Energy:	0.0010 kWh
	CO2eq:	0.4756 g
	0.0044 km travelled by car
___leukocyte com 46 Treads_concluida___
___leukocyte com 48 Treads___
Total application run time: 42.30057 seconds
Tempo total: 42395.475 ms
	Time:	0:00:42
	Energy:	0.0010 kWh
	CO2eq:	0.4786 g
	0.0045 km travelled by car
	Time:	0:00:42
	Energy:	0.0010 kWh
	CO2eq:	0.4786 g
	0.0045 km travelled by car
___leukocyte com 48 Treads_concluida___
___leukocyte com 50 Treads___
Total application run time: 41.37084 seconds
Tempo total: 41460.957 ms
	Time:	0:00:41
	Energy:	0.0010 kWh
	CO2eq:	0.4703 g
	0.0044 km travelled by car
	Time:	0:00:41
	Energy:	0.0010 kWh
	CO2eq:	0.4703 g
	0.0044 km travelled by car
___leukocyte com 50 Treads_concluida___
___leukocyte com 52 Treads___
Total application run time: 41.93501 seconds
Tempo total: 42027.541 ms
	Time:	0:00:42
	Energy:	0.0010 kWh
	CO2eq:	0.4710 g
	0.0044 km travelled by car
	Time:	0:00:42
	Energy:	0.0010 kWh
	CO2eq:	0.4710 g
	0.0044 km travelled by car
___leukocyte com 52 Treads_concluida___
___leukocyte com 54 Treads___
Total application run time: 42.33015 seconds
Tempo total: 42431.547 ms
	Time:	0:00:42
	Energy:	0.0010 kWh
	CO2eq:	0.4780 g
	0.0044 km travelled by car
	Time:	0:00:42
	Energy:	0.0010 kWh
	CO2eq:	0.4780 g
	0.0044 km travelled by car
___leukocyte com 54 Treads_concluida___
___leukocyte com 56 Treads___
Total application run time: 43.77931 seconds
Tempo total: 43872.203 ms
	Time:	0:00:44
	Energy:	0.0010 kWh
	CO2eq:	0.4839 g
	0.0045 km travelled by car
	Time:	0:00:44
	Energy:	0.0010 kWh
	CO2eq:	0.4839 g
	0.0045 km travelled by car
___leukocyte com 56 Treads_concluida___
___leukocyte com 58 Treads___
Total application run time: 42.64877 seconds
Tempo total: 42740.625 ms
	Time:	0:00:43
	Energy:	0.0010 kWh
	CO2eq:	0.4808 g
	0.0045 km travelled by car
	Time:	0:00:43
	Energy:	0.0010 kWh
	CO2eq:	0.4808 g
	0.0045 km travelled by car
___leukocyte com 58 Treads_concluida___
___leukocyte com 60 Treads___
Total application run time: 39.93848 seconds
Tempo total: 40031.259 ms
	Time:	0:00:40
	Energy:	0.0010 kWh
	CO2eq:	0.4664 g
	0.0043 km travelled by car
	Time:	0:00:40
	Energy:	0.0010 kWh
	CO2eq:	0.4664 g
	0.0043 km travelled by car
___leukocyte com 60 Treads_concluida___
___leukocyte com 62 Treads___
Total application run time: 42.43930 seconds
Tempo total: 42534.651 ms
	Time:	0:00:43
	Energy:	0.0010 kWh
	CO2eq:	0.4836 g
	0.0045 km travelled by car
	Time:	0:00:43
	Energy:	0.0010 kWh
	CO2eq:	0.4836 g
	0.0045 km travelled by car
___leukocyte com 62 Treads_concluida___
___leukocyte com 64 Treads___
Total application run time: 41.91439 seconds
Tempo total: 42011.017 ms
	Time:	0:00:42
	Energy:	0.0010 kWh
	CO2eq:	0.4758 g
	0.0044 km travelled by car
	Time:	0:00:42
	Energy:	0.0010 kWh
	CO2eq:	0.4758 g
	0.0044 km travelled by car
___leukocyte com 64 Treads_concluida___
___leukocyte com 66 Treads___
Total application run time: 41.69395 seconds
Tempo total: 41789.140 ms
	Time:	0:00:42
	Energy:	0.0010 kWh
	CO2eq:	0.4771 g
	0.0044 km travelled by car
	Time:	0:00:42
	Energy:	0.0010 kWh
	CO2eq:	0.4771 g
	0.0044 km travelled by car
___leukocyte com 66 Treads_concluida___
___leukocyte com 68 Treads___
Total application run time: 42.64954 seconds
Tempo total: 42744.130 ms
	Time:	0:00:43
	Energy:	0.0010 kWh
	CO2eq:	0.4826 g
	0.0045 km travelled by car
	Time:	0:00:43
	Energy:	0.0010 kWh
	CO2eq:	0.4826 g
	0.0045 km travelled by car
___leukocyte com 68 Treads_concluida___
___leukocyte com 70 Treads___
Total application run time: 47.11676 seconds
Tempo total: 47214.611 ms
	Time:	0:00:47
	Energy:	0.0011 kWh
	CO2eq:	0.5087 g
	0.0047 km travelled by car
	Time:	0:00:47
	Energy:	0.0011 kWh
	CO2eq:	0.5087 g
	0.0047 km travelled by car
___leukocyte com 70 Treads_concluida___
___leukocyte com 72 Treads___
Total application run time: 46.16495 seconds
Tempo total: 46257.966 ms
	Time:	0:00:46
	Energy:	0.0010 kWh
	CO2eq:	0.5002 g
	0.0047 km travelled by car
	Time:	0:00:46
	Energy:	0.0010 kWh
	CO2eq:	0.5002 g
	0.0047 km travelled by car
___leukocyte com 72 Treads_concluida___
___leukocyte com 74 Treads___
Total application run time: 41.76197 seconds
Tempo total: 41853.209 ms
	Time:	0:00:42
	Energy:	0.0010 kWh
	CO2eq:	0.4754 g
	0.0044 km travelled by car
	Time:	0:00:42
	Energy:	0.0010 kWh
	CO2eq:	0.4754 g
	0.0044 km travelled by car
___leukocyte com 74 Treads_concluida___
___leukocyte com 76 Treads___
Total application run time: 57.01262 seconds
Tempo total: 57105.363 ms
	Time:	0:00:57
	Energy:	0.0012 kWh
	CO2eq:	0.5602 g
	0.0052 km travelled by car
	Time:	0:00:57
	Energy:	0.0012 kWh
	CO2eq:	0.5602 g
	0.0052 km travelled by car
___leukocyte com 76 Treads_concluida___
___leukocyte com 78 Treads___
Total application run time: 47.42186 seconds
Tempo total: 47516.885 ms
	Time:	0:00:48
	Energy:	0.0010 kWh
	CO2eq:	0.5021 g
	0.0047 km travelled by car
	Time:	0:00:48
	Energy:	0.0010 kWh
	CO2eq:	0.5021 g
	0.0047 km travelled by car
___leukocyte com 78 Treads_concluida___
___leukocyte com 80 Treads___
Total application run time: 55.50557 seconds
Tempo total: 55601.272 ms
	Time:	0:00:56
	Energy:	0.0011 kWh
	CO2eq:	0.5485 g
	0.0051 km travelled by car
	Time:	0:00:56
	Energy:	0.0011 kWh
	CO2eq:	0.5485 g
	0.0051 km travelled by car
___leukocyte com 80 Treads_concluida___
___leukocyte com 82 Treads___
Total application run time: 57.78122 seconds
Tempo total: 57879.347 ms
	Time:	0:00:58
	Energy:	0.0012 kWh
	CO2eq:	0.5674 g
	0.0053 km travelled by car
	Time:	0:00:58
	Energy:	0.0012 kWh
	CO2eq:	0.5674 g
	0.0053 km travelled by car
___leukocyte com 82 Treads_concluida___
___leukocyte com 84 Treads___
Total application run time: 43.23905 seconds
Tempo total: 43331.629 ms
	Time:	0:00:43
	Energy:	0.0010 kWh
	CO2eq:	0.4808 g
	0.0045 km travelled by car
	Time:	0:00:43
	Energy:	0.0010 kWh
	CO2eq:	0.4808 g
	0.0045 km travelled by car
___leukocyte com 84 Treads_concluida___
___leukocyte com 86 Treads___
Total application run time: 51.87352 seconds
Tempo total: 51968.643 ms
	Time:	0:00:52
	Energy:	0.0011 kWh
	CO2eq:	0.5334 g
	0.0050 km travelled by car
	Time:	0:00:52
	Energy:	0.0011 kWh
	CO2eq:	0.5334 g
	0.0050 km travelled by car
___leukocyte com 86 Treads_concluida___
___leukocyte com 88 Treads___
Total application run time: 58.81569 seconds
Tempo total: 58916.504 ms
	Time:	0:00:59
	Energy:	0.0012 kWh
	CO2eq:	0.5710 g
	0.0053 km travelled by car
	Time:	0:00:59
	Energy:	0.0012 kWh
	CO2eq:	0.5679 g
	0.0053 km travelled by car
___leukocyte com 88 Treads_concluida___
___Fim de leukocyte___:

Start -> backprop
compilando backprop...
rm -f *.o *~ backprop backprop_cuda.linkinfo
gcc -g -fopenmp  -O2 backprop.c -c
gcc -g -fopenmp  -O2 facetrain.c -c
gcc -g -fopenmp  -O2 imagenet.c -c
gcc -g -fopenmp  -O2 backprop_kernel.c -c
gcc -g -fopenmp  -O2 backprop.o facetrain.o imagenet.o backprop_kernel.o -o backprop -lm
___Executando backprop___:
___backprop com 2 Treads___
Tempo total: 24767.812 ms
	Time:	0:00:25
	Energy:	0.0008 kWh
	CO2eq:	0.3956 g
	0.0037 km travelled by car
	Time:	0:00:25
	Energy:	0.0008 kWh
	CO2eq:	0.3956 g
	0.0037 km travelled by car
___backprop com 2 Treads_concluida___
___backprop com 4 Treads___
Tempo total: 19301.838 ms
	Time:	0:00:19
	Energy:	0.0006 kWh
	CO2eq:	0.3101 g
	0.0029 km travelled by car
	Time:	0:00:19
	Energy:	0.0006 kWh
	CO2eq:	0.3101 g
	0.0029 km travelled by car
___backprop com 4 Treads_concluida___
___backprop com 6 Treads___
Tempo total: 18525.572 ms
	Time:	0:00:19
	Energy:	0.0006 kWh
	CO2eq:	0.2991 g
	0.0028 km travelled by car
	Time:	0:00:19
	Energy:	0.0006 kWh
	CO2eq:	0.2991 g
	0.0028 km travelled by car
___backprop com 6 Treads_concluida___
___backprop com 8 Treads___
Tempo total: 16824.219 ms
	Time:	0:00:17
	Energy:	0.0006 kWh
	CO2eq:	0.2737 g
	0.0025 km travelled by car
	Time:	0:00:17
	Energy:	0.0006 kWh
	CO2eq:	0.2737 g
	0.0025 km travelled by car
___backprop com 8 Treads_concluida___
___backprop com 10 Treads___
Tempo total: 16686.288 ms
	Time:	0:00:17
	Energy:	0.0006 kWh
	CO2eq:	0.2701 g
	0.0025 km travelled by car
	Time:	0:00:17
	Energy:	0.0006 kWh
	CO2eq:	0.2701 g
	0.0025 km travelled by car
___backprop com 10 Treads_concluida___
___backprop com 12 Treads___
Tempo total: 16691.138 ms
	Time:	0:00:17
	Energy:	0.0006 kWh
	CO2eq:	0.2695 g
	0.0025 km travelled by car
	Time:	0:00:17
	Energy:	0.0006 kWh
	CO2eq:	0.2695 g
	0.0025 km travelled by car
___backprop com 12 Treads_concluida___
___backprop com 14 Treads___
Tempo total: 16825.098 ms
	Time:	0:00:17
	Energy:	0.0006 kWh
	CO2eq:	0.2705 g
	0.0025 km travelled by car
	Time:	0:00:17
	Energy:	0.0006 kWh
	CO2eq:	0.2705 g
	0.0025 km travelled by car
___backprop com 14 Treads_concluida___
___backprop com 16 Treads___
Tempo total: 15540.319 ms
	Time:	0:00:16
	Energy:	0.0005 kWh
	CO2eq:	0.2509 g
	0.0023 km travelled by car
	Time:	0:00:16
	Energy:	0.0005 kWh
	CO2eq:	0.2509 g
	0.0023 km travelled by car
___backprop com 16 Treads_concluida___
___backprop com 18 Treads___
Tempo total: 15868.378 ms
	Time:	0:00:16
	Energy:	0.0005 kWh
	CO2eq:	0.2565 g
	0.0024 km travelled by car
	Time:	0:00:16
	Energy:	0.0005 kWh
	CO2eq:	0.2565 g
	0.0024 km travelled by car
___backprop com 18 Treads_concluida___
___backprop com 20 Treads___
Tempo total: 15445.234 ms
	Time:	0:00:15
	Energy:	0.0005 kWh
	CO2eq:	0.2497 g
	0.0023 km travelled by car
	Time:	0:00:15
	Energy:	0.0005 kWh
	CO2eq:	0.2497 g
	0.0023 km travelled by car
___backprop com 20 Treads_concluida___
___backprop com 22 Treads___
Tempo total: 15400.321 ms
	Time:	0:00:15
	Energy:	0.0005 kWh
	CO2eq:	0.2490 g
	0.0023 km travelled by car
	Time:	0:00:15
	Energy:	0.0005 kWh
	CO2eq:	0.2490 g
	0.0023 km travelled by car
___backprop com 22 Treads_concluida___
___backprop com 24 Treads___
Tempo total: 15576.368 ms
	Time:	0:00:16
	Energy:	0.0005 kWh
	CO2eq:	0.2517 g
	0.0023 km travelled by car
	Time:	0:00:16
	Energy:	0.0005 kWh
	CO2eq:	0.2517 g
	0.0023 km travelled by car
___backprop com 24 Treads_concluida___
___backprop com 26 Treads___
Tempo total: 15440.404 ms
	Time:	0:00:15
	Energy:	0.0005 kWh
	CO2eq:	0.2500 g
	0.0023 km travelled by car
	Time:	0:00:15
	Energy:	0.0005 kWh
	CO2eq:	0.2500 g
	0.0023 km travelled by car
___backprop com 26 Treads_concluida___
___backprop com 28 Treads___
Tempo total: 16050.543 ms
	Time:	0:00:16
	Energy:	0.0005 kWh
	CO2eq:	0.2603 g
	0.0024 km travelled by car
	Time:	0:00:16
	Energy:	0.0005 kWh
	CO2eq:	0.2603 g
	0.0024 km travelled by car
___backprop com 28 Treads_concluida___
___backprop com 30 Treads___
Tempo total: 15617.995 ms
	Time:	0:00:16
	Energy:	0.0005 kWh
	CO2eq:	0.2526 g
	0.0023 km travelled by car
	Time:	0:00:16
	Energy:	0.0005 kWh
	CO2eq:	0.2526 g
	0.0023 km travelled by car
___backprop com 30 Treads_concluida___
___backprop com 32 Treads___
Tempo total: 15429.377 ms
	Time:	0:00:15
	Energy:	0.0005 kWh
	CO2eq:	0.2496 g
	0.0023 km travelled by car
	Time:	0:00:15
	Energy:	0.0005 kWh
	CO2eq:	0.2496 g
	0.0023 km travelled by car
___backprop com 32 Treads_concluida___
___backprop com 34 Treads___
Tempo total: 15487.429 ms
	Time:	0:00:15
	Energy:	0.0005 kWh
	CO2eq:	0.2504 g
	0.0023 km travelled by car
	Time:	0:00:15
	Energy:	0.0005 kWh
	CO2eq:	0.2504 g
	0.0023 km travelled by car
___backprop com 34 Treads_concluida___
___backprop com 36 Treads___
Tempo total: 15466.169 ms
	Time:	0:00:15
	Energy:	0.0005 kWh
	CO2eq:	0.2501 g
	0.0023 km travelled by car
	Time:	0:00:15
	Energy:	0.0005 kWh
	CO2eq:	0.2501 g
	0.0023 km travelled by car
___backprop com 36 Treads_concluida___
___backprop com 38 Treads___
Tempo total: 15405.002 ms
	Time:	0:00:15
	Energy:	0.0005 kWh
	CO2eq:	0.2492 g
	0.0023 km travelled by car
	Time:	0:00:15
	Energy:	0.0005 kWh
	CO2eq:	0.2492 g
	0.0023 km travelled by car
___backprop com 38 Treads_concluida___
___backprop com 40 Treads___
Tempo total: 15606.860 ms
	Time:	0:00:16
	Energy:	0.0005 kWh
	CO2eq:	0.2525 g
	0.0023 km travelled by car
	Time:	0:00:16
	Energy:	0.0005 kWh
	CO2eq:	0.2525 g
	0.0023 km travelled by car
___backprop com 40 Treads_concluida___
___backprop com 42 Treads___
Tempo total: 15657.735 ms
	Time:	0:00:16
	Energy:	0.0005 kWh
	CO2eq:	0.2531 g
	0.0024 km travelled by car
	Time:	0:00:16
	Energy:	0.0005 kWh
	CO2eq:	0.2531 g
	0.0024 km travelled by car
___backprop com 42 Treads_concluida___
___backprop com 44 Treads___
Tempo total: 15421.573 ms
	Time:	0:00:15
	Energy:	0.0005 kWh
	CO2eq:	0.2495 g
	0.0023 km travelled by car
	Time:	0:00:15
	Energy:	0.0005 kWh
	CO2eq:	0.2495 g
	0.0023 km travelled by car
___backprop com 44 Treads_concluida___
___backprop com 46 Treads___
Tempo total: 15345.127 ms
	Time:	0:00:15
	Energy:	0.0005 kWh
	CO2eq:	0.2485 g
	0.0023 km travelled by car
	Time:	0:00:15
	Energy:	0.0005 kWh
	CO2eq:	0.2485 g
	0.0023 km travelled by car
___backprop com 46 Treads_concluida___
___backprop com 48 Treads___
Tempo total: 15389.188 ms
	Time:	0:00:15
	Energy:	0.0005 kWh
	CO2eq:	0.2490 g
	0.0023 km travelled by car
	Time:	0:00:15
	Energy:	0.0005 kWh
	CO2eq:	0.2490 g
	0.0023 km travelled by car
___backprop com 48 Treads_concluida___
___backprop com 50 Treads___
Tempo total: 15390.634 ms
	Time:	0:00:15
	Energy:	0.0005 kWh
	CO2eq:	0.2492 g
	0.0023 km travelled by car
	Time:	0:00:15
	Energy:	0.0005 kWh
	CO2eq:	0.2492 g
	0.0023 km travelled by car
___backprop com 50 Treads_concluida___
___backprop com 52 Treads___
Tempo total: 15468.642 ms
	Time:	0:00:15
	Energy:	0.0005 kWh
	CO2eq:	0.2503 g
	0.0023 km travelled by car
	Time:	0:00:15
	Energy:	0.0005 kWh
	CO2eq:	0.2503 g
	0.0023 km travelled by car
___backprop com 52 Treads_concluida___
___backprop com 54 Treads___
Tempo total: 15426.973 ms
	Time:	0:00:15
	Energy:	0.0005 kWh
	CO2eq:	0.2506 g
	0.0023 km travelled by car
	Time:	0:00:15
	Energy:	0.0005 kWh
	CO2eq:	0.2506 g
	0.0023 km travelled by car
___backprop com 54 Treads_concluida___
___backprop com 56 Treads___
Tempo total: 15470.360 ms
	Time:	0:00:15
	Energy:	0.0005 kWh
	CO2eq:	0.2507 g
	0.0023 km travelled by car
	Time:	0:00:15
	Energy:	0.0005 kWh
	CO2eq:	0.2507 g
	0.0023 km travelled by car
___backprop com 56 Treads_concluida___
___backprop com 58 Treads___
Tempo total: 15434.798 ms
	Time:	0:00:15
	Energy:	0.0005 kWh
	CO2eq:	0.2505 g
	0.0023 km travelled by car
	Time:	0:00:15
	Energy:	0.0005 kWh
	CO2eq:	0.2505 g
	0.0023 km travelled by car
___backprop com 58 Treads_concluida___
___backprop com 60 Treads___
Tempo total: 15814.032 ms
	Time:	0:00:16
	Energy:	0.0005 kWh
	CO2eq:	0.2562 g
	0.0024 km travelled by car
	Time:	0:00:16
	Energy:	0.0005 kWh
	CO2eq:	0.2562 g
	0.0024 km travelled by car
___backprop com 60 Treads_concluida___
___backprop com 62 Treads___
Tempo total: 15506.382 ms
	Time:	0:00:16
	Energy:	0.0005 kWh
	CO2eq:	0.2516 g
	0.0023 km travelled by car
	Time:	0:00:16
	Energy:	0.0005 kWh
	CO2eq:	0.2516 g
	0.0023 km travelled by car
___backprop com 62 Treads_concluida___
___backprop com 64 Treads___
Tempo total: 15428.389 ms
	Time:	0:00:15
	Energy:	0.0005 kWh
	CO2eq:	0.2510 g
	0.0023 km travelled by car
	Time:	0:00:15
	Energy:	0.0005 kWh
	CO2eq:	0.2510 g
	0.0023 km travelled by car
___backprop com 64 Treads_concluida___
___backprop com 66 Treads___
Tempo total: 15404.263 ms
	Time:	0:00:15
	Energy:	0.0005 kWh
	CO2eq:	0.2503 g
	0.0023 km travelled by car
	Time:	0:00:15
	Energy:	0.0005 kWh
	CO2eq:	0.2503 g
	0.0023 km travelled by car
___backprop com 66 Treads_concluida___
___backprop com 68 Treads___
Tempo total: 15396.310 ms
	Time:	0:00:15
	Energy:	0.0005 kWh
	CO2eq:	0.2502 g
	0.0023 km travelled by car
	Time:	0:00:15
	Energy:	0.0005 kWh
	CO2eq:	0.2502 g
	0.0023 km travelled by car
___backprop com 68 Treads_concluida___
___backprop com 70 Treads___
Tempo total: 15440.182 ms
	Time:	0:00:15
	Energy:	0.0005 kWh
	CO2eq:	0.2508 g
	0.0023 km travelled by car
	Time:	0:00:15
	Energy:	0.0005 kWh
	CO2eq:	0.2508 g
	0.0023 km travelled by car
___backprop com 70 Treads_concluida___
___backprop com 72 Treads___
Tempo total: 15534.473 ms
	Time:	0:00:16
	Energy:	0.0005 kWh
	CO2eq:	0.2525 g
	0.0023 km travelled by car
	Time:	0:00:16
	Energy:	0.0005 kWh
	CO2eq:	0.2525 g
	0.0023 km travelled by car
___backprop com 72 Treads_concluida___
___backprop com 74 Treads___
Tempo total: 15427.936 ms
	Time:	0:00:15
	Energy:	0.0005 kWh
	CO2eq:	0.2505 g
	0.0023 km travelled by car
	Time:	0:00:15
	Energy:	0.0005 kWh
	CO2eq:	0.2505 g
	0.0023 km travelled by car
___backprop com 74 Treads_concluida___
___backprop com 76 Treads___
Tempo total: 15431.298 ms
	Time:	0:00:15
	Energy:	0.0005 kWh
	CO2eq:	0.2505 g
	0.0023 km travelled by car
	Time:	0:00:15
	Energy:	0.0005 kWh
	CO2eq:	0.2505 g
	0.0023 km travelled by car
___backprop com 76 Treads_concluida___
___backprop com 78 Treads___
Tempo total: 15397.231 ms
	Time:	0:00:15
	Energy:	0.0005 kWh
	CO2eq:	0.2500 g
	0.0023 km travelled by car
	Time:	0:00:15
	Energy:	0.0005 kWh
	CO2eq:	0.2500 g
	0.0023 km travelled by car
___backprop com 78 Treads_concluida___
___backprop com 80 Treads___
Tempo total: 15838.374 ms
	Time:	0:00:16
	Energy:	0.0005 kWh
	CO2eq:	0.2569 g
	0.0024 km travelled by car
	Time:	0:00:16
	Energy:	0.0005 kWh
	CO2eq:	0.2569 g
	0.0024 km travelled by car
___backprop com 80 Treads_concluida___
___backprop com 82 Treads___
Tempo total: 15703.733 ms
	Time:	0:00:16
	Energy:	0.0005 kWh
	CO2eq:	0.2549 g
	0.0024 km travelled by car
	Time:	0:00:16
	Energy:	0.0005 kWh
	CO2eq:	0.2549 g
	0.0024 km travelled by car
___backprop com 82 Treads_concluida___
___backprop com 84 Treads___
Tempo total: 15369.635 ms
	Time:	0:00:15
	Energy:	0.0005 kWh
	CO2eq:	0.2497 g
	0.0023 km travelled by car
	Time:	0:00:15
	Energy:	0.0005 kWh
	CO2eq:	0.2497 g
	0.0023 km travelled by car
___backprop com 84 Treads_concluida___
___backprop com 86 Treads___
Tempo total: 15437.277 ms
	Time:	0:00:15
	Energy:	0.0005 kWh
	CO2eq:	0.2510 g
	0.0023 km travelled by car
	Time:	0:00:15
	Energy:	0.0005 kWh
	CO2eq:	0.2510 g
	0.0023 km travelled by car
___backprop com 86 Treads_concluida___
___backprop com 88 Treads___
Tempo total: 15370.567 ms
	Time:	0:00:15
	Energy:	0.0005 kWh
	CO2eq:	0.2507 g
	0.0023 km travelled by car
	Time:	0:00:15
	Energy:	0.0005 kWh
	CO2eq:	0.2507 g
	0.0023 km travelled by car
___backprop com 88 Treads_concluida___
___Fim de backprop___:

Start -> cfd
compilando cfd...
rm -f euler3d_cpu
rm -f euler3d_cpu_offload
rm -f euler3d_cpu_double
rm -f pre_euler3d_cpu
rm -f pre_euler3d_cpu_double
g++ -O3 -Dblock_length=8 -fopenmp euler3d_cpu.cpp -o euler3d_cpu
g++ -O3 -Dblock_length=8 -fopenmp euler3d_cpu_double.cpp -o euler3d_cpu_double
g++ -O3 -Dblock_length=8 -fopenmp pre_euler3d_cpu.cpp -o pre_euler3d_cpu
g++ -O3 -Dblock_length=8 -fopenmp pre_euler3d_cpu_double.cpp -o pre_euler3d_cpu_double
icc -g -O3 -DOMP_OFFLOAD -Dblock_length=216 -fopenmp -offload-option,mic,compiler,"-no-opt-prefetch" euler3d_cpu.cpp -o euler3d_cpu_offload
___Executando cfd___:
___cfd com 2 Treads___
Compute time: 115.257
Tempo total: 117187.940 ms
	Time:	0:01:57
	Energy:	0.0039 kWh
	CO2eq:	1.8552 g
	0.0173 km travelled by car
	Time:	0:01:57
	Energy:	0.0039 kWh
	CO2eq:	1.8552 g
	0.0173 km travelled by car
___cfd com 2 Treads_concluida___
___cfd com 4 Treads___
Compute time: 60.0805
Tempo total: 61944.266 ms
	Time:	0:01:02
	Energy:	0.0021 kWh
	CO2eq:	1.0275 g
	0.0096 km travelled by car
	Time:	0:01:02
	Energy:	0.0021 kWh
	CO2eq:	1.0275 g
	0.0096 km travelled by car
___cfd com 4 Treads_concluida___
___cfd com 6 Treads___
Compute time: 41.344
Tempo total: 43292.269 ms
	Time:	0:00:43
	Energy:	0.0015 kWh
	CO2eq:	0.7342 g
	0.0068 km travelled by car
	Time:	0:00:43
	Energy:	0.0015 kWh
	CO2eq:	0.7342 g
	0.0068 km travelled by car
___cfd com 6 Treads_concluida___
___cfd com 8 Treads___
Compute time: 32.8521
Tempo total: 34922.666 ms
	Time:	0:00:35
	Energy:	0.0013 kWh
	CO2eq:	0.6095 g
	0.0057 km travelled by car
	Time:	0:00:35
	Energy:	0.0013 kWh
	CO2eq:	0.6095 g
	0.0057 km travelled by car
___cfd com 8 Treads_concluida___
___cfd com 10 Treads___
Compute time: 26.7732
Tempo total: 28639.266 ms
	Time:	0:00:29
	Energy:	0.0011 kWh
	CO2eq:	0.5118 g
	0.0048 km travelled by car
	Time:	0:00:29
	Energy:	0.0011 kWh
	CO2eq:	0.5118 g
	0.0048 km travelled by car
___cfd com 10 Treads_concluida___
___cfd com 12 Treads___
Compute time: 22.9468
Tempo total: 24802.787 ms
	Time:	0:00:25
	Energy:	0.0009 kWh
	CO2eq:	0.4509 g
	0.0042 km travelled by car
	Time:	0:00:25
	Energy:	0.0009 kWh
	CO2eq:	0.4509 g
	0.0042 km travelled by car
___cfd com 12 Treads_concluida___
___cfd com 14 Treads___
Compute time: 20.7568
Tempo total: 22622.918 ms
	Time:	0:00:23
	Energy:	0.0009 kWh
	CO2eq:	0.4168 g
	0.0039 km travelled by car
	Time:	0:00:23
	Energy:	0.0009 kWh
	CO2eq:	0.4168 g
	0.0039 km travelled by car
___cfd com 14 Treads_concluida___
___cfd com 16 Treads___
Compute time: 18.4884
Tempo total: 20405.049 ms
	Time:	0:00:20
	Energy:	0.0008 kWh
	CO2eq:	0.3791 g
	0.0035 km travelled by car
	Time:	0:00:20
	Energy:	0.0008 kWh
	CO2eq:	0.3791 g
	0.0035 km travelled by car
___cfd com 16 Treads_concluida___
___cfd com 18 Treads___
Compute time: 16.7085
Tempo total: 18631.380 ms
	Time:	0:00:19
	Energy:	0.0007 kWh
	CO2eq:	0.3494 g
	0.0033 km travelled by car
	Time:	0:00:19
	Energy:	0.0007 kWh
	CO2eq:	0.3494 g
	0.0033 km travelled by car
___cfd com 18 Treads_concluida___
___cfd com 20 Treads___
Compute time: 15.194
Tempo total: 17086.502 ms
	Time:	0:00:17
	Energy:	0.0007 kWh
	CO2eq:	0.3273 g
	0.0030 km travelled by car
	Time:	0:00:17
	Energy:	0.0007 kWh
	CO2eq:	0.3213 g
	0.0030 km travelled by car
___cfd com 20 Treads_concluida___
___cfd com 22 Treads___
Compute time: 13.7115
Tempo total: 15638.919 ms
	Time:	0:00:16
	Energy:	0.0006 kWh
	CO2eq:	0.3023 g
	0.0028 km travelled by car
	Time:	0:00:16
	Energy:	0.0006 kWh
	CO2eq:	0.3023 g
	0.0028 km travelled by car
___cfd com 22 Treads_concluida___
___cfd com 24 Treads___
Compute time: 12.8322
Tempo total: 14726.344 ms
	Time:	0:00:15
	Energy:	0.0005 kWh
	CO2eq:	0.2641 g
	0.0025 km travelled by car
	Time:	0:00:15
	Energy:	0.0005 kWh
	CO2eq:	0.2641 g
	0.0025 km travelled by car
___cfd com 24 Treads_concluida___
___cfd com 26 Treads___
Compute time: 11.59
Tempo total: 13532.165 ms
	Time:	0:00:14
	Energy:	0.0006 kWh
	CO2eq:	0.2686 g
	0.0025 km travelled by car
	Time:	0:00:14
	Energy:	0.0006 kWh
	CO2eq:	0.2686 g
	0.0025 km travelled by car
___cfd com 26 Treads_concluida___
___cfd com 28 Treads___
Compute time: 10.7823
Tempo total: 12656.385 ms
	Time:	0:00:13
	Energy:	0.0005 kWh
	CO2eq:	0.2597 g
	0.0024 km travelled by car
	Time:	0:00:13
	Energy:	0.0005 kWh
	CO2eq:	0.2597 g
	0.0024 km travelled by car
___cfd com 28 Treads_concluida___
___cfd com 30 Treads___
Compute time: 10.3197
Tempo total: 12201.155 ms
	Time:	0:00:12
	Energy:	0.0005 kWh
	CO2eq:	0.2545 g
	0.0024 km travelled by car
	Time:	0:00:12
	Energy:	0.0005 kWh
	CO2eq:	0.2545 g
	0.0024 km travelled by car
___cfd com 30 Treads_concluida___
___cfd com 32 Treads___
Compute time: 9.69295
Tempo total: 11554.902 ms
	Time:	0:00:12
	Energy:	0.0005 kWh
	CO2eq:	0.2404 g
	0.0022 km travelled by car
	Time:	0:00:12
	Energy:	0.0005 kWh
	CO2eq:	0.2404 g
	0.0022 km travelled by car
___cfd com 32 Treads_concluida___
___cfd com 34 Treads___
Compute time: 8.96577
Tempo total: 10917.670 ms
	Time:	0:00:11
	Energy:	0.0005 kWh
	CO2eq:	0.2329 g
	0.0022 km travelled by car
	Time:	0:00:11
	Energy:	0.0005 kWh
	CO2eq:	0.2214 g
	0.0021 km travelled by car
___cfd com 34 Treads_concluida___
___cfd com 36 Treads___
Compute time: 8.48005
Tempo total: 10343.696 ms
	Time:	0:00:10
	Energy:	0.0005 kWh
	CO2eq:	0.2249 g
	0.0021 km travelled by car
	Time:	0:00:10
	Energy:	0.0005 kWh
	CO2eq:	0.2249 g
	0.0021 km travelled by car
___cfd com 36 Treads_concluida___
___cfd com 38 Treads___
Compute time: 8.06205
Tempo total: 9997.724 ms
	Time:	0:00:10
	Energy:	0.0005 kWh
	CO2eq:	0.2202 g
	0.0020 km travelled by car
	Time:	0:00:10
	Energy:	0.0005 kWh
	CO2eq:	0.2202 g
	0.0020 km travelled by car
___cfd com 38 Treads_concluida___
___cfd com 40 Treads___
Compute time: 7.68362
Tempo total: 9619.890 ms
	Time:	0:00:10
	Energy:	0.0004 kWh
	CO2eq:	0.2095 g
	0.0019 km travelled by car
	Time:	0:00:10
	Energy:	0.0004 kWh
	CO2eq:	0.2095 g
	0.0019 km travelled by car
___cfd com 40 Treads_concluida___
___cfd com 42 Treads___
Compute time: 7.33448
Tempo total: 9326.294 ms
	Time:	0:00:09
	Energy:	0.0004 kWh
	CO2eq:	0.2006 g
	0.0019 km travelled by car
	Time:	0:00:09
	Energy:	0.0004 kWh
	CO2eq:	0.2006 g
	0.0019 km travelled by car
___cfd com 42 Treads_concluida___
___cfd com 44 Treads___
Compute time: 7.14991
Tempo total: 9087.117 ms
	Time:	0:00:09
	Energy:	0.0004 kWh
	CO2eq:	0.1951 g
	0.0018 km travelled by car
	Time:	0:00:09
	Energy:	0.0004 kWh
	CO2eq:	0.1951 g
	0.0018 km travelled by car
___cfd com 44 Treads_concluida___
___cfd com 46 Treads___
Compute time: 7.07899
Tempo total: 8991.900 ms
	Time:	0:00:09
	Energy:	0.0004 kWh
	CO2eq:	0.2116 g
	0.0020 km travelled by car
	Time:	0:00:09
	Energy:	0.0004 kWh
	CO2eq:	0.1973 g
	0.0018 km travelled by car
___cfd com 46 Treads_concluida___
___cfd com 48 Treads___
Compute time: 6.89616
Tempo total: 8768.970 ms
	Time:	0:00:09
	Energy:	0.0004 kWh
	CO2eq:	0.2106 g
	0.0020 km travelled by car
	Time:	0:00:09
	Energy:	0.0004 kWh
	CO2eq:	0.2106 g
	0.0020 km travelled by car
___cfd com 48 Treads_concluida___
___cfd com 50 Treads___
Compute time: 6.88611
Tempo total: 8761.264 ms
	Time:	0:00:09
	Energy:	0.0004 kWh
	CO2eq:	0.2125 g
	0.0020 km travelled by car
	Time:	0:00:09
	Energy:	0.0004 kWh
	CO2eq:	0.2125 g
	0.0020 km travelled by car
___cfd com 50 Treads_concluida___
___cfd com 52 Treads___
Compute time: 6.62325
Tempo total: 8512.149 ms
	Time:	0:00:09
	Energy:	0.0004 kWh
	CO2eq:	0.2094 g
	0.0019 km travelled by car
	Time:	0:00:09
	Energy:	0.0004 kWh
	CO2eq:	0.2094 g
	0.0019 km travelled by car
___cfd com 52 Treads_concluida___
___cfd com 54 Treads___
Compute time: 6.34612
Tempo total: 8306.011 ms
	Time:	0:00:08
	Energy:	0.0004 kWh
	CO2eq:	0.2055 g
	0.0019 km travelled by car
	Time:	0:00:08
	Energy:	0.0004 kWh
	CO2eq:	0.2055 g
	0.0019 km travelled by car
___cfd com 54 Treads_concluida___
___cfd com 56 Treads___
Compute time: 6.12534
Tempo total: 8037.058 ms
	Time:	0:00:08
	Energy:	0.0004 kWh
	CO2eq:	0.2019 g
	0.0019 km travelled by car
	Time:	0:00:08
	Energy:	0.0004 kWh
	CO2eq:	0.2019 g
	0.0019 km travelled by car
___cfd com 56 Treads_concluida___
___cfd com 58 Treads___
Compute time: 5.83612
Tempo total: 7827.396 ms
	Time:	0:00:08
	Energy:	0.0004 kWh
	CO2eq:	0.1923 g
	0.0018 km travelled by car
	Time:	0:00:08
	Energy:	0.0004 kWh
	CO2eq:	0.1923 g
	0.0018 km travelled by car
___cfd com 58 Treads_concluida___
___cfd com 60 Treads___
Compute time: 5.7805
Tempo total: 7669.591 ms
	Time:	0:00:08
	Energy:	0.0004 kWh
	CO2eq:	0.1882 g
	0.0018 km travelled by car
	Time:	0:00:08
	Energy:	0.0004 kWh
	CO2eq:	0.1882 g
	0.0018 km travelled by car
___cfd com 60 Treads_concluida___
___cfd com 62 Treads___
Compute time: 5.56762
Tempo total: 7583.590 ms
	Time:	0:00:08
	Energy:	0.0004 kWh
	CO2eq:	0.1824 g
	0.0017 km travelled by car
	Time:	0:00:08
	Energy:	0.0004 kWh
	CO2eq:	0.1824 g
	0.0017 km travelled by car
___cfd com 62 Treads_concluida___
___cfd com 64 Treads___
Compute time: 5.52725
Tempo total: 7488.611 ms
	Time:	0:00:07
	Energy:	0.0004 kWh
	CO2eq:	0.1803 g
	0.0017 km travelled by car
	Time:	0:00:07
	Energy:	0.0004 kWh
	CO2eq:	0.1803 g
	0.0017 km travelled by car
___cfd com 64 Treads_concluida___
___cfd com 66 Treads___
Compute time: 5.34943
Tempo total: 7225.040 ms
	Time:	0:00:07
	Energy:	0.0004 kWh
	CO2eq:	0.1718 g
	0.0016 km travelled by car
	Time:	0:00:07
	Energy:	0.0004 kWh
	CO2eq:	0.1718 g
	0.0016 km travelled by car
___cfd com 66 Treads_concluida___
___cfd com 68 Treads___
Compute time: 5.30049
Tempo total: 7262.169 ms
	Time:	0:00:07
	Energy:	0.0004 kWh
	CO2eq:	0.1727 g
	0.0016 km travelled by car
	Time:	0:00:07
	Energy:	0.0004 kWh
	CO2eq:	0.1727 g
	0.0016 km travelled by car
___cfd com 68 Treads_concluida___
___cfd com 70 Treads___
Compute time: 5.16188
Tempo total: 7063.916 ms
	Time:	0:00:07
	Energy:	0.0003 kWh
	CO2eq:	0.1659 g
	0.0015 km travelled by car
	Time:	0:00:07
	Energy:	0.0003 kWh
	CO2eq:	0.1659 g
	0.0015 km travelled by car
___cfd com 70 Treads_concluida___
___cfd com 72 Treads___
Compute time: 5.03814
Tempo total: 6987.894 ms
	Time:	0:00:07
	Energy:	0.0004 kWh
	CO2eq:	0.1824 g
	0.0017 km travelled by car
	Time:	0:00:07
	Energy:	0.0003 kWh
	CO2eq:	0.1641 g
	0.0015 km travelled by car
___cfd com 72 Treads_concluida___
___cfd com 74 Treads___
Compute time: 4.98731
Tempo total: 6857.822 ms
	Time:	0:00:07
	Energy:	0.0004 kWh
	CO2eq:	0.1800 g
	0.0017 km travelled by car
	Time:	0:00:07
	Energy:	0.0004 kWh
	CO2eq:	0.1800 g
	0.0017 km travelled by car
___cfd com 74 Treads_concluida___
___cfd com 76 Treads___
Compute time: 5.11341
Tempo total: 7036.612 ms
	Time:	0:00:07
	Energy:	0.0004 kWh
	CO2eq:	0.1830 g
	0.0017 km travelled by car
	Time:	0:00:07
	Energy:	0.0003 kWh
	CO2eq:	0.1670 g
	0.0016 km travelled by car
___cfd com 76 Treads_concluida___
___cfd com 78 Treads___
Compute time: 4.80681
Tempo total: 6756.109 ms
	Time:	0:00:07
	Energy:	0.0004 kWh
	CO2eq:	0.1785 g
	0.0017 km travelled by car
	Time:	0:00:07
	Energy:	0.0004 kWh
	CO2eq:	0.1785 g
	0.0017 km travelled by car
___cfd com 78 Treads_concluida___
___cfd com 80 Treads___
Compute time: 4.66019
Tempo total: 6557.608 ms
	Time:	0:00:07
	Energy:	0.0004 kWh
	CO2eq:	0.1774 g
	0.0017 km travelled by car
	Time:	0:00:07
	Energy:	0.0004 kWh
	CO2eq:	0.1774 g
	0.0017 km travelled by car
___cfd com 80 Treads_concluida___
___cfd com 82 Treads___
Compute time: 4.66175
Tempo total: 6610.855 ms
	Time:	0:00:07
	Energy:	0.0004 kWh
	CO2eq:	0.1779 g
	0.0017 km travelled by car
	Time:	0:00:07
	Energy:	0.0004 kWh
	CO2eq:	0.1779 g
	0.0017 km travelled by car
___cfd com 82 Treads_concluida___
___cfd com 84 Treads___
Compute time: 4.48271
Tempo total: 6475.548 ms
	Time:	0:00:06
	Energy:	0.0004 kWh
	CO2eq:	0.1757 g
	0.0016 km travelled by car
	Time:	0:00:06
	Energy:	0.0004 kWh
	CO2eq:	0.1757 g
	0.0016 km travelled by car
___cfd com 84 Treads_concluida___
___cfd com 86 Treads___
Compute time: 4.44514
Tempo total: 6395.825 ms
	Time:	0:00:06
	Energy:	0.0004 kWh
	CO2eq:	0.1755 g
	0.0016 km travelled by car
	Time:	0:00:06
	Energy:	0.0004 kWh
	CO2eq:	0.1755 g
	0.0016 km travelled by car
___cfd com 86 Treads_concluida___
___cfd com 88 Treads___
Compute time: 4.41453
Tempo total: 6318.098 ms
	Time:	0:00:06
	Energy:	0.0004 kWh
	CO2eq:	0.1776 g
	0.0017 km travelled by car
	Time:	0:00:06
	Energy:	0.0004 kWh
	CO2eq:	0.1776 g
	0.0017 km travelled by car
___cfd com 88 Treads_concluida___
___Fim de cfd___:

Start -> srad
compilando srad...
cd srad_v1; 	make clean
make[1]: Entering directory '/scratch/acsilveira/rodinia_novos/openmp/srad/srad_v1'
rm *.o srad
make[1]: Leaving directory '/scratch/acsilveira/rodinia_novos/openmp/srad/srad_v1'
cd srad_v2; 	make clean
make[1]: Entering directory '/scratch/acsilveira/rodinia_novos/openmp/srad/srad_v2'
rm -f srad
make[1]: Leaving directory '/scratch/acsilveira/rodinia_novos/openmp/srad/srad_v2'
cd srad_v1; 	make
make[1]: Entering directory '/scratch/acsilveira/rodinia_novos/openmp/srad/srad_v1'
gcc	main.c \
		-c -O3 -fopenmp
gcc	main.o \
		-lm -fopenmp -o srad
make[1]: Leaving directory '/scratch/acsilveira/rodinia_novos/openmp/srad/srad_v1'
cd srad_v2; 	make
make[1]: Entering directory '/scratch/acsilveira/rodinia_novos/openmp/srad/srad_v2'
g++ -g -fopenmp -O2 -lm srad.cpp -o srad 
make[1]: Leaving directory '/scratch/acsilveira/rodinia_novos/openmp/srad/srad_v2'
___Executando srad___:
___srad com 2 Treads___
Tempo total: 148961.860 ms
	Time:	0:02:29
	Energy:	0.0049 kWh
	CO2eq:	2.3457 g
	0.0218 km travelled by car
	Time:	0:02:29
	Energy:	0.0049 kWh
	CO2eq:	2.3457 g
	0.0218 km travelled by car
___srad com 2 Treads_concluida___
___srad com 4 Treads___
Tempo total: 74594.525 ms
	Time:	0:01:15
	Energy:	0.0026 kWh
	CO2eq:	1.2356 g
	0.0115 km travelled by car
	Time:	0:01:15
	Energy:	0.0026 kWh
	CO2eq:	1.2356 g
	0.0115 km travelled by car
___srad com 4 Treads_concluida___
___srad com 6 Treads___
Tempo total: 52900.807 ms
	Time:	0:00:53
	Energy:	0.0019 kWh
	CO2eq:	0.9005 g
	0.0084 km travelled by car
	Time:	0:00:53
	Energy:	0.0019 kWh
	CO2eq:	0.9005 g
	0.0084 km travelled by car
___srad com 6 Treads_concluida___
___srad com 8 Treads___
Tempo total: 42698.873 ms
	Time:	0:00:43
	Energy:	0.0016 kWh
	CO2eq:	0.7470 g
	0.0069 km travelled by car
	Time:	0:00:43
	Energy:	0.0016 kWh
	CO2eq:	0.7470 g
	0.0069 km travelled by car
___srad com 8 Treads_concluida___
___srad com 10 Treads___
Tempo total: 33940.189 ms
	Time:	0:00:34
	Energy:	0.0013 kWh
	CO2eq:	0.6095 g
	0.0057 km travelled by car
	Time:	0:00:34
	Energy:	0.0013 kWh
	CO2eq:	0.6095 g
	0.0057 km travelled by car
___srad com 10 Treads_concluida___
___srad com 12 Treads___
Tempo total: 29166.723 ms
	Time:	0:00:29
	Energy:	0.0011 kWh
	CO2eq:	0.5339 g
	0.0050 km travelled by car
	Time:	0:00:29
	Energy:	0.0011 kWh
	CO2eq:	0.5339 g
	0.0050 km travelled by car
___srad com 12 Treads_concluida___
___srad com 14 Treads___
Tempo total: 26103.570 ms
	Time:	0:00:26
	Energy:	0.0010 kWh
	CO2eq:	0.4864 g
	0.0045 km travelled by car
	Time:	0:00:26
	Energy:	0.0010 kWh
	CO2eq:	0.4864 g
	0.0045 km travelled by car
___srad com 14 Treads_concluida___
___srad com 16 Treads___
Tempo total: 24991.212 ms
	Time:	0:00:25
	Energy:	0.0010 kWh
	CO2eq:	0.4697 g
	0.0044 km travelled by car
	Time:	0:00:25
	Energy:	0.0010 kWh
	CO2eq:	0.4674 g
	0.0043 km travelled by car
___srad com 16 Treads_concluida___
___srad com 18 Treads___
Tempo total: 22488.511 ms
	Time:	0:00:22
	Energy:	0.0009 kWh
	CO2eq:	0.4269 g
	0.0040 km travelled by car
	Time:	0:00:22
	Energy:	0.0009 kWh
	CO2eq:	0.4269 g
	0.0040 km travelled by car
___srad com 18 Treads_concluida___
___srad com 20 Treads___
Tempo total: 20905.114 ms
	Time:	0:00:21
	Energy:	0.0008 kWh
	CO2eq:	0.4052 g
	0.0038 km travelled by car
	Time:	0:00:21
	Energy:	0.0008 kWh
	CO2eq:	0.4052 g
	0.0038 km travelled by car
___srad com 20 Treads_concluida___
___srad com 22 Treads___
Tempo total: 19332.336 ms
	Time:	0:00:19
	Energy:	0.0008 kWh
	CO2eq:	0.3826 g
	0.0036 km travelled by car
	Time:	0:00:19
	Energy:	0.0008 kWh
	CO2eq:	0.3826 g
	0.0036 km travelled by car
___srad com 22 Treads_concluida___
___srad com 24 Treads___
Tempo total: 18083.014 ms
	Time:	0:00:18
	Energy:	0.0008 kWh
	CO2eq:	0.3657 g
	0.0034 km travelled by car
	Time:	0:00:18
	Energy:	0.0008 kWh
	CO2eq:	0.3657 g
	0.0034 km travelled by car
___srad com 24 Treads_concluida___
___srad com 26 Treads___
Tempo total: 16975.434 ms
	Time:	0:00:17
	Energy:	0.0007 kWh
	CO2eq:	0.3501 g
	0.0033 km travelled by car
	Time:	0:00:17
	Energy:	0.0007 kWh
	CO2eq:	0.3479 g
	0.0032 km travelled by car
___srad com 26 Treads_concluida___
___srad com 28 Treads___
Tempo total: 16482.934 ms
	Time:	0:00:16
	Energy:	0.0007 kWh
	CO2eq:	0.3452 g
	0.0032 km travelled by car
	Time:	0:00:16
	Energy:	0.0007 kWh
	CO2eq:	0.3452 g
	0.0032 km travelled by car
___srad com 28 Treads_concluida___
___srad com 30 Treads___
Tempo total: 15636.333 ms
	Time:	0:00:16
	Energy:	0.0007 kWh
	CO2eq:	0.3335 g
	0.0031 km travelled by car
	Time:	0:00:16
	Energy:	0.0007 kWh
	CO2eq:	0.3335 g
	0.0031 km travelled by car
___srad com 30 Treads_concluida___
___srad com 32 Treads___
Tempo total: 14498.333 ms
	Time:	0:00:14
	Energy:	0.0007 kWh
	CO2eq:	0.3176 g
	0.0030 km travelled by car
	Time:	0:00:14
	Energy:	0.0007 kWh
	CO2eq:	0.3176 g
	0.0030 km travelled by car
___srad com 32 Treads_concluida___
___srad com 34 Treads___
Tempo total: 14699.712 ms
	Time:	0:00:15
	Energy:	0.0007 kWh
	CO2eq:	0.3229 g
	0.0030 km travelled by car
	Time:	0:00:15
	Energy:	0.0007 kWh
	CO2eq:	0.3229 g
	0.0030 km travelled by car
___srad com 34 Treads_concluida___
___srad com 36 Treads___
Tempo total: 14225.852 ms
	Time:	0:00:14
	Energy:	0.0007 kWh
	CO2eq:	0.3170 g
	0.0029 km travelled by car
	Time:	0:00:14
	Energy:	0.0007 kWh
	CO2eq:	0.3170 g
	0.0029 km travelled by car
___srad com 36 Treads_concluida___
___srad com 38 Treads___
Tempo total: 13674.796 ms
	Time:	0:00:14
	Energy:	0.0006 kWh
	CO2eq:	0.3091 g
	0.0029 km travelled by car
	Time:	0:00:14
	Energy:	0.0006 kWh
	CO2eq:	0.3091 g
	0.0029 km travelled by car
___srad com 38 Treads_concluida___
___srad com 40 Treads___
Tempo total: 13169.958 ms
	Time:	0:00:13
	Energy:	0.0006 kWh
	CO2eq:	0.3026 g
	0.0028 km travelled by car
	Time:	0:00:13
	Energy:	0.0006 kWh
	CO2eq:	0.3026 g
	0.0028 km travelled by car
___srad com 40 Treads_concluida___
___srad com 42 Treads___
Tempo total: 12771.868 ms
	Time:	0:00:13
	Energy:	0.0006 kWh
	CO2eq:	0.2971 g
	0.0028 km travelled by car
	Time:	0:00:13
	Energy:	0.0006 kWh
	CO2eq:	0.2971 g
	0.0028 km travelled by car
___srad com 42 Treads_concluida___
___srad com 44 Treads___
Tempo total: 12362.482 ms
	Time:	0:00:12
	Energy:	0.0006 kWh
	CO2eq:	0.0597 g
	0.0006 km travelled by car
	Time:	0:00:12
	Energy:	0.0006 kWh
	CO2eq:	0.0597 g
	0.0006 km travelled by car
___srad com 44 Treads_concluida___
___srad com 46 Treads___
Tempo total: 11857.895 ms
	Time:	0:00:12
	Energy:	0.0006 kWh
	CO2eq:	0.0590 g
	0.0005 km travelled by car
	Time:	0:00:12
	Energy:	0.0006 kWh
	CO2eq:	0.0590 g
	0.0005 km travelled by car
___srad com 46 Treads_concluida___
___srad com 48 Treads___
Tempo total: 11381.830 ms
	Time:	0:00:11
	Energy:	0.0006 kWh
	CO2eq:	0.0572 g
	0.0005 km travelled by car
	Time:	0:00:11
	Energy:	0.0006 kWh
	CO2eq:	0.0572 g
	0.0005 km travelled by car
___srad com 48 Treads_concluida___
___srad com 50 Treads___
Tempo total: 10946.430 ms
	Time:	0:00:11
	Energy:	0.0006 kWh
	CO2eq:	0.0559 g
	0.0005 km travelled by car
	Time:	0:00:11
	Energy:	0.0006 kWh
	CO2eq:	0.0554 g
	0.0005 km travelled by car
___srad com 50 Treads_concluida___
___srad com 52 Treads___
Tempo total: 10579.304 ms
	Time:	0:00:11
	Energy:	0.0006 kWh
	CO2eq:	0.0550 g
	0.0005 km travelled by car
	Time:	0:00:11
	Energy:	0.0006 kWh
	CO2eq:	0.0550 g
	0.0005 km travelled by car
___srad com 52 Treads_concluida___
___srad com 54 Treads___
Tempo total: 10249.171 ms
	Time:	0:00:10
	Energy:	0.0005 kWh
	CO2eq:	0.0540 g
	0.0005 km travelled by car
	Time:	0:00:10
	Energy:	0.0005 kWh
	CO2eq:	0.0540 g
	0.0005 km travelled by car
___srad com 54 Treads_concluida___
___srad com 56 Treads___
Tempo total: 9882.467 ms
	Time:	0:00:10
	Energy:	0.0005 kWh
	CO2eq:	0.0528 g
	0.0005 km travelled by car
	Time:	0:00:10
	Energy:	0.0005 kWh
	CO2eq:	0.0528 g
	0.0005 km travelled by car
___srad com 56 Treads_concluida___
___srad com 58 Treads___
Tempo total: 9628.499 ms
	Time:	0:00:10
	Energy:	0.0005 kWh
	CO2eq:	0.0523 g
	0.0005 km travelled by car
	Time:	0:00:10
	Energy:	0.0005 kWh
	CO2eq:	0.0523 g
	0.0005 km travelled by car
___srad com 58 Treads_concluida___
___srad com 60 Treads___
Tempo total: 9356.422 ms
	Time:	0:00:09
	Energy:	0.0005 kWh
	CO2eq:	0.0513 g
	0.0005 km travelled by car
	Time:	0:00:09
	Energy:	0.0005 kWh
	CO2eq:	0.0513 g
	0.0005 km travelled by car
___srad com 60 Treads_concluida___
___srad com 62 Treads___
Tempo total: 9144.463 ms
	Time:	0:00:09
	Energy:	0.0005 kWh
	CO2eq:	0.0506 g
	0.0005 km travelled by car
	Time:	0:00:09
	Energy:	0.0005 kWh
	CO2eq:	0.0506 g
	0.0005 km travelled by car
___srad com 62 Treads_concluida___
___srad com 64 Treads___
Tempo total: 8619.628 ms
	Time:	0:00:09
	Energy:	0.0005 kWh
	CO2eq:	0.0482 g
	0.0004 km travelled by car
	Time:	0:00:09
	Energy:	0.0005 kWh
	CO2eq:	0.0482 g
	0.0004 km travelled by car
___srad com 64 Treads_concluida___
___srad com 66 Treads___
Tempo total: 8566.817 ms
	Time:	0:00:09
	Energy:	0.0005 kWh
	CO2eq:	0.0487 g
	0.0005 km travelled by car
	Time:	0:00:09
	Energy:	0.0005 kWh
	CO2eq:	0.0487 g
	0.0005 km travelled by car
___srad com 66 Treads_concluida___
___srad com 68 Treads___
Tempo total: 8428.774 ms
	Time:	0:00:08
	Energy:	0.0005 kWh
	CO2eq:	0.0484 g
	0.0005 km travelled by car
	Time:	0:00:08
	Energy:	0.0005 kWh
	CO2eq:	0.0484 g
	0.0005 km travelled by car
___srad com 68 Treads_concluida___
___srad com 70 Treads___
Tempo total: 8210.183 ms
	Time:	0:00:08
	Energy:	0.0005 kWh
	CO2eq:	0.0479 g
	0.0004 km travelled by car
	Time:	0:00:08
	Energy:	0.0005 kWh
	CO2eq:	0.0479 g
	0.0004 km travelled by car
___srad com 70 Treads_concluida___
___srad com 72 Treads___
Tempo total: 7964.133 ms
	Time:	0:00:08
	Energy:	0.0005 kWh
	CO2eq:	0.0472 g
	0.0004 km travelled by car
	Time:	0:00:08
	Energy:	0.0005 kWh
	CO2eq:	0.0472 g
	0.0004 km travelled by car
___srad com 72 Treads_concluida___
___srad com 74 Treads___
Tempo total: 7835.825 ms
	Time:	0:00:08
	Energy:	0.0005 kWh
	CO2eq:	0.0468 g
	0.0004 km travelled by car
	Time:	0:00:08
	Energy:	0.0005 kWh
	CO2eq:	0.0468 g
	0.0004 km travelled by car
___srad com 74 Treads_concluida___
___srad com 76 Treads___
Tempo total: 7624.419 ms
	Time:	0:00:08
	Energy:	0.0005 kWh
	CO2eq:	0.0464 g
	0.0004 km travelled by car
	Time:	0:00:08
	Energy:	0.0005 kWh
	CO2eq:	0.0464 g
	0.0004 km travelled by car
___srad com 76 Treads_concluida___
___srad com 78 Treads___
Tempo total: 7500.504 ms
	Time:	0:00:08
	Energy:	0.0005 kWh
	CO2eq:	0.0461 g
	0.0004 km travelled by car
	Time:	0:00:08
	Energy:	0.0005 kWh
	CO2eq:	0.0461 g
	0.0004 km travelled by car
___srad com 78 Treads_concluida___
___srad com 80 Treads___
Tempo total: 7394.748 ms
	Time:	0:00:07
	Energy:	0.0005 kWh
	CO2eq:	0.0459 g
	0.0004 km travelled by car
	Time:	0:00:07
	Energy:	0.0005 kWh
	CO2eq:	0.0459 g
	0.0004 km travelled by car
___srad com 80 Treads_concluida___
___srad com 82 Treads___
Tempo total: 7222.850 ms
	Time:	0:00:07
	Energy:	0.0005 kWh
	CO2eq:	0.0454 g
	0.0004 km travelled by car
	Time:	0:00:07
	Energy:	0.0005 kWh
	CO2eq:	0.0454 g
	0.0004 km travelled by car
___srad com 82 Treads_concluida___
___srad com 84 Treads___
Tempo total: 7070.019 ms
	Time:	0:00:07
	Energy:	0.0005 kWh
	CO2eq:	0.0450 g
	0.0004 km travelled by car
	Time:	0:00:07
	Energy:	0.0005 kWh
	CO2eq:	0.0450 g
	0.0004 km travelled by car
___srad com 84 Treads_concluida___
___srad com 86 Treads___
Tempo total: 6928.210 ms
	Time:	0:00:07
	Energy:	0.0004 kWh
	CO2eq:	0.0442 g
	0.0004 km travelled by car
	Time:	0:00:07
	Energy:	0.0004 kWh
	CO2eq:	0.0436 g
	0.0004 km travelled by car
___srad com 86 Treads_concluida___
___srad com 88 Treads___
Tempo total: 6830.724 ms
	Time:	0:00:07
	Energy:	0.0004 kWh
	CO2eq:	0.0440 g
	0.0004 km travelled by car
	Time:	0:00:07
	Energy:	0.0004 kWh
	CO2eq:	0.0440 g
	0.0004 km travelled by car
___srad com 88 Treads_concluida___
___Fim de srad___:

