Numero de CPUs logicos (threads): 88
Numero de núcleos fisicos: 22
Start -> kmeans
compilando kmeans...
cd kmeans_serial; make clean
make[1]: Entering directory '/scratch/acsilveira/rodinia_novos/openmp/kmeans/kmeans_serial'
rm -f *.o *~ kmeans 
make[1]: Leaving directory '/scratch/acsilveira/rodinia_novos/openmp/kmeans/kmeans_serial'
cd kmeans_openmp; make clean
make[1]: Entering directory '/scratch/acsilveira/rodinia_novos/openmp/kmeans/kmeans_openmp'
rm -f *.o *~ kmeans 
make[1]: Leaving directory '/scratch/acsilveira/rodinia_novos/openmp/kmeans/kmeans_openmp'
cd kmeans_openmp; make
make[1]: Entering directory '/scratch/acsilveira/rodinia_novos/openmp/kmeans/kmeans_openmp'
gcc -g -fopenmp -O2  cluster.c -c
gcc -g -fopenmp -O2  getopt.c -c
gcc -g -fopenmp -O2  kmeans.c -c
gcc -g -fopenmp -O2  kmeans_clustering.c -c
gcc -g -fopenmp -O2  cluster.o getopt.o kmeans.o kmeans_clustering.o  -o kmeans
make[1]: Leaving directory '/scratch/acsilveira/rodinia_novos/openmp/kmeans/kmeans_openmp'
cd kmeans_serial; make
make[1]: Entering directory '/scratch/acsilveira/rodinia_novos/openmp/kmeans/kmeans_serial'
gcc -g -fopenmp -O2  cluster.c -c
gcc -g -fopenmp -O2  getopt.c -c
gcc -g -fopenmp -O2  kmeans.c -c
gcc -g -fopenmp -O2  kmeans_clustering.c -c
gcc -g -fopenmp -O2  cluster.o getopt.o kmeans.o kmeans_clustering.o  -o kmeans
make[1]: Leaving directory '/scratch/acsilveira/rodinia_novos/openmp/kmeans/kmeans_serial'
___Executando kmeans___:
___kmeans com 2 Treads___
Time for process: 274.442504
Tempo total: 275214.312 ms
	Time:	0:04:35
	Energy:	0.0090 kWh
	CO2eq:	4.3138 g
	0.0401 km travelled by car
	Time:	0:04:35
	Energy:	0.0090 kWh
	CO2eq:	4.3138 g
	0.0401 km travelled by car
___kmeans com 2 Treads_concluida___
___kmeans com 4 Treads___
Time for process: 139.018055
Tempo total: 139802.088 ms
	Time:	0:02:20
	Energy:	0.0048 kWh
	CO2eq:	2.3265 g
	0.0216 km travelled by car
	Time:	0:02:20
	Energy:	0.0048 kWh
	CO2eq:	2.3265 g
	0.0216 km travelled by car
___kmeans com 4 Treads_concluida___
___kmeans com 6 Treads___
Time for process: 97.953308
Tempo total: 98724.961 ms
	Time:	0:01:39
	Energy:	0.0035 kWh
	CO2eq:	1.6904 g
	0.0157 km travelled by car
	Time:	0:01:39
	Energy:	0.0035 kWh
	CO2eq:	1.6904 g
	0.0157 km travelled by car
___kmeans com 6 Treads_concluida___
___kmeans com 8 Treads___
Time for process: 75.704337
Tempo total: 76477.436 ms
	Time:	0:01:16
	Energy:	0.0028 kWh
	CO2eq:	1.3493 g
	0.0126 km travelled by car
	Time:	0:01:16
	Energy:	0.0028 kWh
	CO2eq:	1.3493 g
	0.0126 km travelled by car
___kmeans com 8 Treads_concluida___
___kmeans com 10 Treads___
Time for process: 62.470057
Tempo total: 63241.669 ms
	Time:	0:01:03
	Energy:	0.0024 kWh
	CO2eq:	1.1444 g
	0.0106 km travelled by car
	Time:	0:01:03
	Energy:	0.0024 kWh
	CO2eq:	1.1438 g
	0.0106 km travelled by car
___kmeans com 10 Treads_concluida___
___kmeans com 12 Treads___
Time for process: 53.779392
Tempo total: 54550.087 ms
	Time:	0:00:55
	Energy:	0.0021 kWh
	CO2eq:	1.0057 g
	0.0094 km travelled by car
	Time:	0:00:55
	Energy:	0.0021 kWh
	CO2eq:	1.0057 g
	0.0094 km travelled by car
___kmeans com 12 Treads_concluida___
___kmeans com 14 Treads___
Time for process: 47.738776
Tempo total: 48507.015 ms
	Time:	0:00:49
	Energy:	0.0019 kWh
	CO2eq:	0.9081 g
	0.0084 km travelled by car
	Time:	0:00:49
	Energy:	0.0019 kWh
	CO2eq:	0.9081 g
	0.0084 km travelled by car
___kmeans com 14 Treads_concluida___
___kmeans com 16 Treads___
Time for process: 43.320079
Tempo total: 44092.908 ms
	Time:	0:00:44
	Energy:	0.0017 kWh
	CO2eq:	0.8325 g
	0.0077 km travelled by car
	Time:	0:00:44
	Energy:	0.0017 kWh
	CO2eq:	0.8325 g
	0.0077 km travelled by car
___kmeans com 16 Treads_concluida___
___kmeans com 18 Treads___
Time for process: 39.293009
Tempo total: 40064.582 ms
	Time:	0:00:40
	Energy:	0.0016 kWh
	CO2eq:	0.7655 g
	0.0071 km travelled by car
	Time:	0:00:40
	Energy:	0.0016 kWh
	CO2eq:	0.7655 g
	0.0071 km travelled by car
___kmeans com 18 Treads_concluida___
___kmeans com 20 Treads___
Time for process: 35.466875
Tempo total: 36238.633 ms
	Time:	0:00:36
	Energy:	0.0015 kWh
	CO2eq:	0.7090 g
	0.0066 km travelled by car
	Time:	0:00:36
	Energy:	0.0015 kWh
	CO2eq:	0.7090 g
	0.0066 km travelled by car
___kmeans com 20 Treads_concluida___
___kmeans com 22 Treads___
Time for process: 32.130311
Tempo total: 32902.113 ms
	Time:	0:00:33
	Energy:	0.0014 kWh
	CO2eq:	0.6588 g
	0.0061 km travelled by car
	Time:	0:00:33
	Energy:	0.0014 kWh
	CO2eq:	0.6588 g
	0.0061 km travelled by car
___kmeans com 22 Treads_concluida___
___kmeans com 24 Treads___
Time for process: 29.485649
Tempo total: 30255.311 ms
	Time:	0:00:30
	Energy:	0.0013 kWh
	CO2eq:	0.6185 g
	0.0058 km travelled by car
	Time:	0:00:30
	Energy:	0.0013 kWh
	CO2eq:	0.6185 g
	0.0058 km travelled by car
___kmeans com 24 Treads_concluida___
___kmeans com 26 Treads___
Time for process: 27.222295
Tempo total: 27996.866 ms
	Time:	0:00:28
	Energy:	0.0012 kWh
	CO2eq:	0.5845 g
	0.0054 km travelled by car
	Time:	0:00:28
	Energy:	0.0012 kWh
	CO2eq:	0.5845 g
	0.0054 km travelled by car
___kmeans com 26 Treads_concluida___
___kmeans com 28 Treads___
Time for process: 25.356738
Tempo total: 26158.953 ms
	Time:	0:00:26
	Energy:	0.0012 kWh
	CO2eq:	0.5565 g
	0.0052 km travelled by car
	Time:	0:00:26
	Energy:	0.0012 kWh
	CO2eq:	0.5565 g
	0.0052 km travelled by car
___kmeans com 28 Treads_concluida___
___kmeans com 30 Treads___
Time for process: 23.637145
Tempo total: 24428.968 ms
	Time:	0:00:24
	Energy:	0.0011 kWh
	CO2eq:	0.5304 g
	0.0049 km travelled by car
	Time:	0:00:24
	Energy:	0.0011 kWh
	CO2eq:	0.5304 g
	0.0049 km travelled by car
___kmeans com 30 Treads_concluida___
___kmeans com 32 Treads___
Time for process: 22.205786
Tempo total: 22981.360 ms
	Time:	0:00:23
	Energy:	0.0011 kWh
	CO2eq:	0.5079 g
	0.0047 km travelled by car
	Time:	0:00:23
	Energy:	0.0011 kWh
	CO2eq:	0.5056 g
	0.0047 km travelled by car
___kmeans com 32 Treads_concluida___
___kmeans com 34 Treads___
Time for process: 20.919952
Tempo total: 21693.147 ms
	Time:	0:00:22
	Energy:	0.0010 kWh
	CO2eq:	0.4888 g
	0.0045 km travelled by car
	Time:	0:00:22
	Energy:	0.0010 kWh
	CO2eq:	0.4888 g
	0.0045 km travelled by car
___kmeans com 34 Treads_concluida___
___kmeans com 36 Treads___
Time for process: 19.774948
Tempo total: 20545.858 ms
	Time:	0:00:21
	Energy:	0.0010 kWh
	CO2eq:	0.4701 g
	0.0044 km travelled by car
	Time:	0:00:21
	Energy:	0.0010 kWh
	CO2eq:	0.4701 g
	0.0044 km travelled by car
___kmeans com 36 Treads_concluida___
___kmeans com 38 Treads___
Time for process: 18.768186
Tempo total: 19547.017 ms
	Time:	0:00:20
	Energy:	0.0009 kWh
	CO2eq:	0.4558 g
	0.0042 km travelled by car
	Time:	0:00:20
	Energy:	0.0009 kWh
	CO2eq:	0.4558 g
	0.0042 km travelled by car
___kmeans com 38 Treads_concluida___
___kmeans com 40 Treads___
Time for process: 17.799250
Tempo total: 18571.085 ms
	Time:	0:00:19
	Energy:	0.0009 kWh
	CO2eq:	0.4397 g
	0.0041 km travelled by car
	Time:	0:00:19
	Energy:	0.0009 kWh
	CO2eq:	0.4397 g
	0.0041 km travelled by car
___kmeans com 40 Treads_concluida___
___kmeans com 42 Treads___
Time for process: 16.934804
Tempo total: 17714.005 ms
	Time:	0:00:18
	Energy:	0.0009 kWh
	CO2eq:	0.4269 g
	0.0040 km travelled by car
	Time:	0:00:18
	Energy:	0.0009 kWh
	CO2eq:	0.4269 g
	0.0040 km travelled by car
___kmeans com 42 Treads_concluida___
___kmeans com 44 Treads___
Time for process: 16.267732
Tempo total: 17044.511 ms
	Time:	0:00:17
	Energy:	0.0009 kWh
	CO2eq:	0.4173 g
	0.0039 km travelled by car
	Time:	0:00:17
	Energy:	0.0009 kWh
	CO2eq:	0.4174 g
	0.0039 km travelled by car
___kmeans com 44 Treads_concluida___
___kmeans com 46 Treads___
Time for process: 15.497749
Tempo total: 16334.570 ms
	Time:	0:00:16
	Energy:	0.0009 kWh
	CO2eq:	0.4118 g
	0.0038 km travelled by car
	Time:	0:00:16
	Energy:	0.0009 kWh
	CO2eq:	0.4118 g
	0.0038 km travelled by car
___kmeans com 46 Treads_concluida___
___kmeans com 48 Treads___
Time for process: 15.035533
Tempo total: 15813.162 ms
	Time:	0:00:16
	Energy:	0.0009 kWh
	CO2eq:	0.4089 g
	0.0038 km travelled by car
	Time:	0:00:16
	Energy:	0.0009 kWh
	CO2eq:	0.4089 g
	0.0038 km travelled by car
___kmeans com 48 Treads_concluida___
___kmeans com 50 Treads___
Time for process: 14.377710
Tempo total: 15151.251 ms
	Time:	0:00:15
	Energy:	0.0008 kWh
	CO2eq:	0.3975 g
	0.0037 km travelled by car
	Time:	0:00:15
	Energy:	0.0008 kWh
	CO2eq:	0.3975 g
	0.0037 km travelled by car
___kmeans com 50 Treads_concluida___
___kmeans com 52 Treads___
Time for process: 13.945422
Tempo total: 14727.397 ms
	Time:	0:00:15
	Energy:	0.0008 kWh
	CO2eq:	0.3897 g
	0.0036 km travelled by car
	Time:	0:00:15
	Energy:	0.0008 kWh
	CO2eq:	0.3897 g
	0.0036 km travelled by car
___kmeans com 52 Treads_concluida___
___kmeans com 54 Treads___
Time for process: 13.237810
Tempo total: 14013.196 ms
	Time:	0:00:14
	Energy:	0.0008 kWh
	CO2eq:	0.3771 g
	0.0035 km travelled by car
	Time:	0:00:14
	Energy:	0.0008 kWh
	CO2eq:	0.3771 g
	0.0035 km travelled by car
___kmeans com 54 Treads_concluida___
___kmeans com 56 Treads___
Time for process: 12.932798
Tempo total: 13710.912 ms
	Time:	0:00:14
	Energy:	0.0008 kWh
	CO2eq:	0.3747 g
	0.0035 km travelled by car
	Time:	0:00:14
	Energy:	0.0008 kWh
	CO2eq:	0.3747 g
	0.0035 km travelled by car
___kmeans com 56 Treads_concluida___
___kmeans com 58 Treads___
Time for process: 12.422644
Tempo total: 13194.622 ms
	Time:	0:00:13
	Energy:	0.0008 kWh
	CO2eq:	0.3647 g
	0.0034 km travelled by car
	Time:	0:00:13
	Energy:	0.0008 kWh
	CO2eq:	0.3647 g
	0.0034 km travelled by car
___kmeans com 58 Treads_concluida___
___kmeans com 60 Treads___
Time for process: 12.219967
Tempo total: 12994.087 ms
	Time:	0:00:13
	Energy:	0.0007 kWh
	CO2eq:	0.3581 g
	0.0033 km travelled by car
	Time:	0:00:13
	Energy:	0.0007 kWh
	CO2eq:	0.3582 g
	0.0033 km travelled by car
___kmeans com 60 Treads_concluida___
___kmeans com 62 Treads___
Time for process: 11.848279
Tempo total: 12618.053 ms
	Time:	0:00:13
	Energy:	0.0007 kWh
	CO2eq:	0.3498 g
	0.0033 km travelled by car
	Time:	0:00:13
	Energy:	0.0007 kWh
	CO2eq:	0.3498 g
	0.0033 km travelled by car
___kmeans com 62 Treads_concluida___
___kmeans com 64 Treads___
Time for process: 11.604346
Tempo total: 12378.894 ms
	Time:	0:00:12
	Energy:	0.0007 kWh
	CO2eq:	0.3467 g
	0.0032 km travelled by car
	Time:	0:00:12
	Energy:	0.0007 kWh
	CO2eq:	0.3467 g
	0.0032 km travelled by car
___kmeans com 64 Treads_concluida___
___kmeans com 66 Treads___
Time for process: 11.124656
Tempo total: 11895.020 ms
	Time:	0:00:12
	Energy:	0.0007 kWh
	CO2eq:	0.3384 g
	0.0031 km travelled by car
	Time:	0:00:12
	Energy:	0.0007 kWh
	CO2eq:	0.3384 g
	0.0031 km travelled by car
___kmeans com 66 Treads_concluida___
___kmeans com 68 Treads___
Time for process: 10.855746
Tempo total: 11630.032 ms
	Time:	0:00:12
	Energy:	0.0007 kWh
	CO2eq:	0.3351 g
	0.0031 km travelled by car
	Time:	0:00:12
	Energy:	0.0007 kWh
	CO2eq:	0.3351 g
	0.0031 km travelled by car
___kmeans com 68 Treads_concluida___
___kmeans com 70 Treads___
Time for process: 10.422588
Tempo total: 11198.979 ms
	Time:	0:00:11
	Energy:	0.0007 kWh
	CO2eq:	0.3276 g
	0.0030 km travelled by car
	Time:	0:00:11
	Energy:	0.0007 kWh
	CO2eq:	0.3276 g
	0.0030 km travelled by car
___kmeans com 70 Treads_concluida___
___kmeans com 72 Treads___
Time for process: 10.398401
Tempo total: 11170.713 ms
	Time:	0:00:11
	Energy:	0.0007 kWh
	CO2eq:	0.3292 g
	0.0031 km travelled by car
	Time:	0:00:11
	Energy:	0.0007 kWh
	CO2eq:	0.3292 g
	0.0031 km travelled by car
___kmeans com 72 Treads_concluida___
___kmeans com 74 Treads___
Time for process: 9.936950
Tempo total: 10712.953 ms
	Time:	0:00:11
	Energy:	0.0007 kWh
	CO2eq:	0.3167 g
	0.0029 km travelled by car
	Time:	0:00:11
	Energy:	0.0007 kWh
	CO2eq:	0.3167 g
	0.0029 km travelled by car
___kmeans com 74 Treads_concluida___
___kmeans com 76 Treads___
Time for process: 10.003535
Tempo total: 10779.100 ms
	Time:	0:00:11
	Energy:	0.0007 kWh
	CO2eq:	0.3206 g
	0.0030 km travelled by car
	Time:	0:00:11
	Energy:	0.0007 kWh
	CO2eq:	0.3206 g
	0.0030 km travelled by car
___kmeans com 76 Treads_concluida___
___kmeans com 78 Treads___
Time for process: 9.500224
Tempo total: 10278.290 ms
	Time:	0:00:10
	Energy:	0.0006 kWh
	CO2eq:	0.3102 g
	0.0029 km travelled by car
	Time:	0:00:10
	Energy:	0.0006 kWh
	CO2eq:	0.3102 g
	0.0029 km travelled by car
___kmeans com 78 Treads_concluida___
___kmeans com 80 Treads___
Time for process: 9.461919
Tempo total: 10242.905 ms
	Time:	0:00:10
	Energy:	0.0006 kWh
	CO2eq:	0.3118 g
	0.0029 km travelled by car
	Time:	0:00:10
	Energy:	0.0006 kWh
	CO2eq:	0.3118 g
	0.0029 km travelled by car
___kmeans com 80 Treads_concluida___
___kmeans com 82 Treads___
Time for process: 8.995705
Tempo total: 9770.018 ms
	Time:	0:00:10
	Energy:	0.0006 kWh
	CO2eq:	0.3024 g
	0.0028 km travelled by car
	Time:	0:00:10
	Energy:	0.0006 kWh
	CO2eq:	0.3024 g
	0.0028 km travelled by car
___kmeans com 82 Treads_concluida___
___kmeans com 84 Treads___
Time for process: 9.053356
Tempo total: 9830.696 ms
	Time:	0:00:10
	Energy:	0.0006 kWh
	CO2eq:	0.3064 g
	0.0029 km travelled by car
	Time:	0:00:10
	Energy:	0.0006 kWh
	CO2eq:	0.3064 g
	0.0029 km travelled by car
___kmeans com 84 Treads_concluida___
___kmeans com 86 Treads___
Time for process: 8.617215
Tempo total: 9394.334 ms
	Time:	0:00:09
	Energy:	0.0006 kWh
	CO2eq:	0.2969 g
	0.0028 km travelled by car
	Time:	0:00:09
	Energy:	0.0006 kWh
	CO2eq:	0.2969 g
	0.0028 km travelled by car
___kmeans com 86 Treads_concluida___
___kmeans com 88 Treads___
Time for process: 8.596882
Tempo total: 9367.280 ms
	Time:	0:00:09
	Energy:	0.0006 kWh
	CO2eq:	0.2987 g
	0.0028 km travelled by car
	Time:	0:00:09
	Energy:	0.0006 kWh
	CO2eq:	0.2987 g
	0.0028 km travelled by car
___kmeans com 88 Treads_concluida___
___Fim de kmeans___:

Start -> leukocyte
compilando leukocyte...
___Executando leukocyte___:
___leukocyte com 2 Treads___
Total application run time: 422.11633 seconds
Tempo total: 422204.932 ms
	Time:	0:07:02
	Energy:	0.0050 kWh
	CO2eq:	2.3943 g
	0.0223 km travelled by car
	Time:	0:07:02
	Energy:	0.0050 kWh
	CO2eq:	2.3943 g
	0.0223 km travelled by car
___leukocyte com 2 Treads_concluida___
___leukocyte com 4 Treads___
Total application run time: 221.02242 seconds
Tempo total: 221112.755 ms
	Time:	0:03:41
	Energy:	0.0030 kWh
	CO2eq:	1.4348 g
	0.0133 km travelled by car
	Time:	0:03:41
	Energy:	0.0030 kWh
	CO2eq:	1.4348 g
	0.0133 km travelled by car
___leukocyte com 4 Treads_concluida___
___leukocyte com 6 Treads___
Total application run time: 155.75471 seconds
Tempo total: 155859.472 ms
	Time:	0:02:36
	Energy:	0.0023 kWh
	CO2eq:	1.0866 g
	0.0101 km travelled by car
	Time:	0:02:36
	Energy:	0.0023 kWh
	CO2eq:	1.0866 g
	0.0101 km travelled by car
___leukocyte com 6 Treads_concluida___
___leukocyte com 8 Treads___
Total application run time: 134.55783 seconds
Tempo total: 134656.712 ms
	Time:	0:02:15
	Energy:	0.0020 kWh
	CO2eq:	0.9794 g
	0.0091 km travelled by car
	Time:	0:02:15
	Energy:	0.0020 kWh
	CO2eq:	0.9794 g
	0.0091 km travelled by car
___leukocyte com 8 Treads_concluida___
___leukocyte com 10 Treads___
Total application run time: 111.50815 seconds
Tempo total: 111607.495 ms
	Time:	0:01:52
	Energy:	0.0018 kWh
	CO2eq:	0.8547 g
	0.0080 km travelled by car
	Time:	0:01:52
	Energy:	0.0018 kWh
	CO2eq:	0.8547 g
	0.0080 km travelled by car
___leukocyte com 10 Treads_concluida___
___leukocyte com 12 Treads___
Total application run time: 90.47729 seconds
Tempo total: 90589.063 ms
	Time:	0:01:31
	Energy:	0.0015 kWh
	CO2eq:	0.7397 g
	0.0069 km travelled by car
	Time:	0:01:31
	Energy:	0.0015 kWh
	CO2eq:	0.7397 g
	0.0069 km travelled by car
___leukocyte com 12 Treads_concluida___
___leukocyte com 14 Treads___
Total application run time: 89.75064 seconds
Tempo total: 89856.731 ms
	Time:	0:01:30
	Energy:	0.0015 kWh
	CO2eq:	0.7309 g
	0.0068 km travelled by car
	Time:	0:01:30
	Energy:	0.0015 kWh
	CO2eq:	0.7309 g
	0.0068 km travelled by car
___leukocyte com 14 Treads_concluida___
___leukocyte com 16 Treads___
Total application run time: 85.99380 seconds
Tempo total: 86099.163 ms
	Time:	0:01:26
	Energy:	0.0015 kWh
	CO2eq:	0.7104 g
	0.0066 km travelled by car
	Time:	0:01:26
	Energy:	0.0015 kWh
	CO2eq:	0.7104 g
	0.0066 km travelled by car
___leukocyte com 16 Treads_concluida___
___leukocyte com 18 Treads___
Total application run time: 68.98363 seconds
Tempo total: 69081.879 ms
	Time:	0:01:09
	Energy:	0.0013 kWh
	CO2eq:	0.6125 g
	0.0057 km travelled by car
	Time:	0:01:09
	Energy:	0.0013 kWh
	CO2eq:	0.6116 g
	0.0057 km travelled by car
___leukocyte com 18 Treads_concluida___
___leukocyte com 20 Treads___
Total application run time: 67.48502 seconds
Tempo total: 67594.052 ms
	Time:	0:01:08
	Energy:	0.0013 kWh
	CO2eq:	0.6141 g
	0.0057 km travelled by car
	Time:	0:01:08
	Energy:	0.0013 kWh
	CO2eq:	0.6141 g
	0.0057 km travelled by car
___leukocyte com 20 Treads_concluida___
___leukocyte com 22 Treads___
Total application run time: 67.07821 seconds
Tempo total: 67197.242 ms
	Time:	0:01:07
	Energy:	0.0013 kWh
	CO2eq:	0.6152 g
	0.0057 km travelled by car
	Time:	0:01:07
	Energy:	0.0013 kWh
	CO2eq:	0.6152 g
	0.0057 km travelled by car
___leukocyte com 22 Treads_concluida___
___leukocyte com 24 Treads___
Total application run time: 65.32918 seconds
Tempo total: 65428.790 ms
	Time:	0:01:05
	Energy:	0.0013 kWh
	CO2eq:	0.6122 g
	0.0057 km travelled by car
	Time:	0:01:05
	Energy:	0.0013 kWh
	CO2eq:	0.6122 g
	0.0057 km travelled by car
___leukocyte com 24 Treads_concluida___
___leukocyte com 26 Treads___
Total application run time: 65.67512 seconds
Tempo total: 65776.958 ms
	Time:	0:01:06
	Energy:	0.0013 kWh
	CO2eq:	0.6052 g
	0.0056 km travelled by car
	Time:	0:01:06
	Energy:	0.0013 kWh
	CO2eq:	0.6052 g
	0.0056 km travelled by car
___leukocyte com 26 Treads_concluida___
___leukocyte com 28 Treads___
Total application run time: 63.93469 seconds
Tempo total: 64029.705 ms
	Time:	0:01:04
	Energy:	0.0013 kWh
	CO2eq:	0.6042 g
	0.0056 km travelled by car
	Time:	0:01:04
	Energy:	0.0013 kWh
	CO2eq:	0.6042 g
	0.0056 km travelled by car
___leukocyte com 28 Treads_concluida___
___leukocyte com 30 Treads___
Total application run time: 62.80883 seconds
Tempo total: 62909.120 ms
	Time:	0:01:03
	Energy:	0.0012 kWh
	CO2eq:	0.5910 g
	0.0055 km travelled by car
	Time:	0:01:03
	Energy:	0.0012 kWh
	CO2eq:	0.5910 g
	0.0055 km travelled by car
___leukocyte com 30 Treads_concluida___
___leukocyte com 32 Treads___
Total application run time: 60.97615 seconds
Tempo total: 61077.157 ms
	Time:	0:01:01
	Energy:	0.0012 kWh
	CO2eq:	0.5737 g
	0.0053 km travelled by car
	Time:	0:01:01
	Energy:	0.0012 kWh
	CO2eq:	0.5728 g
	0.0053 km travelled by car
___leukocyte com 32 Treads_concluida___
___leukocyte com 34 Treads___
Total application run time: 58.77364 seconds
Tempo total: 58878.517 ms
	Time:	0:00:59
	Energy:	0.0012 kWh
	CO2eq:	0.5563 g
	0.0052 km travelled by car
	Time:	0:00:59
	Energy:	0.0012 kWh
	CO2eq:	0.5563 g
	0.0052 km travelled by car
___leukocyte com 34 Treads_concluida___
___leukocyte com 36 Treads___
Total application run time: 42.76025 seconds
Tempo total: 42859.020 ms
	Time:	0:00:43
	Energy:	0.0010 kWh
	CO2eq:	0.4792 g
	0.0045 km travelled by car
	Time:	0:00:43
	Energy:	0.0010 kWh
	CO2eq:	0.4792 g
	0.0045 km travelled by car
___leukocyte com 36 Treads_concluida___
___leukocyte com 38 Treads___
Total application run time: 43.69734 seconds
Tempo total: 43799.733 ms
	Time:	0:00:44
	Energy:	0.0010 kWh
	CO2eq:	0.4813 g
	0.0045 km travelled by car
	Time:	0:00:44
	Energy:	0.0010 kWh
	CO2eq:	0.4813 g
	0.0045 km travelled by car
___leukocyte com 38 Treads_concluida___
___leukocyte com 40 Treads___
Total application run time: 41.06237 seconds
Tempo total: 41162.830 ms
	Time:	0:00:41
	Energy:	0.0010 kWh
	CO2eq:	0.4681 g
	0.0044 km travelled by car
	Time:	0:00:41
	Energy:	0.0010 kWh
	CO2eq:	0.4681 g
	0.0044 km travelled by car
___leukocyte com 40 Treads_concluida___
___leukocyte com 42 Treads___
Total application run time: 43.18544 seconds
Tempo total: 43298.170 ms
	Time:	0:00:43
	Energy:	0.0010 kWh
	CO2eq:	0.4833 g
	0.0045 km travelled by car
	Time:	0:00:43
	Energy:	0.0010 kWh
	CO2eq:	0.4833 g
	0.0045 km travelled by car
___leukocyte com 42 Treads_concluida___
___leukocyte com 44 Treads___
Total application run time: 42.49759 seconds
Tempo total: 42602.700 ms
	Time:	0:00:43
	Energy:	0.0010 kWh
	CO2eq:	0.4789 g
	0.0045 km travelled by car
	Time:	0:00:43
	Energy:	0.0010 kWh
	CO2eq:	0.4789 g
	0.0045 km travelled by car
___leukocyte com 44 Treads_concluida___
___leukocyte com 46 Treads___
Total application run time: 41.41528 seconds
Tempo total: 41511.638 ms
	Time:	0:00:42
	Energy:	0.0010 kWh
	CO2eq:	0.4756 g
	0.0044 km travelled by car
	Time:	0:00:42
	Energy:	0.0010 kWh
	CO2eq:	0.4756 g
	0.0044 km travelled by car
___leukocyte com 46 Treads_concluida___
___leukocyte com 48 Treads___
Total application run time: 41.15319 seconds
Tempo total: 41258.920 ms
	Time:	0:00:41
	Energy:	0.0010 kWh
	CO2eq:	0.4721 g
	0.0044 km travelled by car
	Time:	0:00:41
	Energy:	0.0010 kWh
	CO2eq:	0.4721 g
	0.0044 km travelled by car
___leukocyte com 48 Treads_concluida___
___leukocyte com 50 Treads___
Total application run time: 41.12295 seconds
Tempo total: 41227.695 ms
	Time:	0:00:41
	Energy:	0.0010 kWh
	CO2eq:	0.4726 g
	0.0044 km travelled by car
	Time:	0:00:41
	Energy:	0.0010 kWh
	CO2eq:	0.4726 g
	0.0044 km travelled by car
___leukocyte com 50 Treads_concluida___
___leukocyte com 52 Treads___
Total application run time: 42.51192 seconds
Tempo total: 42612.163 ms
	Time:	0:00:43
	Energy:	0.0010 kWh
	CO2eq:	0.4769 g
	0.0044 km travelled by car
	Time:	0:00:43
	Energy:	0.0010 kWh
	CO2eq:	0.4769 g
	0.0044 km travelled by car
___leukocyte com 52 Treads_concluida___
___leukocyte com 54 Treads___
Total application run time: 43.49035 seconds
Tempo total: 43603.146 ms
	Time:	0:00:44
	Energy:	0.0010 kWh
	CO2eq:	0.4769 g
	0.0044 km travelled by car
	Time:	0:00:44
	Energy:	0.0010 kWh
	CO2eq:	0.4769 g
	0.0044 km travelled by car
___leukocyte com 54 Treads_concluida___
___leukocyte com 56 Treads___
Total application run time: 43.51645 seconds
Tempo total: 43617.936 ms
	Time:	0:00:44
	Energy:	0.0010 kWh
	CO2eq:	0.4814 g
	0.0045 km travelled by car
	Time:	0:00:44
	Energy:	0.0010 kWh
	CO2eq:	0.4814 g
	0.0045 km travelled by car
___leukocyte com 56 Treads_concluida___
___leukocyte com 58 Treads___
Total application run time: 41.69835 seconds
Tempo total: 41797.478 ms
	Time:	0:00:42
	Energy:	0.0010 kWh
	CO2eq:	0.4763 g
	0.0044 km travelled by car
	Time:	0:00:42
	Energy:	0.0010 kWh
	CO2eq:	0.4763 g
	0.0044 km travelled by car
___leukocyte com 58 Treads_concluida___
___leukocyte com 60 Treads___
Total application run time: 42.26323 seconds
Tempo total: 42360.912 ms
	Time:	0:00:42
	Energy:	0.0010 kWh
	CO2eq:	0.4794 g
	0.0045 km travelled by car
	Time:	0:00:42
	Energy:	0.0010 kWh
	CO2eq:	0.4794 g
	0.0045 km travelled by car
___leukocyte com 60 Treads_concluida___
___leukocyte com 62 Treads___
Total application run time: 40.48107 seconds
Tempo total: 40578.241 ms
	Time:	0:00:41
	Energy:	0.0010 kWh
	CO2eq:	0.4701 g
	0.0044 km travelled by car
	Time:	0:00:41
	Energy:	0.0010 kWh
	CO2eq:	0.4701 g
	0.0044 km travelled by car
___leukocyte com 62 Treads_concluida___
___leukocyte com 64 Treads___
Total application run time: 43.00254 seconds
Tempo total: 43099.181 ms
	Time:	0:00:43
	Energy:	0.0010 kWh
	CO2eq:	0.4830 g
	0.0045 km travelled by car
	Time:	0:00:43
	Energy:	0.0010 kWh
	CO2eq:	0.4830 g
	0.0045 km travelled by car
___leukocyte com 64 Treads_concluida___
___leukocyte com 66 Treads___
Total application run time: 44.21561 seconds
Tempo total: 44314.757 ms
	Time:	0:00:44
	Energy:	0.0010 kWh
	CO2eq:	0.4899 g
	0.0046 km travelled by car
	Time:	0:00:44
	Energy:	0.0010 kWh
	CO2eq:	0.4899 g
	0.0046 km travelled by car
___leukocyte com 66 Treads_concluida___
___leukocyte com 68 Treads___
Total application run time: 44.42174 seconds
Tempo total: 44520.177 ms
	Time:	0:00:45
	Energy:	0.0010 kWh
	CO2eq:	0.4918 g
	0.0046 km travelled by car
	Time:	0:00:45
	Energy:	0.0010 kWh
	CO2eq:	0.4918 g
	0.0046 km travelled by car
___leukocyte com 68 Treads_concluida___
___leukocyte com 70 Treads___
Total application run time: 43.01334 seconds
Tempo total: 43110.630 ms
	Time:	0:00:43
	Energy:	0.0010 kWh
	CO2eq:	0.4798 g
	0.0045 km travelled by car
	Time:	0:00:43
	Energy:	0.0010 kWh
	CO2eq:	0.4798 g
	0.0045 km travelled by car
___leukocyte com 70 Treads_concluida___
___leukocyte com 72 Treads___
Total application run time: 50.42391 seconds
Tempo total: 50523.985 ms
	Time:	0:00:51
	Energy:	0.0011 kWh
	CO2eq:	0.5234 g
	0.0049 km travelled by car
	Time:	0:00:51
	Energy:	0.0011 kWh
	CO2eq:	0.5234 g
	0.0049 km travelled by car
___leukocyte com 72 Treads_concluida___
___leukocyte com 74 Treads___
Total application run time: 54.18410 seconds
Tempo total: 54285.610 ms
	Time:	0:00:54
	Energy:	0.0011 kWh
	CO2eq:	0.5461 g
	0.0051 km travelled by car
	Time:	0:00:54
	Energy:	0.0011 kWh
	CO2eq:	0.5461 g
	0.0051 km travelled by car
___leukocyte com 74 Treads_concluida___
___leukocyte com 76 Treads___
Total application run time: 52.45679 seconds
Tempo total: 52555.896 ms
	Time:	0:00:53
	Energy:	0.0011 kWh
	CO2eq:	0.5355 g
	0.0050 km travelled by car
	Time:	0:00:53
	Energy:	0.0011 kWh
	CO2eq:	0.5355 g
	0.0050 km travelled by car
___leukocyte com 76 Treads_concluida___
___leukocyte com 78 Treads___
Total application run time: 53.07450 seconds
Tempo total: 53177.903 ms
	Time:	0:00:53
	Energy:	0.0011 kWh
	CO2eq:	0.5156 g
	0.0048 km travelled by car
	Time:	0:00:53
	Energy:	0.0011 kWh
	CO2eq:	0.5156 g
	0.0048 km travelled by car
___leukocyte com 78 Treads_concluida___
___leukocyte com 80 Treads___
Total application run time: 58.21744 seconds
Tempo total: 58318.896 ms
	Time:	0:00:58
	Energy:	0.0012 kWh
	CO2eq:	0.5637 g
	0.0052 km travelled by car
	Time:	0:00:58
	Energy:	0.0012 kWh
	CO2eq:	0.5637 g
	0.0052 km travelled by car
___leukocyte com 80 Treads_concluida___
___leukocyte com 82 Treads___
Total application run time: 55.80560 seconds
Tempo total: 55905.565 ms
	Time:	0:00:56
	Energy:	0.0011 kWh
	CO2eq:	0.5450 g
	0.0051 km travelled by car
	Time:	0:00:56
	Energy:	0.0011 kWh
	CO2eq:	0.5450 g
	0.0051 km travelled by car
___leukocyte com 82 Treads_concluida___
___leukocyte com 84 Treads___
Total application run time: 45.85707 seconds
Tempo total: 45955.825 ms
	Time:	0:00:46
	Energy:	0.0010 kWh
	CO2eq:	0.4955 g
	0.0046 km travelled by car
	Time:	0:00:46
	Energy:	0.0010 kWh
	CO2eq:	0.4955 g
	0.0046 km travelled by car
___leukocyte com 84 Treads_concluida___
___leukocyte com 86 Treads___
Total application run time: 57.75581 seconds
Tempo total: 57853.117 ms
	Time:	0:00:58
	Energy:	0.0012 kWh
	CO2eq:	0.5642 g
	0.0052 km travelled by car
	Time:	0:00:58
	Energy:	0.0012 kWh
	CO2eq:	0.5642 g
	0.0052 km travelled by car
___leukocyte com 86 Treads_concluida___
___leukocyte com 88 Treads___
Total application run time: 56.33051 seconds
Tempo total: 56436.330 ms
	Time:	0:00:56
	Energy:	0.0012 kWh
	CO2eq:	0.5561 g
	0.0052 km travelled by car
	Time:	0:00:56
	Energy:	0.0012 kWh
	CO2eq:	0.5561 g
	0.0052 km travelled by car
___leukocyte com 88 Treads_concluida___
___Fim de leukocyte___:

Start -> backprop
compilando backprop...
rm -f *.o *~ backprop backprop_cuda.linkinfo
gcc -g -fopenmp  -O2 backprop.c -c
gcc -g -fopenmp  -O2 facetrain.c -c
gcc -g -fopenmp  -O2 imagenet.c -c
gcc -g -fopenmp  -O2 backprop_kernel.c -c
gcc -g -fopenmp  -O2 backprop.o facetrain.o imagenet.o backprop_kernel.o -o backprop -lm
___Executando backprop___:
___backprop com 2 Treads___
Tempo total: 25066.353 ms
	Time:	0:00:25
	Energy:	0.0008 kWh
	CO2eq:	0.4002 g
	0.0037 km travelled by car
	Time:	0:00:25
	Energy:	0.0008 kWh
	CO2eq:	0.3994 g
	0.0037 km travelled by car
___backprop com 2 Treads_concluida___
___backprop com 4 Treads___
Tempo total: 20455.861 ms
	Time:	0:00:20
	Energy:	0.0007 kWh
	CO2eq:	0.3293 g
	0.0031 km travelled by car
	Time:	0:00:20
	Energy:	0.0007 kWh
	CO2eq:	0.3293 g
	0.0031 km travelled by car
___backprop com 4 Treads_concluida___
___backprop com 6 Treads___
Tempo total: 19580.864 ms
	Time:	0:00:20
	Energy:	0.0007 kWh
	CO2eq:	0.3160 g
	0.0029 km travelled by car
	Time:	0:00:20
	Energy:	0.0007 kWh
	CO2eq:	0.3160 g
	0.0029 km travelled by car
___backprop com 6 Treads_concluida___
___backprop com 8 Treads___
Tempo total: 16758.909 ms
	Time:	0:00:17
	Energy:	0.0006 kWh
	CO2eq:	0.2719 g
	0.0025 km travelled by car
	Time:	0:00:17
	Energy:	0.0006 kWh
	CO2eq:	0.2719 g
	0.0025 km travelled by car
___backprop com 8 Treads_concluida___
___backprop com 10 Treads___
Tempo total: 17167.741 ms
	Time:	0:00:17
	Energy:	0.0006 kWh
	CO2eq:	0.2778 g
	0.0026 km travelled by car
	Time:	0:00:17
	Energy:	0.0006 kWh
	CO2eq:	0.2778 g
	0.0026 km travelled by car
___backprop com 10 Treads_concluida___
___backprop com 12 Treads___
Tempo total: 17066.582 ms
	Time:	0:00:17
	Energy:	0.0006 kWh
	CO2eq:	0.2757 g
	0.0026 km travelled by car
	Time:	0:00:17
	Energy:	0.0006 kWh
	CO2eq:	0.2751 g
	0.0026 km travelled by car
___backprop com 12 Treads_concluida___
___backprop com 14 Treads___
Tempo total: 16848.919 ms
	Time:	0:00:17
	Energy:	0.0006 kWh
	CO2eq:	0.2710 g
	0.0025 km travelled by car
	Time:	0:00:17
	Energy:	0.0006 kWh
	CO2eq:	0.2710 g
	0.0025 km travelled by car
___backprop com 14 Treads_concluida___
___backprop com 16 Treads___
Tempo total: 15469.890 ms
	Time:	0:00:15
	Energy:	0.0005 kWh
	CO2eq:	0.2498 g
	0.0023 km travelled by car
	Time:	0:00:15
	Energy:	0.0005 kWh
	CO2eq:	0.2498 g
	0.0023 km travelled by car
___backprop com 16 Treads_concluida___
___backprop com 18 Treads___
Tempo total: 15474.797 ms
	Time:	0:00:15
	Energy:	0.0005 kWh
	CO2eq:	0.2500 g
	0.0023 km travelled by car
	Time:	0:00:15
	Energy:	0.0005 kWh
	CO2eq:	0.2500 g
	0.0023 km travelled by car
___backprop com 18 Treads_concluida___
___backprop com 20 Treads___
Tempo total: 15436.186 ms
	Time:	0:00:15
	Energy:	0.0005 kWh
	CO2eq:	0.2495 g
	0.0023 km travelled by car
	Time:	0:00:15
	Energy:	0.0005 kWh
	CO2eq:	0.2495 g
	0.0023 km travelled by car
___backprop com 20 Treads_concluida___
___backprop com 22 Treads___
Tempo total: 15392.561 ms
	Time:	0:00:15
	Energy:	0.0005 kWh
	CO2eq:	0.2488 g
	0.0023 km travelled by car
	Time:	0:00:15
	Energy:	0.0005 kWh
	CO2eq:	0.2488 g
	0.0023 km travelled by car
___backprop com 22 Treads_concluida___
___backprop com 24 Treads___
Tempo total: 15520.059 ms
	Time:	0:00:16
	Energy:	0.0005 kWh
	CO2eq:	0.2506 g
	0.0023 km travelled by car
	Time:	0:00:16
	Energy:	0.0005 kWh
	CO2eq:	0.2506 g
	0.0023 km travelled by car
___backprop com 24 Treads_concluida___
___backprop com 26 Treads___
Tempo total: 15308.291 ms
	Time:	0:00:15
	Energy:	0.0005 kWh
	CO2eq:	0.2481 g
	0.0023 km travelled by car
	Time:	0:00:15
	Energy:	0.0005 kWh
	CO2eq:	0.2481 g
	0.0023 km travelled by car
___backprop com 26 Treads_concluida___
___backprop com 28 Treads___
Tempo total: 15564.581 ms
	Time:	0:00:16
	Energy:	0.0005 kWh
	CO2eq:	0.2517 g
	0.0023 km travelled by car
	Time:	0:00:16
	Energy:	0.0005 kWh
	CO2eq:	0.2517 g
	0.0023 km travelled by car
___backprop com 28 Treads_concluida___
___backprop com 30 Treads___
Tempo total: 15489.987 ms
	Time:	0:00:15
	Energy:	0.0005 kWh
	CO2eq:	0.2508 g
	0.0023 km travelled by car
	Time:	0:00:15
	Energy:	0.0005 kWh
	CO2eq:	0.2508 g
	0.0023 km travelled by car
___backprop com 30 Treads_concluida___
___backprop com 32 Treads___
Tempo total: 15903.999 ms
	Time:	0:00:16
	Energy:	0.0005 kWh
	CO2eq:	0.2574 g
	0.0024 km travelled by car
	Time:	0:00:16
	Energy:	0.0005 kWh
	CO2eq:	0.2574 g
	0.0024 km travelled by car
___backprop com 32 Treads_concluida___
___backprop com 34 Treads___
Tempo total: 15501.803 ms
	Time:	0:00:16
	Energy:	0.0005 kWh
	CO2eq:	0.2513 g
	0.0023 km travelled by car
	Time:	0:00:16
	Energy:	0.0005 kWh
	CO2eq:	0.2513 g
	0.0023 km travelled by car
___backprop com 34 Treads_concluida___
___backprop com 36 Treads___
Tempo total: 15337.774 ms
	Time:	0:00:15
	Energy:	0.0005 kWh
	CO2eq:	0.2494 g
	0.0023 km travelled by car
	Time:	0:00:15
	Energy:	0.0005 kWh
	CO2eq:	0.2494 g
	0.0023 km travelled by car
___backprop com 36 Treads_concluida___
___backprop com 38 Treads___
Tempo total: 15317.632 ms
	Time:	0:00:15
	Energy:	0.0005 kWh
	CO2eq:	0.2492 g
	0.0023 km travelled by car
	Time:	0:00:15
	Energy:	0.0005 kWh
	CO2eq:	0.2492 g
	0.0023 km travelled by car
___backprop com 38 Treads_concluida___
___backprop com 40 Treads___
Tempo total: 15748.887 ms
	Time:	0:00:16
	Energy:	0.0005 kWh
	CO2eq:	0.2563 g
	0.0024 km travelled by car
	Time:	0:00:16
	Energy:	0.0005 kWh
	CO2eq:	0.2563 g
	0.0024 km travelled by car
___backprop com 40 Treads_concluida___
___backprop com 42 Treads___
Tempo total: 15366.570 ms
	Time:	0:00:15
	Energy:	0.0005 kWh
	CO2eq:	0.2496 g
	0.0023 km travelled by car
	Time:	0:00:15
	Energy:	0.0005 kWh
	CO2eq:	0.2496 g
	0.0023 km travelled by car
___backprop com 42 Treads_concluida___
___backprop com 44 Treads___
Tempo total: 15396.910 ms
	Time:	0:00:15
	Energy:	0.0005 kWh
	CO2eq:	0.2500 g
	0.0023 km travelled by car
	Time:	0:00:15
	Energy:	0.0005 kWh
	CO2eq:	0.2500 g
	0.0023 km travelled by car
___backprop com 44 Treads_concluida___
___backprop com 46 Treads___
Tempo total: 15485.437 ms
	Time:	0:00:15
	Energy:	0.0005 kWh
	CO2eq:	0.2514 g
	0.0023 km travelled by car
	Time:	0:00:15
	Energy:	0.0005 kWh
	CO2eq:	0.2514 g
	0.0023 km travelled by car
___backprop com 46 Treads_concluida___
___backprop com 48 Treads___
Tempo total: 15521.231 ms
	Time:	0:00:16
	Energy:	0.0005 kWh
	CO2eq:	0.2519 g
	0.0023 km travelled by car
	Time:	0:00:16
	Energy:	0.0005 kWh
	CO2eq:	0.2519 g
	0.0023 km travelled by car
___backprop com 48 Treads_concluida___
___backprop com 50 Treads___
Tempo total: 15660.240 ms
	Time:	0:00:16
	Energy:	0.0005 kWh
	CO2eq:	0.2549 g
	0.0024 km travelled by car
	Time:	0:00:16
	Energy:	0.0005 kWh
	CO2eq:	0.2549 g
	0.0024 km travelled by car
___backprop com 50 Treads_concluida___
___backprop com 52 Treads___
Tempo total: 15668.587 ms
	Time:	0:00:16
	Energy:	0.0005 kWh
	CO2eq:	0.2535 g
	0.0024 km travelled by car
	Time:	0:00:16
	Energy:	0.0005 kWh
	CO2eq:	0.2535 g
	0.0024 km travelled by car
___backprop com 52 Treads_concluida___
___backprop com 54 Treads___
Tempo total: 15429.091 ms
	Time:	0:00:15
	Energy:	0.0005 kWh
	CO2eq:	0.2506 g
	0.0023 km travelled by car
	Time:	0:00:15
	Energy:	0.0005 kWh
	CO2eq:	0.2506 g
	0.0023 km travelled by car
___backprop com 54 Treads_concluida___
___backprop com 56 Treads___
Tempo total: 15495.386 ms
	Time:	0:00:15
	Energy:	0.0005 kWh
	CO2eq:	0.2520 g
	0.0023 km travelled by car
	Time:	0:00:15
	Energy:	0.0005 kWh
	CO2eq:	0.2520 g
	0.0023 km travelled by car
___backprop com 56 Treads_concluida___
___backprop com 58 Treads___
Tempo total: 15839.740 ms
	Time:	0:00:16
	Energy:	0.0005 kWh
	CO2eq:	0.2575 g
	0.0024 km travelled by car
	Time:	0:00:16
	Energy:	0.0005 kWh
	CO2eq:	0.2575 g
	0.0024 km travelled by car
___backprop com 58 Treads_concluida___
___backprop com 60 Treads___
Tempo total: 15416.680 ms
	Time:	0:00:15
	Energy:	0.0005 kWh
	CO2eq:	0.2506 g
	0.0023 km travelled by car
	Time:	0:00:15
	Energy:	0.0005 kWh
	CO2eq:	0.2506 g
	0.0023 km travelled by car
___backprop com 60 Treads_concluida___
___backprop com 62 Treads___
Tempo total: 15358.906 ms
	Time:	0:00:15
	Energy:	0.0005 kWh
	CO2eq:	0.2500 g
	0.0023 km travelled by car
	Time:	0:00:15
	Energy:	0.0005 kWh
	CO2eq:	0.2500 g
	0.0023 km travelled by car
___backprop com 62 Treads_concluida___
___backprop com 64 Treads___
Tempo total: 15517.777 ms
	Time:	0:00:16
	Energy:	0.0005 kWh
	CO2eq:	0.2521 g
	0.0023 km travelled by car
	Time:	0:00:16
	Energy:	0.0005 kWh
	CO2eq:	0.2521 g
	0.0023 km travelled by car
___backprop com 64 Treads_concluida___
___backprop com 66 Treads___
Tempo total: 15526.658 ms
	Time:	0:00:16
	Energy:	0.0005 kWh
	CO2eq:	0.2521 g
	0.0023 km travelled by car
	Time:	0:00:16
	Energy:	0.0005 kWh
	CO2eq:	0.2521 g
	0.0023 km travelled by car
___backprop com 66 Treads_concluida___
___backprop com 68 Treads___
Tempo total: 15475.833 ms
	Time:	0:00:15
	Energy:	0.0005 kWh
	CO2eq:	0.2516 g
	0.0023 km travelled by car
	Time:	0:00:15
	Energy:	0.0005 kWh
	CO2eq:	0.2516 g
	0.0023 km travelled by car
___backprop com 68 Treads_concluida___
___backprop com 70 Treads___
Tempo total: 15383.292 ms
	Time:	0:00:15
	Energy:	0.0005 kWh
	CO2eq:	0.2500 g
	0.0023 km travelled by car
	Time:	0:00:15
	Energy:	0.0005 kWh
	CO2eq:	0.2500 g
	0.0023 km travelled by car
___backprop com 70 Treads_concluida___
___backprop com 72 Treads___
Tempo total: 15654.469 ms
	Time:	0:00:16
	Energy:	0.0005 kWh
	CO2eq:	0.2545 g
	0.0024 km travelled by car
	Time:	0:00:16
	Energy:	0.0005 kWh
	CO2eq:	0.2545 g
	0.0024 km travelled by car
___backprop com 72 Treads_concluida___
___backprop com 74 Treads___
Tempo total: 15418.141 ms
	Time:	0:00:15
	Energy:	0.0005 kWh
	CO2eq:	0.2507 g
	0.0023 km travelled by car
	Time:	0:00:15
	Energy:	0.0005 kWh
	CO2eq:	0.2507 g
	0.0023 km travelled by car
___backprop com 74 Treads_concluida___
___backprop com 76 Treads___
Tempo total: 15454.655 ms
	Time:	0:00:15
	Energy:	0.0005 kWh
	CO2eq:	0.2510 g
	0.0023 km travelled by car
	Time:	0:00:15
	Energy:	0.0005 kWh
	CO2eq:	0.2510 g
	0.0023 km travelled by car
___backprop com 76 Treads_concluida___
___backprop com 78 Treads___
Tempo total: 15525.717 ms
	Time:	0:00:16
	Energy:	0.0005 kWh
	CO2eq:	0.2523 g
	0.0023 km travelled by car
	Time:	0:00:16
	Energy:	0.0005 kWh
	CO2eq:	0.2523 g
	0.0023 km travelled by car
___backprop com 78 Treads_concluida___
___backprop com 80 Treads___
Tempo total: 15972.669 ms
	Time:	0:00:16
	Energy:	0.0005 kWh
	CO2eq:	0.2608 g
	0.0024 km travelled by car
	Time:	0:00:16
	Energy:	0.0005 kWh
	CO2eq:	0.2608 g
	0.0024 km travelled by car
___backprop com 80 Treads_concluida___
___backprop com 82 Treads___
Tempo total: 15453.849 ms
	Time:	0:00:15
	Energy:	0.0005 kWh
	CO2eq:	0.2511 g
	0.0023 km travelled by car
	Time:	0:00:15
	Energy:	0.0005 kWh
	CO2eq:	0.2511 g
	0.0023 km travelled by car
___backprop com 82 Treads_concluida___
___backprop com 84 Treads___
Tempo total: 16291.124 ms
	Time:	0:00:16
	Energy:	0.0006 kWh
	CO2eq:	0.2664 g
	0.0025 km travelled by car
	Time:	0:00:16
	Energy:	0.0006 kWh
	CO2eq:	0.2664 g
	0.0025 km travelled by car
___backprop com 84 Treads_concluida___
___backprop com 86 Treads___
Tempo total: 15502.126 ms
	Time:	0:00:16
	Energy:	0.0005 kWh
	CO2eq:	0.2522 g
	0.0023 km travelled by car
	Time:	0:00:16
	Energy:	0.0005 kWh
	CO2eq:	0.2522 g
	0.0023 km travelled by car
___backprop com 86 Treads_concluida___
___backprop com 88 Treads___
Tempo total: 16089.432 ms
	Time:	0:00:16
	Energy:	0.0005 kWh
	CO2eq:	0.2614 g
	0.0024 km travelled by car
	Time:	0:00:16
	Energy:	0.0005 kWh
	CO2eq:	0.2614 g
	0.0024 km travelled by car
___backprop com 88 Treads_concluida___
___Fim de backprop___:

Start -> cfd
compilando cfd...
rm -f euler3d_cpu
rm -f euler3d_cpu_offload
rm -f euler3d_cpu_double
rm -f pre_euler3d_cpu
rm -f pre_euler3d_cpu_double
g++ -O3 -Dblock_length=8 -fopenmp euler3d_cpu.cpp -o euler3d_cpu
g++ -O3 -Dblock_length=8 -fopenmp euler3d_cpu_double.cpp -o euler3d_cpu_double
g++ -O3 -Dblock_length=8 -fopenmp pre_euler3d_cpu.cpp -o pre_euler3d_cpu
g++ -O3 -Dblock_length=8 -fopenmp pre_euler3d_cpu_double.cpp -o pre_euler3d_cpu_double
icc -g -O3 -DOMP_OFFLOAD -Dblock_length=216 -fopenmp -offload-option,mic,compiler,"-no-opt-prefetch" euler3d_cpu.cpp -o euler3d_cpu_offload
___Executando cfd___:
___cfd com 2 Treads___
Compute time: 114.819
Tempo total: 116751.560 ms
	Time:	0:01:57
	Energy:	0.0038 kWh
	CO2eq:	1.8504 g
	0.0172 km travelled by car
	Time:	0:01:57
	Energy:	0.0038 kWh
	CO2eq:	1.8504 g
	0.0172 km travelled by car
___cfd com 2 Treads_concluida___
___cfd com 4 Treads___
Compute time: 58.9064
Tempo total: 60772.138 ms
	Time:	0:01:01
	Energy:	0.0021 kWh
	CO2eq:	1.0090 g
	0.0094 km travelled by car
	Time:	0:01:01
	Energy:	0.0021 kWh
	CO2eq:	1.0090 g
	0.0094 km travelled by car
___cfd com 4 Treads_concluida___
___cfd com 6 Treads___
Compute time: 41.4359
Tempo total: 43371.846 ms
	Time:	0:00:43
	Energy:	0.0015 kWh
	CO2eq:	0.7359 g
	0.0068 km travelled by car
	Time:	0:00:43
	Energy:	0.0015 kWh
	CO2eq:	0.7359 g
	0.0068 km travelled by car
___cfd com 6 Treads_concluida___
___cfd com 8 Treads___
Compute time: 32.7184
Tempo total: 34736.157 ms
	Time:	0:00:35
	Energy:	0.0013 kWh
	CO2eq:	0.6068 g
	0.0056 km travelled by car
	Time:	0:00:35
	Energy:	0.0013 kWh
	CO2eq:	0.6068 g
	0.0056 km travelled by car
___cfd com 8 Treads_concluida___
___cfd com 10 Treads___
Compute time: 26.7612
Tempo total: 28678.893 ms
	Time:	0:00:29
	Energy:	0.0011 kWh
	CO2eq:	0.5127 g
	0.0048 km travelled by car
	Time:	0:00:29
	Energy:	0.0011 kWh
	CO2eq:	0.5127 g
	0.0048 km travelled by car
___cfd com 10 Treads_concluida___
___cfd com 12 Treads___
Compute time: 22.9231
Tempo total: 24835.551 ms
	Time:	0:00:25
	Energy:	0.0009 kWh
	CO2eq:	0.4511 g
	0.0042 km travelled by car
	Time:	0:00:25
	Energy:	0.0009 kWh
	CO2eq:	0.4511 g
	0.0042 km travelled by car
___cfd com 12 Treads_concluida___
___cfd com 14 Treads___
Compute time: 20.5902
Tempo total: 22511.140 ms
	Time:	0:00:23
	Energy:	0.0009 kWh
	CO2eq:	0.4142 g
	0.0039 km travelled by car
	Time:	0:00:23
	Energy:	0.0009 kWh
	CO2eq:	0.4142 g
	0.0039 km travelled by car
___cfd com 14 Treads_concluida___
___cfd com 16 Treads___
Compute time: 18.4164
Tempo total: 20386.579 ms
	Time:	0:00:20
	Energy:	0.0008 kWh
	CO2eq:	0.3787 g
	0.0035 km travelled by car
	Time:	0:00:20
	Energy:	0.0008 kWh
	CO2eq:	0.3787 g
	0.0035 km travelled by car
___cfd com 16 Treads_concluida___
___cfd com 18 Treads___
Compute time: 16.8179
Tempo total: 18721.162 ms
	Time:	0:00:19
	Energy:	0.0007 kWh
	CO2eq:	0.3510 g
	0.0033 km travelled by car
	Time:	0:00:19
	Energy:	0.0007 kWh
	CO2eq:	0.3510 g
	0.0033 km travelled by car
___cfd com 18 Treads_concluida___
___cfd com 20 Treads___
Compute time: 15.1585
Tempo total: 17039.637 ms
	Time:	0:00:17
	Energy:	0.0007 kWh
	CO2eq:	0.3264 g
	0.0030 km travelled by car
	Time:	0:00:17
	Energy:	0.0007 kWh
	CO2eq:	0.3197 g
	0.0030 km travelled by car
___cfd com 20 Treads_concluida___
___cfd com 22 Treads___
Compute time: 13.7541
Tempo total: 15772.840 ms
	Time:	0:00:16
	Energy:	0.0006 kWh
	CO2eq:	0.3052 g
	0.0028 km travelled by car
	Time:	0:00:16
	Energy:	0.0006 kWh
	CO2eq:	0.3052 g
	0.0028 km travelled by car
___cfd com 22 Treads_concluida___
___cfd com 24 Treads___
Compute time: 12.5846
Tempo total: 14446.032 ms
	Time:	0:00:14
	Energy:	0.0006 kWh
	CO2eq:	0.2877 g
	0.0027 km travelled by car
	Time:	0:00:14
	Energy:	0.0006 kWh
	CO2eq:	0.2877 g
	0.0027 km travelled by car
___cfd com 24 Treads_concluida___
___cfd com 26 Treads___
Compute time: 11.6154
Tempo total: 13518.950 ms
	Time:	0:00:14
	Energy:	0.0006 kWh
	CO2eq:	0.2687 g
	0.0025 km travelled by car
	Time:	0:00:14
	Energy:	0.0006 kWh
	CO2eq:	0.2687 g
	0.0025 km travelled by car
___cfd com 26 Treads_concluida___
___cfd com 28 Treads___
Compute time: 10.8684
Tempo total: 12762.010 ms
	Time:	0:00:13
	Energy:	0.0005 kWh
	CO2eq:	0.2620 g
	0.0024 km travelled by car
	Time:	0:00:13
	Energy:	0.0005 kWh
	CO2eq:	0.2620 g
	0.0024 km travelled by car
___cfd com 28 Treads_concluida___
___cfd com 30 Treads___
Compute time: 10.1622
Tempo total: 12045.265 ms
	Time:	0:00:12
	Energy:	0.0005 kWh
	CO2eq:	0.2515 g
	0.0023 km travelled by car
	Time:	0:00:12
	Energy:	0.0005 kWh
	CO2eq:	0.2515 g
	0.0023 km travelled by car
___cfd com 30 Treads_concluida___
___cfd com 32 Treads___
Compute time: 9.66662
Tempo total: 11541.675 ms
	Time:	0:00:12
	Energy:	0.0005 kWh
	CO2eq:	0.2402 g
	0.0022 km travelled by car
	Time:	0:00:12
	Energy:	0.0005 kWh
	CO2eq:	0.2402 g
	0.0022 km travelled by car
___cfd com 32 Treads_concluida___
___cfd com 34 Treads___
Compute time: 8.99354
Tempo total: 10890.122 ms
	Time:	0:00:11
	Energy:	0.0005 kWh
	CO2eq:	0.2334 g
	0.0022 km travelled by car
	Time:	0:00:11
	Energy:	0.0005 kWh
	CO2eq:	0.2334 g
	0.0022 km travelled by car
___cfd com 34 Treads_concluida___
___cfd com 36 Treads___
Compute time: 8.47538
Tempo total: 10406.665 ms
	Time:	0:00:10
	Energy:	0.0005 kWh
	CO2eq:	0.2265 g
	0.0021 km travelled by car
	Time:	0:00:10
	Energy:	0.0005 kWh
	CO2eq:	0.2265 g
	0.0021 km travelled by car
___cfd com 36 Treads_concluida___
___cfd com 38 Treads___
Compute time: 8.0703
Tempo total: 9958.231 ms
	Time:	0:00:10
	Energy:	0.0005 kWh
	CO2eq:	0.2198 g
	0.0020 km travelled by car
	Time:	0:00:10
	Energy:	0.0005 kWh
	CO2eq:	0.2198 g
	0.0020 km travelled by car
___cfd com 38 Treads_concluida___
___cfd com 40 Treads___
Compute time: 7.63015
Tempo total: 9548.071 ms
	Time:	0:00:10
	Energy:	0.0004 kWh
	CO2eq:	0.2074 g
	0.0019 km travelled by car
	Time:	0:00:10
	Energy:	0.0004 kWh
	CO2eq:	0.2074 g
	0.0019 km travelled by car
___cfd com 40 Treads_concluida___
___cfd com 42 Treads___
Compute time: 7.49224
Tempo total: 9361.569 ms
	Time:	0:00:09
	Energy:	0.0004 kWh
	CO2eq:	0.2041 g
	0.0019 km travelled by car
	Time:	0:00:09
	Energy:	0.0004 kWh
	CO2eq:	0.2041 g
	0.0019 km travelled by car
___cfd com 42 Treads_concluida___
___cfd com 44 Treads___
Compute time: 7.04098
Tempo total: 9009.493 ms
	Time:	0:00:09
	Energy:	0.0004 kWh
	CO2eq:	0.2059 g
	0.0019 km travelled by car
	Time:	0:00:09
	Energy:	0.0004 kWh
	CO2eq:	0.1929 g
	0.0018 km travelled by car
___cfd com 44 Treads_concluida___
___cfd com 46 Treads___
Compute time: 7.08658
Tempo total: 8962.074 ms
	Time:	0:00:09
	Energy:	0.0004 kWh
	CO2eq:	0.2113 g
	0.0020 km travelled by car
	Time:	0:00:09
	Energy:	0.0004 kWh
	CO2eq:	0.1967 g
	0.0018 km travelled by car
___cfd com 46 Treads_concluida___
___cfd com 48 Treads___
Compute time: 6.95072
Tempo total: 8917.986 ms
	Time:	0:00:09
	Energy:	0.0004 kWh
	CO2eq:	0.2128 g
	0.0020 km travelled by car
	Time:	0:00:09
	Energy:	0.0004 kWh
	CO2eq:	0.1973 g
	0.0018 km travelled by car
___cfd com 48 Treads_concluida___
___cfd com 50 Treads___
Compute time: 6.90819
Tempo total: 8789.244 ms
	Time:	0:00:09
	Energy:	0.0004 kWh
	CO2eq:	0.2134 g
	0.0020 km travelled by car
	Time:	0:00:09
	Energy:	0.0004 kWh
	CO2eq:	0.2134 g
	0.0020 km travelled by car
___cfd com 50 Treads_concluida___
___cfd com 52 Treads___
Compute time: 6.72684
Tempo total: 8682.188 ms
	Time:	0:00:09
	Energy:	0.0004 kWh
	CO2eq:	0.2121 g
	0.0020 km travelled by car
	Time:	0:00:09
	Energy:	0.0004 kWh
	CO2eq:	0.2121 g
	0.0020 km travelled by car
___cfd com 52 Treads_concluida___
___cfd com 54 Treads___
Compute time: 6.3265
Tempo total: 8227.718 ms
	Time:	0:00:08
	Energy:	0.0004 kWh
	CO2eq:	0.2048 g
	0.0019 km travelled by car
	Time:	0:00:08
	Energy:	0.0004 kWh
	CO2eq:	0.2048 g
	0.0019 km travelled by car
___cfd com 54 Treads_concluida___
___cfd com 56 Treads___
Compute time: 6.10664
Tempo total: 7981.175 ms
	Time:	0:00:08
	Energy:	0.0004 kWh
	CO2eq:	0.2009 g
	0.0019 km travelled by car
	Time:	0:00:08
	Energy:	0.0004 kWh
	CO2eq:	0.2009 g
	0.0019 km travelled by car
___cfd com 56 Treads_concluida___
___cfd com 58 Treads___
Compute time: 5.85092
Tempo total: 7814.661 ms
	Time:	0:00:08
	Energy:	0.0004 kWh
	CO2eq:	0.1926 g
	0.0018 km travelled by car
	Time:	0:00:08
	Energy:	0.0004 kWh
	CO2eq:	0.1926 g
	0.0018 km travelled by car
___cfd com 58 Treads_concluida___
___cfd com 60 Treads___
Compute time: 5.8319
Tempo total: 7727.122 ms
	Time:	0:00:08
	Energy:	0.0004 kWh
	CO2eq:	0.1908 g
	0.0018 km travelled by car
	Time:	0:00:08
	Energy:	0.0004 kWh
	CO2eq:	0.1908 g
	0.0018 km travelled by car
___cfd com 60 Treads_concluida___
___cfd com 62 Treads___
Compute time: 5.58344
Tempo total: 7463.725 ms
	Time:	0:00:07
	Energy:	0.0004 kWh
	CO2eq:	0.1801 g
	0.0017 km travelled by car
	Time:	0:00:07
	Energy:	0.0004 kWh
	CO2eq:	0.1801 g
	0.0017 km travelled by car
___cfd com 62 Treads_concluida___
___cfd com 64 Treads___
Compute time: 5.50049
Tempo total: 7371.901 ms
	Time:	0:00:07
	Energy:	0.0004 kWh
	CO2eq:	0.1776 g
	0.0017 km travelled by car
	Time:	0:00:07
	Energy:	0.0004 kWh
	CO2eq:	0.1776 g
	0.0017 km travelled by car
___cfd com 64 Treads_concluida___
___cfd com 66 Treads___
Compute time: 5.32787
Tempo total: 7317.370 ms
	Time:	0:00:07
	Energy:	0.0004 kWh
	CO2eq:	0.1739 g
	0.0016 km travelled by car
	Time:	0:00:07
	Energy:	0.0004 kWh
	CO2eq:	0.1739 g
	0.0016 km travelled by car
___cfd com 66 Treads_concluida___
___cfd com 68 Treads___
Compute time: 5.48611
Tempo total: 7398.512 ms
	Time:	0:00:07
	Energy:	0.0004 kWh
	CO2eq:	0.1802 g
	0.0017 km travelled by car
	Time:	0:00:07
	Energy:	0.0004 kWh
	CO2eq:	0.1802 g
	0.0017 km travelled by car
___cfd com 68 Treads_concluida___
___cfd com 70 Treads___
Compute time: 5.39032
Tempo total: 7334.269 ms
	Time:	0:00:07
	Energy:	0.0004 kWh
	CO2eq:	0.1778 g
	0.0017 km travelled by car
	Time:	0:00:07
	Energy:	0.0004 kWh
	CO2eq:	0.1778 g
	0.0017 km travelled by car
___cfd com 70 Treads_concluida___
___cfd com 72 Treads___
Compute time: 5.17696
Tempo total: 7101.049 ms
	Time:	0:00:07
	Energy:	0.0004 kWh
	CO2eq:	0.1687 g
	0.0016 km travelled by car
	Time:	0:00:07
	Energy:	0.0004 kWh
	CO2eq:	0.1687 g
	0.0016 km travelled by car
___cfd com 72 Treads_concluida___
___cfd com 74 Treads___
Compute time: 5.03543
Tempo total: 6909.517 ms
	Time:	0:00:07
	Energy:	0.0004 kWh
	CO2eq:	0.1815 g
	0.0017 km travelled by car
	Time:	0:00:07
	Energy:	0.0003 kWh
	CO2eq:	0.1625 g
	0.0015 km travelled by car
___cfd com 74 Treads_concluida___
___cfd com 76 Treads___
Compute time: 5.13756
Tempo total: 7010.818 ms
	Time:	0:00:07
	Energy:	0.0004 kWh
	CO2eq:	0.1848 g
	0.0017 km travelled by car
	Time:	0:00:07
	Energy:	0.0003 kWh
	CO2eq:	0.1670 g
	0.0016 km travelled by car
___cfd com 76 Treads_concluida___
___cfd com 78 Treads___
Compute time: 4.77727
Tempo total: 6633.646 ms
	Time:	0:00:07
	Energy:	0.0004 kWh
	CO2eq:	0.1780 g
	0.0017 km travelled by car
	Time:	0:00:07
	Energy:	0.0004 kWh
	CO2eq:	0.1780 g
	0.0017 km travelled by car
___cfd com 78 Treads_concluida___
___cfd com 80 Treads___
Compute time: 4.61629
Tempo total: 6685.309 ms
	Time:	0:00:07
	Energy:	0.0004 kWh
	CO2eq:	0.1816 g
	0.0017 km travelled by car
	Time:	0:00:07
	Energy:	0.0004 kWh
	CO2eq:	0.1816 g
	0.0017 km travelled by car
___cfd com 80 Treads_concluida___
___cfd com 82 Treads___
Compute time: 4.67645
Tempo total: 6551.032 ms
	Time:	0:00:07
	Energy:	0.0004 kWh
	CO2eq:	0.1782 g
	0.0017 km travelled by car
	Time:	0:00:07
	Energy:	0.0004 kWh
	CO2eq:	0.1782 g
	0.0017 km travelled by car
___cfd com 82 Treads_concluida___
___cfd com 84 Treads___
Compute time: 4.51807
Tempo total: 6413.387 ms
	Time:	0:00:06
	Energy:	0.0004 kWh
	CO2eq:	0.1769 g
	0.0016 km travelled by car
	Time:	0:00:06
	Energy:	0.0004 kWh
	CO2eq:	0.1769 g
	0.0016 km travelled by car
___cfd com 84 Treads_concluida___
___cfd com 86 Treads___
Compute time: 4.52973
Tempo total: 6395.867 ms
	Time:	0:00:06
	Energy:	0.0004 kWh
	CO2eq:	0.1777 g
	0.0017 km travelled by car
	Time:	0:00:06
	Energy:	0.0004 kWh
	CO2eq:	0.1777 g
	0.0017 km travelled by car
___cfd com 86 Treads_concluida___
___cfd com 88 Treads___
Compute time: 4.34816
Tempo total: 6234.863 ms
	Time:	0:00:06
	Energy:	0.0004 kWh
	CO2eq:	0.1750 g
	0.0016 km travelled by car
	Time:	0:00:06
	Energy:	0.0004 kWh
	CO2eq:	0.1750 g
	0.0016 km travelled by car
___cfd com 88 Treads_concluida___
___Fim de cfd___:

Start -> srad
compilando srad...
cd srad_v1; 	make clean
make[1]: Entering directory '/scratch/acsilveira/rodinia_novos/openmp/srad/srad_v1'
rm *.o srad
make[1]: Leaving directory '/scratch/acsilveira/rodinia_novos/openmp/srad/srad_v1'
cd srad_v2; 	make clean
make[1]: Entering directory '/scratch/acsilveira/rodinia_novos/openmp/srad/srad_v2'
rm -f srad
make[1]: Leaving directory '/scratch/acsilveira/rodinia_novos/openmp/srad/srad_v2'
cd srad_v1; 	make
make[1]: Entering directory '/scratch/acsilveira/rodinia_novos/openmp/srad/srad_v1'
gcc	main.c \
		-c -O3 -fopenmp
gcc	main.o \
		-lm -fopenmp -o srad
make[1]: Leaving directory '/scratch/acsilveira/rodinia_novos/openmp/srad/srad_v1'
cd srad_v2; 	make
make[1]: Entering directory '/scratch/acsilveira/rodinia_novos/openmp/srad/srad_v2'
g++ -g -fopenmp -O2 -lm srad.cpp -o srad 
make[1]: Leaving directory '/scratch/acsilveira/rodinia_novos/openmp/srad/srad_v2'
___Executando srad___:
___srad com 2 Treads___
Tempo total: 148753.433 ms
	Time:	0:02:29
	Energy:	0.0049 kWh
	CO2eq:	2.3427 g
	0.0218 km travelled by car
	Time:	0:02:29
	Energy:	0.0049 kWh
	CO2eq:	2.3427 g
	0.0218 km travelled by car
___srad com 2 Treads_concluida___
___srad com 4 Treads___
Tempo total: 74836.972 ms
	Time:	0:01:15
	Energy:	0.0026 kWh
	CO2eq:	1.2405 g
	0.0115 km travelled by car
	Time:	0:01:15
	Energy:	0.0026 kWh
	CO2eq:	1.2405 g
	0.0115 km travelled by car
___srad com 4 Treads_concluida___
___srad com 6 Treads___
Tempo total: 52372.014 ms
	Time:	0:00:52
	Energy:	0.0019 kWh
	CO2eq:	0.8916 g
	0.0083 km travelled by car
	Time:	0:00:52
	Energy:	0.0019 kWh
	CO2eq:	0.8916 g
	0.0083 km travelled by car
___srad com 6 Treads_concluida___
___srad com 8 Treads___
Tempo total: 42578.309 ms
	Time:	0:00:43
	Energy:	0.0015 kWh
	CO2eq:	0.7448 g
	0.0069 km travelled by car
	Time:	0:00:43
	Energy:	0.0015 kWh
	CO2eq:	0.7448 g
	0.0069 km travelled by car
___srad com 8 Treads_concluida___
___srad com 10 Treads___
Tempo total: 33866.167 ms
	Time:	0:00:34
	Energy:	0.0013 kWh
	CO2eq:	0.6085 g
	0.0057 km travelled by car
	Time:	0:00:34
	Energy:	0.0013 kWh
	CO2eq:	0.6085 g
	0.0057 km travelled by car
___srad com 10 Treads_concluida___
___srad com 12 Treads___
Tempo total: 29001.069 ms
	Time:	0:00:29
	Energy:	0.0011 kWh
	CO2eq:	0.5314 g
	0.0049 km travelled by car
	Time:	0:00:29
	Energy:	0.0011 kWh
	CO2eq:	0.5292 g
	0.0049 km travelled by car
___srad com 12 Treads_concluida___
___srad com 14 Treads___
Tempo total: 26364.962 ms
	Time:	0:00:26
	Energy:	0.0010 kWh
	CO2eq:	0.4914 g
	0.0046 km travelled by car
	Time:	0:00:26
	Energy:	0.0010 kWh
	CO2eq:	0.4914 g
	0.0046 km travelled by car
___srad com 14 Treads_concluida___
___srad com 16 Treads___
Tempo total: 24988.338 ms
	Time:	0:00:25
	Energy:	0.0010 kWh
	CO2eq:	0.4709 g
	0.0044 km travelled by car
	Time:	0:00:25
	Energy:	0.0010 kWh
	CO2eq:	0.4686 g
	0.0044 km travelled by car
___srad com 16 Treads_concluida___
___srad com 18 Treads___
Tempo total: 22911.923 ms
	Time:	0:00:23
	Energy:	0.0009 kWh
	CO2eq:	0.4352 g
	0.0040 km travelled by car
	Time:	0:00:23
	Energy:	0.0009 kWh
	CO2eq:	0.4352 g
	0.0040 km travelled by car
___srad com 18 Treads_concluida___
___srad com 20 Treads___
Tempo total: 20921.603 ms
	Time:	0:00:21
	Energy:	0.0008 kWh
	CO2eq:	0.4054 g
	0.0038 km travelled by car
	Time:	0:00:21
	Energy:	0.0008 kWh
	CO2eq:	0.4054 g
	0.0038 km travelled by car
___srad com 20 Treads_concluida___
___srad com 22 Treads___
Tempo total: 19406.090 ms
	Time:	0:00:19
	Energy:	0.0008 kWh
	CO2eq:	0.3845 g
	0.0036 km travelled by car
	Time:	0:00:19
	Energy:	0.0008 kWh
	CO2eq:	0.3845 g
	0.0036 km travelled by car
___srad com 22 Treads_concluida___
___srad com 24 Treads___
Tempo total: 17978.869 ms
	Time:	0:00:18
	Energy:	0.0008 kWh
	CO2eq:	0.3636 g
	0.0034 km travelled by car
	Time:	0:00:18
	Energy:	0.0008 kWh
	CO2eq:	0.3636 g
	0.0034 km travelled by car
___srad com 24 Treads_concluida___
___srad com 26 Treads___
Tempo total: 17005.125 ms
	Time:	0:00:17
	Energy:	0.0007 kWh
	CO2eq:	0.3503 g
	0.0033 km travelled by car
	Time:	0:00:17
	Energy:	0.0007 kWh
	CO2eq:	0.3486 g
	0.0032 km travelled by car
___srad com 26 Treads_concluida___
___srad com 28 Treads___
Tempo total: 16198.370 ms
	Time:	0:00:16
	Energy:	0.0007 kWh
	CO2eq:	0.3398 g
	0.0032 km travelled by car
	Time:	0:00:16
	Energy:	0.0007 kWh
	CO2eq:	0.3398 g
	0.0032 km travelled by car
___srad com 28 Treads_concluida___
___srad com 30 Treads___
Tempo total: 15731.886 ms
	Time:	0:00:16
	Energy:	0.0007 kWh
	CO2eq:	0.3344 g
	0.0031 km travelled by car
	Time:	0:00:16
	Energy:	0.0007 kWh
	CO2eq:	0.3344 g
	0.0031 km travelled by car
___srad com 30 Treads_concluida___
___srad com 32 Treads___
Tempo total: 14592.397 ms
	Time:	0:00:15
	Energy:	0.0007 kWh
	CO2eq:	0.3177 g
	0.0030 km travelled by car
	Time:	0:00:15
	Energy:	0.0007 kWh
	CO2eq:	0.3177 g
	0.0030 km travelled by car
___srad com 32 Treads_concluida___
___srad com 34 Treads___
Tempo total: 14439.982 ms
	Time:	0:00:14
	Energy:	0.0007 kWh
	CO2eq:	0.3177 g
	0.0030 km travelled by car
	Time:	0:00:14
	Energy:	0.0007 kWh
	CO2eq:	0.3177 g
	0.0030 km travelled by car
___srad com 34 Treads_concluida___
___srad com 36 Treads___
Tempo total: 14075.052 ms
	Time:	0:00:14
	Energy:	0.0007 kWh
	CO2eq:	0.3139 g
	0.0029 km travelled by car
	Time:	0:00:14
	Energy:	0.0007 kWh
	CO2eq:	0.3139 g
	0.0029 km travelled by car
___srad com 36 Treads_concluida___
___srad com 38 Treads___
Tempo total: 13444.027 ms
	Time:	0:00:13
	Energy:	0.0006 kWh
	CO2eq:	0.3053 g
	0.0028 km travelled by car
	Time:	0:00:13
	Energy:	0.0006 kWh
	CO2eq:	0.3053 g
	0.0028 km travelled by car
___srad com 38 Treads_concluida___
___srad com 40 Treads___
Tempo total: 13168.541 ms
	Time:	0:00:13
	Energy:	0.0006 kWh
	CO2eq:	0.3033 g
	0.0028 km travelled by car
	Time:	0:00:13
	Energy:	0.0006 kWh
	CO2eq:	0.3033 g
	0.0028 km travelled by car
___srad com 40 Treads_concluida___
___srad com 42 Treads___
Tempo total: 12623.556 ms
	Time:	0:00:13
	Energy:	0.0006 kWh
	CO2eq:	0.2945 g
	0.0027 km travelled by car
	Time:	0:00:13
	Energy:	0.0006 kWh
	CO2eq:	0.2945 g
	0.0027 km travelled by car
___srad com 42 Treads_concluida___
___srad com 44 Treads___
Tempo total: 12345.701 ms
	Time:	0:00:12
	Energy:	0.0006 kWh
	CO2eq:	0.2917 g
	0.0027 km travelled by car
	Time:	0:00:12
	Energy:	0.0006 kWh
	CO2eq:	0.2917 g
	0.0027 km travelled by car
___srad com 44 Treads_concluida___
___srad com 46 Treads___
Tempo total: 11824.474 ms
	Time:	0:00:12
	Energy:	0.0006 kWh
	CO2eq:	0.2881 g
	0.0027 km travelled by car
	Time:	0:00:12
	Energy:	0.0006 kWh
	CO2eq:	0.2881 g
	0.0027 km travelled by car
___srad com 46 Treads_concluida___
___srad com 48 Treads___
Tempo total: 11380.010 ms
	Time:	0:00:11
	Energy:	0.0006 kWh
	CO2eq:	0.2809 g
	0.0026 km travelled by car
	Time:	0:00:11
	Energy:	0.0006 kWh
	CO2eq:	0.2809 g
	0.0026 km travelled by car
___srad com 48 Treads_concluida___
___srad com 50 Treads___
Tempo total: 10971.831 ms
	Time:	0:00:11
	Energy:	0.0006 kWh
	CO2eq:	0.2747 g
	0.0026 km travelled by car
	Time:	0:00:11
	Energy:	0.0006 kWh
	CO2eq:	0.2726 g
	0.0025 km travelled by car
___srad com 50 Treads_concluida___
___srad com 52 Treads___
Tempo total: 10622.836 ms
	Time:	0:00:11
	Energy:	0.0006 kWh
	CO2eq:	0.2703 g
	0.0025 km travelled by car
	Time:	0:00:11
	Energy:	0.0006 kWh
	CO2eq:	0.2703 g
	0.0025 km travelled by car
___srad com 52 Treads_concluida___
___srad com 54 Treads___
Tempo total: 10217.893 ms
	Time:	0:00:10
	Energy:	0.0005 kWh
	CO2eq:	0.2636 g
	0.0025 km travelled by car
	Time:	0:00:10
	Energy:	0.0005 kWh
	CO2eq:	0.2636 g
	0.0025 km travelled by car
___srad com 54 Treads_concluida___
___srad com 56 Treads___
Tempo total: 9866.394 ms
	Time:	0:00:10
	Energy:	0.0005 kWh
	CO2eq:	0.2586 g
	0.0024 km travelled by car
	Time:	0:00:10
	Energy:	0.0005 kWh
	CO2eq:	0.2586 g
	0.0024 km travelled by car
___srad com 56 Treads_concluida___
___srad com 58 Treads___
Tempo total: 9681.407 ms
	Time:	0:00:10
	Energy:	0.0005 kWh
	CO2eq:	0.2571 g
	0.0024 km travelled by car
	Time:	0:00:10
	Energy:	0.0005 kWh
	CO2eq:	0.2571 g
	0.0024 km travelled by car
___srad com 58 Treads_concluida___
___srad com 60 Treads___
Tempo total: 9347.268 ms
	Time:	0:00:09
	Energy:	0.0005 kWh
	CO2eq:	0.2517 g
	0.0023 km travelled by car
	Time:	0:00:09
	Energy:	0.0005 kWh
	CO2eq:	0.2517 g
	0.0023 km travelled by car
___srad com 60 Treads_concluida___
___srad com 62 Treads___
Tempo total: 9007.245 ms
	Time:	0:00:09
	Energy:	0.0005 kWh
	CO2eq:	0.2441 g
	0.0023 km travelled by car
	Time:	0:00:09
	Energy:	0.0005 kWh
	CO2eq:	0.2433 g
	0.0023 km travelled by car
___srad com 62 Treads_concluida___
___srad com 64 Treads___
Tempo total: 8666.597 ms
	Time:	0:00:09
	Energy:	0.0005 kWh
	CO2eq:	0.2378 g
	0.0022 km travelled by car
	Time:	0:00:09
	Energy:	0.0005 kWh
	CO2eq:	0.2378 g
	0.0022 km travelled by car
___srad com 64 Treads_concluida___
___srad com 66 Treads___
Tempo total: 8597.897 ms
	Time:	0:00:09
	Energy:	0.0005 kWh
	CO2eq:	0.2392 g
	0.0022 km travelled by car
	Time:	0:00:09
	Energy:	0.0005 kWh
	CO2eq:	0.2392 g
	0.0022 km travelled by car
___srad com 66 Treads_concluida___
___srad com 68 Treads___
Tempo total: 8402.190 ms
	Time:	0:00:08
	Energy:	0.0005 kWh
	CO2eq:	0.2362 g
	0.0022 km travelled by car
	Time:	0:00:08
	Energy:	0.0005 kWh
	CO2eq:	0.2362 g
	0.0022 km travelled by car
___srad com 68 Treads_concluida___
___srad com 70 Treads___
Tempo total: 8228.835 ms
	Time:	0:00:08
	Energy:	0.0005 kWh
	CO2eq:	0.2345 g
	0.0022 km travelled by car
	Time:	0:00:08
	Energy:	0.0005 kWh
	CO2eq:	0.2345 g
	0.0022 km travelled by car
___srad com 70 Treads_concluida___
___srad com 72 Treads___
Tempo total: 7978.597 ms
	Time:	0:00:08
	Energy:	0.0005 kWh
	CO2eq:	0.2310 g
	0.0021 km travelled by car
	Time:	0:00:08
	Energy:	0.0005 kWh
	CO2eq:	0.2310 g
	0.0021 km travelled by car
___srad com 72 Treads_concluida___
___srad com 74 Treads___
Tempo total: 7853.938 ms
	Time:	0:00:08
	Energy:	0.0005 kWh
	CO2eq:	0.2295 g
	0.0021 km travelled by car
	Time:	0:00:08
	Energy:	0.0005 kWh
	CO2eq:	0.2295 g
	0.0021 km travelled by car
___srad com 74 Treads_concluida___
___srad com 76 Treads___
Tempo total: 7640.102 ms
	Time:	0:00:08
	Energy:	0.0005 kWh
	CO2eq:	0.2265 g
	0.0021 km travelled by car
	Time:	0:00:08
	Energy:	0.0005 kWh
	CO2eq:	0.2265 g
	0.0021 km travelled by car
___srad com 76 Treads_concluida___
___srad com 78 Treads___
Tempo total: 7537.112 ms
	Time:	0:00:08
	Energy:	0.0005 kWh
	CO2eq:	0.2261 g
	0.0021 km travelled by car
	Time:	0:00:08
	Energy:	0.0005 kWh
	CO2eq:	0.2261 g
	0.0021 km travelled by car
___srad com 78 Treads_concluida___
___srad com 80 Treads___
Tempo total: 7389.171 ms
	Time:	0:00:07
	Energy:	0.0005 kWh
	CO2eq:	0.2237 g
	0.0021 km travelled by car
	Time:	0:00:07
	Energy:	0.0005 kWh
	CO2eq:	0.2237 g
	0.0021 km travelled by car
___srad com 80 Treads_concluida___
___srad com 82 Treads___
Tempo total: 7239.344 ms
	Time:	0:00:07
	Energy:	0.0005 kWh
	CO2eq:	0.2225 g
	0.0021 km travelled by car
	Time:	0:00:07
	Energy:	0.0005 kWh
	CO2eq:	0.2225 g
	0.0021 km travelled by car
___srad com 82 Treads_concluida___
___srad com 84 Treads___
Tempo total: 7046.814 ms
	Time:	0:00:07
	Energy:	0.0005 kWh
	CO2eq:	0.2180 g
	0.0020 km travelled by car
	Time:	0:00:07
	Energy:	0.0005 kWh
	CO2eq:	0.2190 g
	0.0020 km travelled by car
___srad com 84 Treads_concluida___
___srad com 86 Treads___
Tempo total: 6942.240 ms
	Time:	0:00:07
	Energy:	0.0005 kWh
	CO2eq:	0.2166 g
	0.0020 km travelled by car
	Time:	0:00:07
	Energy:	0.0004 kWh
	CO2eq:	0.2138 g
	0.0020 km travelled by car
___srad com 86 Treads_concluida___
___srad com 88 Treads___
Tempo total: 6810.227 ms
	Time:	0:00:07
	Energy:	0.0003 kWh
	CO2eq:	0.1566 g
	0.0015 km travelled by car
	Time:	0:00:07
	Energy:	0.0003 kWh
	CO2eq:	0.1566 g
	0.0015 km travelled by car
___srad com 88 Treads_concluida___
___Fim de srad___:

