Numero de CPUs logicos (threads): 88
Numero de núcleos fisicos: 22
Start -> kmeans
compilando kmeans...
cd kmeans_serial; make clean
make[1]: Entering directory '/scratch/acsilveira/rodinia_novos/openmp/kmeans/kmeans_serial'
rm -f *.o *~ kmeans 
make[1]: Leaving directory '/scratch/acsilveira/rodinia_novos/openmp/kmeans/kmeans_serial'
cd kmeans_openmp; make clean
make[1]: Entering directory '/scratch/acsilveira/rodinia_novos/openmp/kmeans/kmeans_openmp'
rm -f *.o *~ kmeans 
make[1]: Leaving directory '/scratch/acsilveira/rodinia_novos/openmp/kmeans/kmeans_openmp'
cd kmeans_openmp; make
make[1]: Entering directory '/scratch/acsilveira/rodinia_novos/openmp/kmeans/kmeans_openmp'
gcc -g -fopenmp -O2  cluster.c -c
gcc -g -fopenmp -O2  getopt.c -c
gcc -g -fopenmp -O2  kmeans.c -c
gcc -g -fopenmp -O2  kmeans_clustering.c -c
gcc -g -fopenmp -O2  cluster.o getopt.o kmeans.o kmeans_clustering.o  -o kmeans
make[1]: Leaving directory '/scratch/acsilveira/rodinia_novos/openmp/kmeans/kmeans_openmp'
cd kmeans_serial; make
make[1]: Entering directory '/scratch/acsilveira/rodinia_novos/openmp/kmeans/kmeans_serial'
gcc -g -fopenmp -O2  cluster.c -c
gcc -g -fopenmp -O2  getopt.c -c
gcc -g -fopenmp -O2  kmeans.c -c
gcc -g -fopenmp -O2  kmeans_clustering.c -c
gcc -g -fopenmp -O2  cluster.o getopt.o kmeans.o kmeans_clustering.o  -o kmeans
make[1]: Leaving directory '/scratch/acsilveira/rodinia_novos/openmp/kmeans/kmeans_serial'
___Executando kmeans___:
___kmeans com 2 Treads___
Time for process: 274.475502
Tempo total: 275248.053 ms
	Time:	0:04:35
	Energy:	0.0090 kWh
	CO2eq:	4.3351 g
	0.0403 km travelled by car
	Time:	0:04:35
	Energy:	0.0090 kWh
	CO2eq:	4.3351 g
	0.0403 km travelled by car
___kmeans com 2 Treads_concluida___
___kmeans com 4 Treads___
Time for process: 139.097462
Tempo total: 139869.394 ms
	Time:	0:02:20
	Energy:	0.0048 kWh
	CO2eq:	2.3289 g
	0.0217 km travelled by car
	Time:	0:02:20
	Energy:	0.0048 kWh
	CO2eq:	2.3289 g
	0.0217 km travelled by car
___kmeans com 4 Treads_concluida___
___kmeans com 6 Treads___
Time for process: 98.097498
Tempo total: 98871.945 ms
	Time:	0:01:39
	Energy:	0.0035 kWh
	CO2eq:	1.6684 g
	0.0155 km travelled by car
	Time:	0:01:39
	Energy:	0.0035 kWh
	CO2eq:	1.6684 g
	0.0155 km travelled by car
___kmeans com 6 Treads_concluida___
___kmeans com 8 Treads___
Time for process: 75.693811
Tempo total: 76469.773 ms
	Time:	0:01:16
	Energy:	0.0028 kWh
	CO2eq:	1.3473 g
	0.0125 km travelled by car
	Time:	0:01:16
	Energy:	0.0028 kWh
	CO2eq:	1.3473 g
	0.0125 km travelled by car
___kmeans com 8 Treads_concluida___
___kmeans com 10 Treads___
Time for process: 62.458873
Tempo total: 63230.705 ms
	Time:	0:01:03
	Energy:	0.0024 kWh
	CO2eq:	1.1420 g
	0.0106 km travelled by car
	Time:	0:01:03
	Energy:	0.0024 kWh
	CO2eq:	1.1411 g
	0.0106 km travelled by car
___kmeans com 10 Treads_concluida___
___kmeans com 12 Treads___
Time for process: 53.786126
Tempo total: 54557.957 ms
	Time:	0:00:55
	Energy:	0.0021 kWh
	CO2eq:	1.0046 g
	0.0093 km travelled by car
	Time:	0:00:55
	Energy:	0.0021 kWh
	CO2eq:	1.0046 g
	0.0093 km travelled by car
___kmeans com 12 Treads_concluida___
___kmeans com 14 Treads___
Time for process: 47.852452
Tempo total: 48625.077 ms
	Time:	0:00:49
	Energy:	0.0019 kWh
	CO2eq:	0.9085 g
	0.0085 km travelled by car
	Time:	0:00:49
	Energy:	0.0019 kWh
	CO2eq:	0.9085 g
	0.0085 km travelled by car
___kmeans com 14 Treads_concluida___
___kmeans com 16 Treads___
Time for process: 43.278714
Tempo total: 44054.170 ms
	Time:	0:00:44
	Energy:	0.0017 kWh
	CO2eq:	0.8309 g
	0.0077 km travelled by car
	Time:	0:00:44
	Energy:	0.0017 kWh
	CO2eq:	0.8309 g
	0.0077 km travelled by car
___kmeans com 16 Treads_concluida___
___kmeans com 18 Treads___
Time for process: 39.342348
Tempo total: 40145.151 ms
	Time:	0:00:40
	Energy:	0.0016 kWh
	CO2eq:	0.7649 g
	0.0071 km travelled by car
	Time:	0:00:40
	Energy:	0.0016 kWh
	CO2eq:	0.7649 g
	0.0071 km travelled by car
___kmeans com 18 Treads_concluida___
___kmeans com 20 Treads___
Time for process: 35.460634
Tempo total: 36232.727 ms
	Time:	0:00:36
	Energy:	0.0015 kWh
	CO2eq:	0.7081 g
	0.0066 km travelled by car
	Time:	0:00:36
	Energy:	0.0015 kWh
	CO2eq:	0.7081 g
	0.0066 km travelled by car
___kmeans com 20 Treads_concluida___
___kmeans com 22 Treads___
Time for process: 32.132793
Tempo total: 32904.545 ms
	Time:	0:00:33
	Energy:	0.0014 kWh
	CO2eq:	0.6583 g
	0.0061 km travelled by car
	Time:	0:00:33
	Energy:	0.0014 kWh
	CO2eq:	0.6583 g
	0.0061 km travelled by car
___kmeans com 22 Treads_concluida___
___kmeans com 24 Treads___
Time for process: 29.505320
Tempo total: 30281.780 ms
	Time:	0:00:30
	Energy:	0.0013 kWh
	CO2eq:	0.6185 g
	0.0058 km travelled by car
	Time:	0:00:30
	Energy:	0.0013 kWh
	CO2eq:	0.6185 g
	0.0058 km travelled by car
___kmeans com 24 Treads_concluida___
___kmeans com 26 Treads___
Time for process: 27.207200
Tempo total: 27978.420 ms
	Time:	0:00:28
	Energy:	0.0012 kWh
	CO2eq:	0.5836 g
	0.0054 km travelled by car
	Time:	0:00:28
	Energy:	0.0012 kWh
	CO2eq:	0.5836 g
	0.0054 km travelled by car
___kmeans com 26 Treads_concluida___
___kmeans com 28 Treads___
Time for process: 25.385619
Tempo total: 26163.484 ms
	Time:	0:00:26
	Energy:	0.0012 kWh
	CO2eq:	0.5576 g
	0.0052 km travelled by car
	Time:	0:00:26
	Energy:	0.0012 kWh
	CO2eq:	0.5576 g
	0.0052 km travelled by car
___kmeans com 28 Treads_concluida___
___kmeans com 30 Treads___
Time for process: 23.612406
Tempo total: 24390.210 ms
	Time:	0:00:24
	Energy:	0.0011 kWh
	CO2eq:	0.5308 g
	0.0049 km travelled by car
	Time:	0:00:24
	Energy:	0.0011 kWh
	CO2eq:	0.5308 g
	0.0049 km travelled by car
___kmeans com 30 Treads_concluida___
___kmeans com 32 Treads___
Time for process: 22.184448
Tempo total: 22957.471 ms
	Time:	0:00:23
	Energy:	0.0011 kWh
	CO2eq:	0.5086 g
	0.0047 km travelled by car
	Time:	0:00:23
	Energy:	0.0011 kWh
	CO2eq:	0.5057 g
	0.0047 km travelled by car
___kmeans com 32 Treads_concluida___
___kmeans com 34 Treads___
Time for process: 20.903067
Tempo total: 21677.637 ms
	Time:	0:00:22
	Energy:	0.0010 kWh
	CO2eq:	0.4890 g
	0.0045 km travelled by car
	Time:	0:00:22
	Energy:	0.0010 kWh
	CO2eq:	0.4890 g
	0.0045 km travelled by car
___kmeans com 34 Treads_concluida___
___kmeans com 36 Treads___
Time for process: 19.826689
Tempo total: 20613.317 ms
	Time:	0:00:21
	Energy:	0.0010 kWh
	CO2eq:	0.4722 g
	0.0044 km travelled by car
	Time:	0:00:21
	Energy:	0.0010 kWh
	CO2eq:	0.4722 g
	0.0044 km travelled by car
___kmeans com 36 Treads_concluida___
___kmeans com 38 Treads___
Time for process: 18.760490
Tempo total: 19538.304 ms
	Time:	0:00:20
	Energy:	0.0010 kWh
	CO2eq:	0.4572 g
	0.0043 km travelled by car
	Time:	0:00:20
	Energy:	0.0010 kWh
	CO2eq:	0.4572 g
	0.0043 km travelled by car
___kmeans com 38 Treads_concluida___
___kmeans com 40 Treads___
Time for process: 17.801338
Tempo total: 18583.970 ms
	Time:	0:00:19
	Energy:	0.0009 kWh
	CO2eq:	0.4402 g
	0.0041 km travelled by car
	Time:	0:00:19
	Energy:	0.0009 kWh
	CO2eq:	0.4402 g
	0.0041 km travelled by car
___kmeans com 40 Treads_concluida___
___kmeans com 42 Treads___
Time for process: 17.021943
Tempo total: 17797.454 ms
	Time:	0:00:18
	Energy:	0.0009 kWh
	CO2eq:	0.4298 g
	0.0040 km travelled by car
	Time:	0:00:18
	Energy:	0.0009 kWh
	CO2eq:	0.4298 g
	0.0040 km travelled by car
___kmeans com 42 Treads_concluida___
___kmeans com 44 Treads___
Time for process: 16.277420
Tempo total: 17057.295 ms
	Time:	0:00:17
	Energy:	0.0009 kWh
	CO2eq:	0.4180 g
	0.0039 km travelled by car
	Time:	0:00:17
	Energy:	0.0009 kWh
	CO2eq:	0.4186 g
	0.0039 km travelled by car
___kmeans com 44 Treads_concluida___
___kmeans com 46 Treads___
Time for process: 15.516383
Tempo total: 16287.964 ms
	Time:	0:00:16
	Energy:	0.0009 kWh
	CO2eq:	0.4132 g
	0.0038 km travelled by car
	Time:	0:00:16
	Energy:	0.0009 kWh
	CO2eq:	0.4132 g
	0.0038 km travelled by car
___kmeans com 46 Treads_concluida___
___kmeans com 48 Treads___
Time for process: 15.005276
Tempo total: 15789.272 ms
	Time:	0:00:16
	Energy:	0.0008 kWh
	CO2eq:	0.4085 g
	0.0038 km travelled by car
	Time:	0:00:16
	Energy:	0.0008 kWh
	CO2eq:	0.4085 g
	0.0038 km travelled by car
___kmeans com 48 Treads_concluida___
___kmeans com 50 Treads___
Time for process: 14.356118
Tempo total: 15131.955 ms
	Time:	0:00:15
	Energy:	0.0008 kWh
	CO2eq:	0.3974 g
	0.0037 km travelled by car
	Time:	0:00:15
	Energy:	0.0008 kWh
	CO2eq:	0.3974 g
	0.0037 km travelled by car
___kmeans com 50 Treads_concluida___
___kmeans com 52 Treads___
Time for process: 13.977583
Tempo total: 14760.425 ms
	Time:	0:00:15
	Energy:	0.0008 kWh
	CO2eq:	0.3908 g
	0.0036 km travelled by car
	Time:	0:00:15
	Energy:	0.0008 kWh
	CO2eq:	0.3908 g
	0.0036 km travelled by car
___kmeans com 52 Treads_concluida___
___kmeans com 54 Treads___
Time for process: 13.248642
Tempo total: 14049.094 ms
	Time:	0:00:14
	Energy:	0.0008 kWh
	CO2eq:	0.3784 g
	0.0035 km travelled by car
	Time:	0:00:14
	Energy:	0.0008 kWh
	CO2eq:	0.3784 g
	0.0035 km travelled by car
___kmeans com 54 Treads_concluida___
___kmeans com 56 Treads___
Time for process: 12.996594
Tempo total: 13777.201 ms
	Time:	0:00:14
	Energy:	0.0008 kWh
	CO2eq:	0.3759 g
	0.0035 km travelled by car
	Time:	0:00:14
	Energy:	0.0008 kWh
	CO2eq:	0.3759 g
	0.0035 km travelled by car
___kmeans com 56 Treads_concluida___
___kmeans com 58 Treads___
Time for process: 12.423870
Tempo total: 13196.242 ms
	Time:	0:00:13
	Energy:	0.0008 kWh
	CO2eq:	0.3644 g
	0.0034 km travelled by car
	Time:	0:00:13
	Energy:	0.0008 kWh
	CO2eq:	0.3644 g
	0.0034 km travelled by car
___kmeans com 58 Treads_concluida___
___kmeans com 60 Treads___
Time for process: 12.145611
Tempo total: 12920.902 ms
	Time:	0:00:13
	Energy:	0.0007 kWh
	CO2eq:	0.3559 g
	0.0033 km travelled by car
	Time:	0:00:13
	Energy:	0.0007 kWh
	CO2eq:	0.3533 g
	0.0033 km travelled by car
___kmeans com 60 Treads_concluida___
___kmeans com 62 Treads___
Time for process: 11.841191
Tempo total: 12612.649 ms
	Time:	0:00:13
	Energy:	0.0007 kWh
	CO2eq:	0.3499 g
	0.0033 km travelled by car
	Time:	0:00:13
	Energy:	0.0007 kWh
	CO2eq:	0.3499 g
	0.0033 km travelled by car
___kmeans com 62 Treads_concluida___
___kmeans com 64 Treads___
Time for process: 11.632502
Tempo total: 12412.991 ms
	Time:	0:00:12
	Energy:	0.0007 kWh
	CO2eq:	0.3479 g
	0.0032 km travelled by car
	Time:	0:00:12
	Energy:	0.0007 kWh
	CO2eq:	0.3479 g
	0.0032 km travelled by car
___kmeans com 64 Treads_concluida___
___kmeans com 66 Treads___
Time for process: 11.172162
Tempo total: 11942.491 ms
	Time:	0:00:12
	Energy:	0.0007 kWh
	CO2eq:	0.3395 g
	0.0032 km travelled by car
	Time:	0:00:12
	Energy:	0.0007 kWh
	CO2eq:	0.3395 g
	0.0032 km travelled by car
___kmeans com 66 Treads_concluida___
___kmeans com 68 Treads___
Time for process: 10.821651
Tempo total: 11595.652 ms
	Time:	0:00:12
	Energy:	0.0007 kWh
	CO2eq:	0.3333 g
	0.0031 km travelled by car
	Time:	0:00:12
	Energy:	0.0007 kWh
	CO2eq:	0.3333 g
	0.0031 km travelled by car
___kmeans com 68 Treads_concluida___
___kmeans com 70 Treads___
Time for process: 10.538708
Tempo total: 11313.228 ms
	Time:	0:00:11
	Energy:	0.0007 kWh
	CO2eq:	0.3304 g
	0.0031 km travelled by car
	Time:	0:00:11
	Energy:	0.0007 kWh
	CO2eq:	0.3304 g
	0.0031 km travelled by car
___kmeans com 70 Treads_concluida___
___kmeans com 72 Treads___
Time for process: 10.391494
Tempo total: 11196.350 ms
	Time:	0:00:11
	Energy:	0.0007 kWh
	CO2eq:	0.3291 g
	0.0031 km travelled by car
	Time:	0:00:11
	Energy:	0.0007 kWh
	CO2eq:	0.3291 g
	0.0031 km travelled by car
___kmeans com 72 Treads_concluida___
___kmeans com 74 Treads___
Time for process: 9.998686
Tempo total: 10782.155 ms
	Time:	0:00:11
	Energy:	0.0007 kWh
	CO2eq:	0.3177 g
	0.0030 km travelled by car
	Time:	0:00:11
	Energy:	0.0007 kWh
	CO2eq:	0.3177 g
	0.0030 km travelled by car
___kmeans com 74 Treads_concluida___
___kmeans com 76 Treads___
Time for process: 9.993805
Tempo total: 10763.794 ms
	Time:	0:00:11
	Energy:	0.0007 kWh
	CO2eq:	0.3198 g
	0.0030 km travelled by car
	Time:	0:00:11
	Energy:	0.0007 kWh
	CO2eq:	0.3198 g
	0.0030 km travelled by car
___kmeans com 76 Treads_concluida___
___kmeans com 78 Treads___
Time for process: 9.486238
Tempo total: 10260.876 ms
	Time:	0:00:10
	Energy:	0.0006 kWh
	CO2eq:	0.3100 g
	0.0029 km travelled by car
	Time:	0:00:10
	Energy:	0.0006 kWh
	CO2eq:	0.3100 g
	0.0029 km travelled by car
___kmeans com 78 Treads_concluida___
___kmeans com 80 Treads___
Time for process: 9.372104
Tempo total: 10146.927 ms
	Time:	0:00:10
	Energy:	0.0006 kWh
	CO2eq:	0.3094 g
	0.0029 km travelled by car
	Time:	0:00:10
	Energy:	0.0006 kWh
	CO2eq:	0.3094 g
	0.0029 km travelled by car
___kmeans com 80 Treads_concluida___
___kmeans com 82 Treads___
Time for process: 9.084043
Tempo total: 9859.991 ms
	Time:	0:00:10
	Energy:	0.0006 kWh
	CO2eq:	0.3048 g
	0.0028 km travelled by car
	Time:	0:00:10
	Energy:	0.0006 kWh
	CO2eq:	0.3048 g
	0.0028 km travelled by car
___kmeans com 82 Treads_concluida___
___kmeans com 84 Treads___
Time for process: 9.055927
Tempo total: 9831.643 ms
	Time:	0:00:10
	Energy:	0.0006 kWh
	CO2eq:	0.3068 g
	0.0029 km travelled by car
	Time:	0:00:10
	Energy:	0.0006 kWh
	CO2eq:	0.3068 g
	0.0029 km travelled by car
___kmeans com 84 Treads_concluida___
___kmeans com 86 Treads___
Time for process: 8.684206
Tempo total: 9462.375 ms
	Time:	0:00:09
	Energy:	0.0006 kWh
	CO2eq:	0.2989 g
	0.0028 km travelled by car
	Time:	0:00:09
	Energy:	0.0006 kWh
	CO2eq:	0.2989 g
	0.0028 km travelled by car
___kmeans com 86 Treads_concluida___
___kmeans com 88 Treads___
Time for process: 8.621420
Tempo total: 9397.222 ms
	Time:	0:00:09
	Energy:	0.0006 kWh
	CO2eq:	0.2998 g
	0.0028 km travelled by car
	Time:	0:00:09
	Energy:	0.0006 kWh
	CO2eq:	0.2998 g
	0.0028 km travelled by car
___kmeans com 88 Treads_concluida___
___Fim de kmeans___:

Start -> leukocyte
compilando leukocyte...
___Executando leukocyte___:
___leukocyte com 2 Treads___
Total application run time: 422.65359 seconds
Tempo total: 422749.681 ms
	Time:	0:07:03
	Energy:	0.0050 kWh
	CO2eq:	2.3903 g
	0.0222 km travelled by car
	Time:	0:07:03
	Energy:	0.0050 kWh
	CO2eq:	2.3903 g
	0.0222 km travelled by car
___leukocyte com 2 Treads_concluida___
___leukocyte com 4 Treads___
Total application run time: 221.17520 seconds
Tempo total: 221282.254 ms
	Time:	0:03:41
	Energy:	0.0030 kWh
	CO2eq:	1.4333 g
	0.0133 km travelled by car
	Time:	0:03:41
	Energy:	0.0030 kWh
	CO2eq:	1.4326 g
	0.0133 km travelled by car
___leukocyte com 4 Treads_concluida___
___leukocyte com 6 Treads___
Total application run time: 155.99310 seconds
Tempo total: 156087.351 ms
	Time:	0:02:36
	Energy:	0.0023 kWh
	CO2eq:	1.0882 g
	0.0101 km travelled by car
	Time:	0:02:36
	Energy:	0.0023 kWh
	CO2eq:	1.0882 g
	0.0101 km travelled by car
___leukocyte com 6 Treads_concluida___
___leukocyte com 8 Treads___
Total application run time: 133.98843 seconds
Tempo total: 134091.783 ms
	Time:	0:02:14
	Energy:	0.0020 kWh
	CO2eq:	0.9729 g
	0.0091 km travelled by car
	Time:	0:02:14
	Energy:	0.0020 kWh
	CO2eq:	0.9729 g
	0.0091 km travelled by car
___leukocyte com 8 Treads_concluida___
___leukocyte com 10 Treads___
Total application run time: 111.08552 seconds
Tempo total: 111181.697 ms
	Time:	0:01:51
	Energy:	0.0018 kWh
	CO2eq:	0.8511 g
	0.0079 km travelled by car
	Time:	0:01:51
	Energy:	0.0018 kWh
	CO2eq:	0.8511 g
	0.0079 km travelled by car
___leukocyte com 10 Treads_concluida___
___leukocyte com 12 Treads___
Total application run time: 90.47742 seconds
Tempo total: 90569.502 ms
	Time:	0:01:31
	Energy:	0.0015 kWh
	CO2eq:	0.7400 g
	0.0069 km travelled by car
	Time:	0:01:31
	Energy:	0.0015 kWh
	CO2eq:	0.7400 g
	0.0069 km travelled by car
___leukocyte com 12 Treads_concluida___
___leukocyte com 14 Treads___
Total application run time: 90.08637 seconds
Tempo total: 90195.835 ms
	Time:	0:01:30
	Energy:	0.0015 kWh
	CO2eq:	0.7323 g
	0.0068 km travelled by car
	Time:	0:01:30
	Energy:	0.0015 kWh
	CO2eq:	0.7323 g
	0.0068 km travelled by car
___leukocyte com 14 Treads_concluida___
___leukocyte com 16 Treads___
Total application run time: 85.88632 seconds
Tempo total: 85991.512 ms
	Time:	0:01:26
	Energy:	0.0015 kWh
	CO2eq:	0.7115 g
	0.0066 km travelled by car
	Time:	0:01:26
	Energy:	0.0015 kWh
	CO2eq:	0.7115 g
	0.0066 km travelled by car
___leukocyte com 16 Treads_concluida___
___leukocyte com 18 Treads___
Total application run time: 68.64210 seconds
Tempo total: 68741.647 ms
	Time:	0:01:09
	Energy:	0.0012 kWh
	CO2eq:	0.5936 g
	0.0055 km travelled by car
	Time:	0:01:09
	Energy:	0.0012 kWh
	CO2eq:	0.5936 g
	0.0055 km travelled by car
___leukocyte com 18 Treads_concluida___
___leukocyte com 20 Treads___
Total application run time: 68.68731 seconds
Tempo total: 68787.839 ms
	Time:	0:01:09
	Energy:	0.0013 kWh
	CO2eq:	0.6196 g
	0.0058 km travelled by car
	Time:	0:01:09
	Energy:	0.0013 kWh
	CO2eq:	0.6196 g
	0.0058 km travelled by car
___leukocyte com 20 Treads_concluida___
___leukocyte com 22 Treads___
Total application run time: 66.43899 seconds
Tempo total: 66531.634 ms
	Time:	0:01:07
	Energy:	0.0013 kWh
	CO2eq:	0.6093 g
	0.0057 km travelled by car
	Time:	0:01:07
	Energy:	0.0013 kWh
	CO2eq:	0.6093 g
	0.0057 km travelled by car
___leukocyte com 22 Treads_concluida___
___leukocyte com 24 Treads___
Total application run time: 65.81634 seconds
Tempo total: 65913.935 ms
	Time:	0:01:06
	Energy:	0.0013 kWh
	CO2eq:	0.6107 g
	0.0057 km travelled by car
	Time:	0:01:06
	Energy:	0.0013 kWh
	CO2eq:	0.6107 g
	0.0057 km travelled by car
___leukocyte com 24 Treads_concluida___
___leukocyte com 26 Treads___
Total application run time: 63.30474 seconds
Tempo total: 63394.793 ms
	Time:	0:01:03
	Energy:	0.0012 kWh
	CO2eq:	0.5962 g
	0.0055 km travelled by car
	Time:	0:01:03
	Energy:	0.0012 kWh
	CO2eq:	0.5962 g
	0.0055 km travelled by car
___leukocyte com 26 Treads_concluida___
___leukocyte com 28 Treads___
Total application run time: 64.81435 seconds
Tempo total: 64908.309 ms
	Time:	0:01:05
	Energy:	0.0013 kWh
	CO2eq:	0.6097 g
	0.0057 km travelled by car
	Time:	0:01:05
	Energy:	0.0013 kWh
	CO2eq:	0.6097 g
	0.0057 km travelled by car
___leukocyte com 28 Treads_concluida___
___leukocyte com 30 Treads___
Total application run time: 65.65302 seconds
Tempo total: 65757.765 ms
	Time:	0:01:06
	Energy:	0.0012 kWh
	CO2eq:	0.5990 g
	0.0056 km travelled by car
	Time:	0:01:06
	Energy:	0.0012 kWh
	CO2eq:	0.5990 g
	0.0056 km travelled by car
___leukocyte com 30 Treads_concluida___
___leukocyte com 32 Treads___
Total application run time: 61.94202 seconds
Tempo total: 62041.789 ms
	Time:	0:01:02
	Energy:	0.0012 kWh
	CO2eq:	0.5779 g
	0.0054 km travelled by car
	Time:	0:01:02
	Energy:	0.0012 kWh
	CO2eq:	0.5779 g
	0.0054 km travelled by car
___leukocyte com 32 Treads_concluida___
___leukocyte com 34 Treads___
Total application run time: 58.87278 seconds
Tempo total: 58967.915 ms
	Time:	0:00:59
	Energy:	0.0012 kWh
	CO2eq:	0.5612 g
	0.0052 km travelled by car
	Time:	0:00:59
	Energy:	0.0012 kWh
	CO2eq:	0.5590 g
	0.0052 km travelled by car
___leukocyte com 34 Treads_concluida___
___leukocyte com 36 Treads___
Total application run time: 41.05536 seconds
Tempo total: 41149.911 ms
	Time:	0:00:41
	Energy:	0.0010 kWh
	CO2eq:	0.4657 g
	0.0043 km travelled by car
	Time:	0:00:41
	Energy:	0.0010 kWh
	CO2eq:	0.4657 g
	0.0043 km travelled by car
___leukocyte com 36 Treads_concluida___
___leukocyte com 38 Treads___
Total application run time: 41.05071 seconds
Tempo total: 41148.525 ms
	Time:	0:00:41
	Energy:	0.0010 kWh
	CO2eq:	0.4739 g
	0.0044 km travelled by car
	Time:	0:00:41
	Energy:	0.0010 kWh
	CO2eq:	0.4739 g
	0.0044 km travelled by car
___leukocyte com 38 Treads_concluida___
___leukocyte com 40 Treads___
Total application run time: 43.13113 seconds
Tempo total: 43229.935 ms
	Time:	0:00:43
	Energy:	0.0010 kWh
	CO2eq:	0.4810 g
	0.0045 km travelled by car
	Time:	0:00:43
	Energy:	0.0010 kWh
	CO2eq:	0.4810 g
	0.0045 km travelled by car
___leukocyte com 40 Treads_concluida___
___leukocyte com 42 Treads___
Total application run time: 44.70842 seconds
Tempo total: 44807.311 ms
	Time:	0:00:45
	Energy:	0.0010 kWh
	CO2eq:	0.4875 g
	0.0045 km travelled by car
	Time:	0:00:45
	Energy:	0.0010 kWh
	CO2eq:	0.4875 g
	0.0045 km travelled by car
___leukocyte com 42 Treads_concluida___
___leukocyte com 44 Treads___
Total application run time: 44.26981 seconds
Tempo total: 44369.921 ms
	Time:	0:00:44
	Energy:	0.0010 kWh
	CO2eq:	0.4815 g
	0.0045 km travelled by car
	Time:	0:00:44
	Energy:	0.0010 kWh
	CO2eq:	0.4815 g
	0.0045 km travelled by car
___leukocyte com 44 Treads_concluida___
___leukocyte com 46 Treads___
Total application run time: 41.03919 seconds
Tempo total: 41138.136 ms
	Time:	0:00:41
	Energy:	0.0010 kWh
	CO2eq:	0.4728 g
	0.0044 km travelled by car
	Time:	0:00:41
	Energy:	0.0010 kWh
	CO2eq:	0.4728 g
	0.0044 km travelled by car
___leukocyte com 46 Treads_concluida___
___leukocyte com 48 Treads___
Total application run time: 42.59785 seconds
Tempo total: 42698.012 ms
	Time:	0:00:43
	Energy:	0.0010 kWh
	CO2eq:	0.4766 g
	0.0044 km travelled by car
	Time:	0:00:43
	Energy:	0.0010 kWh
	CO2eq:	0.4766 g
	0.0044 km travelled by car
___leukocyte com 48 Treads_concluida___
___leukocyte com 50 Treads___
Total application run time: 44.31232 seconds
Tempo total: 44407.210 ms
	Time:	0:00:44
	Energy:	0.0010 kWh
	CO2eq:	0.4879 g
	0.0045 km travelled by car
	Time:	0:00:44
	Energy:	0.0010 kWh
	CO2eq:	0.4879 g
	0.0045 km travelled by car
___leukocyte com 50 Treads_concluida___
___leukocyte com 52 Treads___
Total application run time: 42.11427 seconds
Tempo total: 42212.126 ms
	Time:	0:00:42
	Energy:	0.0010 kWh
	CO2eq:	0.4799 g
	0.0045 km travelled by car
	Time:	0:00:42
	Energy:	0.0010 kWh
	CO2eq:	0.4799 g
	0.0045 km travelled by car
___leukocyte com 52 Treads_concluida___
___leukocyte com 54 Treads___
Total application run time: 41.38351 seconds
Tempo total: 41490.224 ms
	Time:	0:00:41
	Energy:	0.0010 kWh
	CO2eq:	0.4713 g
	0.0044 km travelled by car
	Time:	0:00:41
	Energy:	0.0010 kWh
	CO2eq:	0.4713 g
	0.0044 km travelled by car
___leukocyte com 54 Treads_concluida___
___leukocyte com 56 Treads___
Total application run time: 40.72529 seconds
Tempo total: 40824.207 ms
	Time:	0:00:41
	Energy:	0.0010 kWh
	CO2eq:	0.4730 g
	0.0044 km travelled by car
	Time:	0:00:41
	Energy:	0.0010 kWh
	CO2eq:	0.4730 g
	0.0044 km travelled by car
___leukocyte com 56 Treads_concluida___
___leukocyte com 58 Treads___
Total application run time: 41.54028 seconds
Tempo total: 41635.107 ms
	Time:	0:00:42
	Energy:	0.0010 kWh
	CO2eq:	0.4742 g
	0.0044 km travelled by car
	Time:	0:00:42
	Energy:	0.0010 kWh
	CO2eq:	0.4742 g
	0.0044 km travelled by car
___leukocyte com 58 Treads_concluida___
___leukocyte com 60 Treads___
Total application run time: 39.53695 seconds
Tempo total: 39629.901 ms
	Time:	0:00:40
	Energy:	0.0010 kWh
	CO2eq:	0.4641 g
	0.0043 km travelled by car
	Time:	0:00:40
	Energy:	0.0010 kWh
	CO2eq:	0.4641 g
	0.0043 km travelled by car
___leukocyte com 60 Treads_concluida___
___leukocyte com 62 Treads___
Total application run time: 41.91793 seconds
Tempo total: 42014.802 ms
	Time:	0:00:42
	Energy:	0.0010 kWh
	CO2eq:	0.4781 g
	0.0044 km travelled by car
	Time:	0:00:42
	Energy:	0.0010 kWh
	CO2eq:	0.4781 g
	0.0044 km travelled by car
___leukocyte com 62 Treads_concluida___
___leukocyte com 64 Treads___
Total application run time: 40.53636 seconds
Tempo total: 40630.675 ms
	Time:	0:00:41
	Energy:	0.0010 kWh
	CO2eq:	0.4721 g
	0.0044 km travelled by car
	Time:	0:00:41
	Energy:	0.0010 kWh
	CO2eq:	0.4721 g
	0.0044 km travelled by car
___leukocyte com 64 Treads_concluida___
___leukocyte com 66 Treads___
Total application run time: 45.74828 seconds
Tempo total: 45846.125 ms
	Time:	0:00:46
	Energy:	0.0010 kWh
	CO2eq:	0.4953 g
	0.0046 km travelled by car
	Time:	0:00:46
	Energy:	0.0010 kWh
	CO2eq:	0.4953 g
	0.0046 km travelled by car
___leukocyte com 66 Treads_concluida___
___leukocyte com 68 Treads___
Total application run time: 50.33841 seconds
Tempo total: 50436.469 ms
	Time:	0:00:50
	Energy:	0.0011 kWh
	CO2eq:	0.5261 g
	0.0049 km travelled by car
	Time:	0:00:50
	Energy:	0.0011 kWh
	CO2eq:	0.5261 g
	0.0049 km travelled by car
___leukocyte com 68 Treads_concluida___
___leukocyte com 70 Treads___
Total application run time: 45.23903 seconds
Tempo total: 45335.157 ms
	Time:	0:00:45
	Energy:	0.0010 kWh
	CO2eq:	0.4959 g
	0.0046 km travelled by car
	Time:	0:00:45
	Energy:	0.0010 kWh
	CO2eq:	0.4959 g
	0.0046 km travelled by car
___leukocyte com 70 Treads_concluida___
___leukocyte com 72 Treads___
Total application run time: 51.53259 seconds
Tempo total: 51628.061 ms
	Time:	0:00:52
	Energy:	0.0011 kWh
	CO2eq:	0.5298 g
	0.0049 km travelled by car
	Time:	0:00:52
	Energy:	0.0011 kWh
	CO2eq:	0.5298 g
	0.0049 km travelled by car
___leukocyte com 72 Treads_concluida___
___leukocyte com 74 Treads___
Total application run time: 54.54435 seconds
Tempo total: 54642.080 ms
	Time:	0:00:55
	Energy:	0.0011 kWh
	CO2eq:	0.5472 g
	0.0051 km travelled by car
	Time:	0:00:55
	Energy:	0.0011 kWh
	CO2eq:	0.5472 g
	0.0051 km travelled by car
___leukocyte com 74 Treads_concluida___
___leukocyte com 76 Treads___
Total application run time: 53.57347 seconds
Tempo total: 53672.500 ms
	Time:	0:00:54
	Energy:	0.0011 kWh
	CO2eq:	0.5390 g
	0.0050 km travelled by car
	Time:	0:00:54
	Energy:	0.0011 kWh
	CO2eq:	0.5390 g
	0.0050 km travelled by car
___leukocyte com 76 Treads_concluida___
___leukocyte com 78 Treads___
Total application run time: 53.38101 seconds
Tempo total: 53482.645 ms
	Time:	0:00:53
	Energy:	0.0011 kWh
	CO2eq:	0.5400 g
	0.0050 km travelled by car
	Time:	0:00:53
	Energy:	0.0011 kWh
	CO2eq:	0.5400 g
	0.0050 km travelled by car
___leukocyte com 78 Treads_concluida___
___leukocyte com 80 Treads___
Total application run time: 43.35126 seconds
Tempo total: 43448.080 ms
	Time:	0:00:43
	Energy:	0.0010 kWh
	CO2eq:	0.4826 g
	0.0045 km travelled by car
	Time:	0:00:43
	Energy:	0.0010 kWh
	CO2eq:	0.4826 g
	0.0045 km travelled by car
___leukocyte com 80 Treads_concluida___
___leukocyte com 82 Treads___
Total application run time: 42.95526 seconds
Tempo total: 43050.254 ms
	Time:	0:00:43
	Energy:	0.0010 kWh
	CO2eq:	0.4823 g
	0.0045 km travelled by car
	Time:	0:00:43
	Energy:	0.0010 kWh
	CO2eq:	0.4826 g
	0.0045 km travelled by car
___leukocyte com 82 Treads_concluida___
___leukocyte com 84 Treads___
Total application run time: 58.69467 seconds
Tempo total: 58800.972 ms
	Time:	0:00:59
	Energy:	0.0012 kWh
	CO2eq:	0.5673 g
	0.0053 km travelled by car
	Time:	0:00:59
	Energy:	0.0012 kWh
	CO2eq:	0.5673 g
	0.0053 km travelled by car
___leukocyte com 84 Treads_concluida___
___leukocyte com 86 Treads___
Total application run time: 57.46760 seconds
Tempo total: 57567.052 ms
	Time:	0:00:58
	Energy:	0.0012 kWh
	CO2eq:	0.5615 g
	0.0052 km travelled by car
	Time:	0:00:58
	Energy:	0.0012 kWh
	CO2eq:	0.5615 g
	0.0052 km travelled by car
___leukocyte com 86 Treads_concluida___
___leukocyte com 88 Treads___
Total application run time: 48.44059 seconds
Tempo total: 48540.841 ms
	Time:	0:00:49
	Energy:	0.0011 kWh
	CO2eq:	0.5085 g
	0.0047 km travelled by car
	Time:	0:00:49
	Energy:	0.0011 kWh
	CO2eq:	0.5085 g
	0.0047 km travelled by car
___leukocyte com 88 Treads_concluida___
___Fim de leukocyte___:

Start -> backprop
compilando backprop...
rm -f *.o *~ backprop backprop_cuda.linkinfo
gcc -g -fopenmp  -O2 backprop.c -c
gcc -g -fopenmp  -O2 facetrain.c -c
gcc -g -fopenmp  -O2 imagenet.c -c
gcc -g -fopenmp  -O2 backprop_kernel.c -c
gcc -g -fopenmp  -O2 backprop.o facetrain.o imagenet.o backprop_kernel.o -o backprop -lm
___Executando backprop___:
___backprop com 2 Treads___
Tempo total: 24764.569 ms
	Time:	0:00:25
	Energy:	0.0008 kWh
	CO2eq:	0.3964 g
	0.0037 km travelled by car
	Time:	0:00:25
	Energy:	0.0008 kWh
	CO2eq:	0.3964 g
	0.0037 km travelled by car
___backprop com 2 Treads_concluida___
___backprop com 4 Treads___
Tempo total: 19302.318 ms
	Time:	0:00:19
	Energy:	0.0006 kWh
	CO2eq:	0.3108 g
	0.0029 km travelled by car
	Time:	0:00:19
	Energy:	0.0006 kWh
	CO2eq:	0.3108 g
	0.0029 km travelled by car
___backprop com 4 Treads_concluida___
___backprop com 6 Treads___
Tempo total: 17999.719 ms
	Time:	0:00:18
	Energy:	0.0006 kWh
	CO2eq:	0.2904 g
	0.0027 km travelled by car
	Time:	0:00:18
	Energy:	0.0006 kWh
	CO2eq:	0.2904 g
	0.0027 km travelled by car
___backprop com 6 Treads_concluida___
___backprop com 8 Treads___
Tempo total: 16671.553 ms
	Time:	0:00:17
	Energy:	0.0006 kWh
	CO2eq:	0.2709 g
	0.0025 km travelled by car
	Time:	0:00:17
	Energy:	0.0006 kWh
	CO2eq:	0.2709 g
	0.0025 km travelled by car
___backprop com 8 Treads_concluida___
___backprop com 10 Treads___
Tempo total: 16808.917 ms
	Time:	0:00:17
	Energy:	0.0006 kWh
	CO2eq:	0.2725 g
	0.0025 km travelled by car
	Time:	0:00:17
	Energy:	0.0006 kWh
	CO2eq:	0.2725 g
	0.0025 km travelled by car
___backprop com 10 Treads_concluida___
___backprop com 12 Treads___
Tempo total: 16739.164 ms
	Time:	0:00:17
	Energy:	0.0006 kWh
	CO2eq:	0.2708 g
	0.0025 km travelled by car
	Time:	0:00:17
	Energy:	0.0006 kWh
	CO2eq:	0.2708 g
	0.0025 km travelled by car
___backprop com 12 Treads_concluida___
___backprop com 14 Treads___
Tempo total: 18181.592 ms
	Time:	0:00:18
	Energy:	0.0006 kWh
	CO2eq:	0.2943 g
	0.0027 km travelled by car
	Time:	0:00:18
	Energy:	0.0006 kWh
	CO2eq:	0.2943 g
	0.0027 km travelled by car
___backprop com 14 Treads_concluida___
___backprop com 16 Treads___
Tempo total: 15889.127 ms
	Time:	0:00:16
	Energy:	0.0005 kWh
	CO2eq:	0.2570 g
	0.0024 km travelled by car
	Time:	0:00:16
	Energy:	0.0005 kWh
	CO2eq:	0.2570 g
	0.0024 km travelled by car
___backprop com 16 Treads_concluida___
___backprop com 18 Treads___
Tempo total: 15561.650 ms
	Time:	0:00:16
	Energy:	0.0005 kWh
	CO2eq:	0.2519 g
	0.0023 km travelled by car
	Time:	0:00:16
	Energy:	0.0005 kWh
	CO2eq:	0.2519 g
	0.0023 km travelled by car
___backprop com 18 Treads_concluida___
___backprop com 20 Treads___
Tempo total: 15429.329 ms
	Time:	0:00:15
	Energy:	0.0005 kWh
	CO2eq:	0.2506 g
	0.0023 km travelled by car
	Time:	0:00:15
	Energy:	0.0005 kWh
	CO2eq:	0.2506 g
	0.0023 km travelled by car
___backprop com 20 Treads_concluida___
___backprop com 22 Treads___
Tempo total: 15548.452 ms
	Time:	0:00:16
	Energy:	0.0005 kWh
	CO2eq:	0.2520 g
	0.0023 km travelled by car
	Time:	0:00:16
	Energy:	0.0005 kWh
	CO2eq:	0.2520 g
	0.0023 km travelled by car
___backprop com 22 Treads_concluida___
___backprop com 24 Treads___
Tempo total: 15821.316 ms
	Time:	0:00:16
	Energy:	0.0005 kWh
	CO2eq:	0.2564 g
	0.0024 km travelled by car
	Time:	0:00:16
	Energy:	0.0005 kWh
	CO2eq:	0.2564 g
	0.0024 km travelled by car
___backprop com 24 Treads_concluida___
___backprop com 26 Treads___
Tempo total: 15541.901 ms
	Time:	0:00:16
	Energy:	0.0005 kWh
	CO2eq:	0.2520 g
	0.0023 km travelled by car
	Time:	0:00:16
	Energy:	0.0005 kWh
	CO2eq:	0.2520 g
	0.0023 km travelled by car
___backprop com 26 Treads_concluida___
___backprop com 28 Treads___
Tempo total: 15477.605 ms
	Time:	0:00:15
	Energy:	0.0005 kWh
	CO2eq:	0.2512 g
	0.0023 km travelled by car
	Time:	0:00:15
	Energy:	0.0005 kWh
	CO2eq:	0.2512 g
	0.0023 km travelled by car
___backprop com 28 Treads_concluida___
___backprop com 30 Treads___
Tempo total: 15612.046 ms
	Time:	0:00:16
	Energy:	0.0005 kWh
	CO2eq:	0.2533 g
	0.0024 km travelled by car
	Time:	0:00:16
	Energy:	0.0005 kWh
	CO2eq:	0.2533 g
	0.0024 km travelled by car
___backprop com 30 Treads_concluida___
___backprop com 32 Treads___
Tempo total: 15644.106 ms
	Time:	0:00:16
	Energy:	0.0005 kWh
	CO2eq:	0.2539 g
	0.0024 km travelled by car
	Time:	0:00:16
	Energy:	0.0005 kWh
	CO2eq:	0.2539 g
	0.0024 km travelled by car
___backprop com 32 Treads_concluida___
___backprop com 34 Treads___
Tempo total: 15505.156 ms
	Time:	0:00:16
	Energy:	0.0005 kWh
	CO2eq:	0.2516 g
	0.0023 km travelled by car
	Time:	0:00:16
	Energy:	0.0005 kWh
	CO2eq:	0.2516 g
	0.0023 km travelled by car
___backprop com 34 Treads_concluida___
___backprop com 36 Treads___
Tempo total: 15617.545 ms
	Time:	0:00:16
	Energy:	0.0005 kWh
	CO2eq:	0.2535 g
	0.0024 km travelled by car
	Time:	0:00:16
	Energy:	0.0005 kWh
	CO2eq:	0.2535 g
	0.0024 km travelled by car
___backprop com 36 Treads_concluida___
___backprop com 38 Treads___
Tempo total: 15534.754 ms
	Time:	0:00:16
	Energy:	0.0005 kWh
	CO2eq:	0.2523 g
	0.0023 km travelled by car
	Time:	0:00:16
	Energy:	0.0005 kWh
	CO2eq:	0.2523 g
	0.0023 km travelled by car
___backprop com 38 Treads_concluida___
___backprop com 40 Treads___
Tempo total: 15456.458 ms
	Time:	0:00:15
	Energy:	0.0005 kWh
	CO2eq:	0.2510 g
	0.0023 km travelled by car
	Time:	0:00:15
	Energy:	0.0005 kWh
	CO2eq:	0.2510 g
	0.0023 km travelled by car
___backprop com 40 Treads_concluida___
___backprop com 42 Treads___
Tempo total: 15428.041 ms
	Time:	0:00:15
	Energy:	0.0005 kWh
	CO2eq:	0.2507 g
	0.0023 km travelled by car
	Time:	0:00:15
	Energy:	0.0005 kWh
	CO2eq:	0.2507 g
	0.0023 km travelled by car
___backprop com 42 Treads_concluida___
___backprop com 44 Treads___
Tempo total: 15579.993 ms
	Time:	0:00:16
	Energy:	0.0005 kWh
	CO2eq:	0.2530 g
	0.0024 km travelled by car
	Time:	0:00:16
	Energy:	0.0005 kWh
	CO2eq:	0.2530 g
	0.0024 km travelled by car
___backprop com 44 Treads_concluida___
___backprop com 46 Treads___
Tempo total: 16067.354 ms
	Time:	0:00:16
	Energy:	0.0005 kWh
	CO2eq:	0.2618 g
	0.0024 km travelled by car
	Time:	0:00:16
	Energy:	0.0005 kWh
	CO2eq:	0.2618 g
	0.0024 km travelled by car
___backprop com 46 Treads_concluida___
___backprop com 48 Treads___
Tempo total: 15490.324 ms
	Time:	0:00:15
	Energy:	0.0005 kWh
	CO2eq:	0.2517 g
	0.0023 km travelled by car
	Time:	0:00:15
	Energy:	0.0005 kWh
	CO2eq:	0.2517 g
	0.0023 km travelled by car
___backprop com 48 Treads_concluida___
___backprop com 50 Treads___
Tempo total: 15398.188 ms
	Time:	0:00:15
	Energy:	0.0005 kWh
	CO2eq:	0.2501 g
	0.0023 km travelled by car
	Time:	0:00:15
	Energy:	0.0005 kWh
	CO2eq:	0.2501 g
	0.0023 km travelled by car
___backprop com 50 Treads_concluida___
___backprop com 52 Treads___
Tempo total: 15437.477 ms
	Time:	0:00:15
	Energy:	0.0005 kWh
	CO2eq:	0.2506 g
	0.0023 km travelled by car
	Time:	0:00:15
	Energy:	0.0005 kWh
	CO2eq:	0.2506 g
	0.0023 km travelled by car
___backprop com 52 Treads_concluida___
___backprop com 54 Treads___
Tempo total: 15443.100 ms
	Time:	0:00:15
	Energy:	0.0005 kWh
	CO2eq:	0.2506 g
	0.0023 km travelled by car
	Time:	0:00:15
	Energy:	0.0005 kWh
	CO2eq:	0.2506 g
	0.0023 km travelled by car
___backprop com 54 Treads_concluida___
___backprop com 56 Treads___
Tempo total: 15411.316 ms
	Time:	0:00:15
	Energy:	0.0005 kWh
	CO2eq:	0.2502 g
	0.0023 km travelled by car
	Time:	0:00:15
	Energy:	0.0005 kWh
	CO2eq:	0.2502 g
	0.0023 km travelled by car
___backprop com 56 Treads_concluida___
___backprop com 58 Treads___
Tempo total: 15433.023 ms
	Time:	0:00:15
	Energy:	0.0005 kWh
	CO2eq:	0.2507 g
	0.0023 km travelled by car
	Time:	0:00:15
	Energy:	0.0005 kWh
	CO2eq:	0.2507 g
	0.0023 km travelled by car
___backprop com 58 Treads_concluida___
___backprop com 60 Treads___
Tempo total: 15479.442 ms
	Time:	0:00:15
	Energy:	0.0005 kWh
	CO2eq:	0.2519 g
	0.0023 km travelled by car
	Time:	0:00:15
	Energy:	0.0005 kWh
	CO2eq:	0.2519 g
	0.0023 km travelled by car
___backprop com 60 Treads_concluida___
___backprop com 62 Treads___
Tempo total: 15441.641 ms
	Time:	0:00:15
	Energy:	0.0005 kWh
	CO2eq:	0.2507 g
	0.0023 km travelled by car
	Time:	0:00:15
	Energy:	0.0005 kWh
	CO2eq:	0.2507 g
	0.0023 km travelled by car
___backprop com 62 Treads_concluida___
___backprop com 64 Treads___
Tempo total: 15571.667 ms
	Time:	0:00:16
	Energy:	0.0005 kWh
	CO2eq:	0.2528 g
	0.0024 km travelled by car
	Time:	0:00:16
	Energy:	0.0005 kWh
	CO2eq:	0.2528 g
	0.0024 km travelled by car
___backprop com 64 Treads_concluida___
___backprop com 66 Treads___
Tempo total: 15762.180 ms
	Time:	0:00:16
	Energy:	0.0005 kWh
	CO2eq:	0.2562 g
	0.0024 km travelled by car
	Time:	0:00:16
	Energy:	0.0005 kWh
	CO2eq:	0.2562 g
	0.0024 km travelled by car
___backprop com 66 Treads_concluida___
___backprop com 68 Treads___
Tempo total: 16160.721 ms
	Time:	0:00:16
	Energy:	0.0005 kWh
	CO2eq:	0.2629 g
	0.0024 km travelled by car
	Time:	0:00:16
	Energy:	0.0005 kWh
	CO2eq:	0.2629 g
	0.0024 km travelled by car
___backprop com 68 Treads_concluida___
___backprop com 70 Treads___
Tempo total: 15938.507 ms
	Time:	0:00:16
	Energy:	0.0005 kWh
	CO2eq:	0.2589 g
	0.0024 km travelled by car
	Time:	0:00:16
	Energy:	0.0005 kWh
	CO2eq:	0.2589 g
	0.0024 km travelled by car
___backprop com 70 Treads_concluida___
___backprop com 72 Treads___
Tempo total: 15418.656 ms
	Time:	0:00:15
	Energy:	0.0005 kWh
	CO2eq:	0.2504 g
	0.0023 km travelled by car
	Time:	0:00:15
	Energy:	0.0005 kWh
	CO2eq:	0.2504 g
	0.0023 km travelled by car
___backprop com 72 Treads_concluida___
___backprop com 74 Treads___
Tempo total: 16225.831 ms
	Time:	0:00:16
	Energy:	0.0005 kWh
	CO2eq:	0.2638 g
	0.0025 km travelled by car
	Time:	0:00:16
	Energy:	0.0005 kWh
	CO2eq:	0.2638 g
	0.0025 km travelled by car
___backprop com 74 Treads_concluida___
___backprop com 76 Treads___
Tempo total: 15602.811 ms
	Time:	0:00:16
	Energy:	0.0005 kWh
	CO2eq:	0.2538 g
	0.0024 km travelled by car
	Time:	0:00:16
	Energy:	0.0005 kWh
	CO2eq:	0.2538 g
	0.0024 km travelled by car
___backprop com 76 Treads_concluida___
___backprop com 78 Treads___
Tempo total: 15710.627 ms
	Time:	0:00:16
	Energy:	0.0005 kWh
	CO2eq:	0.2555 g
	0.0024 km travelled by car
	Time:	0:00:16
	Energy:	0.0005 kWh
	CO2eq:	0.2555 g
	0.0024 km travelled by car
___backprop com 78 Treads_concluida___
___backprop com 80 Treads___
Tempo total: 15742.692 ms
	Time:	0:00:16
	Energy:	0.0005 kWh
	CO2eq:	0.2565 g
	0.0024 km travelled by car
	Time:	0:00:16
	Energy:	0.0005 kWh
	CO2eq:	0.2565 g
	0.0024 km travelled by car
___backprop com 80 Treads_concluida___
___backprop com 82 Treads___
Tempo total: 15477.105 ms
	Time:	0:00:15
	Energy:	0.0005 kWh
	CO2eq:	0.2514 g
	0.0023 km travelled by car
	Time:	0:00:15
	Energy:	0.0005 kWh
	CO2eq:	0.2514 g
	0.0023 km travelled by car
___backprop com 82 Treads_concluida___
___backprop com 84 Treads___
Tempo total: 15788.861 ms
	Time:	0:00:16
	Energy:	0.0005 kWh
	CO2eq:	0.2562 g
	0.0024 km travelled by car
	Time:	0:00:16
	Energy:	0.0005 kWh
	CO2eq:	0.2562 g
	0.0024 km travelled by car
___backprop com 84 Treads_concluida___
___backprop com 86 Treads___
Tempo total: 15578.520 ms
	Time:	0:00:16
	Energy:	0.0005 kWh
	CO2eq:	0.2530 g
	0.0024 km travelled by car
	Time:	0:00:16
	Energy:	0.0005 kWh
	CO2eq:	0.2530 g
	0.0024 km travelled by car
___backprop com 86 Treads_concluida___
___backprop com 88 Treads___
Tempo total: 15728.199 ms
	Time:	0:00:16
	Energy:	0.0005 kWh
	CO2eq:	0.2555 g
	0.0024 km travelled by car
	Time:	0:00:16
	Energy:	0.0005 kWh
	CO2eq:	0.2555 g
	0.0024 km travelled by car
___backprop com 88 Treads_concluida___
___Fim de backprop___:

Start -> cfd
compilando cfd...
rm -f euler3d_cpu
rm -f euler3d_cpu_offload
rm -f euler3d_cpu_double
rm -f pre_euler3d_cpu
rm -f pre_euler3d_cpu_double
g++ -O3 -Dblock_length=8 -fopenmp euler3d_cpu.cpp -o euler3d_cpu
g++ -O3 -Dblock_length=8 -fopenmp euler3d_cpu_double.cpp -o euler3d_cpu_double
g++ -O3 -Dblock_length=8 -fopenmp pre_euler3d_cpu.cpp -o pre_euler3d_cpu
g++ -O3 -Dblock_length=8 -fopenmp pre_euler3d_cpu_double.cpp -o pre_euler3d_cpu_double
icc -g -O3 -DOMP_OFFLOAD -Dblock_length=216 -fopenmp -offload-option,mic,compiler,"-no-opt-prefetch" euler3d_cpu.cpp -o euler3d_cpu_offload
___Executando cfd___:
___cfd com 2 Treads___
Compute time: 115.421
Tempo total: 117296.077 ms
	Time:	0:01:57
	Energy:	0.0039 kWh
	CO2eq:	1.8543 g
	0.0172 km travelled by car
	Time:	0:01:57
	Energy:	0.0039 kWh
	CO2eq:	1.8543 g
	0.0172 km travelled by car
___cfd com 2 Treads_concluida___
___cfd com 4 Treads___
Compute time: 59.8092
Tempo total: 61742.937 ms
	Time:	0:01:02
	Energy:	0.0021 kWh
	CO2eq:	1.0217 g
	0.0095 km travelled by car
	Time:	0:01:02
	Energy:	0.0021 kWh
	CO2eq:	1.0217 g
	0.0095 km travelled by car
___cfd com 4 Treads_concluida___
___cfd com 6 Treads___
Compute time: 41.7289
Tempo total: 43648.204 ms
	Time:	0:00:44
	Energy:	0.0015 kWh
	CO2eq:	0.7389 g
	0.0069 km travelled by car
	Time:	0:00:44
	Energy:	0.0015 kWh
	CO2eq:	0.7389 g
	0.0069 km travelled by car
___cfd com 6 Treads_concluida___
___cfd com 8 Treads___
Compute time: 32.2334
Tempo total: 34229.874 ms
	Time:	0:00:34
	Energy:	0.0012 kWh
	CO2eq:	0.5968 g
	0.0056 km travelled by car
	Time:	0:00:34
	Energy:	0.0012 kWh
	CO2eq:	0.5968 g
	0.0056 km travelled by car
___cfd com 8 Treads_concluida___
___cfd com 10 Treads___
Compute time: 26.8017
Tempo total: 28704.494 ms
	Time:	0:00:29
	Energy:	0.0011 kWh
	CO2eq:	0.5121 g
	0.0048 km travelled by car
	Time:	0:00:29
	Energy:	0.0011 kWh
	CO2eq:	0.5121 g
	0.0048 km travelled by car
___cfd com 10 Treads_concluida___
___cfd com 12 Treads___
Compute time: 23.3436
Tempo total: 25198.158 ms
	Time:	0:00:25
	Energy:	0.0009 kWh
	CO2eq:	0.4537 g
	0.0042 km travelled by car
	Time:	0:00:25
	Energy:	0.0009 kWh
	CO2eq:	0.4537 g
	0.0042 km travelled by car
___cfd com 12 Treads_concluida___
___cfd com 14 Treads___
Compute time: 20.5058
Tempo total: 22401.863 ms
	Time:	0:00:22
	Energy:	0.0009 kWh
	CO2eq:	0.4127 g
	0.0038 km travelled by car
	Time:	0:00:22
	Energy:	0.0009 kWh
	CO2eq:	0.4127 g
	0.0038 km travelled by car
___cfd com 14 Treads_concluida___
___cfd com 16 Treads___
Compute time: 18.5163
Tempo total: 20466.265 ms
	Time:	0:00:20
	Energy:	0.0008 kWh
	CO2eq:	0.3806 g
	0.0035 km travelled by car
	Time:	0:00:20
	Energy:	0.0008 kWh
	CO2eq:	0.3806 g
	0.0035 km travelled by car
___cfd com 16 Treads_concluida___
___cfd com 18 Treads___
Compute time: 17.1329
Tempo total: 18999.113 ms
	Time:	0:00:19
	Energy:	0.0007 kWh
	CO2eq:	0.3567 g
	0.0033 km travelled by car
	Time:	0:00:19
	Energy:	0.0007 kWh
	CO2eq:	0.3502 g
	0.0033 km travelled by car
___cfd com 18 Treads_concluida___
___cfd com 20 Treads___
Compute time: 15.1221
Tempo total: 17100.028 ms
	Time:	0:00:17
	Energy:	0.0007 kWh
	CO2eq:	0.3213 g
	0.0030 km travelled by car
	Time:	0:00:17
	Energy:	0.0007 kWh
	CO2eq:	0.3213 g
	0.0030 km travelled by car
___cfd com 20 Treads_concluida___
___cfd com 22 Treads___
Compute time: 13.9397
Tempo total: 15892.490 ms
	Time:	0:00:16
	Energy:	0.0006 kWh
	CO2eq:	0.3092 g
	0.0029 km travelled by car
	Time:	0:00:16
	Energy:	0.0006 kWh
	CO2eq:	0.3092 g
	0.0029 km travelled by car
___cfd com 22 Treads_concluida___
___cfd com 24 Treads___
Compute time: 12.6435
Tempo total: 14665.535 ms
	Time:	0:00:15
	Energy:	0.0006 kWh
	CO2eq:	0.2920 g
	0.0027 km travelled by car
	Time:	0:00:15
	Energy:	0.0006 kWh
	CO2eq:	0.2920 g
	0.0027 km travelled by car
___cfd com 24 Treads_concluida___
___cfd com 26 Treads___
Compute time: 11.6814
Tempo total: 13588.442 ms
	Time:	0:00:14
	Energy:	0.0006 kWh
	CO2eq:	0.2707 g
	0.0025 km travelled by car
	Time:	0:00:14
	Energy:	0.0006 kWh
	CO2eq:	0.2707 g
	0.0025 km travelled by car
___cfd com 26 Treads_concluida___
___cfd com 28 Treads___
Compute time: 11.0685
Tempo total: 12981.445 ms
	Time:	0:00:13
	Energy:	0.0006 kWh
	CO2eq:	0.2664 g
	0.0025 km travelled by car
	Time:	0:00:13
	Energy:	0.0005 kWh
	CO2eq:	0.2568 g
	0.0024 km travelled by car
___cfd com 28 Treads_concluida___
___cfd com 30 Treads___
Compute time: 10.1875
Tempo total: 12088.989 ms
	Time:	0:00:12
	Energy:	0.0005 kWh
	CO2eq:	0.2527 g
	0.0024 km travelled by car
	Time:	0:00:12
	Energy:	0.0005 kWh
	CO2eq:	0.2527 g
	0.0024 km travelled by car
___cfd com 30 Treads_concluida___
___cfd com 32 Treads___
Compute time: 9.5049
Tempo total: 11418.545 ms
	Time:	0:00:11
	Energy:	0.0005 kWh
	CO2eq:	0.2359 g
	0.0022 km travelled by car
	Time:	0:00:11
	Energy:	0.0005 kWh
	CO2eq:	0.2359 g
	0.0022 km travelled by car
___cfd com 32 Treads_concluida___
___cfd com 34 Treads___
Compute time: 8.97495
Tempo total: 10855.157 ms
	Time:	0:00:11
	Energy:	0.0005 kWh
	CO2eq:	0.2328 g
	0.0022 km travelled by car
	Time:	0:00:11
	Energy:	0.0005 kWh
	CO2eq:	0.2328 g
	0.0022 km travelled by car
___cfd com 34 Treads_concluida___
___cfd com 36 Treads___
Compute time: 8.439
Tempo total: 10377.085 ms
	Time:	0:00:10
	Energy:	0.0005 kWh
	CO2eq:	0.2258 g
	0.0021 km travelled by car
	Time:	0:00:10
	Energy:	0.0005 kWh
	CO2eq:	0.2258 g
	0.0021 km travelled by car
___cfd com 36 Treads_concluida___
___cfd com 38 Treads___
Compute time: 8.04918
Tempo total: 9924.831 ms
	Time:	0:00:10
	Energy:	0.0005 kWh
	CO2eq:	0.2192 g
	0.0020 km travelled by car
	Time:	0:00:10
	Energy:	0.0005 kWh
	CO2eq:	0.2192 g
	0.0020 km travelled by car
___cfd com 38 Treads_concluida___
___cfd com 40 Treads___
Compute time: 7.61328
Tempo total: 9525.156 ms
	Time:	0:00:10
	Energy:	0.0004 kWh
	CO2eq:	0.2070 g
	0.0019 km travelled by car
	Time:	0:00:10
	Energy:	0.0004 kWh
	CO2eq:	0.2070 g
	0.0019 km travelled by car
___cfd com 40 Treads_concluida___
___cfd com 42 Treads___
Compute time: 7.35363
Tempo total: 9227.823 ms
	Time:	0:00:09
	Energy:	0.0004 kWh
	CO2eq:	0.1993 g
	0.0019 km travelled by car
	Time:	0:00:09
	Energy:	0.0004 kWh
	CO2eq:	0.1993 g
	0.0019 km travelled by car
___cfd com 42 Treads_concluida___
___cfd com 44 Treads___
Compute time: 7.06115
Tempo total: 8929.476 ms
	Time:	0:00:09
	Energy:	0.0004 kWh
	CO2eq:	0.2041 g
	0.0019 km travelled by car
	Time:	0:00:09
	Energy:	0.0004 kWh
	CO2eq:	0.1904 g
	0.0018 km travelled by car
___cfd com 44 Treads_concluida___
___cfd com 46 Treads___
Compute time: 7.19971
Tempo total: 9131.127 ms
	Time:	0:00:09
	Energy:	0.0004 kWh
	CO2eq:	0.2025 g
	0.0019 km travelled by car
	Time:	0:00:09
	Energy:	0.0004 kWh
	CO2eq:	0.2025 g
	0.0019 km travelled by car
___cfd com 46 Treads_concluida___
___cfd com 48 Treads___
Compute time: 6.90156
Tempo total: 8804.339 ms
	Time:	0:00:09
	Energy:	0.0004 kWh
	CO2eq:	0.2120 g
	0.0020 km travelled by car
	Time:	0:00:09
	Energy:	0.0004 kWh
	CO2eq:	0.2120 g
	0.0020 km travelled by car
___cfd com 48 Treads_concluida___
___cfd com 50 Treads___
Compute time: 6.99428
Tempo total: 9102.583 ms
	Time:	0:00:09
	Energy:	0.0004 kWh
	CO2eq:	0.2047 g
	0.0019 km travelled by car
	Time:	0:00:09
	Energy:	0.0004 kWh
	CO2eq:	0.2047 g
	0.0019 km travelled by car
___cfd com 50 Treads_concluida___
___cfd com 52 Treads___
Compute time: 6.62619
Tempo total: 8521.647 ms
	Time:	0:00:09
	Energy:	0.0004 kWh
	CO2eq:	0.2099 g
	0.0020 km travelled by car
	Time:	0:00:09
	Energy:	0.0004 kWh
	CO2eq:	0.2099 g
	0.0020 km travelled by car
___cfd com 52 Treads_concluida___
___cfd com 54 Treads___
Compute time: 6.34612
Tempo total: 8221.200 ms
	Time:	0:00:08
	Energy:	0.0004 kWh
	CO2eq:	0.2052 g
	0.0019 km travelled by car
	Time:	0:00:08
	Energy:	0.0004 kWh
	CO2eq:	0.2052 g
	0.0019 km travelled by car
___cfd com 54 Treads_concluida___
___cfd com 56 Treads___
Compute time: 6.12266
Tempo total: 8012.417 ms
	Time:	0:00:08
	Energy:	0.0004 kWh
	CO2eq:	0.2023 g
	0.0019 km travelled by car
	Time:	0:00:08
	Energy:	0.0004 kWh
	CO2eq:	0.2023 g
	0.0019 km travelled by car
___cfd com 56 Treads_concluida___
___cfd com 58 Treads___
Compute time: 5.88834
Tempo total: 7772.290 ms
	Time:	0:00:08
	Energy:	0.0004 kWh
	CO2eq:	0.1924 g
	0.0018 km travelled by car
	Time:	0:00:08
	Energy:	0.0004 kWh
	CO2eq:	0.1924 g
	0.0018 km travelled by car
___cfd com 58 Treads_concluida___
___cfd com 60 Treads___
Compute time: 5.88455
Tempo total: 7801.596 ms
	Time:	0:00:08
	Energy:	0.0004 kWh
	CO2eq:	0.1943 g
	0.0018 km travelled by car
	Time:	0:00:08
	Energy:	0.0004 kWh
	CO2eq:	0.1943 g
	0.0018 km travelled by car
___cfd com 60 Treads_concluida___
___cfd com 62 Treads___
Compute time: 5.5645
Tempo total: 7558.757 ms
	Time:	0:00:08
	Energy:	0.0004 kWh
	CO2eq:	0.1822 g
	0.0017 km travelled by car
	Time:	0:00:08
	Energy:	0.0004 kWh
	CO2eq:	0.1822 g
	0.0017 km travelled by car
___cfd com 62 Treads_concluida___
___cfd com 64 Treads___
Compute time: 5.47791
Tempo total: 7485.554 ms
	Time:	0:00:07
	Energy:	0.0004 kWh
	CO2eq:	0.1793 g
	0.0017 km travelled by car
	Time:	0:00:07
	Energy:	0.0004 kWh
	CO2eq:	0.1793 g
	0.0017 km travelled by car
___cfd com 64 Treads_concluida___
___cfd com 66 Treads___
Compute time: 5.41718
Tempo total: 7312.836 ms
	Time:	0:00:07
	Energy:	0.0004 kWh
	CO2eq:	0.1756 g
	0.0016 km travelled by car
	Time:	0:00:07
	Energy:	0.0004 kWh
	CO2eq:	0.1756 g
	0.0016 km travelled by car
___cfd com 66 Treads_concluida___
___cfd com 68 Treads___
Compute time: 5.38485
Tempo total: 7277.008 ms
	Time:	0:00:07
	Energy:	0.0004 kWh
	CO2eq:	0.1752 g
	0.0016 km travelled by car
	Time:	0:00:07
	Energy:	0.0004 kWh
	CO2eq:	0.1752 g
	0.0016 km travelled by car
___cfd com 68 Treads_concluida___
___cfd com 70 Treads___
Compute time: 5.23834
Tempo total: 7150.803 ms
	Time:	0:00:07
	Energy:	0.0004 kWh
	CO2eq:	0.1700 g
	0.0016 km travelled by car
	Time:	0:00:07
	Energy:	0.0004 kWh
	CO2eq:	0.1700 g
	0.0016 km travelled by car
___cfd com 70 Treads_concluida___
___cfd com 72 Treads___
Compute time: 5.01831
Tempo total: 6921.392 ms
	Time:	0:00:07
	Energy:	0.0004 kWh
	CO2eq:	0.1807 g
	0.0017 km travelled by car
	Time:	0:00:07
	Energy:	0.0003 kWh
	CO2eq:	0.1620 g
	0.0015 km travelled by car
___cfd com 72 Treads_concluida___
___cfd com 74 Treads___
Compute time: 4.98044
Tempo total: 6928.384 ms
	Time:	0:00:07
	Energy:	0.0004 kWh
	CO2eq:	0.1823 g
	0.0017 km travelled by car
	Time:	0:00:07
	Energy:	0.0003 kWh
	CO2eq:	0.1633 g
	0.0015 km travelled by car
___cfd com 74 Treads_concluida___
___cfd com 76 Treads___
Compute time: 4.98864
Tempo total: 6948.434 ms
	Time:	0:00:07
	Energy:	0.0004 kWh
	CO2eq:	0.1819 g
	0.0017 km travelled by car
	Time:	0:00:07
	Energy:	0.0003 kWh
	CO2eq:	0.1633 g
	0.0015 km travelled by car
___cfd com 76 Treads_concluida___
___cfd com 78 Treads___
Compute time: 4.75363
Tempo total: 6704.471 ms
	Time:	0:00:07
	Energy:	0.0004 kWh
	CO2eq:	0.1781 g
	0.0017 km travelled by car
	Time:	0:00:07
	Energy:	0.0004 kWh
	CO2eq:	0.1781 g
	0.0017 km travelled by car
___cfd com 78 Treads_concluida___
___cfd com 80 Treads___
Compute time: 4.59981
Tempo total: 6712.367 ms
	Time:	0:00:07
	Energy:	0.0004 kWh
	CO2eq:	0.1800 g
	0.0017 km travelled by car
	Time:	0:00:07
	Energy:	0.0004 kWh
	CO2eq:	0.1800 g
	0.0017 km travelled by car
___cfd com 80 Treads_concluida___
___cfd com 82 Treads___
Compute time: 4.67097
Tempo total: 6628.465 ms
	Time:	0:00:07
	Energy:	0.0004 kWh
	CO2eq:	0.1794 g
	0.0017 km travelled by car
	Time:	0:00:07
	Energy:	0.0004 kWh
	CO2eq:	0.1794 g
	0.0017 km travelled by car
___cfd com 82 Treads_concluida___
___cfd com 84 Treads___
Compute time: 4.49123
Tempo total: 6391.958 ms
	Time:	0:00:06
	Energy:	0.0004 kWh
	CO2eq:	0.1762 g
	0.0016 km travelled by car
	Time:	0:00:06
	Energy:	0.0004 kWh
	CO2eq:	0.1762 g
	0.0016 km travelled by car
___cfd com 84 Treads_concluida___
___cfd com 86 Treads___
Compute time: 4.42935
Tempo total: 6322.176 ms
	Time:	0:00:06
	Energy:	0.0004 kWh
	CO2eq:	0.1764 g
	0.0016 km travelled by car
	Time:	0:00:06
	Energy:	0.0004 kWh
	CO2eq:	0.1764 g
	0.0016 km travelled by car
___cfd com 86 Treads_concluida___
___cfd com 88 Treads___
Compute time: 4.43816
Tempo total: 6366.487 ms
	Time:	0:00:06
	Energy:	0.0004 kWh
	CO2eq:	0.1780 g
	0.0017 km travelled by car
	Time:	0:00:06
	Energy:	0.0004 kWh
	CO2eq:	0.1780 g
	0.0017 km travelled by car
___cfd com 88 Treads_concluida___
___Fim de cfd___:

Start -> srad
compilando srad...
cd srad_v1; 	make clean
make[1]: Entering directory '/scratch/acsilveira/rodinia_novos/openmp/srad/srad_v1'
rm *.o srad
make[1]: Leaving directory '/scratch/acsilveira/rodinia_novos/openmp/srad/srad_v1'
cd srad_v2; 	make clean
make[1]: Entering directory '/scratch/acsilveira/rodinia_novos/openmp/srad/srad_v2'
rm -f srad
make[1]: Leaving directory '/scratch/acsilveira/rodinia_novos/openmp/srad/srad_v2'
cd srad_v1; 	make
make[1]: Entering directory '/scratch/acsilveira/rodinia_novos/openmp/srad/srad_v1'
gcc	main.c \
		-c -O3 -fopenmp
gcc	main.o \
		-lm -fopenmp -o srad
make[1]: Leaving directory '/scratch/acsilveira/rodinia_novos/openmp/srad/srad_v1'
cd srad_v2; 	make
make[1]: Entering directory '/scratch/acsilveira/rodinia_novos/openmp/srad/srad_v2'
g++ -g -fopenmp -O2 -lm srad.cpp -o srad 
make[1]: Leaving directory '/scratch/acsilveira/rodinia_novos/openmp/srad/srad_v2'
___Executando srad___:
___srad com 2 Treads___
Tempo total: 148814.911 ms
	Time:	0:02:29
	Energy:	0.0049 kWh
	CO2eq:	2.3396 g
	0.0218 km travelled by car
	Time:	0:02:29
	Energy:	0.0049 kWh
	CO2eq:	2.3396 g
	0.0218 km travelled by car
___srad com 2 Treads_concluida___
___srad com 4 Treads___
Tempo total: 74279.894 ms
	Time:	0:01:14
	Energy:	0.0026 kWh
	CO2eq:	1.2288 g
	0.0114 km travelled by car
	Time:	0:01:14
	Energy:	0.0026 kWh
	CO2eq:	1.2288 g
	0.0114 km travelled by car
___srad com 4 Treads_concluida___
___srad com 6 Treads___
Tempo total: 52381.081 ms
	Time:	0:00:52
	Energy:	0.0019 kWh
	CO2eq:	0.8904 g
	0.0083 km travelled by car
	Time:	0:00:52
	Energy:	0.0019 kWh
	CO2eq:	0.8904 g
	0.0083 km travelled by car
___srad com 6 Treads_concluida___
___srad com 8 Treads___
Tempo total: 42739.974 ms
	Time:	0:00:43
	Energy:	0.0015 kWh
	CO2eq:	0.7452 g
	0.0069 km travelled by car
	Time:	0:00:43
	Energy:	0.0015 kWh
	CO2eq:	0.7452 g
	0.0069 km travelled by car
___srad com 8 Treads_concluida___
___srad com 10 Treads___
Tempo total: 34232.763 ms
	Time:	0:00:34
	Energy:	0.0013 kWh
	CO2eq:	0.6122 g
	0.0057 km travelled by car
	Time:	0:00:34
	Energy:	0.0013 kWh
	CO2eq:	0.6122 g
	0.0057 km travelled by car
___srad com 10 Treads_concluida___
___srad com 12 Treads___
Tempo total: 29295.665 ms
	Time:	0:00:29
	Energy:	0.0011 kWh
	CO2eq:	0.5347 g
	0.0050 km travelled by car
	Time:	0:00:29
	Energy:	0.0011 kWh
	CO2eq:	0.5347 g
	0.0050 km travelled by car
___srad com 12 Treads_concluida___
___srad com 14 Treads___
Tempo total: 26419.236 ms
	Time:	0:00:26
	Energy:	0.0010 kWh
	CO2eq:	0.4898 g
	0.0046 km travelled by car
	Time:	0:00:26
	Energy:	0.0010 kWh
	CO2eq:	0.4898 g
	0.0046 km travelled by car
___srad com 14 Treads_concluida___
___srad com 16 Treads___
Tempo total: 24999.969 ms
	Time:	0:00:25
	Energy:	0.0010 kWh
	CO2eq:	0.4702 g
	0.0044 km travelled by car
	Time:	0:00:25
	Energy:	0.0010 kWh
	CO2eq:	0.4680 g
	0.0044 km travelled by car
___srad com 16 Treads_concluida___
___srad com 18 Treads___
Tempo total: 22782.193 ms
	Time:	0:00:23
	Energy:	0.0009 kWh
	CO2eq:	0.4326 g
	0.0040 km travelled by car
	Time:	0:00:23
	Energy:	0.0009 kWh
	CO2eq:	0.4326 g
	0.0040 km travelled by car
___srad com 18 Treads_concluida___
___srad com 20 Treads___
Tempo total: 21035.370 ms
	Time:	0:00:21
	Energy:	0.0008 kWh
	CO2eq:	0.4087 g
	0.0038 km travelled by car
	Time:	0:00:21
	Energy:	0.0008 kWh
	CO2eq:	0.4073 g
	0.0038 km travelled by car
___srad com 20 Treads_concluida___
___srad com 22 Treads___
Tempo total: 19351.712 ms
	Time:	0:00:19
	Energy:	0.0008 kWh
	CO2eq:	0.3837 g
	0.0036 km travelled by car
	Time:	0:00:19
	Energy:	0.0008 kWh
	CO2eq:	0.3837 g
	0.0036 km travelled by car
___srad com 22 Treads_concluida___
___srad com 24 Treads___
Tempo total: 17953.766 ms
	Time:	0:00:18
	Energy:	0.0008 kWh
	CO2eq:	0.3623 g
	0.0034 km travelled by car
	Time:	0:00:18
	Energy:	0.0008 kWh
	CO2eq:	0.3623 g
	0.0034 km travelled by car
___srad com 24 Treads_concluida___
___srad com 26 Treads___
Tempo total: 16968.490 ms
	Time:	0:00:17
	Energy:	0.0007 kWh
	CO2eq:	0.3493 g
	0.0032 km travelled by car
	Time:	0:00:17
	Energy:	0.0007 kWh
	CO2eq:	0.3470 g
	0.0032 km travelled by car
___srad com 26 Treads_concluida___
___srad com 28 Treads___
Tempo total: 16349.799 ms
	Time:	0:00:16
	Energy:	0.0007 kWh
	CO2eq:	0.3420 g
	0.0032 km travelled by car
	Time:	0:00:16
	Energy:	0.0007 kWh
	CO2eq:	0.3420 g
	0.0032 km travelled by car
___srad com 28 Treads_concluida___
___srad com 30 Treads___
Tempo total: 15464.960 ms
	Time:	0:00:15
	Energy:	0.0007 kWh
	CO2eq:	0.3303 g
	0.0031 km travelled by car
	Time:	0:00:15
	Energy:	0.0007 kWh
	CO2eq:	0.3303 g
	0.0031 km travelled by car
___srad com 30 Treads_concluida___
___srad com 32 Treads___
Tempo total: 14525.617 ms
	Time:	0:00:15
	Energy:	0.0007 kWh
	CO2eq:	0.3188 g
	0.0030 km travelled by car
	Time:	0:00:15
	Energy:	0.0007 kWh
	CO2eq:	0.3188 g
	0.0030 km travelled by car
___srad com 32 Treads_concluida___
___srad com 34 Treads___
Tempo total: 14616.331 ms
	Time:	0:00:15
	Energy:	0.0007 kWh
	CO2eq:	0.3213 g
	0.0030 km travelled by car
	Time:	0:00:15
	Energy:	0.0007 kWh
	CO2eq:	0.3213 g
	0.0030 km travelled by car
___srad com 34 Treads_concluida___
___srad com 36 Treads___
Tempo total: 14082.523 ms
	Time:	0:00:14
	Energy:	0.0007 kWh
	CO2eq:	0.3135 g
	0.0029 km travelled by car
	Time:	0:00:14
	Energy:	0.0007 kWh
	CO2eq:	0.3135 g
	0.0029 km travelled by car
___srad com 36 Treads_concluida___
___srad com 38 Treads___
Tempo total: 13490.384 ms
	Time:	0:00:13
	Energy:	0.0006 kWh
	CO2eq:	0.3056 g
	0.0028 km travelled by car
	Time:	0:00:13
	Energy:	0.0006 kWh
	CO2eq:	0.3056 g
	0.0028 km travelled by car
___srad com 38 Treads_concluida___
___srad com 40 Treads___
Tempo total: 13201.461 ms
	Time:	0:00:13
	Energy:	0.0006 kWh
	CO2eq:	0.3030 g
	0.0028 km travelled by car
	Time:	0:00:13
	Energy:	0.0006 kWh
	CO2eq:	0.3030 g
	0.0028 km travelled by car
___srad com 40 Treads_concluida___
___srad com 42 Treads___
Tempo total: 12712.877 ms
	Time:	0:00:13
	Energy:	0.0006 kWh
	CO2eq:	0.2970 g
	0.0028 km travelled by car
	Time:	0:00:13
	Energy:	0.0006 kWh
	CO2eq:	0.2970 g
	0.0028 km travelled by car
___srad com 42 Treads_concluida___
___srad com 44 Treads___
Tempo total: 12344.434 ms
	Time:	0:00:12
	Energy:	0.0006 kWh
	CO2eq:	0.2918 g
	0.0027 km travelled by car
	Time:	0:00:12
	Energy:	0.0006 kWh
	CO2eq:	0.2918 g
	0.0027 km travelled by car
___srad com 44 Treads_concluida___
___srad com 46 Treads___
Tempo total: 11820.020 ms
	Time:	0:00:12
	Energy:	0.0006 kWh
	CO2eq:	0.2883 g
	0.0027 km travelled by car
	Time:	0:00:12
	Energy:	0.0006 kWh
	CO2eq:	0.2883 g
	0.0027 km travelled by car
___srad com 46 Treads_concluida___
___srad com 48 Treads___
Tempo total: 11406.298 ms
	Time:	0:00:11
	Energy:	0.0006 kWh
	CO2eq:	0.2840 g
	0.0026 km travelled by car
	Time:	0:00:11
	Energy:	0.0006 kWh
	CO2eq:	0.2840 g
	0.0026 km travelled by car
___srad com 48 Treads_concluida___
___srad com 50 Treads___
Tempo total: 10966.454 ms
	Time:	0:00:11
	Energy:	0.0006 kWh
	CO2eq:	0.2752 g
	0.0026 km travelled by car
	Time:	0:00:11
	Energy:	0.0006 kWh
	CO2eq:	0.2729 g
	0.0025 km travelled by car
___srad com 50 Treads_concluida___
___srad com 52 Treads___
Tempo total: 10604.454 ms
	Time:	0:00:11
	Energy:	0.0006 kWh
	CO2eq:	0.2701 g
	0.0025 km travelled by car
	Time:	0:00:11
	Energy:	0.0006 kWh
	CO2eq:	0.2701 g
	0.0025 km travelled by car
___srad com 52 Treads_concluida___
___srad com 54 Treads___
Tempo total: 10337.500 ms
	Time:	0:00:10
	Energy:	0.0006 kWh
	CO2eq:	0.2672 g
	0.0025 km travelled by car
	Time:	0:00:10
	Energy:	0.0006 kWh
	CO2eq:	0.2672 g
	0.0025 km travelled by car
___srad com 54 Treads_concluida___
___srad com 56 Treads___
Tempo total: 9855.901 ms
	Time:	0:00:10
	Energy:	0.0005 kWh
	CO2eq:	0.2594 g
	0.0024 km travelled by car
	Time:	0:00:10
	Energy:	0.0005 kWh
	CO2eq:	0.2594 g
	0.0024 km travelled by car
___srad com 56 Treads_concluida___
___srad com 58 Treads___
Tempo total: 9632.988 ms
	Time:	0:00:10
	Energy:	0.0005 kWh
	CO2eq:	0.2567 g
	0.0024 km travelled by car
	Time:	0:00:10
	Energy:	0.0005 kWh
	CO2eq:	0.2567 g
	0.0024 km travelled by car
___srad com 58 Treads_concluida___
___srad com 60 Treads___
Tempo total: 9325.675 ms
	Time:	0:00:09
	Energy:	0.0005 kWh
	CO2eq:	0.2510 g
	0.0023 km travelled by car
	Time:	0:00:09
	Energy:	0.0005 kWh
	CO2eq:	0.2510 g
	0.0023 km travelled by car
___srad com 60 Treads_concluida___
___srad com 62 Treads___
Tempo total: 9048.650 ms
	Time:	0:00:09
	Energy:	0.0005 kWh
	CO2eq:	0.2451 g
	0.0023 km travelled by car
	Time:	0:00:09
	Energy:	0.0005 kWh
	CO2eq:	0.2454 g
	0.0023 km travelled by car
___srad com 62 Treads_concluida___
___srad com 64 Treads___
Tempo total: 8767.013 ms
	Time:	0:00:09
	Energy:	0.0005 kWh
	CO2eq:	0.2415 g
	0.0022 km travelled by car
	Time:	0:00:09
	Energy:	0.0005 kWh
	CO2eq:	0.2415 g
	0.0022 km travelled by car
___srad com 64 Treads_concluida___
___srad com 66 Treads___
Tempo total: 8618.566 ms
	Time:	0:00:09
	Energy:	0.0005 kWh
	CO2eq:	0.2397 g
	0.0022 km travelled by car
	Time:	0:00:09
	Energy:	0.0005 kWh
	CO2eq:	0.2397 g
	0.0022 km travelled by car
___srad com 66 Treads_concluida___
___srad com 68 Treads___
Tempo total: 8441.467 ms
	Time:	0:00:08
	Energy:	0.0005 kWh
	CO2eq:	0.2374 g
	0.0022 km travelled by car
	Time:	0:00:08
	Energy:	0.0005 kWh
	CO2eq:	0.2374 g
	0.0022 km travelled by car
___srad com 68 Treads_concluida___
___srad com 70 Treads___
Tempo total: 8186.515 ms
	Time:	0:00:08
	Energy:	0.0005 kWh
	CO2eq:	0.2337 g
	0.0022 km travelled by car
	Time:	0:00:08
	Energy:	0.0005 kWh
	CO2eq:	0.2337 g
	0.0022 km travelled by car
___srad com 70 Treads_concluida___
___srad com 72 Treads___
Tempo total: 8015.123 ms
	Time:	0:00:08
	Energy:	0.0005 kWh
	CO2eq:	0.2312 g
	0.0022 km travelled by car
	Time:	0:00:08
	Energy:	0.0005 kWh
	CO2eq:	0.2312 g
	0.0022 km travelled by car
___srad com 72 Treads_concluida___
___srad com 74 Treads___
Tempo total: 7801.214 ms
	Time:	0:00:08
	Energy:	0.0005 kWh
	CO2eq:	0.2291 g
	0.0021 km travelled by car
	Time:	0:00:08
	Energy:	0.0005 kWh
	CO2eq:	0.2291 g
	0.0021 km travelled by car
___srad com 74 Treads_concluida___
___srad com 76 Treads___
Tempo total: 7681.685 ms
	Time:	0:00:08
	Energy:	0.0005 kWh
	CO2eq:	0.2277 g
	0.0021 km travelled by car
	Time:	0:00:08
	Energy:	0.0005 kWh
	CO2eq:	0.2277 g
	0.0021 km travelled by car
___srad com 76 Treads_concluida___
___srad com 78 Treads___
Tempo total: 7540.640 ms
	Time:	0:00:08
	Energy:	0.0005 kWh
	CO2eq:	0.2264 g
	0.0021 km travelled by car
	Time:	0:00:08
	Energy:	0.0005 kWh
	CO2eq:	0.2264 g
	0.0021 km travelled by car
___srad com 78 Treads_concluida___
___srad com 80 Treads___
Tempo total: 7322.749 ms
	Time:	0:00:07
	Energy:	0.0005 kWh
	CO2eq:	0.2226 g
	0.0021 km travelled by car
	Time:	0:00:07
	Energy:	0.0005 kWh
	CO2eq:	0.2226 g
	0.0021 km travelled by car
___srad com 80 Treads_concluida___
___srad com 82 Treads___
Tempo total: 7237.392 ms
	Time:	0:00:07
	Energy:	0.0005 kWh
	CO2eq:	0.2224 g
	0.0021 km travelled by car
	Time:	0:00:07
	Energy:	0.0005 kWh
	CO2eq:	0.2224 g
	0.0021 km travelled by car
___srad com 82 Treads_concluida___
___srad com 84 Treads___
Tempo total: 7009.067 ms
	Time:	0:00:07
	Energy:	0.0005 kWh
	CO2eq:	0.2173 g
	0.0020 km travelled by car
	Time:	0:00:07
	Energy:	0.0005 kWh
	CO2eq:	0.2170 g
	0.0020 km travelled by car
___srad com 84 Treads_concluida___
___srad com 86 Treads___
Tempo total: 6919.630 ms
	Time:	0:00:07
	Energy:	0.0004 kWh
	CO2eq:	0.2162 g
	0.0020 km travelled by car
	Time:	0:00:07
	Energy:	0.0004 kWh
	CO2eq:	0.2125 g
	0.0020 km travelled by car
___srad com 86 Treads_concluida___
___srad com 88 Treads___
Tempo total: 6883.512 ms
	Time:	0:00:07
	Energy:	0.0005 kWh
	CO2eq:	0.2174 g
	0.0020 km travelled by car
	Time:	0:00:07
	Energy:	0.0005 kWh
	CO2eq:	0.2174 g
	0.0020 km travelled by car
___srad com 88 Treads_concluida___
___Fim de srad___:

