Numero de CPUs logicos (threads): 88
Numero de núcleos fisicos: 22
Start -> kmeans
compilando kmeans...
cd kmeans_serial; make clean
make[1]: Entering directory '/scratch/acsilveira/rodinia_novos/openmp/kmeans/kmeans_serial'
rm -f *.o *~ kmeans
make[1]: Leaving directory '/scratch/acsilveira/rodinia_novos/openmp/kmeans/kmeans_serial'
cd kmeans_openmp; make clean
make[1]: Entering directory '/scratch/acsilveira/rodinia_novos/openmp/kmeans/kmeans_openmp'
rm -f *.o *~ kmeans
make[1]: Leaving directory '/scratch/acsilveira/rodinia_novos/openmp/kmeans/kmeans_openmp'
cd kmeans_openmp; make
make[1]: Entering directory '/scratch/acsilveira/rodinia_novos/openmp/kmeans/kmeans_openmp'
gcc -g -fopenmp -O2  cluster.c -c
gcc -g -fopenmp -O2  getopt.c -c
gcc -g -fopenmp -O2  kmeans.c -c
gcc -g -fopenmp -O2  kmeans_clustering.c -c
gcc -g -fopenmp -O2  cluster.o getopt.o kmeans.o kmeans_clustering.o  -o kmeans
make[1]: Leaving directory '/scratch/acsilveira/rodinia_novos/openmp/kmeans/kmeans_openmp'
cd kmeans_serial; make
make[1]: Entering directory '/scratch/acsilveira/rodinia_novos/openmp/kmeans/kmeans_serial'
gcc -g -fopenmp -O2  cluster.c -c
gcc -g -fopenmp -O2  getopt.c -c
gcc -g -fopenmp -O2  kmeans.c -c
gcc -g -fopenmp -O2  kmeans_clustering.c -c
gcc -g -fopenmp -O2  cluster.o getopt.o kmeans.o kmeans_clustering.o  -o kmeans
make[1]: Leaving directory '/scratch/acsilveira/rodinia_novos/openmp/kmeans/kmeans_serial'
___Executando kmeans___:
___kmeans com 2 Treads___
Time for process: 274.442939
Tempo total: 275214.673 ms
	Time:	0:04:35
	Energy:	0.0091 kWh
	CO2eq:	0.8934 g
	0.0083 km travelled by car
	Time:	0:04:35
	Energy:	0.0091 kWh
	CO2eq:	0.8934 g
	0.0083 km travelled by car
___kmeans com 2 Treads_concluida___
___kmeans com 4 Treads___
Time for process: 139.040100
Tempo total: 139810.375 ms
	Time:	0:02:20
	Energy:	0.0048 kWh
	CO2eq:	0.4766 g
	0.0044 km travelled by car
	Time:	0:02:20
	Energy:	0.0048 kWh
	CO2eq:	0.4766 g
	0.0044 km travelled by car
___kmeans com 4 Treads_concluida___
___kmeans com 6 Treads___
Time for process: 97.951506
Tempo total: 98834.126 ms
	Time:	0:01:39
	Energy:	0.0035 kWh
	CO2eq:	0.3452 g
	0.0032 km travelled by car
	Time:	0:01:39
	Energy:	0.0035 kWh
	CO2eq:	0.3452 g
	0.0032 km travelled by car
___kmeans com 6 Treads_concluida___
___kmeans com 8 Treads___
Time for process: 75.822623
Tempo total: 76610.073 ms
	Time:	0:01:17
	Energy:	0.0028 kWh
	CO2eq:	0.2762 g
	0.0026 km travelled by car
	Time:	0:01:17
	Energy:	0.0028 kWh
	CO2eq:	0.2762 g
	0.0026 km travelled by car
___kmeans com 8 Treads_concluida___
___kmeans com 10 Treads___
Time for process: 62.464541
Tempo total: 63233.936 ms
	Time:	0:01:03
	Energy:	0.0024 kWh
	CO2eq:	0.2340 g
	0.0022 km travelled by car
	Time:	0:01:03
	Energy:	0.0024 kWh
	CO2eq:	0.2340 g
	0.0022 km travelled by car
___kmeans com 10 Treads_concluida___
___kmeans com 12 Treads___
Time for process: 53.829918
Tempo total: 54604.782 ms
	Time:	0:00:55
	Energy:	0.0021 kWh
	CO2eq:	0.2058 g
	0.0019 km travelled by car
	Time:	0:00:55
	Energy:	0.0021 kWh
	CO2eq:	0.2058 g
	0.0019 km travelled by car
___kmeans com 12 Treads_concluida___
___kmeans com 14 Treads___
Time for process: 47.702821
Tempo total: 48473.784 ms
	Time:	0:00:48
	Energy:	0.0019 kWh
	CO2eq:	0.1858 g
	0.0017 km travelled by car
	Time:	0:00:48
	Energy:	0.0019 kWh
	CO2eq:	0.1858 g
	0.0017 km travelled by car
___kmeans com 14 Treads_concluida___
___kmeans com 16 Treads___
Time for process: 43.194667
Tempo total: 43967.517 ms
	Time:	0:00:44
	Energy:	0.0017 kWh
	CO2eq:	0.1699 g
	0.0016 km travelled by car
	Time:	0:00:44
	Energy:	0.0017 kWh
	CO2eq:	0.1699 g
	0.0016 km travelled by car
___kmeans com 16 Treads_concluida___
___kmeans com 18 Treads___
Time for process: 39.344867
Tempo total: 40113.041 ms
	Time:	0:00:40
	Energy:	0.0016 kWh
	CO2eq:	0.1565 g
	0.0015 km travelled by car
	Time:	0:00:40
	Energy:	0.0016 kWh
	CO2eq:	0.1565 g
	0.0015 km travelled by car
___kmeans com 18 Treads_concluida___
___kmeans com 20 Treads___
Time for process: 35.433381
Tempo total: 36206.000 ms
	Time:	0:00:36
	Energy:	0.0014 kWh
	CO2eq:	0.1395 g
	0.0013 km travelled by car
	Time:	0:00:36
	Energy:	0.0014 kWh
	CO2eq:	0.1395 g
	0.0013 km travelled by car
___kmeans com 20 Treads_concluida___
___kmeans com 22 Treads___
Time for process: 32.120883
Tempo total: 32889.755 ms
	Time:	0:00:33
	Energy:	0.0014 kWh
	CO2eq:	0.1346 g
	0.0013 km travelled by car
	Time:	0:00:33
	Energy:	0.0014 kWh
	CO2eq:	0.1346 g
	0.0013 km travelled by car
___kmeans com 22 Treads_concluida___
___kmeans com 24 Treads___
Time for process: 29.479971
Tempo total: 30251.437 ms
	Time:	0:00:30
	Energy:	0.0013 kWh
	CO2eq:	0.1267 g
	0.0012 km travelled by car
	Time:	0:00:30
	Energy:	0.0013 kWh
	CO2eq:	0.1267 g
	0.0012 km travelled by car
___kmeans com 24 Treads_concluida___
___kmeans com 26 Treads___
Time for process: 27.215531
Tempo total: 27985.843 ms
	Time:	0:00:28
	Energy:	0.0012 kWh
	CO2eq:	0.1198 g
	0.0011 km travelled by car
	Time:	0:00:28
	Energy:	0.0012 kWh
	CO2eq:	0.1198 g
	0.0011 km travelled by car
___kmeans com 26 Treads_concluida___
___kmeans com 28 Treads___
Time for process: 25.331775
Tempo total: 26102.370 ms
	Time:	0:00:26
	Energy:	0.0012 kWh
	CO2eq:	0.1139 g
	0.0011 km travelled by car
	Time:	0:00:26
	Energy:	0.0012 kWh
	CO2eq:	0.1139 g
	0.0011 km travelled by car
___kmeans com 28 Treads_concluida___
___kmeans com 30 Treads___
Time for process: 23.603372
Tempo total: 24373.388 ms
	Time:	0:00:24
	Energy:	0.0011 kWh
	CO2eq:	0.1086 g
	0.0010 km travelled by car
	Time:	0:00:24
	Energy:	0.0011 kWh
	CO2eq:	0.1086 g
	0.0010 km travelled by car
___kmeans com 30 Treads_concluida___
___kmeans com 32 Treads___
Time for process: 22.193006
Tempo total: 22965.541 ms
	Time:	0:00:23
	Energy:	0.0011 kWh
	CO2eq:	0.1040 g
	0.0010 km travelled by car
	Time:	0:00:23
	Energy:	0.0011 kWh
	CO2eq:	0.1035 g
	0.0010 km travelled by car
___kmeans com 32 Treads_concluida___
___kmeans com 34 Treads___
Time for process: 20.932729
Tempo total: 21712.758 ms
	Time:	0:00:22
	Energy:	0.0010 kWh
	CO2eq:	0.1003 g
	0.0009 km travelled by car
	Time:	0:00:22
	Energy:	0.0010 kWh
	CO2eq:	0.1003 g
	0.0009 km travelled by car
___kmeans com 34 Treads_concluida___
___kmeans com 36 Treads___
Time for process: 19.793063
Tempo total: 20563.048 ms
	Time:	0:00:21
	Energy:	0.0010 kWh
	CO2eq:	0.0965 g
	0.0009 km travelled by car
	Time:	0:00:21
	Energy:	0.0010 kWh
	CO2eq:	0.0965 g
	0.0009 km travelled by car
___kmeans com 36 Treads_concluida___
___kmeans com 38 Treads___
Time for process: 18.772468
Tempo total: 19545.210 ms
	Time:	0:00:20
	Energy:	0.0009 kWh
	CO2eq:	0.0934 g
	0.0009 km travelled by car
	Time:	0:00:20
	Energy:	0.0009 kWh
	CO2eq:	0.0934 g
	0.0009 km travelled by car
___kmeans com 38 Treads_concluida___
___kmeans com 40 Treads___
Time for process: 17.815606
Tempo total: 18587.335 ms
	Time:	0:00:19
	Energy:	0.0009 kWh
	CO2eq:	0.0904 g
	0.0008 km travelled by car
	Time:	0:00:19
	Energy:	0.0009 kWh
	CO2eq:	0.0904 g
	0.0008 km travelled by car
___kmeans com 40 Treads_concluida___
___kmeans com 42 Treads___
Time for process: 16.938633
Tempo total: 17709.242 ms
	Time:	0:00:18
	Energy:	0.0009 kWh
	CO2eq:	0.0876 g
	0.0008 km travelled by car
	Time:	0:00:18
	Energy:	0.0009 kWh
	CO2eq:	0.0876 g
	0.0008 km travelled by car
___kmeans com 42 Treads_concluida___
___kmeans com 44 Treads___
Time for process: 16.240278
Tempo total: 17012.787 ms
	Time:	0:00:17
	Energy:	0.0009 kWh
	CO2eq:	0.0858 g
	0.0008 km travelled by car
	Time:	0:00:17
	Energy:	0.0009 kWh
	CO2eq:	0.0857 g
	0.0008 km travelled by car
___kmeans com 44 Treads_concluida___
___kmeans com 46 Treads___
Time for process: 15.568558
Tempo total: 16338.977 ms
	Time:	0:00:16
	Energy:	0.0009 kWh
	CO2eq:	0.0848 g
	0.0008 km travelled by car
	Time:	0:00:16
	Energy:	0.0009 kWh
	CO2eq:	0.0848 g
	0.0008 km travelled by car
___kmeans com 46 Treads_concluida___
___kmeans com 48 Treads___
Time for process: 14.998536
Tempo total: 15770.523 ms
	Time:	0:00:16
	Energy:	0.0008 kWh
	CO2eq:	0.0835 g
	0.0008 km travelled by car
	Time:	0:00:16
	Energy:	0.0008 kWh
	CO2eq:	0.0835 g
	0.0008 km travelled by car
___kmeans com 48 Treads_concluida___
___kmeans com 50 Treads___
Time for process: 14.382637
Tempo total: 15153.536 ms
	Time:	0:00:15
	Energy:	0.0008 kWh
	CO2eq:	0.0814 g
	0.0008 km travelled by car
	Time:	0:00:15
	Energy:	0.0008 kWh
	CO2eq:	0.0814 g
	0.0008 km travelled by car
___kmeans com 50 Treads_concluida___
___kmeans com 52 Treads___
Time for process: 13.963472
Tempo total: 14734.532 ms
	Time:	0:00:15
	Energy:	0.0008 kWh
	CO2eq:	0.0799 g
	0.0007 km travelled by car
	Time:	0:00:15
	Energy:	0.0008 kWh
	CO2eq:	0.0799 g
	0.0007 km travelled by car
___kmeans com 52 Treads_concluida___
___kmeans com 54 Treads___
Time for process: 13.254719
Tempo total: 14026.443 ms
	Time:	0:00:14
	Energy:	0.0008 kWh
	CO2eq:	0.0775 g
	0.0007 km travelled by car
	Time:	0:00:14
	Energy:	0.0008 kWh
	CO2eq:	0.0775 g
	0.0007 km travelled by car
___kmeans com 54 Treads_concluida___
___kmeans com 56 Treads___
Time for process: 12.959462
Tempo total: 13729.552 ms
	Time:	0:00:14
	Energy:	0.0008 kWh
	CO2eq:	0.0766 g
	0.0007 km travelled by car
	Time:	0:00:14
	Energy:	0.0008 kWh
	CO2eq:	0.0766 g
	0.0007 km travelled by car
___kmeans com 56 Treads_concluida___
___kmeans com 58 Treads___
Time for process: 12.434661
Tempo total: 13207.919 ms
	Time:	0:00:13
	Energy:	0.0008 kWh
	CO2eq:	0.0746 g
	0.0007 km travelled by car
	Time:	0:00:13
	Energy:	0.0008 kWh
	CO2eq:	0.0746 g
	0.0007 km travelled by car
___kmeans com 58 Treads_concluida___
___kmeans com 60 Treads___
Time for process: 12.188505
Tempo total: 12975.046 ms
	Time:	0:00:13
	Energy:	0.0007 kWh
	CO2eq:	0.0729 g
	0.0007 km travelled by car
	Time:	0:00:13
	Energy:	0.0007 kWh
	CO2eq:	0.0728 g
	0.0007 km travelled by car
___kmeans com 60 Treads_concluida___
___kmeans com 62 Treads___
Time for process: 11.859668
Tempo total: 12635.252 ms
	Time:	0:00:13
	Energy:	0.0007 kWh
	CO2eq:	0.0717 g
	0.0007 km travelled by car
	Time:	0:00:13
	Energy:	0.0007 kWh
	CO2eq:	0.0717 g
	0.0007 km travelled by car
___kmeans com 62 Treads_concluida___
___kmeans com 64 Treads___
Time for process: 11.623143
Tempo total: 12397.069 ms
	Time:	0:00:12
	Energy:	0.0007 kWh
	CO2eq:	0.0712 g
	0.0007 km travelled by car
	Time:	0:00:12
	Energy:	0.0007 kWh
	CO2eq:	0.0712 g
	0.0007 km travelled by car
___kmeans com 64 Treads_concluida___
___kmeans com 66 Treads___
Time for process: 11.223798
Tempo total: 11995.304 ms
	Time:	0:00:12
	Energy:	0.0007 kWh
	CO2eq:	0.0698 g
	0.0006 km travelled by car
	Time:	0:00:12
	Energy:	0.0007 kWh
	CO2eq:	0.0698 g
	0.0006 km travelled by car
___kmeans com 66 Treads_concluida___
___kmeans com 68 Treads___
Time for process: 10.856448
Tempo total: 11629.529 ms
	Time:	0:00:12
	Energy:	0.0007 kWh
	CO2eq:	0.0685 g
	0.0006 km travelled by car
	Time:	0:00:12
	Energy:	0.0007 kWh
	CO2eq:	0.0685 g
	0.0006 km travelled by car
___kmeans com 68 Treads_concluida___
___kmeans com 70 Treads___
Time for process: 10.595489
Tempo total: 11367.400 ms
	Time:	0:00:11
	Energy:	0.0007 kWh
	CO2eq:	0.0677 g
	0.0006 km travelled by car
	Time:	0:00:11
	Energy:	0.0007 kWh
	CO2eq:	0.0677 g
	0.0006 km travelled by car
___kmeans com 70 Treads_concluida___
___kmeans com 72 Treads___
Time for process: 10.441928
Tempo total: 11212.401 ms
	Time:	0:00:11
	Energy:	0.0007 kWh
	CO2eq:	0.0676 g
	0.0006 km travelled by car
	Time:	0:00:11
	Energy:	0.0007 kWh
	CO2eq:	0.0676 g
	0.0006 km travelled by car
___kmeans com 72 Treads_concluida___
___kmeans com 74 Treads___
Time for process: 10.006796
Tempo total: 10779.754 ms
	Time:	0:00:11
	Energy:	0.0007 kWh
	CO2eq:	0.0650 g
	0.0006 km travelled by car
	Time:	0:00:11
	Energy:	0.0007 kWh
	CO2eq:	0.0650 g
	0.0006 km travelled by car
___kmeans com 74 Treads_concluida___
___kmeans com 76 Treads___
Time for process: 10.026855
Tempo total: 10798.694 ms
	Time:	0:00:11
	Energy:	0.0007 kWh
	CO2eq:	0.0658 g
	0.0006 km travelled by car
	Time:	0:00:11
	Energy:	0.0007 kWh
	CO2eq:	0.0658 g
	0.0006 km travelled by car
___kmeans com 76 Treads_concluida___
___kmeans com 78 Treads___
Time for process: 9.500487
Tempo total: 10276.984 ms
	Time:	0:00:10
	Energy:	0.0006 kWh
	CO2eq:	0.0635 g
	0.0006 km travelled by car
	Time:	0:00:10
	Energy:	0.0006 kWh
	CO2eq:	0.0635 g
	0.0006 km travelled by car
___kmeans com 78 Treads_concluida___
___kmeans com 80 Treads___
Time for process: 9.373357
Tempo total: 10172.291 ms
	Time:	0:00:10
	Energy:	0.0006 kWh
	CO2eq:	0.0633 g
	0.0006 km travelled by car
	Time:	0:00:10
	Energy:	0.0006 kWh
	CO2eq:	0.0633 g
	0.0006 km travelled by car
___kmeans com 80 Treads_concluida___
___kmeans com 82 Treads___
Time for process: 8.998847
Tempo total: 9770.189 ms
	Time:	0:00:10
	Energy:	0.0006 kWh
	CO2eq:	0.0619 g
	0.0006 km travelled by car
	Time:	0:00:10
	Energy:	0.0006 kWh
	CO2eq:	0.0619 g
	0.0006 km travelled by car
___kmeans com 82 Treads_concluida___
___kmeans com 84 Treads___
Time for process: 9.047918
Tempo total: 9819.371 ms
	Time:	0:00:10
	Energy:	0.0006 kWh
	CO2eq:	0.0626 g
	0.0006 km travelled by car
	Time:	0:00:10
	Energy:	0.0006 kWh
	CO2eq:	0.0626 g
	0.0006 km travelled by car
___kmeans com 84 Treads_concluida___
___kmeans com 86 Treads___
Time for process: 8.602493
Tempo total: 9375.506 ms
	Time:	0:00:09
	Energy:	0.0006 kWh
	CO2eq:	0.0608 g
	0.0006 km travelled by car
	Time:	0:00:09
	Energy:	0.0006 kWh
	CO2eq:	0.0608 g
	0.0006 km travelled by car
___kmeans com 86 Treads_concluida___
___kmeans com 88 Treads___
Time for process: 9.002302
Tempo total: 9775.403 ms
	Time:	0:00:10
	Energy:	0.0006 kWh
	CO2eq:	0.0627 g
	0.0006 km travelled by car
	Time:	0:00:10
	Energy:	0.0006 kWh
	CO2eq:	0.0627 g
	0.0006 km travelled by car
___kmeans com 88 Treads_concluida___
___Fim de kmeans___:

Start -> leukocyte
compilando leukocyte...
___Executando leukocyte___:
___leukocyte com 2 Treads___
Total application run time: 422.67776 seconds
Tempo total: 422757.354 ms
	Time:	0:07:03
	Energy:	0.0050 kWh
	CO2eq:	0.4924 g
	0.0046 km travelled by car
	Time:	0:07:03
	Energy:	0.0050 kWh
	CO2eq:	0.4924 g
	0.0046 km travelled by car
___leukocyte com 2 Treads_concluida___
___leukocyte com 4 Treads___
Total application run time: 221.11555 seconds
Tempo total: 221203.391 ms
	Time:	0:03:41
	Energy:	0.0030 kWh
	CO2eq:	0.2940 g
	0.0027 km travelled by car
	Time:	0:03:41
	Energy:	0.0030 kWh
	CO2eq:	0.2938 g
	0.0027 km travelled by car
___leukocyte com 4 Treads_concluida___
___leukocyte com 6 Treads___
Total application run time: 156.88409 seconds
Tempo total: 156968.949 ms
	Time:	0:02:37
	Energy:	0.0023 kWh
	CO2eq:	0.2250 g
	0.0021 km travelled by car
	Time:	0:02:37
	Energy:	0.0023 kWh
	CO2eq:	0.2250 g
	0.0021 km travelled by car
___leukocyte com 6 Treads_concluida___
___leukocyte com 8 Treads___
Total application run time: 134.73218 seconds
Tempo total: 134824.825 ms
	Time:	0:02:15
	Energy:	0.0020 kWh
	CO2eq:	0.1999 g
	0.0019 km travelled by car
	Time:	0:02:15
	Energy:	0.0020 kWh
	CO2eq:	0.1999 g
	0.0019 km travelled by car
___leukocyte com 8 Treads_concluida___
___leukocyte com 10 Treads___
Total application run time: 111.44270 seconds
Tempo total: 111533.196 ms
	Time:	0:01:52
	Energy:	0.0018 kWh
	CO2eq:	0.1748 g
	0.0016 km travelled by car
	Time:	0:01:52
	Energy:	0.0018 kWh
	CO2eq:	0.1748 g
	0.0016 km travelled by car
___leukocyte com 10 Treads_concluida___
___leukocyte com 12 Treads___
Total application run time: 90.24873 seconds
Tempo total: 90341.789 ms
	Time:	0:01:30
	Energy:	0.0015 kWh
	CO2eq:	0.1507 g
	0.0014 km travelled by car
	Time:	0:01:30
	Energy:	0.0015 kWh
	CO2eq:	0.1507 g
	0.0014 km travelled by car
___leukocyte com 12 Treads_concluida___
___leukocyte com 14 Treads___
Total application run time: 90.00835 seconds
Tempo total: 90105.001 ms
	Time:	0:01:30
	Energy:	0.0015 kWh
	CO2eq:	0.1503 g
	0.0014 km travelled by car
	Time:	0:01:30
	Energy:	0.0015 kWh
	CO2eq:	0.1503 g
	0.0014 km travelled by car
___leukocyte com 14 Treads_concluida___
___leukocyte com 16 Treads___
Total application run time: 86.06741 seconds
Tempo total: 86160.979 ms
	Time:	0:01:26
	Energy:	0.0015 kWh
	CO2eq:	0.1468 g
	0.0014 km travelled by car
	Time:	0:01:26
	Energy:	0.0015 kWh
	CO2eq:	0.1468 g
	0.0014 km travelled by car
___leukocyte com 16 Treads_concluida___
___leukocyte com 18 Treads___
Total application run time: 68.53838 seconds
Tempo total: 68636.191 ms
	Time:	0:01:09
	Energy:	0.0013 kWh
	CO2eq:	0.1255 g
	0.0012 km travelled by car
	Time:	0:01:09
	Energy:	0.0013 kWh
	CO2eq:	0.1255 g
	0.0012 km travelled by car
___leukocyte com 18 Treads_concluida___
___leukocyte com 20 Treads___
Total application run time: 68.01794 seconds
Tempo total: 68116.210 ms
	Time:	0:01:08
	Energy:	0.0013 kWh
	CO2eq:	0.1259 g
	0.0012 km travelled by car
	Time:	0:01:08
	Energy:	0.0013 kWh
	CO2eq:	0.1259 g
	0.0012 km travelled by car
___leukocyte com 20 Treads_concluida___
___leukocyte com 22 Treads___
Total application run time: 66.11156 seconds
Tempo total: 66213.754 ms
	Time:	0:01:06
	Energy:	0.0013 kWh
	CO2eq:	0.1247 g
	0.0012 km travelled by car
	Time:	0:01:06
	Energy:	0.0013 kWh
	CO2eq:	0.1247 g
	0.0012 km travelled by car
___leukocyte com 22 Treads_concluida___
___leukocyte com 24 Treads___
Total application run time: 68.40523 seconds
Tempo total: 68501.409 ms
	Time:	0:01:09
	Energy:	0.0013 kWh
	CO2eq:	0.1272 g
	0.0012 km travelled by car
	Time:	0:01:09
	Energy:	0.0013 kWh
	CO2eq:	0.1272 g
	0.0012 km travelled by car
___leukocyte com 24 Treads_concluida___
___leukocyte com 26 Treads___
Total application run time: 66.73997 seconds
Tempo total: 66833.233 ms
	Time:	0:01:07
	Energy:	0.0013 kWh
	CO2eq:	0.1252 g
	0.0012 km travelled by car
	Time:	0:01:07
	Energy:	0.0013 kWh
	CO2eq:	0.1252 g
	0.0012 km travelled by car
___leukocyte com 26 Treads_concluida___
___leukocyte com 28 Treads___
Total application run time: 70.46748 seconds
Tempo total: 70560.764 ms
	Time:	0:01:11
	Energy:	0.0013 kWh
	CO2eq:	0.1260 g
	0.0012 km travelled by car
	Time:	0:01:11
	Energy:	0.0013 kWh
	CO2eq:	0.1260 g
	0.0012 km travelled by car
___leukocyte com 28 Treads_concluida___
___leukocyte com 30 Treads___
Total application run time: 64.47462 seconds
Tempo total: 64561.981 ms
	Time:	0:01:05
	Energy:	0.0013 kWh
	CO2eq:	0.1238 g
	0.0012 km travelled by car
	Time:	0:01:05
	Energy:	0.0013 kWh
	CO2eq:	0.1238 g
	0.0012 km travelled by car
___leukocyte com 30 Treads_concluida___
___leukocyte com 32 Treads___
Total application run time: 60.63948 seconds
Tempo total: 60729.353 ms
	Time:	0:01:01
	Energy:	0.0012 kWh
	CO2eq:	0.1170 g
	0.0011 km travelled by car
	Time:	0:01:01
	Energy:	0.0012 kWh
	CO2eq:	0.1170 g
	0.0011 km travelled by car
___leukocyte com 32 Treads_concluida___
___leukocyte com 34 Treads___
Total application run time: 58.88324 seconds
Tempo total: 58974.527 ms
	Time:	0:00:59
	Energy:	0.0012 kWh
	CO2eq:	0.1147 g
	0.0011 km travelled by car
	Time:	0:00:59
	Energy:	0.0012 kWh
	CO2eq:	0.1142 g
	0.0011 km travelled by car
___leukocyte com 34 Treads_concluida___
___leukocyte com 36 Treads___
Total application run time: 40.93118 seconds
Tempo total: 41020.359 ms
	Time:	0:00:41
	Energy:	0.0010 kWh
	CO2eq:	0.0953 g
	0.0009 km travelled by car
	Time:	0:00:41
	Energy:	0.0010 kWh
	CO2eq:	0.0952 g
	0.0009 km travelled by car
___leukocyte com 36 Treads_concluida___
___leukocyte com 38 Treads___
Total application run time: 41.56143 seconds
Tempo total: 41656.130 ms
	Time:	0:00:42
	Energy:	0.0010 kWh
	CO2eq:	0.0963 g
	0.0009 km travelled by car
	Time:	0:00:42
	Energy:	0.0010 kWh
	CO2eq:	0.0963 g
	0.0009 km travelled by car
___leukocyte com 38 Treads_concluida___
___leukocyte com 40 Treads___
Total application run time: 43.38074 seconds
Tempo total: 43475.741 ms
	Time:	0:00:43
	Energy:	0.0010 kWh
	CO2eq:	0.0991 g
	0.0009 km travelled by car
	Time:	0:00:43
	Energy:	0.0010 kWh
	CO2eq:	0.0991 g
	0.0009 km travelled by car
___leukocyte com 40 Treads_concluida___
___leukocyte com 42 Treads___
Total application run time: 43.86143 seconds
Tempo total: 43958.170 ms
	Time:	0:00:44
	Energy:	0.0010 kWh
	CO2eq:	0.1000 g
	0.0009 km travelled by car
	Time:	0:00:44
	Energy:	0.0010 kWh
	CO2eq:	0.1000 g
	0.0009 km travelled by car
___leukocyte com 42 Treads_concluida___
___leukocyte com 44 Treads___
Total application run time: 42.51264 seconds
Tempo total: 42625.935 ms
	Time:	0:00:43
	Energy:	0.0010 kWh
	CO2eq:	0.0983 g
	0.0009 km travelled by car
	Time:	0:00:43
	Energy:	0.0010 kWh
	CO2eq:	0.0983 g
	0.0009 km travelled by car
___leukocyte com 44 Treads_concluida___
___leukocyte com 46 Treads___
Total application run time: 43.81086 seconds
Tempo total: 43904.743 ms
	Time:	0:00:44
	Energy:	0.0010 kWh
	CO2eq:	0.0996 g
	0.0009 km travelled by car
	Time:	0:00:44
	Energy:	0.0010 kWh
	CO2eq:	0.0996 g
	0.0009 km travelled by car
___leukocyte com 46 Treads_concluida___
___leukocyte com 48 Treads___
Total application run time: 42.03851 seconds
Tempo total: 42130.423 ms
	Time:	0:00:42
	Energy:	0.0010 kWh
	CO2eq:	0.0977 g
	0.0009 km travelled by car
	Time:	0:00:42
	Energy:	0.0010 kWh
	CO2eq:	0.0977 g
	0.0009 km travelled by car
___leukocyte com 48 Treads_concluida___
___leukocyte com 50 Treads___
Total application run time: 42.14027 seconds
Tempo total: 42238.000 ms
	Time:	0:00:42
	Energy:	0.0010 kWh
	CO2eq:	0.0973 g
	0.0009 km travelled by car
	Time:	0:00:42
	Energy:	0.0010 kWh
	CO2eq:	0.0973 g
	0.0009 km travelled by car
___leukocyte com 50 Treads_concluida___
___leukocyte com 52 Treads___
Total application run time: 40.76836 seconds
Tempo total: 40864.038 ms
	Time:	0:00:41
	Energy:	0.0010 kWh
	CO2eq:	0.0961 g
	0.0009 km travelled by car
	Time:	0:00:41
	Energy:	0.0010 kWh
	CO2eq:	0.0961 g
	0.0009 km travelled by car
___leukocyte com 52 Treads_concluida___
___leukocyte com 54 Treads___
Total application run time: 41.94137 seconds
Tempo total: 42037.297 ms
	Time:	0:00:42
	Energy:	0.0010 kWh
	CO2eq:	0.0981 g
	0.0009 km travelled by car
	Time:	0:00:42
	Energy:	0.0010 kWh
	CO2eq:	0.0981 g
	0.0009 km travelled by car
___leukocyte com 54 Treads_concluida___
___leukocyte com 56 Treads___
Total application run time: 41.24377 seconds
Tempo total: 41339.150 ms
	Time:	0:00:41
	Energy:	0.0010 kWh
	CO2eq:	0.0968 g
	0.0009 km travelled by car
	Time:	0:00:41
	Energy:	0.0010 kWh
	CO2eq:	0.0968 g
	0.0009 km travelled by car
___leukocyte com 56 Treads_concluida___
___leukocyte com 58 Treads___
Total application run time: 42.78837 seconds
Tempo total: 42882.084 ms
	Time:	0:00:43
	Energy:	0.0010 kWh
	CO2eq:	0.0980 g
	0.0009 km travelled by car
	Time:	0:00:43
	Energy:	0.0010 kWh
	CO2eq:	0.0980 g
	0.0009 km travelled by car
___leukocyte com 58 Treads_concluida___
___leukocyte com 60 Treads___
Total application run time: 41.85120 seconds
Tempo total: 41943.250 ms
	Time:	0:00:42
	Energy:	0.0010 kWh
	CO2eq:	0.0977 g
	0.0009 km travelled by car
	Time:	0:00:42
	Energy:	0.0010 kWh
	CO2eq:	0.0977 g
	0.0009 km travelled by car
___leukocyte com 60 Treads_concluida___
___leukocyte com 62 Treads___
Total application run time: 43.10118 seconds
Tempo total: 43191.190 ms
	Time:	0:00:43
	Energy:	0.0010 kWh
	CO2eq:	0.0990 g
	0.0009 km travelled by car
	Time:	0:00:43
	Energy:	0.0010 kWh
	CO2eq:	0.0990 g
	0.0009 km travelled by car
___leukocyte com 62 Treads_concluida___
___leukocyte com 64 Treads___
Total application run time: 41.50533 seconds
Tempo total: 41602.367 ms
	Time:	0:00:42
	Energy:	0.0010 kWh
	CO2eq:	0.0977 g
	0.0009 km travelled by car
	Time:	0:00:42
	Energy:	0.0010 kWh
	CO2eq:	0.0977 g
	0.0009 km travelled by car
___leukocyte com 64 Treads_concluida___
___leukocyte com 66 Treads___
Total application run time: 40.18341 seconds
Tempo total: 40274.730 ms
	Time:	0:00:40
	Energy:	0.0010 kWh
	CO2eq:	0.0961 g
	0.0009 km travelled by car
	Time:	0:00:40
	Energy:	0.0010 kWh
	CO2eq:	0.0961 g
	0.0009 km travelled by car
___leukocyte com 66 Treads_concluida___
___leukocyte com 68 Treads___
Total application run time: 51.49574 seconds
Tempo total: 51592.482 ms
	Time:	0:00:52
	Energy:	0.0011 kWh
	CO2eq:	0.1092 g
	0.0010 km travelled by car
	Time:	0:00:52
	Energy:	0.0011 kWh
	CO2eq:	0.1092 g
	0.0010 km travelled by car
___leukocyte com 68 Treads_concluida___
___leukocyte com 70 Treads___
Total application run time: 52.38718 seconds
Tempo total: 52482.142 ms
	Time:	0:00:52
	Energy:	0.0011 kWh
	CO2eq:	0.1095 g
	0.0010 km travelled by car
	Time:	0:00:52
	Energy:	0.0011 kWh
	CO2eq:	0.1095 g
	0.0010 km travelled by car
___leukocyte com 70 Treads_concluida___
___leukocyte com 72 Treads___
Total application run time: 47.90810 seconds
Tempo total: 48002.657 ms
	Time:	0:00:48
	Energy:	0.0011 kWh
	CO2eq:	0.1043 g
	0.0010 km travelled by car
	Time:	0:00:48
	Energy:	0.0011 kWh
	CO2eq:	0.1043 g
	0.0010 km travelled by car
___leukocyte com 72 Treads_concluida___
___leukocyte com 74 Treads___
Total application run time: 43.31001 seconds
Tempo total: 43401.703 ms
	Time:	0:00:43
	Energy:	0.0010 kWh
	CO2eq:	0.0997 g
	0.0009 km travelled by car
	Time:	0:00:43
	Energy:	0.0010 kWh
	CO2eq:	0.0997 g
	0.0009 km travelled by car
___leukocyte com 74 Treads_concluida___
___leukocyte com 76 Treads___
Total application run time: 46.49500 seconds
Tempo total: 46588.926 ms
	Time:	0:00:47
	Energy:	0.0010 kWh
	CO2eq:	0.1021 g
	0.0010 km travelled by car
	Time:	0:00:47
	Energy:	0.0010 kWh
	CO2eq:	0.1021 g
	0.0010 km travelled by car
___leukocyte com 76 Treads_concluida___
___leukocyte com 78 Treads___
Total application run time: 39.68350 seconds
Tempo total: 39773.672 ms
	Time:	0:00:40
	Energy:	0.0010 kWh
	CO2eq:	0.0950 g
	0.0009 km travelled by car
	Time:	0:00:40
	Energy:	0.0010 kWh
	CO2eq:	0.0950 g
	0.0009 km travelled by car
___leukocyte com 78 Treads_concluida___
___leukocyte com 80 Treads___
Total application run time: 52.70821 seconds
Tempo total: 52803.500 ms
	Time:	0:00:53
	Energy:	0.0011 kWh
	CO2eq:	0.1106 g
	0.0010 km travelled by car
	Time:	0:00:53
	Energy:	0.0011 kWh
	CO2eq:	0.1106 g
	0.0010 km travelled by car
___leukocyte com 80 Treads_concluida___
___leukocyte com 82 Treads___
Total application run time: 50.13661 seconds
Tempo total: 50230.099 ms
	Time:	0:00:50
	Energy:	0.0011 kWh
	CO2eq:	0.1070 g
	0.0010 km travelled by car
	Time:	0:00:50
	Energy:	0.0011 kWh
	CO2eq:	0.1070 g
	0.0010 km travelled by car
___leukocyte com 82 Treads_concluida___
___leukocyte com 84 Treads___
Total application run time: 49.71354 seconds
Tempo total: 49806.645 ms
	Time:	0:00:50
	Energy:	0.0011 kWh
	CO2eq:	0.1062 g
	0.0010 km travelled by car
	Time:	0:00:50
	Energy:	0.0011 kWh
	CO2eq:	0.1062 g
	0.0010 km travelled by car
___leukocyte com 84 Treads_concluida___
___leukocyte com 86 Treads___
Total application run time: 51.16537 seconds
Tempo total: 51258.556 ms
	Time:	0:00:51
	Energy:	0.0011 kWh
	CO2eq:	0.1069 g
	0.0010 km travelled by car
	Time:	0:00:51
	Energy:	0.0011 kWh
	CO2eq:	0.1069 g
	0.0010 km travelled by car
___leukocyte com 86 Treads_concluida___
___leukocyte com 88 Treads___
Total application run time: 50.99368 seconds
Tempo total: 51089.401 ms
	Time:	0:00:51
	Energy:	0.0011 kWh
	CO2eq:	0.1068 g
	0.0010 km travelled by car
	Time:	0:00:51
	Energy:	0.0011 kWh
	CO2eq:	0.1068 g
	0.0010 km travelled by car
___leukocyte com 88 Treads_concluida___
___Fim de leukocyte___:

Start -> backprop
compilando backprop...
rm -f *.o *~ backprop backprop_cuda.linkinfo
gcc -g -fopenmp  -O2 backprop.c -c
gcc -g -fopenmp  -O2 facetrain.c -c
gcc -g -fopenmp  -O2 imagenet.c -c
gcc -g -fopenmp  -O2 backprop_kernel.c -c
gcc -g -fopenmp  -O2 backprop.o facetrain.o imagenet.o backprop_kernel.o -o backprop -lm
___Executando backprop___:
___backprop com 2 Treads___
Tempo total: 24954.293 ms
	Time:	0:00:25
	Energy:	0.0008 kWh
	CO2eq:	0.0820 g
	0.0008 km travelled by car
	Time:	0:00:25
	Energy:	0.0008 kWh
	CO2eq:	0.0816 g
	0.0008 km travelled by car
___backprop com 2 Treads_concluida___
___backprop com 4 Treads___
Tempo total: 19805.581 ms
	Time:	0:00:20
	Energy:	0.0007 kWh
	CO2eq:	0.0653 g
	0.0006 km travelled by car
	Time:	0:00:20
	Energy:	0.0007 kWh
	CO2eq:	0.0653 g
	0.0006 km travelled by car
___backprop com 4 Treads_concluida___
___backprop com 6 Treads___
Tempo total: 17947.884 ms
	Time:	0:00:18
	Energy:	0.0006 kWh
	CO2eq:	0.0593 g
	0.0006 km travelled by car
	Time:	0:00:18
	Energy:	0.0006 kWh
	CO2eq:	0.0593 g
	0.0006 km travelled by car
___backprop com 6 Treads_concluida___
___backprop com 8 Treads___
Tempo total: 17419.344 ms
	Time:	0:00:17
	Energy:	0.0006 kWh
	CO2eq:	0.0579 g
	0.0005 km travelled by car
	Time:	0:00:17
	Energy:	0.0006 kWh
	CO2eq:	0.0579 g
	0.0005 km travelled by car
___backprop com 8 Treads_concluida___
___backprop com 10 Treads___
Tempo total: 16742.975 ms
	Time:	0:00:17
	Energy:	0.0006 kWh
	CO2eq:	0.0555 g
	0.0005 km travelled by car
	Time:	0:00:17
	Energy:	0.0006 kWh
	CO2eq:	0.0555 g
	0.0005 km travelled by car
___backprop com 10 Treads_concluida___
___backprop com 12 Treads___
Tempo total: 16689.109 ms
	Time:	0:00:17
	Energy:	0.0006 kWh
	CO2eq:	0.0553 g
	0.0005 km travelled by car
	Time:	0:00:17
	Energy:	0.0006 kWh
	CO2eq:	0.0553 g
	0.0005 km travelled by car
___backprop com 12 Treads_concluida___
___backprop com 14 Treads___
Tempo total: 16692.605 ms
	Time:	0:00:17
	Energy:	0.0006 kWh
	CO2eq:	0.0549 g
	0.0005 km travelled by car
	Time:	0:00:17
	Energy:	0.0006 kWh
	CO2eq:	0.0549 g
	0.0005 km travelled by car
___backprop com 14 Treads_concluida___
___backprop com 16 Treads___
Tempo total: 15446.965 ms
	Time:	0:00:15
	Energy:	0.0005 kWh
	CO2eq:	0.0511 g
	0.0005 km travelled by car
	Time:	0:00:15
	Energy:	0.0005 kWh
	CO2eq:	0.0511 g
	0.0005 km travelled by car
___backprop com 16 Treads_concluida___
___backprop com 18 Treads___
Tempo total: 15400.760 ms
	Time:	0:00:15
	Energy:	0.0005 kWh
	CO2eq:	0.0511 g
	0.0005 km travelled by car
	Time:	0:00:15
	Energy:	0.0005 kWh
	CO2eq:	0.0511 g
	0.0005 km travelled by car
___backprop com 18 Treads_concluida___
___backprop com 20 Treads___
Tempo total: 15487.588 ms
	Time:	0:00:15
	Energy:	0.0005 kWh
	CO2eq:	0.0513 g
	0.0005 km travelled by car
	Time:	0:00:15
	Energy:	0.0005 kWh
	CO2eq:	0.0513 g
	0.0005 km travelled by car
___backprop com 20 Treads_concluida___
___backprop com 22 Treads___
Tempo total: 15482.115 ms
	Time:	0:00:15
	Energy:	0.0005 kWh
	CO2eq:	0.0514 g
	0.0005 km travelled by car
	Time:	0:00:15
	Energy:	0.0005 kWh
	CO2eq:	0.0514 g
	0.0005 km travelled by car
___backprop com 22 Treads_concluida___
___backprop com 24 Treads___
Tempo total: 15511.513 ms
	Time:	0:00:16
	Energy:	0.0005 kWh
	CO2eq:	0.0515 g
	0.0005 km travelled by car
	Time:	0:00:16
	Energy:	0.0005 kWh
	CO2eq:	0.0515 g
	0.0005 km travelled by car
___backprop com 24 Treads_concluida___
___backprop com 26 Treads___
Tempo total: 15491.217 ms
	Time:	0:00:15
	Energy:	0.0005 kWh
	CO2eq:	0.0515 g
	0.0005 km travelled by car
	Time:	0:00:15
	Energy:	0.0005 kWh
	CO2eq:	0.0515 g
	0.0005 km travelled by car
___backprop com 26 Treads_concluida___
___backprop com 28 Treads___
Tempo total: 15474.849 ms
	Time:	0:00:15
	Energy:	0.0005 kWh
	CO2eq:	0.0516 g
	0.0005 km travelled by car
	Time:	0:00:15
	Energy:	0.0005 kWh
	CO2eq:	0.0516 g
	0.0005 km travelled by car
___backprop com 28 Treads_concluida___
___backprop com 30 Treads___
Tempo total: 15450.846 ms
	Time:	0:00:15
	Energy:	0.0005 kWh
	CO2eq:	0.0514 g
	0.0005 km travelled by car
	Time:	0:00:15
	Energy:	0.0005 kWh
	CO2eq:	0.0514 g
	0.0005 km travelled by car
___backprop com 30 Treads_concluida___
___backprop com 32 Treads___
Tempo total: 15412.588 ms
	Time:	0:00:15
	Energy:	0.0005 kWh
	CO2eq:	0.0513 g
	0.0005 km travelled by car
	Time:	0:00:15
	Energy:	0.0005 kWh
	CO2eq:	0.0513 g
	0.0005 km travelled by car
___backprop com 32 Treads_concluida___
___backprop com 34 Treads___
Tempo total: 15435.647 ms
	Time:	0:00:15
	Energy:	0.0005 kWh
	CO2eq:	0.0514 g
	0.0005 km travelled by car
	Time:	0:00:15
	Energy:	0.0005 kWh
	CO2eq:	0.0514 g
	0.0005 km travelled by car
___backprop com 34 Treads_concluida___
___backprop com 36 Treads___
Tempo total: 15430.813 ms
	Time:	0:00:15
	Energy:	0.0005 kWh
	CO2eq:	0.0514 g
	0.0005 km travelled by car
	Time:	0:00:15
	Energy:	0.0005 kWh
	CO2eq:	0.0514 g
	0.0005 km travelled by car
___backprop com 36 Treads_concluida___
___backprop com 38 Treads___
Tempo total: 15511.451 ms
	Time:	0:00:16
	Energy:	0.0005 kWh
	CO2eq:	0.0516 g
	0.0005 km travelled by car
	Time:	0:00:16
	Energy:	0.0005 kWh
	CO2eq:	0.0516 g
	0.0005 km travelled by car
___backprop com 38 Treads_concluida___
___backprop com 40 Treads___
Tempo total: 15410.919 ms
	Time:	0:00:15
	Energy:	0.0005 kWh
	CO2eq:	0.0514 g
	0.0005 km travelled by car
	Time:	0:00:15
	Energy:	0.0005 kWh
	CO2eq:	0.0514 g
	0.0005 km travelled by car
___backprop com 40 Treads_concluida___
___backprop com 42 Treads___
Tempo total: 15411.812 ms
	Time:	0:00:15
	Energy:	0.0005 kWh
	CO2eq:	0.0513 g
	0.0005 km travelled by car
	Time:	0:00:15
	Energy:	0.0005 kWh
	CO2eq:	0.0513 g
	0.0005 km travelled by car
___backprop com 42 Treads_concluida___
___backprop com 44 Treads___
Tempo total: 15939.646 ms
	Time:	0:00:16
	Energy:	0.0005 kWh
	CO2eq:	0.0532 g
	0.0005 km travelled by car
	Time:	0:00:16
	Energy:	0.0005 kWh
	CO2eq:	0.0532 g
	0.0005 km travelled by car
___backprop com 44 Treads_concluida___
___backprop com 46 Treads___
Tempo total: 15485.477 ms
	Time:	0:00:15
	Energy:	0.0005 kWh
	CO2eq:	0.0515 g
	0.0005 km travelled by car
	Time:	0:00:15
	Energy:	0.0005 kWh
	CO2eq:	0.0515 g
	0.0005 km travelled by car
___backprop com 46 Treads_concluida___
___backprop com 48 Treads___
Tempo total: 15470.922 ms
	Time:	0:00:15
	Energy:	0.0005 kWh
	CO2eq:	0.0515 g
	0.0005 km travelled by car
	Time:	0:00:15
	Energy:	0.0005 kWh
	CO2eq:	0.0515 g
	0.0005 km travelled by car
___backprop com 48 Treads_concluida___
___backprop com 50 Treads___
Tempo total: 15622.029 ms
	Time:	0:00:16
	Energy:	0.0005 kWh
	CO2eq:	0.0520 g
	0.0005 km travelled by car
	Time:	0:00:16
	Energy:	0.0005 kWh
	CO2eq:	0.0520 g
	0.0005 km travelled by car
___backprop com 50 Treads_concluida___
___backprop com 52 Treads___
Tempo total: 15467.041 ms
	Time:	0:00:15
	Energy:	0.0005 kWh
	CO2eq:	0.0516 g
	0.0005 km travelled by car
	Time:	0:00:15
	Energy:	0.0005 kWh
	CO2eq:	0.0516 g
	0.0005 km travelled by car
___backprop com 52 Treads_concluida___
___backprop com 54 Treads___
Tempo total: 15508.247 ms
	Time:	0:00:16
	Energy:	0.0005 kWh
	CO2eq:	0.0516 g
	0.0005 km travelled by car
	Time:	0:00:16
	Energy:	0.0005 kWh
	CO2eq:	0.0516 g
	0.0005 km travelled by car
___backprop com 54 Treads_concluida___
___backprop com 56 Treads___
Tempo total: 15451.158 ms
	Time:	0:00:15
	Energy:	0.0005 kWh
	CO2eq:	0.0514 g
	0.0005 km travelled by car
	Time:	0:00:15
	Energy:	0.0005 kWh
	CO2eq:	0.0514 g
	0.0005 km travelled by car
___backprop com 56 Treads_concluida___
___backprop com 58 Treads___
Tempo total: 15834.861 ms
	Time:	0:00:16
	Energy:	0.0005 kWh
	CO2eq:	0.0527 g
	0.0005 km travelled by car
	Time:	0:00:16
	Energy:	0.0005 kWh
	CO2eq:	0.0527 g
	0.0005 km travelled by car
___backprop com 58 Treads_concluida___
___backprop com 60 Treads___
Tempo total: 15449.739 ms
	Time:	0:00:15
	Energy:	0.0005 kWh
	CO2eq:	0.0515 g
	0.0005 km travelled by car
	Time:	0:00:15
	Energy:	0.0005 kWh
	CO2eq:	0.0515 g
	0.0005 km travelled by car
___backprop com 60 Treads_concluida___
___backprop com 62 Treads___
Tempo total: 15455.338 ms
	Time:	0:00:15
	Energy:	0.0005 kWh
	CO2eq:	0.0516 g
	0.0005 km travelled by car
	Time:	0:00:15
	Energy:	0.0005 kWh
	CO2eq:	0.0516 g
	0.0005 km travelled by car
___backprop com 62 Treads_concluida___
___backprop com 64 Treads___
Tempo total: 15479.176 ms
	Time:	0:00:15
	Energy:	0.0005 kWh
	CO2eq:	0.0515 g
	0.0005 km travelled by car
	Time:	0:00:15
	Energy:	0.0005 kWh
	CO2eq:	0.0515 g
	0.0005 km travelled by car
___backprop com 64 Treads_concluida___
___backprop com 66 Treads___
Tempo total: 15856.784 ms
	Time:	0:00:16
	Energy:	0.0005 kWh
	CO2eq:	0.0528 g
	0.0005 km travelled by car
	Time:	0:00:16
	Energy:	0.0005 kWh
	CO2eq:	0.0528 g
	0.0005 km travelled by car
___backprop com 66 Treads_concluida___
___backprop com 68 Treads___
Tempo total: 15436.955 ms
	Time:	0:00:15
	Energy:	0.0005 kWh
	CO2eq:	0.0515 g
	0.0005 km travelled by car
	Time:	0:00:15
	Energy:	0.0005 kWh
	CO2eq:	0.0515 g
	0.0005 km travelled by car
___backprop com 68 Treads_concluida___
___backprop com 70 Treads___
Tempo total: 16069.404 ms
	Time:	0:00:16
	Energy:	0.0005 kWh
	CO2eq:	0.0537 g
	0.0005 km travelled by car
	Time:	0:00:16
	Energy:	0.0005 kWh
	CO2eq:	0.0537 g
	0.0005 km travelled by car
___backprop com 70 Treads_concluida___
___backprop com 72 Treads___
Tempo total: 15479.163 ms
	Time:	0:00:15
	Energy:	0.0005 kWh
	CO2eq:	0.0515 g
	0.0005 km travelled by car
	Time:	0:00:15
	Energy:	0.0005 kWh
	CO2eq:	0.0515 g
	0.0005 km travelled by car
___backprop com 72 Treads_concluida___
___backprop com 74 Treads___
Tempo total: 15433.918 ms
	Time:	0:00:15
	Energy:	0.0005 kWh
	CO2eq:	0.0513 g
	0.0005 km travelled by car
	Time:	0:00:15
	Energy:	0.0005 kWh
	CO2eq:	0.0513 g
	0.0005 km travelled by car
___backprop com 74 Treads_concluida___
___backprop com 76 Treads___
Tempo total: 15506.563 ms
	Time:	0:00:16
	Energy:	0.0005 kWh
	CO2eq:	0.0515 g
	0.0005 km travelled by car
	Time:	0:00:16
	Energy:	0.0005 kWh
	CO2eq:	0.0515 g
	0.0005 km travelled by car
___backprop com 76 Treads_concluida___
___backprop com 78 Treads___
Tempo total: 15453.868 ms
	Time:	0:00:15
	Energy:	0.0005 kWh
	CO2eq:	0.0513 g
	0.0005 km travelled by car
	Time:	0:00:15
	Energy:	0.0005 kWh
	CO2eq:	0.0513 g
	0.0005 km travelled by car
___backprop com 78 Treads_concluida___
___backprop com 80 Treads___
Tempo total: 15440.101 ms
	Time:	0:00:15
	Energy:	0.0005 kWh
	CO2eq:	0.0513 g
	0.0005 km travelled by car
	Time:	0:00:15
	Energy:	0.0005 kWh
	CO2eq:	0.0513 g
	0.0005 km travelled by car
___backprop com 80 Treads_concluida___
___backprop com 82 Treads___
Tempo total: 15695.293 ms
	Time:	0:00:16
	Energy:	0.0005 kWh
	CO2eq:	0.0522 g
	0.0005 km travelled by car
	Time:	0:00:16
	Energy:	0.0005 kWh
	CO2eq:	0.0522 g
	0.0005 km travelled by car
___backprop com 82 Treads_concluida___
___backprop com 84 Treads___
Tempo total: 15788.821 ms
	Time:	0:00:16
	Energy:	0.0005 kWh
	CO2eq:	0.0525 g
	0.0005 km travelled by car
	Time:	0:00:16
	Energy:	0.0005 kWh
	CO2eq:	0.0525 g
	0.0005 km travelled by car
___backprop com 84 Treads_concluida___
___backprop com 86 Treads___
Tempo total: 15435.841 ms
	Time:	0:00:15
	Energy:	0.0005 kWh
	CO2eq:	0.0514 g
	0.0005 km travelled by car
	Time:	0:00:15
	Energy:	0.0005 kWh
	CO2eq:	0.0514 g
	0.0005 km travelled by car
___backprop com 86 Treads_concluida___
___backprop com 88 Treads___
Tempo total: 16087.652 ms
	Time:	0:00:16
	Energy:	0.0005 kWh
	CO2eq:	0.0535 g
	0.0005 km travelled by car
	Time:	0:00:16
	Energy:	0.0005 kWh
	CO2eq:	0.0535 g
	0.0005 km travelled by car
___backprop com 88 Treads_concluida___
___Fim de backprop___:

Start -> cfd
compilando cfd...
rm -f euler3d_cpu
rm -f euler3d_cpu_offload
rm -f euler3d_cpu_double
rm -f pre_euler3d_cpu
rm -f pre_euler3d_cpu_double
g++ -O3 -Dblock_length=8 -fopenmp euler3d_cpu.cpp -o euler3d_cpu
g++ -O3 -Dblock_length=8 -fopenmp euler3d_cpu_double.cpp -o euler3d_cpu_double
g++ -O3 -Dblock_length=8 -fopenmp pre_euler3d_cpu.cpp -o pre_euler3d_cpu
g++ -O3 -Dblock_length=8 -fopenmp pre_euler3d_cpu_double.cpp -o pre_euler3d_cpu_double
icc -g -O3 -DOMP_OFFLOAD -Dblock_length=216 -fopenmp -offload-option,mic,compiler,"-no-opt-prefetch" euler3d_cpu.cpp -o euler3d_cpu_offload
___Executando cfd___:
___cfd com 2 Treads___
Compute time: 115.144
Tempo total: 117048.804 ms
	Time:	0:01:57
	Energy:	0.0038 kWh
	CO2eq:	0.3782 g
	0.0035 km travelled by car
	Time:	0:01:57
	Energy:	0.0038 kWh
	CO2eq:	0.3782 g
	0.0035 km travelled by car
___cfd com 2 Treads_concluida___
___cfd com 4 Treads___
Compute time: 58.7714
Tempo total: 60693.710 ms
	Time:	0:01:01
	Energy:	0.0021 kWh
	CO2eq:	0.2052 g
	0.0019 km travelled by car
	Time:	0:01:01
	Energy:	0.0021 kWh
	CO2eq:	0.2052 g
	0.0019 km travelled by car
___cfd com 4 Treads_concluida___
___cfd com 6 Treads___
Compute time: 41.4016
Tempo total: 43324.088 ms
	Time:	0:00:43
	Energy:	0.0015 kWh
	CO2eq:	0.1498 g
	0.0014 km travelled by car
	Time:	0:00:43
	Energy:	0.0015 kWh
	CO2eq:	0.1498 g
	0.0014 km travelled by car
___cfd com 6 Treads_concluida___
___cfd com 8 Treads___
Compute time: 32.0867
Tempo total: 33984.937 ms
	Time:	0:00:34
	Energy:	0.0012 kWh
	CO2eq:	0.1212 g
	0.0011 km travelled by car
	Time:	0:00:34
	Energy:	0.0012 kWh
	CO2eq:	0.1212 g
	0.0011 km travelled by car
___cfd com 8 Treads_concluida___
___cfd com 10 Treads___
Compute time: 26.8092
Tempo total: 28747.316 ms
	Time:	0:00:29
	Energy:	0.0011 kWh
	CO2eq:	0.1049 g
	0.0010 km travelled by car
	Time:	0:00:29
	Energy:	0.0011 kWh
	CO2eq:	0.1049 g
	0.0010 km travelled by car
___cfd com 10 Treads_concluida___
___cfd com 12 Treads___
Compute time: 23.0099
Tempo total: 24890.453 ms
	Time:	0:00:25
	Energy:	0.0009 kWh
	CO2eq:	0.0925 g
	0.0009 km travelled by car
	Time:	0:00:25
	Energy:	0.0009 kWh
	CO2eq:	0.0925 g
	0.0009 km travelled by car
___cfd com 12 Treads_concluida___
___cfd com 14 Treads___
Compute time: 20.4434
Tempo total: 22377.526 ms
	Time:	0:00:22
	Energy:	0.0009 kWh
	CO2eq:	0.0842 g
	0.0008 km travelled by car
	Time:	0:00:22
	Energy:	0.0009 kWh
	CO2eq:	0.0842 g
	0.0008 km travelled by car
___cfd com 14 Treads_concluida___
___cfd com 16 Treads___
Compute time: 18.4434
Tempo total: 20338.126 ms
	Time:	0:00:20
	Energy:	0.0008 kWh
	CO2eq:	0.0775 g
	0.0007 km travelled by car
	Time:	0:00:20
	Energy:	0.0008 kWh
	CO2eq:	0.0775 g
	0.0007 km travelled by car
___cfd com 16 Treads_concluida___
___cfd com 18 Treads___
Compute time: 16.7903
Tempo total: 18662.058 ms
	Time:	0:00:19
	Energy:	0.0007 kWh
	CO2eq:	0.0717 g
	0.0007 km travelled by car
	Time:	0:00:19
	Energy:	0.0007 kWh
	CO2eq:	0.0717 g
	0.0007 km travelled by car
___cfd com 18 Treads_concluida___
___cfd com 20 Treads___
Compute time: 15.2114
Tempo total: 17096.289 ms
	Time:	0:00:17
	Energy:	0.0007 kWh
	CO2eq:	0.0659 g
	0.0006 km travelled by car
	Time:	0:00:17
	Energy:	0.0007 kWh
	CO2eq:	0.0659 g
	0.0006 km travelled by car
___cfd com 20 Treads_concluida___
___cfd com 22 Treads___
Compute time: 13.9091
Tempo total: 15824.341 ms
	Time:	0:00:16
	Energy:	0.0006 kWh
	CO2eq:	0.0630 g
	0.0006 km travelled by car
	Time:	0:00:16
	Energy:	0.0006 kWh
	CO2eq:	0.0630 g
	0.0006 km travelled by car
___cfd com 22 Treads_concluida___
___cfd com 24 Treads___
Compute time: 12.6716
Tempo total: 14620.928 ms
	Time:	0:00:15
	Energy:	0.0006 kWh
	CO2eq:	0.0595 g
	0.0006 km travelled by car
	Time:	0:00:15
	Energy:	0.0006 kWh
	CO2eq:	0.0595 g
	0.0006 km travelled by car
___cfd com 24 Treads_concluida___
___cfd com 26 Treads___
Compute time: 11.6354
Tempo total: 13531.550 ms
	Time:	0:00:14
	Energy:	0.0006 kWh
	CO2eq:	0.0551 g
	0.0005 km travelled by car
	Time:	0:00:14
	Energy:	0.0006 kWh
	CO2eq:	0.0551 g
	0.0005 km travelled by car
___cfd com 26 Treads_concluida___
___cfd com 28 Treads___
Compute time: 10.8722
Tempo total: 12755.182 ms
	Time:	0:00:13
	Energy:	0.0005 kWh
	CO2eq:	0.0536 g
	0.0005 km travelled by car
	Time:	0:00:13
	Energy:	0.0005 kWh
	CO2eq:	0.0536 g
	0.0005 km travelled by car
___cfd com 28 Treads_concluida___
___cfd com 30 Treads___
Compute time: 10.1259
Tempo total: 12039.827 ms
	Time:	0:00:12
	Energy:	0.0005 kWh
	CO2eq:	0.0515 g
	0.0005 km travelled by car
	Time:	0:00:12
	Energy:	0.0005 kWh
	CO2eq:	0.0515 g
	0.0005 km travelled by car
___cfd com 30 Treads_concluida___
___cfd com 32 Treads___
Compute time: 9.48119
Tempo total: 11399.733 ms
	Time:	0:00:11
	Energy:	0.0005 kWh
	CO2eq:	0.0482 g
	0.0004 km travelled by car
	Time:	0:00:11
	Energy:	0.0005 kWh
	CO2eq:	0.0482 g
	0.0004 km travelled by car
___cfd com 32 Treads_concluida___
___cfd com 34 Treads___
Compute time: 8.96563
Tempo total: 10910.626 ms
	Time:	0:00:11
	Energy:	0.0005 kWh
	CO2eq:	0.0477 g
	0.0004 km travelled by car
	Time:	0:00:11
	Energy:	0.0005 kWh
	CO2eq:	0.0454 g
	0.0004 km travelled by car
___cfd com 34 Treads_concluida___
___cfd com 36 Treads___
Compute time: 8.4896
Tempo total: 10356.155 ms
	Time:	0:00:10
	Energy:	0.0005 kWh
	CO2eq:	0.0462 g
	0.0004 km travelled by car
	Time:	0:00:10
	Energy:	0.0005 kWh
	CO2eq:	0.0462 g
	0.0004 km travelled by car
___cfd com 36 Treads_concluida___
___cfd com 38 Treads___
Compute time: 8.08724
Tempo total: 9975.946 ms
	Time:	0:00:10
	Energy:	0.0005 kWh
	CO2eq:	0.0452 g
	0.0004 km travelled by car
	Time:	0:00:10
	Energy:	0.0005 kWh
	CO2eq:	0.0452 g
	0.0004 km travelled by car
___cfd com 38 Treads_concluida___
___cfd com 40 Treads___
Compute time: 7.66419
Tempo total: 9602.198 ms
	Time:	0:00:10
	Energy:	0.0004 kWh
	CO2eq:	0.0428 g
	0.0004 km travelled by car
	Time:	0:00:10
	Energy:	0.0004 kWh
	CO2eq:	0.0428 g
	0.0004 km travelled by car
___cfd com 40 Treads_concluida___
___cfd com 42 Treads___
Compute time: 7.39158
Tempo total: 9256.516 ms
	Time:	0:00:09
	Energy:	0.0004 kWh
	CO2eq:	0.0410 g
	0.0004 km travelled by car
	Time:	0:00:09
	Energy:	0.0004 kWh
	CO2eq:	0.0410 g
	0.0004 km travelled by car
___cfd com 42 Treads_concluida___
___cfd com 44 Treads___
Compute time: 7.10935
Tempo total: 8971.598 ms
	Time:	0:00:09
	Energy:	0.0004 kWh
	CO2eq:	0.0420 g
	0.0004 km travelled by car
	Time:	0:00:09
	Energy:	0.0004 kWh
	CO2eq:	0.0393 g
	0.0004 km travelled by car
___cfd com 44 Treads_concluida___
___cfd com 46 Treads___
Compute time: 7.17859
Tempo total: 9160.014 ms
	Time:	0:00:09
	Energy:	0.0004 kWh
	CO2eq:	0.0416 g
	0.0004 km travelled by car
	Time:	0:00:09
	Energy:	0.0004 kWh
	CO2eq:	0.0416 g
	0.0004 km travelled by car
___cfd com 46 Treads_concluida___
___cfd com 48 Treads___
Compute time: 6.92273
Tempo total: 8804.461 ms
	Time:	0:00:09
	Energy:	0.0004 kWh
	CO2eq:	0.2117 g
	0.0020 km travelled by car
	Time:	0:00:09
	Energy:	0.0004 kWh
	CO2eq:	0.2117 g
	0.0020 km travelled by car
___cfd com 48 Treads_concluida___
___cfd com 50 Treads___
Compute time: 6.87623
Tempo total: 8769.604 ms
	Time:	0:00:09
	Energy:	0.0004 kWh
	CO2eq:	0.2130 g
	0.0020 km travelled by car
	Time:	0:00:09
	Energy:	0.0004 kWh
	CO2eq:	0.2130 g
	0.0020 km travelled by car
___cfd com 50 Treads_concluida___
___cfd com 52 Treads___
Compute time: 6.61051
Tempo total: 8523.901 ms
	Time:	0:00:09
	Energy:	0.0004 kWh
	CO2eq:	0.2101 g
	0.0020 km travelled by car
	Time:	0:00:09
	Energy:	0.0004 kWh
	CO2eq:	0.2101 g
	0.0020 km travelled by car
___cfd com 52 Treads_concluida___
___cfd com 54 Treads___
Compute time: 6.37573
Tempo total: 8263.680 ms
	Time:	0:00:08
	Energy:	0.0004 kWh
	CO2eq:	0.2059 g
	0.0019 km travelled by car
	Time:	0:00:08
	Energy:	0.0004 kWh
	CO2eq:	0.2059 g
	0.0019 km travelled by car
___cfd com 54 Treads_concluida___
___cfd com 56 Treads___
Compute time: 6.17205
Tempo total: 8120.114 ms
	Time:	0:00:08
	Energy:	0.0004 kWh
	CO2eq:	0.2043 g
	0.0019 km travelled by car
	Time:	0:00:08
	Energy:	0.0004 kWh
	CO2eq:	0.2043 g
	0.0019 km travelled by car
___cfd com 56 Treads_concluida___
___cfd com 58 Treads___
Compute time: 5.99375
Tempo total: 8119.972 ms
	Time:	0:00:08
	Energy:	0.0004 kWh
	CO2eq:	0.2028 g
	0.0019 km travelled by car
	Time:	0:00:08
	Energy:	0.0004 kWh
	CO2eq:	0.2028 g
	0.0019 km travelled by car
___cfd com 58 Treads_concluida___
___cfd com 60 Treads___
Compute time: 5.84524
Tempo total: 7797.174 ms
	Time:	0:00:08
	Energy:	0.0004 kWh
	CO2eq:	0.1929 g
	0.0018 km travelled by car
	Time:	0:00:08
	Energy:	0.0004 kWh
	CO2eq:	0.1929 g
	0.0018 km travelled by car
___cfd com 60 Treads_concluida___
___cfd com 62 Treads___
Compute time: 5.60391
Tempo total: 7558.404 ms
	Time:	0:00:08
	Energy:	0.0004 kWh
	CO2eq:	0.1829 g
	0.0017 km travelled by car
	Time:	0:00:08
	Energy:	0.0004 kWh
	CO2eq:	0.1829 g
	0.0017 km travelled by car
___cfd com 62 Treads_concluida___
___cfd com 64 Treads___
Compute time: 5.52427
Tempo total: 7420.251 ms
	Time:	0:00:07
	Energy:	0.0004 kWh
	CO2eq:	0.1793 g
	0.0017 km travelled by car
	Time:	0:00:07
	Energy:	0.0004 kWh
	CO2eq:	0.1793 g
	0.0017 km travelled by car
___cfd com 64 Treads_concluida___
___cfd com 66 Treads___
Compute time: 5.31683
Tempo total: 7278.159 ms
	Time:	0:00:07
	Energy:	0.0004 kWh
	CO2eq:	0.1727 g
	0.0016 km travelled by car
	Time:	0:00:07
	Energy:	0.0004 kWh
	CO2eq:	0.1727 g
	0.0016 km travelled by car
___cfd com 66 Treads_concluida___
___cfd com 68 Treads___
Compute time: 5.28462
Tempo total: 7279.371 ms
	Time:	0:00:07
	Energy:	0.0004 kWh
	CO2eq:	0.1733 g
	0.0016 km travelled by car
	Time:	0:00:07
	Energy:	0.0004 kWh
	CO2eq:	0.1733 g
	0.0016 km travelled by car
___cfd com 68 Treads_concluida___
___cfd com 70 Treads___
Compute time: 5.29584
Tempo total: 7235.515 ms
	Time:	0:00:07
	Energy:	0.0004 kWh
	CO2eq:	0.1733 g
	0.0016 km travelled by car
	Time:	0:00:07
	Energy:	0.0004 kWh
	CO2eq:	0.1733 g
	0.0016 km travelled by car
___cfd com 70 Treads_concluida___
___cfd com 72 Treads___
Compute time: 5.11992
Tempo total: 7046.889 ms
	Time:	0:00:07
	Energy:	0.0004 kWh
	CO2eq:	0.1832 g
	0.0017 km travelled by car
	Time:	0:00:07
	Energy:	0.0003 kWh
	CO2eq:	0.1656 g
	0.0015 km travelled by car
___cfd com 72 Treads_concluida___
___cfd com 74 Treads___
Compute time: 4.97924
Tempo total: 6858.939 ms
	Time:	0:00:07
	Energy:	0.0004 kWh
	CO2eq:	0.1810 g
	0.0017 km travelled by car
	Time:	0:00:07
	Energy:	0.0004 kWh
	CO2eq:	0.1810 g
	0.0017 km travelled by car
___cfd com 74 Treads_concluida___
___cfd com 76 Treads___
Compute time: 5.19172
Tempo total: 7125.035 ms
	Time:	0:00:07
	Energy:	0.0004 kWh
	CO2eq:	0.1705 g
	0.0016 km travelled by car
	Time:	0:00:07
	Energy:	0.0004 kWh
	CO2eq:	0.1705 g
	0.0016 km travelled by car
___cfd com 76 Treads_concluida___
___cfd com 78 Treads___
Compute time: 4.77328
Tempo total: 6660.019 ms
	Time:	0:00:07
	Energy:	0.0004 kWh
	CO2eq:	0.1789 g
	0.0017 km travelled by car
	Time:	0:00:07
	Energy:	0.0004 kWh
	CO2eq:	0.1789 g
	0.0017 km travelled by car
___cfd com 78 Treads_concluida___
___cfd com 80 Treads___
Compute time: 4.63606
Tempo total: 6565.396 ms
	Time:	0:00:07
	Energy:	0.0004 kWh
	CO2eq:	0.1759 g
	0.0016 km travelled by car
	Time:	0:00:07
	Energy:	0.0004 kWh
	CO2eq:	0.1759 g
	0.0016 km travelled by car
___cfd com 80 Treads_concluida___
___cfd com 82 Treads___
Compute time: 4.62285
Tempo total: 6554.922 ms
	Time:	0:00:07
	Energy:	0.0004 kWh
	CO2eq:	0.1793 g
	0.0017 km travelled by car
	Time:	0:00:07
	Energy:	0.0004 kWh
	CO2eq:	0.1793 g
	0.0017 km travelled by car
___cfd com 82 Treads_concluida___
___cfd com 84 Treads___
Compute time: 4.4896
Tempo total: 6435.610 ms
	Time:	0:00:06
	Energy:	0.0004 kWh
	CO2eq:	0.1756 g
	0.0016 km travelled by car
	Time:	0:00:06
	Energy:	0.0004 kWh
	CO2eq:	0.1756 g
	0.0016 km travelled by car
___cfd com 84 Treads_concluida___
___cfd com 86 Treads___
Compute time: 4.45705
Tempo total: 6416.658 ms
	Time:	0:00:06
	Energy:	0.0004 kWh
	CO2eq:	0.1756 g
	0.0016 km travelled by car
	Time:	0:00:06
	Energy:	0.0004 kWh
	CO2eq:	0.1756 g
	0.0016 km travelled by car
___cfd com 86 Treads_concluida___
___cfd com 88 Treads___
Compute time: 4.6552
Tempo total: 6609.457 ms
	Time:	0:00:07
	Energy:	0.0004 kWh
	CO2eq:	0.1780 g
	0.0017 km travelled by car
	Time:	0:00:07
	Energy:	0.0004 kWh
	CO2eq:	0.1780 g
	0.0017 km travelled by car
___cfd com 88 Treads_concluida___
___Fim de cfd___:

Start -> srad
compilando srad...
cd srad_v1; 	make clean
make[1]: Entering directory '/scratch/acsilveira/rodinia_novos/openmp/srad/srad_v1'
rm *.o srad
make[1]: Leaving directory '/scratch/acsilveira/rodinia_novos/openmp/srad/srad_v1'
cd srad_v2; 	make clean
make[1]: Entering directory '/scratch/acsilveira/rodinia_novos/openmp/srad/srad_v2'
rm -f srad
make[1]: Leaving directory '/scratch/acsilveira/rodinia_novos/openmp/srad/srad_v2'
cd srad_v1; 	make
make[1]: Entering directory '/scratch/acsilveira/rodinia_novos/openmp/srad/srad_v1'
gcc	main.c \
		-c -O3 -fopenmp
gcc	main.o \
		-lm -fopenmp -o srad
make[1]: Leaving directory '/scratch/acsilveira/rodinia_novos/openmp/srad/srad_v1'
cd srad_v2; 	make
make[1]: Entering directory '/scratch/acsilveira/rodinia_novos/openmp/srad/srad_v2'
g++ -g -fopenmp -O2 -lm srad.cpp -o srad
make[1]: Leaving directory '/scratch/acsilveira/rodinia_novos/openmp/srad/srad_v2'
___Executando srad___:
___srad com 2 Treads___
Tempo total: 148327.941 ms
	Time:	0:02:28
	Energy:	0.0049 kWh
	CO2eq:	2.3348 g
	0.0217 km travelled by car
	Time:	0:02:28
	Energy:	0.0049 kWh
	CO2eq:	2.3348 g
	0.0217 km travelled by car
___srad com 2 Treads_concluida___
___srad com 4 Treads___
Tempo total: 74597.537 ms
	Time:	0:01:15
	Energy:	0.0026 kWh
	CO2eq:	1.2341 g
	0.0115 km travelled by car
	Time:	0:01:15
	Energy:	0.0026 kWh
	CO2eq:	1.2341 g
	0.0115 km travelled by car
___srad com 4 Treads_concluida___
___srad com 6 Treads___
Tempo total: 52426.983 ms
	Time:	0:00:52
	Energy:	0.0019 kWh
	CO2eq:	0.8915 g
	0.0083 km travelled by car
	Time:	0:00:52
	Energy:	0.0019 kWh
	CO2eq:	0.8915 g
	0.0083 km travelled by car
___srad com 6 Treads_concluida___
___srad com 8 Treads___
Tempo total: 42538.132 ms
	Time:	0:00:43
	Energy:	0.0015 kWh
	CO2eq:	0.7424 g
	0.0069 km travelled by car
	Time:	0:00:43
	Energy:	0.0015 kWh
	CO2eq:	0.7424 g
	0.0069 km travelled by car
___srad com 8 Treads_concluida___
___srad com 10 Treads___
Tempo total: 33950.151 ms
	Time:	0:00:34
	Energy:	0.0013 kWh
	CO2eq:	0.6079 g
	0.0057 km travelled by car
	Time:	0:00:34
	Energy:	0.0013 kWh
	CO2eq:	0.6079 g
	0.0057 km travelled by car
___srad com 10 Treads_concluida___
___srad com 12 Treads___
Tempo total: 29351.152 ms
	Time:	0:00:29
	Energy:	0.0011 kWh
	CO2eq:	0.5359 g
	0.0050 km travelled by car
	Time:	0:00:29
	Energy:	0.0011 kWh
	CO2eq:	0.5359 g
	0.0050 km travelled by car
___srad com 12 Treads_concluida___
___srad com 14 Treads___
Tempo total: 26356.693 ms
	Time:	0:00:26
	Energy:	0.0010 kWh
	CO2eq:	0.4896 g
	0.0046 km travelled by car
	Time:	0:00:26
	Energy:	0.0010 kWh
	CO2eq:	0.4896 g
	0.0046 km travelled by car
___srad com 14 Treads_concluida___
___srad com 16 Treads___
Tempo total: 25001.052 ms
	Time:	0:00:25
	Energy:	0.0010 kWh
	CO2eq:	0.4704 g
	0.0044 km travelled by car
	Time:	0:00:25
	Energy:	0.0010 kWh
	CO2eq:	0.4681 g
	0.0044 km travelled by car
___srad com 16 Treads_concluida___
___srad com 18 Treads___
Tempo total: 22921.598 ms
	Time:	0:00:23
	Energy:	0.0009 kWh
	CO2eq:	0.4353 g
	0.0040 km travelled by car
	Time:	0:00:23
	Energy:	0.0009 kWh
	CO2eq:	0.4353 g
	0.0040 km travelled by car
___srad com 18 Treads_concluida___
___srad com 20 Treads___
Tempo total: 20904.652 ms
	Time:	0:00:21
	Energy:	0.0008 kWh
	CO2eq:	0.4063 g
	0.0038 km travelled by car
	Time:	0:00:21
	Energy:	0.0008 kWh
	CO2eq:	0.4063 g
	0.0038 km travelled by car
___srad com 20 Treads_concluida___
___srad com 22 Treads___
Tempo total: 19423.789 ms
	Time:	0:00:19
	Energy:	0.0008 kWh
	CO2eq:	0.3854 g
	0.0036 km travelled by car
	Time:	0:00:19
	Energy:	0.0008 kWh
	CO2eq:	0.3854 g
	0.0036 km travelled by car
___srad com 22 Treads_concluida___
___srad com 24 Treads___
Tempo total: 18033.316 ms
	Time:	0:00:18
	Energy:	0.0008 kWh
	CO2eq:	0.3647 g
	0.0034 km travelled by car
	Time:	0:00:18
	Energy:	0.0008 kWh
	CO2eq:	0.3647 g
	0.0034 km travelled by car
___srad com 24 Treads_concluida___
___srad com 26 Treads___
Tempo total: 16992.069 ms
	Time:	0:00:17
	Energy:	0.0007 kWh
	CO2eq:	0.3497 g
	0.0033 km travelled by car
	Time:	0:00:17
	Energy:	0.0007 kWh
	CO2eq:	0.3480 g
	0.0032 km travelled by car
___srad com 26 Treads_concluida___
___srad com 28 Treads___
Tempo total: 16249.972 ms
	Time:	0:00:16
	Energy:	0.0007 kWh
	CO2eq:	0.3411 g
	0.0032 km travelled by car
	Time:	0:00:16
	Energy:	0.0007 kWh
	CO2eq:	0.3411 g
	0.0032 km travelled by car
___srad com 28 Treads_concluida___
___srad com 30 Treads___
Tempo total: 15443.951 ms
	Time:	0:00:15
	Energy:	0.0007 kWh
	CO2eq:	0.3303 g
	0.0031 km travelled by car
	Time:	0:00:15
	Energy:	0.0007 kWh
	CO2eq:	0.3303 g
	0.0031 km travelled by car
___srad com 30 Treads_concluida___
___srad com 32 Treads___
Tempo total: 14657.206 ms
	Time:	0:00:15
	Energy:	0.0007 kWh
	CO2eq:	0.3195 g
	0.0030 km travelled by car
	Time:	0:00:15
	Energy:	0.0007 kWh
	CO2eq:	0.3195 g
	0.0030 km travelled by car
___srad com 32 Treads_concluida___
___srad com 34 Treads___
Tempo total: 14593.711 ms
	Time:	0:00:15
	Energy:	0.0007 kWh
	CO2eq:	0.3213 g
	0.0030 km travelled by car
	Time:	0:00:15
	Energy:	0.0007 kWh
	CO2eq:	0.3213 g
	0.0030 km travelled by car
___srad com 34 Treads_concluida___
___srad com 36 Treads___
Tempo total: 14106.258 ms
	Time:	0:00:14
	Energy:	0.0007 kWh
	CO2eq:	0.3152 g
	0.0029 km travelled by car
	Time:	0:00:14
	Energy:	0.0007 kWh
	CO2eq:	0.3152 g
	0.0029 km travelled by car
___srad com 36 Treads_concluida___
___srad com 38 Treads___
Tempo total: 13629.657 ms
	Time:	0:00:14
	Energy:	0.0006 kWh
	CO2eq:	0.3086 g
	0.0029 km travelled by car
	Time:	0:00:14
	Energy:	0.0006 kWh
	CO2eq:	0.3086 g
	0.0029 km travelled by car
___srad com 38 Treads_concluida___
___srad com 40 Treads___
Tempo total: 13142.155 ms
	Time:	0:00:13
	Energy:	0.0006 kWh
	CO2eq:	0.3025 g
	0.0028 km travelled by car
	Time:	0:00:13
	Energy:	0.0006 kWh
	CO2eq:	0.3025 g
	0.0028 km travelled by car
___srad com 40 Treads_concluida___
___srad com 42 Treads___
Tempo total: 12793.674 ms
	Time:	0:00:13
	Energy:	0.0006 kWh
	CO2eq:	0.2985 g
	0.0028 km travelled by car
	Time:	0:00:13
	Energy:	0.0006 kWh
	CO2eq:	0.2985 g
	0.0028 km travelled by car
___srad com 42 Treads_concluida___
___srad com 44 Treads___
Tempo total: 12365.041 ms
	Time:	0:00:12
	Energy:	0.0006 kWh
	CO2eq:	0.2936 g
	0.0027 km travelled by car
	Time:	0:00:12
	Energy:	0.0006 kWh
	CO2eq:	0.2936 g
	0.0027 km travelled by car
___srad com 44 Treads_concluida___
___srad com 46 Treads___
Tempo total: 11799.371 ms
	Time:	0:00:12
	Energy:	0.0006 kWh
	CO2eq:	0.2883 g
	0.0027 km travelled by car
	Time:	0:00:12
	Energy:	0.0006 kWh
	CO2eq:	0.2883 g
	0.0027 km travelled by car
___srad com 46 Treads_concluida___
___srad com 48 Treads___
Tempo total: 11390.743 ms
	Time:	0:00:11
	Energy:	0.0006 kWh
	CO2eq:	0.2818 g
	0.0026 km travelled by car
	Time:	0:00:11
	Energy:	0.0006 kWh
	CO2eq:	0.2818 g
	0.0026 km travelled by car
___srad com 48 Treads_concluida___
___srad com 50 Treads___
Tempo total: 10963.550 ms
	Time:	0:00:11
	Energy:	0.0006 kWh
	CO2eq:	0.2753 g
	0.0026 km travelled by car
	Time:	0:00:11
	Energy:	0.0006 kWh
	CO2eq:	0.2729 g
	0.0025 km travelled by car
___srad com 50 Treads_concluida___
___srad com 52 Treads___
Tempo total: 10590.663 ms
	Time:	0:00:11
	Energy:	0.0006 kWh
	CO2eq:	0.2696 g
	0.0025 km travelled by car
	Time:	0:00:11
	Energy:	0.0006 kWh
	CO2eq:	0.2696 g
	0.0025 km travelled by car
___srad com 52 Treads_concluida___
___srad com 54 Treads___
Tempo total: 10247.060 ms
	Time:	0:00:10
	Energy:	0.0006 kWh
	CO2eq:	0.2650 g
	0.0025 km travelled by car
	Time:	0:00:10
	Energy:	0.0006 kWh
	CO2eq:	0.2650 g
	0.0025 km travelled by car
___srad com 54 Treads_concluida___
___srad com 56 Treads___
Tempo total: 9980.678 ms
	Time:	0:00:10
	Energy:	0.0005 kWh
	CO2eq:	0.2618 g
	0.0024 km travelled by car
	Time:	0:00:10
	Energy:	0.0005 kWh
	CO2eq:	0.2618 g
	0.0024 km travelled by car
___srad com 56 Treads_concluida___
___srad com 58 Treads___
Tempo total: 9646.439 ms
	Time:	0:00:10
	Energy:	0.0005 kWh
	CO2eq:	0.2568 g
	0.0024 km travelled by car
	Time:	0:00:10
	Energy:	0.0005 kWh
	CO2eq:	0.2568 g
	0.0024 km travelled by car
___srad com 58 Treads_concluida___
___srad com 60 Treads___
Tempo total: 9400.440 ms
	Time:	0:00:09
	Energy:	0.0005 kWh
	CO2eq:	0.2529 g
	0.0024 km travelled by car
	Time:	0:00:09
	Energy:	0.0005 kWh
	CO2eq:	0.2529 g
	0.0024 km travelled by car
___srad com 60 Treads_concluida___
___srad com 62 Treads___
Tempo total: 8910.844 ms
	Time:	0:00:09
	Energy:	0.0005 kWh
	CO2eq:	0.2418 g
	0.0022 km travelled by car
	Time:	0:00:09
	Energy:	0.0005 kWh
	CO2eq:	0.2380 g
	0.0022 km travelled by car
___srad com 62 Treads_concluida___
___srad com 64 Treads___
Tempo total: 8799.259 ms
	Time:	0:00:09
	Energy:	0.0005 kWh
	CO2eq:	0.2422 g
	0.0023 km travelled by car
	Time:	0:00:09
	Energy:	0.0005 kWh
	CO2eq:	0.2422 g
	0.0023 km travelled by car
___srad com 64 Treads_concluida___
___srad com 66 Treads___
Tempo total: 8628.050 ms
	Time:	0:00:09
	Energy:	0.0005 kWh
	CO2eq:	0.2402 g
	0.0022 km travelled by car
	Time:	0:00:09
	Energy:	0.0005 kWh
	CO2eq:	0.2402 g
	0.0022 km travelled by car
___srad com 66 Treads_concluida___
___srad com 68 Treads___
Tempo total: 8416.336 ms
	Time:	0:00:08
	Energy:	0.0005 kWh
	CO2eq:	0.2365 g
	0.0022 km travelled by car
	Time:	0:00:08
	Energy:	0.0005 kWh
	CO2eq:	0.2365 g
	0.0022 km travelled by car
___srad com 68 Treads_concluida___
___srad com 70 Treads___
Tempo total: 8178.816 ms
	Time:	0:00:08
	Energy:	0.0005 kWh
	CO2eq:	0.2338 g
	0.0022 km travelled by car
	Time:	0:00:08
	Energy:	0.0005 kWh
	CO2eq:	0.2338 g
	0.0022 km travelled by car
___srad com 70 Treads_concluida___
___srad com 72 Treads___
Tempo total: 8013.235 ms
	Time:	0:00:08
	Energy:	0.0005 kWh
	CO2eq:	0.2323 g
	0.0022 km travelled by car
	Time:	0:00:08
	Energy:	0.0005 kWh
	CO2eq:	0.2323 g
	0.0022 km travelled by car
___srad com 72 Treads_concluida___
___srad com 74 Treads___
Tempo total: 7884.259 ms
	Time:	0:00:08
	Energy:	0.0005 kWh
	CO2eq:	0.2306 g
	0.0021 km travelled by car
	Time:	0:00:08
	Energy:	0.0005 kWh
	CO2eq:	0.2306 g
	0.0021 km travelled by car
___srad com 74 Treads_concluida___
___srad com 76 Treads___
Tempo total: 7833.355 ms
	Time:	0:00:08
	Energy:	0.0005 kWh
	CO2eq:	0.2296 g
	0.0021 km travelled by car
	Time:	0:00:08
	Energy:	0.0005 kWh
	CO2eq:	0.2296 g
	0.0021 km travelled by car
___srad com 76 Treads_concluida___
___srad com 78 Treads___
Tempo total: 7567.276 ms
	Time:	0:00:08
	Energy:	0.0005 kWh
	CO2eq:	0.2268 g
	0.0021 km travelled by car
	Time:	0:00:08
	Energy:	0.0005 kWh
	CO2eq:	0.2268 g
	0.0021 km travelled by car
___srad com 78 Treads_concluida___
___srad com 80 Treads___
Tempo total: 7453.900 ms
	Time:	0:00:07
	Energy:	0.0005 kWh
	CO2eq:	0.2249 g
	0.0021 km travelled by car
	Time:	0:00:07
	Energy:	0.0005 kWh
	CO2eq:	0.2249 g
	0.0021 km travelled by car
___srad com 80 Treads_concluida___
___srad com 82 Treads___
Tempo total: 7206.212 ms
	Time:	0:00:07
	Energy:	0.0005 kWh
	CO2eq:	0.2206 g
	0.0021 km travelled by car
	Time:	0:00:07
	Energy:	0.0005 kWh
	CO2eq:	0.2206 g
	0.0021 km travelled by car
___srad com 82 Treads_concluida___
___srad com 84 Treads___
Tempo total: 7061.612 ms
	Time:	0:00:07
	Energy:	0.0005 kWh
	CO2eq:	0.2197 g
	0.0020 km travelled by car
	Time:	0:00:07
	Energy:	0.0005 kWh
	CO2eq:	0.2197 g
	0.0020 km travelled by car
___srad com 84 Treads_concluida___
___srad com 86 Treads___
Tempo total: 6965.644 ms
	Time:	0:00:07
	Energy:	0.0005 kWh
	CO2eq:	0.2175 g
	0.0020 km travelled by car
	Time:	0:00:07
	Energy:	0.0004 kWh
	CO2eq:	0.2142 g
	0.0020 km travelled by car
___srad com 86 Treads_concluida___
___srad com 88 Treads___
Tempo total: 7121.875 ms
	Time:	0:00:07
	Energy:	0.0005 kWh
	CO2eq:	0.2218 g
	0.0021 km travelled by car
	Time:	0:00:07
	Energy:	0.0005 kWh
	CO2eq:	0.2218 g
	0.0021 km travelled by car
___srad com 88 Treads_concluida___
___Fim de srad___:
