kmeans.c: In function ‘main’:
kmeans.c:152:9: warning: implicit declaration of function ‘read’; did you mean ‘fread’? [-Wimplicit-function-declaration]
         read(infile, &numObjects,    sizeof(int));
         ^~~~
         fread
kmeans.c:165:9: warning: implicit declaration of function ‘close’; did you mean ‘pclose’? [-Wimplicit-function-declaration]
         close(infile);
         ^~~~~
         pclose
kmeans.c: In function ‘main’:
kmeans.c:147:9: warning: implicit declaration of function ‘read’; did you mean ‘fread’? [-Wimplicit-function-declaration]
         read(infile, &numObjects,    sizeof(int));
         ^~~~
         fread
kmeans.c:160:9: warning: implicit declaration of function ‘close’; did you mean ‘pclose’? [-Wimplicit-function-declaration]
         close(infile);
         ^~~~~
         pclose
Status code 429 from http://ipinfo.io/json: ERROR - 429 Client Error: Too Many Requests for url: http://ipinfo.io/json
Status code 429 from http://ipinfo.io/json: ERROR - 429 Client Error: Too Many Requests for url: http://ipinfo.io/json
Status code 429 from http://ipinfo.io/json: ERROR - 429 Client Error: Too Many Requests for url: http://ipinfo.io/json
Status code 429 from http://ipinfo.io/json: ERROR - 429 Client Error: Too Many Requests for url: http://ipinfo.io/json
Status code 429 from http://ipinfo.io/json: ERROR - 429 Client Error: Too Many Requests for url: http://ipinfo.io/json
Status code 429 from http://ipinfo.io/json: ERROR - 429 Client Error: Too Many Requests for url: http://ipinfo.io/json
Status code 429 from http://ipinfo.io/json: ERROR - 429 Client Error: Too Many Requests for url: http://ipinfo.io/json
Status code 429 from http://ipinfo.io/json: ERROR - 429 Client Error: Too Many Requests for url: http://ipinfo.io/json
Status code 429 from http://ipinfo.io/json: ERROR - 429 Client Error: Too Many Requests for url: http://ipinfo.io/json
Status code 429 from http://ipinfo.io/json: ERROR - 429 Client Error: Too Many Requests for url: http://ipinfo.io/json
Status code 429 from http://ipinfo.io/json: ERROR - 429 Client Error: Too Many Requests for url: http://ipinfo.io/json
Status code 429 from http://ipinfo.io/json: ERROR - 429 Client Error: Too Many Requests for url: http://ipinfo.io/json
Status code 429 from http://ipinfo.io/json: ERROR - 429 Client Error: Too Many Requests for url: http://ipinfo.io/json
Status code 429 from http://ipinfo.io/json: ERROR - 429 Client Error: Too Many Requests for url: http://ipinfo.io/json
Status code 429 from http://ipinfo.io/json: ERROR - 429 Client Error: Too Many Requests for url: http://ipinfo.io/json
Status code 429 from http://ipinfo.io/json: ERROR - 429 Client Error: Too Many Requests for url: http://ipinfo.io/json
Status code 429 from http://ipinfo.io/json: ERROR - 429 Client Error: Too Many Requests for url: http://ipinfo.io/json
Status code 429 from http://ipinfo.io/json: ERROR - 429 Client Error: Too Many Requests for url: http://ipinfo.io/json
Status code 429 from http://ipinfo.io/json: ERROR - 429 Client Error: Too Many Requests for url: http://ipinfo.io/json
Status code 429 from http://ipinfo.io/json: ERROR - 429 Client Error: Too Many Requests for url: http://ipinfo.io/json
Status code 429 from http://ipinfo.io/json: ERROR - 429 Client Error: Too Many Requests for url: http://ipinfo.io/json
Status code 429 from http://ipinfo.io/json: ERROR - 429 Client Error: Too Many Requests for url: http://ipinfo.io/json
Status code 429 from http://ipinfo.io/json: ERROR - 429 Client Error: Too Many Requests for url: http://ipinfo.io/json
Status code 429 from http://ipinfo.io/json: ERROR - 429 Client Error: Too Many Requests for url: http://ipinfo.io/json
Status code 429 from http://ipinfo.io/json: ERROR - 429 Client Error: Too Many Requests for url: http://ipinfo.io/json
Status code 429 from http://ipinfo.io/json: ERROR - 429 Client Error: Too Many Requests for url: http://ipinfo.io/json
Status code 429 from http://ipinfo.io/json: ERROR - 429 Client Error: Too Many Requests for url: http://ipinfo.io/json
Status code 429 from http://ipinfo.io/json: ERROR - 429 Client Error: Too Many Requests for url: http://ipinfo.io/json
Status code 429 from http://ipinfo.io/json: ERROR - 429 Client Error: Too Many Requests for url: http://ipinfo.io/json
Status code 429 from http://ipinfo.io/json: ERROR - 429 Client Error: Too Many Requests for url: http://ipinfo.io/json
Status code 429 from http://ipinfo.io/json: ERROR - 429 Client Error: Too Many Requests for url: http://ipinfo.io/json
Status code 429 from http://ipinfo.io/json: ERROR - 429 Client Error: Too Many Requests for url: http://ipinfo.io/json
Status code 429 from http://ipinfo.io/json: ERROR - 429 Client Error: Too Many Requests for url: http://ipinfo.io/json
Status code 429 from http://ipinfo.io/json: ERROR - 429 Client Error: Too Many Requests for url: http://ipinfo.io/json
Status code 429 from http://ipinfo.io/json: ERROR - 429 Client Error: Too Many Requests for url: http://ipinfo.io/json
Status code 429 from http://ipinfo.io/json: ERROR - 429 Client Error: Too Many Requests for url: http://ipinfo.io/json
Status code 429 from http://ipinfo.io/json: ERROR - 429 Client Error: Too Many Requests for url: http://ipinfo.io/json
Status code 429 from http://ipinfo.io/json: ERROR - 429 Client Error: Too Many Requests for url: http://ipinfo.io/json
Status code 429 from http://ipinfo.io/json: ERROR - 429 Client Error: Too Many Requests for url: http://ipinfo.io/json
Status code 429 from http://ipinfo.io/json: ERROR - 429 Client Error: Too Many Requests for url: http://ipinfo.io/json
Status code 429 from http://ipinfo.io/json: ERROR - 429 Client Error: Too Many Requests for url: http://ipinfo.io/json
Status code 429 from http://ipinfo.io/json: ERROR - 429 Client Error: Too Many Requests for url: http://ipinfo.io/json
Status code 429 from http://ipinfo.io/json: ERROR - 429 Client Error: Too Many Requests for url: http://ipinfo.io/json
Status code 429 from http://ipinfo.io/json: ERROR - 429 Client Error: Too Many Requests for url: http://ipinfo.io/json
Status code 429 from http://ipinfo.io/json: ERROR - 429 Client Error: Too Many Requests for url: http://ipinfo.io/json
Status code 429 from http://ipinfo.io/json: ERROR - 429 Client Error: Too Many Requests for url: http://ipinfo.io/json
Status code 429 from http://ipinfo.io/json: ERROR - 429 Client Error: Too Many Requests for url: http://ipinfo.io/json
Status code 429 from http://ipinfo.io/json: ERROR - 429 Client Error: Too Many Requests for url: http://ipinfo.io/json
Status code 429 from http://ipinfo.io/json: ERROR - 429 Client Error: Too Many Requests for url: http://ipinfo.io/json
Status code 429 from http://ipinfo.io/json: ERROR - 429 Client Error: Too Many Requests for url: http://ipinfo.io/json
Status code 429 from http://ipinfo.io/json: ERROR - 429 Client Error: Too Many Requests for url: http://ipinfo.io/json
Status code 429 from http://ipinfo.io/json: ERROR - 429 Client Error: Too Many Requests for url: http://ipinfo.io/json
Status code 429 from http://ipinfo.io/json: ERROR - 429 Client Error: Too Many Requests for url: http://ipinfo.io/json
Status code 429 from http://ipinfo.io/json: ERROR - 429 Client Error: Too Many Requests for url: http://ipinfo.io/json
Status code 429 from http://ipinfo.io/json: ERROR - 429 Client Error: Too Many Requests for url: http://ipinfo.io/json
Status code 429 from http://ipinfo.io/json: ERROR - 429 Client Error: Too Many Requests for url: http://ipinfo.io/json
Status code 429 from http://ipinfo.io/json: ERROR - 429 Client Error: Too Many Requests for url: http://ipinfo.io/json
Status code 429 from http://ipinfo.io/json: ERROR - 429 Client Error: Too Many Requests for url: http://ipinfo.io/json
Status code 429 from http://ipinfo.io/json: ERROR - 429 Client Error: Too Many Requests for url: http://ipinfo.io/json
Status code 429 from http://ipinfo.io/json: ERROR - 429 Client Error: Too Many Requests for url: http://ipinfo.io/json
Status code 429 from http://ipinfo.io/json: ERROR - 429 Client Error: Too Many Requests for url: http://ipinfo.io/json
Status code 429 from http://ipinfo.io/json: ERROR - 429 Client Error: Too Many Requests for url: http://ipinfo.io/json
Status code 429 from http://ipinfo.io/json: ERROR - 429 Client Error: Too Many Requests for url: http://ipinfo.io/json
Status code 429 from http://ipinfo.io/json: ERROR - 429 Client Error: Too Many Requests for url: http://ipinfo.io/json
Status code 429 from http://ipinfo.io/json: ERROR - 429 Client Error: Too Many Requests for url: http://ipinfo.io/json
Status code 429 from http://ipinfo.io/json: ERROR - 429 Client Error: Too Many Requests for url: http://ipinfo.io/json
Status code 429 from http://ipinfo.io/json: ERROR - 429 Client Error: Too Many Requests for url: http://ipinfo.io/json
Status code 429 from http://ipinfo.io/json: ERROR - 429 Client Error: Too Many Requests for url: http://ipinfo.io/json
Status code 429 from http://ipinfo.io/json: ERROR - 429 Client Error: Too Many Requests for url: http://ipinfo.io/json
Status code 429 from http://ipinfo.io/json: ERROR - 429 Client Error: Too Many Requests for url: http://ipinfo.io/json
Status code 429 from http://ipinfo.io/json: ERROR - 429 Client Error: Too Many Requests for url: http://ipinfo.io/json
Status code 429 from http://ipinfo.io/json: ERROR - 429 Client Error: Too Many Requests for url: http://ipinfo.io/json
Status code 429 from http://ipinfo.io/json: ERROR - 429 Client Error: Too Many Requests for url: http://ipinfo.io/json
Status code 429 from http://ipinfo.io/json: ERROR - 429 Client Error: Too Many Requests for url: http://ipinfo.io/json
Status code 429 from http://ipinfo.io/json: ERROR - 429 Client Error: Too Many Requests for url: http://ipinfo.io/json
Status code 429 from http://ipinfo.io/json: ERROR - 429 Client Error: Too Many Requests for url: http://ipinfo.io/json
Status code 429 from http://ipinfo.io/json: ERROR - 429 Client Error: Too Many Requests for url: http://ipinfo.io/json
Status code 429 from http://ipinfo.io/json: ERROR - 429 Client Error: Too Many Requests for url: http://ipinfo.io/json
Status code 429 from http://ipinfo.io/json: ERROR - 429 Client Error: Too Many Requests for url: http://ipinfo.io/json
Status code 429 from http://ipinfo.io/json: ERROR - 429 Client Error: Too Many Requests for url: http://ipinfo.io/json
Status code 429 from http://ipinfo.io/json: ERROR - 429 Client Error: Too Many Requests for url: http://ipinfo.io/json
Status code 429 from http://ipinfo.io/json: ERROR - 429 Client Error: Too Many Requests for url: http://ipinfo.io/json
Status code 429 from http://ipinfo.io/json: ERROR - 429 Client Error: Too Many Requests for url: http://ipinfo.io/json
Status code 429 from http://ipinfo.io/json: ERROR - 429 Client Error: Too Many Requests for url: http://ipinfo.io/json
Status code 429 from http://ipinfo.io/json: ERROR - 429 Client Error: Too Many Requests for url: http://ipinfo.io/json
Status code 429 from http://ipinfo.io/json: ERROR - 429 Client Error: Too Many Requests for url: http://ipinfo.io/json
Status code 429 from http://ipinfo.io/json: ERROR - 429 Client Error: Too Many Requests for url: http://ipinfo.io/json
Status code 429 from http://ipinfo.io/json: ERROR - 429 Client Error: Too Many Requests for url: http://ipinfo.io/json
Status code 429 from http://ipinfo.io/json: ERROR - 429 Client Error: Too Many Requests for url: http://ipinfo.io/json
Status code 429 from http://ipinfo.io/json: ERROR - 429 Client Error: Too Many Requests for url: http://ipinfo.io/json
Status code 429 from http://ipinfo.io/json: ERROR - 429 Client Error: Too Many Requests for url: http://ipinfo.io/json
Status code 429 from http://ipinfo.io/json: ERROR - 429 Client Error: Too Many Requests for url: http://ipinfo.io/json
Status code 429 from http://ipinfo.io/json: ERROR - 429 Client Error: Too Many Requests for url: http://ipinfo.io/json
Status code 429 from http://ipinfo.io/json: ERROR - 429 Client Error: Too Many Requests for url: http://ipinfo.io/json
Status code 429 from http://ipinfo.io/json: ERROR - 429 Client Error: Too Many Requests for url: http://ipinfo.io/json
Status code 429 from http://ipinfo.io/json: ERROR - 429 Client Error: Too Many Requests for url: http://ipinfo.io/json
Status code 429 from http://ipinfo.io/json: ERROR - 429 Client Error: Too Many Requests for url: http://ipinfo.io/json
Status code 429 from http://ipinfo.io/json: ERROR - 429 Client Error: Too Many Requests for url: http://ipinfo.io/json
Status code 429 from http://ipinfo.io/json: ERROR - 429 Client Error: Too Many Requests for url: http://ipinfo.io/json
Status code 429 from http://ipinfo.io/json: ERROR - 429 Client Error: Too Many Requests for url: http://ipinfo.io/json
Status code 429 from http://ipinfo.io/json: ERROR - 429 Client Error: Too Many Requests for url: http://ipinfo.io/json
Status code 429 from http://ipinfo.io/json: ERROR - 429 Client Error: Too Many Requests for url: http://ipinfo.io/json
Status code 429 from http://ipinfo.io/json: ERROR - 429 Client Error: Too Many Requests for url: http://ipinfo.io/json
Status code 429 from http://ipinfo.io/json: ERROR - 429 Client Error: Too Many Requests for url: http://ipinfo.io/json
Status code 429 from http://ipinfo.io/json: ERROR - 429 Client Error: Too Many Requests for url: http://ipinfo.io/json
Status code 429 from http://ipinfo.io/json: ERROR - 429 Client Error: Too Many Requests for url: http://ipinfo.io/json
Status code 429 from http://ipinfo.io/json: ERROR - 429 Client Error: Too Many Requests for url: http://ipinfo.io/json
Status code 429 from http://ipinfo.io/json: ERROR - 429 Client Error: Too Many Requests for url: http://ipinfo.io/json
Status code 429 from http://ipinfo.io/json: ERROR - 429 Client Error: Too Many Requests for url: http://ipinfo.io/json
Status code 429 from http://ipinfo.io/json: ERROR - 429 Client Error: Too Many Requests for url: http://ipinfo.io/json
Status code 429 from http://ipinfo.io/json: ERROR - 429 Client Error: Too Many Requests for url: http://ipinfo.io/json
Status code 429 from http://ipinfo.io/json: ERROR - 429 Client Error: Too Many Requests for url: http://ipinfo.io/json
Status code 429 from http://ipinfo.io/json: ERROR - 429 Client Error: Too Many Requests for url: http://ipinfo.io/json
Status code 429 from http://ipinfo.io/json: ERROR - 429 Client Error: Too Many Requests for url: http://ipinfo.io/json
Status code 429 from http://ipinfo.io/json: ERROR - 429 Client Error: Too Many Requests for url: http://ipinfo.io/json
Status code 429 from http://ipinfo.io/json: ERROR - 429 Client Error: Too Many Requests for url: http://ipinfo.io/json
Status code 429 from http://ipinfo.io/json: ERROR - 429 Client Error: Too Many Requests for url: http://ipinfo.io/json
Status code 429 from http://ipinfo.io/json: ERROR - 429 Client Error: Too Many Requests for url: http://ipinfo.io/json
Status code 429 from http://ipinfo.io/json: ERROR - 429 Client Error: Too Many Requests for url: http://ipinfo.io/json
Status code 429 from http://ipinfo.io/json: ERROR - 429 Client Error: Too Many Requests for url: http://ipinfo.io/json
Status code 429 from http://ipinfo.io/json: ERROR - 429 Client Error: Too Many Requests for url: http://ipinfo.io/json
Status code 429 from http://ipinfo.io/json: ERROR - 429 Client Error: Too Many Requests for url: http://ipinfo.io/json
Status code 429 from http://ipinfo.io/json: ERROR - 429 Client Error: Too Many Requests for url: http://ipinfo.io/json
Status code 429 from http://ipinfo.io/json: ERROR - 429 Client Error: Too Many Requests for url: http://ipinfo.io/json
Status code 429 from http://ipinfo.io/json: ERROR - 429 Client Error: Too Many Requests for url: http://ipinfo.io/json
Status code 429 from http://ipinfo.io/json: ERROR - 429 Client Error: Too Many Requests for url: http://ipinfo.io/json
Status code 429 from http://ipinfo.io/json: ERROR - 429 Client Error: Too Many Requests for url: http://ipinfo.io/json
Status code 429 from http://ipinfo.io/json: ERROR - 429 Client Error: Too Many Requests for url: http://ipinfo.io/json
Status code 429 from http://ipinfo.io/json: ERROR - 429 Client Error: Too Many Requests for url: http://ipinfo.io/json
Status code 429 from http://ipinfo.io/json: ERROR - 429 Client Error: Too Many Requests for url: http://ipinfo.io/json
Status code 429 from http://ipinfo.io/json: ERROR - 429 Client Error: Too Many Requests for url: http://ipinfo.io/json
Status code 429 from http://ipinfo.io/json: ERROR - 429 Client Error: Too Many Requests for url: http://ipinfo.io/json
Status code 429 from http://ipinfo.io/json: ERROR - 429 Client Error: Too Many Requests for url: http://ipinfo.io/json
Status code 429 from http://ipinfo.io/json: ERROR - 429 Client Error: Too Many Requests for url: http://ipinfo.io/json
Status code 429 from http://ipinfo.io/json: ERROR - 429 Client Error: Too Many Requests for url: http://ipinfo.io/json
Status code 429 from http://ipinfo.io/json: ERROR - 429 Client Error: Too Many Requests for url: http://ipinfo.io/json
Status code 429 from http://ipinfo.io/json: ERROR - 429 Client Error: Too Many Requests for url: http://ipinfo.io/json
Status code 429 from http://ipinfo.io/json: ERROR - 429 Client Error: Too Many Requests for url: http://ipinfo.io/json
Status code 429 from http://ipinfo.io/json: ERROR - 429 Client Error: Too Many Requests for url: http://ipinfo.io/json
Status code 429 from http://ipinfo.io/json: ERROR - 429 Client Error: Too Many Requests for url: http://ipinfo.io/json
Status code 429 from http://ipinfo.io/json: ERROR - 429 Client Error: Too Many Requests for url: http://ipinfo.io/json
Status code 429 from http://ipinfo.io/json: ERROR - 429 Client Error: Too Many Requests for url: http://ipinfo.io/json
Status code 429 from http://ipinfo.io/json: ERROR - 429 Client Error: Too Many Requests for url: http://ipinfo.io/json
Status code 429 from http://ipinfo.io/json: ERROR - 429 Client Error: Too Many Requests for url: http://ipinfo.io/json
Status code 429 from http://ipinfo.io/json: ERROR - 429 Client Error: Too Many Requests for url: http://ipinfo.io/json
Status code 429 from http://ipinfo.io/json: ERROR - 429 Client Error: Too Many Requests for url: http://ipinfo.io/json
Status code 429 from http://ipinfo.io/json: ERROR - 429 Client Error: Too Many Requests for url: http://ipinfo.io/json
Status code 429 from http://ipinfo.io/json: ERROR - 429 Client Error: Too Many Requests for url: http://ipinfo.io/json
Status code 429 from http://ipinfo.io/json: ERROR - 429 Client Error: Too Many Requests for url: http://ipinfo.io/json
Status code 429 from http://ipinfo.io/json: ERROR - 429 Client Error: Too Many Requests for url: http://ipinfo.io/json
Status code 429 from http://ipinfo.io/json: ERROR - 429 Client Error: Too Many Requests for url: http://ipinfo.io/json
Status code 429 from http://ipinfo.io/json: ERROR - 429 Client Error: Too Many Requests for url: http://ipinfo.io/json
Status code 429 from http://ipinfo.io/json: ERROR - 429 Client Error: Too Many Requests for url: http://ipinfo.io/json
Status code 429 from http://ipinfo.io/json: ERROR - 429 Client Error: Too Many Requests for url: http://ipinfo.io/json
Status code 429 from http://ipinfo.io/json: ERROR - 429 Client Error: Too Many Requests for url: http://ipinfo.io/json
Status code 429 from http://ipinfo.io/json: ERROR - 429 Client Error: Too Many Requests for url: http://ipinfo.io/json
Status code 429 from http://ipinfo.io/json: ERROR - 429 Client Error: Too Many Requests for url: http://ipinfo.io/json
Status code 429 from http://ipinfo.io/json: ERROR - 429 Client Error: Too Many Requests for url: http://ipinfo.io/json
Status code 429 from http://ipinfo.io/json: ERROR - 429 Client Error: Too Many Requests for url: http://ipinfo.io/json
Status code 429 from http://ipinfo.io/json: ERROR - 429 Client Error: Too Many Requests for url: http://ipinfo.io/json
Status code 429 from http://ipinfo.io/json: ERROR - 429 Client Error: Too Many Requests for url: http://ipinfo.io/json
Status code 429 from http://ipinfo.io/json: ERROR - 429 Client Error: Too Many Requests for url: http://ipinfo.io/json
Status code 429 from http://ipinfo.io/json: ERROR - 429 Client Error: Too Many Requests for url: http://ipinfo.io/json
Status code 429 from http://ipinfo.io/json: ERROR - 429 Client Error: Too Many Requests for url: http://ipinfo.io/json
Status code 429 from http://ipinfo.io/json: ERROR - 429 Client Error: Too Many Requests for url: http://ipinfo.io/json
Status code 429 from http://ipinfo.io/json: ERROR - 429 Client Error: Too Many Requests for url: http://ipinfo.io/json
Status code 429 from http://ipinfo.io/json: ERROR - 429 Client Error: Too Many Requests for url: http://ipinfo.io/json
Status code 429 from http://ipinfo.io/json: ERROR - 429 Client Error: Too Many Requests for url: http://ipinfo.io/json
Status code 429 from http://ipinfo.io/json: ERROR - 429 Client Error: Too Many Requests for url: http://ipinfo.io/json
Status code 429 from http://ipinfo.io/json: ERROR - 429 Client Error: Too Many Requests for url: http://ipinfo.io/json
Status code 429 from http://ipinfo.io/json: ERROR - 429 Client Error: Too Many Requests for url: http://ipinfo.io/json
Status code 429 from http://ipinfo.io/json: ERROR - 429 Client Error: Too Many Requests for url: http://ipinfo.io/json
Status code 429 from http://ipinfo.io/json: ERROR - 429 Client Error: Too Many Requests for url: http://ipinfo.io/json
Status code 429 from http://ipinfo.io/json: ERROR - 429 Client Error: Too Many Requests for url: http://ipinfo.io/json
Status code 429 from http://ipinfo.io/json: ERROR - 429 Client Error: Too Many Requests for url: http://ipinfo.io/json
Status code 429 from http://ipinfo.io/json: ERROR - 429 Client Error: Too Many Requests for url: http://ipinfo.io/json
configure: error: no acceptable cc found in $PATH
err.c: In function ‘err_list_attach’:
err.c:146:9: warning: implicit declaration of function ‘isatty’ [-Wimplicit-function-declaration]
  if ( ! isatty(fileno(stdout)) )
         ^~~~~~
matrixio.c: In function ‘m_finput’:
matrixio.c:91:11: warning: implicit declaration of function ‘isatty’ [-Wimplicit-function-declaration]
      if ( isatty(fileno(fp)) )
           ^~~~~~
otherio.c: In function ‘fy_or_n’:
otherio.c:58:9: warning: implicit declaration of function ‘isatty’ [-Wimplicit-function-declaration]
  if ( ! isatty(fileno(fp)) )
         ^~~~~~
meminfo.c: In function ‘mem_bytes_list’:
meminfo.c:379:9: warning: implicit declaration of function ‘isatty’ [-Wimplicit-function-declaration]
   if ( !isatty(fileno(stdout)) ) {
         ^~~~~~
memstat.c: In function ‘mem_lookup’:
memstat.c:133:12: warning: implicit declaration of function ‘isatty’ [-Wimplicit-function-declaration]
      if ( !isatty(fileno(stdout)) ) {
            ^~~~~~
ar: `u' modifier ignored since `D' is the default (see `U')
ar: creating meschach.a
ar: `u' modifier ignored since `D' is the default (see `U')
sparseio.c: In function ‘sp_finput’:
sparseio.c:219:8: warning: implicit declaration of function ‘isatty’ [-Wimplicit-function-declaration]
  tty = isatty(fileno(fp));
        ^~~~~~
ar: `u' modifier ignored since `D' is the default (see `U')
zmatio.c: In function ‘z_finput’:
zmatio.c:54:10: warning: implicit declaration of function ‘isatty’ [-Wimplicit-function-declaration]
     if ( isatty(fileno(fp)) )
          ^~~~~~
ar: `u' modifier ignored since `D' is the default (see `U')
ar: `u' modifier ignored since `D' is the default (see `U')
gcc: error: avilib.o: No such file or directory
gcc: error: find_ellipse.o: No such file or directory
gcc: error: track_ellipse.o: No such file or directory
gcc: error: misc_math.o: No such file or directory
make[1]: *** [Makefile:15: leukocyte] Error 1
make: *** [Makefile:4: OpenMP/leukocyte] Error 2
Status code 429 from http://ipinfo.io/json: ERROR - 429 Client Error: Too Many Requests for url: http://ipinfo.io/json
sh: 1: ./OpenMP/leukocyte: not found
Status code 429 from http://ipinfo.io/json: ERROR - 429 Client Error: Too Many Requests for url: http://ipinfo.io/json
Status code 429 from http://ipinfo.io/json: ERROR - 429 Client Error: Too Many Requests for url: http://ipinfo.io/json
Status code 429 from http://ipinfo.io/json: ERROR - 429 Client Error: Too Many Requests for url: http://ipinfo.io/json
Status code 429 from http://ipinfo.io/json: ERROR - 429 Client Error: Too Many Requests for url: http://ipinfo.io/json
sh: 1: ./OpenMP/leukocyte: not found
Status code 429 from http://ipinfo.io/json: ERROR - 429 Client Error: Too Many Requests for url: http://ipinfo.io/json
Status code 429 from http://ipinfo.io/json: ERROR - 429 Client Error: Too Many Requests for url: http://ipinfo.io/json
Status code 429 from http://ipinfo.io/json: ERROR - 429 Client Error: Too Many Requests for url: http://ipinfo.io/json
Status code 429 from http://ipinfo.io/json: ERROR - 429 Client Error: Too Many Requests for url: http://ipinfo.io/json
sh: 1: ./OpenMP/leukocyte: not found
Status code 429 from http://ipinfo.io/json: ERROR - 429 Client Error: Too Many Requests for url: http://ipinfo.io/json
Status code 429 from http://ipinfo.io/json: ERROR - 429 Client Error: Too Many Requests for url: http://ipinfo.io/json
Status code 429 from http://ipinfo.io/json: ERROR - 429 Client Error: Too Many Requests for url: http://ipinfo.io/json
Status code 429 from http://ipinfo.io/json: ERROR - 429 Client Error: Too Many Requests for url: http://ipinfo.io/json
sh: 1: ./OpenMP/leukocyte: not found
Status code 429 from http://ipinfo.io/json: ERROR - 429 Client Error: Too Many Requests for url: http://ipinfo.io/json
Status code 429 from http://ipinfo.io/json: ERROR - 429 Client Error: Too Many Requests for url: http://ipinfo.io/json
Status code 429 from http://ipinfo.io/json: ERROR - 429 Client Error: Too Many Requests for url: http://ipinfo.io/json
Status code 429 from http://ipinfo.io/json: ERROR - 429 Client Error: Too Many Requests for url: http://ipinfo.io/json
sh: 1: ./OpenMP/leukocyte: not found
Status code 429 from http://ipinfo.io/json: ERROR - 429 Client Error: Too Many Requests for url: http://ipinfo.io/json
Status code 429 from http://ipinfo.io/json: ERROR - 429 Client Error: Too Many Requests for url: http://ipinfo.io/json
Status code 429 from http://ipinfo.io/json: ERROR - 429 Client Error: Too Many Requests for url: http://ipinfo.io/json
Status code 429 from http://ipinfo.io/json: ERROR - 429 Client Error: Too Many Requests for url: http://ipinfo.io/json
sh: 1: ./OpenMP/leukocyte: not found
Status code 429 from http://ipinfo.io/json: ERROR - 429 Client Error: Too Many Requests for url: http://ipinfo.io/json
Status code 429 from http://ipinfo.io/json: ERROR - 429 Client Error: Too Many Requests for url: http://ipinfo.io/json
Status code 429 from http://ipinfo.io/json: ERROR - 429 Client Error: Too Many Requests for url: http://ipinfo.io/json
Status code 429 from http://ipinfo.io/json: ERROR - 429 Client Error: Too Many Requests for url: http://ipinfo.io/json
sh: 1: ./OpenMP/leukocyte: not found
Status code 429 from http://ipinfo.io/json: ERROR - 429 Client Error: Too Many Requests for url: http://ipinfo.io/json
Status code 429 from http://ipinfo.io/json: ERROR - 429 Client Error: Too Many Requests for url: http://ipinfo.io/json
Status code 429 from http://ipinfo.io/json: ERROR - 429 Client Error: Too Many Requests for url: http://ipinfo.io/json
Status code 429 from http://ipinfo.io/json: ERROR - 429 Client Error: Too Many Requests for url: http://ipinfo.io/json
sh: 1: ./OpenMP/leukocyte: not found
Status code 429 from http://ipinfo.io/json: ERROR - 429 Client Error: Too Many Requests for url: http://ipinfo.io/json
Status code 429 from http://ipinfo.io/json: ERROR - 429 Client Error: Too Many Requests for url: http://ipinfo.io/json
Status code 429 from http://ipinfo.io/json: ERROR - 429 Client Error: Too Many Requests for url: http://ipinfo.io/json
Status code 429 from http://ipinfo.io/json: ERROR - 429 Client Error: Too Many Requests for url: http://ipinfo.io/json
sh: 1: ./OpenMP/leukocyte: not found
Status code 429 from http://ipinfo.io/json: ERROR - 429 Client Error: Too Many Requests for url: http://ipinfo.io/json
Status code 429 from http://ipinfo.io/json: ERROR - 429 Client Error: Too Many Requests for url: http://ipinfo.io/json
Status code 429 from http://ipinfo.io/json: ERROR - 429 Client Error: Too Many Requests for url: http://ipinfo.io/json
Status code 429 from http://ipinfo.io/json: ERROR - 429 Client Error: Too Many Requests for url: http://ipinfo.io/json
sh: 1: ./OpenMP/leukocyte: not found
Status code 429 from http://ipinfo.io/json: ERROR - 429 Client Error: Too Many Requests for url: http://ipinfo.io/json
Status code 429 from http://ipinfo.io/json: ERROR - 429 Client Error: Too Many Requests for url: http://ipinfo.io/json
Status code 429 from http://ipinfo.io/json: ERROR - 429 Client Error: Too Many Requests for url: http://ipinfo.io/json
Status code 429 from http://ipinfo.io/json: ERROR - 429 Client Error: Too Many Requests for url: http://ipinfo.io/json
sh: 1: ./OpenMP/leukocyte: not found
Status code 429 from http://ipinfo.io/json: ERROR - 429 Client Error: Too Many Requests for url: http://ipinfo.io/json
Status code 429 from http://ipinfo.io/json: ERROR - 429 Client Error: Too Many Requests for url: http://ipinfo.io/json
Status code 429 from http://ipinfo.io/json: ERROR - 429 Client Error: Too Many Requests for url: http://ipinfo.io/json
Status code 429 from http://ipinfo.io/json: ERROR - 429 Client Error: Too Many Requests for url: http://ipinfo.io/json
sh: 1: ./OpenMP/leukocyte: not found
Status code 429 from http://ipinfo.io/json: ERROR - 429 Client Error: Too Many Requests for url: http://ipinfo.io/json
Status code 429 from http://ipinfo.io/json: ERROR - 429 Client Error: Too Many Requests for url: http://ipinfo.io/json
Status code 429 from http://ipinfo.io/json: ERROR - 429 Client Error: Too Many Requests for url: http://ipinfo.io/json
Status code 429 from http://ipinfo.io/json: ERROR - 429 Client Error: Too Many Requests for url: http://ipinfo.io/json
sh: 1: ./OpenMP/leukocyte: not found
Status code 429 from http://ipinfo.io/json: ERROR - 429 Client Error: Too Many Requests for url: http://ipinfo.io/json
Status code 429 from http://ipinfo.io/json: ERROR - 429 Client Error: Too Many Requests for url: http://ipinfo.io/json
Status code 429 from http://ipinfo.io/json: ERROR - 429 Client Error: Too Many Requests for url: http://ipinfo.io/json
Status code 429 from http://ipinfo.io/json: ERROR - 429 Client Error: Too Many Requests for url: http://ipinfo.io/json
sh: 1: ./OpenMP/leukocyte: not found
Status code 429 from http://ipinfo.io/json: ERROR - 429 Client Error: Too Many Requests for url: http://ipinfo.io/json
Status code 429 from http://ipinfo.io/json: ERROR - 429 Client Error: Too Many Requests for url: http://ipinfo.io/json
Status code 429 from http://ipinfo.io/json: ERROR - 429 Client Error: Too Many Requests for url: http://ipinfo.io/json
Status code 429 from http://ipinfo.io/json: ERROR - 429 Client Error: Too Many Requests for url: http://ipinfo.io/json
sh: 1: ./OpenMP/leukocyte: not found
Status code 429 from http://ipinfo.io/json: ERROR - 429 Client Error: Too Many Requests for url: http://ipinfo.io/json
Status code 429 from http://ipinfo.io/json: ERROR - 429 Client Error: Too Many Requests for url: http://ipinfo.io/json
Status code 429 from http://ipinfo.io/json: ERROR - 429 Client Error: Too Many Requests for url: http://ipinfo.io/json
Status code 429 from http://ipinfo.io/json: ERROR - 429 Client Error: Too Many Requests for url: http://ipinfo.io/json
sh: 1: ./OpenMP/leukocyte: not found
Status code 429 from http://ipinfo.io/json: ERROR - 429 Client Error: Too Many Requests for url: http://ipinfo.io/json
Status code 429 from http://ipinfo.io/json: ERROR - 429 Client Error: Too Many Requests for url: http://ipinfo.io/json
Status code 429 from http://ipinfo.io/json: ERROR - 429 Client Error: Too Many Requests for url: http://ipinfo.io/json
Status code 429 from http://ipinfo.io/json: ERROR - 429 Client Error: Too Many Requests for url: http://ipinfo.io/json
sh: 1: ./OpenMP/leukocyte: not found
Status code 429 from http://ipinfo.io/json: ERROR - 429 Client Error: Too Many Requests for url: http://ipinfo.io/json
Status code 429 from http://ipinfo.io/json: ERROR - 429 Client Error: Too Many Requests for url: http://ipinfo.io/json
Status code 429 from http://ipinfo.io/json: ERROR - 429 Client Error: Too Many Requests for url: http://ipinfo.io/json
Status code 429 from http://ipinfo.io/json: ERROR - 429 Client Error: Too Many Requests for url: http://ipinfo.io/json
sh: 1: ./OpenMP/leukocyte: not found
Status code 429 from http://ipinfo.io/json: ERROR - 429 Client Error: Too Many Requests for url: http://ipinfo.io/json
Status code 429 from http://ipinfo.io/json: ERROR - 429 Client Error: Too Many Requests for url: http://ipinfo.io/json
Status code 429 from http://ipinfo.io/json: ERROR - 429 Client Error: Too Many Requests for url: http://ipinfo.io/json
Status code 429 from http://ipinfo.io/json: ERROR - 429 Client Error: Too Many Requests for url: http://ipinfo.io/json
sh: 1: ./OpenMP/leukocyte: not found
Status code 429 from http://ipinfo.io/json: ERROR - 429 Client Error: Too Many Requests for url: http://ipinfo.io/json
Status code 429 from http://ipinfo.io/json: ERROR - 429 Client Error: Too Many Requests for url: http://ipinfo.io/json
Status code 429 from http://ipinfo.io/json: ERROR - 429 Client Error: Too Many Requests for url: http://ipinfo.io/json
Status code 429 from http://ipinfo.io/json: ERROR - 429 Client Error: Too Many Requests for url: http://ipinfo.io/json
sh: 1: ./OpenMP/leukocyte: not found
Status code 429 from http://ipinfo.io/json: ERROR - 429 Client Error: Too Many Requests for url: http://ipinfo.io/json
Status code 429 from http://ipinfo.io/json: ERROR - 429 Client Error: Too Many Requests for url: http://ipinfo.io/json
Status code 429 from http://ipinfo.io/json: ERROR - 429 Client Error: Too Many Requests for url: http://ipinfo.io/json
Status code 429 from http://ipinfo.io/json: ERROR - 429 Client Error: Too Many Requests for url: http://ipinfo.io/json
sh: 1: ./OpenMP/leukocyte: not found
Status code 429 from http://ipinfo.io/json: ERROR - 429 Client Error: Too Many Requests for url: http://ipinfo.io/json
Status code 429 from http://ipinfo.io/json: ERROR - 429 Client Error: Too Many Requests for url: http://ipinfo.io/json
Status code 429 from http://ipinfo.io/json: ERROR - 429 Client Error: Too Many Requests for url: http://ipinfo.io/json
Status code 429 from http://ipinfo.io/json: ERROR - 429 Client Error: Too Many Requests for url: http://ipinfo.io/json
sh: 1: ./OpenMP/leukocyte: not found
Status code 429 from http://ipinfo.io/json: ERROR - 429 Client Error: Too Many Requests for url: http://ipinfo.io/json
Status code 429 from http://ipinfo.io/json: ERROR - 429 Client Error: Too Many Requests for url: http://ipinfo.io/json
Status code 429 from http://ipinfo.io/json: ERROR - 429 Client Error: Too Many Requests for url: http://ipinfo.io/json
Status code 429 from http://ipinfo.io/json: ERROR - 429 Client Error: Too Many Requests for url: http://ipinfo.io/json
sh: 1: ./OpenMP/leukocyte: not found
Status code 429 from http://ipinfo.io/json: ERROR - 429 Client Error: Too Many Requests for url: http://ipinfo.io/json
Status code 429 from http://ipinfo.io/json: ERROR - 429 Client Error: Too Many Requests for url: http://ipinfo.io/json
Status code 429 from http://ipinfo.io/json: ERROR - 429 Client Error: Too Many Requests for url: http://ipinfo.io/json
Status code 429 from http://ipinfo.io/json: ERROR - 429 Client Error: Too Many Requests for url: http://ipinfo.io/json
sh: 1: ./OpenMP/leukocyte: not found
Status code 429 from http://ipinfo.io/json: ERROR - 429 Client Error: Too Many Requests for url: http://ipinfo.io/json
Status code 429 from http://ipinfo.io/json: ERROR - 429 Client Error: Too Many Requests for url: http://ipinfo.io/json
Status code 429 from http://ipinfo.io/json: ERROR - 429 Client Error: Too Many Requests for url: http://ipinfo.io/json
Status code 429 from http://ipinfo.io/json: ERROR - 429 Client Error: Too Many Requests for url: http://ipinfo.io/json
sh: 1: ./OpenMP/leukocyte: not found
Status code 429 from http://ipinfo.io/json: ERROR - 429 Client Error: Too Many Requests for url: http://ipinfo.io/json
Status code 429 from http://ipinfo.io/json: ERROR - 429 Client Error: Too Many Requests for url: http://ipinfo.io/json
Status code 429 from http://ipinfo.io/json: ERROR - 429 Client Error: Too Many Requests for url: http://ipinfo.io/json
Status code 429 from http://ipinfo.io/json: ERROR - 429 Client Error: Too Many Requests for url: http://ipinfo.io/json
sh: 1: ./OpenMP/leukocyte: not found
Status code 429 from http://ipinfo.io/json: ERROR - 429 Client Error: Too Many Requests for url: http://ipinfo.io/json
Status code 429 from http://ipinfo.io/json: ERROR - 429 Client Error: Too Many Requests for url: http://ipinfo.io/json
Status code 429 from http://ipinfo.io/json: ERROR - 429 Client Error: Too Many Requests for url: http://ipinfo.io/json
Status code 429 from http://ipinfo.io/json: ERROR - 429 Client Error: Too Many Requests for url: http://ipinfo.io/json
sh: 1: ./OpenMP/leukocyte: not found
Status code 429 from http://ipinfo.io/json: ERROR - 429 Client Error: Too Many Requests for url: http://ipinfo.io/json
Status code 429 from http://ipinfo.io/json: ERROR - 429 Client Error: Too Many Requests for url: http://ipinfo.io/json
Status code 429 from http://ipinfo.io/json: ERROR - 429 Client Error: Too Many Requests for url: http://ipinfo.io/json
Status code 429 from http://ipinfo.io/json: ERROR - 429 Client Error: Too Many Requests for url: http://ipinfo.io/json
sh: 1: ./OpenMP/leukocyte: not found
Status code 429 from http://ipinfo.io/json: ERROR - 429 Client Error: Too Many Requests for url: http://ipinfo.io/json
Status code 429 from http://ipinfo.io/json: ERROR - 429 Client Error: Too Many Requests for url: http://ipinfo.io/json
Status code 429 from http://ipinfo.io/json: ERROR - 429 Client Error: Too Many Requests for url: http://ipinfo.io/json
Status code 429 from http://ipinfo.io/json: ERROR - 429 Client Error: Too Many Requests for url: http://ipinfo.io/json
sh: 1: ./OpenMP/leukocyte: not found
Status code 429 from http://ipinfo.io/json: ERROR - 429 Client Error: Too Many Requests for url: http://ipinfo.io/json
Status code 429 from http://ipinfo.io/json: ERROR - 429 Client Error: Too Many Requests for url: http://ipinfo.io/json
Status code 429 from http://ipinfo.io/json: ERROR - 429 Client Error: Too Many Requests for url: http://ipinfo.io/json
Status code 429 from http://ipinfo.io/json: ERROR - 429 Client Error: Too Many Requests for url: http://ipinfo.io/json
sh: 1: ./OpenMP/leukocyte: not found
Status code 429 from http://ipinfo.io/json: ERROR - 429 Client Error: Too Many Requests for url: http://ipinfo.io/json
Status code 429 from http://ipinfo.io/json: ERROR - 429 Client Error: Too Many Requests for url: http://ipinfo.io/json
Status code 429 from http://ipinfo.io/json: ERROR - 429 Client Error: Too Many Requests for url: http://ipinfo.io/json
Status code 429 from http://ipinfo.io/json: ERROR - 429 Client Error: Too Many Requests for url: http://ipinfo.io/json
sh: 1: ./OpenMP/leukocyte: not found
Status code 429 from http://ipinfo.io/json: ERROR - 429 Client Error: Too Many Requests for url: http://ipinfo.io/json
Status code 429 from http://ipinfo.io/json: ERROR - 429 Client Error: Too Many Requests for url: http://ipinfo.io/json
Status code 429 from http://ipinfo.io/json: ERROR - 429 Client Error: Too Many Requests for url: http://ipinfo.io/json
Status code 429 from http://ipinfo.io/json: ERROR - 429 Client Error: Too Many Requests for url: http://ipinfo.io/json
sh: 1: ./OpenMP/leukocyte: not found
Status code 429 from http://ipinfo.io/json: ERROR - 429 Client Error: Too Many Requests for url: http://ipinfo.io/json
Status code 429 from http://ipinfo.io/json: ERROR - 429 Client Error: Too Many Requests for url: http://ipinfo.io/json
Status code 429 from http://ipinfo.io/json: ERROR - 429 Client Error: Too Many Requests for url: http://ipinfo.io/json
Status code 429 from http://ipinfo.io/json: ERROR - 429 Client Error: Too Many Requests for url: http://ipinfo.io/json
sh: 1: ./OpenMP/leukocyte: not found
Status code 429 from http://ipinfo.io/json: ERROR - 429 Client Error: Too Many Requests for url: http://ipinfo.io/json
Status code 429 from http://ipinfo.io/json: ERROR - 429 Client Error: Too Many Requests for url: http://ipinfo.io/json
Status code 429 from http://ipinfo.io/json: ERROR - 429 Client Error: Too Many Requests for url: http://ipinfo.io/json
Status code 429 from http://ipinfo.io/json: ERROR - 429 Client Error: Too Many Requests for url: http://ipinfo.io/json
sh: 1: ./OpenMP/leukocyte: not found
Status code 429 from http://ipinfo.io/json: ERROR - 429 Client Error: Too Many Requests for url: http://ipinfo.io/json
Status code 429 from http://ipinfo.io/json: ERROR - 429 Client Error: Too Many Requests for url: http://ipinfo.io/json
Status code 429 from http://ipinfo.io/json: ERROR - 429 Client Error: Too Many Requests for url: http://ipinfo.io/json
Status code 429 from http://ipinfo.io/json: ERROR - 429 Client Error: Too Many Requests for url: http://ipinfo.io/json
sh: 1: ./OpenMP/leukocyte: not found
Status code 429 from http://ipinfo.io/json: ERROR - 429 Client Error: Too Many Requests for url: http://ipinfo.io/json
Status code 429 from http://ipinfo.io/json: ERROR - 429 Client Error: Too Many Requests for url: http://ipinfo.io/json
Status code 429 from http://ipinfo.io/json: ERROR - 429 Client Error: Too Many Requests for url: http://ipinfo.io/json
Status code 429 from http://ipinfo.io/json: ERROR - 429 Client Error: Too Many Requests for url: http://ipinfo.io/json
sh: 1: ./OpenMP/leukocyte: not found
Status code 429 from http://ipinfo.io/json: ERROR - 429 Client Error: Too Many Requests for url: http://ipinfo.io/json
Status code 429 from http://ipinfo.io/json: ERROR - 429 Client Error: Too Many Requests for url: http://ipinfo.io/json
Status code 429 from http://ipinfo.io/json: ERROR - 429 Client Error: Too Many Requests for url: http://ipinfo.io/json
Status code 429 from http://ipinfo.io/json: ERROR - 429 Client Error: Too Many Requests for url: http://ipinfo.io/json
sh: 1: ./OpenMP/leukocyte: not found
Status code 429 from http://ipinfo.io/json: ERROR - 429 Client Error: Too Many Requests for url: http://ipinfo.io/json
Status code 429 from http://ipinfo.io/json: ERROR - 429 Client Error: Too Many Requests for url: http://ipinfo.io/json
Status code 429 from http://ipinfo.io/json: ERROR - 429 Client Error: Too Many Requests for url: http://ipinfo.io/json
Status code 429 from http://ipinfo.io/json: ERROR - 429 Client Error: Too Many Requests for url: http://ipinfo.io/json
sh: 1: ./OpenMP/leukocyte: not found
Status code 429 from http://ipinfo.io/json: ERROR - 429 Client Error: Too Many Requests for url: http://ipinfo.io/json
Status code 429 from http://ipinfo.io/json: ERROR - 429 Client Error: Too Many Requests for url: http://ipinfo.io/json
Status code 429 from http://ipinfo.io/json: ERROR - 429 Client Error: Too Many Requests for url: http://ipinfo.io/json
Status code 429 from http://ipinfo.io/json: ERROR - 429 Client Error: Too Many Requests for url: http://ipinfo.io/json
sh: 1: ./OpenMP/leukocyte: not found
Status code 429 from http://ipinfo.io/json: ERROR - 429 Client Error: Too Many Requests for url: http://ipinfo.io/json
Status code 429 from http://ipinfo.io/json: ERROR - 429 Client Error: Too Many Requests for url: http://ipinfo.io/json
Status code 429 from http://ipinfo.io/json: ERROR - 429 Client Error: Too Many Requests for url: http://ipinfo.io/json
Status code 429 from http://ipinfo.io/json: ERROR - 429 Client Error: Too Many Requests for url: http://ipinfo.io/json
sh: 1: ./OpenMP/leukocyte: not found
Status code 429 from http://ipinfo.io/json: ERROR - 429 Client Error: Too Many Requests for url: http://ipinfo.io/json
Status code 429 from http://ipinfo.io/json: ERROR - 429 Client Error: Too Many Requests for url: http://ipinfo.io/json
Status code 429 from http://ipinfo.io/json: ERROR - 429 Client Error: Too Many Requests for url: http://ipinfo.io/json
Status code 429 from http://ipinfo.io/json: ERROR - 429 Client Error: Too Many Requests for url: http://ipinfo.io/json
sh: 1: ./OpenMP/leukocyte: not found
Status code 429 from http://ipinfo.io/json: ERROR - 429 Client Error: Too Many Requests for url: http://ipinfo.io/json
Status code 429 from http://ipinfo.io/json: ERROR - 429 Client Error: Too Many Requests for url: http://ipinfo.io/json
Status code 429 from http://ipinfo.io/json: ERROR - 429 Client Error: Too Many Requests for url: http://ipinfo.io/json
Status code 429 from http://ipinfo.io/json: ERROR - 429 Client Error: Too Many Requests for url: http://ipinfo.io/json
sh: 1: ./OpenMP/leukocyte: not found
Status code 429 from http://ipinfo.io/json: ERROR - 429 Client Error: Too Many Requests for url: http://ipinfo.io/json
Status code 429 from http://ipinfo.io/json: ERROR - 429 Client Error: Too Many Requests for url: http://ipinfo.io/json
Status code 429 from http://ipinfo.io/json: ERROR - 429 Client Error: Too Many Requests for url: http://ipinfo.io/json
Status code 429 from http://ipinfo.io/json: ERROR - 429 Client Error: Too Many Requests for url: http://ipinfo.io/json
sh: 1: ./OpenMP/leukocyte: not found
Status code 429 from http://ipinfo.io/json: ERROR - 429 Client Error: Too Many Requests for url: http://ipinfo.io/json
Status code 429 from http://ipinfo.io/json: ERROR - 429 Client Error: Too Many Requests for url: http://ipinfo.io/json
Status code 429 from http://ipinfo.io/json: ERROR - 429 Client Error: Too Many Requests for url: http://ipinfo.io/json
Status code 429 from http://ipinfo.io/json: ERROR - 429 Client Error: Too Many Requests for url: http://ipinfo.io/json
sh: 1: ./OpenMP/leukocyte: not found
Status code 429 from http://ipinfo.io/json: ERROR - 429 Client Error: Too Many Requests for url: http://ipinfo.io/json
Status code 429 from http://ipinfo.io/json: ERROR - 429 Client Error: Too Many Requests for url: http://ipinfo.io/json
Status code 429 from http://ipinfo.io/json: ERROR - 429 Client Error: Too Many Requests for url: http://ipinfo.io/json
/var/spool/slurmd/job702443/slurm_script: line 76: cd: openmp/backprop: No such file or directory
make: *** No rule to make target 'clean'.  Stop.
make: *** No targets specified and no makefile found.  Stop.
python3: can't open file '/home/users/acsilveira/rodinia/openmp/carbon.py': [Errno 2] No such file or directory
python3: can't open file '/home/users/acsilveira/rodinia/openmp/carbon.py': [Errno 2] No such file or directory
python3: can't open file '/home/users/acsilveira/rodinia/openmp/carbon.py': [Errno 2] No such file or directory
python3: can't open file '/home/users/acsilveira/rodinia/openmp/carbon.py': [Errno 2] No such file or directory
python3: can't open file '/home/users/acsilveira/rodinia/openmp/carbon.py': [Errno 2] No such file or directory
python3: can't open file '/home/users/acsilveira/rodinia/openmp/carbon.py': [Errno 2] No such file or directory
python3: can't open file '/home/users/acsilveira/rodinia/openmp/carbon.py': [Errno 2] No such file or directory
python3: can't open file '/home/users/acsilveira/rodinia/openmp/carbon.py': [Errno 2] No such file or directory
python3: can't open file '/home/users/acsilveira/rodinia/openmp/carbon.py': [Errno 2] No such file or directory
python3: can't open file '/home/users/acsilveira/rodinia/openmp/carbon.py': [Errno 2] No such file or directory
python3: can't open file '/home/users/acsilveira/rodinia/openmp/carbon.py': [Errno 2] No such file or directory
python3: can't open file '/home/users/acsilveira/rodinia/openmp/carbon.py': [Errno 2] No such file or directory
python3: can't open file '/home/users/acsilveira/rodinia/openmp/carbon.py': [Errno 2] No such file or directory
python3: can't open file '/home/users/acsilveira/rodinia/openmp/carbon.py': [Errno 2] No such file or directory
python3: can't open file '/home/users/acsilveira/rodinia/openmp/carbon.py': [Errno 2] No such file or directory
python3: can't open file '/home/users/acsilveira/rodinia/openmp/carbon.py': [Errno 2] No such file or directory
python3: can't open file '/home/users/acsilveira/rodinia/openmp/carbon.py': [Errno 2] No such file or directory
python3: can't open file '/home/users/acsilveira/rodinia/openmp/carbon.py': [Errno 2] No such file or directory
python3: can't open file '/home/users/acsilveira/rodinia/openmp/carbon.py': [Errno 2] No such file or directory
python3: can't open file '/home/users/acsilveira/rodinia/openmp/carbon.py': [Errno 2] No such file or directory
python3: can't open file '/home/users/acsilveira/rodinia/openmp/carbon.py': [Errno 2] No such file or directory
python3: can't open file '/home/users/acsilveira/rodinia/openmp/carbon.py': [Errno 2] No such file or directory
python3: can't open file '/home/users/acsilveira/rodinia/openmp/carbon.py': [Errno 2] No such file or directory
python3: can't open file '/home/users/acsilveira/rodinia/openmp/carbon.py': [Errno 2] No such file or directory
python3: can't open file '/home/users/acsilveira/rodinia/openmp/carbon.py': [Errno 2] No such file or directory
python3: can't open file '/home/users/acsilveira/rodinia/openmp/carbon.py': [Errno 2] No such file or directory
python3: can't open file '/home/users/acsilveira/rodinia/openmp/carbon.py': [Errno 2] No such file or directory
python3: can't open file '/home/users/acsilveira/rodinia/openmp/carbon.py': [Errno 2] No such file or directory
python3: can't open file '/home/users/acsilveira/rodinia/openmp/carbon.py': [Errno 2] No such file or directory
python3: can't open file '/home/users/acsilveira/rodinia/openmp/carbon.py': [Errno 2] No such file or directory
python3: can't open file '/home/users/acsilveira/rodinia/openmp/carbon.py': [Errno 2] No such file or directory
python3: can't open file '/home/users/acsilveira/rodinia/openmp/carbon.py': [Errno 2] No such file or directory
python3: can't open file '/home/users/acsilveira/rodinia/openmp/carbon.py': [Errno 2] No such file or directory
python3: can't open file '/home/users/acsilveira/rodinia/openmp/carbon.py': [Errno 2] No such file or directory
python3: can't open file '/home/users/acsilveira/rodinia/openmp/carbon.py': [Errno 2] No such file or directory
python3: can't open file '/home/users/acsilveira/rodinia/openmp/carbon.py': [Errno 2] No such file or directory
python3: can't open file '/home/users/acsilveira/rodinia/openmp/carbon.py': [Errno 2] No such file or directory
python3: can't open file '/home/users/acsilveira/rodinia/openmp/carbon.py': [Errno 2] No such file or directory
python3: can't open file '/home/users/acsilveira/rodinia/openmp/carbon.py': [Errno 2] No such file or directory
python3: can't open file '/home/users/acsilveira/rodinia/openmp/carbon.py': [Errno 2] No such file or directory
python3: can't open file '/home/users/acsilveira/rodinia/openmp/carbon.py': [Errno 2] No such file or directory
python3: can't open file '/home/users/acsilveira/rodinia/openmp/carbon.py': [Errno 2] No such file or directory
python3: can't open file '/home/users/acsilveira/rodinia/openmp/carbon.py': [Errno 2] No such file or directory
python3: can't open file '/home/users/acsilveira/rodinia/openmp/carbon.py': [Errno 2] No such file or directory
/var/spool/slurmd/job702443/slurm_script: line 97: cd: cfd: No such file or directory
rm: cannot remove 'gaussian': No such file or directory
rm: cannot remove '*.o': No such file or directory
make[1]: *** [Makefile:21: clean] Error 1
rm: cannot remove 'particlefilter_naive': No such file or directory
rm: cannot remove 'particlefilter_float': No such file or directory
rm: cannot remove '*.o': No such file or directory
make[1]: *** [Makefile:31: clean] Error 1
rm: cannot remove '*.o': No such file or directory
rm: cannot remove './kernel/*.o': No such file or directory
rm: cannot remove './util/num/*.o': No such file or directory
rm: cannot remove './util/timer/*.o': No such file or directory
rm: cannot remove './util/device/*.o': No such file or directory
rm: cannot remove 'lavaMD': No such file or directory
make[1]: *** [makefile:89: clean] Error 1
rm: cannot remove '*.o': No such file or directory
rm: cannot remove '*.out': No such file or directory
rm: cannot remove 'output.txt': No such file or directory
make[1]: *** [Makefile:40: clean] Error 1
rm: cannot remove '*.o': No such file or directory
rm: cannot remove 'srad': No such file or directory
make[1]: *** [makefile:20: clean] Error 1
/bin/sh: 1: cd: can't cd to BlasLapack
make[1]: *** [Makefile:58: clean] Error 2
make[1]: *** No rule to make target 'clean'.  Stop.
make[1]: *** No rule to make target 'clean'.  Stop.
make[1]: *** No rule to make target 'clean'.  Stop.
make[1]: *** No rule to make target 'clean'.  Stop.
make[1]: *** No rule to make target 'clean'.  Stop.
make[1]: *** No rule to make target 'clean'.  Stop.
make[1]: *** No rule to make target 'clean'.  Stop.
make[1]: *** No rule to make target 'clean'.  Stop.
make[1]: *** No rule to make target 'clean'.  Stop.
rm: cannot remove '*.o': No such file or directory
rm: cannot remove '*.out': No such file or directory
rm: cannot remove './kernel/*.o': No such file or directory
rm: cannot remove './util/timer/*.o': No such file or directory
rm: cannot remove './util/num/*.o': No such file or directory
rm: cannot remove 'output.txt': No such file or directory
make[1]: *** [Makefile:89: clean] Error 1
rm: cannot remove '*.o': No such file or directory
rm: cannot remove 'myocyte.out': No such file or directory
rm: cannot remove 'output.txt': No such file or directory
make[1]: *** [Makefile:33: clean] Error 1
rm: cannot remove 'particle_filter': No such file or directory
make[1]: *** [Makefile:12: clean] Error 1
rm: cannot remove '*.o': No such file or directory
rm: cannot remove 'srad': No such file or directory
make[1]: *** [makefile:25: clean] Error 1
rm: cannot remove 'gaussian': No such file or directory
rm: cannot remove '*.o': No such file or directory
make[1]: *** [Makefile:21: clean] Error 1
rm: cannot remove 'particlefilter_naive': No such file or directory
rm: cannot remove 'particlefilter_float': No such file or directory
rm: cannot remove '*.o': No such file or directory
make[1]: *** [Makefile:31: clean] Error 1
rm: cannot remove '*.o': No such file or directory
rm: cannot remove './kernel/*.o': No such file or directory
rm: cannot remove './util/num/*.o': No such file or directory
rm: cannot remove './util/timer/*.o': No such file or directory
rm: cannot remove './util/device/*.o': No such file or directory
rm: cannot remove 'lavaMD': No such file or directory
make[1]: *** [makefile:89: clean] Error 1
rm: cannot remove '*.o': No such file or directory
rm: cannot remove '*.out': No such file or directory
rm: cannot remove 'output.txt': No such file or directory
make[1]: *** [Makefile:40: clean] Error 1
rm: cannot remove '*.o': No such file or directory
rm: cannot remove 'srad': No such file or directory
make[1]: *** [makefile:20: clean] Error 1
make[1]: c: Command not found
make[1]: [Makefile:25: euler3d.o] Error 127 (ignored)
g++: error: euler3d.o: No such file or directory
make[1]: *** [Makefile:21: euler3d] Error 1
make: *** [Makefile:55: cuda/cfd] Error 2
/var/spool/slurmd/job702443/slurm_script: line 116: cd: srad: No such file or directory
make: *** No rule to make target 'clean'.  Stop.
make: *** No targets specified and no makefile found.  Stop.
