Numero de CPUs logicos (threads): 88
Numero de núcleos fisicos: 22
Start -> kmeans
compilando kmeans...
cd kmeans_serial; make clean
make[1]: Entering directory '/scratch/acsilveira/rodinia_novos/openmp/kmeans/kmeans_serial'
rm -f *.o *~ kmeans 
make[1]: Leaving directory '/scratch/acsilveira/rodinia_novos/openmp/kmeans/kmeans_serial'
cd kmeans_openmp; make clean
make[1]: Entering directory '/scratch/acsilveira/rodinia_novos/openmp/kmeans/kmeans_openmp'
rm -f *.o *~ kmeans 
make[1]: Leaving directory '/scratch/acsilveira/rodinia_novos/openmp/kmeans/kmeans_openmp'
cd kmeans_openmp; make
make[1]: Entering directory '/scratch/acsilveira/rodinia_novos/openmp/kmeans/kmeans_openmp'
gcc -g -fopenmp -O2  cluster.c -c
gcc -g -fopenmp -O2  getopt.c -c
gcc -g -fopenmp -O2  kmeans.c -c
gcc -g -fopenmp -O2  kmeans_clustering.c -c
gcc -g -fopenmp -O2  cluster.o getopt.o kmeans.o kmeans_clustering.o  -o kmeans
make[1]: Leaving directory '/scratch/acsilveira/rodinia_novos/openmp/kmeans/kmeans_openmp'
cd kmeans_serial; make
make[1]: Entering directory '/scratch/acsilveira/rodinia_novos/openmp/kmeans/kmeans_serial'
gcc -g -fopenmp -O2  cluster.c -c
gcc -g -fopenmp -O2  getopt.c -c
gcc -g -fopenmp -O2  kmeans.c -c
gcc -g -fopenmp -O2  kmeans_clustering.c -c
gcc -g -fopenmp -O2  cluster.o getopt.o kmeans.o kmeans_clustering.o  -o kmeans
make[1]: Leaving directory '/scratch/acsilveira/rodinia_novos/openmp/kmeans/kmeans_serial'
___Executando kmeans___:
___kmeans com 2 Treads___
Time for process: 274.410342
Tempo total: 275182.487 ms
	Time:	0:04:35
	Energy:	0.0090 kWh
	CO2eq:	4.3253 g
	0.0402 km travelled by car
	Time:	0:04:35
	Energy:	0.0090 kWh
	CO2eq:	4.3253 g
	0.0402 km travelled by car
___kmeans com 2 Treads_concluida___
___kmeans com 4 Treads___
Time for process: 139.114736
Tempo total: 139886.501 ms
	Time:	0:02:20
	Energy:	0.0048 kWh
	CO2eq:	2.3233 g
	0.0216 km travelled by car
	Time:	0:02:20
	Energy:	0.0048 kWh
	CO2eq:	2.3233 g
	0.0216 km travelled by car
___kmeans com 4 Treads_concluida___
___kmeans com 6 Treads___
Time for process: 97.958179
Tempo total: 98732.632 ms
	Time:	0:01:39
	Energy:	0.0035 kWh
	CO2eq:	1.6850 g
	0.0157 km travelled by car
	Time:	0:01:39
	Energy:	0.0035 kWh
	CO2eq:	1.6850 g
	0.0157 km travelled by car
___kmeans com 6 Treads_concluida___
___kmeans com 8 Treads___
Time for process: 75.686542
Tempo total: 76458.373 ms
	Time:	0:01:16
	Energy:	0.0028 kWh
	CO2eq:	1.3452 g
	0.0125 km travelled by car
	Time:	0:01:16
	Energy:	0.0028 kWh
	CO2eq:	1.3452 g
	0.0125 km travelled by car
___kmeans com 8 Treads_concluida___
___kmeans com 10 Treads___
Time for process: 62.481277
Tempo total: 63251.758 ms
	Time:	0:01:03
	Energy:	0.0024 kWh
	CO2eq:	1.1418 g
	0.0106 km travelled by car
	Time:	0:01:03
	Energy:	0.0024 kWh
	CO2eq:	1.1415 g
	0.0106 km travelled by car
___kmeans com 10 Treads_concluida___
___kmeans com 12 Treads___
Time for process: 53.792190
Tempo total: 54562.880 ms
	Time:	0:00:55
	Energy:	0.0021 kWh
	CO2eq:	1.0042 g
	0.0093 km travelled by car
	Time:	0:00:55
	Energy:	0.0021 kWh
	CO2eq:	1.0042 g
	0.0093 km travelled by car
___kmeans com 12 Treads_concluida___
___kmeans com 14 Treads___
Time for process: 47.796249
Tempo total: 48598.644 ms
	Time:	0:00:49
	Energy:	0.0019 kWh
	CO2eq:	0.9090 g
	0.0085 km travelled by car
	Time:	0:00:49
	Energy:	0.0019 kWh
	CO2eq:	0.9090 g
	0.0085 km travelled by car
___kmeans com 14 Treads_concluida___
___kmeans com 16 Treads___
Time for process: 43.152955
Tempo total: 43929.073 ms
	Time:	0:00:44
	Energy:	0.0017 kWh
	CO2eq:	0.8292 g
	0.0077 km travelled by car
	Time:	0:00:44
	Energy:	0.0017 kWh
	CO2eq:	0.8292 g
	0.0077 km travelled by car
___kmeans com 16 Treads_concluida___
___kmeans com 18 Treads___
Time for process: 39.260206
Tempo total: 40041.168 ms
	Time:	0:00:40
	Energy:	0.0015 kWh
	CO2eq:	0.7397 g
	0.0069 km travelled by car
	Time:	0:00:40
	Energy:	0.0015 kWh
	CO2eq:	0.7397 g
	0.0069 km travelled by car
___kmeans com 18 Treads_concluida___
___kmeans com 20 Treads___
Time for process: 35.411011
Tempo total: 36186.010 ms
	Time:	0:00:36
	Energy:	0.0015 kWh
	CO2eq:	0.7082 g
	0.0066 km travelled by car
	Time:	0:00:36
	Energy:	0.0015 kWh
	CO2eq:	0.7082 g
	0.0066 km travelled by car
___kmeans com 20 Treads_concluida___
___kmeans com 22 Treads___
Time for process: 32.105841
Tempo total: 32875.383 ms
	Time:	0:00:33
	Energy:	0.0014 kWh
	CO2eq:	0.6577 g
	0.0061 km travelled by car
	Time:	0:00:33
	Energy:	0.0014 kWh
	CO2eq:	0.6577 g
	0.0061 km travelled by car
___kmeans com 22 Treads_concluida___
___kmeans com 24 Treads___
Time for process: 29.512619
Tempo total: 30283.875 ms
	Time:	0:00:30
	Energy:	0.0013 kWh
	CO2eq:	0.6188 g
	0.0058 km travelled by car
	Time:	0:00:30
	Energy:	0.0013 kWh
	CO2eq:	0.6188 g
	0.0058 km travelled by car
___kmeans com 24 Treads_concluida___
___kmeans com 26 Treads___
Time for process: 27.192561
Tempo total: 27960.688 ms
	Time:	0:00:28
	Energy:	0.0012 kWh
	CO2eq:	0.5829 g
	0.0054 km travelled by car
	Time:	0:00:28
	Energy:	0.0012 kWh
	CO2eq:	0.5829 g
	0.0054 km travelled by car
___kmeans com 26 Treads_concluida___
___kmeans com 28 Treads___
Time for process: 25.367387
Tempo total: 26142.094 ms
	Time:	0:00:26
	Energy:	0.0012 kWh
	CO2eq:	0.5560 g
	0.0052 km travelled by car
	Time:	0:00:26
	Energy:	0.0012 kWh
	CO2eq:	0.5560 g
	0.0052 km travelled by car
___kmeans com 28 Treads_concluida___
___kmeans com 30 Treads___
Time for process: 23.611496
Tempo total: 24386.840 ms
	Time:	0:00:24
	Energy:	0.0011 kWh
	CO2eq:	0.5295 g
	0.0049 km travelled by car
	Time:	0:00:24
	Energy:	0.0011 kWh
	CO2eq:	0.5295 g
	0.0049 km travelled by car
___kmeans com 30 Treads_concluida___
___kmeans com 32 Treads___
Time for process: 22.181639
Tempo total: 22952.345 ms
	Time:	0:00:23
	Energy:	0.0011 kWh
	CO2eq:	0.5084 g
	0.0047 km travelled by car
	Time:	0:00:23
	Energy:	0.0011 kWh
	CO2eq:	0.5055 g
	0.0047 km travelled by car
___kmeans com 32 Treads_concluida___
___kmeans com 34 Treads___
Time for process: 21.149098
Tempo total: 21919.879 ms
	Time:	0:00:22
	Energy:	0.0010 kWh
	CO2eq:	0.4937 g
	0.0046 km travelled by car
	Time:	0:00:22
	Energy:	0.0010 kWh
	CO2eq:	0.4937 g
	0.0046 km travelled by car
___kmeans com 34 Treads_concluida___
___kmeans com 36 Treads___
Time for process: 19.803661
Tempo total: 20602.527 ms
	Time:	0:00:21
	Energy:	0.0010 kWh
	CO2eq:	0.4713 g
	0.0044 km travelled by car
	Time:	0:00:21
	Energy:	0.0010 kWh
	CO2eq:	0.4713 g
	0.0044 km travelled by car
___kmeans com 36 Treads_concluida___
___kmeans com 38 Treads___
Time for process: 18.783268
Tempo total: 19566.287 ms
	Time:	0:00:20
	Energy:	0.0009 kWh
	CO2eq:	0.4567 g
	0.0042 km travelled by car
	Time:	0:00:20
	Energy:	0.0009 kWh
	CO2eq:	0.4567 g
	0.0042 km travelled by car
___kmeans com 38 Treads_concluida___
___kmeans com 40 Treads___
Time for process: 17.865452
Tempo total: 18637.281 ms
	Time:	0:00:19
	Energy:	0.0009 kWh
	CO2eq:	0.4409 g
	0.0041 km travelled by car
	Time:	0:00:19
	Energy:	0.0009 kWh
	CO2eq:	0.4409 g
	0.0041 km travelled by car
___kmeans com 40 Treads_concluida___
___kmeans com 42 Treads___
Time for process: 16.936646
Tempo total: 17709.315 ms
	Time:	0:00:18
	Energy:	0.0009 kWh
	CO2eq:	0.4271 g
	0.0040 km travelled by car
	Time:	0:00:18
	Energy:	0.0009 kWh
	CO2eq:	0.4271 g
	0.0040 km travelled by car
___kmeans com 42 Treads_concluida___
___kmeans com 44 Treads___
Time for process: 16.249979
Tempo total: 17027.186 ms
	Time:	0:00:17
	Energy:	0.0009 kWh
	CO2eq:	0.4169 g
	0.0039 km travelled by car
	Time:	0:00:17
	Energy:	0.0009 kWh
	CO2eq:	0.4166 g
	0.0039 km travelled by car
___kmeans com 44 Treads_concluida___
___kmeans com 46 Treads___
Time for process: 15.507574
Tempo total: 16280.967 ms
	Time:	0:00:16
	Energy:	0.0009 kWh
	CO2eq:	0.4118 g
	0.0038 km travelled by car
	Time:	0:00:16
	Energy:	0.0009 kWh
	CO2eq:	0.4118 g
	0.0038 km travelled by car
___kmeans com 46 Treads_concluida___
___kmeans com 48 Treads___
Time for process: 14.997265
Tempo total: 15775.191 ms
	Time:	0:00:16
	Energy:	0.0008 kWh
	CO2eq:	0.4080 g
	0.0038 km travelled by car
	Time:	0:00:16
	Energy:	0.0008 kWh
	CO2eq:	0.4080 g
	0.0038 km travelled by car
___kmeans com 48 Treads_concluida___
___kmeans com 50 Treads___
Time for process: 14.355201
Tempo total: 15130.610 ms
	Time:	0:00:15
	Energy:	0.0008 kWh
	CO2eq:	0.3968 g
	0.0037 km travelled by car
	Time:	0:00:15
	Energy:	0.0008 kWh
	CO2eq:	0.3968 g
	0.0037 km travelled by car
___kmeans com 50 Treads_concluida___
___kmeans com 52 Treads___
Time for process: 13.953259
Tempo total: 14732.366 ms
	Time:	0:00:15
	Energy:	0.0008 kWh
	CO2eq:	0.3900 g
	0.0036 km travelled by car
	Time:	0:00:15
	Energy:	0.0008 kWh
	CO2eq:	0.3900 g
	0.0036 km travelled by car
___kmeans com 52 Treads_concluida___
___kmeans com 54 Treads___
Time for process: 13.260446
Tempo total: 14031.275 ms
	Time:	0:00:14
	Energy:	0.0008 kWh
	CO2eq:	0.3777 g
	0.0035 km travelled by car
	Time:	0:00:14
	Energy:	0.0008 kWh
	CO2eq:	0.3777 g
	0.0035 km travelled by car
___kmeans com 54 Treads_concluida___
___kmeans com 56 Treads___
Time for process: 12.939920
Tempo total: 13720.754 ms
	Time:	0:00:14
	Energy:	0.0008 kWh
	CO2eq:	0.3737 g
	0.0035 km travelled by car
	Time:	0:00:14
	Energy:	0.0008 kWh
	CO2eq:	0.3737 g
	0.0035 km travelled by car
___kmeans com 56 Treads_concluida___
___kmeans com 58 Treads___
Time for process: 12.398863
Tempo total: 13168.294 ms
	Time:	0:00:13
	Energy:	0.0008 kWh
	CO2eq:	0.3636 g
	0.0034 km travelled by car
	Time:	0:00:13
	Energy:	0.0008 kWh
	CO2eq:	0.3636 g
	0.0034 km travelled by car
___kmeans com 58 Treads_concluida___
___kmeans com 60 Treads___
Time for process: 12.160507
Tempo total: 12935.823 ms
	Time:	0:00:13
	Energy:	0.0007 kWh
	CO2eq:	0.3562 g
	0.0033 km travelled by car
	Time:	0:00:13
	Energy:	0.0007 kWh
	CO2eq:	0.3540 g
	0.0033 km travelled by car
___kmeans com 60 Treads_concluida___
___kmeans com 62 Treads___
Time for process: 11.864598
Tempo total: 12665.335 ms
	Time:	0:00:13
	Energy:	0.0007 kWh
	CO2eq:	0.3498 g
	0.0033 km travelled by car
	Time:	0:00:13
	Energy:	0.0007 kWh
	CO2eq:	0.3498 g
	0.0033 km travelled by car
___kmeans com 62 Treads_concluida___
___kmeans com 64 Treads___
Time for process: 11.630407
Tempo total: 12406.738 ms
	Time:	0:00:12
	Energy:	0.0007 kWh
	CO2eq:	0.3472 g
	0.0032 km travelled by car
	Time:	0:00:12
	Energy:	0.0007 kWh
	CO2eq:	0.3472 g
	0.0032 km travelled by car
___kmeans com 64 Treads_concluida___
___kmeans com 66 Treads___
Time for process: 11.148037
Tempo total: 11920.704 ms
	Time:	0:00:12
	Energy:	0.0007 kWh
	CO2eq:	0.3388 g
	0.0032 km travelled by car
	Time:	0:00:12
	Energy:	0.0007 kWh
	CO2eq:	0.3388 g
	0.0032 km travelled by car
___kmeans com 66 Treads_concluida___
___kmeans com 68 Treads___
Time for process: 10.836184
Tempo total: 11613.354 ms
	Time:	0:00:12
	Energy:	0.0007 kWh
	CO2eq:	0.3341 g
	0.0031 km travelled by car
	Time:	0:00:12
	Energy:	0.0007 kWh
	CO2eq:	0.3341 g
	0.0031 km travelled by car
___kmeans com 68 Treads_concluida___
___kmeans com 70 Treads___
Time for process: 10.533904
Tempo total: 11306.803 ms
	Time:	0:00:11
	Energy:	0.0007 kWh
	CO2eq:	0.3300 g
	0.0031 km travelled by car
	Time:	0:00:11
	Energy:	0.0007 kWh
	CO2eq:	0.3300 g
	0.0031 km travelled by car
___kmeans com 70 Treads_concluida___
___kmeans com 72 Treads___
Time for process: 10.409478
Tempo total: 11180.719 ms
	Time:	0:00:11
	Energy:	0.0007 kWh
	CO2eq:	0.3296 g
	0.0031 km travelled by car
	Time:	0:00:11
	Energy:	0.0007 kWh
	CO2eq:	0.3296 g
	0.0031 km travelled by car
___kmeans com 72 Treads_concluida___
___kmeans com 74 Treads___
Time for process: 10.025281
Tempo total: 10804.079 ms
	Time:	0:00:11
	Energy:	0.0007 kWh
	CO2eq:	0.3182 g
	0.0030 km travelled by car
	Time:	0:00:11
	Energy:	0.0007 kWh
	CO2eq:	0.3182 g
	0.0030 km travelled by car
___kmeans com 74 Treads_concluida___
___kmeans com 76 Treads___
Time for process: 10.005115
Tempo total: 10781.552 ms
	Time:	0:00:11
	Energy:	0.0007 kWh
	CO2eq:	0.3201 g
	0.0030 km travelled by car
	Time:	0:00:11
	Energy:	0.0007 kWh
	CO2eq:	0.3201 g
	0.0030 km travelled by car
___kmeans com 76 Treads_concluida___
___kmeans com 78 Treads___
Time for process: 9.432435
Tempo total: 10211.315 ms
	Time:	0:00:10
	Energy:	0.0006 kWh
	CO2eq:	0.3083 g
	0.0029 km travelled by car
	Time:	0:00:10
	Energy:	0.0006 kWh
	CO2eq:	0.3083 g
	0.0029 km travelled by car
___kmeans com 78 Treads_concluida___
___kmeans com 80 Treads___
Time for process: 9.366851
Tempo total: 10141.460 ms
	Time:	0:00:10
	Energy:	0.0006 kWh
	CO2eq:	0.3083 g
	0.0029 km travelled by car
	Time:	0:00:10
	Energy:	0.0006 kWh
	CO2eq:	0.3083 g
	0.0029 km travelled by car
___kmeans com 80 Treads_concluida___
___kmeans com 82 Treads___
Time for process: 9.024762
Tempo total: 9794.692 ms
	Time:	0:00:10
	Energy:	0.0006 kWh
	CO2eq:	0.3023 g
	0.0028 km travelled by car
	Time:	0:00:10
	Energy:	0.0006 kWh
	CO2eq:	0.3023 g
	0.0028 km travelled by car
___kmeans com 82 Treads_concluida___
___kmeans com 84 Treads___
Time for process: 9.044548
Tempo total: 9820.196 ms
	Time:	0:00:10
	Energy:	0.0006 kWh
	CO2eq:	0.3064 g
	0.0029 km travelled by car
	Time:	0:00:10
	Energy:	0.0006 kWh
	CO2eq:	0.3064 g
	0.0029 km travelled by car
___kmeans com 84 Treads_concluida___
___kmeans com 86 Treads___
Time for process: 8.559483
Tempo total: 9333.131 ms
	Time:	0:00:09
	Energy:	0.0006 kWh
	CO2eq:	0.2955 g
	0.0027 km travelled by car
	Time:	0:00:09
	Energy:	0.0006 kWh
	CO2eq:	0.2955 g
	0.0027 km travelled by car
___kmeans com 86 Treads_concluida___
___kmeans com 88 Treads___
Time for process: 8.610960
Tempo total: 9382.086 ms
	Time:	0:00:09
	Energy:	0.0006 kWh
	CO2eq:	0.2988 g
	0.0028 km travelled by car
	Time:	0:00:09
	Energy:	0.0006 kWh
	CO2eq:	0.2988 g
	0.0028 km travelled by car
___kmeans com 88 Treads_concluida___
___Fim de kmeans___:

Start -> leukocyte
compilando leukocyte...
___Executando leukocyte___:
___leukocyte com 2 Treads___
Total application run time: 422.54803 seconds
Tempo total: 422631.930 ms
	Time:	0:07:03
	Energy:	0.0050 kWh
	CO2eq:	2.3948 g
	0.0223 km travelled by car
	Time:	0:07:03
	Energy:	0.0050 kWh
	CO2eq:	2.3948 g
	0.0223 km travelled by car
___leukocyte com 2 Treads_concluida___
___leukocyte com 4 Treads___
Total application run time: 220.97716 seconds
Tempo total: 221062.597 ms
	Time:	0:03:41
	Energy:	0.0030 kWh
	CO2eq:	1.4371 g
	0.0134 km travelled by car
	Time:	0:03:41
	Energy:	0.0030 kWh
	CO2eq:	1.4371 g
	0.0134 km travelled by car
___leukocyte com 4 Treads_concluida___
___leukocyte com 6 Treads___
Total application run time: 156.12616 seconds
Tempo total: 156227.120 ms
	Time:	0:02:36
	Energy:	0.0023 kWh
	CO2eq:	1.0851 g
	0.0101 km travelled by car
	Time:	0:02:36
	Energy:	0.0023 kWh
	CO2eq:	1.0851 g
	0.0101 km travelled by car
___leukocyte com 6 Treads_concluida___
___leukocyte com 8 Treads___
Total application run time: 134.57106 seconds
Tempo total: 134666.592 ms
	Time:	0:02:15
	Energy:	0.0020 kWh
	CO2eq:	0.9726 g
	0.0090 km travelled by car
	Time:	0:02:15
	Energy:	0.0020 kWh
	CO2eq:	0.9726 g
	0.0090 km travelled by car
___leukocyte com 8 Treads_concluida___
___leukocyte com 10 Treads___
Total application run time: 110.90684 seconds
Tempo total: 111004.994 ms
	Time:	0:01:51
	Energy:	0.0018 kWh
	CO2eq:	0.8540 g
	0.0079 km travelled by car
	Time:	0:01:51
	Energy:	0.0018 kWh
	CO2eq:	0.8521 g
	0.0079 km travelled by car
___leukocyte com 10 Treads_concluida___
___leukocyte com 12 Treads___
Total application run time: 90.69450 seconds
Tempo total: 90789.465 ms
	Time:	0:01:31
	Energy:	0.0015 kWh
	CO2eq:	0.7448 g
	0.0069 km travelled by car
	Time:	0:01:31
	Energy:	0.0015 kWh
	CO2eq:	0.7448 g
	0.0069 km travelled by car
___leukocyte com 12 Treads_concluida___
___leukocyte com 14 Treads___
Total application run time: 90.14168 seconds
Tempo total: 90235.879 ms
	Time:	0:01:30
	Energy:	0.0015 kWh
	CO2eq:	0.7311 g
	0.0068 km travelled by car
	Time:	0:01:30
	Energy:	0.0015 kWh
	CO2eq:	0.7311 g
	0.0068 km travelled by car
___leukocyte com 14 Treads_concluida___
___leukocyte com 16 Treads___
Total application run time: 85.87259 seconds
Tempo total: 85966.752 ms
	Time:	0:01:26
	Energy:	0.0015 kWh
	CO2eq:	0.7093 g
	0.0066 km travelled by car
	Time:	0:01:26
	Energy:	0.0015 kWh
	CO2eq:	0.7093 g
	0.0066 km travelled by car
___leukocyte com 16 Treads_concluida___
___leukocyte com 18 Treads___
Total application run time: 68.92295 seconds
Tempo total: 69019.673 ms
	Time:	0:01:09
	Energy:	0.0013 kWh
	CO2eq:	0.6123 g
	0.0057 km travelled by car
	Time:	0:01:09
	Energy:	0.0013 kWh
	CO2eq:	0.6106 g
	0.0057 km travelled by car
___leukocyte com 18 Treads_concluida___
___leukocyte com 20 Treads___
Total application run time: 67.95676 seconds
Tempo total: 68051.425 ms
	Time:	0:01:08
	Energy:	0.0013 kWh
	CO2eq:	0.6151 g
	0.0057 km travelled by car
	Time:	0:01:08
	Energy:	0.0013 kWh
	CO2eq:	0.6151 g
	0.0057 km travelled by car
___leukocyte com 20 Treads_concluida___
___leukocyte com 22 Treads___
Total application run time: 67.99001 seconds
Tempo total: 68082.007 ms
	Time:	0:01:08
	Energy:	0.0013 kWh
	CO2eq:	0.6167 g
	0.0057 km travelled by car
	Time:	0:01:08
	Energy:	0.0013 kWh
	CO2eq:	0.6167 g
	0.0057 km travelled by car
___leukocyte com 22 Treads_concluida___
___leukocyte com 24 Treads___
Total application run time: 65.78210 seconds
Tempo total: 65873.697 ms
	Time:	0:01:06
	Energy:	0.0013 kWh
	CO2eq:	0.6132 g
	0.0057 km travelled by car
	Time:	0:01:06
	Energy:	0.0013 kWh
	CO2eq:	0.6132 g
	0.0057 km travelled by car
___leukocyte com 24 Treads_concluida___
___leukocyte com 26 Treads___
Total application run time: 63.96212 seconds
Tempo total: 64057.454 ms
	Time:	0:01:04
	Energy:	0.0012 kWh
	CO2eq:	0.5986 g
	0.0056 km travelled by car
	Time:	0:01:04
	Energy:	0.0012 kWh
	CO2eq:	0.5986 g
	0.0056 km travelled by car
___leukocyte com 26 Treads_concluida___
___leukocyte com 28 Treads___
Total application run time: 64.74497 seconds
Tempo total: 64840.035 ms
	Time:	0:01:05
	Energy:	0.0013 kWh
	CO2eq:	0.6021 g
	0.0056 km travelled by car
	Time:	0:01:05
	Energy:	0.0013 kWh
	CO2eq:	0.6021 g
	0.0056 km travelled by car
___leukocyte com 28 Treads_concluida___
___leukocyte com 30 Treads___
Total application run time: 65.16729 seconds
Tempo total: 65262.021 ms
	Time:	0:01:05
	Energy:	0.0013 kWh
	CO2eq:	0.6078 g
	0.0057 km travelled by car
	Time:	0:01:05
	Energy:	0.0013 kWh
	CO2eq:	0.6078 g
	0.0057 km travelled by car
___leukocyte com 30 Treads_concluida___
___leukocyte com 32 Treads___
Total application run time: 61.04163 seconds
Tempo total: 61135.144 ms
	Time:	0:01:01
	Energy:	0.0012 kWh
	CO2eq:	0.5824 g
	0.0054 km travelled by car
	Time:	0:01:01
	Energy:	0.0012 kWh
	CO2eq:	0.5824 g
	0.0054 km travelled by car
___leukocyte com 32 Treads_concluida___
___leukocyte com 34 Treads___
Total application run time: 58.94416 seconds
Tempo total: 59040.507 ms
	Time:	0:00:59
	Energy:	0.0012 kWh
	CO2eq:	0.5580 g
	0.0052 km travelled by car
	Time:	0:00:59
	Energy:	0.0012 kWh
	CO2eq:	0.5567 g
	0.0052 km travelled by car
___leukocyte com 34 Treads_concluida___
___leukocyte com 36 Treads___
Total application run time: 41.33669 seconds
Tempo total: 41431.403 ms
	Time:	0:00:41
	Energy:	0.0010 kWh
	CO2eq:	0.4737 g
	0.0044 km travelled by car
	Time:	0:00:41
	Energy:	0.0010 kWh
	CO2eq:	0.4737 g
	0.0044 km travelled by car
___leukocyte com 36 Treads_concluida___
___leukocyte com 38 Treads___
Total application run time: 41.19387 seconds
Tempo total: 41285.204 ms
	Time:	0:00:41
	Energy:	0.0010 kWh
	CO2eq:	0.4740 g
	0.0044 km travelled by car
	Time:	0:00:41
	Energy:	0.0010 kWh
	CO2eq:	0.4740 g
	0.0044 km travelled by car
___leukocyte com 38 Treads_concluida___
___leukocyte com 40 Treads___
Total application run time: 41.73951 seconds
Tempo total: 41832.710 ms
	Time:	0:00:42
	Energy:	0.0010 kWh
	CO2eq:	0.4745 g
	0.0044 km travelled by car
	Time:	0:00:42
	Energy:	0.0010 kWh
	CO2eq:	0.4745 g
	0.0044 km travelled by car
___leukocyte com 40 Treads_concluida___
___leukocyte com 42 Treads___
Total application run time: 42.82176 seconds
Tempo total: 42916.808 ms
	Time:	0:00:43
	Energy:	0.0010 kWh
	CO2eq:	0.4794 g
	0.0045 km travelled by car
	Time:	0:00:43
	Energy:	0.0010 kWh
	CO2eq:	0.4768 g
	0.0044 km travelled by car
___leukocyte com 42 Treads_concluida___
___leukocyte com 44 Treads___
Total application run time: 43.60343 seconds
Tempo total: 43695.360 ms
	Time:	0:00:44
	Energy:	0.0010 kWh
	CO2eq:	0.4795 g
	0.0045 km travelled by car
	Time:	0:00:44
	Energy:	0.0010 kWh
	CO2eq:	0.4795 g
	0.0045 km travelled by car
___leukocyte com 44 Treads_concluida___
___leukocyte com 46 Treads___
Total application run time: 42.14438 seconds
Tempo total: 42239.453 ms
	Time:	0:00:42
	Energy:	0.0010 kWh
	CO2eq:	0.4780 g
	0.0044 km travelled by car
	Time:	0:00:42
	Energy:	0.0010 kWh
	CO2eq:	0.4780 g
	0.0044 km travelled by car
___leukocyte com 46 Treads_concluida___
___leukocyte com 48 Treads___
Total application run time: 43.22757 seconds
Tempo total: 43323.325 ms
	Time:	0:00:43
	Energy:	0.0010 kWh
	CO2eq:	0.4867 g
	0.0045 km travelled by car
	Time:	0:00:43
	Energy:	0.0010 kWh
	CO2eq:	0.4867 g
	0.0045 km travelled by car
___leukocyte com 48 Treads_concluida___
___leukocyte com 50 Treads___
Total application run time: 40.44910 seconds
Tempo total: 40541.494 ms
	Time:	0:00:41
	Energy:	0.0010 kWh
	CO2eq:	0.4662 g
	0.0043 km travelled by car
	Time:	0:00:41
	Energy:	0.0010 kWh
	CO2eq:	0.4662 g
	0.0043 km travelled by car
___leukocyte com 50 Treads_concluida___
___leukocyte com 52 Treads___
Total application run time: 42.40046 seconds
Tempo total: 42496.328 ms
	Time:	0:00:42
	Energy:	0.0010 kWh
	CO2eq:	0.4779 g
	0.0044 km travelled by car
	Time:	0:00:42
	Energy:	0.0010 kWh
	CO2eq:	0.4779 g
	0.0044 km travelled by car
___leukocyte com 52 Treads_concluida___
___leukocyte com 54 Treads___
Total application run time: 41.93170 seconds
Tempo total: 42029.519 ms
	Time:	0:00:42
	Energy:	0.0010 kWh
	CO2eq:	0.4791 g
	0.0045 km travelled by car
	Time:	0:00:42
	Energy:	0.0010 kWh
	CO2eq:	0.4791 g
	0.0045 km travelled by car
___leukocyte com 54 Treads_concluida___
___leukocyte com 56 Treads___
Total application run time: 42.35881 seconds
Tempo total: 42450.219 ms
	Time:	0:00:42
	Energy:	0.0010 kWh
	CO2eq:	0.4750 g
	0.0044 km travelled by car
	Time:	0:00:42
	Energy:	0.0010 kWh
	CO2eq:	0.4750 g
	0.0044 km travelled by car
___leukocyte com 56 Treads_concluida___
___leukocyte com 58 Treads___
Total application run time: 41.52545 seconds
Tempo total: 41617.137 ms
	Time:	0:00:42
	Energy:	0.0010 kWh
	CO2eq:	0.4755 g
	0.0044 km travelled by car
	Time:	0:00:42
	Energy:	0.0010 kWh
	CO2eq:	0.4755 g
	0.0044 km travelled by car
___leukocyte com 58 Treads_concluida___
___leukocyte com 60 Treads___
Total application run time: 43.47862 seconds
Tempo total: 43570.811 ms
	Time:	0:00:44
	Energy:	0.0010 kWh
	CO2eq:	0.4843 g
	0.0045 km travelled by car
	Time:	0:00:44
	Energy:	0.0010 kWh
	CO2eq:	0.4843 g
	0.0045 km travelled by car
___leukocyte com 60 Treads_concluida___
___leukocyte com 62 Treads___
Total application run time: 40.51810 seconds
Tempo total: 40609.823 ms
	Time:	0:00:41
	Energy:	0.0010 kWh
	CO2eq:	0.4733 g
	0.0044 km travelled by car
	Time:	0:00:41
	Energy:	0.0010 kWh
	CO2eq:	0.4733 g
	0.0044 km travelled by car
___leukocyte com 62 Treads_concluida___
___leukocyte com 64 Treads___
Total application run time: 41.06451 seconds
Tempo total: 41160.904 ms
	Time:	0:00:41
	Energy:	0.0010 kWh
	CO2eq:	0.4762 g
	0.0044 km travelled by car
	Time:	0:00:41
	Energy:	0.0010 kWh
	CO2eq:	0.4762 g
	0.0044 km travelled by car
___leukocyte com 64 Treads_concluida___
___leukocyte com 66 Treads___
Total application run time: 44.77483 seconds
Tempo total: 44868.400 ms
	Time:	0:00:45
	Energy:	0.0010 kWh
	CO2eq:	0.4898 g
	0.0046 km travelled by car
	Time:	0:00:45
	Energy:	0.0010 kWh
	CO2eq:	0.4898 g
	0.0046 km travelled by car
___leukocyte com 66 Treads_concluida___
___leukocyte com 68 Treads___
Total application run time: 45.09116 seconds
Tempo total: 45184.922 ms
	Time:	0:00:45
	Energy:	0.0010 kWh
	CO2eq:	0.4936 g
	0.0046 km travelled by car
	Time:	0:00:45
	Energy:	0.0010 kWh
	CO2eq:	0.4936 g
	0.0046 km travelled by car
___leukocyte com 68 Treads_concluida___
___leukocyte com 70 Treads___
Total application run time: 49.01258 seconds
Tempo total: 49111.623 ms
	Time:	0:00:49
	Energy:	0.0011 kWh
	CO2eq:	0.5145 g
	0.0048 km travelled by car
	Time:	0:00:49
	Energy:	0.0011 kWh
	CO2eq:	0.5145 g
	0.0048 km travelled by car
___leukocyte com 70 Treads_concluida___
___leukocyte com 72 Treads___
Total application run time: 41.13118 seconds
Tempo total: 41227.081 ms
	Time:	0:00:41
	Energy:	0.0010 kWh
	CO2eq:	0.4692 g
	0.0044 km travelled by car
	Time:	0:00:41
	Energy:	0.0010 kWh
	CO2eq:	0.4692 g
	0.0044 km travelled by car
___leukocyte com 72 Treads_concluida___
___leukocyte com 74 Treads___
Total application run time: 46.57584 seconds
Tempo total: 46676.876 ms
	Time:	0:00:47
	Energy:	0.0010 kWh
	CO2eq:	0.4996 g
	0.0046 km travelled by car
	Time:	0:00:47
	Energy:	0.0010 kWh
	CO2eq:	0.4996 g
	0.0046 km travelled by car
___leukocyte com 74 Treads_concluida___
___leukocyte com 76 Treads___
Total application run time: 45.53704 seconds
Tempo total: 45632.223 ms
	Time:	0:00:46
	Energy:	0.0010 kWh
	CO2eq:	0.4942 g
	0.0046 km travelled by car
	Time:	0:00:46
	Energy:	0.0010 kWh
	CO2eq:	0.4942 g
	0.0046 km travelled by car
___leukocyte com 76 Treads_concluida___
___leukocyte com 78 Treads___
Total application run time: 44.69020 seconds
Tempo total: 44783.374 ms
	Time:	0:00:45
	Energy:	0.0010 kWh
	CO2eq:	0.4942 g
	0.0046 km travelled by car
	Time:	0:00:45
	Energy:	0.0010 kWh
	CO2eq:	0.4942 g
	0.0046 km travelled by car
___leukocyte com 78 Treads_concluida___
___leukocyte com 80 Treads___
Total application run time: 50.59753 seconds
Tempo total: 50692.279 ms
	Time:	0:00:51
	Energy:	0.0011 kWh
	CO2eq:	0.5222 g
	0.0049 km travelled by car
	Time:	0:00:51
	Energy:	0.0011 kWh
	CO2eq:	0.5222 g
	0.0049 km travelled by car
___leukocyte com 80 Treads_concluida___
___leukocyte com 82 Treads___
Total application run time: 54.30397 seconds
Tempo total: 54398.814 ms
	Time:	0:00:54
	Energy:	0.0011 kWh
	CO2eq:	0.5478 g
	0.0051 km travelled by car
	Time:	0:00:54
	Energy:	0.0011 kWh
	CO2eq:	0.5478 g
	0.0051 km travelled by car
___leukocyte com 82 Treads_concluida___
___leukocyte com 84 Treads___
Total application run time: 56.31627 seconds
Tempo total: 56414.268 ms
	Time:	0:00:56
	Energy:	0.0011 kWh
	CO2eq:	0.5485 g
	0.0051 km travelled by car
	Time:	0:00:56
	Energy:	0.0011 kWh
	CO2eq:	0.5485 g
	0.0051 km travelled by car
___leukocyte com 84 Treads_concluida___
___leukocyte com 86 Treads___
Total application run time: 58.79726 seconds
Tempo total: 58893.367 ms
	Time:	0:00:59
	Energy:	0.0012 kWh
	CO2eq:	0.5686 g
	0.0053 km travelled by car
	Time:	0:00:59
	Energy:	0.0012 kWh
	CO2eq:	0.5686 g
	0.0053 km travelled by car
___leukocyte com 86 Treads_concluida___
___leukocyte com 88 Treads___
Total application run time: 54.18212 seconds
Tempo total: 54278.930 ms
	Time:	0:00:54
	Energy:	0.0011 kWh
	CO2eq:	0.5473 g
	0.0051 km travelled by car
	Time:	0:00:54
	Energy:	0.0011 kWh
	CO2eq:	0.5473 g
	0.0051 km travelled by car
___leukocyte com 88 Treads_concluida___
___Fim de leukocyte___:

Start -> backprop
compilando backprop...
rm -f *.o *~ backprop backprop_cuda.linkinfo
gcc -g -fopenmp  -O2 backprop.c -c
gcc -g -fopenmp  -O2 facetrain.c -c
gcc -g -fopenmp  -O2 imagenet.c -c
gcc -g -fopenmp  -O2 backprop_kernel.c -c
gcc -g -fopenmp  -O2 backprop.o facetrain.o imagenet.o backprop_kernel.o -o backprop -lm
___Executando backprop___:
___backprop com 2 Treads___
Tempo total: 24760.159 ms
	Time:	0:00:25
	Energy:	0.0008 kWh
	CO2eq:	0.3966 g
	0.0037 km travelled by car
	Time:	0:00:25
	Energy:	0.0008 kWh
	CO2eq:	0.3966 g
	0.0037 km travelled by car
___backprop com 2 Treads_concluida___
___backprop com 4 Treads___
Tempo total: 19590.121 ms
	Time:	0:00:20
	Energy:	0.0007 kWh
	CO2eq:	0.3153 g
	0.0029 km travelled by car
	Time:	0:00:20
	Energy:	0.0007 kWh
	CO2eq:	0.3153 g
	0.0029 km travelled by car
___backprop com 4 Treads_concluida___
___backprop com 6 Treads___
Tempo total: 17931.591 ms
	Time:	0:00:18
	Energy:	0.0006 kWh
	CO2eq:	0.2895 g
	0.0027 km travelled by car
	Time:	0:00:18
	Energy:	0.0006 kWh
	CO2eq:	0.2895 g
	0.0027 km travelled by car
___backprop com 6 Treads_concluida___
___backprop com 8 Treads___
Tempo total: 16790.842 ms
	Time:	0:00:17
	Energy:	0.0006 kWh
	CO2eq:	0.2729 g
	0.0025 km travelled by car
	Time:	0:00:17
	Energy:	0.0006 kWh
	CO2eq:	0.2729 g
	0.0025 km travelled by car
___backprop com 8 Treads_concluida___
___backprop com 10 Treads___
Tempo total: 17676.030 ms
	Time:	0:00:18
	Energy:	0.0006 kWh
	CO2eq:	0.2866 g
	0.0027 km travelled by car
	Time:	0:00:18
	Energy:	0.0006 kWh
	CO2eq:	0.2866 g
	0.0027 km travelled by car
___backprop com 10 Treads_concluida___
___backprop com 12 Treads___
Tempo total: 18073.295 ms
	Time:	0:00:18
	Energy:	0.0006 kWh
	CO2eq:	0.2927 g
	0.0027 km travelled by car
	Time:	0:00:18
	Energy:	0.0006 kWh
	CO2eq:	0.2927 g
	0.0027 km travelled by car
___backprop com 12 Treads_concluida___
___backprop com 14 Treads___
Tempo total: 16733.747 ms
	Time:	0:00:17
	Energy:	0.0006 kWh
	CO2eq:	0.2692 g
	0.0025 km travelled by car
	Time:	0:00:17
	Energy:	0.0006 kWh
	CO2eq:	0.2692 g
	0.0025 km travelled by car
___backprop com 14 Treads_concluida___
___backprop com 16 Treads___
Tempo total: 15711.559 ms
	Time:	0:00:16
	Energy:	0.0005 kWh
	CO2eq:	0.2540 g
	0.0024 km travelled by car
	Time:	0:00:16
	Energy:	0.0005 kWh
	CO2eq:	0.2540 g
	0.0024 km travelled by car
___backprop com 16 Treads_concluida___
___backprop com 18 Treads___
Tempo total: 15431.465 ms
	Time:	0:00:15
	Energy:	0.0005 kWh
	CO2eq:	0.2505 g
	0.0023 km travelled by car
	Time:	0:00:15
	Energy:	0.0005 kWh
	CO2eq:	0.2505 g
	0.0023 km travelled by car
___backprop com 18 Treads_concluida___
___backprop com 20 Treads___
Tempo total: 15403.640 ms
	Time:	0:00:15
	Energy:	0.0005 kWh
	CO2eq:	0.2493 g
	0.0023 km travelled by car
	Time:	0:00:15
	Energy:	0.0005 kWh
	CO2eq:	0.2493 g
	0.0023 km travelled by car
___backprop com 20 Treads_concluida___
___backprop com 22 Treads___
Tempo total: 15813.688 ms
	Time:	0:00:16
	Energy:	0.0005 kWh
	CO2eq:	0.2570 g
	0.0024 km travelled by car
	Time:	0:00:16
	Energy:	0.0005 kWh
	CO2eq:	0.2570 g
	0.0024 km travelled by car
___backprop com 22 Treads_concluida___
___backprop com 24 Treads___
Tempo total: 15444.793 ms
	Time:	0:00:15
	Energy:	0.0005 kWh
	CO2eq:	0.2502 g
	0.0023 km travelled by car
	Time:	0:00:15
	Energy:	0.0005 kWh
	CO2eq:	0.2502 g
	0.0023 km travelled by car
___backprop com 24 Treads_concluida___
___backprop com 26 Treads___
Tempo total: 15595.117 ms
	Time:	0:00:16
	Energy:	0.0005 kWh
	CO2eq:	0.2526 g
	0.0024 km travelled by car
	Time:	0:00:16
	Energy:	0.0005 kWh
	CO2eq:	0.2526 g
	0.0024 km travelled by car
___backprop com 26 Treads_concluida___
___backprop com 28 Treads___
Tempo total: 15400.386 ms
	Time:	0:00:15
	Energy:	0.0005 kWh
	CO2eq:	0.2495 g
	0.0023 km travelled by car
	Time:	0:00:15
	Energy:	0.0005 kWh
	CO2eq:	0.2495 g
	0.0023 km travelled by car
___backprop com 28 Treads_concluida___
___backprop com 30 Treads___
Tempo total: 15427.932 ms
	Time:	0:00:15
	Energy:	0.0005 kWh
	CO2eq:	0.2502 g
	0.0023 km travelled by car
	Time:	0:00:15
	Energy:	0.0005 kWh
	CO2eq:	0.2502 g
	0.0023 km travelled by car
___backprop com 30 Treads_concluida___
___backprop com 32 Treads___
Tempo total: 15915.431 ms
	Time:	0:00:16
	Energy:	0.0005 kWh
	CO2eq:	0.2580 g
	0.0024 km travelled by car
	Time:	0:00:16
	Energy:	0.0005 kWh
	CO2eq:	0.2580 g
	0.0024 km travelled by car
___backprop com 32 Treads_concluida___
___backprop com 34 Treads___
Tempo total: 15935.322 ms
	Time:	0:00:16
	Energy:	0.0005 kWh
	CO2eq:	0.2589 g
	0.0024 km travelled by car
	Time:	0:00:16
	Energy:	0.0005 kWh
	CO2eq:	0.2589 g
	0.0024 km travelled by car
___backprop com 34 Treads_concluida___
___backprop com 36 Treads___
Tempo total: 15696.207 ms
	Time:	0:00:16
	Energy:	0.0005 kWh
	CO2eq:	0.2540 g
	0.0024 km travelled by car
	Time:	0:00:16
	Energy:	0.0005 kWh
	CO2eq:	0.2540 g
	0.0024 km travelled by car
___backprop com 36 Treads_concluida___
___backprop com 38 Treads___
Tempo total: 15543.659 ms
	Time:	0:00:16
	Energy:	0.0005 kWh
	CO2eq:	0.2516 g
	0.0023 km travelled by car
	Time:	0:00:16
	Energy:	0.0005 kWh
	CO2eq:	0.2516 g
	0.0023 km travelled by car
___backprop com 38 Treads_concluida___
___backprop com 40 Treads___
Tempo total: 15483.205 ms
	Time:	0:00:15
	Energy:	0.0005 kWh
	CO2eq:	0.2503 g
	0.0023 km travelled by car
	Time:	0:00:15
	Energy:	0.0005 kWh
	CO2eq:	0.2503 g
	0.0023 km travelled by car
___backprop com 40 Treads_concluida___
___backprop com 42 Treads___
Tempo total: 15479.043 ms
	Time:	0:00:15
	Energy:	0.0005 kWh
	CO2eq:	0.2502 g
	0.0023 km travelled by car
	Time:	0:00:15
	Energy:	0.0005 kWh
	CO2eq:	0.2502 g
	0.0023 km travelled by car
___backprop com 42 Treads_concluida___
___backprop com 44 Treads___
Tempo total: 15437.740 ms
	Time:	0:00:15
	Energy:	0.0005 kWh
	CO2eq:	0.2496 g
	0.0023 km travelled by car
	Time:	0:00:15
	Energy:	0.0005 kWh
	CO2eq:	0.2496 g
	0.0023 km travelled by car
___backprop com 44 Treads_concluida___
___backprop com 46 Treads___
Tempo total: 15456.625 ms
	Time:	0:00:15
	Energy:	0.0005 kWh
	CO2eq:	0.2502 g
	0.0023 km travelled by car
	Time:	0:00:15
	Energy:	0.0005 kWh
	CO2eq:	0.2502 g
	0.0023 km travelled by car
___backprop com 46 Treads_concluida___
___backprop com 48 Treads___
Tempo total: 15543.512 ms
	Time:	0:00:16
	Energy:	0.0005 kWh
	CO2eq:	0.2514 g
	0.0023 km travelled by car
	Time:	0:00:16
	Energy:	0.0005 kWh
	CO2eq:	0.2514 g
	0.0023 km travelled by car
___backprop com 48 Treads_concluida___
___backprop com 50 Treads___
Tempo total: 15476.757 ms
	Time:	0:00:15
	Energy:	0.0005 kWh
	CO2eq:	0.2501 g
	0.0023 km travelled by car
	Time:	0:00:15
	Energy:	0.0005 kWh
	CO2eq:	0.2501 g
	0.0023 km travelled by car
___backprop com 50 Treads_concluida___
___backprop com 52 Treads___
Tempo total: 15529.907 ms
	Time:	0:00:16
	Energy:	0.0005 kWh
	CO2eq:	0.2510 g
	0.0023 km travelled by car
	Time:	0:00:16
	Energy:	0.0005 kWh
	CO2eq:	0.2510 g
	0.0023 km travelled by car
___backprop com 52 Treads_concluida___
___backprop com 54 Treads___
Tempo total: 15438.003 ms
	Time:	0:00:15
	Energy:	0.0005 kWh
	CO2eq:	0.2496 g
	0.0023 km travelled by car
	Time:	0:00:15
	Energy:	0.0005 kWh
	CO2eq:	0.2496 g
	0.0023 km travelled by car
___backprop com 54 Treads_concluida___
___backprop com 56 Treads___
Tempo total: 15524.468 ms
	Time:	0:00:16
	Energy:	0.0005 kWh
	CO2eq:	0.2511 g
	0.0023 km travelled by car
	Time:	0:00:16
	Energy:	0.0005 kWh
	CO2eq:	0.2511 g
	0.0023 km travelled by car
___backprop com 56 Treads_concluida___
___backprop com 58 Treads___
Tempo total: 15620.122 ms
	Time:	0:00:16
	Energy:	0.0005 kWh
	CO2eq:	0.2528 g
	0.0024 km travelled by car
	Time:	0:00:16
	Energy:	0.0005 kWh
	CO2eq:	0.2528 g
	0.0024 km travelled by car
___backprop com 58 Treads_concluida___
___backprop com 60 Treads___
Tempo total: 15519.834 ms
	Time:	0:00:16
	Energy:	0.0005 kWh
	CO2eq:	0.2510 g
	0.0023 km travelled by car
	Time:	0:00:16
	Energy:	0.0005 kWh
	CO2eq:	0.2510 g
	0.0023 km travelled by car
___backprop com 60 Treads_concluida___
___backprop com 62 Treads___
Tempo total: 15464.409 ms
	Time:	0:00:15
	Energy:	0.0005 kWh
	CO2eq:	0.2503 g
	0.0023 km travelled by car
	Time:	0:00:15
	Energy:	0.0005 kWh
	CO2eq:	0.2503 g
	0.0023 km travelled by car
___backprop com 62 Treads_concluida___
___backprop com 64 Treads___
Tempo total: 15613.062 ms
	Time:	0:00:16
	Energy:	0.0005 kWh
	CO2eq:	0.2527 g
	0.0024 km travelled by car
	Time:	0:00:16
	Energy:	0.0005 kWh
	CO2eq:	0.2527 g
	0.0024 km travelled by car
___backprop com 64 Treads_concluida___
___backprop com 66 Treads___
Tempo total: 15632.864 ms
	Time:	0:00:16
	Energy:	0.0005 kWh
	CO2eq:	0.2533 g
	0.0024 km travelled by car
	Time:	0:00:16
	Energy:	0.0005 kWh
	CO2eq:	0.2533 g
	0.0024 km travelled by car
___backprop com 66 Treads_concluida___
___backprop com 68 Treads___
Tempo total: 15840.255 ms
	Time:	0:00:16
	Energy:	0.0005 kWh
	CO2eq:	0.2573 g
	0.0024 km travelled by car
	Time:	0:00:16
	Energy:	0.0005 kWh
	CO2eq:	0.2573 g
	0.0024 km travelled by car
___backprop com 68 Treads_concluida___
___backprop com 70 Treads___
Tempo total: 15395.699 ms
	Time:	0:00:15
	Energy:	0.0005 kWh
	CO2eq:	0.2492 g
	0.0023 km travelled by car
	Time:	0:00:15
	Energy:	0.0005 kWh
	CO2eq:	0.2492 g
	0.0023 km travelled by car
___backprop com 70 Treads_concluida___
___backprop com 72 Treads___
Tempo total: 15494.088 ms
	Time:	0:00:15
	Energy:	0.0005 kWh
	CO2eq:	0.2509 g
	0.0023 km travelled by car
	Time:	0:00:15
	Energy:	0.0005 kWh
	CO2eq:	0.2509 g
	0.0023 km travelled by car
___backprop com 72 Treads_concluida___
___backprop com 74 Treads___
Tempo total: 15762.955 ms
	Time:	0:00:16
	Energy:	0.0005 kWh
	CO2eq:	0.2559 g
	0.0024 km travelled by car
	Time:	0:00:16
	Energy:	0.0005 kWh
	CO2eq:	0.2559 g
	0.0024 km travelled by car
___backprop com 74 Treads_concluida___
___backprop com 76 Treads___
Tempo total: 15403.734 ms
	Time:	0:00:15
	Energy:	0.0005 kWh
	CO2eq:	0.2507 g
	0.0023 km travelled by car
	Time:	0:00:15
	Energy:	0.0005 kWh
	CO2eq:	0.2507 g
	0.0023 km travelled by car
___backprop com 76 Treads_concluida___
___backprop com 78 Treads___
Tempo total: 15587.367 ms
	Time:	0:00:16
	Energy:	0.0005 kWh
	CO2eq:	0.2528 g
	0.0024 km travelled by car
	Time:	0:00:16
	Energy:	0.0005 kWh
	CO2eq:	0.2528 g
	0.0024 km travelled by car
___backprop com 78 Treads_concluida___
___backprop com 80 Treads___
Tempo total: 15970.236 ms
	Time:	0:00:16
	Energy:	0.0005 kWh
	CO2eq:	0.2599 g
	0.0024 km travelled by car
	Time:	0:00:16
	Energy:	0.0005 kWh
	CO2eq:	0.2599 g
	0.0024 km travelled by car
___backprop com 80 Treads_concluida___
___backprop com 82 Treads___
Tempo total: 15428.100 ms
	Time:	0:00:15
	Energy:	0.0005 kWh
	CO2eq:	0.2504 g
	0.0023 km travelled by car
	Time:	0:00:15
	Energy:	0.0005 kWh
	CO2eq:	0.2504 g
	0.0023 km travelled by car
___backprop com 82 Treads_concluida___
___backprop com 84 Treads___
Tempo total: 15573.053 ms
	Time:	0:00:16
	Energy:	0.0005 kWh
	CO2eq:	0.2538 g
	0.0024 km travelled by car
	Time:	0:00:16
	Energy:	0.0005 kWh
	CO2eq:	0.2538 g
	0.0024 km travelled by car
___backprop com 84 Treads_concluida___
___backprop com 86 Treads___
Tempo total: 15566.606 ms
	Time:	0:00:16
	Energy:	0.0005 kWh
	CO2eq:	0.2525 g
	0.0023 km travelled by car
	Time:	0:00:16
	Energy:	0.0005 kWh
	CO2eq:	0.2525 g
	0.0023 km travelled by car
___backprop com 86 Treads_concluida___
___backprop com 88 Treads___
Tempo total: 15520.065 ms
	Time:	0:00:16
	Energy:	0.0005 kWh
	CO2eq:	0.2519 g
	0.0023 km travelled by car
	Time:	0:00:16
	Energy:	0.0005 kWh
	CO2eq:	0.2519 g
	0.0023 km travelled by car
___backprop com 88 Treads_concluida___
___Fim de backprop___:

Start -> cfd
compilando cfd...
rm -f euler3d_cpu
rm -f euler3d_cpu_offload
rm -f euler3d_cpu_double
rm -f pre_euler3d_cpu
rm -f pre_euler3d_cpu_double
g++ -O3 -Dblock_length=8 -fopenmp euler3d_cpu.cpp -o euler3d_cpu
g++ -O3 -Dblock_length=8 -fopenmp euler3d_cpu_double.cpp -o euler3d_cpu_double
g++ -O3 -Dblock_length=8 -fopenmp pre_euler3d_cpu.cpp -o pre_euler3d_cpu
g++ -O3 -Dblock_length=8 -fopenmp pre_euler3d_cpu_double.cpp -o pre_euler3d_cpu_double
icc -g -O3 -DOMP_OFFLOAD -Dblock_length=216 -fopenmp -offload-option,mic,compiler,"-no-opt-prefetch" euler3d_cpu.cpp -o euler3d_cpu_offload
___Executando cfd___:
___cfd com 2 Treads___
Compute time: 114.814
Tempo total: 116696.643 ms
	Time:	0:01:57
	Energy:	0.0038 kWh
	CO2eq:	1.8472 g
	0.0172 km travelled by car
	Time:	0:01:57
	Energy:	0.0038 kWh
	CO2eq:	1.8472 g
	0.0172 km travelled by car
___cfd com 2 Treads_concluida___
___cfd com 4 Treads___
Compute time: 58.9865
Tempo total: 60853.003 ms
	Time:	0:01:01
	Energy:	0.0021 kWh
	CO2eq:	1.0103 g
	0.0094 km travelled by car
	Time:	0:01:01
	Energy:	0.0021 kWh
	CO2eq:	1.0103 g
	0.0094 km travelled by car
___cfd com 4 Treads_concluida___
___cfd com 6 Treads___
Compute time: 41.2903
Tempo total: 43196.572 ms
	Time:	0:00:43
	Energy:	0.0015 kWh
	CO2eq:	0.7346 g
	0.0068 km travelled by car
	Time:	0:00:43
	Energy:	0.0015 kWh
	CO2eq:	0.7324 g
	0.0068 km travelled by car
___cfd com 6 Treads_concluida___
___cfd com 8 Treads___
Compute time: 32.187
Tempo total: 34105.855 ms
	Time:	0:00:34
	Energy:	0.0012 kWh
	CO2eq:	0.5959 g
	0.0055 km travelled by car
	Time:	0:00:34
	Energy:	0.0012 kWh
	CO2eq:	0.5959 g
	0.0055 km travelled by car
___cfd com 8 Treads_concluida___
___cfd com 10 Treads___
Compute time: 26.8421
Tempo total: 28757.784 ms
	Time:	0:00:29
	Energy:	0.0011 kWh
	CO2eq:	0.5132 g
	0.0048 km travelled by car
	Time:	0:00:29
	Energy:	0.0011 kWh
	CO2eq:	0.5132 g
	0.0048 km travelled by car
___cfd com 10 Treads_concluida___
___cfd com 12 Treads___
Compute time: 23.3655
Tempo total: 25262.261 ms
	Time:	0:00:25
	Energy:	0.0009 kWh
	CO2eq:	0.4549 g
	0.0042 km travelled by car
	Time:	0:00:25
	Energy:	0.0009 kWh
	CO2eq:	0.4549 g
	0.0042 km travelled by car
___cfd com 12 Treads_concluida___
___cfd com 14 Treads___
Compute time: 20.4743
Tempo total: 22368.333 ms
	Time:	0:00:22
	Energy:	0.0009 kWh
	CO2eq:	0.4120 g
	0.0038 km travelled by car
	Time:	0:00:22
	Energy:	0.0009 kWh
	CO2eq:	0.4120 g
	0.0038 km travelled by car
___cfd com 14 Treads_concluida___
___cfd com 16 Treads___
Compute time: 18.4077
Tempo total: 20310.699 ms
	Time:	0:00:20
	Energy:	0.0008 kWh
	CO2eq:	0.3776 g
	0.0035 km travelled by car
	Time:	0:00:20
	Energy:	0.0008 kWh
	CO2eq:	0.3776 g
	0.0035 km travelled by car
___cfd com 16 Treads_concluida___
___cfd com 18 Treads___
Compute time: 17.0658
Tempo total: 18945.567 ms
	Time:	0:00:19
	Energy:	0.0007 kWh
	CO2eq:	0.3552 g
	0.0033 km travelled by car
	Time:	0:00:19
	Energy:	0.0007 kWh
	CO2eq:	0.3481 g
	0.0032 km travelled by car
___cfd com 18 Treads_concluida___
___cfd com 20 Treads___
Compute time: 15.1492
Tempo total: 17020.177 ms
	Time:	0:00:17
	Energy:	0.0007 kWh
	CO2eq:	0.3258 g
	0.0030 km travelled by car
	Time:	0:00:17
	Energy:	0.0007 kWh
	CO2eq:	0.3189 g
	0.0030 km travelled by car
___cfd com 20 Treads_concluida___
___cfd com 22 Treads___
Compute time: 13.7942
Tempo total: 15740.762 ms
	Time:	0:00:16
	Energy:	0.0006 kWh
	CO2eq:	0.3048 g
	0.0028 km travelled by car
	Time:	0:00:16
	Energy:	0.0006 kWh
	CO2eq:	0.3048 g
	0.0028 km travelled by car
___cfd com 22 Treads_concluida___
___cfd com 24 Treads___
Compute time: 12.609
Tempo total: 14554.892 ms
	Time:	0:00:15
	Energy:	0.0006 kWh
	CO2eq:	0.2888 g
	0.0027 km travelled by car
	Time:	0:00:15
	Energy:	0.0006 kWh
	CO2eq:	0.2888 g
	0.0027 km travelled by car
___cfd com 24 Treads_concluida___
___cfd com 26 Treads___
Compute time: 11.5946
Tempo total: 13528.135 ms
	Time:	0:00:14
	Energy:	0.0006 kWh
	CO2eq:	0.2688 g
	0.0025 km travelled by car
	Time:	0:00:14
	Energy:	0.0006 kWh
	CO2eq:	0.2688 g
	0.0025 km travelled by car
___cfd com 26 Treads_concluida___
___cfd com 28 Treads___
Compute time: 10.8129
Tempo total: 12794.586 ms
	Time:	0:00:13
	Energy:	0.0005 kWh
	CO2eq:	0.2620 g
	0.0024 km travelled by car
	Time:	0:00:13
	Energy:	0.0005 kWh
	CO2eq:	0.2620 g
	0.0024 km travelled by car
___cfd com 28 Treads_concluida___
___cfd com 30 Treads___
Compute time: 10.1601
Tempo total: 12140.248 ms
	Time:	0:00:12
	Energy:	0.0005 kWh
	CO2eq:	0.2537 g
	0.0024 km travelled by car
	Time:	0:00:12
	Energy:	0.0005 kWh
	CO2eq:	0.2537 g
	0.0024 km travelled by car
___cfd com 30 Treads_concluida___
___cfd com 32 Treads___
Compute time: 9.52192
Tempo total: 11380.202 ms
	Time:	0:00:11
	Energy:	0.0005 kWh
	CO2eq:	0.2351 g
	0.0022 km travelled by car
	Time:	0:00:11
	Energy:	0.0005 kWh
	CO2eq:	0.2351 g
	0.0022 km travelled by car
___cfd com 32 Treads_concluida___
___cfd com 34 Treads___
Compute time: 8.96489
Tempo total: 10916.449 ms
	Time:	0:00:11
	Energy:	0.0005 kWh
	CO2eq:	0.2331 g
	0.0022 km travelled by car
	Time:	0:00:11
	Energy:	0.0005 kWh
	CO2eq:	0.2216 g
	0.0021 km travelled by car
___cfd com 34 Treads_concluida___
___cfd com 36 Treads___
Compute time: 8.43819
Tempo total: 10306.661 ms
	Time:	0:00:10
	Energy:	0.0005 kWh
	CO2eq:	0.2245 g
	0.0021 km travelled by car
	Time:	0:00:10
	Energy:	0.0005 kWh
	CO2eq:	0.2245 g
	0.0021 km travelled by car
___cfd com 36 Treads_concluida___
___cfd com 38 Treads___
Compute time: 8.03142
Tempo total: 9887.410 ms
	Time:	0:00:10
	Energy:	0.0005 kWh
	CO2eq:	0.2177 g
	0.0020 km travelled by car
	Time:	0:00:10
	Energy:	0.0005 kWh
	CO2eq:	0.2177 g
	0.0020 km travelled by car
___cfd com 38 Treads_concluida___
___cfd com 40 Treads___
Compute time: 7.63399
Tempo total: 9579.124 ms
	Time:	0:00:10
	Energy:	0.0004 kWh
	CO2eq:	0.2079 g
	0.0019 km travelled by car
	Time:	0:00:10
	Energy:	0.0004 kWh
	CO2eq:	0.2079 g
	0.0019 km travelled by car
___cfd com 40 Treads_concluida___
___cfd com 42 Treads___
Compute time: 7.3678
Tempo total: 9276.711 ms
	Time:	0:00:09
	Energy:	0.0004 kWh
	CO2eq:	0.2003 g
	0.0019 km travelled by car
	Time:	0:00:09
	Energy:	0.0004 kWh
	CO2eq:	0.2003 g
	0.0019 km travelled by car
___cfd com 42 Treads_concluida___
___cfd com 44 Treads___
Compute time: 7.07085
Tempo total: 9033.288 ms
	Time:	0:00:09
	Energy:	0.0004 kWh
	CO2eq:	0.2062 g
	0.0019 km travelled by car
	Time:	0:00:09
	Energy:	0.0004 kWh
	CO2eq:	0.1934 g
	0.0018 km travelled by car
___cfd com 44 Treads_concluida___
___cfd com 46 Treads___
Compute time: 7.05543
Tempo total: 8999.820 ms
	Time:	0:00:09
	Energy:	0.0004 kWh
	CO2eq:	0.2122 g
	0.0020 km travelled by car
	Time:	0:00:09
	Energy:	0.0004 kWh
	CO2eq:	0.1977 g
	0.0018 km travelled by car
___cfd com 46 Treads_concluida___
___cfd com 48 Treads___
Compute time: 6.89158
Tempo total: 8833.670 ms
	Time:	0:00:09
	Energy:	0.0004 kWh
	CO2eq:	0.2110 g
	0.0020 km travelled by car
	Time:	0:00:09
	Energy:	0.0004 kWh
	CO2eq:	0.2110 g
	0.0020 km travelled by car
___cfd com 48 Treads_concluida___
___cfd com 50 Treads___
Compute time: 6.87709
Tempo total: 8826.566 ms
	Time:	0:00:09
	Energy:	0.0004 kWh
	CO2eq:	0.2130 g
	0.0020 km travelled by car
	Time:	0:00:09
	Energy:	0.0004 kWh
	CO2eq:	0.2130 g
	0.0020 km travelled by car
___cfd com 50 Treads_concluida___
___cfd com 52 Treads___
Compute time: 6.69146
Tempo total: 8659.009 ms
	Time:	0:00:09
	Energy:	0.0004 kWh
	CO2eq:	0.2127 g
	0.0020 km travelled by car
	Time:	0:00:09
	Energy:	0.0004 kWh
	CO2eq:	0.2127 g
	0.0020 km travelled by car
___cfd com 52 Treads_concluida___
___cfd com 54 Treads___
Compute time: 6.34235
Tempo total: 8216.356 ms
	Time:	0:00:08
	Energy:	0.0004 kWh
	CO2eq:	0.2047 g
	0.0019 km travelled by car
	Time:	0:00:08
	Energy:	0.0004 kWh
	CO2eq:	0.2047 g
	0.0019 km travelled by car
___cfd com 54 Treads_concluida___
___cfd com 56 Treads___
Compute time: 6.14729
Tempo total: 8077.449 ms
	Time:	0:00:08
	Energy:	0.0004 kWh
	CO2eq:	0.2017 g
	0.0019 km travelled by car
	Time:	0:00:08
	Energy:	0.0004 kWh
	CO2eq:	0.2017 g
	0.0019 km travelled by car
___cfd com 56 Treads_concluida___
___cfd com 58 Treads___
Compute time: 5.912
Tempo total: 7813.209 ms
	Time:	0:00:08
	Energy:	0.0004 kWh
	CO2eq:	0.1937 g
	0.0018 km travelled by car
	Time:	0:00:08
	Energy:	0.0004 kWh
	CO2eq:	0.1937 g
	0.0018 km travelled by car
___cfd com 58 Treads_concluida___
___cfd com 60 Treads___
Compute time: 5.93124
Tempo total: 7804.602 ms
	Time:	0:00:08
	Energy:	0.0004 kWh
	CO2eq:	0.1946 g
	0.0018 km travelled by car
	Time:	0:00:08
	Energy:	0.0004 kWh
	CO2eq:	0.1946 g
	0.0018 km travelled by car
___cfd com 60 Treads_concluida___
___cfd com 62 Treads___
Compute time: 5.65087
Tempo total: 7780.963 ms
	Time:	0:00:08
	Energy:	0.0004 kWh
	CO2eq:	0.1890 g
	0.0018 km travelled by car
	Time:	0:00:08
	Energy:	0.0004 kWh
	CO2eq:	0.1890 g
	0.0018 km travelled by car
___cfd com 62 Treads_concluida___
___cfd com 64 Treads___
Compute time: 5.47857
Tempo total: 7456.864 ms
	Time:	0:00:07
	Energy:	0.0004 kWh
	CO2eq:	0.1787 g
	0.0017 km travelled by car
	Time:	0:00:07
	Energy:	0.0004 kWh
	CO2eq:	0.1787 g
	0.0017 km travelled by car
___cfd com 64 Treads_concluida___
___cfd com 66 Treads___
Compute time: 5.38307
Tempo total: 7313.990 ms
	Time:	0:00:07
	Energy:	0.0004 kWh
	CO2eq:	0.1748 g
	0.0016 km travelled by car
	Time:	0:00:07
	Energy:	0.0004 kWh
	CO2eq:	0.1748 g
	0.0016 km travelled by car
___cfd com 66 Treads_concluida___
___cfd com 68 Treads___
Compute time: 5.36144
Tempo total: 7257.792 ms
	Time:	0:00:07
	Energy:	0.0004 kWh
	CO2eq:	0.1739 g
	0.0016 km travelled by car
	Time:	0:00:07
	Energy:	0.0004 kWh
	CO2eq:	0.1739 g
	0.0016 km travelled by car
___cfd com 68 Treads_concluida___
___cfd com 70 Treads___
Compute time: 5.1407
Tempo total: 7006.659 ms
	Time:	0:00:07
	Energy:	0.0004 kWh
	CO2eq:	0.1807 g
	0.0017 km travelled by car
	Time:	0:00:07
	Energy:	0.0003 kWh
	CO2eq:	0.1639 g
	0.0015 km travelled by car
___cfd com 70 Treads_concluida___
___cfd com 72 Treads___
Compute time: 5.12104
Tempo total: 7083.002 ms
	Time:	0:00:07
	Energy:	0.0003 kWh
	CO2eq:	0.1665 g
	0.0015 km travelled by car
	Time:	0:00:07
	Energy:	0.0003 kWh
	CO2eq:	0.1665 g
	0.0015 km travelled by car
___cfd com 72 Treads_concluida___
___cfd com 74 Treads___
Compute time: 5.01276
Tempo total: 6895.726 ms
	Time:	0:00:07
	Energy:	0.0004 kWh
	CO2eq:	0.1809 g
	0.0017 km travelled by car
	Time:	0:00:07
	Energy:	0.0003 kWh
	CO2eq:	0.1618 g
	0.0015 km travelled by car
___cfd com 74 Treads_concluida___
___cfd com 76 Treads___
Compute time: 4.87695
Tempo total: 6793.142 ms
	Time:	0:00:07
	Energy:	0.0004 kWh
	CO2eq:	0.1800 g
	0.0017 km travelled by car
	Time:	0:00:07
	Energy:	0.0004 kWh
	CO2eq:	0.1800 g
	0.0017 km travelled by car
___cfd com 76 Treads_concluida___
___cfd com 78 Treads___
Compute time: 4.87755
Tempo total: 6807.241 ms
	Time:	0:00:07
	Energy:	0.0004 kWh
	CO2eq:	0.1793 g
	0.0017 km travelled by car
	Time:	0:00:07
	Energy:	0.0004 kWh
	CO2eq:	0.1793 g
	0.0017 km travelled by car
___cfd com 78 Treads_concluida___
___cfd com 80 Treads___
Compute time: 4.64538
Tempo total: 6533.617 ms
	Time:	0:00:07
	Energy:	0.0004 kWh
	CO2eq:	0.1765 g
	0.0016 km travelled by car
	Time:	0:00:07
	Energy:	0.0004 kWh
	CO2eq:	0.1765 g
	0.0016 km travelled by car
___cfd com 80 Treads_concluida___
___cfd com 82 Treads___
Compute time: 4.57559
Tempo total: 6488.924 ms
	Time:	0:00:06
	Energy:	0.0004 kWh
	CO2eq:	0.1771 g
	0.0016 km travelled by car
	Time:	0:00:06
	Energy:	0.0004 kWh
	CO2eq:	0.1771 g
	0.0016 km travelled by car
___cfd com 82 Treads_concluida___
___cfd com 84 Treads___
Compute time: 4.41121
Tempo total: 6311.190 ms
	Time:	0:00:06
	Energy:	0.0004 kWh
	CO2eq:	0.1737 g
	0.0016 km travelled by car
	Time:	0:00:06
	Energy:	0.0004 kWh
	CO2eq:	0.1737 g
	0.0016 km travelled by car
___cfd com 84 Treads_concluida___
___cfd com 86 Treads___
Compute time: 4.44991
Tempo total: 6383.112 ms
	Time:	0:00:06
	Energy:	0.0004 kWh
	CO2eq:	0.1747 g
	0.0016 km travelled by car
	Time:	0:00:06
	Energy:	0.0004 kWh
	CO2eq:	0.1747 g
	0.0016 km travelled by car
___cfd com 86 Treads_concluida___
___cfd com 88 Treads___
Compute time: 4.38268
Tempo total: 6277.769 ms
	Time:	0:00:06
	Energy:	0.0004 kWh
	CO2eq:	0.1758 g
	0.0016 km travelled by car
	Time:	0:00:06
	Energy:	0.0004 kWh
	CO2eq:	0.1758 g
	0.0016 km travelled by car
___cfd com 88 Treads_concluida___
___Fim de cfd___:

Start -> srad
compilando srad...
cd srad_v1; 	make clean
make[1]: Entering directory '/scratch/acsilveira/rodinia_novos/openmp/srad/srad_v1'
rm *.o srad
make[1]: Leaving directory '/scratch/acsilveira/rodinia_novos/openmp/srad/srad_v1'
cd srad_v2; 	make clean
make[1]: Entering directory '/scratch/acsilveira/rodinia_novos/openmp/srad/srad_v2'
rm -f srad
make[1]: Leaving directory '/scratch/acsilveira/rodinia_novos/openmp/srad/srad_v2'
cd srad_v1; 	make
make[1]: Entering directory '/scratch/acsilveira/rodinia_novos/openmp/srad/srad_v1'
gcc	main.c \
		-c -O3 -fopenmp
gcc	main.o \
		-lm -fopenmp -o srad
make[1]: Leaving directory '/scratch/acsilveira/rodinia_novos/openmp/srad/srad_v1'
cd srad_v2; 	make
make[1]: Entering directory '/scratch/acsilveira/rodinia_novos/openmp/srad/srad_v2'
g++ -g -fopenmp -O2 -lm srad.cpp -o srad 
make[1]: Leaving directory '/scratch/acsilveira/rodinia_novos/openmp/srad/srad_v2'
___Executando srad___:
___srad com 2 Treads___
Tempo total: 148597.879 ms
	Time:	0:02:29
	Energy:	0.0049 kWh
	CO2eq:	2.3353 g
	0.0217 km travelled by car
	Time:	0:02:29
	Energy:	0.0049 kWh
	CO2eq:	2.3353 g
	0.0217 km travelled by car
___srad com 2 Treads_concluida___
___srad com 4 Treads___
Tempo total: 74488.880 ms
	Time:	0:01:14
	Energy:	0.0026 kWh
	CO2eq:	1.2297 g
	0.0114 km travelled by car
	Time:	0:01:14
	Energy:	0.0026 kWh
	CO2eq:	1.2297 g
	0.0114 km travelled by car
___srad com 4 Treads_concluida___
___srad com 6 Treads___
Tempo total: 52449.046 ms
	Time:	0:00:52
	Energy:	0.0019 kWh
	CO2eq:	0.8907 g
	0.0083 km travelled by car
	Time:	0:00:52
	Energy:	0.0019 kWh
	CO2eq:	0.8907 g
	0.0083 km travelled by car
___srad com 6 Treads_concluida___
___srad com 8 Treads___
Tempo total: 42601.918 ms
	Time:	0:00:43
	Energy:	0.0015 kWh
	CO2eq:	0.7426 g
	0.0069 km travelled by car
	Time:	0:00:43
	Energy:	0.0015 kWh
	CO2eq:	0.7426 g
	0.0069 km travelled by car
___srad com 8 Treads_concluida___
___srad com 10 Treads___
Tempo total: 33946.001 ms
	Time:	0:00:34
	Energy:	0.0013 kWh
	CO2eq:	0.6076 g
	0.0057 km travelled by car
	Time:	0:00:34
	Energy:	0.0013 kWh
	CO2eq:	0.6076 g
	0.0057 km travelled by car
___srad com 10 Treads_concluida___
___srad com 12 Treads___
Tempo total: 28917.038 ms
	Time:	0:00:29
	Energy:	0.0011 kWh
	CO2eq:	0.5276 g
	0.0049 km travelled by car
	Time:	0:00:29
	Energy:	0.0011 kWh
	CO2eq:	0.5276 g
	0.0049 km travelled by car
___srad com 12 Treads_concluida___
___srad com 14 Treads___
Tempo total: 26530.380 ms
	Time:	0:00:27
	Energy:	0.0010 kWh
	CO2eq:	0.4924 g
	0.0046 km travelled by car
	Time:	0:00:27
	Energy:	0.0010 kWh
	CO2eq:	0.4924 g
	0.0046 km travelled by car
___srad com 14 Treads_concluida___
___srad com 16 Treads___
Tempo total: 24955.988 ms
	Time:	0:00:25
	Energy:	0.0010 kWh
	CO2eq:	0.4691 g
	0.0044 km travelled by car
	Time:	0:00:25
	Energy:	0.0010 kWh
	CO2eq:	0.4691 g
	0.0044 km travelled by car
___srad com 16 Treads_concluida___
___srad com 18 Treads___
Tempo total: 22878.664 ms
	Time:	0:00:23
	Energy:	0.0009 kWh
	CO2eq:	0.4345 g
	0.0040 km travelled by car
	Time:	0:00:23
	Energy:	0.0009 kWh
	CO2eq:	0.4345 g
	0.0040 km travelled by car
___srad com 18 Treads_concluida___
___srad com 20 Treads___
Tempo total: 20912.997 ms
	Time:	0:00:21
	Energy:	0.0008 kWh
	CO2eq:	0.4056 g
	0.0038 km travelled by car
	Time:	0:00:21
	Energy:	0.0008 kWh
	CO2eq:	0.4056 g
	0.0038 km travelled by car
___srad com 20 Treads_concluida___
___srad com 22 Treads___
Tempo total: 19215.967 ms
	Time:	0:00:19
	Energy:	0.0008 kWh
	CO2eq:	0.3810 g
	0.0035 km travelled by car
	Time:	0:00:19
	Energy:	0.0008 kWh
	CO2eq:	0.3810 g
	0.0035 km travelled by car
___srad com 22 Treads_concluida___
___srad com 24 Treads___
Tempo total: 18030.110 ms
	Time:	0:00:18
	Energy:	0.0008 kWh
	CO2eq:	0.3644 g
	0.0034 km travelled by car
	Time:	0:00:18
	Energy:	0.0008 kWh
	CO2eq:	0.3644 g
	0.0034 km travelled by car
___srad com 24 Treads_concluida___
___srad com 26 Treads___
Tempo total: 16873.588 ms
	Time:	0:00:17
	Energy:	0.0007 kWh
	CO2eq:	0.3478 g
	0.0032 km travelled by car
	Time:	0:00:17
	Energy:	0.0007 kWh
	CO2eq:	0.3478 g
	0.0032 km travelled by car
___srad com 26 Treads_concluida___
___srad com 28 Treads___
Tempo total: 16028.844 ms
	Time:	0:00:16
	Energy:	0.0007 kWh
	CO2eq:	0.3363 g
	0.0031 km travelled by car
	Time:	0:00:16
	Energy:	0.0007 kWh
	CO2eq:	0.3363 g
	0.0031 km travelled by car
___srad com 28 Treads_concluida___
___srad com 30 Treads___
Tempo total: 15632.610 ms
	Time:	0:00:16
	Energy:	0.0007 kWh
	CO2eq:	0.3331 g
	0.0031 km travelled by car
	Time:	0:00:16
	Energy:	0.0007 kWh
	CO2eq:	0.3331 g
	0.0031 km travelled by car
___srad com 30 Treads_concluida___
___srad com 32 Treads___
Tempo total: 14531.950 ms
	Time:	0:00:15
	Energy:	0.0007 kWh
	CO2eq:	0.3157 g
	0.0029 km travelled by car
	Time:	0:00:15
	Energy:	0.0007 kWh
	CO2eq:	0.3157 g
	0.0029 km travelled by car
___srad com 32 Treads_concluida___
___srad com 34 Treads___
Tempo total: 14448.103 ms
	Time:	0:00:14
	Energy:	0.0007 kWh
	CO2eq:	0.3179 g
	0.0030 km travelled by car
	Time:	0:00:14
	Energy:	0.0007 kWh
	CO2eq:	0.3179 g
	0.0030 km travelled by car
___srad com 34 Treads_concluida___
___srad com 36 Treads___
Tempo total: 13975.890 ms
	Time:	0:00:14
	Energy:	0.0006 kWh
	CO2eq:	0.3114 g
	0.0029 km travelled by car
	Time:	0:00:14
	Energy:	0.0006 kWh
	CO2eq:	0.3114 g
	0.0029 km travelled by car
___srad com 36 Treads_concluida___
___srad com 38 Treads___
Tempo total: 13357.033 ms
	Time:	0:00:13
	Energy:	0.0006 kWh
	CO2eq:	0.3033 g
	0.0028 km travelled by car
	Time:	0:00:13
	Energy:	0.0006 kWh
	CO2eq:	0.3033 g
	0.0028 km travelled by car
___srad com 38 Treads_concluida___
___srad com 40 Treads___
Tempo total: 13211.749 ms
	Time:	0:00:13
	Energy:	0.0006 kWh
	CO2eq:	0.3033 g
	0.0028 km travelled by car
	Time:	0:00:13
	Energy:	0.0006 kWh
	CO2eq:	0.3033 g
	0.0028 km travelled by car
___srad com 40 Treads_concluida___
___srad com 42 Treads___
Tempo total: 12799.315 ms
	Time:	0:00:13
	Energy:	0.0006 kWh
	CO2eq:	0.2980 g
	0.0028 km travelled by car
	Time:	0:00:13
	Energy:	0.0006 kWh
	CO2eq:	0.2980 g
	0.0028 km travelled by car
___srad com 42 Treads_concluida___
___srad com 44 Treads___
Tempo total: 12254.558 ms
	Time:	0:00:12
	Energy:	0.0006 kWh
	CO2eq:	0.2902 g
	0.0027 km travelled by car
	Time:	0:00:12
	Energy:	0.0006 kWh
	CO2eq:	0.2902 g
	0.0027 km travelled by car
___srad com 44 Treads_concluida___
___srad com 46 Treads___
Tempo total: 11770.194 ms
	Time:	0:00:12
	Energy:	0.0006 kWh
	CO2eq:	0.2872 g
	0.0027 km travelled by car
	Time:	0:00:12
	Energy:	0.0006 kWh
	CO2eq:	0.2872 g
	0.0027 km travelled by car
___srad com 46 Treads_concluida___
___srad com 48 Treads___
Tempo total: 11437.490 ms
	Time:	0:00:11
	Energy:	0.0006 kWh
	CO2eq:	0.2828 g
	0.0026 km travelled by car
	Time:	0:00:11
	Energy:	0.0006 kWh
	CO2eq:	0.2828 g
	0.0026 km travelled by car
___srad com 48 Treads_concluida___
___srad com 50 Treads___
Tempo total: 10906.815 ms
	Time:	0:00:11
	Energy:	0.0006 kWh
	CO2eq:	0.2739 g
	0.0025 km travelled by car
	Time:	0:00:11
	Energy:	0.0006 kWh
	CO2eq:	0.2699 g
	0.0025 km travelled by car
___srad com 50 Treads_concluida___
___srad com 52 Treads___
Tempo total: 10574.197 ms
	Time:	0:00:11
	Energy:	0.0006 kWh
	CO2eq:	0.2696 g
	0.0025 km travelled by car
	Time:	0:00:11
	Energy:	0.0006 kWh
	CO2eq:	0.2696 g
	0.0025 km travelled by car
___srad com 52 Treads_concluida___
___srad com 54 Treads___
Tempo total: 10227.026 ms
	Time:	0:00:10
	Energy:	0.0006 kWh
	CO2eq:	0.2649 g
	0.0025 km travelled by car
	Time:	0:00:10
	Energy:	0.0006 kWh
	CO2eq:	0.2649 g
	0.0025 km travelled by car
___srad com 54 Treads_concluida___
___srad com 56 Treads___
Tempo total: 9877.537 ms
	Time:	0:00:10
	Energy:	0.0005 kWh
	CO2eq:	0.2590 g
	0.0024 km travelled by car
	Time:	0:00:10
	Energy:	0.0005 kWh
	CO2eq:	0.2590 g
	0.0024 km travelled by car
___srad com 56 Treads_concluida___
___srad com 58 Treads___
Tempo total: 9653.647 ms
	Time:	0:00:10
	Energy:	0.0005 kWh
	CO2eq:	0.2566 g
	0.0024 km travelled by car
	Time:	0:00:10
	Energy:	0.0005 kWh
	CO2eq:	0.2566 g
	0.0024 km travelled by car
___srad com 58 Treads_concluida___
___srad com 60 Treads___
Tempo total: 9369.564 ms
	Time:	0:00:09
	Energy:	0.0005 kWh
	CO2eq:	0.2522 g
	0.0023 km travelled by car
	Time:	0:00:09
	Energy:	0.0005 kWh
	CO2eq:	0.2522 g
	0.0023 km travelled by car
___srad com 60 Treads_concluida___
___srad com 62 Treads___
Tempo total: 9059.014 ms
	Time:	0:00:09
	Energy:	0.0005 kWh
	CO2eq:	0.2458 g
	0.0023 km travelled by car
	Time:	0:00:09
	Energy:	0.0005 kWh
	CO2eq:	0.2465 g
	0.0023 km travelled by car
___srad com 62 Treads_concluida___
___srad com 64 Treads___
Tempo total: 8772.638 ms
	Time:	0:00:09
	Energy:	0.0005 kWh
	CO2eq:	0.2415 g
	0.0022 km travelled by car
	Time:	0:00:09
	Energy:	0.0005 kWh
	CO2eq:	0.2415 g
	0.0022 km travelled by car
___srad com 64 Treads_concluida___
___srad com 66 Treads___
Tempo total: 8604.071 ms
	Time:	0:00:09
	Energy:	0.0005 kWh
	CO2eq:	0.2386 g
	0.0022 km travelled by car
	Time:	0:00:09
	Energy:	0.0005 kWh
	CO2eq:	0.2386 g
	0.0022 km travelled by car
___srad com 66 Treads_concluida___
___srad com 68 Treads___
Tempo total: 8370.721 ms
	Time:	0:00:08
	Energy:	0.0005 kWh
	CO2eq:	0.2364 g
	0.0022 km travelled by car
	Time:	0:00:08
	Energy:	0.0005 kWh
	CO2eq:	0.2364 g
	0.0022 km travelled by car
___srad com 68 Treads_concluida___
___srad com 70 Treads___
Tempo total: 8261.254 ms
	Time:	0:00:08
	Energy:	0.0005 kWh
	CO2eq:	0.2353 g
	0.0022 km travelled by car
	Time:	0:00:08
	Energy:	0.0005 kWh
	CO2eq:	0.2353 g
	0.0022 km travelled by car
___srad com 70 Treads_concluida___
___srad com 72 Treads___
Tempo total: 8015.710 ms
	Time:	0:00:08
	Energy:	0.0005 kWh
	CO2eq:	0.2313 g
	0.0022 km travelled by car
	Time:	0:00:08
	Energy:	0.0005 kWh
	CO2eq:	0.2313 g
	0.0022 km travelled by car
___srad com 72 Treads_concluida___
___srad com 74 Treads___
Tempo total: 7837.904 ms
	Time:	0:00:08
	Energy:	0.0005 kWh
	CO2eq:	0.2295 g
	0.0021 km travelled by car
	Time:	0:00:08
	Energy:	0.0005 kWh
	CO2eq:	0.2295 g
	0.0021 km travelled by car
___srad com 74 Treads_concluida___
___srad com 76 Treads___
Tempo total: 7670.126 ms
	Time:	0:00:08
	Energy:	0.0005 kWh
	CO2eq:	0.2273 g
	0.0021 km travelled by car
	Time:	0:00:08
	Energy:	0.0005 kWh
	CO2eq:	0.2273 g
	0.0021 km travelled by car
___srad com 76 Treads_concluida___
___srad com 78 Treads___
Tempo total: 7561.364 ms
	Time:	0:00:08
	Energy:	0.0005 kWh
	CO2eq:	0.2269 g
	0.0021 km travelled by car
	Time:	0:00:08
	Energy:	0.0005 kWh
	CO2eq:	0.2269 g
	0.0021 km travelled by car
___srad com 78 Treads_concluida___
___srad com 80 Treads___
Tempo total: 7389.466 ms
	Time:	0:00:07
	Energy:	0.0005 kWh
	CO2eq:	0.2245 g
	0.0021 km travelled by car
	Time:	0:00:07
	Energy:	0.0005 kWh
	CO2eq:	0.2245 g
	0.0021 km travelled by car
___srad com 80 Treads_concluida___
___srad com 82 Treads___
Tempo total: 7213.996 ms
	Time:	0:00:07
	Energy:	0.0005 kWh
	CO2eq:	0.2221 g
	0.0021 km travelled by car
	Time:	0:00:07
	Energy:	0.0005 kWh
	CO2eq:	0.2221 g
	0.0021 km travelled by car
___srad com 82 Treads_concluida___
___srad com 84 Treads___
Tempo total: 6999.757 ms
	Time:	0:00:07
	Energy:	0.0005 kWh
	CO2eq:	0.2169 g
	0.0020 km travelled by car
	Time:	0:00:07
	Energy:	0.0004 kWh
	CO2eq:	0.2163 g
	0.0020 km travelled by car
___srad com 84 Treads_concluida___
___srad com 86 Treads___
Tempo total: 6942.608 ms
	Time:	0:00:07
	Energy:	0.0005 kWh
	CO2eq:	0.2168 g
	0.0020 km travelled by car
	Time:	0:00:07
	Energy:	0.0004 kWh
	CO2eq:	0.2142 g
	0.0020 km travelled by car
___srad com 86 Treads_concluida___
___srad com 88 Treads___
Tempo total: 6853.790 ms
	Time:	0:00:07
	Energy:	0.0004 kWh
	CO2eq:	0.2163 g
	0.0020 km travelled by car
	Time:	0:00:07
	Energy:	0.0004 kWh
	CO2eq:	0.2163 g
	0.0020 km travelled by car
___srad com 88 Treads_concluida___
___Fim de srad___:

