Numero de CPUs logicos (threads): 88
Numero de núcleos fisicos: 22
Start -> kmeans
compilando kmeans...
cd kmeans_serial; make clean
make[1]: Entering directory '/scratch/acsilveira/rodinia_novos/openmp/kmeans/kmeans_serial'
rm -f *.o *~ kmeans 
make[1]: Leaving directory '/scratch/acsilveira/rodinia_novos/openmp/kmeans/kmeans_serial'
cd kmeans_openmp; make clean
make[1]: Entering directory '/scratch/acsilveira/rodinia_novos/openmp/kmeans/kmeans_openmp'
rm -f *.o *~ kmeans 
make[1]: Leaving directory '/scratch/acsilveira/rodinia_novos/openmp/kmeans/kmeans_openmp'
cd kmeans_openmp; make
make[1]: Entering directory '/scratch/acsilveira/rodinia_novos/openmp/kmeans/kmeans_openmp'
gcc -g -fopenmp -O2  cluster.c -c
gcc -g -fopenmp -O2  getopt.c -c
gcc -g -fopenmp -O2  kmeans.c -c
gcc -g -fopenmp -O2  kmeans_clustering.c -c
gcc -g -fopenmp -O2  cluster.o getopt.o kmeans.o kmeans_clustering.o  -o kmeans
make[1]: Leaving directory '/scratch/acsilveira/rodinia_novos/openmp/kmeans/kmeans_openmp'
cd kmeans_serial; make
make[1]: Entering directory '/scratch/acsilveira/rodinia_novos/openmp/kmeans/kmeans_serial'
gcc -g -fopenmp -O2  cluster.c -c
gcc -g -fopenmp -O2  getopt.c -c
gcc -g -fopenmp -O2  kmeans.c -c
gcc -g -fopenmp -O2  kmeans_clustering.c -c
gcc -g -fopenmp -O2  cluster.o getopt.o kmeans.o kmeans_clustering.o  -o kmeans
make[1]: Leaving directory '/scratch/acsilveira/rodinia_novos/openmp/kmeans/kmeans_serial'
___Executando kmeans___:
___kmeans com 2 Treads___
Time for process: 274.324203
Tempo total: 275093.609 ms
	Time:	0:04:35
	Energy:	0.0090 kWh
	CO2eq:	0.8856 g
	0.0082 km travelled by car
	Time:	0:04:35
	Energy:	0.0090 kWh
	CO2eq:	0.8856 g
	0.0082 km travelled by car
___kmeans com 2 Treads_concluida___
___kmeans com 4 Treads___
Time for process: 139.029472
Tempo total: 139799.029 ms
	Time:	0:02:20
	Energy:	0.0048 kWh
	CO2eq:	0.4764 g
	0.0044 km travelled by car
	Time:	0:02:20
	Energy:	0.0048 kWh
	CO2eq:	0.4764 g
	0.0044 km travelled by car
___kmeans com 4 Treads_concluida___
___kmeans com 6 Treads___
Time for process: 97.937063
Tempo total: 98709.918 ms
	Time:	0:01:39
	Energy:	0.0035 kWh
	CO2eq:	0.3456 g
	0.0032 km travelled by car
	Time:	0:01:39
	Energy:	0.0035 kWh
	CO2eq:	0.3456 g
	0.0032 km travelled by car
___kmeans com 6 Treads_concluida___
___kmeans com 8 Treads___
Time for process: 75.733963
Tempo total: 76506.858 ms
	Time:	0:01:17
	Energy:	0.0028 kWh
	CO2eq:	0.2759 g
	0.0026 km travelled by car
	Time:	0:01:17
	Energy:	0.0028 kWh
	CO2eq:	0.2759 g
	0.0026 km travelled by car
___kmeans com 8 Treads_concluida___
___kmeans com 10 Treads___
Time for process: 62.455963
Tempo total: 63227.626 ms
	Time:	0:01:03
	Energy:	0.0023 kWh
	CO2eq:	0.2290 g
	0.0021 km travelled by car
	Time:	0:01:03
	Energy:	0.0023 kWh
	CO2eq:	0.2290 g
	0.0021 km travelled by car
___kmeans com 10 Treads_concluida___
___kmeans com 12 Treads___
Time for process: 53.760775
Tempo total: 54531.614 ms
	Time:	0:00:55
	Energy:	0.0021 kWh
	CO2eq:	0.2053 g
	0.0019 km travelled by car
	Time:	0:00:55
	Energy:	0.0021 kWh
	CO2eq:	0.2053 g
	0.0019 km travelled by car
___kmeans com 12 Treads_concluida___
___kmeans com 14 Treads___
Time for process: 47.678314
Tempo total: 48451.684 ms
	Time:	0:00:48
	Energy:	0.0019 kWh
	CO2eq:	0.1852 g
	0.0017 km travelled by car
	Time:	0:00:48
	Energy:	0.0019 kWh
	CO2eq:	0.1852 g
	0.0017 km travelled by car
___kmeans com 14 Treads_concluida___
___kmeans com 16 Treads___
Time for process: 43.170728
Tempo total: 43942.284 ms
	Time:	0:00:44
	Energy:	0.0017 kWh
	CO2eq:	0.1693 g
	0.0016 km travelled by car
	Time:	0:00:44
	Energy:	0.0017 kWh
	CO2eq:	0.1693 g
	0.0016 km travelled by car
___kmeans com 16 Treads_concluida___
___kmeans com 18 Treads___
Time for process: 39.287575
Tempo total: 40058.669 ms
	Time:	0:00:40
	Energy:	0.0016 kWh
	CO2eq:	0.1559 g
	0.0015 km travelled by car
	Time:	0:00:40
	Energy:	0.0016 kWh
	CO2eq:	0.1559 g
	0.0015 km travelled by car
___kmeans com 18 Treads_concluida___
___kmeans com 20 Treads___
Time for process: 35.484536
Tempo total: 36259.694 ms
	Time:	0:00:36
	Energy:	0.0015 kWh
	CO2eq:	0.1448 g
	0.0013 km travelled by car
	Time:	0:00:36
	Energy:	0.0015 kWh
	CO2eq:	0.1448 g
	0.0013 km travelled by car
___kmeans com 20 Treads_concluida___
___kmeans com 22 Treads___
Time for process: 32.114913
Tempo total: 32888.048 ms
	Time:	0:00:33
	Energy:	0.0014 kWh
	CO2eq:	0.1345 g
	0.0013 km travelled by car
	Time:	0:00:33
	Energy:	0.0014 kWh
	CO2eq:	0.1345 g
	0.0013 km travelled by car
___kmeans com 22 Treads_concluida___
___kmeans com 24 Treads___
Time for process: 29.518617
Tempo total: 30291.737 ms
	Time:	0:00:30
	Energy:	0.0013 kWh
	CO2eq:	0.1265 g
	0.0012 km travelled by car
	Time:	0:00:30
	Energy:	0.0013 kWh
	CO2eq:	0.1265 g
	0.0012 km travelled by car
___kmeans com 24 Treads_concluida___
___kmeans com 26 Treads___
Time for process: 27.240189
Tempo total: 28009.471 ms
	Time:	0:00:28
	Energy:	0.0012 kWh
	CO2eq:	0.1197 g
	0.0011 km travelled by car
	Time:	0:00:28
	Energy:	0.0012 kWh
	CO2eq:	0.1197 g
	0.0011 km travelled by car
___kmeans com 26 Treads_concluida___
___kmeans com 28 Treads___
Time for process: 25.337156
Tempo total: 26109.084 ms
	Time:	0:00:26
	Energy:	0.0012 kWh
	CO2eq:	0.1138 g
	0.0011 km travelled by car
	Time:	0:00:26
	Energy:	0.0012 kWh
	CO2eq:	0.1138 g
	0.0011 km travelled by car
___kmeans com 28 Treads_concluida___
___kmeans com 30 Treads___
Time for process: 23.617122
Tempo total: 24389.204 ms
	Time:	0:00:24
	Energy:	0.0011 kWh
	CO2eq:	0.1083 g
	0.0010 km travelled by car
	Time:	0:00:24
	Energy:	0.0011 kWh
	CO2eq:	0.1083 g
	0.0010 km travelled by car
___kmeans com 30 Treads_concluida___
___kmeans com 32 Treads___
Time for process: 22.184372
Tempo total: 22958.999 ms
	Time:	0:00:23
	Energy:	0.0011 kWh
	CO2eq:	0.1038 g
	0.0010 km travelled by car
	Time:	0:00:23
	Energy:	0.0010 kWh
	CO2eq:	0.1032 g
	0.0010 km travelled by car
___kmeans com 32 Treads_concluida___
___kmeans com 34 Treads___
Time for process: 20.862889
Tempo total: 21633.979 ms
	Time:	0:00:22
	Energy:	0.0010 kWh
	CO2eq:	0.0997 g
	0.0009 km travelled by car
	Time:	0:00:22
	Energy:	0.0010 kWh
	CO2eq:	0.0997 g
	0.0009 km travelled by car
___kmeans com 34 Treads_concluida___
___kmeans com 36 Treads___
Time for process: 19.773754
Tempo total: 20563.527 ms
	Time:	0:00:21
	Energy:	0.0010 kWh
	CO2eq:	0.0962 g
	0.0009 km travelled by car
	Time:	0:00:21
	Energy:	0.0010 kWh
	CO2eq:	0.0962 g
	0.0009 km travelled by car
___kmeans com 36 Treads_concluida___
___kmeans com 38 Treads___
Time for process: 18.800633
Tempo total: 19574.166 ms
	Time:	0:00:20
	Energy:	0.0010 kWh
	CO2eq:	0.0935 g
	0.0009 km travelled by car
	Time:	0:00:20
	Energy:	0.0010 kWh
	CO2eq:	0.0935 g
	0.0009 km travelled by car
___kmeans com 38 Treads_concluida___
___kmeans com 40 Treads___
Time for process: 17.799991
Tempo total: 18587.223 ms
	Time:	0:00:19
	Energy:	0.0009 kWh
	CO2eq:	0.0900 g
	0.0008 km travelled by car
	Time:	0:00:19
	Energy:	0.0009 kWh
	CO2eq:	0.0900 g
	0.0008 km travelled by car
___kmeans com 40 Treads_concluida___
___kmeans com 42 Treads___
Time for process: 16.950377
Tempo total: 17722.981 ms
	Time:	0:00:18
	Energy:	0.0009 kWh
	CO2eq:	0.0875 g
	0.0008 km travelled by car
	Time:	0:00:18
	Energy:	0.0009 kWh
	CO2eq:	0.0875 g
	0.0008 km travelled by car
___kmeans com 42 Treads_concluida___
___kmeans com 44 Treads___
Time for process: 16.242295
Tempo total: 17014.345 ms
	Time:	0:00:17
	Energy:	0.0009 kWh
	CO2eq:	0.0852 g
	0.0008 km travelled by car
	Time:	0:00:17
	Energy:	0.0009 kWh
	CO2eq:	0.0851 g
	0.0008 km travelled by car
___kmeans com 44 Treads_concluida___
___kmeans com 46 Treads___
Time for process: 15.521589
Tempo total: 16296.734 ms
	Time:	0:00:16
	Energy:	0.0009 kWh
	CO2eq:	0.0845 g
	0.0008 km travelled by car
	Time:	0:00:16
	Energy:	0.0009 kWh
	CO2eq:	0.0845 g
	0.0008 km travelled by car
___kmeans com 46 Treads_concluida___
___kmeans com 48 Treads___
Time for process: 14.999920
Tempo total: 15773.041 ms
	Time:	0:00:16
	Energy:	0.0008 kWh
	CO2eq:	0.0835 g
	0.0008 km travelled by car
	Time:	0:00:16
	Energy:	0.0008 kWh
	CO2eq:	0.0835 g
	0.0008 km travelled by car
___kmeans com 48 Treads_concluida___
___kmeans com 50 Treads___
Time for process: 14.372319
Tempo total: 15143.895 ms
	Time:	0:00:15
	Energy:	0.0008 kWh
	CO2eq:	0.0813 g
	0.0008 km travelled by car
	Time:	0:00:15
	Energy:	0.0008 kWh
	CO2eq:	0.0813 g
	0.0008 km travelled by car
___kmeans com 50 Treads_concluida___
___kmeans com 52 Treads___
Time for process: 13.912385
Tempo total: 14682.172 ms
	Time:	0:00:15
	Energy:	0.0008 kWh
	CO2eq:	0.0796 g
	0.0007 km travelled by car
	Time:	0:00:15
	Energy:	0.0008 kWh
	CO2eq:	0.0796 g
	0.0007 km travelled by car
___kmeans com 52 Treads_concluida___
___kmeans com 54 Treads___
Time for process: 13.255506
Tempo total: 14028.118 ms
	Time:	0:00:14
	Energy:	0.0008 kWh
	CO2eq:	0.0774 g
	0.0007 km travelled by car
	Time:	0:00:14
	Energy:	0.0008 kWh
	CO2eq:	0.0774 g
	0.0007 km travelled by car
___kmeans com 54 Treads_concluida___
___kmeans com 56 Treads___
Time for process: 12.923275
Tempo total: 13695.123 ms
	Time:	0:00:14
	Energy:	0.0008 kWh
	CO2eq:	0.0765 g
	0.0007 km travelled by car
	Time:	0:00:14
	Energy:	0.0008 kWh
	CO2eq:	0.0765 g
	0.0007 km travelled by car
___kmeans com 56 Treads_concluida___
___kmeans com 58 Treads___
Time for process: 12.407304
Tempo total: 13177.718 ms
	Time:	0:00:13
	Energy:	0.0008 kWh
	CO2eq:	0.0745 g
	0.0007 km travelled by car
	Time:	0:00:13
	Energy:	0.0008 kWh
	CO2eq:	0.0745 g
	0.0007 km travelled by car
___kmeans com 58 Treads_concluida___
___kmeans com 60 Treads___
Time for process: 12.175738
Tempo total: 12947.117 ms
	Time:	0:00:13
	Energy:	0.0007 kWh
	CO2eq:	0.0729 g
	0.0007 km travelled by car
	Time:	0:00:13
	Energy:	0.0007 kWh
	CO2eq:	0.0725 g
	0.0007 km travelled by car
___kmeans com 60 Treads_concluida___
___kmeans com 62 Treads___
Time for process: 11.860776
Tempo total: 12633.888 ms
	Time:	0:00:13
	Energy:	0.0007 kWh
	CO2eq:	0.0716 g
	0.0007 km travelled by car
	Time:	0:00:13
	Energy:	0.0007 kWh
	CO2eq:	0.0716 g
	0.0007 km travelled by car
___kmeans com 62 Treads_concluida___
___kmeans com 64 Treads___
Time for process: 11.674503
Tempo total: 12444.056 ms
	Time:	0:00:12
	Energy:	0.0007 kWh
	CO2eq:	0.0713 g
	0.0007 km travelled by car
	Time:	0:00:12
	Energy:	0.0007 kWh
	CO2eq:	0.0713 g
	0.0007 km travelled by car
___kmeans com 64 Treads_concluida___
___kmeans com 66 Treads___
Time for process: 11.112419
Tempo total: 11885.755 ms
	Time:	0:00:12
	Energy:	0.0007 kWh
	CO2eq:	0.0691 g
	0.0006 km travelled by car
	Time:	0:00:12
	Energy:	0.0007 kWh
	CO2eq:	0.0691 g
	0.0006 km travelled by car
___kmeans com 66 Treads_concluida___
___kmeans com 68 Treads___
Time for process: 10.864603
Tempo total: 11636.056 ms
	Time:	0:00:12
	Energy:	0.0007 kWh
	CO2eq:	0.0685 g
	0.0006 km travelled by car
	Time:	0:00:12
	Energy:	0.0007 kWh
	CO2eq:	0.0685 g
	0.0006 km travelled by car
___kmeans com 68 Treads_concluida___
___kmeans com 70 Treads___
Time for process: 10.533598
Tempo total: 11308.146 ms
	Time:	0:00:11
	Energy:	0.0007 kWh
	CO2eq:	0.0675 g
	0.0006 km travelled by car
	Time:	0:00:11
	Energy:	0.0007 kWh
	CO2eq:	0.0675 g
	0.0006 km travelled by car
___kmeans com 70 Treads_concluida___
___kmeans com 72 Treads___
Time for process: 10.465776
Tempo total: 11238.123 ms
	Time:	0:00:11
	Energy:	0.0007 kWh
	CO2eq:	0.0676 g
	0.0006 km travelled by car
	Time:	0:00:11
	Energy:	0.0007 kWh
	CO2eq:	0.0676 g
	0.0006 km travelled by car
___kmeans com 72 Treads_concluida___
___kmeans com 74 Treads___
Time for process: 9.968230
Tempo total: 10739.669 ms
	Time:	0:00:11
	Energy:	0.0007 kWh
	CO2eq:	0.0648 g
	0.0006 km travelled by car
	Time:	0:00:11
	Energy:	0.0007 kWh
	CO2eq:	0.0648 g
	0.0006 km travelled by car
___kmeans com 74 Treads_concluida___
___kmeans com 76 Treads___
Time for process: 10.023876
Tempo total: 10798.105 ms
	Time:	0:00:11
	Energy:	0.0007 kWh
	CO2eq:	0.0656 g
	0.0006 km travelled by car
	Time:	0:00:11
	Energy:	0.0007 kWh
	CO2eq:	0.0656 g
	0.0006 km travelled by car
___kmeans com 76 Treads_concluida___
___kmeans com 78 Treads___
Time for process: 9.491654
Tempo total: 10266.291 ms
	Time:	0:00:10
	Energy:	0.0006 kWh
	CO2eq:	0.0634 g
	0.0006 km travelled by car
	Time:	0:00:10
	Energy:	0.0006 kWh
	CO2eq:	0.0634 g
	0.0006 km travelled by car
___kmeans com 78 Treads_concluida___
___kmeans com 80 Treads___
Time for process: 9.381774
Tempo total: 10153.657 ms
	Time:	0:00:10
	Energy:	0.0006 kWh
	CO2eq:	0.0632 g
	0.0006 km travelled by car
	Time:	0:00:10
	Energy:	0.0006 kWh
	CO2eq:	0.0632 g
	0.0006 km travelled by car
___kmeans com 80 Treads_concluida___
___kmeans com 82 Treads___
Time for process: 8.949287
Tempo total: 9719.479 ms
	Time:	0:00:10
	Energy:	0.0006 kWh
	CO2eq:	0.0615 g
	0.0006 km travelled by car
	Time:	0:00:10
	Energy:	0.0006 kWh
	CO2eq:	0.0615 g
	0.0006 km travelled by car
___kmeans com 82 Treads_concluida___
___kmeans com 84 Treads___
Time for process: 8.995041
Tempo total: 9770.373 ms
	Time:	0:00:10
	Energy:	0.0006 kWh
	CO2eq:	0.0624 g
	0.0006 km travelled by car
	Time:	0:00:10
	Energy:	0.0006 kWh
	CO2eq:	0.0624 g
	0.0006 km travelled by car
___kmeans com 84 Treads_concluida___
___kmeans com 86 Treads___
Time for process: 8.612170
Tempo total: 9384.073 ms
	Time:	0:00:09
	Energy:	0.0006 kWh
	CO2eq:	0.0608 g
	0.0006 km travelled by car
	Time:	0:00:09
	Energy:	0.0006 kWh
	CO2eq:	0.0608 g
	0.0006 km travelled by car
___kmeans com 86 Treads_concluida___
___kmeans com 88 Treads___
Time for process: 8.628722
Tempo total: 9399.161 ms
	Time:	0:00:09
	Energy:	0.0006 kWh
	CO2eq:	0.0613 g
	0.0006 km travelled by car
	Time:	0:00:09
	Energy:	0.0006 kWh
	CO2eq:	0.0613 g
	0.0006 km travelled by car
___kmeans com 88 Treads_concluida___
___Fim de kmeans___:

Start -> leukocyte
compilando leukocyte...
___Executando leukocyte___:
___leukocyte com 2 Treads___
Total application run time: 422.49884 seconds
Tempo total: 422587.130 ms
	Time:	0:07:03
	Energy:	0.0050 kWh
	CO2eq:	0.4883 g
	0.0045 km travelled by car
	Time:	0:07:03
	Energy:	0.0050 kWh
	CO2eq:	0.4883 g
	0.0045 km travelled by car
___leukocyte com 2 Treads_concluida___
___leukocyte com 4 Treads___
Total application run time: 219.38458 seconds
Tempo total: 219473.480 ms
	Time:	0:03:39
	Energy:	0.0030 kWh
	CO2eq:	0.2913 g
	0.0027 km travelled by car
	Time:	0:03:39
	Energy:	0.0030 kWh
	CO2eq:	0.2913 g
	0.0027 km travelled by car
___leukocyte com 4 Treads_concluida___
___leukocyte com 6 Treads___
Total application run time: 155.70171 seconds
Tempo total: 155794.977 ms
	Time:	0:02:36
	Energy:	0.0023 kWh
	CO2eq:	0.2226 g
	0.0021 km travelled by car
	Time:	0:02:36
	Energy:	0.0023 kWh
	CO2eq:	0.2226 g
	0.0021 km travelled by car
___leukocyte com 6 Treads_concluida___
___leukocyte com 8 Treads___
Total application run time: 134.42300 seconds
Tempo total: 134524.864 ms
	Time:	0:02:15
	Energy:	0.0020 kWh
	CO2eq:	0.2005 g
	0.0019 km travelled by car
	Time:	0:02:15
	Energy:	0.0020 kWh
	CO2eq:	0.2005 g
	0.0019 km travelled by car
___leukocyte com 8 Treads_concluida___
___leukocyte com 10 Treads___
Total application run time: 112.14888 seconds
Tempo total: 112248.017 ms
	Time:	0:01:52
	Energy:	0.0018 kWh
	CO2eq:	0.1747 g
	0.0016 km travelled by car
	Time:	0:01:52
	Energy:	0.0018 kWh
	CO2eq:	0.1747 g
	0.0016 km travelled by car
___leukocyte com 10 Treads_concluida___
___leukocyte com 12 Treads___
Total application run time: 90.71617 seconds
Tempo total: 90809.424 ms
	Time:	0:01:31
	Energy:	0.0015 kWh
	CO2eq:	0.1516 g
	0.0014 km travelled by car
	Time:	0:01:31
	Energy:	0.0015 kWh
	CO2eq:	0.1516 g
	0.0014 km travelled by car
___leukocyte com 12 Treads_concluida___
___leukocyte com 14 Treads___
Total application run time: 90.63810 seconds
Tempo total: 90740.221 ms
	Time:	0:01:31
	Energy:	0.0015 kWh
	CO2eq:	0.1510 g
	0.0014 km travelled by car
	Time:	0:01:31
	Energy:	0.0015 kWh
	CO2eq:	0.1510 g
	0.0014 km travelled by car
___leukocyte com 14 Treads_concluida___
___leukocyte com 16 Treads___
Total application run time: 86.90701 seconds
Tempo total: 87010.856 ms
	Time:	0:01:27
	Energy:	0.0015 kWh
	CO2eq:	0.1456 g
	0.0014 km travelled by car
	Time:	0:01:27
	Energy:	0.0015 kWh
	CO2eq:	0.1453 g
	0.0014 km travelled by car
___leukocyte com 16 Treads_concluida___
___leukocyte com 18 Treads___
Total application run time: 68.45353 seconds
Tempo total: 68554.409 ms
	Time:	0:01:09
	Energy:	0.0013 kWh
	CO2eq:	0.1253 g
	0.0012 km travelled by car
	Time:	0:01:09
	Energy:	0.0013 kWh
	CO2eq:	0.1253 g
	0.0012 km travelled by car
___leukocyte com 18 Treads_concluida___
___leukocyte com 20 Treads___
Total application run time: 67.30281 seconds
Tempo total: 67397.340 ms
	Time:	0:01:07
	Energy:	0.0013 kWh
	CO2eq:	0.1246 g
	0.0012 km travelled by car
	Time:	0:01:07
	Energy:	0.0013 kWh
	CO2eq:	0.1246 g
	0.0012 km travelled by car
___leukocyte com 20 Treads_concluida___
___leukocyte com 22 Treads___
Total application run time: 68.30586 seconds
Tempo total: 68399.159 ms
	Time:	0:01:08
	Energy:	0.0013 kWh
	CO2eq:	0.1259 g
	0.0012 km travelled by car
	Time:	0:01:08
	Energy:	0.0013 kWh
	CO2eq:	0.1259 g
	0.0012 km travelled by car
___leukocyte com 22 Treads_concluida___
___leukocyte com 24 Treads___
Total application run time: 65.44747 seconds
Tempo total: 65540.456 ms
	Time:	0:01:06
	Energy:	0.0013 kWh
	CO2eq:	0.1243 g
	0.0012 km travelled by car
	Time:	0:01:06
	Energy:	0.0013 kWh
	CO2eq:	0.1243 g
	0.0012 km travelled by car
___leukocyte com 24 Treads_concluida___
___leukocyte com 26 Treads___
Total application run time: 65.14025 seconds
Tempo total: 65235.658 ms
	Time:	0:01:05
	Energy:	0.0013 kWh
	CO2eq:	0.1254 g
	0.0012 km travelled by car
	Time:	0:01:05
	Energy:	0.0013 kWh
	CO2eq:	0.1254 g
	0.0012 km travelled by car
___leukocyte com 26 Treads_concluida___
___leukocyte com 28 Treads___
Total application run time: 65.17521 seconds
Tempo total: 65268.188 ms
	Time:	0:01:05
	Energy:	0.0013 kWh
	CO2eq:	0.1251 g
	0.0012 km travelled by car
	Time:	0:01:05
	Energy:	0.0013 kWh
	CO2eq:	0.1251 g
	0.0012 km travelled by car
___leukocyte com 28 Treads_concluida___
___leukocyte com 30 Treads___
Total application run time: 65.74891 seconds
Tempo total: 65843.156 ms
	Time:	0:01:06
	Energy:	0.0013 kWh
	CO2eq:	0.1249 g
	0.0012 km travelled by car
	Time:	0:01:06
	Energy:	0.0013 kWh
	CO2eq:	0.1249 g
	0.0012 km travelled by car
___leukocyte com 30 Treads_concluida___
___leukocyte com 32 Treads___
Total application run time: 64.27599 seconds
Tempo total: 64374.441 ms
	Time:	0:01:04
	Energy:	0.0012 kWh
	CO2eq:	0.1218 g
	0.0011 km travelled by car
	Time:	0:01:04
	Energy:	0.0012 kWh
	CO2eq:	0.1218 g
	0.0011 km travelled by car
___leukocyte com 32 Treads_concluida___
___leukocyte com 34 Treads___
Total application run time: 58.86145 seconds
Tempo total: 58957.748 ms
	Time:	0:00:59
	Energy:	0.0012 kWh
	CO2eq:	0.1150 g
	0.0011 km travelled by car
	Time:	0:00:59
	Energy:	0.0012 kWh
	CO2eq:	0.1145 g
	0.0011 km travelled by car
___leukocyte com 34 Treads_concluida___
___leukocyte com 36 Treads___
Total application run time: 41.46516 seconds
Tempo total: 41565.255 ms
	Time:	0:00:42
	Energy:	0.0010 kWh
	CO2eq:	0.0964 g
	0.0009 km travelled by car
	Time:	0:00:42
	Energy:	0.0010 kWh
	CO2eq:	0.0964 g
	0.0009 km travelled by car
___leukocyte com 36 Treads_concluida___
___leukocyte com 38 Treads___
Total application run time: 40.79382 seconds
Tempo total: 40891.805 ms
	Time:	0:00:41
	Energy:	0.0010 kWh
	CO2eq:	0.0958 g
	0.0009 km travelled by car
	Time:	0:00:41
	Energy:	0.0010 kWh
	CO2eq:	0.0951 g
	0.0009 km travelled by car
___leukocyte com 38 Treads_concluida___
___leukocyte com 40 Treads___
Total application run time: 41.00043 seconds
Tempo total: 41098.399 ms
	Time:	0:00:41
	Energy:	0.0010 kWh
	CO2eq:	0.0972 g
	0.0009 km travelled by car
	Time:	0:00:41
	Energy:	0.0010 kWh
	CO2eq:	0.0972 g
	0.0009 km travelled by car
___leukocyte com 40 Treads_concluida___
___leukocyte com 42 Treads___
Total application run time: 41.54002 seconds
Tempo total: 41639.402 ms
	Time:	0:00:42
	Energy:	0.0010 kWh
	CO2eq:	0.0969 g
	0.0009 km travelled by car
	Time:	0:00:42
	Energy:	0.0010 kWh
	CO2eq:	0.0969 g
	0.0009 km travelled by car
___leukocyte com 42 Treads_concluida___
___leukocyte com 44 Treads___
Total application run time: 41.43074 seconds
Tempo total: 41531.302 ms
	Time:	0:00:42
	Energy:	0.0010 kWh
	CO2eq:	0.0956 g
	0.0009 km travelled by car
	Time:	0:00:42
	Energy:	0.0010 kWh
	CO2eq:	0.0956 g
	0.0009 km travelled by car
___leukocyte com 44 Treads_concluida___
___leukocyte com 46 Treads___
Total application run time: 42.29963 seconds
Tempo total: 42395.036 ms
	Time:	0:00:42
	Energy:	0.0010 kWh
	CO2eq:	0.0973 g
	0.0009 km travelled by car
	Time:	0:00:42
	Energy:	0.0010 kWh
	CO2eq:	0.0973 g
	0.0009 km travelled by car
___leukocyte com 46 Treads_concluida___
___leukocyte com 48 Treads___
Total application run time: 40.98424 seconds
Tempo total: 41079.938 ms
	Time:	0:00:41
	Energy:	0.0010 kWh
	CO2eq:	0.0961 g
	0.0009 km travelled by car
	Time:	0:00:41
	Energy:	0.0010 kWh
	CO2eq:	0.0961 g
	0.0009 km travelled by car
___leukocyte com 48 Treads_concluida___
___leukocyte com 50 Treads___
Total application run time: 40.75147 seconds
Tempo total: 40849.727 ms
	Time:	0:00:41
	Energy:	0.0010 kWh
	CO2eq:	0.0959 g
	0.0009 km travelled by car
	Time:	0:00:41
	Energy:	0.0010 kWh
	CO2eq:	0.0959 g
	0.0009 km travelled by car
___leukocyte com 50 Treads_concluida___
___leukocyte com 52 Treads___
Total application run time: 43.75388 seconds
Tempo total: 43851.262 ms
	Time:	0:00:44
	Energy:	0.0010 kWh
	CO2eq:	0.0997 g
	0.0009 km travelled by car
	Time:	0:00:44
	Energy:	0.0010 kWh
	CO2eq:	0.0997 g
	0.0009 km travelled by car
___leukocyte com 52 Treads_concluida___
___leukocyte com 54 Treads___
Total application run time: 43.09519 seconds
Tempo total: 43195.746 ms
	Time:	0:00:43
	Energy:	0.0010 kWh
	CO2eq:	0.0986 g
	0.0009 km travelled by car
	Time:	0:00:43
	Energy:	0.0010 kWh
	CO2eq:	0.0986 g
	0.0009 km travelled by car
___leukocyte com 54 Treads_concluida___
___leukocyte com 56 Treads___
Total application run time: 43.73475 seconds
Tempo total: 43836.762 ms
	Time:	0:00:44
	Energy:	0.0010 kWh
	CO2eq:	0.0990 g
	0.0009 km travelled by car
	Time:	0:00:44
	Energy:	0.0010 kWh
	CO2eq:	0.0990 g
	0.0009 km travelled by car
___leukocyte com 56 Treads_concluida___
___leukocyte com 58 Treads___
Total application run time: 43.39388 seconds
Tempo total: 43488.236 ms
	Time:	0:00:43
	Energy:	0.0010 kWh
	CO2eq:	0.0994 g
	0.0009 km travelled by car
	Time:	0:00:43
	Energy:	0.0010 kWh
	CO2eq:	0.0994 g
	0.0009 km travelled by car
___leukocyte com 58 Treads_concluida___
___leukocyte com 60 Treads___
Total application run time: 44.93805 seconds
Tempo total: 45035.719 ms
	Time:	0:00:45
	Energy:	0.0010 kWh
	CO2eq:	0.0965 g
	0.0009 km travelled by car
	Time:	0:00:45
	Energy:	0.0010 kWh
	CO2eq:	0.0968 g
	0.0009 km travelled by car
___leukocyte com 60 Treads_concluida___
___leukocyte com 62 Treads___
Total application run time: 43.60098 seconds
Tempo total: 43697.651 ms
	Time:	0:00:44
	Energy:	0.0010 kWh
	CO2eq:	0.0993 g
	0.0009 km travelled by car
	Time:	0:00:44
	Energy:	0.0010 kWh
	CO2eq:	0.0993 g
	0.0009 km travelled by car
___leukocyte com 62 Treads_concluida___
___leukocyte com 64 Treads___
Total application run time: 41.38235 seconds
Tempo total: 41477.967 ms
	Time:	0:00:41
	Energy:	0.0010 kWh
	CO2eq:	0.0977 g
	0.0009 km travelled by car
	Time:	0:00:41
	Energy:	0.0010 kWh
	CO2eq:	0.0977 g
	0.0009 km travelled by car
___leukocyte com 64 Treads_concluida___
___leukocyte com 66 Treads___
Total application run time: 43.64922 seconds
Tempo total: 43746.893 ms
	Time:	0:00:44
	Energy:	0.0010 kWh
	CO2eq:	0.0998 g
	0.0009 km travelled by car
	Time:	0:00:44
	Energy:	0.0010 kWh
	CO2eq:	0.0998 g
	0.0009 km travelled by car
___leukocyte com 66 Treads_concluida___
___leukocyte com 68 Treads___
Total application run time: 42.85486 seconds
Tempo total: 42949.747 ms
	Time:	0:00:43
	Energy:	0.0010 kWh
	CO2eq:	0.0987 g
	0.0009 km travelled by car
	Time:	0:00:43
	Energy:	0.0010 kWh
	CO2eq:	0.0983 g
	0.0009 km travelled by car
___leukocyte com 68 Treads_concluida___
___leukocyte com 70 Treads___
Total application run time: 45.92894 seconds
Tempo total: 46022.527 ms
	Time:	0:00:46
	Energy:	0.0010 kWh
	CO2eq:	0.1023 g
	0.0010 km travelled by car
	Time:	0:00:46
	Energy:	0.0010 kWh
	CO2eq:	0.1023 g
	0.0010 km travelled by car
___leukocyte com 70 Treads_concluida___
___leukocyte com 72 Treads___
Total application run time: 53.82492 seconds
Tempo total: 53923.731 ms
	Time:	0:00:54
	Energy:	0.0011 kWh
	CO2eq:	0.1117 g
	0.0010 km travelled by car
	Time:	0:00:54
	Energy:	0.0011 kWh
	CO2eq:	0.1117 g
	0.0010 km travelled by car
___leukocyte com 72 Treads_concluida___
___leukocyte com 74 Treads___
Total application run time: 52.44578 seconds
Tempo total: 52544.188 ms
	Time:	0:00:53
	Energy:	0.0011 kWh
	CO2eq:	0.1092 g
	0.0010 km travelled by car
	Time:	0:00:53
	Energy:	0.0011 kWh
	CO2eq:	0.1092 g
	0.0010 km travelled by car
___leukocyte com 74 Treads_concluida___
___leukocyte com 76 Treads___
Total application run time: 56.25408 seconds
Tempo total: 56353.009 ms
	Time:	0:00:56
	Energy:	0.0011 kWh
	CO2eq:	0.1116 g
	0.0010 km travelled by car
	Time:	0:00:56
	Energy:	0.0011 kWh
	CO2eq:	0.1116 g
	0.0010 km travelled by car
___leukocyte com 76 Treads_concluida___
___leukocyte com 78 Treads___
Total application run time: 41.72164 seconds
Tempo total: 41815.718 ms
	Time:	0:00:42
	Energy:	0.0010 kWh
	CO2eq:	0.0973 g
	0.0009 km travelled by car
	Time:	0:00:42
	Energy:	0.0010 kWh
	CO2eq:	0.0973 g
	0.0009 km travelled by car
___leukocyte com 78 Treads_concluida___
___leukocyte com 80 Treads___
Total application run time: 54.72121 seconds
Tempo total: 54818.912 ms
	Time:	0:00:55
	Energy:	0.0011 kWh
	CO2eq:	0.1124 g
	0.0010 km travelled by car
	Time:	0:00:55
	Energy:	0.0011 kWh
	CO2eq:	0.1124 g
	0.0010 km travelled by car
___leukocyte com 80 Treads_concluida___
___leukocyte com 82 Treads___
Total application run time: 56.62765 seconds
Tempo total: 56727.057 ms
	Time:	0:00:57
	Energy:	0.0011 kWh
	CO2eq:	0.1116 g
	0.0010 km travelled by car
	Time:	0:00:57
	Energy:	0.0011 kWh
	CO2eq:	0.1116 g
	0.0010 km travelled by car
___leukocyte com 82 Treads_concluida___
___leukocyte com 84 Treads___
Total application run time: 53.67554 seconds
Tempo total: 53771.618 ms
	Time:	0:00:54
	Energy:	0.0011 kWh
	CO2eq:	0.1110 g
	0.0010 km travelled by car
	Time:	0:00:54
	Energy:	0.0011 kWh
	CO2eq:	0.1110 g
	0.0010 km travelled by car
___leukocyte com 84 Treads_concluida___
___leukocyte com 86 Treads___
Total application run time: 58.91381 seconds
Tempo total: 59008.372 ms
	Time:	0:00:59
	Energy:	0.0011 kWh
	CO2eq:	0.1127 g
	0.0010 km travelled by car
	Time:	0:00:59
	Energy:	0.0011 kWh
	CO2eq:	0.1124 g
	0.0010 km travelled by car
___leukocyte com 86 Treads_concluida___
___leukocyte com 88 Treads___
Total application run time: 56.22798 seconds
Tempo total: 56329.388 ms
	Time:	0:00:56
	Energy:	0.0011 kWh
	CO2eq:	0.1119 g
	0.0010 km travelled by car
	Time:	0:00:56
	Energy:	0.0011 kWh
	CO2eq:	0.1119 g
	0.0010 km travelled by car
___leukocyte com 88 Treads_concluida___
___Fim de leukocyte___:

Start -> backprop
compilando backprop...
rm -f *.o *~ backprop backprop_cuda.linkinfo
gcc -g -fopenmp  -O2 backprop.c -c
gcc -g -fopenmp  -O2 facetrain.c -c
gcc -g -fopenmp  -O2 imagenet.c -c
gcc -g -fopenmp  -O2 backprop_kernel.c -c
gcc -g -fopenmp  -O2 backprop.o facetrain.o imagenet.o backprop_kernel.o -o backprop -lm
___Executando backprop___:
___backprop com 2 Treads___
Tempo total: 24968.868 ms
	Time:	0:00:25
	Energy:	0.0008 kWh
	CO2eq:	0.0815 g
	0.0008 km travelled by car
	Time:	0:00:25
	Energy:	0.0008 kWh
	CO2eq:	0.0811 g
	0.0008 km travelled by car
___backprop com 2 Treads_concluida___
___backprop com 4 Treads___
Tempo total: 19803.758 ms
	Time:	0:00:20
	Energy:	0.0007 kWh
	CO2eq:	0.0651 g
	0.0006 km travelled by car
	Time:	0:00:20
	Energy:	0.0007 kWh
	CO2eq:	0.0651 g
	0.0006 km travelled by car
___backprop com 4 Treads_concluida___
___backprop com 6 Treads___
Tempo total: 18188.127 ms
	Time:	0:00:18
	Energy:	0.0006 kWh
	CO2eq:	0.0601 g
	0.0006 km travelled by car
	Time:	0:00:18
	Energy:	0.0006 kWh
	CO2eq:	0.0601 g
	0.0006 km travelled by car
___backprop com 6 Treads_concluida___
___backprop com 8 Treads___
Tempo total: 16691.263 ms
	Time:	0:00:17
	Energy:	0.0006 kWh
	CO2eq:	0.0557 g
	0.0005 km travelled by car
	Time:	0:00:17
	Energy:	0.0006 kWh
	CO2eq:	0.0557 g
	0.0005 km travelled by car
___backprop com 8 Treads_concluida___
___backprop com 10 Treads___
Tempo total: 16930.966 ms
	Time:	0:00:17
	Energy:	0.0006 kWh
	CO2eq:	0.0564 g
	0.0005 km travelled by car
	Time:	0:00:17
	Energy:	0.0006 kWh
	CO2eq:	0.0559 g
	0.0005 km travelled by car
___backprop com 10 Treads_concluida___
___backprop com 12 Treads___
Tempo total: 16624.792 ms
	Time:	0:00:17
	Energy:	0.0006 kWh
	CO2eq:	0.0552 g
	0.0005 km travelled by car
	Time:	0:00:17
	Energy:	0.0006 kWh
	CO2eq:	0.0552 g
	0.0005 km travelled by car
___backprop com 12 Treads_concluida___
___backprop com 14 Treads___
Tempo total: 16654.373 ms
	Time:	0:00:17
	Energy:	0.0006 kWh
	CO2eq:	0.0549 g
	0.0005 km travelled by car
	Time:	0:00:17
	Energy:	0.0006 kWh
	CO2eq:	0.0549 g
	0.0005 km travelled by car
___backprop com 14 Treads_concluida___
___backprop com 16 Treads___
Tempo total: 15789.715 ms
	Time:	0:00:16
	Energy:	0.0005 kWh
	CO2eq:	0.0524 g
	0.0005 km travelled by car
	Time:	0:00:16
	Energy:	0.0005 kWh
	CO2eq:	0.0524 g
	0.0005 km travelled by car
___backprop com 16 Treads_concluida___
___backprop com 18 Treads___
Tempo total: 15546.618 ms
	Time:	0:00:16
	Energy:	0.0005 kWh
	CO2eq:	0.0515 g
	0.0005 km travelled by car
	Time:	0:00:16
	Energy:	0.0005 kWh
	CO2eq:	0.0515 g
	0.0005 km travelled by car
___backprop com 18 Treads_concluida___
___backprop com 20 Treads___
Tempo total: 15502.480 ms
	Time:	0:00:16
	Energy:	0.0005 kWh
	CO2eq:	0.0514 g
	0.0005 km travelled by car
	Time:	0:00:16
	Energy:	0.0005 kWh
	CO2eq:	0.0514 g
	0.0005 km travelled by car
___backprop com 20 Treads_concluida___
___backprop com 22 Treads___
Tempo total: 15390.302 ms
	Time:	0:00:15
	Energy:	0.0005 kWh
	CO2eq:	0.0510 g
	0.0005 km travelled by car
	Time:	0:00:15
	Energy:	0.0005 kWh
	CO2eq:	0.0510 g
	0.0005 km travelled by car
___backprop com 22 Treads_concluida___
___backprop com 24 Treads___
Tempo total: 15572.861 ms
	Time:	0:00:16
	Energy:	0.0005 kWh
	CO2eq:	0.0517 g
	0.0005 km travelled by car
	Time:	0:00:16
	Energy:	0.0005 kWh
	CO2eq:	0.0517 g
	0.0005 km travelled by car
___backprop com 24 Treads_concluida___
___backprop com 26 Treads___
Tempo total: 15490.558 ms
	Time:	0:00:15
	Energy:	0.0005 kWh
	CO2eq:	0.0513 g
	0.0005 km travelled by car
	Time:	0:00:15
	Energy:	0.0005 kWh
	CO2eq:	0.0513 g
	0.0005 km travelled by car
___backprop com 26 Treads_concluida___
___backprop com 28 Treads___
Tempo total: 15434.575 ms
	Time:	0:00:15
	Energy:	0.0005 kWh
	CO2eq:	0.0512 g
	0.0005 km travelled by car
	Time:	0:00:15
	Energy:	0.0005 kWh
	CO2eq:	0.0512 g
	0.0005 km travelled by car
___backprop com 28 Treads_concluida___
___backprop com 30 Treads___
Tempo total: 15442.425 ms
	Time:	0:00:15
	Energy:	0.0005 kWh
	CO2eq:	0.0514 g
	0.0005 km travelled by car
	Time:	0:00:15
	Energy:	0.0005 kWh
	CO2eq:	0.0514 g
	0.0005 km travelled by car
___backprop com 30 Treads_concluida___
___backprop com 32 Treads___
Tempo total: 16090.456 ms
	Time:	0:00:16
	Energy:	0.0005 kWh
	CO2eq:	0.0536 g
	0.0005 km travelled by car
	Time:	0:00:16
	Energy:	0.0005 kWh
	CO2eq:	0.0536 g
	0.0005 km travelled by car
___backprop com 32 Treads_concluida___
___backprop com 34 Treads___
Tempo total: 15755.706 ms
	Time:	0:00:16
	Energy:	0.0005 kWh
	CO2eq:	0.0524 g
	0.0005 km travelled by car
	Time:	0:00:16
	Energy:	0.0005 kWh
	CO2eq:	0.0524 g
	0.0005 km travelled by car
___backprop com 34 Treads_concluida___
___backprop com 36 Treads___
Tempo total: 15479.577 ms
	Time:	0:00:15
	Energy:	0.0005 kWh
	CO2eq:	0.0514 g
	0.0005 km travelled by car
	Time:	0:00:15
	Energy:	0.0005 kWh
	CO2eq:	0.0514 g
	0.0005 km travelled by car
___backprop com 36 Treads_concluida___
___backprop com 38 Treads___
Tempo total: 15520.365 ms
	Time:	0:00:16
	Energy:	0.0005 kWh
	CO2eq:	0.0515 g
	0.0005 km travelled by car
	Time:	0:00:16
	Energy:	0.0005 kWh
	CO2eq:	0.0515 g
	0.0005 km travelled by car
___backprop com 38 Treads_concluida___
___backprop com 40 Treads___
Tempo total: 15434.662 ms
	Time:	0:00:15
	Energy:	0.0005 kWh
	CO2eq:	0.0513 g
	0.0005 km travelled by car
	Time:	0:00:15
	Energy:	0.0005 kWh
	CO2eq:	0.0513 g
	0.0005 km travelled by car
___backprop com 40 Treads_concluida___
___backprop com 42 Treads___
Tempo total: 15477.917 ms
	Time:	0:00:15
	Energy:	0.0005 kWh
	CO2eq:	0.0514 g
	0.0005 km travelled by car
	Time:	0:00:15
	Energy:	0.0005 kWh
	CO2eq:	0.0514 g
	0.0005 km travelled by car
___backprop com 42 Treads_concluida___
___backprop com 44 Treads___
Tempo total: 15991.230 ms
	Time:	0:00:16
	Energy:	0.0005 kWh
	CO2eq:	0.0531 g
	0.0005 km travelled by car
	Time:	0:00:16
	Energy:	0.0005 kWh
	CO2eq:	0.0531 g
	0.0005 km travelled by car
___backprop com 44 Treads_concluida___
___backprop com 46 Treads___
Tempo total: 15429.703 ms
	Time:	0:00:15
	Energy:	0.0005 kWh
	CO2eq:	0.0512 g
	0.0005 km travelled by car
	Time:	0:00:15
	Energy:	0.0005 kWh
	CO2eq:	0.0512 g
	0.0005 km travelled by car
___backprop com 46 Treads_concluida___
___backprop com 48 Treads___
Tempo total: 15416.160 ms
	Time:	0:00:15
	Energy:	0.0005 kWh
	CO2eq:	0.0513 g
	0.0005 km travelled by car
	Time:	0:00:15
	Energy:	0.0005 kWh
	CO2eq:	0.0513 g
	0.0005 km travelled by car
___backprop com 48 Treads_concluida___
___backprop com 50 Treads___
Tempo total: 15560.308 ms
	Time:	0:00:16
	Energy:	0.0005 kWh
	CO2eq:	0.0517 g
	0.0005 km travelled by car
	Time:	0:00:16
	Energy:	0.0005 kWh
	CO2eq:	0.0517 g
	0.0005 km travelled by car
___backprop com 50 Treads_concluida___
___backprop com 52 Treads___
Tempo total: 15746.526 ms
	Time:	0:00:16
	Energy:	0.0005 kWh
	CO2eq:	0.0523 g
	0.0005 km travelled by car
	Time:	0:00:16
	Energy:	0.0005 kWh
	CO2eq:	0.0523 g
	0.0005 km travelled by car
___backprop com 52 Treads_concluida___
___backprop com 54 Treads___
Tempo total: 15434.664 ms
	Time:	0:00:15
	Energy:	0.0005 kWh
	CO2eq:	0.0513 g
	0.0005 km travelled by car
	Time:	0:00:15
	Energy:	0.0005 kWh
	CO2eq:	0.0513 g
	0.0005 km travelled by car
___backprop com 54 Treads_concluida___
___backprop com 56 Treads___
Tempo total: 15569.975 ms
	Time:	0:00:16
	Energy:	0.0005 kWh
	CO2eq:	0.0517 g
	0.0005 km travelled by car
	Time:	0:00:16
	Energy:	0.0005 kWh
	CO2eq:	0.0517 g
	0.0005 km travelled by car
___backprop com 56 Treads_concluida___
___backprop com 58 Treads___
Tempo total: 15402.797 ms
	Time:	0:00:15
	Energy:	0.0005 kWh
	CO2eq:	0.0512 g
	0.0005 km travelled by car
	Time:	0:00:15
	Energy:	0.0005 kWh
	CO2eq:	0.0512 g
	0.0005 km travelled by car
___backprop com 58 Treads_concluida___
___backprop com 60 Treads___
Tempo total: 15598.202 ms
	Time:	0:00:16
	Energy:	0.0005 kWh
	CO2eq:	0.0518 g
	0.0005 km travelled by car
	Time:	0:00:16
	Energy:	0.0005 kWh
	CO2eq:	0.0518 g
	0.0005 km travelled by car
___backprop com 60 Treads_concluida___
___backprop com 62 Treads___
Tempo total: 15528.420 ms
	Time:	0:00:16
	Energy:	0.0005 kWh
	CO2eq:	0.0516 g
	0.0005 km travelled by car
	Time:	0:00:16
	Energy:	0.0005 kWh
	CO2eq:	0.0516 g
	0.0005 km travelled by car
___backprop com 62 Treads_concluida___
___backprop com 64 Treads___
Tempo total: 15414.653 ms
	Time:	0:00:15
	Energy:	0.0005 kWh
	CO2eq:	0.0512 g
	0.0005 km travelled by car
	Time:	0:00:15
	Energy:	0.0005 kWh
	CO2eq:	0.0512 g
	0.0005 km travelled by car
___backprop com 64 Treads_concluida___
___backprop com 66 Treads___
Tempo total: 15660.351 ms
	Time:	0:00:16
	Energy:	0.0005 kWh
	CO2eq:	0.0520 g
	0.0005 km travelled by car
	Time:	0:00:16
	Energy:	0.0005 kWh
	CO2eq:	0.0520 g
	0.0005 km travelled by car
___backprop com 66 Treads_concluida___
___backprop com 68 Treads___
Tempo total: 15657.403 ms
	Time:	0:00:16
	Energy:	0.0005 kWh
	CO2eq:	0.0519 g
	0.0005 km travelled by car
	Time:	0:00:16
	Energy:	0.0005 kWh
	CO2eq:	0.0519 g
	0.0005 km travelled by car
___backprop com 68 Treads_concluida___
___backprop com 70 Treads___
Tempo total: 15740.434 ms
	Time:	0:00:16
	Energy:	0.0005 kWh
	CO2eq:	0.0524 g
	0.0005 km travelled by car
	Time:	0:00:16
	Energy:	0.0005 kWh
	CO2eq:	0.0524 g
	0.0005 km travelled by car
___backprop com 70 Treads_concluida___
___backprop com 72 Treads___
Tempo total: 15643.132 ms
	Time:	0:00:16
	Energy:	0.0005 kWh
	CO2eq:	0.0519 g
	0.0005 km travelled by car
	Time:	0:00:16
	Energy:	0.0005 kWh
	CO2eq:	0.0519 g
	0.0005 km travelled by car
___backprop com 72 Treads_concluida___
___backprop com 74 Treads___
Tempo total: 15706.708 ms
	Time:	0:00:16
	Energy:	0.0005 kWh
	CO2eq:	0.0521 g
	0.0005 km travelled by car
	Time:	0:00:16
	Energy:	0.0005 kWh
	CO2eq:	0.0521 g
	0.0005 km travelled by car
___backprop com 74 Treads_concluida___
___backprop com 76 Treads___
Tempo total: 15400.047 ms
	Time:	0:00:15
	Energy:	0.0005 kWh
	CO2eq:	0.0512 g
	0.0005 km travelled by car
	Time:	0:00:15
	Energy:	0.0005 kWh
	CO2eq:	0.0512 g
	0.0005 km travelled by car
___backprop com 76 Treads_concluida___
___backprop com 78 Treads___
Tempo total: 15502.666 ms
	Time:	0:00:16
	Energy:	0.0005 kWh
	CO2eq:	0.0515 g
	0.0005 km travelled by car
	Time:	0:00:16
	Energy:	0.0005 kWh
	CO2eq:	0.0515 g
	0.0005 km travelled by car
___backprop com 78 Treads_concluida___
___backprop com 80 Treads___
Tempo total: 15449.456 ms
	Time:	0:00:15
	Energy:	0.0005 kWh
	CO2eq:	0.0512 g
	0.0005 km travelled by car
	Time:	0:00:15
	Energy:	0.0005 kWh
	CO2eq:	0.0512 g
	0.0005 km travelled by car
___backprop com 80 Treads_concluida___
___backprop com 82 Treads___
Tempo total: 15613.742 ms
	Time:	0:00:16
	Energy:	0.0005 kWh
	CO2eq:	0.0519 g
	0.0005 km travelled by car
	Time:	0:00:16
	Energy:	0.0005 kWh
	CO2eq:	0.0519 g
	0.0005 km travelled by car
___backprop com 82 Treads_concluida___
___backprop com 84 Treads___
Tempo total: 15511.267 ms
	Time:	0:00:16
	Energy:	0.0005 kWh
	CO2eq:	0.0514 g
	0.0005 km travelled by car
	Time:	0:00:16
	Energy:	0.0005 kWh
	CO2eq:	0.0514 g
	0.0005 km travelled by car
___backprop com 84 Treads_concluida___
___backprop com 86 Treads___
Tempo total: 15665.538 ms
	Time:	0:00:16
	Energy:	0.0005 kWh
	CO2eq:	0.0520 g
	0.0005 km travelled by car
	Time:	0:00:16
	Energy:	0.0005 kWh
	CO2eq:	0.0520 g
	0.0005 km travelled by car
___backprop com 86 Treads_concluida___
___backprop com 88 Treads___
Tempo total: 15697.758 ms
	Time:	0:00:16
	Energy:	0.0005 kWh
	CO2eq:	0.0520 g
	0.0005 km travelled by car
	Time:	0:00:16
	Energy:	0.0005 kWh
	CO2eq:	0.0520 g
	0.0005 km travelled by car
___backprop com 88 Treads_concluida___
___Fim de backprop___:

Start -> cfd
compilando cfd...
rm -f euler3d_cpu
rm -f euler3d_cpu_offload
rm -f euler3d_cpu_double
rm -f pre_euler3d_cpu
rm -f pre_euler3d_cpu_double
g++ -O3 -Dblock_length=8 -fopenmp euler3d_cpu.cpp -o euler3d_cpu
g++ -O3 -Dblock_length=8 -fopenmp euler3d_cpu_double.cpp -o euler3d_cpu_double
g++ -O3 -Dblock_length=8 -fopenmp pre_euler3d_cpu.cpp -o pre_euler3d_cpu
g++ -O3 -Dblock_length=8 -fopenmp pre_euler3d_cpu_double.cpp -o pre_euler3d_cpu_double
icc -g -O3 -DOMP_OFFLOAD -Dblock_length=216 -fopenmp -offload-option,mic,compiler,"-no-opt-prefetch" euler3d_cpu.cpp -o euler3d_cpu_offload
___Executando cfd___:
___cfd com 2 Treads___
Compute time: 115.405
Tempo total: 117342.124 ms
	Time:	0:01:57
	Energy:	0.0039 kWh
	CO2eq:	0.3788 g
	0.0035 km travelled by car
	Time:	0:01:57
	Energy:	0.0038 kWh
	CO2eq:	0.3785 g
	0.0035 km travelled by car
___cfd com 2 Treads_concluida___
___cfd com 4 Treads___
Compute time: 59.7488
Tempo total: 61724.646 ms
	Time:	0:01:02
	Energy:	0.0021 kWh
	CO2eq:	0.2091 g
	0.0019 km travelled by car
	Time:	0:01:02
	Energy:	0.0021 kWh
	CO2eq:	0.2091 g
	0.0019 km travelled by car
___cfd com 4 Treads_concluida___
___cfd com 6 Treads___
Compute time: 42.1432
Tempo total: 44033.142 ms
	Time:	0:00:44
	Energy:	0.0016 kWh
	CO2eq:	0.1529 g
	0.0014 km travelled by car
	Time:	0:00:44
	Energy:	0.0016 kWh
	CO2eq:	0.1529 g
	0.0014 km travelled by car
___cfd com 6 Treads_concluida___
___cfd com 8 Treads___
Compute time: 32.1157
Tempo total: 33992.821 ms
	Time:	0:00:34
	Energy:	0.0012 kWh
	CO2eq:	0.1215 g
	0.0011 km travelled by car
	Time:	0:00:34
	Energy:	0.0012 kWh
	CO2eq:	0.1215 g
	0.0011 km travelled by car
___cfd com 8 Treads_concluida___
___cfd com 10 Treads___
Compute time: 26.7738
Tempo total: 28698.167 ms
	Time:	0:00:29
	Energy:	0.0011 kWh
	CO2eq:	0.1051 g
	0.0010 km travelled by car
	Time:	0:00:29
	Energy:	0.0011 kWh
	CO2eq:	0.1051 g
	0.0010 km travelled by car
___cfd com 10 Treads_concluida___
___cfd com 12 Treads___
Compute time: 22.9782
Tempo total: 24947.977 ms
	Time:	0:00:25
	Energy:	0.0009 kWh
	CO2eq:	0.0929 g
	0.0009 km travelled by car
	Time:	0:00:25
	Energy:	0.0009 kWh
	CO2eq:	0.0929 g
	0.0009 km travelled by car
___cfd com 12 Treads_concluida___
___cfd com 14 Treads___
Compute time: 20.4406
Tempo total: 22308.805 ms
	Time:	0:00:22
	Energy:	0.0009 kWh
	CO2eq:	0.0843 g
	0.0008 km travelled by car
	Time:	0:00:22
	Energy:	0.0009 kWh
	CO2eq:	0.0843 g
	0.0008 km travelled by car
___cfd com 14 Treads_concluida___
___cfd com 16 Treads___
Compute time: 18.4867
Tempo total: 20347.801 ms
	Time:	0:00:20
	Energy:	0.0008 kWh
	CO2eq:	0.0776 g
	0.0007 km travelled by car
	Time:	0:00:20
	Energy:	0.0008 kWh
	CO2eq:	0.0776 g
	0.0007 km travelled by car
___cfd com 16 Treads_concluida___
___cfd com 18 Treads___
Compute time: 16.7762
Tempo total: 18722.650 ms
	Time:	0:00:19
	Energy:	0.0007 kWh
	CO2eq:	0.0719 g
	0.0007 km travelled by car
	Time:	0:00:19
	Energy:	0.0007 kWh
	CO2eq:	0.0719 g
	0.0007 km travelled by car
___cfd com 18 Treads_concluida___
___cfd com 20 Treads___
Compute time: 15.1297
Tempo total: 17041.004 ms
	Time:	0:00:17
	Energy:	0.0007 kWh
	CO2eq:	0.0667 g
	0.0006 km travelled by car
	Time:	0:00:17
	Energy:	0.0007 kWh
	CO2eq:	0.0654 g
	0.0006 km travelled by car
___cfd com 20 Treads_concluida___
___cfd com 22 Treads___
Compute time: 13.9338
Tempo total: 15858.028 ms
	Time:	0:00:16
	Energy:	0.0006 kWh
	CO2eq:	0.0631 g
	0.0006 km travelled by car
	Time:	0:00:16
	Energy:	0.0006 kWh
	CO2eq:	0.0631 g
	0.0006 km travelled by car
___cfd com 22 Treads_concluida___
___cfd com 24 Treads___
Compute time: 12.6136
Tempo total: 14506.681 ms
	Time:	0:00:15
	Energy:	0.0006 kWh
	CO2eq:	0.0591 g
	0.0005 km travelled by car
	Time:	0:00:15
	Energy:	0.0006 kWh
	CO2eq:	0.0591 g
	0.0005 km travelled by car
___cfd com 24 Treads_concluida___
___cfd com 26 Treads___
Compute time: 11.58
Tempo total: 13463.186 ms
	Time:	0:00:13
	Energy:	0.0006 kWh
	CO2eq:	0.0547 g
	0.0005 km travelled by car
	Time:	0:00:13
	Energy:	0.0006 kWh
	CO2eq:	0.0547 g
	0.0005 km travelled by car
___cfd com 26 Treads_concluida___
___cfd com 28 Treads___
Compute time: 10.782
Tempo total: 12671.761 ms
	Time:	0:00:13
	Energy:	0.0005 kWh
	CO2eq:	0.0532 g
	0.0005 km travelled by car
	Time:	0:00:13
	Energy:	0.0005 kWh
	CO2eq:	0.0532 g
	0.0005 km travelled by car
___cfd com 28 Treads_concluida___
___cfd com 30 Treads___
Compute time: 10.3137
Tempo total: 12257.685 ms
	Time:	0:00:12
	Energy:	0.0005 kWh
	CO2eq:	0.0522 g
	0.0005 km travelled by car
	Time:	0:00:12
	Energy:	0.0005 kWh
	CO2eq:	0.0522 g
	0.0005 km travelled by car
___cfd com 30 Treads_concluida___
___cfd com 32 Treads___
Compute time: 9.64188
Tempo total: 11521.602 ms
	Time:	0:00:12
	Energy:	0.0005 kWh
	CO2eq:	0.0490 g
	0.0005 km travelled by car
	Time:	0:00:12
	Energy:	0.0005 kWh
	CO2eq:	0.0490 g
	0.0005 km travelled by car
___cfd com 32 Treads_concluida___
___cfd com 34 Treads___
Compute time: 9.10178
Tempo total: 10991.852 ms
	Time:	0:00:11
	Energy:	0.0005 kWh
	CO2eq:	0.0482 g
	0.0004 km travelled by car
	Time:	0:00:11
	Energy:	0.0005 kWh
	CO2eq:	0.0460 g
	0.0004 km travelled by car
___cfd com 34 Treads_concluida___
___cfd com 36 Treads___
Compute time: 8.53353
Tempo total: 10452.096 ms
	Time:	0:00:10
	Energy:	0.0005 kWh
	CO2eq:	0.0466 g
	0.0004 km travelled by car
	Time:	0:00:10
	Energy:	0.0005 kWh
	CO2eq:	0.0466 g
	0.0004 km travelled by car
___cfd com 36 Treads_concluida___
___cfd com 38 Treads___
Compute time: 8.08562
Tempo total: 10104.292 ms
	Time:	0:00:10
	Energy:	0.0005 kWh
	CO2eq:	0.0457 g
	0.0004 km travelled by car
	Time:	0:00:10
	Energy:	0.0005 kWh
	CO2eq:	0.0457 g
	0.0004 km travelled by car
___cfd com 38 Treads_concluida___
___cfd com 40 Treads___
Compute time: 7.67632
Tempo total: 9539.933 ms
	Time:	0:00:10
	Energy:	0.0004 kWh
	CO2eq:	0.0426 g
	0.0004 km travelled by car
	Time:	0:00:10
	Energy:	0.0004 kWh
	CO2eq:	0.0426 g
	0.0004 km travelled by car
___cfd com 40 Treads_concluida___
___cfd com 42 Treads___
Compute time: 7.48342
Tempo total: 9370.717 ms
	Time:	0:00:09
	Energy:	0.0004 kWh
	CO2eq:	0.0418 g
	0.0004 km travelled by car
	Time:	0:00:09
	Energy:	0.0004 kWh
	CO2eq:	0.0418 g
	0.0004 km travelled by car
___cfd com 42 Treads_concluida___
___cfd com 44 Treads___
Compute time: 7.08202
Tempo total: 9014.867 ms
	Time:	0:00:09
	Energy:	0.0004 kWh
	CO2eq:	0.0421 g
	0.0004 km travelled by car
	Time:	0:00:09
	Energy:	0.0004 kWh
	CO2eq:	0.0395 g
	0.0004 km travelled by car
___cfd com 44 Treads_concluida___
___cfd com 46 Treads___
Compute time: 7.07686
Tempo total: 8979.371 ms
	Time:	0:00:09
	Energy:	0.0004 kWh
	CO2eq:	0.0431 g
	0.0004 km travelled by car
	Time:	0:00:09
	Energy:	0.0004 kWh
	CO2eq:	0.0402 g
	0.0004 km travelled by car
___cfd com 46 Treads_concluida___
___cfd com 48 Treads___
Compute time: 6.97739
Tempo total: 8918.048 ms
	Time:	0:00:09
	Energy:	0.0004 kWh
	CO2eq:	0.0436 g
	0.0004 km travelled by car
	Time:	0:00:09
	Energy:	0.0004 kWh
	CO2eq:	0.0404 g
	0.0004 km travelled by car
___cfd com 48 Treads_concluida___
___cfd com 50 Treads___
Compute time: 6.87323
Tempo total: 8811.973 ms
	Time:	0:00:09
	Energy:	0.0004 kWh
	CO2eq:	0.0435 g
	0.0004 km travelled by car
	Time:	0:00:09
	Energy:	0.0004 kWh
	CO2eq:	0.0435 g
	0.0004 km travelled by car
___cfd com 50 Treads_concluida___
___cfd com 52 Treads___
Compute time: 6.59247
Tempo total: 8467.785 ms
	Time:	0:00:08
	Energy:	0.0004 kWh
	CO2eq:	0.0427 g
	0.0004 km travelled by car
	Time:	0:00:08
	Energy:	0.0004 kWh
	CO2eq:	0.0427 g
	0.0004 km travelled by car
___cfd com 52 Treads_concluida___
___cfd com 54 Treads___
Compute time: 6.44235
Tempo total: 8384.248 ms
	Time:	0:00:08
	Energy:	0.0004 kWh
	CO2eq:	0.0427 g
	0.0004 km travelled by car
	Time:	0:00:08
	Energy:	0.0004 kWh
	CO2eq:	0.0427 g
	0.0004 km travelled by car
___cfd com 54 Treads_concluida___
___cfd com 56 Treads___
Compute time: 6.13065
Tempo total: 8024.491 ms
	Time:	0:00:08
	Energy:	0.0004 kWh
	CO2eq:	0.0414 g
	0.0004 km travelled by car
	Time:	0:00:08
	Energy:	0.0004 kWh
	CO2eq:	0.0414 g
	0.0004 km travelled by car
___cfd com 56 Treads_concluida___
___cfd com 58 Treads___
Compute time: 6.00071
Tempo total: 7926.151 ms
	Time:	0:00:08
	Energy:	0.0004 kWh
	CO2eq:	0.0406 g
	0.0004 km travelled by car
	Time:	0:00:08
	Energy:	0.0004 kWh
	CO2eq:	0.0406 g
	0.0004 km travelled by car
___cfd com 58 Treads_concluida___
___cfd com 60 Treads___
Compute time: 5.81281
Tempo total: 7736.645 ms
	Time:	0:00:08
	Energy:	0.0004 kWh
	CO2eq:	0.0390 g
	0.0004 km travelled by car
	Time:	0:00:08
	Energy:	0.0004 kWh
	CO2eq:	0.0390 g
	0.0004 km travelled by car
___cfd com 60 Treads_concluida___
___cfd com 62 Treads___
Compute time: 5.65142
Tempo total: 7521.751 ms
	Time:	0:00:08
	Energy:	0.0004 kWh
	CO2eq:	0.0374 g
	0.0003 km travelled by car
	Time:	0:00:08
	Energy:	0.0004 kWh
	CO2eq:	0.0374 g
	0.0003 km travelled by car
___cfd com 62 Treads_concluida___
___cfd com 64 Treads___
Compute time: 5.53537
Tempo total: 7448.640 ms
	Time:	0:00:07
	Energy:	0.0004 kWh
	CO2eq:	0.0368 g
	0.0003 km travelled by car
	Time:	0:00:07
	Energy:	0.0004 kWh
	CO2eq:	0.0368 g
	0.0003 km travelled by car
___cfd com 64 Treads_concluida___
___cfd com 66 Treads___
Compute time: 5.43281
Tempo total: 7344.341 ms
	Time:	0:00:07
	Energy:	0.0004 kWh
	CO2eq:	0.0361 g
	0.0003 km travelled by car
	Time:	0:00:07
	Energy:	0.0004 kWh
	CO2eq:	0.0361 g
	0.0003 km travelled by car
___cfd com 66 Treads_concluida___
___cfd com 68 Treads___
Compute time: 5.32444
Tempo total: 7279.581 ms
	Time:	0:00:07
	Energy:	0.0004 kWh
	CO2eq:	0.0356 g
	0.0003 km travelled by car
	Time:	0:00:07
	Energy:	0.0004 kWh
	CO2eq:	0.0356 g
	0.0003 km travelled by car
___cfd com 68 Treads_concluida___
___cfd com 70 Treads___
Compute time: 5.43538
Tempo total: 7308.661 ms
	Time:	0:00:07
	Energy:	0.0004 kWh
	CO2eq:	0.0364 g
	0.0003 km travelled by car
	Time:	0:00:07
	Energy:	0.0004 kWh
	CO2eq:	0.0364 g
	0.0003 km travelled by car
___cfd com 70 Treads_concluida___
___cfd com 72 Treads___
Compute time: 5.18324
Tempo total: 7146.107 ms
	Time:	0:00:07
	Energy:	0.0004 kWh
	CO2eq:	0.0346 g
	0.0003 km travelled by car
	Time:	0:00:07
	Energy:	0.0004 kWh
	CO2eq:	0.0346 g
	0.0003 km travelled by car
___cfd com 72 Treads_concluida___
___cfd com 74 Treads___
Compute time: 5.03281
Tempo total: 6983.499 ms
	Time:	0:00:07
	Energy:	0.0004 kWh
	CO2eq:	0.0370 g
	0.0003 km travelled by car
	Time:	0:00:07
	Energy:	0.0003 kWh
	CO2eq:	0.0334 g
	0.0003 km travelled by car
___cfd com 74 Treads_concluida___
___cfd com 76 Treads___
Compute time: 4.90362
Tempo total: 6825.826 ms
	Time:	0:00:07
	Energy:	0.0004 kWh
	CO2eq:	0.0370 g
	0.0003 km travelled by car
	Time:	0:00:07
	Energy:	0.0004 kWh
	CO2eq:	0.0370 g
	0.0003 km travelled by car
___cfd com 76 Treads_concluida___
___cfd com 78 Treads___
Compute time: 4.76934
Tempo total: 6685.279 ms
	Time:	0:00:07
	Energy:	0.0004 kWh
	CO2eq:	0.0366 g
	0.0003 km travelled by car
	Time:	0:00:07
	Energy:	0.0004 kWh
	CO2eq:	0.0366 g
	0.0003 km travelled by car
___cfd com 78 Treads_concluida___
___cfd com 80 Treads___
Compute time: 4.66763
Tempo total: 6629.189 ms
	Time:	0:00:07
	Energy:	0.0004 kWh
	CO2eq:	0.0361 g
	0.0003 km travelled by car
	Time:	0:00:07
	Energy:	0.0004 kWh
	CO2eq:	0.0361 g
	0.0003 km travelled by car
___cfd com 80 Treads_concluida___
___cfd com 82 Treads___
Compute time: 4.85561
Tempo total: 6805.272 ms
	Time:	0:00:07
	Energy:	0.0004 kWh
	CO2eq:	0.0370 g
	0.0003 km travelled by car
	Time:	0:00:07
	Energy:	0.0004 kWh
	CO2eq:	0.0370 g
	0.0003 km travelled by car
___cfd com 82 Treads_concluida___
___cfd com 84 Treads___
Compute time: 4.48027
Tempo total: 6346.189 ms
	Time:	0:00:06
	Energy:	0.0004 kWh
	CO2eq:	0.0358 g
	0.0003 km travelled by car
	Time:	0:00:06
	Energy:	0.0004 kWh
	CO2eq:	0.0358 g
	0.0003 km travelled by car
___cfd com 84 Treads_concluida___
___cfd com 86 Treads___
Compute time: 4.42437
Tempo total: 6293.986 ms
	Time:	0:00:06
	Energy:	0.0004 kWh
	CO2eq:	0.0358 g
	0.0003 km travelled by car
	Time:	0:00:06
	Energy:	0.0004 kWh
	CO2eq:	0.0358 g
	0.0003 km travelled by car
___cfd com 86 Treads_concluida___
___cfd com 88 Treads___
Compute time: 4.44196
Tempo total: 6319.531 ms
	Time:	0:00:06
	Energy:	0.0004 kWh
	CO2eq:	0.0361 g
	0.0003 km travelled by car
	Time:	0:00:06
	Energy:	0.0004 kWh
	CO2eq:	0.0361 g
	0.0003 km travelled by car
___cfd com 88 Treads_concluida___
___Fim de cfd___:

Start -> srad
compilando srad...
cd srad_v1; 	make clean
make[1]: Entering directory '/scratch/acsilveira/rodinia_novos/openmp/srad/srad_v1'
rm *.o srad
make[1]: Leaving directory '/scratch/acsilveira/rodinia_novos/openmp/srad/srad_v1'
cd srad_v2; 	make clean
make[1]: Entering directory '/scratch/acsilveira/rodinia_novos/openmp/srad/srad_v2'
rm -f srad
make[1]: Leaving directory '/scratch/acsilveira/rodinia_novos/openmp/srad/srad_v2'
cd srad_v1; 	make
make[1]: Entering directory '/scratch/acsilveira/rodinia_novos/openmp/srad/srad_v1'
gcc	main.c \
		-c -O3 -fopenmp
gcc	main.o \
		-lm -fopenmp -o srad
make[1]: Leaving directory '/scratch/acsilveira/rodinia_novos/openmp/srad/srad_v1'
cd srad_v2; 	make
make[1]: Entering directory '/scratch/acsilveira/rodinia_novos/openmp/srad/srad_v2'
g++ -g -fopenmp -O2 -lm srad.cpp -o srad 
make[1]: Leaving directory '/scratch/acsilveira/rodinia_novos/openmp/srad/srad_v2'
___Executando srad___:
___srad com 2 Treads___
Tempo total: 149049.611 ms
	Time:	0:02:29
	Energy:	0.0049 kWh
	CO2eq:	0.4789 g
	0.0045 km travelled by car
	Time:	0:02:29
	Energy:	0.0049 kWh
	CO2eq:	0.4789 g
	0.0045 km travelled by car
___srad com 2 Treads_concluida___
___srad com 4 Treads___
Tempo total: 74455.692 ms
	Time:	0:01:14
	Energy:	0.0026 kWh
	CO2eq:	0.2512 g
	0.0023 km travelled by car
	Time:	0:01:14
	Energy:	0.0026 kWh
	CO2eq:	0.2512 g
	0.0023 km travelled by car
___srad com 4 Treads_concluida___
___srad com 6 Treads___
Tempo total: 52672.654 ms
	Time:	0:00:53
	Energy:	0.0019 kWh
	CO2eq:	0.1826 g
	0.0017 km travelled by car
	Time:	0:00:53
	Energy:	0.0019 kWh
	CO2eq:	0.1826 g
	0.0017 km travelled by car
___srad com 6 Treads_concluida___
___srad com 8 Treads___
Tempo total: 42615.391 ms
	Time:	0:00:43
	Energy:	0.0015 kWh
	CO2eq:	0.1517 g
	0.0014 km travelled by car
	Time:	0:00:43
	Energy:	0.0015 kWh
	CO2eq:	0.1517 g
	0.0014 km travelled by car
___srad com 8 Treads_concluida___
___srad com 10 Treads___
Tempo total: 33972.943 ms
	Time:	0:00:34
	Energy:	0.0013 kWh
	CO2eq:	0.1243 g
	0.0012 km travelled by car
	Time:	0:00:34
	Energy:	0.0013 kWh
	CO2eq:	0.1243 g
	0.0012 km travelled by car
___srad com 10 Treads_concluida___
___srad com 12 Treads___
Tempo total: 29048.573 ms
	Time:	0:00:29
	Energy:	0.0011 kWh
	CO2eq:	0.1085 g
	0.0010 km travelled by car
	Time:	0:00:29
	Energy:	0.0011 kWh
	CO2eq:	0.1082 g
	0.0010 km travelled by car
___srad com 12 Treads_concluida___
___srad com 14 Treads___
Tempo total: 26588.446 ms
	Time:	0:00:27
	Energy:	0.0010 kWh
	CO2eq:	0.1010 g
	0.0009 km travelled by car
	Time:	0:00:27
	Energy:	0.0010 kWh
	CO2eq:	0.1010 g
	0.0009 km travelled by car
___srad com 14 Treads_concluida___
___srad com 16 Treads___
Tempo total: 24993.174 ms
	Time:	0:00:25
	Energy:	0.0010 kWh
	CO2eq:	0.0958 g
	0.0009 km travelled by car
	Time:	0:00:25
	Energy:	0.0010 kWh
	CO2eq:	0.0953 g
	0.0009 km travelled by car
___srad com 16 Treads_concluida___
___srad com 18 Treads___
Tempo total: 22876.244 ms
	Time:	0:00:23
	Energy:	0.0009 kWh
	CO2eq:	0.0889 g
	0.0008 km travelled by car
	Time:	0:00:23
	Energy:	0.0009 kWh
	CO2eq:	0.0889 g
	0.0008 km travelled by car
___srad com 18 Treads_concluida___
___srad com 20 Treads___
Tempo total: 20937.293 ms
	Time:	0:00:21
	Energy:	0.0008 kWh
	CO2eq:	0.0831 g
	0.0008 km travelled by car
	Time:	0:00:21
	Energy:	0.0008 kWh
	CO2eq:	0.0825 g
	0.0008 km travelled by car
___srad com 20 Treads_concluida___
___srad com 22 Treads___
Tempo total: 19275.576 ms
	Time:	0:00:19
	Energy:	0.0008 kWh
	CO2eq:	0.0781 g
	0.0007 km travelled by car
	Time:	0:00:19
	Energy:	0.0008 kWh
	CO2eq:	0.0781 g
	0.0007 km travelled by car
___srad com 22 Treads_concluida___
___srad com 24 Treads___
Tempo total: 18170.053 ms
	Time:	0:00:18
	Energy:	0.0008 kWh
	CO2eq:	0.0753 g
	0.0007 km travelled by car
	Time:	0:00:18
	Energy:	0.0008 kWh
	CO2eq:	0.0753 g
	0.0007 km travelled by car
___srad com 24 Treads_concluida___
___srad com 26 Treads___
Tempo total: 16990.684 ms
	Time:	0:00:17
	Energy:	0.0007 kWh
	CO2eq:	0.0716 g
	0.0007 km travelled by car
	Time:	0:00:17
	Energy:	0.0007 kWh
	CO2eq:	0.0712 g
	0.0007 km travelled by car
___srad com 26 Treads_concluida___
___srad com 28 Treads___
Tempo total: 16286.891 ms
	Time:	0:00:16
	Energy:	0.0007 kWh
	CO2eq:	0.0699 g
	0.0007 km travelled by car
	Time:	0:00:16
	Energy:	0.0007 kWh
	CO2eq:	0.0699 g
	0.0007 km travelled by car
___srad com 28 Treads_concluida___
___srad com 30 Treads___
Tempo total: 15398.310 ms
	Time:	0:00:15
	Energy:	0.0007 kWh
	CO2eq:	0.0674 g
	0.0006 km travelled by car
	Time:	0:00:15
	Energy:	0.0007 kWh
	CO2eq:	0.0674 g
	0.0006 km travelled by car
___srad com 30 Treads_concluida___
___srad com 32 Treads___
Tempo total: 14569.405 ms
	Time:	0:00:15
	Energy:	0.0007 kWh
	CO2eq:	0.0649 g
	0.0006 km travelled by car
	Time:	0:00:15
	Energy:	0.0007 kWh
	CO2eq:	0.0649 g
	0.0006 km travelled by car
___srad com 32 Treads_concluida___
___srad com 34 Treads___
Tempo total: 14607.117 ms
	Time:	0:00:15
	Energy:	0.0007 kWh
	CO2eq:	0.0656 g
	0.0006 km travelled by car
	Time:	0:00:15
	Energy:	0.0007 kWh
	CO2eq:	0.0656 g
	0.0006 km travelled by car
___srad com 34 Treads_concluida___
___srad com 36 Treads___
Tempo total: 14131.480 ms
	Time:	0:00:14
	Energy:	0.0007 kWh
	CO2eq:	0.0643 g
	0.0006 km travelled by car
	Time:	0:00:14
	Energy:	0.0007 kWh
	CO2eq:	0.0643 g
	0.0006 km travelled by car
___srad com 36 Treads_concluida___
___srad com 38 Treads___
Tempo total: 13686.517 ms
	Time:	0:00:14
	Energy:	0.0006 kWh
	CO2eq:	0.0633 g
	0.0006 km travelled by car
	Time:	0:00:14
	Energy:	0.0006 kWh
	CO2eq:	0.0633 g
	0.0006 km travelled by car
___srad com 38 Treads_concluida___
___srad com 40 Treads___
Tempo total: 13182.868 ms
	Time:	0:00:13
	Energy:	0.0006 kWh
	CO2eq:	0.0622 g
	0.0006 km travelled by car
	Time:	0:00:13
	Energy:	0.0006 kWh
	CO2eq:	0.0622 g
	0.0006 km travelled by car
___srad com 40 Treads_concluida___
___srad com 42 Treads___
Tempo total: 12690.668 ms
	Time:	0:00:13
	Energy:	0.0006 kWh
	CO2eq:	0.0605 g
	0.0006 km travelled by car
	Time:	0:00:13
	Energy:	0.0006 kWh
	CO2eq:	0.0605 g
	0.0006 km travelled by car
___srad com 42 Treads_concluida___
___srad com 44 Treads___
Tempo total: 12356.352 ms
	Time:	0:00:12
	Energy:	0.0006 kWh
	CO2eq:	0.0599 g
	0.0006 km travelled by car
	Time:	0:00:12
	Energy:	0.0006 kWh
	CO2eq:	0.0599 g
	0.0006 km travelled by car
___srad com 44 Treads_concluida___
___srad com 46 Treads___
Tempo total: 11817.878 ms
	Time:	0:00:12
	Energy:	0.0006 kWh
	CO2eq:	0.0589 g
	0.0005 km travelled by car
	Time:	0:00:12
	Energy:	0.0006 kWh
	CO2eq:	0.0589 g
	0.0005 km travelled by car
___srad com 46 Treads_concluida___
___srad com 48 Treads___
Tempo total: 11366.421 ms
	Time:	0:00:11
	Energy:	0.0006 kWh
	CO2eq:	0.0578 g
	0.0005 km travelled by car
	Time:	0:00:11
	Energy:	0.0006 kWh
	CO2eq:	0.0578 g
	0.0005 km travelled by car
___srad com 48 Treads_concluida___
___srad com 50 Treads___
Tempo total: 10908.201 ms
	Time:	0:00:11
	Energy:	0.0006 kWh
	CO2eq:	0.0559 g
	0.0005 km travelled by car
	Time:	0:00:11
	Energy:	0.0006 kWh
	CO2eq:	0.0551 g
	0.0005 km travelled by car
___srad com 50 Treads_concluida___
___srad com 52 Treads___
Tempo total: 10571.092 ms
	Time:	0:00:11
	Energy:	0.0006 kWh
	CO2eq:	0.0550 g
	0.0005 km travelled by car
	Time:	0:00:11
	Energy:	0.0006 kWh
	CO2eq:	0.0550 g
	0.0005 km travelled by car
___srad com 52 Treads_concluida___
___srad com 54 Treads___
Tempo total: 10205.825 ms
	Time:	0:00:10
	Energy:	0.0005 kWh
	CO2eq:	0.0540 g
	0.0005 km travelled by car
	Time:	0:00:10
	Energy:	0.0005 kWh
	CO2eq:	0.0540 g
	0.0005 km travelled by car
___srad com 54 Treads_concluida___
___srad com 56 Treads___
Tempo total: 9898.872 ms
	Time:	0:00:10
	Energy:	0.0005 kWh
	CO2eq:	0.0530 g
	0.0005 km travelled by car
	Time:	0:00:10
	Energy:	0.0005 kWh
	CO2eq:	0.0530 g
	0.0005 km travelled by car
___srad com 56 Treads_concluida___
___srad com 58 Treads___
Tempo total: 9686.979 ms
	Time:	0:00:10
	Energy:	0.0005 kWh
	CO2eq:	0.0526 g
	0.0005 km travelled by car
	Time:	0:00:10
	Energy:	0.0005 kWh
	CO2eq:	0.0526 g
	0.0005 km travelled by car
___srad com 58 Treads_concluida___
___srad com 60 Treads___
Tempo total: 9441.415 ms
	Time:	0:00:09
	Energy:	0.0005 kWh
	CO2eq:	0.0518 g
	0.0005 km travelled by car
	Time:	0:00:09
	Energy:	0.0005 kWh
	CO2eq:	0.0518 g
	0.0005 km travelled by car
___srad com 60 Treads_concluida___
___srad com 62 Treads___
Tempo total: 9097.225 ms
	Time:	0:00:09
	Energy:	0.0005 kWh
	CO2eq:	0.0504 g
	0.0005 km travelled by car
	Time:	0:00:09
	Energy:	0.0005 kWh
	CO2eq:	0.0504 g
	0.0005 km travelled by car
___srad com 62 Treads_concluida___
___srad com 64 Treads___
Tempo total: 8504.448 ms
	Time:	0:00:09
	Energy:	0.0005 kWh
	CO2eq:	0.0478 g
	0.0004 km travelled by car
	Time:	0:00:09
	Energy:	0.0005 kWh
	CO2eq:	0.0478 g
	0.0004 km travelled by car
___srad com 64 Treads_concluida___
___srad com 66 Treads___
Tempo total: 8498.620 ms
	Time:	0:00:08
	Energy:	0.0005 kWh
	CO2eq:	0.0482 g
	0.0004 km travelled by car
	Time:	0:00:08
	Energy:	0.0005 kWh
	CO2eq:	0.0482 g
	0.0004 km travelled by car
___srad com 66 Treads_concluida___
___srad com 68 Treads___
Tempo total: 8430.490 ms
	Time:	0:00:08
	Energy:	0.0005 kWh
	CO2eq:	0.0485 g
	0.0005 km travelled by car
	Time:	0:00:08
	Energy:	0.0005 kWh
	CO2eq:	0.0485 g
	0.0005 km travelled by car
___srad com 68 Treads_concluida___
___srad com 70 Treads___
Tempo total: 8197.595 ms
	Time:	0:00:08
	Energy:	0.0005 kWh
	CO2eq:	0.0478 g
	0.0004 km travelled by car
	Time:	0:00:08
	Energy:	0.0005 kWh
	CO2eq:	0.0478 g
	0.0004 km travelled by car
___srad com 70 Treads_concluida___
___srad com 72 Treads___
Tempo total: 7966.486 ms
	Time:	0:00:08
	Energy:	0.0005 kWh
	CO2eq:	0.0472 g
	0.0004 km travelled by car
	Time:	0:00:08
	Energy:	0.0005 kWh
	CO2eq:	0.0472 g
	0.0004 km travelled by car
___srad com 72 Treads_concluida___
___srad com 74 Treads___
Tempo total: 7836.600 ms
	Time:	0:00:08
	Energy:	0.0005 kWh
	CO2eq:	0.0468 g
	0.0004 km travelled by car
	Time:	0:00:08
	Energy:	0.0005 kWh
	CO2eq:	0.0468 g
	0.0004 km travelled by car
___srad com 74 Treads_concluida___
___srad com 76 Treads___
Tempo total: 7647.877 ms
	Time:	0:00:08
	Energy:	0.0005 kWh
	CO2eq:	0.0464 g
	0.0004 km travelled by car
	Time:	0:00:08
	Energy:	0.0005 kWh
	CO2eq:	0.0464 g
	0.0004 km travelled by car
___srad com 76 Treads_concluida___
___srad com 78 Treads___
Tempo total: 7493.451 ms
	Time:	0:00:07
	Energy:	0.0005 kWh
	CO2eq:	0.0461 g
	0.0004 km travelled by car
	Time:	0:00:07
	Energy:	0.0005 kWh
	CO2eq:	0.0461 g
	0.0004 km travelled by car
___srad com 78 Treads_concluida___
___srad com 80 Treads___
Tempo total: 7408.080 ms
	Time:	0:00:07
	Energy:	0.0005 kWh
	CO2eq:	0.0459 g
	0.0004 km travelled by car
	Time:	0:00:07
	Energy:	0.0005 kWh
	CO2eq:	0.0459 g
	0.0004 km travelled by car
___srad com 80 Treads_concluida___
___srad com 82 Treads___
Tempo total: 7202.430 ms
	Time:	0:00:07
	Energy:	0.0005 kWh
	CO2eq:	0.0453 g
	0.0004 km travelled by car
	Time:	0:00:07
	Energy:	0.0005 kWh
	CO2eq:	0.0453 g
	0.0004 km travelled by car
___srad com 82 Treads_concluida___
___srad com 84 Treads___
Tempo total: 7067.569 ms
	Time:	0:00:07
	Energy:	0.0005 kWh
	CO2eq:	0.0450 g
	0.0004 km travelled by car
	Time:	0:00:07
	Energy:	0.0005 kWh
	CO2eq:	0.0450 g
	0.0004 km travelled by car
___srad com 84 Treads_concluida___
___srad com 86 Treads___
Tempo total: 7008.279 ms
	Time:	0:00:07
	Energy:	0.0005 kWh
	CO2eq:	0.0445 g
	0.0004 km travelled by car
	Time:	0:00:07
	Energy:	0.0005 kWh
	CO2eq:	0.0446 g
	0.0004 km travelled by car
___srad com 86 Treads_concluida___
___srad com 88 Treads___
Tempo total: 6784.775 ms
	Time:	0:00:07
	Energy:	0.0004 kWh
	CO2eq:	0.0439 g
	0.0004 km travelled by car
	Time:	0:00:07
	Energy:	0.0004 kWh
	CO2eq:	0.0439 g
	0.0004 km travelled by car
___srad com 88 Treads_concluida___
___Fim de srad___:

