kmeans.c: In function ‘main’:
kmeans.c:152:9: warning: implicit declaration of function ‘read’; did you mean ‘fread’? [-Wimplicit-function-declaration]
         read(infile, &numObjects,    sizeof(int));
         ^~~~
         fread
kmeans.c:165:9: warning: implicit declaration of function ‘close’; did you mean ‘pclose’? [-Wimplicit-function-declaration]
         close(infile);
         ^~~~~
         pclose
kmeans.c: In function ‘main’:
kmeans.c:147:9: warning: implicit declaration of function ‘read’; did you mean ‘fread’? [-Wimplicit-function-declaration]
         read(infile, &numObjects,    sizeof(int));
         ^~~~
         fread
kmeans.c:160:9: warning: implicit declaration of function ‘close’; did you mean ‘pclose’? [-Wimplicit-function-declaration]
         close(infile);
         ^~~~~
         pclose
#0 building with "default" instance using docker driver

#1 [internal] load .dockerignore
#1 transferring context: 2B done
#1 DONE 0.2s

#2 [internal] load build definition from Dockerfile
#2 transferring dockerfile: 641B done
#2 DONE 0.2s

#3 [internal] load metadata for docker.io/library/python:3.9
#3 DONE 2.2s

#4 [internal] load build context
#4 DONE 0.0s

#5 [1/8] FROM docker.io/library/python:3.9@sha256:19c8c0bdbf50efc94d639d6bf6e8f875e5a43aad3719f7cb6d2730c8708e422c
#5 resolve docker.io/library/python:3.9@sha256:19c8c0bdbf50efc94d639d6bf6e8f875e5a43aad3719f7cb6d2730c8708e422c
#5 resolve docker.io/library/python:3.9@sha256:19c8c0bdbf50efc94d639d6bf6e8f875e5a43aad3719f7cb6d2730c8708e422c 0.3s done
#5 DONE 0.3s

#4 [internal] load build context
#4 transferring context: 11.05kB done
#4 DONE 0.1s

#6 [4/8] WORKDIR /app
#6 CACHED

#7 [5/8] RUN pip install --upgrade pip
#7 CACHED

#8 [6/8] RUN pip install carbontracker
#8 CACHED

#9 [7/8] RUN make clean
#9 CACHED

#10 [2/8] RUN apt-get update && apt-get install -y     build-essential     gcc     libc6-dev
#10 CACHED

#11 [3/8] COPY /leukocyte /app/
#11 CACHED

#12 [8/8] RUN make
#12 CACHED

#13 exporting to image
#13 exporting layers done
#13 writing image sha256:2477022a2a573e29907d9321423a97deb2b0885675b4e43cc7207bcc8347058a 0.0s done
#13 naming to docker.io/library/app_le 0.0s done
#13 DONE 0.1s
backprop.c:92:1: warning: return type defaults to ‘int’ [-Wimplicit-int]
 bpnn_randomize_weights(w, m, n)
 ^~~~~~~~~~~~~~~~~~~~~~
backprop.c:106:1: warning: return type defaults to ‘int’ [-Wimplicit-int]
 bpnn_randomize_row(w, m)
 ^~~~~~~~~~~~~~~~~~
backprop.c:118:1: warning: return type defaults to ‘int’ [-Wimplicit-int]
 bpnn_zero_weights(w, m, n)
 ^~~~~~~~~~~~~~~~~
backprop.c: In function ‘bpnn_initialize’:
backprop.c:132:6: warning: type of ‘seed’ defaults to ‘int’ [-Wimplicit-int]
 void bpnn_initialize(seed)
      ^~~~~~~~~~~~~~~
backprop.c: In function ‘bpnn_adjust_weights’:
backprop.c:305:6: warning: type of ‘ndelta’ defaults to ‘int’ [-Wimplicit-int]
 void bpnn_adjust_weights(delta, ndelta, ly, nly, w, oldw)
      ^~~~~~~~~~~~~~~~~~~
backprop.c:305:6: warning: type of ‘nly’ defaults to ‘int’ [-Wimplicit-int]
backprop.c: In function ‘bpnn_read’:
backprop.c:457:13: warning: implicit declaration of function ‘open’; did you mean ‘popen’? [-Wimplicit-function-declaration]
   if ((fd = open(filename, 0, 0644)) == -1) {
             ^~~~
             popen
backprop.c:463:3: warning: implicit declaration of function ‘read’; did you mean ‘fread’? [-Wimplicit-function-declaration]
   read(fd, (char *) &n1, sizeof(int));
   ^~~~
   fread
backprop.c:494:3: warning: implicit declaration of function ‘close’; did you mean ‘pclose’? [-Wimplicit-function-declaration]
   close(fd);
   ^~~~~
   pclose
facetrain.c:12:1: warning: return type defaults to ‘int’ [-Wimplicit-int]
 backprop_face()
 ^~~~~~~~~~~~~
facetrain.c: In function ‘backprop_face’:
facetrain.c:19:3: warning: implicit declaration of function ‘load’; did you mean ‘logl’? [-Wimplicit-function-declaration]
   load(net);
   ^~~~
   logl
facetrain.c:22:3: warning: implicit declaration of function ‘bpnn_train_kernel’; did you mean ‘bpnn_train’? [-Wimplicit-function-declaration]
   bpnn_train_kernel(net, &out_err, &hid_err);
   ^~~~~~~~~~~~~~~~~
   bpnn_train
imagenet.c:6:8: warning: type defaults to ‘int’ in declaration of ‘layer_size’ [-Wimplicit-int]
 extern layer_size;
        ^~~~~~~~~~
imagenet.c:8:1: warning: return type defaults to ‘int’ [-Wimplicit-int]
 load(net)
 ^~~~
/bin/sh: 1: icc: not found
make: *** [makefile:18: euler3d_cpu_offload] Error 127
