Numero de CPUs logicos (threads): 88
Numero de núcleos fisicos: 22
Start -> kmeans
compilando kmeans...
cd kmeans_serial; make clean
make[1]: Entering directory '/scratch/acsilveira/rodinia_novos/openmp/kmeans/kmeans_serial'
rm -f *.o *~ kmeans 
make[1]: Leaving directory '/scratch/acsilveira/rodinia_novos/openmp/kmeans/kmeans_serial'
cd kmeans_openmp; make clean
make[1]: Entering directory '/scratch/acsilveira/rodinia_novos/openmp/kmeans/kmeans_openmp'
rm -f *.o *~ kmeans 
make[1]: Leaving directory '/scratch/acsilveira/rodinia_novos/openmp/kmeans/kmeans_openmp'
cd kmeans_openmp; make
make[1]: Entering directory '/scratch/acsilveira/rodinia_novos/openmp/kmeans/kmeans_openmp'
gcc -g -fopenmp -O2  cluster.c -c
gcc -g -fopenmp -O2  getopt.c -c
gcc -g -fopenmp -O2  kmeans.c -c
gcc -g -fopenmp -O2  kmeans_clustering.c -c
gcc -g -fopenmp -O2  cluster.o getopt.o kmeans.o kmeans_clustering.o  -o kmeans
make[1]: Leaving directory '/scratch/acsilveira/rodinia_novos/openmp/kmeans/kmeans_openmp'
cd kmeans_serial; make
make[1]: Entering directory '/scratch/acsilveira/rodinia_novos/openmp/kmeans/kmeans_serial'
gcc -g -fopenmp -O2  cluster.c -c
gcc -g -fopenmp -O2  getopt.c -c
gcc -g -fopenmp -O2  kmeans.c -c
gcc -g -fopenmp -O2  kmeans_clustering.c -c
gcc -g -fopenmp -O2  cluster.o getopt.o kmeans.o kmeans_clustering.o  -o kmeans
make[1]: Leaving directory '/scratch/acsilveira/rodinia_novos/openmp/kmeans/kmeans_serial'
___Executando kmeans___:
___kmeans com 2 Treads___
Time for process: 274.356159
Tempo total: 275131.974 ms
	Time:	0:04:35
	Energy:	0.0090 kWh
	CO2eq:	4.3321 g
	0.0403 km travelled by car
	Time:	0:04:35
	Energy:	0.0090 kWh
	CO2eq:	4.3321 g
	0.0403 km travelled by car
___kmeans com 2 Treads_concluida___
___kmeans com 4 Treads___
Time for process: 139.135931
Tempo total: 139908.364 ms
	Time:	0:02:20
	Energy:	0.0048 kWh
	CO2eq:	2.3074 g
	0.0215 km travelled by car
	Time:	0:02:20
	Energy:	0.0048 kWh
	CO2eq:	2.3074 g
	0.0215 km travelled by car
___kmeans com 4 Treads_concluida___
___kmeans com 6 Treads___
Time for process: 97.961077
Tempo total: 98736.037 ms
	Time:	0:01:39
	Energy:	0.0035 kWh
	CO2eq:	1.6880 g
	0.0157 km travelled by car
	Time:	0:01:39
	Energy:	0.0035 kWh
	CO2eq:	1.6880 g
	0.0157 km travelled by car
___kmeans com 6 Treads_concluida___
___kmeans com 8 Treads___
Time for process: 75.687250
Tempo total: 76457.851 ms
	Time:	0:01:16
	Energy:	0.0028 kWh
	CO2eq:	1.3472 g
	0.0125 km travelled by car
	Time:	0:01:16
	Energy:	0.0028 kWh
	CO2eq:	1.3472 g
	0.0125 km travelled by car
___kmeans com 8 Treads_concluida___
___kmeans com 10 Treads___
Time for process: 62.455605
Tempo total: 63228.442 ms
	Time:	0:01:03
	Energy:	0.0024 kWh
	CO2eq:	1.1429 g
	0.0106 km travelled by car
	Time:	0:01:03
	Energy:	0.0024 kWh
	CO2eq:	1.1421 g
	0.0106 km travelled by car
___kmeans com 10 Treads_concluida___
___kmeans com 12 Treads___
Time for process: 53.837649
Tempo total: 54609.860 ms
	Time:	0:00:55
	Energy:	0.0021 kWh
	CO2eq:	1.0058 g
	0.0094 km travelled by car
	Time:	0:00:55
	Energy:	0.0021 kWh
	CO2eq:	1.0058 g
	0.0094 km travelled by car
___kmeans com 12 Treads_concluida___
___kmeans com 14 Treads___
Time for process: 47.714195
Tempo total: 48486.527 ms
	Time:	0:00:48
	Energy:	0.0019 kWh
	CO2eq:	0.9086 g
	0.0085 km travelled by car
	Time:	0:00:48
	Energy:	0.0019 kWh
	CO2eq:	0.9086 g
	0.0085 km travelled by car
___kmeans com 14 Treads_concluida___
___kmeans com 16 Treads___
Time for process: 43.129347
Tempo total: 43901.212 ms
	Time:	0:00:44
	Energy:	0.0017 kWh
	CO2eq:	0.8291 g
	0.0077 km travelled by car
	Time:	0:00:44
	Energy:	0.0017 kWh
	CO2eq:	0.8291 g
	0.0077 km travelled by car
___kmeans com 16 Treads_concluida___
___kmeans com 18 Treads___
Time for process: 39.362374
Tempo total: 40139.767 ms
	Time:	0:00:40
	Energy:	0.0016 kWh
	CO2eq:	0.7671 g
	0.0071 km travelled by car
	Time:	0:00:40
	Energy:	0.0016 kWh
	CO2eq:	0.7671 g
	0.0071 km travelled by car
___kmeans com 18 Treads_concluida___
___kmeans com 20 Treads___
Time for process: 35.445933
Tempo total: 36217.986 ms
	Time:	0:00:36
	Energy:	0.0015 kWh
	CO2eq:	0.7086 g
	0.0066 km travelled by car
	Time:	0:00:36
	Energy:	0.0015 kWh
	CO2eq:	0.7086 g
	0.0066 km travelled by car
___kmeans com 20 Treads_concluida___
___kmeans com 22 Treads___
Time for process: 32.110146
Tempo total: 32881.995 ms
	Time:	0:00:33
	Energy:	0.0014 kWh
	CO2eq:	0.6586 g
	0.0061 km travelled by car
	Time:	0:00:33
	Energy:	0.0014 kWh
	CO2eq:	0.6586 g
	0.0061 km travelled by car
___kmeans com 22 Treads_concluida___
___kmeans com 24 Treads___
Time for process: 29.509611
Tempo total: 30281.317 ms
	Time:	0:00:30
	Energy:	0.0013 kWh
	CO2eq:	0.6190 g
	0.0058 km travelled by car
	Time:	0:00:30
	Energy:	0.0013 kWh
	CO2eq:	0.6190 g
	0.0058 km travelled by car
___kmeans com 24 Treads_concluida___
___kmeans com 26 Treads___
Time for process: 27.218645
Tempo total: 27990.141 ms
	Time:	0:00:28
	Energy:	0.0012 kWh
	CO2eq:	0.5845 g
	0.0054 km travelled by car
	Time:	0:00:28
	Energy:	0.0012 kWh
	CO2eq:	0.5845 g
	0.0054 km travelled by car
___kmeans com 26 Treads_concluida___
___kmeans com 28 Treads___
Time for process: 25.347259
Tempo total: 26127.663 ms
	Time:	0:00:26
	Energy:	0.0012 kWh
	CO2eq:	0.5564 g
	0.0052 km travelled by car
	Time:	0:00:26
	Energy:	0.0012 kWh
	CO2eq:	0.5564 g
	0.0052 km travelled by car
___kmeans com 28 Treads_concluida___
___kmeans com 30 Treads___
Time for process: 23.602196
Tempo total: 24377.341 ms
	Time:	0:00:24
	Energy:	0.0011 kWh
	CO2eq:	0.5305 g
	0.0049 km travelled by car
	Time:	0:00:24
	Energy:	0.0011 kWh
	CO2eq:	0.5305 g
	0.0049 km travelled by car
___kmeans com 30 Treads_concluida___
___kmeans com 32 Treads___
Time for process: 22.219929
Tempo total: 22994.135 ms
	Time:	0:00:23
	Energy:	0.0011 kWh
	CO2eq:	0.5095 g
	0.0047 km travelled by car
	Time:	0:00:23
	Energy:	0.0011 kWh
	CO2eq:	0.5074 g
	0.0047 km travelled by car
___kmeans com 32 Treads_concluida___
___kmeans com 34 Treads___
Time for process: 20.873379
Tempo total: 21645.636 ms
	Time:	0:00:22
	Energy:	0.0010 kWh
	CO2eq:	0.4884 g
	0.0045 km travelled by car
	Time:	0:00:22
	Energy:	0.0010 kWh
	CO2eq:	0.4884 g
	0.0045 km travelled by car
___kmeans com 34 Treads_concluida___
___kmeans com 36 Treads___
Time for process: 19.783608
Tempo total: 20556.183 ms
	Time:	0:00:21
	Energy:	0.0010 kWh
	CO2eq:	0.4708 g
	0.0044 km travelled by car
	Time:	0:00:21
	Energy:	0.0010 kWh
	CO2eq:	0.4708 g
	0.0044 km travelled by car
___kmeans com 36 Treads_concluida___
___kmeans com 38 Treads___
Time for process: 18.765766
Tempo total: 19551.314 ms
	Time:	0:00:20
	Energy:	0.0010 kWh
	CO2eq:	0.4570 g
	0.0043 km travelled by car
	Time:	0:00:20
	Energy:	0.0010 kWh
	CO2eq:	0.4570 g
	0.0043 km travelled by car
___kmeans com 38 Treads_concluida___
___kmeans com 40 Treads___
Time for process: 17.884561
Tempo total: 18657.910 ms
	Time:	0:00:19
	Energy:	0.0009 kWh
	CO2eq:	0.4417 g
	0.0041 km travelled by car
	Time:	0:00:19
	Energy:	0.0009 kWh
	CO2eq:	0.4417 g
	0.0041 km travelled by car
___kmeans com 40 Treads_concluida___
___kmeans com 42 Treads___
Time for process: 16.935911
Tempo total: 17714.633 ms
	Time:	0:00:18
	Energy:	0.0009 kWh
	CO2eq:	0.4279 g
	0.0040 km travelled by car
	Time:	0:00:18
	Energy:	0.0009 kWh
	CO2eq:	0.4279 g
	0.0040 km travelled by car
___kmeans com 42 Treads_concluida___
___kmeans com 44 Treads___
Time for process: 16.241023
Tempo total: 17018.240 ms
	Time:	0:00:17
	Energy:	0.0009 kWh
	CO2eq:	0.4165 g
	0.0039 km travelled by car
	Time:	0:00:17
	Energy:	0.0009 kWh
	CO2eq:	0.4158 g
	0.0039 km travelled by car
___kmeans com 44 Treads_concluida___
___kmeans com 46 Treads___
Time for process: 15.515975
Tempo total: 16291.385 ms
	Time:	0:00:16
	Energy:	0.0009 kWh
	CO2eq:	0.4121 g
	0.0038 km travelled by car
	Time:	0:00:16
	Energy:	0.0009 kWh
	CO2eq:	0.4121 g
	0.0038 km travelled by car
___kmeans com 46 Treads_concluida___
___kmeans com 48 Treads___
Time for process: 14.995659
Tempo total: 15773.456 ms
	Time:	0:00:16
	Energy:	0.0008 kWh
	CO2eq:	0.4081 g
	0.0038 km travelled by car
	Time:	0:00:16
	Energy:	0.0008 kWh
	CO2eq:	0.4081 g
	0.0038 km travelled by car
___kmeans com 48 Treads_concluida___
___kmeans com 50 Treads___
Time for process: 14.371038
Tempo total: 15143.725 ms
	Time:	0:00:15
	Energy:	0.0008 kWh
	CO2eq:	0.3972 g
	0.0037 km travelled by car
	Time:	0:00:15
	Energy:	0.0008 kWh
	CO2eq:	0.3972 g
	0.0037 km travelled by car
___kmeans com 50 Treads_concluida___
___kmeans com 52 Treads___
Time for process: 13.959777
Tempo total: 14736.012 ms
	Time:	0:00:15
	Energy:	0.0008 kWh
	CO2eq:	0.3904 g
	0.0036 km travelled by car
	Time:	0:00:15
	Energy:	0.0008 kWh
	CO2eq:	0.3904 g
	0.0036 km travelled by car
___kmeans com 52 Treads_concluida___
___kmeans com 54 Treads___
Time for process: 13.242100
Tempo total: 14013.906 ms
	Time:	0:00:14
	Energy:	0.0008 kWh
	CO2eq:	0.3776 g
	0.0035 km travelled by car
	Time:	0:00:14
	Energy:	0.0008 kWh
	CO2eq:	0.3776 g
	0.0035 km travelled by car
___kmeans com 54 Treads_concluida___
___kmeans com 56 Treads___
Time for process: 12.933609
Tempo total: 13712.325 ms
	Time:	0:00:14
	Energy:	0.0008 kWh
	CO2eq:	0.3742 g
	0.0035 km travelled by car
	Time:	0:00:14
	Energy:	0.0008 kWh
	CO2eq:	0.3742 g
	0.0035 km travelled by car
___kmeans com 56 Treads_concluida___
___kmeans com 58 Treads___
Time for process: 12.434735
Tempo total: 13211.609 ms
	Time:	0:00:13
	Energy:	0.0008 kWh
	CO2eq:	0.3647 g
	0.0034 km travelled by car
	Time:	0:00:13
	Energy:	0.0008 kWh
	CO2eq:	0.3647 g
	0.0034 km travelled by car
___kmeans com 58 Treads_concluida___
___kmeans com 60 Treads___
Time for process: 12.201252
Tempo total: 12975.403 ms
	Time:	0:00:13
	Energy:	0.0007 kWh
	CO2eq:	0.3568 g
	0.0033 km travelled by car
	Time:	0:00:13
	Energy:	0.0007 kWh
	CO2eq:	0.3563 g
	0.0033 km travelled by car
___kmeans com 60 Treads_concluida___
___kmeans com 62 Treads___
Time for process: 11.870250
Tempo total: 12643.483 ms
	Time:	0:00:13
	Energy:	0.0007 kWh
	CO2eq:	0.3505 g
	0.0033 km travelled by car
	Time:	0:00:13
	Energy:	0.0007 kWh
	CO2eq:	0.3505 g
	0.0033 km travelled by car
___kmeans com 62 Treads_concluida___
___kmeans com 64 Treads___
Time for process: 11.749775
Tempo total: 12525.950 ms
	Time:	0:00:13
	Energy:	0.0007 kWh
	CO2eq:	0.3508 g
	0.0033 km travelled by car
	Time:	0:00:13
	Energy:	0.0007 kWh
	CO2eq:	0.3508 g
	0.0033 km travelled by car
___kmeans com 64 Treads_concluida___
___kmeans com 66 Treads___
Time for process: 11.189949
Tempo total: 12020.423 ms
	Time:	0:00:12
	Energy:	0.0007 kWh
	CO2eq:	0.3400 g
	0.0032 km travelled by car
	Time:	0:00:12
	Energy:	0.0007 kWh
	CO2eq:	0.3400 g
	0.0032 km travelled by car
___kmeans com 66 Treads_concluida___
___kmeans com 68 Treads___
Time for process: 10.779526
Tempo total: 11567.818 ms
	Time:	0:00:12
	Energy:	0.0007 kWh
	CO2eq:	0.3326 g
	0.0031 km travelled by car
	Time:	0:00:12
	Energy:	0.0007 kWh
	CO2eq:	0.3326 g
	0.0031 km travelled by car
___kmeans com 68 Treads_concluida___
___kmeans com 70 Treads___
Time for process: 10.560433
Tempo total: 11337.336 ms
	Time:	0:00:11
	Energy:	0.0007 kWh
	CO2eq:	0.3305 g
	0.0031 km travelled by car
	Time:	0:00:11
	Energy:	0.0007 kWh
	CO2eq:	0.3305 g
	0.0031 km travelled by car
___kmeans com 70 Treads_concluida___
___kmeans com 72 Treads___
Time for process: 10.440807
Tempo total: 11214.140 ms
	Time:	0:00:11
	Energy:	0.0007 kWh
	CO2eq:	0.3297 g
	0.0031 km travelled by car
	Time:	0:00:11
	Energy:	0.0007 kWh
	CO2eq:	0.3297 g
	0.0031 km travelled by car
___kmeans com 72 Treads_concluida___
___kmeans com 74 Treads___
Time for process: 9.922156
Tempo total: 10698.394 ms
	Time:	0:00:11
	Energy:	0.0007 kWh
	CO2eq:	0.3160 g
	0.0029 km travelled by car
	Time:	0:00:11
	Energy:	0.0007 kWh
	CO2eq:	0.3160 g
	0.0029 km travelled by car
___kmeans com 74 Treads_concluida___
___kmeans com 76 Treads___
Time for process: 9.998433
Tempo total: 10770.223 ms
	Time:	0:00:11
	Energy:	0.0007 kWh
	CO2eq:	0.3201 g
	0.0030 km travelled by car
	Time:	0:00:11
	Energy:	0.0007 kWh
	CO2eq:	0.3201 g
	0.0030 km travelled by car
___kmeans com 76 Treads_concluida___
___kmeans com 78 Treads___
Time for process: 9.396427
Tempo total: 10175.580 ms
	Time:	0:00:10
	Energy:	0.0006 kWh
	CO2eq:	0.3075 g
	0.0029 km travelled by car
	Time:	0:00:10
	Energy:	0.0006 kWh
	CO2eq:	0.3075 g
	0.0029 km travelled by car
___kmeans com 78 Treads_concluida___
___kmeans com 80 Treads___
Time for process: 9.380146
Tempo total: 10156.855 ms
	Time:	0:00:10
	Energy:	0.0006 kWh
	CO2eq:	0.3093 g
	0.0029 km travelled by car
	Time:	0:00:10
	Energy:	0.0006 kWh
	CO2eq:	0.3093 g
	0.0029 km travelled by car
___kmeans com 80 Treads_concluida___
___kmeans com 82 Treads___
Time for process: 8.935975
Tempo total: 9706.788 ms
	Time:	0:00:10
	Energy:	0.0006 kWh
	CO2eq:	0.3001 g
	0.0028 km travelled by car
	Time:	0:00:10
	Energy:	0.0006 kWh
	CO2eq:	0.3001 g
	0.0028 km travelled by car
___kmeans com 82 Treads_concluida___
___kmeans com 84 Treads___
Time for process: 9.045339
Tempo total: 9826.627 ms
	Time:	0:00:10
	Energy:	0.0006 kWh
	CO2eq:	0.3063 g
	0.0028 km travelled by car
	Time:	0:00:10
	Energy:	0.0006 kWh
	CO2eq:	0.3063 g
	0.0028 km travelled by car
___kmeans com 84 Treads_concluida___
___kmeans com 86 Treads___
Time for process: 8.585429
Tempo total: 9359.873 ms
	Time:	0:00:09
	Energy:	0.0006 kWh
	CO2eq:	0.2961 g
	0.0028 km travelled by car
	Time:	0:00:09
	Energy:	0.0006 kWh
	CO2eq:	0.2961 g
	0.0028 km travelled by car
___kmeans com 86 Treads_concluida___
___kmeans com 88 Treads___
Time for process: 8.564037
Tempo total: 9338.881 ms
	Time:	0:00:09
	Energy:	0.0006 kWh
	CO2eq:	0.2973 g
	0.0028 km travelled by car
	Time:	0:00:09
	Energy:	0.0006 kWh
	CO2eq:	0.2973 g
	0.0028 km travelled by car
___kmeans com 88 Treads_concluida___
___Fim de kmeans___:

Start -> leukocyte
compilando leukocyte...
___Executando leukocyte___:
___leukocyte com 2 Treads___
Total application run time: 422.41266 seconds
Tempo total: 422498.873 ms
	Time:	0:07:02
	Energy:	0.0050 kWh
	CO2eq:	2.3882 g
	0.0222 km travelled by car
	Time:	0:07:02
	Energy:	0.0050 kWh
	CO2eq:	2.3882 g
	0.0222 km travelled by car
___leukocyte com 2 Treads_concluida___
___leukocyte com 4 Treads___
Total application run time: 220.37263 seconds
Tempo total: 220459.421 ms
	Time:	0:03:40
	Energy:	0.0030 kWh
	CO2eq:	1.4211 g
	0.0132 km travelled by car
	Time:	0:03:40
	Energy:	0.0030 kWh
	CO2eq:	1.4211 g
	0.0132 km travelled by car
___leukocyte com 4 Treads_concluida___
___leukocyte com 6 Treads___
Total application run time: 156.20317 seconds
Tempo total: 156300.231 ms
	Time:	0:02:36
	Energy:	0.0023 kWh
	CO2eq:	1.0932 g
	0.0102 km travelled by car
	Time:	0:02:36
	Energy:	0.0023 kWh
	CO2eq:	1.0932 g
	0.0102 km travelled by car
___leukocyte com 6 Treads_concluida___
___leukocyte com 8 Treads___
Total application run time: 134.92180 seconds
Tempo total: 135012.227 ms
	Time:	0:02:15
	Energy:	0.0020 kWh
	CO2eq:	0.9821 g
	0.0091 km travelled by car
	Time:	0:02:15
	Energy:	0.0020 kWh
	CO2eq:	0.9799 g
	0.0091 km travelled by car
___leukocyte com 8 Treads_concluida___
___leukocyte com 10 Treads___
Total application run time: 113.62149 seconds
Tempo total: 113728.139 ms
	Time:	0:01:54
	Energy:	0.0018 kWh
	CO2eq:	0.8676 g
	0.0081 km travelled by car
	Time:	0:01:54
	Energy:	0.0018 kWh
	CO2eq:	0.8676 g
	0.0081 km travelled by car
___leukocyte com 10 Treads_concluida___
___leukocyte com 12 Treads___
Total application run time: 90.76887 seconds
Tempo total: 90861.619 ms
	Time:	0:01:31
	Energy:	0.0015 kWh
	CO2eq:	0.7439 g
	0.0069 km travelled by car
	Time:	0:01:31
	Energy:	0.0015 kWh
	CO2eq:	0.7439 g
	0.0069 km travelled by car
___leukocyte com 12 Treads_concluida___
___leukocyte com 14 Treads___
Total application run time: 91.97598 seconds
Tempo total: 92068.088 ms
	Time:	0:01:32
	Energy:	0.0016 kWh
	CO2eq:	0.7469 g
	0.0069 km travelled by car
	Time:	0:01:32
	Energy:	0.0016 kWh
	CO2eq:	0.7469 g
	0.0069 km travelled by car
___leukocyte com 14 Treads_concluida___
___leukocyte com 16 Treads___
Total application run time: 85.79755 seconds
Tempo total: 85904.856 ms
	Time:	0:01:26
	Energy:	0.0015 kWh
	CO2eq:	0.7162 g
	0.0067 km travelled by car
	Time:	0:01:26
	Energy:	0.0015 kWh
	CO2eq:	0.7162 g
	0.0067 km travelled by car
___leukocyte com 16 Treads_concluida___
___leukocyte com 18 Treads___
Total application run time: 68.64599 seconds
Tempo total: 68739.074 ms
	Time:	0:01:09
	Energy:	0.0013 kWh
	CO2eq:	0.6084 g
	0.0057 km travelled by car
	Time:	0:01:09
	Energy:	0.0013 kWh
	CO2eq:	0.6084 g
	0.0057 km travelled by car
___leukocyte com 18 Treads_concluida___
___leukocyte com 20 Treads___
Total application run time: 67.65935 seconds
Tempo total: 67754.586 ms
	Time:	0:01:08
	Energy:	0.0013 kWh
	CO2eq:	0.6111 g
	0.0057 km travelled by car
	Time:	0:01:08
	Energy:	0.0013 kWh
	CO2eq:	0.6111 g
	0.0057 km travelled by car
___leukocyte com 20 Treads_concluida___
___leukocyte com 22 Treads___
Total application run time: 66.57318 seconds
Tempo total: 66664.894 ms
	Time:	0:01:07
	Energy:	0.0013 kWh
	CO2eq:	0.6105 g
	0.0057 km travelled by car
	Time:	0:01:07
	Energy:	0.0013 kWh
	CO2eq:	0.6105 g
	0.0057 km travelled by car
___leukocyte com 22 Treads_concluida___
___leukocyte com 24 Treads___
Total application run time: 64.75639 seconds
Tempo total: 64854.058 ms
	Time:	0:01:05
	Energy:	0.0013 kWh
	CO2eq:	0.6060 g
	0.0056 km travelled by car
	Time:	0:01:05
	Energy:	0.0013 kWh
	CO2eq:	0.6060 g
	0.0056 km travelled by car
___leukocyte com 24 Treads_concluida___
___leukocyte com 26 Treads___
Total application run time: 65.66184 seconds
Tempo total: 65759.131 ms
	Time:	0:01:06
	Energy:	0.0013 kWh
	CO2eq:	0.6050 g
	0.0056 km travelled by car
	Time:	0:01:06
	Energy:	0.0013 kWh
	CO2eq:	0.6050 g
	0.0056 km travelled by car
___leukocyte com 26 Treads_concluida___
___leukocyte com 28 Treads___
Total application run time: 63.85200 seconds
Tempo total: 63953.424 ms
	Time:	0:01:04
	Energy:	0.0012 kWh
	CO2eq:	0.5956 g
	0.0055 km travelled by car
	Time:	0:01:04
	Energy:	0.0012 kWh
	CO2eq:	0.5956 g
	0.0055 km travelled by car
___leukocyte com 28 Treads_concluida___
___leukocyte com 30 Treads___
Total application run time: 66.80965 seconds
Tempo total: 66914.918 ms
	Time:	0:01:07
	Energy:	0.0013 kWh
	CO2eq:	0.6167 g
	0.0057 km travelled by car
	Time:	0:01:07
	Energy:	0.0013 kWh
	CO2eq:	0.6167 g
	0.0057 km travelled by car
___leukocyte com 30 Treads_concluida___
___leukocyte com 32 Treads___
Total application run time: 62.70522 seconds
Tempo total: 62799.439 ms
	Time:	0:01:03
	Energy:	0.0012 kWh
	CO2eq:	0.5796 g
	0.0054 km travelled by car
	Time:	0:01:03
	Energy:	0.0012 kWh
	CO2eq:	0.5796 g
	0.0054 km travelled by car
___leukocyte com 32 Treads_concluida___
___leukocyte com 34 Treads___
Total application run time: 59.07007 seconds
Tempo total: 59172.019 ms
	Time:	0:00:59
	Energy:	0.0012 kWh
	CO2eq:	0.5564 g
	0.0052 km travelled by car
	Time:	0:00:59
	Energy:	0.0012 kWh
	CO2eq:	0.5564 g
	0.0052 km travelled by car
___leukocyte com 34 Treads_concluida___
___leukocyte com 36 Treads___
Total application run time: 41.23214 seconds
Tempo total: 41326.840 ms
	Time:	0:00:41
	Energy:	0.0010 kWh
	CO2eq:	0.4684 g
	0.0044 km travelled by car
	Time:	0:00:41
	Energy:	0.0010 kWh
	CO2eq:	0.4684 g
	0.0044 km travelled by car
___leukocyte com 36 Treads_concluida___
___leukocyte com 38 Treads___
Total application run time: 44.51060 seconds
Tempo total: 44611.519 ms
	Time:	0:00:45
	Energy:	0.0010 kWh
	CO2eq:	0.4817 g
	0.0045 km travelled by car
	Time:	0:00:45
	Energy:	0.0010 kWh
	CO2eq:	0.4817 g
	0.0045 km travelled by car
___leukocyte com 38 Treads_concluida___
___leukocyte com 40 Treads___
Total application run time: 40.92505 seconds
Tempo total: 41019.065 ms
	Time:	0:00:41
	Energy:	0.0010 kWh
	CO2eq:	0.4680 g
	0.0044 km travelled by car
	Time:	0:00:41
	Energy:	0.0010 kWh
	CO2eq:	0.4673 g
	0.0043 km travelled by car
___leukocyte com 40 Treads_concluida___
___leukocyte com 42 Treads___
Total application run time: 41.93874 seconds
Tempo total: 42037.135 ms
	Time:	0:00:42
	Energy:	0.0010 kWh
	CO2eq:	0.4773 g
	0.0044 km travelled by car
	Time:	0:00:42
	Energy:	0.0010 kWh
	CO2eq:	0.4773 g
	0.0044 km travelled by car
___leukocyte com 42 Treads_concluida___
___leukocyte com 44 Treads___
Total application run time: 42.01601 seconds
Tempo total: 42109.325 ms
	Time:	0:00:42
	Energy:	0.0010 kWh
	CO2eq:	0.4765 g
	0.0044 km travelled by car
	Time:	0:00:42
	Energy:	0.0010 kWh
	CO2eq:	0.4765 g
	0.0044 km travelled by car
___leukocyte com 44 Treads_concluida___
___leukocyte com 46 Treads___
Total application run time: 41.67630 seconds
Tempo total: 41771.953 ms
	Time:	0:00:42
	Energy:	0.0010 kWh
	CO2eq:	0.4742 g
	0.0044 km travelled by car
	Time:	0:00:42
	Energy:	0.0010 kWh
	CO2eq:	0.4742 g
	0.0044 km travelled by car
___leukocyte com 46 Treads_concluida___
___leukocyte com 48 Treads___
Total application run time: 40.81360 seconds
Tempo total: 40912.264 ms
	Time:	0:00:41
	Energy:	0.0010 kWh
	CO2eq:	0.4681 g
	0.0044 km travelled by car
	Time:	0:00:41
	Energy:	0.0010 kWh
	CO2eq:	0.4651 g
	0.0043 km travelled by car
___leukocyte com 48 Treads_concluida___
___leukocyte com 50 Treads___
Total application run time: 40.66248 seconds
Tempo total: 40761.347 ms
	Time:	0:00:41
	Energy:	0.0010 kWh
	CO2eq:	0.4683 g
	0.0044 km travelled by car
	Time:	0:00:41
	Energy:	0.0010 kWh
	CO2eq:	0.4683 g
	0.0044 km travelled by car
___leukocyte com 50 Treads_concluida___
___leukocyte com 52 Treads___
Total application run time: 41.64901 seconds
Tempo total: 41743.225 ms
	Time:	0:00:42
	Energy:	0.0010 kWh
	CO2eq:	0.4752 g
	0.0044 km travelled by car
	Time:	0:00:42
	Energy:	0.0010 kWh
	CO2eq:	0.4752 g
	0.0044 km travelled by car
___leukocyte com 52 Treads_concluida___
___leukocyte com 54 Treads___
Total application run time: 40.45733 seconds
Tempo total: 40556.645 ms
	Time:	0:00:41
	Energy:	0.0010 kWh
	CO2eq:	0.4670 g
	0.0043 km travelled by car
	Time:	0:00:41
	Energy:	0.0010 kWh
	CO2eq:	0.4670 g
	0.0043 km travelled by car
___leukocyte com 54 Treads_concluida___
___leukocyte com 56 Treads___
Total application run time: 40.92366 seconds
Tempo total: 41019.701 ms
	Time:	0:00:41
	Energy:	0.0010 kWh
	CO2eq:	0.4732 g
	0.0044 km travelled by car
	Time:	0:00:41
	Energy:	0.0010 kWh
	CO2eq:	0.4723 g
	0.0044 km travelled by car
___leukocyte com 56 Treads_concluida___
___leukocyte com 58 Treads___
Total application run time: 42.17259 seconds
Tempo total: 42268.644 ms
	Time:	0:00:42
	Energy:	0.0010 kWh
	CO2eq:	0.4814 g
	0.0045 km travelled by car
	Time:	0:00:42
	Energy:	0.0010 kWh
	CO2eq:	0.4814 g
	0.0045 km travelled by car
___leukocyte com 58 Treads_concluida___
___leukocyte com 60 Treads___
Total application run time: 40.15374 seconds
Tempo total: 40247.450 ms
	Time:	0:00:40
	Energy:	0.0010 kWh
	CO2eq:	0.4682 g
	0.0044 km travelled by car
	Time:	0:00:40
	Energy:	0.0010 kWh
	CO2eq:	0.4682 g
	0.0044 km travelled by car
___leukocyte com 60 Treads_concluida___
___leukocyte com 62 Treads___
Total application run time: 41.69945 seconds
Tempo total: 41798.398 ms
	Time:	0:00:42
	Energy:	0.0010 kWh
	CO2eq:	0.4789 g
	0.0045 km travelled by car
	Time:	0:00:42
	Energy:	0.0010 kWh
	CO2eq:	0.4789 g
	0.0045 km travelled by car
___leukocyte com 62 Treads_concluida___
___leukocyte com 64 Treads___
Total application run time: 43.36002 seconds
Tempo total: 43456.878 ms
	Time:	0:00:43
	Energy:	0.0010 kWh
	CO2eq:	0.4819 g
	0.0045 km travelled by car
	Time:	0:00:43
	Energy:	0.0010 kWh
	CO2eq:	0.4819 g
	0.0045 km travelled by car
___leukocyte com 64 Treads_concluida___
___leukocyte com 66 Treads___
Total application run time: 43.79275 seconds
Tempo total: 43888.047 ms
	Time:	0:00:44
	Energy:	0.0010 kWh
	CO2eq:	0.4897 g
	0.0046 km travelled by car
	Time:	0:00:44
	Energy:	0.0010 kWh
	CO2eq:	0.4897 g
	0.0046 km travelled by car
___leukocyte com 66 Treads_concluida___
___leukocyte com 68 Treads___
Total application run time: 43.99538 seconds
Tempo total: 44091.584 ms
	Time:	0:00:44
	Energy:	0.0010 kWh
	CO2eq:	0.4890 g
	0.0045 km travelled by car
	Time:	0:00:44
	Energy:	0.0010 kWh
	CO2eq:	0.4890 g
	0.0045 km travelled by car
___leukocyte com 68 Treads_concluida___
___leukocyte com 70 Treads___
Total application run time: 40.81311 seconds
Tempo total: 40911.586 ms
	Time:	0:00:41
	Energy:	0.0010 kWh
	CO2eq:	0.4700 g
	0.0044 km travelled by car
	Time:	0:00:41
	Energy:	0.0010 kWh
	CO2eq:	0.4657 g
	0.0043 km travelled by car
___leukocyte com 70 Treads_concluida___
___leukocyte com 72 Treads___
Total application run time: 53.39632 seconds
Tempo total: 53491.337 ms
	Time:	0:00:53
	Energy:	0.0011 kWh
	CO2eq:	0.5436 g
	0.0051 km travelled by car
	Time:	0:00:53
	Energy:	0.0011 kWh
	CO2eq:	0.5436 g
	0.0051 km travelled by car
___leukocyte com 72 Treads_concluida___
___leukocyte com 74 Treads___
Total application run time: 44.94366 seconds
Tempo total: 45045.240 ms
	Time:	0:00:45
	Energy:	0.0010 kWh
	CO2eq:	0.4900 g
	0.0046 km travelled by car
	Time:	0:00:45
	Energy:	0.0010 kWh
	CO2eq:	0.4905 g
	0.0046 km travelled by car
___leukocyte com 74 Treads_concluida___
___leukocyte com 76 Treads___
Total application run time: 54.74004 seconds
Tempo total: 54844.412 ms
	Time:	0:00:55
	Energy:	0.0011 kWh
	CO2eq:	0.5526 g
	0.0051 km travelled by car
	Time:	0:00:55
	Energy:	0.0011 kWh
	CO2eq:	0.5526 g
	0.0051 km travelled by car
___leukocyte com 76 Treads_concluida___
___leukocyte com 78 Treads___
Total application run time: 53.56836 seconds
Tempo total: 53670.454 ms
	Time:	0:00:54
	Energy:	0.0011 kWh
	CO2eq:	0.5361 g
	0.0050 km travelled by car
	Time:	0:00:54
	Energy:	0.0011 kWh
	CO2eq:	0.5361 g
	0.0050 km travelled by car
___leukocyte com 78 Treads_concluida___
___leukocyte com 80 Treads___
Total application run time: 46.54293 seconds
Tempo total: 46639.907 ms
	Time:	0:00:47
	Energy:	0.0010 kWh
	CO2eq:	0.5021 g
	0.0047 km travelled by car
	Time:	0:00:47
	Energy:	0.0010 kWh
	CO2eq:	0.5021 g
	0.0047 km travelled by car
___leukocyte com 80 Treads_concluida___
___leukocyte com 82 Treads___
Total application run time: 47.48087 seconds
Tempo total: 47579.240 ms
	Time:	0:00:48
	Energy:	0.0011 kWh
	CO2eq:	0.5103 g
	0.0047 km travelled by car
	Time:	0:00:48
	Energy:	0.0011 kWh
	CO2eq:	0.5103 g
	0.0047 km travelled by car
___leukocyte com 82 Treads_concluida___
___leukocyte com 84 Treads___
Total application run time: 57.12970 seconds
Tempo total: 57228.823 ms
	Time:	0:00:57
	Energy:	0.0012 kWh
	CO2eq:	0.5620 g
	0.0052 km travelled by car
	Time:	0:00:57
	Energy:	0.0012 kWh
	CO2eq:	0.5620 g
	0.0052 km travelled by car
___leukocyte com 84 Treads_concluida___
___leukocyte com 86 Treads___
Total application run time: 58.61288 seconds
Tempo total: 58714.670 ms
	Time:	0:00:59
	Energy:	0.0012 kWh
	CO2eq:	0.5657 g
	0.0053 km travelled by car
	Time:	0:00:59
	Energy:	0.0012 kWh
	CO2eq:	0.5657 g
	0.0053 km travelled by car
___leukocyte com 86 Treads_concluida___
___leukocyte com 88 Treads___
Total application run time: 59.10567 seconds
Tempo total: 59200.098 ms
	Time:	0:00:59
	Energy:	0.0012 kWh
	CO2eq:	0.5698 g
	0.0053 km travelled by car
	Time:	0:00:59
	Energy:	0.0012 kWh
	CO2eq:	0.5698 g
	0.0053 km travelled by car
___leukocyte com 88 Treads_concluida___
___Fim de leukocyte___:

Start -> backprop
compilando backprop...
rm -f *.o *~ backprop backprop_cuda.linkinfo
gcc -g -fopenmp  -O2 backprop.c -c
gcc -g -fopenmp  -O2 facetrain.c -c
gcc -g -fopenmp  -O2 imagenet.c -c
gcc -g -fopenmp  -O2 backprop_kernel.c -c
gcc -g -fopenmp  -O2 backprop.o facetrain.o imagenet.o backprop_kernel.o -o backprop -lm
___Executando backprop___:
___backprop com 2 Treads___
Tempo total: 25044.188 ms
	Time:	0:00:25
	Energy:	0.0008 kWh
	CO2eq:	0.4002 g
	0.0037 km travelled by car
	Time:	0:00:25
	Energy:	0.0008 kWh
	CO2eq:	0.3992 g
	0.0037 km travelled by car
___backprop com 2 Treads_concluida___
___backprop com 4 Treads___
Tempo total: 19784.091 ms
	Time:	0:00:20
	Energy:	0.0007 kWh
	CO2eq:	0.3191 g
	0.0030 km travelled by car
	Time:	0:00:20
	Energy:	0.0007 kWh
	CO2eq:	0.3191 g
	0.0030 km travelled by car
___backprop com 4 Treads_concluida___
___backprop com 6 Treads___
Tempo total: 17997.268 ms
	Time:	0:00:18
	Energy:	0.0006 kWh
	CO2eq:	0.2905 g
	0.0027 km travelled by car
	Time:	0:00:18
	Energy:	0.0006 kWh
	CO2eq:	0.2905 g
	0.0027 km travelled by car
___backprop com 6 Treads_concluida___
___backprop com 8 Treads___
Tempo total: 17113.080 ms
	Time:	0:00:17
	Energy:	0.0006 kWh
	CO2eq:	0.2778 g
	0.0026 km travelled by car
	Time:	0:00:17
	Energy:	0.0006 kWh
	CO2eq:	0.2778 g
	0.0026 km travelled by car
___backprop com 8 Treads_concluida___
___backprop com 10 Treads___
Tempo total: 16731.836 ms
	Time:	0:00:17
	Energy:	0.0006 kWh
	CO2eq:	0.2710 g
	0.0025 km travelled by car
	Time:	0:00:17
	Energy:	0.0006 kWh
	CO2eq:	0.2710 g
	0.0025 km travelled by car
___backprop com 10 Treads_concluida___
___backprop com 12 Treads___
Tempo total: 17686.335 ms
	Time:	0:00:18
	Energy:	0.0006 kWh
	CO2eq:	0.2864 g
	0.0027 km travelled by car
	Time:	0:00:18
	Energy:	0.0006 kWh
	CO2eq:	0.2864 g
	0.0027 km travelled by car
___backprop com 12 Treads_concluida___
___backprop com 14 Treads___
Tempo total: 16789.877 ms
	Time:	0:00:17
	Energy:	0.0006 kWh
	CO2eq:	0.2708 g
	0.0025 km travelled by car
	Time:	0:00:17
	Energy:	0.0006 kWh
	CO2eq:	0.2708 g
	0.0025 km travelled by car
___backprop com 14 Treads_concluida___
___backprop com 16 Treads___
Tempo total: 15456.946 ms
	Time:	0:00:15
	Energy:	0.0005 kWh
	CO2eq:	0.2505 g
	0.0023 km travelled by car
	Time:	0:00:15
	Energy:	0.0005 kWh
	CO2eq:	0.2505 g
	0.0023 km travelled by car
___backprop com 16 Treads_concluida___
___backprop com 18 Treads___
Tempo total: 15886.869 ms
	Time:	0:00:16
	Energy:	0.0005 kWh
	CO2eq:	0.2587 g
	0.0024 km travelled by car
	Time:	0:00:16
	Energy:	0.0005 kWh
	CO2eq:	0.2587 g
	0.0024 km travelled by car
___backprop com 18 Treads_concluida___
___backprop com 20 Treads___
Tempo total: 15427.720 ms
	Time:	0:00:15
	Energy:	0.0005 kWh
	CO2eq:	0.2503 g
	0.0023 km travelled by car
	Time:	0:00:15
	Energy:	0.0005 kWh
	CO2eq:	0.2503 g
	0.0023 km travelled by car
___backprop com 20 Treads_concluida___
___backprop com 22 Treads___
Tempo total: 15404.262 ms
	Time:	0:00:15
	Energy:	0.0005 kWh
	CO2eq:	0.2496 g
	0.0023 km travelled by car
	Time:	0:00:15
	Energy:	0.0005 kWh
	CO2eq:	0.2496 g
	0.0023 km travelled by car
___backprop com 22 Treads_concluida___
___backprop com 24 Treads___
Tempo total: 15426.095 ms
	Time:	0:00:15
	Energy:	0.0005 kWh
	CO2eq:	0.2504 g
	0.0023 km travelled by car
	Time:	0:00:15
	Energy:	0.0005 kWh
	CO2eq:	0.2504 g
	0.0023 km travelled by car
___backprop com 24 Treads_concluida___
___backprop com 26 Treads___
Tempo total: 15755.946 ms
	Time:	0:00:16
	Energy:	0.0005 kWh
	CO2eq:	0.2552 g
	0.0024 km travelled by car
	Time:	0:00:16
	Energy:	0.0005 kWh
	CO2eq:	0.2552 g
	0.0024 km travelled by car
___backprop com 26 Treads_concluida___
___backprop com 28 Treads___
Tempo total: 15439.554 ms
	Time:	0:00:15
	Energy:	0.0005 kWh
	CO2eq:	0.2503 g
	0.0023 km travelled by car
	Time:	0:00:15
	Energy:	0.0005 kWh
	CO2eq:	0.2503 g
	0.0023 km travelled by car
___backprop com 28 Treads_concluida___
___backprop com 30 Treads___
Tempo total: 15476.968 ms
	Time:	0:00:15
	Energy:	0.0005 kWh
	CO2eq:	0.2508 g
	0.0023 km travelled by car
	Time:	0:00:15
	Energy:	0.0005 kWh
	CO2eq:	0.2508 g
	0.0023 km travelled by car
___backprop com 30 Treads_concluida___
___backprop com 32 Treads___
Tempo total: 15869.613 ms
	Time:	0:00:16
	Energy:	0.0005 kWh
	CO2eq:	0.2576 g
	0.0024 km travelled by car
	Time:	0:00:16
	Energy:	0.0005 kWh
	CO2eq:	0.2576 g
	0.0024 km travelled by car
___backprop com 32 Treads_concluida___
___backprop com 34 Treads___
Tempo total: 15427.127 ms
	Time:	0:00:15
	Energy:	0.0005 kWh
	CO2eq:	0.2508 g
	0.0023 km travelled by car
	Time:	0:00:15
	Energy:	0.0005 kWh
	CO2eq:	0.2508 g
	0.0023 km travelled by car
___backprop com 34 Treads_concluida___
___backprop com 36 Treads___
Tempo total: 15408.413 ms
	Time:	0:00:15
	Energy:	0.0005 kWh
	CO2eq:	0.2500 g
	0.0023 km travelled by car
	Time:	0:00:15
	Energy:	0.0005 kWh
	CO2eq:	0.2500 g
	0.0023 km travelled by car
___backprop com 36 Treads_concluida___
___backprop com 38 Treads___
Tempo total: 15903.932 ms
	Time:	0:00:16
	Energy:	0.0005 kWh
	CO2eq:	0.2585 g
	0.0024 km travelled by car
	Time:	0:00:16
	Energy:	0.0005 kWh
	CO2eq:	0.2585 g
	0.0024 km travelled by car
___backprop com 38 Treads_concluida___
___backprop com 40 Treads___
Tempo total: 15467.647 ms
	Time:	0:00:15
	Energy:	0.0005 kWh
	CO2eq:	0.2509 g
	0.0023 km travelled by car
	Time:	0:00:15
	Energy:	0.0005 kWh
	CO2eq:	0.2509 g
	0.0023 km travelled by car
___backprop com 40 Treads_concluida___
___backprop com 42 Treads___
Tempo total: 15500.567 ms
	Time:	0:00:16
	Energy:	0.0005 kWh
	CO2eq:	0.2515 g
	0.0023 km travelled by car
	Time:	0:00:16
	Energy:	0.0005 kWh
	CO2eq:	0.2515 g
	0.0023 km travelled by car
___backprop com 42 Treads_concluida___
___backprop com 44 Treads___
Tempo total: 15448.039 ms
	Time:	0:00:15
	Energy:	0.0005 kWh
	CO2eq:	0.2506 g
	0.0023 km travelled by car
	Time:	0:00:15
	Energy:	0.0005 kWh
	CO2eq:	0.2506 g
	0.0023 km travelled by car
___backprop com 44 Treads_concluida___
___backprop com 46 Treads___
Tempo total: 15455.598 ms
	Time:	0:00:15
	Energy:	0.0005 kWh
	CO2eq:	0.2509 g
	0.0023 km travelled by car
	Time:	0:00:15
	Energy:	0.0005 kWh
	CO2eq:	0.2509 g
	0.0023 km travelled by car
___backprop com 46 Treads_concluida___
___backprop com 48 Treads___
Tempo total: 15409.974 ms
	Time:	0:00:15
	Energy:	0.0005 kWh
	CO2eq:	0.2503 g
	0.0023 km travelled by car
	Time:	0:00:15
	Energy:	0.0005 kWh
	CO2eq:	0.2503 g
	0.0023 km travelled by car
___backprop com 48 Treads_concluida___
___backprop com 50 Treads___
Tempo total: 15440.679 ms
	Time:	0:00:15
	Energy:	0.0005 kWh
	CO2eq:	0.2502 g
	0.0023 km travelled by car
	Time:	0:00:15
	Energy:	0.0005 kWh
	CO2eq:	0.2502 g
	0.0023 km travelled by car
___backprop com 50 Treads_concluida___
___backprop com 52 Treads___
Tempo total: 15513.699 ms
	Time:	0:00:16
	Energy:	0.0005 kWh
	CO2eq:	0.2517 g
	0.0023 km travelled by car
	Time:	0:00:16
	Energy:	0.0005 kWh
	CO2eq:	0.2517 g
	0.0023 km travelled by car
___backprop com 52 Treads_concluida___
___backprop com 54 Treads___
Tempo total: 15546.325 ms
	Time:	0:00:16
	Energy:	0.0005 kWh
	CO2eq:	0.2521 g
	0.0023 km travelled by car
	Time:	0:00:16
	Energy:	0.0005 kWh
	CO2eq:	0.2521 g
	0.0023 km travelled by car
___backprop com 54 Treads_concluida___
___backprop com 56 Treads___
Tempo total: 15419.662 ms
	Time:	0:00:15
	Energy:	0.0005 kWh
	CO2eq:	0.2503 g
	0.0023 km travelled by car
	Time:	0:00:15
	Energy:	0.0005 kWh
	CO2eq:	0.2503 g
	0.0023 km travelled by car
___backprop com 56 Treads_concluida___
___backprop com 58 Treads___
Tempo total: 15487.447 ms
	Time:	0:00:15
	Energy:	0.0005 kWh
	CO2eq:	0.2511 g
	0.0023 km travelled by car
	Time:	0:00:15
	Energy:	0.0005 kWh
	CO2eq:	0.2511 g
	0.0023 km travelled by car
___backprop com 58 Treads_concluida___
___backprop com 60 Treads___
Tempo total: 15448.838 ms
	Time:	0:00:15
	Energy:	0.0005 kWh
	CO2eq:	0.2511 g
	0.0023 km travelled by car
	Time:	0:00:15
	Energy:	0.0005 kWh
	CO2eq:	0.2511 g
	0.0023 km travelled by car
___backprop com 60 Treads_concluida___
___backprop com 62 Treads___
Tempo total: 15490.976 ms
	Time:	0:00:15
	Energy:	0.0005 kWh
	CO2eq:	0.2514 g
	0.0023 km travelled by car
	Time:	0:00:15
	Energy:	0.0005 kWh
	CO2eq:	0.2514 g
	0.0023 km travelled by car
___backprop com 62 Treads_concluida___
___backprop com 64 Treads___
Tempo total: 15591.052 ms
	Time:	0:00:16
	Energy:	0.0005 kWh
	CO2eq:	0.2528 g
	0.0024 km travelled by car
	Time:	0:00:16
	Energy:	0.0005 kWh
	CO2eq:	0.2528 g
	0.0024 km travelled by car
___backprop com 64 Treads_concluida___
___backprop com 66 Treads___
Tempo total: 15578.981 ms
	Time:	0:00:16
	Energy:	0.0005 kWh
	CO2eq:	0.2526 g
	0.0024 km travelled by car
	Time:	0:00:16
	Energy:	0.0005 kWh
	CO2eq:	0.2526 g
	0.0024 km travelled by car
___backprop com 66 Treads_concluida___
___backprop com 68 Treads___
Tempo total: 15331.273 ms
	Time:	0:00:15
	Energy:	0.0005 kWh
	CO2eq:	0.2492 g
	0.0023 km travelled by car
	Time:	0:00:15
	Energy:	0.0005 kWh
	CO2eq:	0.2492 g
	0.0023 km travelled by car
___backprop com 68 Treads_concluida___
___backprop com 70 Treads___
Tempo total: 15447.658 ms
	Time:	0:00:15
	Energy:	0.0005 kWh
	CO2eq:	0.2503 g
	0.0023 km travelled by car
	Time:	0:00:15
	Energy:	0.0005 kWh
	CO2eq:	0.2503 g
	0.0023 km travelled by car
___backprop com 70 Treads_concluida___
___backprop com 72 Treads___
Tempo total: 15754.673 ms
	Time:	0:00:16
	Energy:	0.0005 kWh
	CO2eq:	0.2556 g
	0.0024 km travelled by car
	Time:	0:00:16
	Energy:	0.0005 kWh
	CO2eq:	0.2556 g
	0.0024 km travelled by car
___backprop com 72 Treads_concluida___
___backprop com 74 Treads___
Tempo total: 15477.516 ms
	Time:	0:00:15
	Energy:	0.0005 kWh
	CO2eq:	0.2510 g
	0.0023 km travelled by car
	Time:	0:00:15
	Energy:	0.0005 kWh
	CO2eq:	0.2510 g
	0.0023 km travelled by car
___backprop com 74 Treads_concluida___
___backprop com 76 Treads___
Tempo total: 15462.185 ms
	Time:	0:00:15
	Energy:	0.0005 kWh
	CO2eq:	0.2508 g
	0.0023 km travelled by car
	Time:	0:00:15
	Energy:	0.0005 kWh
	CO2eq:	0.2508 g
	0.0023 km travelled by car
___backprop com 76 Treads_concluida___
___backprop com 78 Treads___
Tempo total: 15491.229 ms
	Time:	0:00:15
	Energy:	0.0005 kWh
	CO2eq:	0.2512 g
	0.0023 km travelled by car
	Time:	0:00:15
	Energy:	0.0005 kWh
	CO2eq:	0.2512 g
	0.0023 km travelled by car
___backprop com 78 Treads_concluida___
___backprop com 80 Treads___
Tempo total: 15502.686 ms
	Time:	0:00:16
	Energy:	0.0005 kWh
	CO2eq:	0.2515 g
	0.0023 km travelled by car
	Time:	0:00:16
	Energy:	0.0005 kWh
	CO2eq:	0.2515 g
	0.0023 km travelled by car
___backprop com 80 Treads_concluida___
___backprop com 82 Treads___
Tempo total: 15336.770 ms
	Time:	0:00:15
	Energy:	0.0005 kWh
	CO2eq:	0.2492 g
	0.0023 km travelled by car
	Time:	0:00:15
	Energy:	0.0005 kWh
	CO2eq:	0.2492 g
	0.0023 km travelled by car
___backprop com 82 Treads_concluida___
___backprop com 84 Treads___
Tempo total: 15479.279 ms
	Time:	0:00:15
	Energy:	0.0005 kWh
	CO2eq:	0.2511 g
	0.0023 km travelled by car
	Time:	0:00:15
	Energy:	0.0005 kWh
	CO2eq:	0.2511 g
	0.0023 km travelled by car
___backprop com 84 Treads_concluida___
___backprop com 86 Treads___
Tempo total: 15453.484 ms
	Time:	0:00:15
	Energy:	0.0005 kWh
	CO2eq:	0.2508 g
	0.0023 km travelled by car
	Time:	0:00:15
	Energy:	0.0005 kWh
	CO2eq:	0.2508 g
	0.0023 km travelled by car
___backprop com 86 Treads_concluida___
___backprop com 88 Treads___
Tempo total: 15448.726 ms
	Time:	0:00:15
	Energy:	0.0005 kWh
	CO2eq:	0.2512 g
	0.0023 km travelled by car
	Time:	0:00:15
	Energy:	0.0005 kWh
	CO2eq:	0.2512 g
	0.0023 km travelled by car
___backprop com 88 Treads_concluida___
___Fim de backprop___:

Start -> cfd
compilando cfd...
rm -f euler3d_cpu
rm -f euler3d_cpu_offload
rm -f euler3d_cpu_double
rm -f pre_euler3d_cpu
rm -f pre_euler3d_cpu_double
g++ -O3 -Dblock_length=8 -fopenmp euler3d_cpu.cpp -o euler3d_cpu
g++ -O3 -Dblock_length=8 -fopenmp euler3d_cpu_double.cpp -o euler3d_cpu_double
g++ -O3 -Dblock_length=8 -fopenmp pre_euler3d_cpu.cpp -o pre_euler3d_cpu
g++ -O3 -Dblock_length=8 -fopenmp pre_euler3d_cpu_double.cpp -o pre_euler3d_cpu_double
icc -g -O3 -DOMP_OFFLOAD -Dblock_length=216 -fopenmp -offload-option,mic,compiler,"-no-opt-prefetch" euler3d_cpu.cpp -o euler3d_cpu_offload
___Executando cfd___:
___cfd com 2 Treads___
Compute time: 114.788
Tempo total: 116698.868 ms
	Time:	0:01:57
	Energy:	0.0038 kWh
	CO2eq:	1.8473 g
	0.0172 km travelled by car
	Time:	0:01:57
	Energy:	0.0038 kWh
	CO2eq:	1.8473 g
	0.0172 km travelled by car
___cfd com 2 Treads_concluida___
___cfd com 4 Treads___
Compute time: 58.9161
Tempo total: 60837.372 ms
	Time:	0:01:01
	Energy:	0.0021 kWh
	CO2eq:	1.0106 g
	0.0094 km travelled by car
	Time:	0:01:01
	Energy:	0.0021 kWh
	CO2eq:	1.0106 g
	0.0094 km travelled by car
___cfd com 4 Treads_concluida___
___cfd com 6 Treads___
Compute time: 41.4604
Tempo total: 43434.918 ms
	Time:	0:00:43
	Energy:	0.0015 kWh
	CO2eq:	0.7386 g
	0.0069 km travelled by car
	Time:	0:00:43
	Energy:	0.0015 kWh
	CO2eq:	0.7386 g
	0.0069 km travelled by car
___cfd com 6 Treads_concluida___
___cfd com 8 Treads___
Compute time: 32.1121
Tempo total: 33986.707 ms
	Time:	0:00:34
	Energy:	0.0012 kWh
	CO2eq:	0.5949 g
	0.0055 km travelled by car
	Time:	0:00:34
	Energy:	0.0012 kWh
	CO2eq:	0.5949 g
	0.0055 km travelled by car
___cfd com 8 Treads_concluida___
___cfd com 10 Treads___
Compute time: 26.7499
Tempo total: 28644.084 ms
	Time:	0:00:29
	Energy:	0.0011 kWh
	CO2eq:	0.5129 g
	0.0048 km travelled by car
	Time:	0:00:29
	Energy:	0.0011 kWh
	CO2eq:	0.5129 g
	0.0048 km travelled by car
___cfd com 10 Treads_concluida___
___cfd com 12 Treads___
Compute time: 22.958
Tempo total: 24871.267 ms
	Time:	0:00:25
	Energy:	0.0009 kWh
	CO2eq:	0.4535 g
	0.0042 km travelled by car
	Time:	0:00:25
	Energy:	0.0009 kWh
	CO2eq:	0.4535 g
	0.0042 km travelled by car
___cfd com 12 Treads_concluida___
___cfd com 14 Treads___
Compute time: 20.4466
Tempo total: 22375.284 ms
	Time:	0:00:22
	Energy:	0.0009 kWh
	CO2eq:	0.4137 g
	0.0038 km travelled by car
	Time:	0:00:22
	Energy:	0.0009 kWh
	CO2eq:	0.4137 g
	0.0038 km travelled by car
___cfd com 14 Treads_concluida___
___cfd com 16 Treads___
Compute time: 18.4749
Tempo total: 20352.720 ms
	Time:	0:00:20
	Energy:	0.0008 kWh
	CO2eq:	0.3791 g
	0.0035 km travelled by car
	Time:	0:00:20
	Energy:	0.0008 kWh
	CO2eq:	0.3791 g
	0.0035 km travelled by car
___cfd com 16 Treads_concluida___
___cfd com 18 Treads___
Compute time: 17.0412
Tempo total: 18906.900 ms
	Time:	0:00:19
	Energy:	0.0007 kWh
	CO2eq:	0.3550 g
	0.0033 km travelled by car
	Time:	0:00:19
	Energy:	0.0007 kWh
	CO2eq:	0.3550 g
	0.0033 km travelled by car
___cfd com 18 Treads_concluida___
___cfd com 20 Treads___
Compute time: 15.1842
Tempo total: 17079.167 ms
	Time:	0:00:17
	Energy:	0.0007 kWh
	CO2eq:	0.3277 g
	0.0030 km travelled by car
	Time:	0:00:17
	Energy:	0.0007 kWh
	CO2eq:	0.3215 g
	0.0030 km travelled by car
___cfd com 20 Treads_concluida___
___cfd com 22 Treads___
Compute time: 13.7186
Tempo total: 15646.581 ms
	Time:	0:00:16
	Energy:	0.0006 kWh
	CO2eq:	0.3028 g
	0.0028 km travelled by car
	Time:	0:00:16
	Energy:	0.0006 kWh
	CO2eq:	0.3028 g
	0.0028 km travelled by car
___cfd com 22 Treads_concluida___
___cfd com 24 Treads___
Compute time: 12.6976
Tempo total: 14621.345 ms
	Time:	0:00:15
	Energy:	0.0006 kWh
	CO2eq:	0.2910 g
	0.0027 km travelled by car
	Time:	0:00:15
	Energy:	0.0006 kWh
	CO2eq:	0.2910 g
	0.0027 km travelled by car
___cfd com 24 Treads_concluida___
___cfd com 26 Treads___
Compute time: 11.5794
Tempo total: 13456.582 ms
	Time:	0:00:13
	Energy:	0.0006 kWh
	CO2eq:	0.2674 g
	0.0025 km travelled by car
	Time:	0:00:13
	Energy:	0.0006 kWh
	CO2eq:	0.2674 g
	0.0025 km travelled by car
___cfd com 26 Treads_concluida___
___cfd com 28 Treads___
Compute time: 10.849
Tempo total: 12773.670 ms
	Time:	0:00:13
	Energy:	0.0005 kWh
	CO2eq:	0.2616 g
	0.0024 km travelled by car
	Time:	0:00:13
	Energy:	0.0005 kWh
	CO2eq:	0.2616 g
	0.0024 km travelled by car
___cfd com 28 Treads_concluida___
___cfd com 30 Treads___
Compute time: 10.192
Tempo total: 12070.190 ms
	Time:	0:00:12
	Energy:	0.0005 kWh
	CO2eq:	0.2522 g
	0.0023 km travelled by car
	Time:	0:00:12
	Energy:	0.0005 kWh
	CO2eq:	0.2522 g
	0.0023 km travelled by car
___cfd com 30 Treads_concluida___
___cfd com 32 Treads___
Compute time: 9.67309
Tempo total: 11566.414 ms
	Time:	0:00:12
	Energy:	0.0005 kWh
	CO2eq:	0.2406 g
	0.0022 km travelled by car
	Time:	0:00:12
	Energy:	0.0005 kWh
	CO2eq:	0.2406 g
	0.0022 km travelled by car
___cfd com 32 Treads_concluida___
___cfd com 34 Treads___
Compute time: 8.93979
Tempo total: 10881.394 ms
	Time:	0:00:11
	Energy:	0.0005 kWh
	CO2eq:	0.2326 g
	0.0022 km travelled by car
	Time:	0:00:11
	Energy:	0.0005 kWh
	CO2eq:	0.2326 g
	0.0022 km travelled by car
___cfd com 34 Treads_concluida___
___cfd com 36 Treads___
Compute time: 8.4539
Tempo total: 10404.513 ms
	Time:	0:00:10
	Energy:	0.0005 kWh
	CO2eq:	0.2258 g
	0.0021 km travelled by car
	Time:	0:00:10
	Energy:	0.0005 kWh
	CO2eq:	0.2258 g
	0.0021 km travelled by car
___cfd com 36 Treads_concluida___
___cfd com 38 Treads___
Compute time: 8.11022
Tempo total: 10110.901 ms
	Time:	0:00:10
	Energy:	0.0005 kWh
	CO2eq:	0.2232 g
	0.0021 km travelled by car
	Time:	0:00:10
	Energy:	0.0005 kWh
	CO2eq:	0.2232 g
	0.0021 km travelled by car
___cfd com 38 Treads_concluida___
___cfd com 40 Treads___
Compute time: 7.62756
Tempo total: 9649.452 ms
	Time:	0:00:10
	Energy:	0.0004 kWh
	CO2eq:	0.2096 g
	0.0019 km travelled by car
	Time:	0:00:10
	Energy:	0.0004 kWh
	CO2eq:	0.2096 g
	0.0019 km travelled by car
___cfd com 40 Treads_concluida___
___cfd com 42 Treads___
Compute time: 7.38108
Tempo total: 9290.491 ms
	Time:	0:00:09
	Energy:	0.0004 kWh
	CO2eq:	0.2009 g
	0.0019 km travelled by car
	Time:	0:00:09
	Energy:	0.0004 kWh
	CO2eq:	0.2009 g
	0.0019 km travelled by car
___cfd com 42 Treads_concluida___
___cfd com 44 Treads___
Compute time: 7.06796
Tempo total: 8990.933 ms
	Time:	0:00:09
	Energy:	0.0004 kWh
	CO2eq:	0.2055 g
	0.0019 km travelled by car
	Time:	0:00:09
	Energy:	0.0004 kWh
	CO2eq:	0.1924 g
	0.0018 km travelled by car
___cfd com 44 Treads_concluida___
___cfd com 46 Treads___
Compute time: 7.177
Tempo total: 9069.818 ms
	Time:	0:00:09
	Energy:	0.0004 kWh
	CO2eq:	0.2008 g
	0.0019 km travelled by car
	Time:	0:00:09
	Energy:	0.0004 kWh
	CO2eq:	0.2008 g
	0.0019 km travelled by car
___cfd com 46 Treads_concluida___
___cfd com 48 Treads___
Compute time: 6.96018
Tempo total: 8863.887 ms
	Time:	0:00:09
	Energy:	0.0004 kWh
	CO2eq:	0.2130 g
	0.0020 km travelled by car
	Time:	0:00:09
	Energy:	0.0004 kWh
	CO2eq:	0.2130 g
	0.0020 km travelled by car
___cfd com 48 Treads_concluida___
___cfd com 50 Treads___
Compute time: 6.89375
Tempo total: 8757.623 ms
	Time:	0:00:09
	Energy:	0.0004 kWh
	CO2eq:	0.2127 g
	0.0020 km travelled by car
	Time:	0:00:09
	Energy:	0.0004 kWh
	CO2eq:	0.2127 g
	0.0020 km travelled by car
___cfd com 50 Treads_concluida___
___cfd com 52 Treads___
Compute time: 6.66106
Tempo total: 8667.060 ms
	Time:	0:00:09
	Energy:	0.0004 kWh
	CO2eq:	0.2116 g
	0.0020 km travelled by car
	Time:	0:00:09
	Energy:	0.0004 kWh
	CO2eq:	0.2116 g
	0.0020 km travelled by car
___cfd com 52 Treads_concluida___
___cfd com 54 Treads___
Compute time: 6.35218
Tempo total: 8343.294 ms
	Time:	0:00:08
	Energy:	0.0004 kWh
	CO2eq:	0.2056 g
	0.0019 km travelled by car
	Time:	0:00:08
	Energy:	0.0004 kWh
	CO2eq:	0.2056 g
	0.0019 km travelled by car
___cfd com 54 Treads_concluida___
___cfd com 56 Treads___
Compute time: 6.20888
Tempo total: 8104.272 ms
	Time:	0:00:08
	Energy:	0.0004 kWh
	CO2eq:	0.2040 g
	0.0019 km travelled by car
	Time:	0:00:08
	Energy:	0.0004 kWh
	CO2eq:	0.2040 g
	0.0019 km travelled by car
___cfd com 56 Treads_concluida___
___cfd com 58 Treads___
Compute time: 5.86415
Tempo total: 7781.426 ms
	Time:	0:00:08
	Energy:	0.0004 kWh
	CO2eq:	0.1920 g
	0.0018 km travelled by car
	Time:	0:00:08
	Energy:	0.0004 kWh
	CO2eq:	0.1920 g
	0.0018 km travelled by car
___cfd com 58 Treads_concluida___
___cfd com 60 Treads___
Compute time: 5.85554
Tempo total: 7778.177 ms
	Time:	0:00:08
	Energy:	0.0004 kWh
	CO2eq:	0.1928 g
	0.0018 km travelled by car
	Time:	0:00:08
	Energy:	0.0004 kWh
	CO2eq:	0.1928 g
	0.0018 km travelled by car
___cfd com 60 Treads_concluida___
___cfd com 62 Treads___
Compute time: 5.61291
Tempo total: 7542.510 ms
	Time:	0:00:08
	Energy:	0.0004 kWh
	CO2eq:	0.1823 g
	0.0017 km travelled by car
	Time:	0:00:08
	Energy:	0.0004 kWh
	CO2eq:	0.1823 g
	0.0017 km travelled by car
___cfd com 62 Treads_concluida___
___cfd com 64 Treads___
Compute time: 5.44284
Tempo total: 7401.764 ms
	Time:	0:00:07
	Energy:	0.0004 kWh
	CO2eq:	0.1766 g
	0.0016 km travelled by car
	Time:	0:00:07
	Energy:	0.0004 kWh
	CO2eq:	0.1766 g
	0.0016 km travelled by car
___cfd com 64 Treads_concluida___
___cfd com 66 Treads___
Compute time: 5.38289
Tempo total: 7287.951 ms
	Time:	0:00:07
	Energy:	0.0004 kWh
	CO2eq:	0.1739 g
	0.0016 km travelled by car
	Time:	0:00:07
	Energy:	0.0004 kWh
	CO2eq:	0.1739 g
	0.0016 km travelled by car
___cfd com 66 Treads_concluida___
___cfd com 68 Treads___
Compute time: 5.35366
Tempo total: 7249.536 ms
	Time:	0:00:07
	Energy:	0.0004 kWh
	CO2eq:	0.1735 g
	0.0016 km travelled by car
	Time:	0:00:07
	Energy:	0.0004 kWh
	CO2eq:	0.1735 g
	0.0016 km travelled by car
___cfd com 68 Treads_concluida___
___cfd com 70 Treads___
Compute time: 5.37423
Tempo total: 7274.980 ms
	Time:	0:00:07
	Energy:	0.0004 kWh
	CO2eq:	0.1756 g
	0.0016 km travelled by car
	Time:	0:00:07
	Energy:	0.0004 kWh
	CO2eq:	0.1756 g
	0.0016 km travelled by car
___cfd com 70 Treads_concluida___
___cfd com 72 Treads___
Compute time: 5.11371
Tempo total: 7058.922 ms
	Time:	0:00:07
	Energy:	0.0003 kWh
	CO2eq:	0.1659 g
	0.0015 km travelled by car
	Time:	0:00:07
	Energy:	0.0003 kWh
	CO2eq:	0.1659 g
	0.0015 km travelled by car
___cfd com 72 Treads_concluida___
___cfd com 74 Treads___
Compute time: 4.99944
Tempo total: 6924.570 ms
	Time:	0:00:07
	Energy:	0.0004 kWh
	CO2eq:	0.1795 g
	0.0017 km travelled by car
	Time:	0:00:07
	Energy:	0.0003 kWh
	CO2eq:	0.1611 g
	0.0015 km travelled by car
___cfd com 74 Treads_concluida___
___cfd com 76 Treads___
Compute time: 4.84479
Tempo total: 6721.108 ms
	Time:	0:00:07
	Energy:	0.0004 kWh
	CO2eq:	0.1782 g
	0.0017 km travelled by car
	Time:	0:00:07
	Energy:	0.0004 kWh
	CO2eq:	0.1782 g
	0.0017 km travelled by car
___cfd com 76 Treads_concluida___
___cfd com 78 Treads___
Compute time: 4.96778
Tempo total: 6899.463 ms
	Time:	0:00:07
	Energy:	0.0004 kWh
	CO2eq:	0.1816 g
	0.0017 km travelled by car
	Time:	0:00:07
	Energy:	0.0003 kWh
	CO2eq:	0.1624 g
	0.0015 km travelled by car
___cfd com 78 Treads_concluida___
___cfd com 80 Treads___
Compute time: 4.67124
Tempo total: 6606.182 ms
	Time:	0:00:07
	Energy:	0.0004 kWh
	CO2eq:	0.1761 g
	0.0016 km travelled by car
	Time:	0:00:07
	Energy:	0.0004 kWh
	CO2eq:	0.1761 g
	0.0016 km travelled by car
___cfd com 80 Treads_concluida___
___cfd com 82 Treads___
Compute time: 4.62423
Tempo total: 6592.542 ms
	Time:	0:00:07
	Energy:	0.0004 kWh
	CO2eq:	0.1773 g
	0.0016 km travelled by car
	Time:	0:00:07
	Energy:	0.0004 kWh
	CO2eq:	0.1773 g
	0.0016 km travelled by car
___cfd com 82 Treads_concluida___
___cfd com 84 Treads___
Compute time: 4.48082
Tempo total: 6521.750 ms
	Time:	0:00:07
	Energy:	0.0004 kWh
	CO2eq:	0.1796 g
	0.0017 km travelled by car
	Time:	0:00:07
	Energy:	0.0004 kWh
	CO2eq:	0.1796 g
	0.0017 km travelled by car
___cfd com 84 Treads_concluida___
___cfd com 86 Treads___
Compute time: 4.43342
Tempo total: 6325.637 ms
	Time:	0:00:06
	Energy:	0.0004 kWh
	CO2eq:	0.1759 g
	0.0016 km travelled by car
	Time:	0:00:06
	Energy:	0.0004 kWh
	CO2eq:	0.1759 g
	0.0016 km travelled by car
___cfd com 86 Treads_concluida___
___cfd com 88 Treads___
Compute time: 4.3508
Tempo total: 6291.021 ms
	Time:	0:00:06
	Energy:	0.0004 kWh
	CO2eq:	0.1738 g
	0.0016 km travelled by car
	Time:	0:00:06
	Energy:	0.0004 kWh
	CO2eq:	0.1738 g
	0.0016 km travelled by car
___cfd com 88 Treads_concluida___
___Fim de cfd___:

Start -> srad
compilando srad...
cd srad_v1; 	make clean
make[1]: Entering directory '/scratch/acsilveira/rodinia_novos/openmp/srad/srad_v1'
rm *.o srad
make[1]: Leaving directory '/scratch/acsilveira/rodinia_novos/openmp/srad/srad_v1'
cd srad_v2; 	make clean
make[1]: Entering directory '/scratch/acsilveira/rodinia_novos/openmp/srad/srad_v2'
rm -f srad
make[1]: Leaving directory '/scratch/acsilveira/rodinia_novos/openmp/srad/srad_v2'
cd srad_v1; 	make
make[1]: Entering directory '/scratch/acsilveira/rodinia_novos/openmp/srad/srad_v1'
gcc	main.c \
		-c -O3 -fopenmp
gcc	main.o \
		-lm -fopenmp -o srad
make[1]: Leaving directory '/scratch/acsilveira/rodinia_novos/openmp/srad/srad_v1'
cd srad_v2; 	make
make[1]: Entering directory '/scratch/acsilveira/rodinia_novos/openmp/srad/srad_v2'
g++ -g -fopenmp -O2 -lm srad.cpp -o srad 
make[1]: Leaving directory '/scratch/acsilveira/rodinia_novos/openmp/srad/srad_v2'
___Executando srad___:
___srad com 2 Treads___
Tempo total: 148509.847 ms
	Time:	0:02:29
	Energy:	0.0049 kWh
	CO2eq:	2.3332 g
	0.0217 km travelled by car
	Time:	0:02:29
	Energy:	0.0049 kWh
	CO2eq:	2.3332 g
	0.0217 km travelled by car
___srad com 2 Treads_concluida___
___srad com 4 Treads___
Tempo total: 74456.200 ms
	Time:	0:01:14
	Energy:	0.0026 kWh
	CO2eq:	1.2290 g
	0.0114 km travelled by car
	Time:	0:01:14
	Energy:	0.0026 kWh
	CO2eq:	1.2290 g
	0.0114 km travelled by car
___srad com 4 Treads_concluida___
___srad com 6 Treads___
Tempo total: 52481.928 ms
	Time:	0:00:52
	Energy:	0.0019 kWh
	CO2eq:	0.8928 g
	0.0083 km travelled by car
	Time:	0:00:52
	Energy:	0.0019 kWh
	CO2eq:	0.8928 g
	0.0083 km travelled by car
___srad com 6 Treads_concluida___
___srad com 8 Treads___
Tempo total: 42739.426 ms
	Time:	0:00:43
	Energy:	0.0016 kWh
	CO2eq:	0.7472 g
	0.0070 km travelled by car
	Time:	0:00:43
	Energy:	0.0016 kWh
	CO2eq:	0.7472 g
	0.0070 km travelled by car
___srad com 8 Treads_concluida___
___srad com 10 Treads___
Tempo total: 34173.826 ms
	Time:	0:00:34
	Energy:	0.0013 kWh
	CO2eq:	0.6130 g
	0.0057 km travelled by car
	Time:	0:00:34
	Energy:	0.0013 kWh
	CO2eq:	0.6130 g
	0.0057 km travelled by car
___srad com 10 Treads_concluida___
___srad com 12 Treads___
Tempo total: 29186.772 ms
	Time:	0:00:29
	Energy:	0.0011 kWh
	CO2eq:	0.5343 g
	0.0050 km travelled by car
	Time:	0:00:29
	Energy:	0.0011 kWh
	CO2eq:	0.5343 g
	0.0050 km travelled by car
___srad com 12 Treads_concluida___
___srad com 14 Treads___
Tempo total: 26607.023 ms
	Time:	0:00:27
	Energy:	0.0010 kWh
	CO2eq:	0.4956 g
	0.0046 km travelled by car
	Time:	0:00:27
	Energy:	0.0010 kWh
	CO2eq:	0.4956 g
	0.0046 km travelled by car
___srad com 14 Treads_concluida___
___srad com 16 Treads___
Tempo total: 24964.106 ms
	Time:	0:00:25
	Energy:	0.0010 kWh
	CO2eq:	0.4701 g
	0.0044 km travelled by car
	Time:	0:00:25
	Energy:	0.0010 kWh
	CO2eq:	0.4672 g
	0.0043 km travelled by car
___srad com 16 Treads_concluida___
___srad com 18 Treads___
Tempo total: 22831.519 ms
	Time:	0:00:23
	Energy:	0.0009 kWh
	CO2eq:	0.4341 g
	0.0040 km travelled by car
	Time:	0:00:23
	Energy:	0.0009 kWh
	CO2eq:	0.4341 g
	0.0040 km travelled by car
___srad com 18 Treads_concluida___
___srad com 20 Treads___
Tempo total: 21135.898 ms
	Time:	0:00:21
	Energy:	0.0009 kWh
	CO2eq:	0.4101 g
	0.0038 km travelled by car
	Time:	0:00:21
	Energy:	0.0009 kWh
	CO2eq:	0.4101 g
	0.0038 km travelled by car
___srad com 20 Treads_concluida___
___srad com 22 Treads___
Tempo total: 19170.798 ms
	Time:	0:00:19
	Energy:	0.0008 kWh
	CO2eq:	0.3797 g
	0.0035 km travelled by car
	Time:	0:00:19
	Energy:	0.0008 kWh
	CO2eq:	0.3797 g
	0.0035 km travelled by car
___srad com 22 Treads_concluida___
___srad com 24 Treads___
Tempo total: 18044.070 ms
	Time:	0:00:18
	Energy:	0.0008 kWh
	CO2eq:	0.3643 g
	0.0034 km travelled by car
	Time:	0:00:18
	Energy:	0.0008 kWh
	CO2eq:	0.3643 g
	0.0034 km travelled by car
___srad com 24 Treads_concluida___
___srad com 26 Treads___
Tempo total: 16889.050 ms
	Time:	0:00:17
	Energy:	0.0007 kWh
	CO2eq:	0.3484 g
	0.0032 km travelled by car
	Time:	0:00:17
	Energy:	0.0007 kWh
	CO2eq:	0.3484 g
	0.0032 km travelled by car
___srad com 26 Treads_concluida___
___srad com 28 Treads___
Tempo total: 16039.734 ms
	Time:	0:00:16
	Energy:	0.0007 kWh
	CO2eq:	0.3373 g
	0.0031 km travelled by car
	Time:	0:00:16
	Energy:	0.0007 kWh
	CO2eq:	0.3373 g
	0.0031 km travelled by car
___srad com 28 Treads_concluida___
___srad com 30 Treads___
Tempo total: 15488.397 ms
	Time:	0:00:15
	Energy:	0.0007 kWh
	CO2eq:	0.3309 g
	0.0031 km travelled by car
	Time:	0:00:15
	Energy:	0.0007 kWh
	CO2eq:	0.3309 g
	0.0031 km travelled by car
___srad com 30 Treads_concluida___
___srad com 32 Treads___
Tempo total: 14409.325 ms
	Time:	0:00:14
	Energy:	0.0007 kWh
	CO2eq:	0.3141 g
	0.0029 km travelled by car
	Time:	0:00:14
	Energy:	0.0007 kWh
	CO2eq:	0.3141 g
	0.0029 km travelled by car
___srad com 32 Treads_concluida___
___srad com 34 Treads___
Tempo total: 14495.841 ms
	Time:	0:00:14
	Energy:	0.0007 kWh
	CO2eq:	0.3194 g
	0.0030 km travelled by car
	Time:	0:00:14
	Energy:	0.0007 kWh
	CO2eq:	0.3194 g
	0.0030 km travelled by car
___srad com 34 Treads_concluida___
___srad com 36 Treads___
Tempo total: 14044.768 ms
	Time:	0:00:14
	Energy:	0.0007 kWh
	CO2eq:	0.3128 g
	0.0029 km travelled by car
	Time:	0:00:14
	Energy:	0.0007 kWh
	CO2eq:	0.3128 g
	0.0029 km travelled by car
___srad com 36 Treads_concluida___
___srad com 38 Treads___
Tempo total: 13622.504 ms
	Time:	0:00:14
	Energy:	0.0006 kWh
	CO2eq:	0.3080 g
	0.0029 km travelled by car
	Time:	0:00:14
	Energy:	0.0006 kWh
	CO2eq:	0.3080 g
	0.0029 km travelled by car
___srad com 38 Treads_concluida___
___srad com 40 Treads___
Tempo total: 13170.696 ms
	Time:	0:00:13
	Energy:	0.0006 kWh
	CO2eq:	0.3028 g
	0.0028 km travelled by car
	Time:	0:00:13
	Energy:	0.0006 kWh
	CO2eq:	0.3028 g
	0.0028 km travelled by car
___srad com 40 Treads_concluida___
___srad com 42 Treads___
Tempo total: 12782.709 ms
	Time:	0:00:13
	Energy:	0.0006 kWh
	CO2eq:	0.2977 g
	0.0028 km travelled by car
	Time:	0:00:13
	Energy:	0.0006 kWh
	CO2eq:	0.2977 g
	0.0028 km travelled by car
___srad com 42 Treads_concluida___
___srad com 44 Treads___
Tempo total: 12372.600 ms
	Time:	0:00:12
	Energy:	0.0006 kWh
	CO2eq:	0.2935 g
	0.0027 km travelled by car
	Time:	0:00:12
	Energy:	0.0006 kWh
	CO2eq:	0.2935 g
	0.0027 km travelled by car
___srad com 44 Treads_concluida___
___srad com 46 Treads___
Tempo total: 11830.679 ms
	Time:	0:00:12
	Energy:	0.0006 kWh
	CO2eq:	0.2890 g
	0.0027 km travelled by car
	Time:	0:00:12
	Energy:	0.0006 kWh
	CO2eq:	0.2890 g
	0.0027 km travelled by car
___srad com 46 Treads_concluida___
___srad com 48 Treads___
Tempo total: 11352.776 ms
	Time:	0:00:11
	Energy:	0.0006 kWh
	CO2eq:	0.2793 g
	0.0026 km travelled by car
	Time:	0:00:11
	Energy:	0.0006 kWh
	CO2eq:	0.2793 g
	0.0026 km travelled by car
___srad com 48 Treads_concluida___
___srad com 50 Treads___
Tempo total: 10920.467 ms
	Time:	0:00:11
	Energy:	0.0006 kWh
	CO2eq:	0.2741 g
	0.0025 km travelled by car
	Time:	0:00:11
	Energy:	0.0006 kWh
	CO2eq:	0.2705 g
	0.0025 km travelled by car
___srad com 50 Treads_concluida___
___srad com 52 Treads___
Tempo total: 10580.781 ms
	Time:	0:00:11
	Energy:	0.0006 kWh
	CO2eq:	0.2695 g
	0.0025 km travelled by car
	Time:	0:00:11
	Energy:	0.0006 kWh
	CO2eq:	0.2695 g
	0.0025 km travelled by car
___srad com 52 Treads_concluida___
___srad com 54 Treads___
Tempo total: 10235.838 ms
	Time:	0:00:10
	Energy:	0.0006 kWh
	CO2eq:	0.2646 g
	0.0025 km travelled by car
	Time:	0:00:10
	Energy:	0.0006 kWh
	CO2eq:	0.2646 g
	0.0025 km travelled by car
___srad com 54 Treads_concluida___
___srad com 56 Treads___
Tempo total: 9944.429 ms
	Time:	0:00:10
	Energy:	0.0005 kWh
	CO2eq:	0.2607 g
	0.0024 km travelled by car
	Time:	0:00:10
	Energy:	0.0005 kWh
	CO2eq:	0.2607 g
	0.0024 km travelled by car
___srad com 56 Treads_concluida___
___srad com 58 Treads___
Tempo total: 9664.253 ms
	Time:	0:00:10
	Energy:	0.0005 kWh
	CO2eq:	0.2566 g
	0.0024 km travelled by car
	Time:	0:00:10
	Energy:	0.0005 kWh
	CO2eq:	0.2566 g
	0.0024 km travelled by car
___srad com 58 Treads_concluida___
___srad com 60 Treads___
Tempo total: 9355.181 ms
	Time:	0:00:09
	Energy:	0.0005 kWh
	CO2eq:	0.2514 g
	0.0023 km travelled by car
	Time:	0:00:09
	Energy:	0.0005 kWh
	CO2eq:	0.2514 g
	0.0023 km travelled by car
___srad com 60 Treads_concluida___
___srad com 62 Treads___
Tempo total: 9079.500 ms
	Time:	0:00:09
	Energy:	0.0005 kWh
	CO2eq:	0.2470 g
	0.0023 km travelled by car
	Time:	0:00:09
	Energy:	0.0005 kWh
	CO2eq:	0.2470 g
	0.0023 km travelled by car
___srad com 62 Treads_concluida___
___srad com 64 Treads___
Tempo total: 8581.255 ms
	Time:	0:00:09
	Energy:	0.0005 kWh
	CO2eq:	0.2367 g
	0.0022 km travelled by car
	Time:	0:00:09
	Energy:	0.0005 kWh
	CO2eq:	0.2367 g
	0.0022 km travelled by car
___srad com 64 Treads_concluida___
___srad com 66 Treads___
Tempo total: 8587.792 ms
	Time:	0:00:09
	Energy:	0.0005 kWh
	CO2eq:	0.2389 g
	0.0022 km travelled by car
	Time:	0:00:09
	Energy:	0.0005 kWh
	CO2eq:	0.2389 g
	0.0022 km travelled by car
___srad com 66 Treads_concluida___
___srad com 68 Treads___
Tempo total: 8419.471 ms
	Time:	0:00:08
	Energy:	0.0005 kWh
	CO2eq:	0.2371 g
	0.0022 km travelled by car
	Time:	0:00:08
	Energy:	0.0005 kWh
	CO2eq:	0.2371 g
	0.0022 km travelled by car
___srad com 68 Treads_concluida___
___srad com 70 Treads___
Tempo total: 8231.898 ms
	Time:	0:00:08
	Energy:	0.0005 kWh
	CO2eq:	0.2347 g
	0.0022 km travelled by car
	Time:	0:00:08
	Energy:	0.0005 kWh
	CO2eq:	0.2347 g
	0.0022 km travelled by car
___srad com 70 Treads_concluida___
___srad com 72 Treads___
Tempo total: 7987.889 ms
	Time:	0:00:08
	Energy:	0.0005 kWh
	CO2eq:	0.2311 g
	0.0021 km travelled by car
	Time:	0:00:08
	Energy:	0.0005 kWh
	CO2eq:	0.2311 g
	0.0021 km travelled by car
___srad com 72 Treads_concluida___
___srad com 74 Treads___
Tempo total: 7852.566 ms
	Time:	0:00:08
	Energy:	0.0005 kWh
	CO2eq:	0.2299 g
	0.0021 km travelled by car
	Time:	0:00:08
	Energy:	0.0005 kWh
	CO2eq:	0.2299 g
	0.0021 km travelled by car
___srad com 74 Treads_concluida___
___srad com 76 Treads___
Tempo total: 7640.027 ms
	Time:	0:00:08
	Energy:	0.0005 kWh
	CO2eq:	0.2272 g
	0.0021 km travelled by car
	Time:	0:00:08
	Energy:	0.0005 kWh
	CO2eq:	0.2272 g
	0.0021 km travelled by car
___srad com 76 Treads_concluida___
___srad com 78 Treads___
Tempo total: 7531.013 ms
	Time:	0:00:08
	Energy:	0.0005 kWh
	CO2eq:	0.2264 g
	0.0021 km travelled by car
	Time:	0:00:08
	Energy:	0.0005 kWh
	CO2eq:	0.2264 g
	0.0021 km travelled by car
___srad com 78 Treads_concluida___
___srad com 80 Treads___
Tempo total: 7380.762 ms
	Time:	0:00:07
	Energy:	0.0005 kWh
	CO2eq:	0.2242 g
	0.0021 km travelled by car
	Time:	0:00:07
	Energy:	0.0005 kWh
	CO2eq:	0.2242 g
	0.0021 km travelled by car
___srad com 80 Treads_concluida___
___srad com 82 Treads___
Tempo total: 7184.020 ms
	Time:	0:00:07
	Energy:	0.0005 kWh
	CO2eq:	0.2213 g
	0.0021 km travelled by car
	Time:	0:00:07
	Energy:	0.0005 kWh
	CO2eq:	0.2213 g
	0.0021 km travelled by car
___srad com 82 Treads_concluida___
___srad com 84 Treads___
Tempo total: 7056.974 ms
	Time:	0:00:07
	Energy:	0.0005 kWh
	CO2eq:	0.2182 g
	0.0020 km travelled by car
	Time:	0:00:07
	Energy:	0.0005 kWh
	CO2eq:	0.2197 g
	0.0020 km travelled by car
___srad com 84 Treads_concluida___
___srad com 86 Treads___
Tempo total: 6947.507 ms
	Time:	0:00:07
	Energy:	0.0005 kWh
	CO2eq:	0.2168 g
	0.0020 km travelled by car
	Time:	0:00:07
	Energy:	0.0004 kWh
	CO2eq:	0.2142 g
	0.0020 km travelled by car
___srad com 86 Treads_concluida___
___srad com 88 Treads___
Tempo total: 6900.111 ms
	Time:	0:00:07
	Energy:	0.0005 kWh
	CO2eq:	0.2173 g
	0.0020 km travelled by car
	Time:	0:00:07
	Energy:	0.0004 kWh
	CO2eq:	0.2129 g
	0.0020 km travelled by car
___srad com 88 Treads_concluida___
___Fim de srad___:

