Numero de CPUs logicos (threads): 88
Numero de núcleos fisicos: 22
Start -> kmeans
compilando kmeans...
cd kmeans_serial; make clean
make[1]: Entering directory '/scratch/acsilveira/rodinia_novos/openmp/kmeans/kmeans_serial'
rm -f *.o *~ kmeans 
make[1]: Leaving directory '/scratch/acsilveira/rodinia_novos/openmp/kmeans/kmeans_serial'
cd kmeans_openmp; make clean
make[1]: Entering directory '/scratch/acsilveira/rodinia_novos/openmp/kmeans/kmeans_openmp'
rm -f *.o *~ kmeans 
make[1]: Leaving directory '/scratch/acsilveira/rodinia_novos/openmp/kmeans/kmeans_openmp'
cd kmeans_openmp; make
make[1]: Entering directory '/scratch/acsilveira/rodinia_novos/openmp/kmeans/kmeans_openmp'
gcc -g -fopenmp -O2  cluster.c -c
gcc -g -fopenmp -O2  getopt.c -c
gcc -g -fopenmp -O2  kmeans.c -c
gcc -g -fopenmp -O2  kmeans_clustering.c -c
gcc -g -fopenmp -O2  cluster.o getopt.o kmeans.o kmeans_clustering.o  -o kmeans
make[1]: Leaving directory '/scratch/acsilveira/rodinia_novos/openmp/kmeans/kmeans_openmp'
cd kmeans_serial; make
make[1]: Entering directory '/scratch/acsilveira/rodinia_novos/openmp/kmeans/kmeans_serial'
gcc -g -fopenmp -O2  cluster.c -c
gcc -g -fopenmp -O2  getopt.c -c
gcc -g -fopenmp -O2  kmeans.c -c
gcc -g -fopenmp -O2  kmeans_clustering.c -c
gcc -g -fopenmp -O2  cluster.o getopt.o kmeans.o kmeans_clustering.o  -o kmeans
make[1]: Leaving directory '/scratch/acsilveira/rodinia_novos/openmp/kmeans/kmeans_serial'
___Executando kmeans___:
___kmeans com 2 Treads___
Time for process: 274.368565
Tempo total: 275140.655 ms
	Time:	0:04:35
	Energy:	0.0090 kWh
	CO2eq:	4.3365 g
	0.0403 km travelled by car
	Time:	0:04:35
	Energy:	0.0090 kWh
	CO2eq:	4.3365 g
	0.0403 km travelled by car
___kmeans com 2 Treads_concluida___
___kmeans com 4 Treads___
Time for process: 139.116911
Tempo total: 139891.841 ms
	Time:	0:02:20
	Energy:	0.0048 kWh
	CO2eq:	2.3314 g
	0.0217 km travelled by car
	Time:	0:02:20
	Energy:	0.0048 kWh
	CO2eq:	2.3314 g
	0.0217 km travelled by car
___kmeans com 4 Treads_concluida___
___kmeans com 6 Treads___
Time for process: 97.931608
Tempo total: 98702.065 ms
	Time:	0:01:39
	Energy:	0.0035 kWh
	CO2eq:	1.6867 g
	0.0157 km travelled by car
	Time:	0:01:39
	Energy:	0.0035 kWh
	CO2eq:	1.6867 g
	0.0157 km travelled by car
___kmeans com 6 Treads_concluida___
___kmeans com 8 Treads___
Time for process: 75.730554
Tempo total: 76504.471 ms
	Time:	0:01:17
	Energy:	0.0028 kWh
	CO2eq:	1.3483 g
	0.0125 km travelled by car
	Time:	0:01:17
	Energy:	0.0028 kWh
	CO2eq:	1.3483 g
	0.0125 km travelled by car
___kmeans com 8 Treads_concluida___
___kmeans com 10 Treads___
Time for process: 62.499952
Tempo total: 63269.332 ms
	Time:	0:01:03
	Energy:	0.0024 kWh
	CO2eq:	1.1427 g
	0.0106 km travelled by car
	Time:	0:01:03
	Energy:	0.0024 kWh
	CO2eq:	1.1428 g
	0.0106 km travelled by car
___kmeans com 10 Treads_concluida___
___kmeans com 12 Treads___
Time for process: 53.802462
Tempo total: 54574.082 ms
	Time:	0:00:55
	Energy:	0.0021 kWh
	CO2eq:	1.0030 g
	0.0093 km travelled by car
	Time:	0:00:55
	Energy:	0.0021 kWh
	CO2eq:	1.0030 g
	0.0093 km travelled by car
___kmeans com 12 Treads_concluida___
___kmeans com 14 Treads___
Time for process: 47.703823
Tempo total: 48474.863 ms
	Time:	0:00:48
	Energy:	0.0019 kWh
	CO2eq:	0.9057 g
	0.0084 km travelled by car
	Time:	0:00:48
	Energy:	0.0019 kWh
	CO2eq:	0.9057 g
	0.0084 km travelled by car
___kmeans com 14 Treads_concluida___
___kmeans com 16 Treads___
Time for process: 43.297002
Tempo total: 44069.299 ms
	Time:	0:00:44
	Energy:	0.0017 kWh
	CO2eq:	0.8314 g
	0.0077 km travelled by car
	Time:	0:00:44
	Energy:	0.0017 kWh
	CO2eq:	0.8314 g
	0.0077 km travelled by car
___kmeans com 16 Treads_concluida___
___kmeans com 18 Treads___
Time for process: 39.287297
Tempo total: 40067.269 ms
	Time:	0:00:40
	Energy:	0.0016 kWh
	CO2eq:	0.7642 g
	0.0071 km travelled by car
	Time:	0:00:40
	Energy:	0.0016 kWh
	CO2eq:	0.7642 g
	0.0071 km travelled by car
___kmeans com 18 Treads_concluida___
___kmeans com 20 Treads___
Time for process: 35.436694
Tempo total: 36209.033 ms
	Time:	0:00:36
	Energy:	0.0015 kWh
	CO2eq:	0.7083 g
	0.0066 km travelled by car
	Time:	0:00:36
	Energy:	0.0015 kWh
	CO2eq:	0.7083 g
	0.0066 km travelled by car
___kmeans com 20 Treads_concluida___
___kmeans com 22 Treads___
Time for process: 32.118259
Tempo total: 32903.195 ms
	Time:	0:00:33
	Energy:	0.0014 kWh
	CO2eq:	0.6588 g
	0.0061 km travelled by car
	Time:	0:00:33
	Energy:	0.0014 kWh
	CO2eq:	0.6588 g
	0.0061 km travelled by car
___kmeans com 22 Treads_concluida___
___kmeans com 24 Treads___
Time for process: 29.604615
Tempo total: 30376.288 ms
	Time:	0:00:30
	Energy:	0.0013 kWh
	CO2eq:	0.6217 g
	0.0058 km travelled by car
	Time:	0:00:30
	Energy:	0.0013 kWh
	CO2eq:	0.6217 g
	0.0058 km travelled by car
___kmeans com 24 Treads_concluida___
___kmeans com 26 Treads___
Time for process: 27.202240
Tempo total: 27976.125 ms
	Time:	0:00:28
	Energy:	0.0012 kWh
	CO2eq:	0.5846 g
	0.0054 km travelled by car
	Time:	0:00:28
	Energy:	0.0012 kWh
	CO2eq:	0.5846 g
	0.0054 km travelled by car
___kmeans com 26 Treads_concluida___
___kmeans com 28 Treads___
Time for process: 25.357666
Tempo total: 26134.837 ms
	Time:	0:00:26
	Energy:	0.0012 kWh
	CO2eq:	0.5566 g
	0.0052 km travelled by car
	Time:	0:00:26
	Energy:	0.0012 kWh
	CO2eq:	0.5566 g
	0.0052 km travelled by car
___kmeans com 28 Treads_concluida___
___kmeans com 30 Treads___
Time for process: 23.618751
Tempo total: 24400.483 ms
	Time:	0:00:24
	Energy:	0.0011 kWh
	CO2eq:	0.5312 g
	0.0049 km travelled by car
	Time:	0:00:24
	Energy:	0.0011 kWh
	CO2eq:	0.5312 g
	0.0049 km travelled by car
___kmeans com 30 Treads_concluida___
___kmeans com 32 Treads___
Time for process: 22.178455
Tempo total: 22953.365 ms
	Time:	0:00:23
	Energy:	0.0011 kWh
	CO2eq:	0.5082 g
	0.0047 km travelled by car
	Time:	0:00:23
	Energy:	0.0010 kWh
	CO2eq:	0.5050 g
	0.0047 km travelled by car
___kmeans com 32 Treads_concluida___
___kmeans com 34 Treads___
Time for process: 20.880694
Tempo total: 21657.125 ms
	Time:	0:00:22
	Energy:	0.0010 kWh
	CO2eq:	0.4889 g
	0.0045 km travelled by car
	Time:	0:00:22
	Energy:	0.0010 kWh
	CO2eq:	0.4889 g
	0.0045 km travelled by car
___kmeans com 34 Treads_concluida___
___kmeans com 36 Treads___
Time for process: 19.802683
Tempo total: 20577.871 ms
	Time:	0:00:21
	Energy:	0.0010 kWh
	CO2eq:	0.4718 g
	0.0044 km travelled by car
	Time:	0:00:21
	Energy:	0.0010 kWh
	CO2eq:	0.4718 g
	0.0044 km travelled by car
___kmeans com 36 Treads_concluida___
___kmeans com 38 Treads___
Time for process: 18.791274
Tempo total: 19573.683 ms
	Time:	0:00:20
	Energy:	0.0010 kWh
	CO2eq:	0.4579 g
	0.0043 km travelled by car
	Time:	0:00:20
	Energy:	0.0010 kWh
	CO2eq:	0.4579 g
	0.0043 km travelled by car
___kmeans com 38 Treads_concluida___
___kmeans com 40 Treads___
Time for process: 17.800024
Tempo total: 18570.481 ms
	Time:	0:00:19
	Energy:	0.0009 kWh
	CO2eq:	0.4405 g
	0.0041 km travelled by car
	Time:	0:00:19
	Energy:	0.0009 kWh
	CO2eq:	0.4405 g
	0.0041 km travelled by car
___kmeans com 40 Treads_concluida___
___kmeans com 42 Treads___
Time for process: 17.083754
Tempo total: 17866.764 ms
	Time:	0:00:18
	Energy:	0.0009 kWh
	CO2eq:	0.4318 g
	0.0040 km travelled by car
	Time:	0:00:18
	Energy:	0.0009 kWh
	CO2eq:	0.4318 g
	0.0040 km travelled by car
___kmeans com 42 Treads_concluida___
___kmeans com 44 Treads___
Time for process: 16.244029
Tempo total: 17020.534 ms
	Time:	0:00:17
	Energy:	0.0009 kWh
	CO2eq:	0.4174 g
	0.0039 km travelled by car
	Time:	0:00:17
	Energy:	0.0009 kWh
	CO2eq:	0.4169 g
	0.0039 km travelled by car
___kmeans com 44 Treads_concluida___
___kmeans com 46 Treads___
Time for process: 15.512642
Tempo total: 16283.705 ms
	Time:	0:00:16
	Energy:	0.0009 kWh
	CO2eq:	0.4129 g
	0.0038 km travelled by car
	Time:	0:00:16
	Energy:	0.0009 kWh
	CO2eq:	0.4129 g
	0.0038 km travelled by car
___kmeans com 46 Treads_concluida___
___kmeans com 48 Treads___
Time for process: 15.003249
Tempo total: 15783.335 ms
	Time:	0:00:16
	Energy:	0.0008 kWh
	CO2eq:	0.4080 g
	0.0038 km travelled by car
	Time:	0:00:16
	Energy:	0.0008 kWh
	CO2eq:	0.4080 g
	0.0038 km travelled by car
___kmeans com 48 Treads_concluida___
___kmeans com 50 Treads___
Time for process: 14.385608
Tempo total: 15161.834 ms
	Time:	0:00:15
	Energy:	0.0008 kWh
	CO2eq:	0.3985 g
	0.0037 km travelled by car
	Time:	0:00:15
	Energy:	0.0008 kWh
	CO2eq:	0.3985 g
	0.0037 km travelled by car
___kmeans com 50 Treads_concluida___
___kmeans com 52 Treads___
Time for process: 13.971166
Tempo total: 14749.159 ms
	Time:	0:00:15
	Energy:	0.0008 kWh
	CO2eq:	0.3910 g
	0.0036 km travelled by car
	Time:	0:00:15
	Energy:	0.0008 kWh
	CO2eq:	0.3910 g
	0.0036 km travelled by car
___kmeans com 52 Treads_concluida___
___kmeans com 54 Treads___
Time for process: 13.256311
Tempo total: 14027.960 ms
	Time:	0:00:14
	Energy:	0.0008 kWh
	CO2eq:	0.3782 g
	0.0035 km travelled by car
	Time:	0:00:14
	Energy:	0.0008 kWh
	CO2eq:	0.3782 g
	0.0035 km travelled by car
___kmeans com 54 Treads_concluida___
___kmeans com 56 Treads___
Time for process: 12.933227
Tempo total: 13713.789 ms
	Time:	0:00:14
	Energy:	0.0008 kWh
	CO2eq:	0.3747 g
	0.0035 km travelled by car
	Time:	0:00:14
	Energy:	0.0008 kWh
	CO2eq:	0.3747 g
	0.0035 km travelled by car
___kmeans com 56 Treads_concluida___
___kmeans com 58 Treads___
Time for process: 12.417277
Tempo total: 13202.094 ms
	Time:	0:00:13
	Energy:	0.0008 kWh
	CO2eq:	0.3639 g
	0.0034 km travelled by car
	Time:	0:00:13
	Energy:	0.0008 kWh
	CO2eq:	0.3639 g
	0.0034 km travelled by car
___kmeans com 58 Treads_concluida___
___kmeans com 60 Treads___
Time for process: 12.207150
Tempo total: 12990.762 ms
	Time:	0:00:13
	Energy:	0.0007 kWh
	CO2eq:	0.3574 g
	0.0033 km travelled by car
	Time:	0:00:13
	Energy:	0.0007 kWh
	CO2eq:	0.3571 g
	0.0033 km travelled by car
___kmeans com 60 Treads_concluida___
___kmeans com 62 Treads___
Time for process: 11.851063
Tempo total: 12623.549 ms
	Time:	0:00:13
	Energy:	0.0007 kWh
	CO2eq:	0.3497 g
	0.0033 km travelled by car
	Time:	0:00:13
	Energy:	0.0007 kWh
	CO2eq:	0.3497 g
	0.0033 km travelled by car
___kmeans com 62 Treads_concluida___
___kmeans com 64 Treads___
Time for process: 11.617065
Tempo total: 12398.088 ms
	Time:	0:00:12
	Energy:	0.0007 kWh
	CO2eq:	0.3472 g
	0.0032 km travelled by car
	Time:	0:00:12
	Energy:	0.0007 kWh
	CO2eq:	0.3472 g
	0.0032 km travelled by car
___kmeans com 64 Treads_concluida___
___kmeans com 66 Treads___
Time for process: 11.119141
Tempo total: 11891.412 ms
	Time:	0:00:12
	Energy:	0.0007 kWh
	CO2eq:	0.3380 g
	0.0031 km travelled by car
	Time:	0:00:12
	Energy:	0.0007 kWh
	CO2eq:	0.3380 g
	0.0031 km travelled by car
___kmeans com 66 Treads_concluida___
___kmeans com 68 Treads___
Time for process: 10.816733
Tempo total: 11609.782 ms
	Time:	0:00:12
	Energy:	0.0007 kWh
	CO2eq:	0.3339 g
	0.0031 km travelled by car
	Time:	0:00:12
	Energy:	0.0007 kWh
	CO2eq:	0.3339 g
	0.0031 km travelled by car
___kmeans com 68 Treads_concluida___
___kmeans com 70 Treads___
Time for process: 10.501641
Tempo total: 11277.076 ms
	Time:	0:00:11
	Energy:	0.0007 kWh
	CO2eq:	0.3297 g
	0.0031 km travelled by car
	Time:	0:00:11
	Energy:	0.0007 kWh
	CO2eq:	0.3297 g
	0.0031 km travelled by car
___kmeans com 70 Treads_concluida___
___kmeans com 72 Treads___
Time for process: 10.464245
Tempo total: 11235.476 ms
	Time:	0:00:11
	Energy:	0.0007 kWh
	CO2eq:	0.3313 g
	0.0031 km travelled by car
	Time:	0:00:11
	Energy:	0.0007 kWh
	CO2eq:	0.3313 g
	0.0031 km travelled by car
___kmeans com 72 Treads_concluida___
___kmeans com 74 Treads___
Time for process: 9.982561
Tempo total: 10757.196 ms
	Time:	0:00:11
	Energy:	0.0007 kWh
	CO2eq:	0.3180 g
	0.0030 km travelled by car
	Time:	0:00:11
	Energy:	0.0007 kWh
	CO2eq:	0.3180 g
	0.0030 km travelled by car
___kmeans com 74 Treads_concluida___
___kmeans com 76 Treads___
Time for process: 10.005656
Tempo total: 10780.556 ms
	Time:	0:00:11
	Energy:	0.0007 kWh
	CO2eq:	0.3200 g
	0.0030 km travelled by car
	Time:	0:00:11
	Energy:	0.0007 kWh
	CO2eq:	0.3200 g
	0.0030 km travelled by car
___kmeans com 76 Treads_concluida___
___kmeans com 78 Treads___
Time for process: 9.508210
Tempo total: 10288.721 ms
	Time:	0:00:10
	Energy:	0.0006 kWh
	CO2eq:	0.3104 g
	0.0029 km travelled by car
	Time:	0:00:10
	Energy:	0.0006 kWh
	CO2eq:	0.3104 g
	0.0029 km travelled by car
___kmeans com 78 Treads_concluida___
___kmeans com 80 Treads___
Time for process: 9.467261
Tempo total: 10244.037 ms
	Time:	0:00:10
	Energy:	0.0006 kWh
	CO2eq:	0.3119 g
	0.0029 km travelled by car
	Time:	0:00:10
	Energy:	0.0006 kWh
	CO2eq:	0.3119 g
	0.0029 km travelled by car
___kmeans com 80 Treads_concluida___
___kmeans com 82 Treads___
Time for process: 9.005196
Tempo total: 9776.185 ms
	Time:	0:00:10
	Energy:	0.0006 kWh
	CO2eq:	0.3022 g
	0.0028 km travelled by car
	Time:	0:00:10
	Energy:	0.0006 kWh
	CO2eq:	0.3022 g
	0.0028 km travelled by car
___kmeans com 82 Treads_concluida___
___kmeans com 84 Treads___
Time for process: 9.049068
Tempo total: 9834.085 ms
	Time:	0:00:10
	Energy:	0.0006 kWh
	CO2eq:	0.3063 g
	0.0028 km travelled by car
	Time:	0:00:10
	Energy:	0.0006 kWh
	CO2eq:	0.3063 g
	0.0028 km travelled by car
___kmeans com 84 Treads_concluida___
___kmeans com 86 Treads___
Time for process: 8.555194
Tempo total: 9331.329 ms
	Time:	0:00:09
	Energy:	0.0006 kWh
	CO2eq:	0.2956 g
	0.0028 km travelled by car
	Time:	0:00:09
	Energy:	0.0006 kWh
	CO2eq:	0.2956 g
	0.0028 km travelled by car
___kmeans com 86 Treads_concluida___
___kmeans com 88 Treads___
Time for process: 8.590303
Tempo total: 9364.023 ms
	Time:	0:00:09
	Energy:	0.0006 kWh
	CO2eq:	0.2980 g
	0.0028 km travelled by car
	Time:	0:00:09
	Energy:	0.0006 kWh
	CO2eq:	0.2980 g
	0.0028 km travelled by car
___kmeans com 88 Treads_concluida___
___Fim de kmeans___:

Start -> leukocyte
compilando leukocyte...
___Executando leukocyte___:
___leukocyte com 2 Treads___
Total application run time: 421.98236 seconds
Tempo total: 422073.513 ms
	Time:	0:07:02
	Energy:	0.0049 kWh
	CO2eq:	2.3762 g
	0.0221 km travelled by car
	Time:	0:07:02
	Energy:	0.0049 kWh
	CO2eq:	2.3762 g
	0.0221 km travelled by car
___leukocyte com 2 Treads_concluida___
___leukocyte com 4 Treads___
Total application run time: 219.11270 seconds
Tempo total: 219205.046 ms
	Time:	0:03:39
	Energy:	0.0030 kWh
	CO2eq:	1.4240 g
	0.0132 km travelled by car
	Time:	0:03:39
	Energy:	0.0030 kWh
	CO2eq:	1.4231 g
	0.0132 km travelled by car
___leukocyte com 4 Treads_concluida___
___leukocyte com 6 Treads___
Total application run time: 155.52313 seconds
Tempo total: 155622.080 ms
	Time:	0:02:36
	Energy:	0.0023 kWh
	CO2eq:	1.0902 g
	0.0101 km travelled by car
	Time:	0:02:36
	Energy:	0.0023 kWh
	CO2eq:	1.0902 g
	0.0101 km travelled by car
___leukocyte com 6 Treads_concluida___
___leukocyte com 8 Treads___
Total application run time: 134.71846 seconds
Tempo total: 134824.438 ms
	Time:	0:02:15
	Energy:	0.0020 kWh
	CO2eq:	0.9778 g
	0.0091 km travelled by car
	Time:	0:02:15
	Energy:	0.0020 kWh
	CO2eq:	0.9778 g
	0.0091 km travelled by car
___leukocyte com 8 Treads_concluida___
___leukocyte com 10 Treads___
Total application run time: 111.58607 seconds
Tempo total: 111682.460 ms
	Time:	0:01:52
	Energy:	0.0018 kWh
	CO2eq:	0.8581 g
	0.0080 km travelled by car
	Time:	0:01:52
	Energy:	0.0018 kWh
	CO2eq:	0.8581 g
	0.0080 km travelled by car
___leukocyte com 10 Treads_concluida___
___leukocyte com 12 Treads___
Total application run time: 90.24341 seconds
Tempo total: 90346.971 ms
	Time:	0:01:30
	Energy:	0.0015 kWh
	CO2eq:	0.7389 g
	0.0069 km travelled by car
	Time:	0:01:30
	Energy:	0.0015 kWh
	CO2eq:	0.7389 g
	0.0069 km travelled by car
___leukocyte com 12 Treads_concluida___
___leukocyte com 14 Treads___
Total application run time: 90.81553 seconds
Tempo total: 90923.973 ms
	Time:	0:01:31
	Energy:	0.0015 kWh
	CO2eq:	0.7352 g
	0.0068 km travelled by car
	Time:	0:01:31
	Energy:	0.0015 kWh
	CO2eq:	0.7352 g
	0.0068 km travelled by car
___leukocyte com 14 Treads_concluida___
___leukocyte com 16 Treads___
Total application run time: 86.58486 seconds
Tempo total: 86682.051 ms
	Time:	0:01:27
	Energy:	0.0015 kWh
	CO2eq:	0.7126 g
	0.0066 km travelled by car
	Time:	0:01:27
	Energy:	0.0015 kWh
	CO2eq:	0.7126 g
	0.0066 km travelled by car
___leukocyte com 16 Treads_concluida___
___leukocyte com 18 Treads___
Total application run time: 68.92100 seconds
Tempo total: 69037.947 ms
	Time:	0:01:09
	Energy:	0.0013 kWh
	CO2eq:	0.6134 g
	0.0057 km travelled by car
	Time:	0:01:09
	Energy:	0.0013 kWh
	CO2eq:	0.6120 g
	0.0057 km travelled by car
___leukocyte com 18 Treads_concluida___
___leukocyte com 20 Treads___
Total application run time: 70.51255 seconds
Tempo total: 70610.960 ms
	Time:	0:01:11
	Energy:	0.0013 kWh
	CO2eq:	0.6295 g
	0.0059 km travelled by car
	Time:	0:01:11
	Energy:	0.0013 kWh
	CO2eq:	0.6295 g
	0.0059 km travelled by car
___leukocyte com 20 Treads_concluida___
___leukocyte com 22 Treads___
Total application run time: 66.85821 seconds
Tempo total: 66956.227 ms
	Time:	0:01:07
	Energy:	0.0013 kWh
	CO2eq:	0.6101 g
	0.0057 km travelled by car
	Time:	0:01:07
	Energy:	0.0013 kWh
	CO2eq:	0.6076 g
	0.0057 km travelled by car
___leukocyte com 22 Treads_concluida___
___leukocyte com 24 Treads___
Total application run time: 67.25460 seconds
Tempo total: 67354.956 ms
	Time:	0:01:07
	Energy:	0.0013 kWh
	CO2eq:	0.6181 g
	0.0057 km travelled by car
	Time:	0:01:07
	Energy:	0.0013 kWh
	CO2eq:	0.6181 g
	0.0057 km travelled by car
___leukocyte com 24 Treads_concluida___
___leukocyte com 26 Treads___
Total application run time: 64.89491 seconds
Tempo total: 65002.670 ms
	Time:	0:01:05
	Energy:	0.0013 kWh
	CO2eq:	0.6100 g
	0.0057 km travelled by car
	Time:	0:01:05
	Energy:	0.0013 kWh
	CO2eq:	0.6079 g
	0.0057 km travelled by car
___leukocyte com 26 Treads_concluida___
___leukocyte com 28 Treads___
Total application run time: 68.90063 seconds
Tempo total: 69003.249 ms
	Time:	0:01:09
	Energy:	0.0013 kWh
	CO2eq:	0.6236 g
	0.0058 km travelled by car
	Time:	0:01:09
	Energy:	0.0013 kWh
	CO2eq:	0.6216 g
	0.0058 km travelled by car
___leukocyte com 28 Treads_concluida___
___leukocyte com 30 Treads___
Total application run time: 66.66001 seconds
Tempo total: 66764.197 ms
	Time:	0:01:07
	Energy:	0.0013 kWh
	CO2eq:	0.6082 g
	0.0057 km travelled by car
	Time:	0:01:07
	Energy:	0.0013 kWh
	CO2eq:	0.6082 g
	0.0057 km travelled by car
___leukocyte com 30 Treads_concluida___
___leukocyte com 32 Treads___
Total application run time: 62.98521 seconds
Tempo total: 63085.042 ms
	Time:	0:01:03
	Energy:	0.0012 kWh
	CO2eq:	0.5905 g
	0.0055 km travelled by car
	Time:	0:01:03
	Energy:	0.0012 kWh
	CO2eq:	0.5903 g
	0.0055 km travelled by car
___leukocyte com 32 Treads_concluida___
___leukocyte com 34 Treads___
Total application run time: 58.77414 seconds
Tempo total: 58878.314 ms
	Time:	0:00:59
	Energy:	0.0012 kWh
	CO2eq:	0.5569 g
	0.0052 km travelled by car
	Time:	0:00:59
	Energy:	0.0012 kWh
	CO2eq:	0.5569 g
	0.0052 km travelled by car
___leukocyte com 34 Treads_concluida___
___leukocyte com 36 Treads___
Total application run time: 41.63271 seconds
Tempo total: 41737.311 ms
	Time:	0:00:42
	Energy:	0.0010 kWh
	CO2eq:	0.4712 g
	0.0044 km travelled by car
	Time:	0:00:42
	Energy:	0.0010 kWh
	CO2eq:	0.4712 g
	0.0044 km travelled by car
___leukocyte com 36 Treads_concluida___
___leukocyte com 38 Treads___
Total application run time: 41.39021 seconds
Tempo total: 41494.243 ms
	Time:	0:00:41
	Energy:	0.0010 kWh
	CO2eq:	0.4739 g
	0.0044 km travelled by car
	Time:	0:00:41
	Energy:	0.0010 kWh
	CO2eq:	0.4739 g
	0.0044 km travelled by car
___leukocyte com 38 Treads_concluida___
___leukocyte com 40 Treads___
Total application run time: 42.87222 seconds
Tempo total: 42976.898 ms
	Time:	0:00:43
	Energy:	0.0010 kWh
	CO2eq:	0.4791 g
	0.0045 km travelled by car
	Time:	0:00:43
	Energy:	0.0010 kWh
	CO2eq:	0.4778 g
	0.0044 km travelled by car
___leukocyte com 40 Treads_concluida___
___leukocyte com 42 Treads___
Total application run time: 44.04934 seconds
Tempo total: 44149.697 ms
	Time:	0:00:44
	Energy:	0.0010 kWh
	CO2eq:	0.4812 g
	0.0045 km travelled by car
	Time:	0:00:44
	Energy:	0.0010 kWh
	CO2eq:	0.4812 g
	0.0045 km travelled by car
___leukocyte com 42 Treads_concluida___
___leukocyte com 44 Treads___
Total application run time: 47.18293 seconds
Tempo total: 47289.325 ms
	Time:	0:00:47
	Energy:	0.0010 kWh
	CO2eq:	0.5024 g
	0.0047 km travelled by car
	Time:	0:00:47
	Energy:	0.0010 kWh
	CO2eq:	0.5024 g
	0.0047 km travelled by car
___leukocyte com 44 Treads_concluida___
___leukocyte com 46 Treads___
Total application run time: 41.86539 seconds
Tempo total: 41970.143 ms
	Time:	0:00:42
	Energy:	0.0009 kWh
	CO2eq:	0.4520 g
	0.0042 km travelled by car
	Time:	0:00:42
	Energy:	0.0009 kWh
	CO2eq:	0.4520 g
	0.0042 km travelled by car
___leukocyte com 46 Treads_concluida___
___leukocyte com 48 Treads___
Total application run time: 41.34233 seconds
Tempo total: 41449.881 ms
	Time:	0:00:41
	Energy:	0.0010 kWh
	CO2eq:	0.4698 g
	0.0044 km travelled by car
	Time:	0:00:41
	Energy:	0.0010 kWh
	CO2eq:	0.4698 g
	0.0044 km travelled by car
___leukocyte com 48 Treads_concluida___
___leukocyte com 50 Treads___
Total application run time: 42.44653 seconds
Tempo total: 42544.400 ms
	Time:	0:00:43
	Energy:	0.0010 kWh
	CO2eq:	0.4766 g
	0.0044 km travelled by car
	Time:	0:00:43
	Energy:	0.0010 kWh
	CO2eq:	0.4766 g
	0.0044 km travelled by car
___leukocyte com 50 Treads_concluida___
___leukocyte com 52 Treads___
Total application run time: 41.62690 seconds
Tempo total: 41726.728 ms
	Time:	0:00:42
	Energy:	0.0010 kWh
	CO2eq:	0.4725 g
	0.0044 km travelled by car
	Time:	0:00:42
	Energy:	0.0010 kWh
	CO2eq:	0.4725 g
	0.0044 km travelled by car
___leukocyte com 52 Treads_concluida___
___leukocyte com 54 Treads___
Total application run time: 42.92675 seconds
Tempo total: 43027.178 ms
	Time:	0:00:43
	Energy:	0.0010 kWh
	CO2eq:	0.4800 g
	0.0045 km travelled by car
	Time:	0:00:43
	Energy:	0.0010 kWh
	CO2eq:	0.4782 g
	0.0044 km travelled by car
___leukocyte com 54 Treads_concluida___
___leukocyte com 56 Treads___
Total application run time: 40.13204 seconds
Tempo total: 40229.749 ms
	Time:	0:00:40
	Energy:	0.0010 kWh
	CO2eq:	0.4706 g
	0.0044 km travelled by car
	Time:	0:00:40
	Energy:	0.0010 kWh
	CO2eq:	0.4706 g
	0.0044 km travelled by car
___leukocyte com 56 Treads_concluida___
___leukocyte com 58 Treads___
Total application run time: 41.11533 seconds
Tempo total: 41225.018 ms
	Time:	0:00:41
	Energy:	0.0010 kWh
	CO2eq:	0.4717 g
	0.0044 km travelled by car
	Time:	0:00:41
	Energy:	0.0010 kWh
	CO2eq:	0.4717 g
	0.0044 km travelled by car
___leukocyte com 58 Treads_concluida___
___leukocyte com 60 Treads___
Total application run time: 43.08720 seconds
Tempo total: 43187.714 ms
	Time:	0:00:43
	Energy:	0.0010 kWh
	CO2eq:	0.4840 g
	0.0045 km travelled by car
	Time:	0:00:43
	Energy:	0.0010 kWh
	CO2eq:	0.4840 g
	0.0045 km travelled by car
___leukocyte com 60 Treads_concluida___
___leukocyte com 62 Treads___
Total application run time: 41.17007 seconds
Tempo total: 41274.945 ms
	Time:	0:00:41
	Energy:	0.0010 kWh
	CO2eq:	0.4749 g
	0.0044 km travelled by car
	Time:	0:00:41
	Energy:	0.0010 kWh
	CO2eq:	0.4749 g
	0.0044 km travelled by car
___leukocyte com 62 Treads_concluida___
___leukocyte com 64 Treads___
Total application run time: 42.11657 seconds
Tempo total: 42217.470 ms
	Time:	0:00:42
	Energy:	0.0010 kWh
	CO2eq:	0.4847 g
	0.0045 km travelled by car
	Time:	0:00:42
	Energy:	0.0010 kWh
	CO2eq:	0.4847 g
	0.0045 km travelled by car
___leukocyte com 64 Treads_concluida___
___leukocyte com 66 Treads___
Total application run time: 44.26352 seconds
Tempo total: 44365.718 ms
	Time:	0:00:44
	Energy:	0.0010 kWh
	CO2eq:	0.4955 g
	0.0046 km travelled by car
	Time:	0:00:44
	Energy:	0.0010 kWh
	CO2eq:	0.4955 g
	0.0046 km travelled by car
___leukocyte com 66 Treads_concluida___
___leukocyte com 68 Treads___
Total application run time: 51.06218 seconds
Tempo total: 51164.324 ms
	Time:	0:00:51
	Energy:	0.0011 kWh
	CO2eq:	0.5307 g
	0.0049 km travelled by car
	Time:	0:00:51
	Energy:	0.0011 kWh
	CO2eq:	0.5307 g
	0.0049 km travelled by car
___leukocyte com 68 Treads_concluida___
___leukocyte com 70 Treads___
Total application run time: 51.68033 seconds
Tempo total: 51780.799 ms
	Time:	0:00:52
	Energy:	0.0011 kWh
	CO2eq:	0.5318 g
	0.0049 km travelled by car
	Time:	0:00:52
	Energy:	0.0011 kWh
	CO2eq:	0.5318 g
	0.0049 km travelled by car
___leukocyte com 70 Treads_concluida___
___leukocyte com 72 Treads___
Total application run time: 54.25129 seconds
Tempo total: 54355.125 ms
	Time:	0:00:54
	Energy:	0.0011 kWh
	CO2eq:	0.5444 g
	0.0051 km travelled by car
	Time:	0:00:54
	Energy:	0.0011 kWh
	CO2eq:	0.5444 g
	0.0051 km travelled by car
___leukocyte com 72 Treads_concluida___
___leukocyte com 74 Treads___
Total application run time: 56.26800 seconds
Tempo total: 56368.131 ms
	Time:	0:00:56
	Energy:	0.0012 kWh
	CO2eq:	0.5590 g
	0.0052 km travelled by car
	Time:	0:00:56
	Energy:	0.0012 kWh
	CO2eq:	0.5590 g
	0.0052 km travelled by car
___leukocyte com 74 Treads_concluida___
___leukocyte com 76 Treads___
Total application run time: 40.96538 seconds
Tempo total: 41068.668 ms
	Time:	0:00:41
	Energy:	0.0010 kWh
	CO2eq:	0.4676 g
	0.0043 km travelled by car
	Time:	0:00:41
	Energy:	0.0010 kWh
	CO2eq:	0.4676 g
	0.0043 km travelled by car
___leukocyte com 76 Treads_concluida___
___leukocyte com 78 Treads___
Total application run time: 52.48093 seconds
Tempo total: 52583.209 ms
	Time:	0:00:53
	Energy:	0.0011 kWh
	CO2eq:	0.5378 g
	0.0050 km travelled by car
	Time:	0:00:53
	Energy:	0.0011 kWh
	CO2eq:	0.5378 g
	0.0050 km travelled by car
___leukocyte com 78 Treads_concluida___
___leukocyte com 80 Treads___
Total application run time: 57.15194 seconds
Tempo total: 57255.967 ms
	Time:	0:00:57
	Energy:	0.0012 kWh
	CO2eq:	0.5626 g
	0.0052 km travelled by car
	Time:	0:00:57
	Energy:	0.0012 kWh
	CO2eq:	0.5626 g
	0.0052 km travelled by car
___leukocyte com 80 Treads_concluida___
___leukocyte com 82 Treads___
Total application run time: 57.48970 seconds
Tempo total: 57594.233 ms
	Time:	0:00:58
	Energy:	0.0012 kWh
	CO2eq:	0.5630 g
	0.0052 km travelled by car
	Time:	0:00:58
	Energy:	0.0012 kWh
	CO2eq:	0.5630 g
	0.0052 km travelled by car
___leukocyte com 82 Treads_concluida___
___leukocyte com 84 Treads___
Total application run time: 41.02359 seconds
Tempo total: 41121.949 ms
	Time:	0:00:41
	Energy:	0.0010 kWh
	CO2eq:	0.4711 g
	0.0044 km travelled by car
	Time:	0:00:41
	Energy:	0.0010 kWh
	CO2eq:	0.4711 g
	0.0044 km travelled by car
___leukocyte com 84 Treads_concluida___
___leukocyte com 86 Treads___
Total application run time: 54.64116 seconds
Tempo total: 54742.796 ms
	Time:	0:00:55
	Energy:	0.0011 kWh
	CO2eq:	0.5484 g
	0.0051 km travelled by car
	Time:	0:00:55
	Energy:	0.0011 kWh
	CO2eq:	0.5484 g
	0.0051 km travelled by car
___leukocyte com 86 Treads_concluida___
___leukocyte com 88 Treads___
Total application run time: 53.07420 seconds
Tempo total: 53177.819 ms
	Time:	0:00:53
	Energy:	0.0011 kWh
	CO2eq:	0.5338 g
	0.0050 km travelled by car
	Time:	0:00:53
	Energy:	0.0011 kWh
	CO2eq:	0.5338 g
	0.0050 km travelled by car
___leukocyte com 88 Treads_concluida___
___Fim de leukocyte___:

Start -> backprop
compilando backprop...
rm -f *.o *~ backprop backprop_cuda.linkinfo
gcc -g -fopenmp  -O2 backprop.c -c
gcc -g -fopenmp  -O2 facetrain.c -c
gcc -g -fopenmp  -O2 imagenet.c -c
gcc -g -fopenmp  -O2 backprop_kernel.c -c
gcc -g -fopenmp  -O2 backprop.o facetrain.o imagenet.o backprop_kernel.o -o backprop -lm
___Executando backprop___:
___backprop com 2 Treads___
Tempo total: 25095.801 ms
	Time:	0:00:25
	Energy:	0.0008 kWh
	CO2eq:	0.4019 g
	0.0037 km travelled by car
	Time:	0:00:25
	Energy:	0.0008 kWh
	CO2eq:	0.4016 g
	0.0037 km travelled by car
___backprop com 2 Treads_concluida___
___backprop com 4 Treads___
Tempo total: 19577.155 ms
	Time:	0:00:20
	Energy:	0.0007 kWh
	CO2eq:	0.3155 g
	0.0029 km travelled by car
	Time:	0:00:20
	Energy:	0.0007 kWh
	CO2eq:	0.3155 g
	0.0029 km travelled by car
___backprop com 4 Treads_concluida___
___backprop com 6 Treads___
Tempo total: 20001.252 ms
	Time:	0:00:20
	Energy:	0.0007 kWh
	CO2eq:	0.3243 g
	0.0030 km travelled by car
	Time:	0:00:20
	Energy:	0.0007 kWh
	CO2eq:	0.3243 g
	0.0030 km travelled by car
___backprop com 6 Treads_concluida___
___backprop com 8 Treads___
Tempo total: 17191.432 ms
	Time:	0:00:17
	Energy:	0.0005 kWh
	CO2eq:	0.2622 g
	0.0024 km travelled by car
	Time:	0:00:17
	Energy:	0.0005 kWh
	CO2eq:	0.2622 g
	0.0024 km travelled by car
___backprop com 8 Treads_concluida___
___backprop com 10 Treads___
Tempo total: 17511.201 ms
	Time:	0:00:18
	Energy:	0.0006 kWh
	CO2eq:	0.2843 g
	0.0026 km travelled by car
	Time:	0:00:18
	Energy:	0.0006 kWh
	CO2eq:	0.2843 g
	0.0026 km travelled by car
___backprop com 10 Treads_concluida___
___backprop com 12 Treads___
Tempo total: 16714.533 ms
	Time:	0:00:17
	Energy:	0.0006 kWh
	CO2eq:	0.2705 g
	0.0025 km travelled by car
	Time:	0:00:17
	Energy:	0.0006 kWh
	CO2eq:	0.2705 g
	0.0025 km travelled by car
___backprop com 12 Treads_concluida___
___backprop com 14 Treads___
Tempo total: 16732.095 ms
	Time:	0:00:17
	Energy:	0.0006 kWh
	CO2eq:	0.2695 g
	0.0025 km travelled by car
	Time:	0:00:17
	Energy:	0.0006 kWh
	CO2eq:	0.2695 g
	0.0025 km travelled by car
___backprop com 14 Treads_concluida___
___backprop com 16 Treads___
Tempo total: 15369.361 ms
	Time:	0:00:15
	Energy:	0.0005 kWh
	CO2eq:	0.2491 g
	0.0023 km travelled by car
	Time:	0:00:15
	Energy:	0.0005 kWh
	CO2eq:	0.2491 g
	0.0023 km travelled by car
___backprop com 16 Treads_concluida___
___backprop com 18 Treads___
Tempo total: 15437.904 ms
	Time:	0:00:15
	Energy:	0.0005 kWh
	CO2eq:	0.2504 g
	0.0023 km travelled by car
	Time:	0:00:15
	Energy:	0.0005 kWh
	CO2eq:	0.2504 g
	0.0023 km travelled by car
___backprop com 18 Treads_concluida___
___backprop com 20 Treads___
Tempo total: 15430.706 ms
	Time:	0:00:15
	Energy:	0.0005 kWh
	CO2eq:	0.2502 g
	0.0023 km travelled by car
	Time:	0:00:15
	Energy:	0.0005 kWh
	CO2eq:	0.2502 g
	0.0023 km travelled by car
___backprop com 20 Treads_concluida___
___backprop com 22 Treads___
Tempo total: 15538.651 ms
	Time:	0:00:16
	Energy:	0.0005 kWh
	CO2eq:	0.2523 g
	0.0023 km travelled by car
	Time:	0:00:16
	Energy:	0.0005 kWh
	CO2eq:	0.2523 g
	0.0023 km travelled by car
___backprop com 22 Treads_concluida___
___backprop com 24 Treads___
Tempo total: 15509.548 ms
	Time:	0:00:16
	Energy:	0.0005 kWh
	CO2eq:	0.2519 g
	0.0023 km travelled by car
	Time:	0:00:16
	Energy:	0.0005 kWh
	CO2eq:	0.2519 g
	0.0023 km travelled by car
___backprop com 24 Treads_concluida___
___backprop com 26 Treads___
Tempo total: 15456.669 ms
	Time:	0:00:15
	Energy:	0.0005 kWh
	CO2eq:	0.2507 g
	0.0023 km travelled by car
	Time:	0:00:15
	Energy:	0.0005 kWh
	CO2eq:	0.2507 g
	0.0023 km travelled by car
___backprop com 26 Treads_concluida___
___backprop com 28 Treads___
Tempo total: 15408.723 ms
	Time:	0:00:15
	Energy:	0.0005 kWh
	CO2eq:	0.2500 g
	0.0023 km travelled by car
	Time:	0:00:15
	Energy:	0.0005 kWh
	CO2eq:	0.2500 g
	0.0023 km travelled by car
___backprop com 28 Treads_concluida___
___backprop com 30 Treads___
Tempo total: 15428.364 ms
	Time:	0:00:15
	Energy:	0.0005 kWh
	CO2eq:	0.2504 g
	0.0023 km travelled by car
	Time:	0:00:15
	Energy:	0.0005 kWh
	CO2eq:	0.2504 g
	0.0023 km travelled by car
___backprop com 30 Treads_concluida___
___backprop com 32 Treads___
Tempo total: 15440.541 ms
	Time:	0:00:15
	Energy:	0.0005 kWh
	CO2eq:	0.2507 g
	0.0023 km travelled by car
	Time:	0:00:15
	Energy:	0.0005 kWh
	CO2eq:	0.2507 g
	0.0023 km travelled by car
___backprop com 32 Treads_concluida___
___backprop com 34 Treads___
Tempo total: 15491.263 ms
	Time:	0:00:15
	Energy:	0.0005 kWh
	CO2eq:	0.2514 g
	0.0023 km travelled by car
	Time:	0:00:15
	Energy:	0.0005 kWh
	CO2eq:	0.2514 g
	0.0023 km travelled by car
___backprop com 34 Treads_concluida___
___backprop com 36 Treads___
Tempo total: 15490.099 ms
	Time:	0:00:15
	Energy:	0.0005 kWh
	CO2eq:	0.2516 g
	0.0023 km travelled by car
	Time:	0:00:15
	Energy:	0.0005 kWh
	CO2eq:	0.2516 g
	0.0023 km travelled by car
___backprop com 36 Treads_concluida___
___backprop com 38 Treads___
Tempo total: 15504.334 ms
	Time:	0:00:16
	Energy:	0.0005 kWh
	CO2eq:	0.2519 g
	0.0023 km travelled by car
	Time:	0:00:16
	Energy:	0.0005 kWh
	CO2eq:	0.2519 g
	0.0023 km travelled by car
___backprop com 38 Treads_concluida___
___backprop com 40 Treads___
Tempo total: 15571.850 ms
	Time:	0:00:16
	Energy:	0.0005 kWh
	CO2eq:	0.2528 g
	0.0024 km travelled by car
	Time:	0:00:16
	Energy:	0.0005 kWh
	CO2eq:	0.2528 g
	0.0024 km travelled by car
___backprop com 40 Treads_concluida___
___backprop com 42 Treads___
Tempo total: 15358.861 ms
	Time:	0:00:15
	Energy:	0.0005 kWh
	CO2eq:	0.2498 g
	0.0023 km travelled by car
	Time:	0:00:15
	Energy:	0.0005 kWh
	CO2eq:	0.2498 g
	0.0023 km travelled by car
___backprop com 42 Treads_concluida___
___backprop com 44 Treads___
Tempo total: 15555.906 ms
	Time:	0:00:16
	Energy:	0.0005 kWh
	CO2eq:	0.2528 g
	0.0024 km travelled by car
	Time:	0:00:16
	Energy:	0.0005 kWh
	CO2eq:	0.2528 g
	0.0024 km travelled by car
___backprop com 44 Treads_concluida___
___backprop com 46 Treads___
Tempo total: 15485.278 ms
	Time:	0:00:15
	Energy:	0.0005 kWh
	CO2eq:	0.2516 g
	0.0023 km travelled by car
	Time:	0:00:15
	Energy:	0.0005 kWh
	CO2eq:	0.2516 g
	0.0023 km travelled by car
___backprop com 46 Treads_concluida___
___backprop com 48 Treads___
Tempo total: 15494.469 ms
	Time:	0:00:15
	Energy:	0.0005 kWh
	CO2eq:	0.2518 g
	0.0023 km travelled by car
	Time:	0:00:15
	Energy:	0.0005 kWh
	CO2eq:	0.2518 g
	0.0023 km travelled by car
___backprop com 48 Treads_concluida___
___backprop com 50 Treads___
Tempo total: 15582.305 ms
	Time:	0:00:16
	Energy:	0.0005 kWh
	CO2eq:	0.2535 g
	0.0024 km travelled by car
	Time:	0:00:16
	Energy:	0.0005 kWh
	CO2eq:	0.2535 g
	0.0024 km travelled by car
___backprop com 50 Treads_concluida___
___backprop com 52 Treads___
Tempo total: 15421.528 ms
	Time:	0:00:15
	Energy:	0.0005 kWh
	CO2eq:	0.2508 g
	0.0023 km travelled by car
	Time:	0:00:15
	Energy:	0.0005 kWh
	CO2eq:	0.2508 g
	0.0023 km travelled by car
___backprop com 52 Treads_concluida___
___backprop com 54 Treads___
Tempo total: 15755.401 ms
	Time:	0:00:16
	Energy:	0.0005 kWh
	CO2eq:	0.2561 g
	0.0024 km travelled by car
	Time:	0:00:16
	Energy:	0.0005 kWh
	CO2eq:	0.2561 g
	0.0024 km travelled by car
___backprop com 54 Treads_concluida___
___backprop com 56 Treads___
Tempo total: 15566.686 ms
	Time:	0:00:16
	Energy:	0.0005 kWh
	CO2eq:	0.2530 g
	0.0024 km travelled by car
	Time:	0:00:16
	Energy:	0.0005 kWh
	CO2eq:	0.2530 g
	0.0024 km travelled by car
___backprop com 56 Treads_concluida___
___backprop com 58 Treads___
Tempo total: 15380.913 ms
	Time:	0:00:15
	Energy:	0.0005 kWh
	CO2eq:	0.2500 g
	0.0023 km travelled by car
	Time:	0:00:15
	Energy:	0.0005 kWh
	CO2eq:	0.2500 g
	0.0023 km travelled by car
___backprop com 58 Treads_concluida___
___backprop com 60 Treads___
Tempo total: 15493.286 ms
	Time:	0:00:15
	Energy:	0.0005 kWh
	CO2eq:	0.2515 g
	0.0023 km travelled by car
	Time:	0:00:15
	Energy:	0.0005 kWh
	CO2eq:	0.2515 g
	0.0023 km travelled by car
___backprop com 60 Treads_concluida___
___backprop com 62 Treads___
Tempo total: 15395.610 ms
	Time:	0:00:15
	Energy:	0.0005 kWh
	CO2eq:	0.2509 g
	0.0023 km travelled by car
	Time:	0:00:15
	Energy:	0.0005 kWh
	CO2eq:	0.2509 g
	0.0023 km travelled by car
___backprop com 62 Treads_concluida___
___backprop com 64 Treads___
Tempo total: 15375.049 ms
	Time:	0:00:15
	Energy:	0.0005 kWh
	CO2eq:	0.2497 g
	0.0023 km travelled by car
	Time:	0:00:15
	Energy:	0.0005 kWh
	CO2eq:	0.2497 g
	0.0023 km travelled by car
___backprop com 64 Treads_concluida___
___backprop com 66 Treads___
Tempo total: 15647.261 ms
	Time:	0:00:16
	Energy:	0.0005 kWh
	CO2eq:	0.2541 g
	0.0024 km travelled by car
	Time:	0:00:16
	Energy:	0.0005 kWh
	CO2eq:	0.2541 g
	0.0024 km travelled by car
___backprop com 66 Treads_concluida___
___backprop com 68 Treads___
Tempo total: 15558.556 ms
	Time:	0:00:16
	Energy:	0.0005 kWh
	CO2eq:	0.2527 g
	0.0024 km travelled by car
	Time:	0:00:16
	Energy:	0.0005 kWh
	CO2eq:	0.2527 g
	0.0024 km travelled by car
___backprop com 68 Treads_concluida___
___backprop com 70 Treads___
Tempo total: 15479.666 ms
	Time:	0:00:15
	Energy:	0.0005 kWh
	CO2eq:	0.2513 g
	0.0023 km travelled by car
	Time:	0:00:15
	Energy:	0.0005 kWh
	CO2eq:	0.2513 g
	0.0023 km travelled by car
___backprop com 70 Treads_concluida___
___backprop com 72 Treads___
Tempo total: 15452.740 ms
	Time:	0:00:15
	Energy:	0.0005 kWh
	CO2eq:	0.2511 g
	0.0023 km travelled by car
	Time:	0:00:15
	Energy:	0.0005 kWh
	CO2eq:	0.2511 g
	0.0023 km travelled by car
___backprop com 72 Treads_concluida___
___backprop com 74 Treads___
Tempo total: 15787.051 ms
	Time:	0:00:16
	Energy:	0.0005 kWh
	CO2eq:	0.2574 g
	0.0024 km travelled by car
	Time:	0:00:16
	Energy:	0.0005 kWh
	CO2eq:	0.2574 g
	0.0024 km travelled by car
___backprop com 74 Treads_concluida___
___backprop com 76 Treads___
Tempo total: 15512.031 ms
	Time:	0:00:16
	Energy:	0.0005 kWh
	CO2eq:	0.2519 g
	0.0023 km travelled by car
	Time:	0:00:16
	Energy:	0.0005 kWh
	CO2eq:	0.2519 g
	0.0023 km travelled by car
___backprop com 76 Treads_concluida___
___backprop com 78 Treads___
Tempo total: 15585.526 ms
	Time:	0:00:16
	Energy:	0.0005 kWh
	CO2eq:	0.2538 g
	0.0024 km travelled by car
	Time:	0:00:16
	Energy:	0.0005 kWh
	CO2eq:	0.2538 g
	0.0024 km travelled by car
___backprop com 78 Treads_concluida___
___backprop com 80 Treads___
Tempo total: 15451.629 ms
	Time:	0:00:15
	Energy:	0.0005 kWh
	CO2eq:	0.2514 g
	0.0023 km travelled by car
	Time:	0:00:15
	Energy:	0.0005 kWh
	CO2eq:	0.2514 g
	0.0023 km travelled by car
___backprop com 80 Treads_concluida___
___backprop com 82 Treads___
Tempo total: 15672.885 ms
	Time:	0:00:16
	Energy:	0.0005 kWh
	CO2eq:	0.2549 g
	0.0024 km travelled by car
	Time:	0:00:16
	Energy:	0.0005 kWh
	CO2eq:	0.2549 g
	0.0024 km travelled by car
___backprop com 82 Treads_concluida___
___backprop com 84 Treads___
Tempo total: 15522.680 ms
	Time:	0:00:16
	Energy:	0.0005 kWh
	CO2eq:	0.2521 g
	0.0023 km travelled by car
	Time:	0:00:16
	Energy:	0.0005 kWh
	CO2eq:	0.2521 g
	0.0023 km travelled by car
___backprop com 84 Treads_concluida___
___backprop com 86 Treads___
Tempo total: 15449.736 ms
	Time:	0:00:15
	Energy:	0.0005 kWh
	CO2eq:	0.2509 g
	0.0023 km travelled by car
	Time:	0:00:15
	Energy:	0.0005 kWh
	CO2eq:	0.2509 g
	0.0023 km travelled by car
___backprop com 86 Treads_concluida___
___backprop com 88 Treads___
Tempo total: 15370.682 ms
	Time:	0:00:15
	Energy:	0.0005 kWh
	CO2eq:	0.2496 g
	0.0023 km travelled by car
	Time:	0:00:15
	Energy:	0.0005 kWh
	CO2eq:	0.2496 g
	0.0023 km travelled by car
___backprop com 88 Treads_concluida___
___Fim de backprop___:

Start -> cfd
compilando cfd...
rm -f euler3d_cpu
rm -f euler3d_cpu_offload
rm -f euler3d_cpu_double
rm -f pre_euler3d_cpu
rm -f pre_euler3d_cpu_double
g++ -O3 -Dblock_length=8 -fopenmp euler3d_cpu.cpp -o euler3d_cpu
g++ -O3 -Dblock_length=8 -fopenmp euler3d_cpu_double.cpp -o euler3d_cpu_double
g++ -O3 -Dblock_length=8 -fopenmp pre_euler3d_cpu.cpp -o pre_euler3d_cpu
g++ -O3 -Dblock_length=8 -fopenmp pre_euler3d_cpu_double.cpp -o pre_euler3d_cpu_double
icc -g -O3 -DOMP_OFFLOAD -Dblock_length=216 -fopenmp -offload-option,mic,compiler,"-no-opt-prefetch" euler3d_cpu.cpp -o euler3d_cpu_offload
___Executando cfd___:
___cfd com 2 Treads___
Compute time: 116.732
Tempo total: 118600.935 ms
	Time:	0:01:59
	Energy:	0.0039 kWh
	CO2eq:	1.8741 g
	0.0174 km travelled by car
	Time:	0:01:59
	Energy:	0.0039 kWh
	CO2eq:	1.8741 g
	0.0174 km travelled by car
___cfd com 2 Treads_concluida___
___cfd com 4 Treads___
Compute time: 59.7181
Tempo total: 61583.741 ms
	Time:	0:01:02
	Energy:	0.0021 kWh
	CO2eq:	1.0181 g
	0.0095 km travelled by car
	Time:	0:01:02
	Energy:	0.0021 kWh
	CO2eq:	1.0181 g
	0.0095 km travelled by car
___cfd com 4 Treads_concluida___
___cfd com 6 Treads___
Compute time: 41.5013
Tempo total: 43360.643 ms
	Time:	0:00:43
	Energy:	0.0015 kWh
	CO2eq:	0.7338 g
	0.0068 km travelled by car
	Time:	0:00:43
	Energy:	0.0015 kWh
	CO2eq:	0.7338 g
	0.0068 km travelled by car
___cfd com 6 Treads_concluida___
___cfd com 8 Treads___
Compute time: 32.2123
Tempo total: 34146.430 ms
	Time:	0:00:34
	Energy:	0.0012 kWh
	CO2eq:	0.5957 g
	0.0055 km travelled by car
	Time:	0:00:34
	Energy:	0.0012 kWh
	CO2eq:	0.5957 g
	0.0055 km travelled by car
___cfd com 8 Treads_concluida___
___cfd com 10 Treads___
Compute time: 26.7005
Tempo total: 28600.001 ms
	Time:	0:00:29
	Energy:	0.0011 kWh
	CO2eq:	0.5106 g
	0.0048 km travelled by car
	Time:	0:00:29
	Energy:	0.0011 kWh
	CO2eq:	0.5106 g
	0.0048 km travelled by car
___cfd com 10 Treads_concluida___
___cfd com 12 Treads___
Compute time: 23.0108
Tempo total: 24877.092 ms
	Time:	0:00:25
	Energy:	0.0009 kWh
	CO2eq:	0.4518 g
	0.0042 km travelled by car
	Time:	0:00:25
	Energy:	0.0009 kWh
	CO2eq:	0.4518 g
	0.0042 km travelled by car
___cfd com 12 Treads_concluida___
___cfd com 14 Treads___
Compute time: 20.5066
Tempo total: 22380.135 ms
	Time:	0:00:22
	Energy:	0.0009 kWh
	CO2eq:	0.4125 g
	0.0038 km travelled by car
	Time:	0:00:22
	Energy:	0.0009 kWh
	CO2eq:	0.4125 g
	0.0038 km travelled by car
___cfd com 14 Treads_concluida___
___cfd com 16 Treads___
Compute time: 18.7345
Tempo total: 20676.620 ms
	Time:	0:00:21
	Energy:	0.0008 kWh
	CO2eq:	0.3846 g
	0.0036 km travelled by car
	Time:	0:00:21
	Energy:	0.0008 kWh
	CO2eq:	0.3846 g
	0.0036 km travelled by car
___cfd com 16 Treads_concluida___
___cfd com 18 Treads___
Compute time: 16.7271
Tempo total: 18605.678 ms
	Time:	0:00:19
	Energy:	0.0007 kWh
	CO2eq:	0.3497 g
	0.0033 km travelled by car
	Time:	0:00:19
	Energy:	0.0007 kWh
	CO2eq:	0.3497 g
	0.0033 km travelled by car
___cfd com 18 Treads_concluida___
___cfd com 20 Treads___
Compute time: 15.1482
Tempo total: 17108.752 ms
	Time:	0:00:17
	Energy:	0.0007 kWh
	CO2eq:	0.3216 g
	0.0030 km travelled by car
	Time:	0:00:17
	Energy:	0.0007 kWh
	CO2eq:	0.3216 g
	0.0030 km travelled by car
___cfd com 20 Treads_concluida___
___cfd com 22 Treads___
Compute time: 13.7061
Tempo total: 15588.868 ms
	Time:	0:00:16
	Energy:	0.0006 kWh
	CO2eq:	0.3018 g
	0.0028 km travelled by car
	Time:	0:00:16
	Energy:	0.0006 kWh
	CO2eq:	0.3018 g
	0.0028 km travelled by car
___cfd com 22 Treads_concluida___
___cfd com 24 Treads___
Compute time: 12.6071
Tempo total: 14474.186 ms
	Time:	0:00:14
	Energy:	0.0006 kWh
	CO2eq:	0.2885 g
	0.0027 km travelled by car
	Time:	0:00:14
	Energy:	0.0006 kWh
	CO2eq:	0.2885 g
	0.0027 km travelled by car
___cfd com 24 Treads_concluida___
___cfd com 26 Treads___
Compute time: 11.8129
Tempo total: 13724.134 ms
	Time:	0:00:14
	Energy:	0.0006 kWh
	CO2eq:	0.2747 g
	0.0026 km travelled by car
	Time:	0:00:14
	Energy:	0.0006 kWh
	CO2eq:	0.2747 g
	0.0026 km travelled by car
___cfd com 26 Treads_concluida___
___cfd com 28 Treads___
Compute time: 11.0151
Tempo total: 12950.345 ms
	Time:	0:00:13
	Energy:	0.0006 kWh
	CO2eq:	0.2651 g
	0.0025 km travelled by car
	Time:	0:00:13
	Energy:	0.0005 kWh
	CO2eq:	0.2553 g
	0.0024 km travelled by car
___cfd com 28 Treads_concluida___
___cfd com 30 Treads___
Compute time: 10.0998
Tempo total: 12071.246 ms
	Time:	0:00:12
	Energy:	0.0005 kWh
	CO2eq:	0.2517 g
	0.0023 km travelled by car
	Time:	0:00:12
	Energy:	0.0005 kWh
	CO2eq:	0.2517 g
	0.0023 km travelled by car
___cfd com 30 Treads_concluida___
___cfd com 32 Treads___
Compute time: 9.70363
Tempo total: 11582.109 ms
	Time:	0:00:12
	Energy:	0.0005 kWh
	CO2eq:	0.2416 g
	0.0022 km travelled by car
	Time:	0:00:12
	Energy:	0.0005 kWh
	CO2eq:	0.2416 g
	0.0022 km travelled by car
___cfd com 32 Treads_concluida___
___cfd com 34 Treads___
Compute time: 8.99234
Tempo total: 10961.071 ms
	Time:	0:00:11
	Energy:	0.0005 kWh
	CO2eq:	0.2342 g
	0.0022 km travelled by car
	Time:	0:00:11
	Energy:	0.0005 kWh
	CO2eq:	0.2231 g
	0.0021 km travelled by car
___cfd com 34 Treads_concluida___
___cfd com 36 Treads___
Compute time: 8.49432
Tempo total: 10419.905 ms
	Time:	0:00:10
	Energy:	0.0005 kWh
	CO2eq:	0.2262 g
	0.0021 km travelled by car
	Time:	0:00:10
	Energy:	0.0005 kWh
	CO2eq:	0.2262 g
	0.0021 km travelled by car
___cfd com 36 Treads_concluida___
___cfd com 38 Treads___
Compute time: 8.18043
Tempo total: 10048.805 ms
	Time:	0:00:10
	Energy:	0.0005 kWh
	CO2eq:	0.2229 g
	0.0021 km travelled by car
	Time:	0:00:10
	Energy:	0.0005 kWh
	CO2eq:	0.2229 g
	0.0021 km travelled by car
___cfd com 38 Treads_concluida___
___cfd com 40 Treads___
Compute time: 7.66188
Tempo total: 9626.173 ms
	Time:	0:00:10
	Energy:	0.0004 kWh
	CO2eq:	0.2099 g
	0.0020 km travelled by car
	Time:	0:00:10
	Energy:	0.0004 kWh
	CO2eq:	0.2099 g
	0.0020 km travelled by car
___cfd com 40 Treads_concluida___
___cfd com 42 Treads___
Compute time: 7.34024
Tempo total: 9291.085 ms
	Time:	0:00:09
	Energy:	0.0004 kWh
	CO2eq:	0.2004 g
	0.0019 km travelled by car
	Time:	0:00:09
	Energy:	0.0004 kWh
	CO2eq:	0.2004 g
	0.0019 km travelled by car
___cfd com 42 Treads_concluida___
___cfd com 44 Treads___
Compute time: 7.03339
Tempo total: 8975.579 ms
	Time:	0:00:09
	Energy:	0.0004 kWh
	CO2eq:	0.2038 g
	0.0019 km travelled by car
	Time:	0:00:09
	Energy:	0.0004 kWh
	CO2eq:	0.1908 g
	0.0018 km travelled by car
___cfd com 44 Treads_concluida___
___cfd com 46 Treads___
Compute time: 7.04919
Tempo total: 8995.402 ms
	Time:	0:00:09
	Energy:	0.0004 kWh
	CO2eq:	0.2112 g
	0.0020 km travelled by car
	Time:	0:00:09
	Energy:	0.0004 kWh
	CO2eq:	0.1970 g
	0.0018 km travelled by car
___cfd com 46 Treads_concluida___
___cfd com 48 Treads___
Compute time: 6.9143
Tempo total: 8882.111 ms
	Time:	0:00:09
	Energy:	0.0004 kWh
	CO2eq:	0.2139 g
	0.0020 km travelled by car
	Time:	0:00:09
	Energy:	0.0004 kWh
	CO2eq:	0.2139 g
	0.0020 km travelled by car
___cfd com 48 Treads_concluida___
___cfd com 50 Treads___
Compute time: 6.8598
Tempo total: 8724.655 ms
	Time:	0:00:09
	Energy:	0.0004 kWh
	CO2eq:	0.2118 g
	0.0020 km travelled by car
	Time:	0:00:09
	Energy:	0.0004 kWh
	CO2eq:	0.2118 g
	0.0020 km travelled by car
___cfd com 50 Treads_concluida___
___cfd com 52 Treads___
Compute time: 6.65439
Tempo total: 8590.327 ms
	Time:	0:00:09
	Energy:	0.0004 kWh
	CO2eq:	0.2100 g
	0.0020 km travelled by car
	Time:	0:00:09
	Energy:	0.0004 kWh
	CO2eq:	0.2100 g
	0.0020 km travelled by car
___cfd com 52 Treads_concluida___
___cfd com 54 Treads___
Compute time: 6.40988
Tempo total: 8401.504 ms
	Time:	0:00:08
	Energy:	0.0004 kWh
	CO2eq:	0.2079 g
	0.0019 km travelled by car
	Time:	0:00:08
	Energy:	0.0004 kWh
	CO2eq:	0.2079 g
	0.0019 km travelled by car
___cfd com 54 Treads_concluida___
___cfd com 56 Treads___
Compute time: 6.11706
Tempo total: 8060.328 ms
	Time:	0:00:08
	Energy:	0.0004 kWh
	CO2eq:	0.2018 g
	0.0019 km travelled by car
	Time:	0:00:08
	Energy:	0.0004 kWh
	CO2eq:	0.2018 g
	0.0019 km travelled by car
___cfd com 56 Treads_concluida___
___cfd com 58 Treads___
Compute time: 5.93924
Tempo total: 7826.512 ms
	Time:	0:00:08
	Energy:	0.0004 kWh
	CO2eq:	0.1949 g
	0.0018 km travelled by car
	Time:	0:00:08
	Energy:	0.0004 kWh
	CO2eq:	0.1949 g
	0.0018 km travelled by car
___cfd com 58 Treads_concluida___
___cfd com 60 Treads___
Compute time: 5.78729
Tempo total: 7669.024 ms
	Time:	0:00:08
	Energy:	0.0004 kWh
	CO2eq:	0.1888 g
	0.0018 km travelled by car
	Time:	0:00:08
	Energy:	0.0004 kWh
	CO2eq:	0.1888 g
	0.0018 km travelled by car
___cfd com 60 Treads_concluida___
___cfd com 62 Treads___
Compute time: 5.56416
Tempo total: 7529.747 ms
	Time:	0:00:08
	Energy:	0.0004 kWh
	CO2eq:	0.1815 g
	0.0017 km travelled by car
	Time:	0:00:08
	Energy:	0.0004 kWh
	CO2eq:	0.1815 g
	0.0017 km travelled by car
___cfd com 62 Treads_concluida___
___cfd com 64 Treads___
Compute time: 5.43683
Tempo total: 7322.089 ms
	Time:	0:00:07
	Energy:	0.0004 kWh
	CO2eq:	0.1750 g
	0.0016 km travelled by car
	Time:	0:00:07
	Energy:	0.0004 kWh
	CO2eq:	0.1750 g
	0.0016 km travelled by car
___cfd com 64 Treads_concluida___
___cfd com 66 Treads___
Compute time: 5.3451
Tempo total: 7220.371 ms
	Time:	0:00:07
	Energy:	0.0004 kWh
	CO2eq:	0.1717 g
	0.0016 km travelled by car
	Time:	0:00:07
	Energy:	0.0004 kWh
	CO2eq:	0.1717 g
	0.0016 km travelled by car
___cfd com 66 Treads_concluida___
___cfd com 68 Treads___
Compute time: 5.39283
Tempo total: 7362.242 ms
	Time:	0:00:07
	Energy:	0.0004 kWh
	CO2eq:	0.1772 g
	0.0016 km travelled by car
	Time:	0:00:07
	Energy:	0.0004 kWh
	CO2eq:	0.1772 g
	0.0016 km travelled by car
___cfd com 68 Treads_concluida___
___cfd com 70 Treads___
Compute time: 5.3635
Tempo total: 7231.173 ms
	Time:	0:00:07
	Energy:	0.0004 kWh
	CO2eq:	0.1746 g
	0.0016 km travelled by car
	Time:	0:00:07
	Energy:	0.0004 kWh
	CO2eq:	0.1746 g
	0.0016 km travelled by car
___cfd com 70 Treads_concluida___
___cfd com 72 Treads___
Compute time: 5.00892
Tempo total: 6887.077 ms
	Time:	0:00:07
	Energy:	0.0004 kWh
	CO2eq:	0.1801 g
	0.0017 km travelled by car
	Time:	0:00:07
	Energy:	0.0003 kWh
	CO2eq:	0.1610 g
	0.0015 km travelled by car
___cfd com 72 Treads_concluida___
___cfd com 74 Treads___
Compute time: 5.11416
Tempo total: 7053.786 ms
	Time:	0:00:07
	Energy:	0.0004 kWh
	CO2eq:	0.1830 g
	0.0017 km travelled by car
	Time:	0:00:07
	Energy:	0.0003 kWh
	CO2eq:	0.1671 g
	0.0016 km travelled by car
___cfd com 74 Treads_concluida___
___cfd com 76 Treads___
Compute time: 5.02853
Tempo total: 6913.390 ms
	Time:	0:00:07
	Energy:	0.0004 kWh
	CO2eq:	0.1829 g
	0.0017 km travelled by car
	Time:	0:00:07
	Energy:	0.0003 kWh
	CO2eq:	0.1636 g
	0.0015 km travelled by car
___cfd com 76 Treads_concluida___
___cfd com 78 Treads___
Compute time: 4.957
Tempo total: 6869.845 ms
	Time:	0:00:07
	Energy:	0.0004 kWh
	CO2eq:	0.1815 g
	0.0017 km travelled by car
	Time:	0:00:07
	Energy:	0.0004 kWh
	CO2eq:	0.1815 g
	0.0017 km travelled by car
___cfd com 78 Treads_concluida___
___cfd com 80 Treads___
Compute time: 4.63076
Tempo total: 6533.036 ms
	Time:	0:00:07
	Energy:	0.0004 kWh
	CO2eq:	0.1770 g
	0.0016 km travelled by car
	Time:	0:00:07
	Energy:	0.0004 kWh
	CO2eq:	0.1770 g
	0.0016 km travelled by car
___cfd com 80 Treads_concluida___
___cfd com 82 Treads___
Compute time: 4.65304
Tempo total: 6542.004 ms
	Time:	0:00:07
	Energy:	0.0004 kWh
	CO2eq:	0.1789 g
	0.0017 km travelled by car
	Time:	0:00:07
	Energy:	0.0004 kWh
	CO2eq:	0.1789 g
	0.0017 km travelled by car
___cfd com 82 Treads_concluida___
___cfd com 84 Treads___
Compute time: 4.44811
Tempo total: 6395.910 ms
	Time:	0:00:06
	Energy:	0.0004 kWh
	CO2eq:	0.1740 g
	0.0016 km travelled by car
	Time:	0:00:06
	Energy:	0.0004 kWh
	CO2eq:	0.1740 g
	0.0016 km travelled by car
___cfd com 84 Treads_concluida___
___cfd com 86 Treads___
Compute time: 4.3973
Tempo total: 6282.460 ms
	Time:	0:00:06
	Energy:	0.0004 kWh
	CO2eq:	0.1750 g
	0.0016 km travelled by car
	Time:	0:00:06
	Energy:	0.0004 kWh
	CO2eq:	0.1750 g
	0.0016 km travelled by car
___cfd com 86 Treads_concluida___
___cfd com 88 Treads___
Compute time: 4.4801
Tempo total: 6370.825 ms
	Time:	0:00:06
	Energy:	0.0004 kWh
	CO2eq:	0.1783 g
	0.0017 km travelled by car
	Time:	0:00:06
	Energy:	0.0004 kWh
	CO2eq:	0.1783 g
	0.0017 km travelled by car
___cfd com 88 Treads_concluida___
___Fim de cfd___:

Start -> srad
compilando srad...
cd srad_v1; 	make clean
make[1]: Entering directory '/scratch/acsilveira/rodinia_novos/openmp/srad/srad_v1'
rm *.o srad
make[1]: Leaving directory '/scratch/acsilveira/rodinia_novos/openmp/srad/srad_v1'
cd srad_v2; 	make clean
make[1]: Entering directory '/scratch/acsilveira/rodinia_novos/openmp/srad/srad_v2'
rm -f srad
make[1]: Leaving directory '/scratch/acsilveira/rodinia_novos/openmp/srad/srad_v2'
cd srad_v1; 	make
make[1]: Entering directory '/scratch/acsilveira/rodinia_novos/openmp/srad/srad_v1'
gcc	main.c \
		-c -O3 -fopenmp
gcc	main.o \
		-lm -fopenmp -o srad
make[1]: Leaving directory '/scratch/acsilveira/rodinia_novos/openmp/srad/srad_v1'
cd srad_v2; 	make
make[1]: Entering directory '/scratch/acsilveira/rodinia_novos/openmp/srad/srad_v2'
g++ -g -fopenmp -O2 -lm srad.cpp -o srad 
make[1]: Leaving directory '/scratch/acsilveira/rodinia_novos/openmp/srad/srad_v2'
___Executando srad___:
___srad com 2 Treads___
Tempo total: 149609.342 ms
	Time:	0:02:30
	Energy:	0.0049 kWh
	CO2eq:	2.3536 g
	0.0219 km travelled by car
	Time:	0:02:30
	Energy:	0.0049 kWh
	CO2eq:	2.3536 g
	0.0219 km travelled by car
___srad com 2 Treads_concluida___
___srad com 4 Treads___
Tempo total: 74872.318 ms
	Time:	0:01:15
	Energy:	0.0026 kWh
	CO2eq:	1.2387 g
	0.0115 km travelled by car
	Time:	0:01:15
	Energy:	0.0026 kWh
	CO2eq:	1.2387 g
	0.0115 km travelled by car
___srad com 4 Treads_concluida___
___srad com 6 Treads___
Tempo total: 52445.006 ms
	Time:	0:00:52
	Energy:	0.0019 kWh
	CO2eq:	0.8920 g
	0.0083 km travelled by car
	Time:	0:00:52
	Energy:	0.0019 kWh
	CO2eq:	0.8920 g
	0.0083 km travelled by car
___srad com 6 Treads_concluida___
___srad com 8 Treads___
Tempo total: 42763.362 ms
	Time:	0:00:43
	Energy:	0.0016 kWh
	CO2eq:	0.7473 g
	0.0070 km travelled by car
	Time:	0:00:43
	Energy:	0.0016 kWh
	CO2eq:	0.7473 g
	0.0070 km travelled by car
___srad com 8 Treads_concluida___
___srad com 10 Treads___
Tempo total: 34072.166 ms
	Time:	0:00:34
	Energy:	0.0013 kWh
	CO2eq:	0.6099 g
	0.0057 km travelled by car
	Time:	0:00:34
	Energy:	0.0013 kWh
	CO2eq:	0.6099 g
	0.0057 km travelled by car
___srad com 10 Treads_concluida___
___srad com 12 Treads___
Tempo total: 29125.568 ms
	Time:	0:00:29
	Energy:	0.0011 kWh
	CO2eq:	0.5315 g
	0.0049 km travelled by car
	Time:	0:00:29
	Energy:	0.0011 kWh
	CO2eq:	0.5312 g
	0.0049 km travelled by car
___srad com 12 Treads_concluida___
___srad com 14 Treads___
Tempo total: 26659.998 ms
	Time:	0:00:27
	Energy:	0.0010 kWh
	CO2eq:	0.4948 g
	0.0046 km travelled by car
	Time:	0:00:27
	Energy:	0.0010 kWh
	CO2eq:	0.4948 g
	0.0046 km travelled by car
___srad com 14 Treads_concluida___
___srad com 16 Treads___
Tempo total: 24907.453 ms
	Time:	0:00:25
	Energy:	0.0010 kWh
	CO2eq:	0.4667 g
	0.0043 km travelled by car
	Time:	0:00:25
	Energy:	0.0010 kWh
	CO2eq:	0.4667 g
	0.0043 km travelled by car
___srad com 16 Treads_concluida___
___srad com 18 Treads___
Tempo total: 22969.180 ms
	Time:	0:00:23
	Energy:	0.0009 kWh
	CO2eq:	0.4355 g
	0.0041 km travelled by car
	Time:	0:00:23
	Energy:	0.0009 kWh
	CO2eq:	0.4329 g
	0.0040 km travelled by car
___srad com 18 Treads_concluida___
___srad com 20 Treads___
Tempo total: 20981.158 ms
	Time:	0:00:21
	Energy:	0.0008 kWh
	CO2eq:	0.4071 g
	0.0038 km travelled by car
	Time:	0:00:21
	Energy:	0.0008 kWh
	CO2eq:	0.4048 g
	0.0038 km travelled by car
___srad com 20 Treads_concluida___
___srad com 22 Treads___
Tempo total: 19348.711 ms
	Time:	0:00:19
	Energy:	0.0008 kWh
	CO2eq:	0.3834 g
	0.0036 km travelled by car
	Time:	0:00:19
	Energy:	0.0008 kWh
	CO2eq:	0.3834 g
	0.0036 km travelled by car
___srad com 22 Treads_concluida___
___srad com 24 Treads___
Tempo total: 18232.824 ms
	Time:	0:00:18
	Energy:	0.0008 kWh
	CO2eq:	0.3686 g
	0.0034 km travelled by car
	Time:	0:00:18
	Energy:	0.0008 kWh
	CO2eq:	0.3686 g
	0.0034 km travelled by car
___srad com 24 Treads_concluida___
___srad com 26 Treads___
Tempo total: 17022.641 ms
	Time:	0:00:17
	Energy:	0.0007 kWh
	CO2eq:	0.3504 g
	0.0033 km travelled by car
	Time:	0:00:17
	Energy:	0.0007 kWh
	CO2eq:	0.3492 g
	0.0032 km travelled by car
___srad com 26 Treads_concluida___
___srad com 28 Treads___
Tempo total: 16345.421 ms
	Time:	0:00:16
	Energy:	0.0007 kWh
	CO2eq:	0.3427 g
	0.0032 km travelled by car
	Time:	0:00:16
	Energy:	0.0007 kWh
	CO2eq:	0.3427 g
	0.0032 km travelled by car
___srad com 28 Treads_concluida___
___srad com 30 Treads___
Tempo total: 15695.790 ms
	Time:	0:00:16
	Energy:	0.0007 kWh
	CO2eq:	0.3346 g
	0.0031 km travelled by car
	Time:	0:00:16
	Energy:	0.0007 kWh
	CO2eq:	0.3346 g
	0.0031 km travelled by car
___srad com 30 Treads_concluida___
___srad com 32 Treads___
Tempo total: 14471.788 ms
	Time:	0:00:14
	Energy:	0.0007 kWh
	CO2eq:	0.3171 g
	0.0029 km travelled by car
	Time:	0:00:14
	Energy:	0.0007 kWh
	CO2eq:	0.3171 g
	0.0029 km travelled by car
___srad com 32 Treads_concluida___
___srad com 34 Treads___
Tempo total: 14492.566 ms
	Time:	0:00:14
	Energy:	0.0007 kWh
	CO2eq:	0.3191 g
	0.0030 km travelled by car
	Time:	0:00:14
	Energy:	0.0007 kWh
	CO2eq:	0.3191 g
	0.0030 km travelled by car
___srad com 34 Treads_concluida___
___srad com 36 Treads___
Tempo total: 14184.287 ms
	Time:	0:00:14
	Energy:	0.0007 kWh
	CO2eq:	0.3162 g
	0.0029 km travelled by car
	Time:	0:00:14
	Energy:	0.0007 kWh
	CO2eq:	0.3162 g
	0.0029 km travelled by car
___srad com 36 Treads_concluida___
___srad com 38 Treads___
Tempo total: 13726.485 ms
	Time:	0:00:14
	Energy:	0.0006 kWh
	CO2eq:	0.3105 g
	0.0029 km travelled by car
	Time:	0:00:14
	Energy:	0.0006 kWh
	CO2eq:	0.3105 g
	0.0029 km travelled by car
___srad com 38 Treads_concluida___
___srad com 40 Treads___
Tempo total: 13141.179 ms
	Time:	0:00:13
	Energy:	0.0006 kWh
	CO2eq:	0.3028 g
	0.0028 km travelled by car
	Time:	0:00:13
	Energy:	0.0006 kWh
	CO2eq:	0.3028 g
	0.0028 km travelled by car
___srad com 40 Treads_concluida___
___srad com 42 Treads___
Tempo total: 12782.955 ms
	Time:	0:00:13
	Energy:	0.0006 kWh
	CO2eq:	0.2984 g
	0.0028 km travelled by car
	Time:	0:00:13
	Energy:	0.0006 kWh
	CO2eq:	0.2984 g
	0.0028 km travelled by car
___srad com 42 Treads_concluida___
___srad com 44 Treads___
Tempo total: 12372.476 ms
	Time:	0:00:12
	Energy:	0.0006 kWh
	CO2eq:	0.2932 g
	0.0027 km travelled by car
	Time:	0:00:12
	Energy:	0.0006 kWh
	CO2eq:	0.2932 g
	0.0027 km travelled by car
___srad com 44 Treads_concluida___
___srad com 46 Treads___
Tempo total: 11723.377 ms
	Time:	0:00:12
	Energy:	0.0006 kWh
	CO2eq:	0.2861 g
	0.0027 km travelled by car
	Time:	0:00:12
	Energy:	0.0006 kWh
	CO2eq:	0.2861 g
	0.0027 km travelled by car
___srad com 46 Treads_concluida___
___srad com 48 Treads___
Tempo total: 11314.287 ms
	Time:	0:00:11
	Energy:	0.0006 kWh
	CO2eq:	0.2815 g
	0.0026 km travelled by car
	Time:	0:00:11
	Energy:	0.0006 kWh
	CO2eq:	0.2815 g
	0.0026 km travelled by car
___srad com 48 Treads_concluida___
___srad com 50 Treads___
Tempo total: 10933.674 ms
	Time:	0:00:11
	Energy:	0.0006 kWh
	CO2eq:	0.2744 g
	0.0026 km travelled by car
	Time:	0:00:11
	Energy:	0.0006 kWh
	CO2eq:	0.2711 g
	0.0025 km travelled by car
___srad com 50 Treads_concluida___
___srad com 52 Treads___
Tempo total: 10552.168 ms
	Time:	0:00:11
	Energy:	0.0006 kWh
	CO2eq:	0.2690 g
	0.0025 km travelled by car
	Time:	0:00:11
	Energy:	0.0006 kWh
	CO2eq:	0.2690 g
	0.0025 km travelled by car
___srad com 52 Treads_concluida___
___srad com 54 Treads___
Tempo total: 10251.232 ms
	Time:	0:00:10
	Energy:	0.0006 kWh
	CO2eq:	0.2646 g
	0.0025 km travelled by car
	Time:	0:00:10
	Energy:	0.0006 kWh
	CO2eq:	0.2646 g
	0.0025 km travelled by car
___srad com 54 Treads_concluida___
___srad com 56 Treads___
Tempo total: 9957.454 ms
	Time:	0:00:10
	Energy:	0.0005 kWh
	CO2eq:	0.2618 g
	0.0024 km travelled by car
	Time:	0:00:10
	Energy:	0.0005 kWh
	CO2eq:	0.2618 g
	0.0024 km travelled by car
___srad com 56 Treads_concluida___
___srad com 58 Treads___
Tempo total: 9658.426 ms
	Time:	0:00:10
	Energy:	0.0005 kWh
	CO2eq:	0.2569 g
	0.0024 km travelled by car
	Time:	0:00:10
	Energy:	0.0005 kWh
	CO2eq:	0.2569 g
	0.0024 km travelled by car
___srad com 58 Treads_concluida___
___srad com 60 Treads___
Tempo total: 9407.048 ms
	Time:	0:00:09
	Energy:	0.0005 kWh
	CO2eq:	0.2523 g
	0.0023 km travelled by car
	Time:	0:00:09
	Energy:	0.0005 kWh
	CO2eq:	0.2523 g
	0.0023 km travelled by car
___srad com 60 Treads_concluida___
___srad com 62 Treads___
Tempo total: 9036.351 ms
	Time:	0:00:09
	Energy:	0.0005 kWh
	CO2eq:	0.2449 g
	0.0023 km travelled by car
	Time:	0:00:09
	Energy:	0.0005 kWh
	CO2eq:	0.2449 g
	0.0023 km travelled by car
___srad com 62 Treads_concluida___
___srad com 64 Treads___
Tempo total: 8674.101 ms
	Time:	0:00:09
	Energy:	0.0005 kWh
	CO2eq:	0.2382 g
	0.0022 km travelled by car
	Time:	0:00:09
	Energy:	0.0005 kWh
	CO2eq:	0.2382 g
	0.0022 km travelled by car
___srad com 64 Treads_concluida___
___srad com 66 Treads___
Tempo total: 8621.476 ms
	Time:	0:00:09
	Energy:	0.0005 kWh
	CO2eq:	0.2398 g
	0.0022 km travelled by car
	Time:	0:00:09
	Energy:	0.0005 kWh
	CO2eq:	0.2398 g
	0.0022 km travelled by car
___srad com 66 Treads_concluida___
___srad com 68 Treads___
Tempo total: 8411.446 ms
	Time:	0:00:08
	Energy:	0.0005 kWh
	CO2eq:	0.2370 g
	0.0022 km travelled by car
	Time:	0:00:08
	Energy:	0.0005 kWh
	CO2eq:	0.2370 g
	0.0022 km travelled by car
___srad com 68 Treads_concluida___
___srad com 70 Treads___
Tempo total: 8210.167 ms
	Time:	0:00:08
	Energy:	0.0005 kWh
	CO2eq:	0.2345 g
	0.0022 km travelled by car
	Time:	0:00:08
	Energy:	0.0005 kWh
	CO2eq:	0.2345 g
	0.0022 km travelled by car
___srad com 70 Treads_concluida___
___srad com 72 Treads___
Tempo total: 8006.598 ms
	Time:	0:00:08
	Energy:	0.0005 kWh
	CO2eq:	0.2313 g
	0.0022 km travelled by car
	Time:	0:00:08
	Energy:	0.0005 kWh
	CO2eq:	0.2313 g
	0.0022 km travelled by car
___srad com 72 Treads_concluida___
___srad com 74 Treads___
Tempo total: 7819.097 ms
	Time:	0:00:08
	Energy:	0.0005 kWh
	CO2eq:	0.2293 g
	0.0021 km travelled by car
	Time:	0:00:08
	Energy:	0.0005 kWh
	CO2eq:	0.2293 g
	0.0021 km travelled by car
___srad com 74 Treads_concluida___
___srad com 76 Treads___
Tempo total: 7669.003 ms
	Time:	0:00:08
	Energy:	0.0005 kWh
	CO2eq:	0.2272 g
	0.0021 km travelled by car
	Time:	0:00:08
	Energy:	0.0005 kWh
	CO2eq:	0.2272 g
	0.0021 km travelled by car
___srad com 76 Treads_concluida___
___srad com 78 Treads___
Tempo total: 7532.533 ms
	Time:	0:00:08
	Energy:	0.0005 kWh
	CO2eq:	0.2267 g
	0.0021 km travelled by car
	Time:	0:00:08
	Energy:	0.0005 kWh
	CO2eq:	0.2267 g
	0.0021 km travelled by car
___srad com 78 Treads_concluida___
___srad com 80 Treads___
Tempo total: 7351.642 ms
	Time:	0:00:07
	Energy:	0.0005 kWh
	CO2eq:	0.2239 g
	0.0021 km travelled by car
	Time:	0:00:07
	Energy:	0.0005 kWh
	CO2eq:	0.2239 g
	0.0021 km travelled by car
___srad com 80 Treads_concluida___
___srad com 82 Treads___
Tempo total: 7208.533 ms
	Time:	0:00:07
	Energy:	0.0005 kWh
	CO2eq:	0.2219 g
	0.0021 km travelled by car
	Time:	0:00:07
	Energy:	0.0005 kWh
	CO2eq:	0.2219 g
	0.0021 km travelled by car
___srad com 82 Treads_concluida___
___srad com 84 Treads___
Tempo total: 7078.709 ms
	Time:	0:00:07
	Energy:	0.0005 kWh
	CO2eq:	0.2205 g
	0.0021 km travelled by car
	Time:	0:00:07
	Energy:	0.0005 kWh
	CO2eq:	0.2205 g
	0.0021 km travelled by car
___srad com 84 Treads_concluida___
___srad com 86 Treads___
Tempo total: 7022.449 ms
	Time:	0:00:07
	Energy:	0.0005 kWh
	CO2eq:	0.2188 g
	0.0020 km travelled by car
	Time:	0:00:07
	Energy:	0.0005 kWh
	CO2eq:	0.2191 g
	0.0020 km travelled by car
___srad com 86 Treads_concluida___
___srad com 88 Treads___
Tempo total: 6941.684 ms
	Time:	0:00:07
	Energy:	0.0005 kWh
	CO2eq:	0.2185 g
	0.0020 km travelled by car
	Time:	0:00:07
	Energy:	0.0004 kWh
	CO2eq:	0.2155 g
	0.0020 km travelled by car
___srad com 88 Treads_concluida___
___Fim de srad___:

