Numero de CPUs logicos (threads): 40
Numero de núcleos fisicos: 10
Start -> kmeans
compilando kmeans...
cd kmeans_serial; make clean
make[1]: Entering directory '/scratch/acsilveira/rodinia_novos/openmp/kmeans/kmeans_serial'
rm -f *.o *~ kmeans 
make[1]: Leaving directory '/scratch/acsilveira/rodinia_novos/openmp/kmeans/kmeans_serial'
cd kmeans_openmp; make clean
make[1]: Entering directory '/scratch/acsilveira/rodinia_novos/openmp/kmeans/kmeans_openmp'
rm -f *.o *~ kmeans 
make[1]: Leaving directory '/scratch/acsilveira/rodinia_novos/openmp/kmeans/kmeans_openmp'
cd kmeans_openmp; make
make[1]: Entering directory '/scratch/acsilveira/rodinia_novos/openmp/kmeans/kmeans_openmp'
gcc -g -fopenmp -O2  cluster.c -c
gcc -g -fopenmp -O2  getopt.c -c
gcc -g -fopenmp -O2  kmeans.c -c
gcc -g -fopenmp -O2  kmeans_clustering.c -c
gcc -g -fopenmp -O2  cluster.o getopt.o kmeans.o kmeans_clustering.o  -o kmeans
make[1]: Leaving directory '/scratch/acsilveira/rodinia_novos/openmp/kmeans/kmeans_openmp'
cd kmeans_serial; make
make[1]: Entering directory '/scratch/acsilveira/rodinia_novos/openmp/kmeans/kmeans_serial'
gcc -g -fopenmp -O2  cluster.c -c
gcc -g -fopenmp -O2  getopt.c -c
gcc -g -fopenmp -O2  kmeans.c -c
gcc -g -fopenmp -O2  kmeans_clustering.c -c
gcc -g -fopenmp -O2  cluster.o getopt.o kmeans.o kmeans_clustering.o  -o kmeans
make[1]: Leaving directory '/scratch/acsilveira/rodinia_novos/openmp/kmeans/kmeans_serial'
___Executando kmeans___:
___kmeans com 2 Treads___
Time for process: 302.324990
Tempo total: 303240.814 ms
	Time:	0:05:03
	Energy:	0.0046 kWh
	CO2eq:	2.2285 g
	0.0207 km travelled by car
	Time:	0:05:03
	Energy:	0.0046 kWh
	CO2eq:	2.2285 g
	0.0207 km travelled by car
___kmeans com 2 Treads_concluida___
___kmeans com 4 Treads___
Time for process: 153.041660
Tempo total: 153958.246 ms
	Time:	0:02:34
	Energy:	0.0025 kWh
	CO2eq:	1.2134 g
	0.0113 km travelled by car
	Time:	0:02:34
	Energy:	0.0025 kWh
	CO2eq:	1.2134 g
	0.0113 km travelled by car
___kmeans com 4 Treads_concluida___
___kmeans com 6 Treads___
Time for process: 108.828890
Tempo total: 109743.334 ms
	Time:	0:01:50
	Energy:	0.0019 kWh
	CO2eq:	0.9057 g
	0.0084 km travelled by car
	Time:	0:01:50
	Energy:	0.0019 kWh
	CO2eq:	0.9057 g
	0.0084 km travelled by car
___kmeans com 6 Treads_concluida___
___kmeans com 8 Treads___
Time for process: 84.678115
Tempo total: 85607.345 ms
	Time:	0:01:26
	Energy:	0.0015 kWh
	CO2eq:	0.7396 g
	0.0069 km travelled by car
	Time:	0:01:26
	Energy:	0.0015 kWh
	CO2eq:	0.7396 g
	0.0069 km travelled by car
___kmeans com 8 Treads_concluida___
___kmeans com 10 Treads___
Time for process: 69.766583
Tempo total: 70723.128 ms
	Time:	0:01:11
	Energy:	0.0013 kWh
	CO2eq:	0.6385 g
	0.0059 km travelled by car
	Time:	0:01:11
	Energy:	0.0013 kWh
	CO2eq:	0.6385 g
	0.0059 km travelled by car
___kmeans com 10 Treads_concluida___
___kmeans com 12 Treads___
Time for process: 58.199094
Tempo total: 59114.675 ms
	Time:	0:00:59
	Energy:	0.0012 kWh
	CO2eq:	0.5648 g
	0.0053 km travelled by car
	Time:	0:00:59
	Energy:	0.0012 kWh
	CO2eq:	0.5648 g
	0.0053 km travelled by car
___kmeans com 12 Treads_concluida___
___kmeans com 14 Treads___
Time for process: 49.859161
Tempo total: 50774.389 ms
	Time:	0:00:51
	Energy:	0.0011 kWh
	CO2eq:	0.5082 g
	0.0047 km travelled by car
	Time:	0:00:51
	Energy:	0.0011 kWh
	CO2eq:	0.5051 g
	0.0047 km travelled by car
___kmeans com 14 Treads_concluida___
___kmeans com 16 Treads___
Time for process: 43.630958
Tempo total: 44547.138 ms
	Time:	0:00:45
	Energy:	0.0010 kWh
	CO2eq:	0.4685 g
	0.0044 km travelled by car
	Time:	0:00:45
	Energy:	0.0010 kWh
	CO2eq:	0.4685 g
	0.0044 km travelled by car
___kmeans com 16 Treads_concluida___
___kmeans com 18 Treads___
Time for process: 38.826945
Tempo total: 39833.152 ms
	Time:	0:00:40
	Energy:	0.0009 kWh
	CO2eq:	0.4377 g
	0.0041 km travelled by car
	Time:	0:00:40
	Energy:	0.0009 kWh
	CO2eq:	0.4377 g
	0.0041 km travelled by car
___kmeans com 18 Treads_concluida___
___kmeans com 20 Treads___
Time for process: 34.976657
Tempo total: 35893.094 ms
	Time:	0:00:36
	Energy:	0.0009 kWh
	CO2eq:	0.4143 g
	0.0039 km travelled by car
	Time:	0:00:36
	Energy:	0.0009 kWh
	CO2eq:	0.4143 g
	0.0039 km travelled by car
___kmeans com 20 Treads_concluida___
___kmeans com 22 Treads___
Time for process: 31.945292
Tempo total: 32866.268 ms
	Time:	0:00:33
	Energy:	0.0009 kWh
	CO2eq:	0.4562 g
	0.0042 km travelled by car
	Time:	0:00:33
	Energy:	0.0009 kWh
	CO2eq:	0.4542 g
	0.0042 km travelled by car
___kmeans com 22 Treads_concluida___
___kmeans com 24 Treads___
Time for process: 29.142195
Tempo total: 30080.169 ms
	Time:	0:00:30
	Energy:	0.0009 kWh
	CO2eq:	0.4351 g
	0.0040 km travelled by car
	Time:	0:00:30
	Energy:	0.0009 kWh
	CO2eq:	0.4351 g
	0.0040 km travelled by car
___kmeans com 24 Treads_concluida___
___kmeans com 26 Treads___
Time for process: 27.051876
Tempo total: 27969.194 ms
	Time:	0:00:28
	Energy:	0.0009 kWh
	CO2eq:	0.4176 g
	0.0039 km travelled by car
	Time:	0:00:28
	Energy:	0.0009 kWh
	CO2eq:	0.4176 g
	0.0039 km travelled by car
___kmeans com 26 Treads_concluida___
___kmeans com 28 Treads___
Time for process: 25.016531
Tempo total: 25934.093 ms
	Time:	0:00:26
	Energy:	0.0008 kWh
	CO2eq:	0.3971 g
	0.0037 km travelled by car
	Time:	0:00:26
	Energy:	0.0008 kWh
	CO2eq:	0.3971 g
	0.0037 km travelled by car
___kmeans com 28 Treads_concluida___
___kmeans com 30 Treads___
Time for process: 23.787281
Tempo total: 24706.100 ms
	Time:	0:00:25
	Energy:	0.0008 kWh
	CO2eq:	0.3854 g
	0.0036 km travelled by car
	Time:	0:00:25
	Energy:	0.0008 kWh
	CO2eq:	0.3854 g
	0.0036 km travelled by car
___kmeans com 30 Treads_concluida___
___kmeans com 32 Treads___
Time for process: 21.926346
Tempo total: 22840.481 ms
	Time:	0:00:23
	Energy:	0.0008 kWh
	CO2eq:	0.3653 g
	0.0034 km travelled by car
	Time:	0:00:23
	Energy:	0.0008 kWh
	CO2eq:	0.3626 g
	0.0034 km travelled by car
___kmeans com 32 Treads_concluida___
___kmeans com 34 Treads___
Time for process: 20.945089
Tempo total: 21889.790 ms
	Time:	0:00:22
	Energy:	0.0007 kWh
	CO2eq:	0.3593 g
	0.0033 km travelled by car
	Time:	0:00:22
	Energy:	0.0007 kWh
	CO2eq:	0.3593 g
	0.0033 km travelled by car
___kmeans com 34 Treads_concluida___
___kmeans com 36 Treads___
Time for process: 19.563337
Tempo total: 20485.724 ms
	Time:	0:00:20
	Energy:	0.0007 kWh
	CO2eq:	0.3447 g
	0.0032 km travelled by car
	Time:	0:00:20
	Energy:	0.0007 kWh
	CO2eq:	0.3447 g
	0.0032 km travelled by car
___kmeans com 36 Treads_concluida___
___kmeans com 38 Treads___
Time for process: 18.936543
Tempo total: 19851.663 ms
	Time:	0:00:20
	Energy:	0.0007 kWh
	CO2eq:	0.3426 g
	0.0032 km travelled by car
	Time:	0:00:20
	Energy:	0.0007 kWh
	CO2eq:	0.3426 g
	0.0032 km travelled by car
___kmeans com 38 Treads_concluida___
___kmeans com 40 Treads___
Time for process: 17.642324
Tempo total: 18557.449 ms
	Time:	0:00:19
	Energy:	0.0007 kWh
	CO2eq:	0.3280 g
	0.0031 km travelled by car
	Time:	0:00:19
	Energy:	0.0007 kWh
	CO2eq:	0.3280 g
	0.0031 km travelled by car
___kmeans com 40 Treads_concluida___
___Fim de kmeans___:

Start -> leukocyte
compilando leukocyte...
cd OpenMP; make clean
make[1]: Entering directory '/scratch/acsilveira/rodinia_novos/openmp/leukocyte/OpenMP'
rm -f *.o leukocyte
make[1]: Leaving directory '/scratch/acsilveira/rodinia_novos/openmp/leukocyte/OpenMP'
rm -f meschach_lib/meschach.a
cd OpenMP; make
make[1]: Entering directory '/scratch/acsilveira/rodinia_novos/openmp/leukocyte/OpenMP'
gcc  -g -O3 -Wall -fopenmp -I../meschach_lib detect_main.c -c
gcc  -g -O3 -Wall -fopenmp -I../meschach_lib avilib.c -c
gcc  -g -O3 -Wall -fopenmp -I../meschach_lib find_ellipse.c -c
gcc  -g -O3 -Wall -fopenmp -I../meschach_lib track_ellipse.c -c
gcc  -g -O3 -Wall -fopenmp -I../meschach_lib misc_math.c -c
cd ../meschach_lib; ./configure --with-all; make all; make clean
make[2]: Entering directory '/scratch/acsilveira/rodinia_novos/openmp/leukocyte/meschach_lib'
cc -c -O -DHAVE_CONFIG_H copy.c
cc -c -O -DHAVE_CONFIG_H err.c
cc -c -O -DHAVE_CONFIG_H matrixio.c
cc -c -O -DHAVE_CONFIG_H memory.c
cc -c -O -DHAVE_CONFIG_H vecop.c
cc -c -O -DHAVE_CONFIG_H matop.c
cc -c -O -DHAVE_CONFIG_H pxop.c
cc -c -O -DHAVE_CONFIG_H submat.c
cc -c -O -DHAVE_CONFIG_H init.c
cc -c -O -DHAVE_CONFIG_H otherio.c
cc -c -O -DHAVE_CONFIG_H machine.c
cc -c -O -DHAVE_CONFIG_H matlab.c
cc -c -O -DHAVE_CONFIG_H ivecop.c
cc -c -O -DHAVE_CONFIG_H version.c
cc -c -O -DHAVE_CONFIG_H meminfo.c
cc -c -O -DHAVE_CONFIG_H memstat.c
ar ru meschach.a copy.o err.o matrixio.o memory.o vecop.o matop.o pxop.o submat.o init.o otherio.o machine.o matlab.o ivecop.o version.o meminfo.o memstat.o; ranlib meschach.a
cc -c -O -DHAVE_CONFIG_H lufactor.c
cc -c -O -DHAVE_CONFIG_H bkpfacto.c
cc -c -O -DHAVE_CONFIG_H chfactor.c
cc -c -O -DHAVE_CONFIG_H qrfactor.c
cc -c -O -DHAVE_CONFIG_H solve.c
cc -c -O -DHAVE_CONFIG_H hsehldr.c
cc -c -O -DHAVE_CONFIG_H givens.c
cc -c -O -DHAVE_CONFIG_H update.c
cc -c -O -DHAVE_CONFIG_H norm.c
cc -c -O -DHAVE_CONFIG_H hessen.c
cc -c -O -DHAVE_CONFIG_H symmeig.c
cc -c -O -DHAVE_CONFIG_H schur.c
cc -c -O -DHAVE_CONFIG_H svd.c
cc -c -O -DHAVE_CONFIG_H fft.c
cc -c -O -DHAVE_CONFIG_H mfunc.c
cc -c -O -DHAVE_CONFIG_H bdfactor.c
ar ru meschach.a lufactor.o bkpfacto.o chfactor.o qrfactor.o solve.o hsehldr.o givens.o update.o norm.o hessen.o symmeig.o schur.o svd.o fft.o mfunc.o bdfactor.o; ranlib meschach.a
cc -c -O -DHAVE_CONFIG_H sparse.c
cc -c -O -DHAVE_CONFIG_H sprow.c
cc -c -O -DHAVE_CONFIG_H sparseio.c
cc -c -O -DHAVE_CONFIG_H spchfctr.c
cc -c -O -DHAVE_CONFIG_H splufctr.c
cc -c -O -DHAVE_CONFIG_H spbkp.c
cc -c -O -DHAVE_CONFIG_H spswap.c
cc -c -O -DHAVE_CONFIG_H iter0.c
cc -c -O -DHAVE_CONFIG_H itersym.c
cc -c -O -DHAVE_CONFIG_H iternsym.c
ar ru meschach.a sparse.o sprow.o sparseio.o spchfctr.o splufctr.o spbkp.o spswap.o iter0.o itersym.o iternsym.o; ranlib meschach.a
cc -c -O -DHAVE_CONFIG_H zmachine.c
cc -c -O -DHAVE_CONFIG_H zcopy.c
cc -c -O -DHAVE_CONFIG_H zmatio.c
cc -c -O -DHAVE_CONFIG_H zmemory.c
cc -c -O -DHAVE_CONFIG_H zvecop.c
cc -c -O -DHAVE_CONFIG_H zmatop.c
cc -c -O -DHAVE_CONFIG_H znorm.c
cc -c -O -DHAVE_CONFIG_H zfunc.c
ar ru meschach.a zmachine.o zcopy.o zmatio.o zmemory.o zvecop.o zmatop.o znorm.o zfunc.o ; ranlib meschach.a
cc -c -O -DHAVE_CONFIG_H zlufctr.c
cc -c -O -DHAVE_CONFIG_H zsolve.c
cc -c -O -DHAVE_CONFIG_H zmatlab.c
cc -c -O -DHAVE_CONFIG_H zhsehldr.c
cc -c -O -DHAVE_CONFIG_H zqrfctr.c
cc -c -O -DHAVE_CONFIG_H zgivens.c
cc -c -O -DHAVE_CONFIG_H zhessen.c
cc -c -O -DHAVE_CONFIG_H zschur.c
ar ru meschach.a zlufctr.o zsolve.o zmatlab.o zhsehldr.o zqrfctr.o zgivens.o  zhessen.o zschur.o; ranlib meschach.a
make[2]: Leaving directory '/scratch/acsilveira/rodinia_novos/openmp/leukocyte/meschach_lib'
make[2]: Entering directory '/scratch/acsilveira/rodinia_novos/openmp/leukocyte/meschach_lib'
/bin/rm -f *.o core asx5213a.mat iotort.dat 
make[2]: Leaving directory '/scratch/acsilveira/rodinia_novos/openmp/leukocyte/meschach_lib'
gcc -g -O3 -Wall -fopenmp -I../meschach_lib -lm avilib.o find_ellipse.o track_ellipse.o misc_math.o detect_main.o -o leukocyte -lm ../meschach_lib/meschach.a -lpthread
make[1]: Leaving directory '/scratch/acsilveira/rodinia_novos/openmp/leukocyte/OpenMP'
___Executando leukocyte___:
___leukocyte com 2 Treads___
Total application run time: 939.92761 seconds
Tempo total: 940052.789 ms
	Time:	0:15:40
	Energy:	0.0143 kWh
	CO2eq:	6.8588 g
	0.0638 km travelled by car
	Time:	0:15:40
	Energy:	0.0143 kWh
	CO2eq:	6.8588 g
	0.0638 km travelled by car
___leukocyte com 2 Treads_concluida___
___leukocyte com 4 Treads___
Total application run time: 507.01590 seconds
Tempo total: 507161.640 ms
	Time:	0:08:27
	Energy:	0.0084 kWh
	CO2eq:	4.0439 g
	0.0376 km travelled by car
	Time:	0:08:27
	Energy:	0.0084 kWh
	CO2eq:	4.0435 g
	0.0376 km travelled by car
___leukocyte com 4 Treads_concluida___
___leukocyte com 6 Treads___
Total application run time: 357.23654 seconds
Tempo total: 357374.490 ms
	Time:	0:05:57
	Energy:	0.0062 kWh
	CO2eq:	3.0021 g
	0.0279 km travelled by car
	Time:	0:05:57
	Energy:	0.0062 kWh
	CO2eq:	3.0021 g
	0.0279 km travelled by car
___leukocyte com 6 Treads_concluida___
___leukocyte com 8 Treads___
Total application run time: 317.01556 seconds
Tempo total: 317162.806 ms
	Time:	0:05:17
	Energy:	0.0057 kWh
	CO2eq:	2.7387 g
	0.0255 km travelled by car
	Time:	0:05:17
	Energy:	0.0057 kWh
	CO2eq:	2.7387 g
	0.0255 km travelled by car
___leukocyte com 8 Treads_concluida___
___leukocyte com 10 Treads___
Total application run time: 255.64061 seconds
Tempo total: 255778.519 ms
	Time:	0:04:16
	Energy:	0.0048 kWh
	CO2eq:	2.3148 g
	0.0215 km travelled by car
	Time:	0:04:16
	Energy:	0.0048 kWh
	CO2eq:	2.3148 g
	0.0215 km travelled by car
___leukocyte com 10 Treads_concluida___
___leukocyte com 12 Treads___
Total application run time: 197.91074 seconds
Tempo total: 198052.969 ms
	Time:	0:03:18
	Energy:	0.0040 kWh
	CO2eq:	1.9237 g
	0.0179 km travelled by car
	Time:	0:03:18
	Energy:	0.0040 kWh
	CO2eq:	1.9237 g
	0.0179 km travelled by car
___leukocyte com 12 Treads_concluida___
___leukocyte com 14 Treads___
Total application run time: 194.29828 seconds
Tempo total: 194450.533 ms
	Time:	0:03:14
	Energy:	0.0040 kWh
	CO2eq:	1.9214 g
	0.0179 km travelled by car
	Time:	0:03:14
	Energy:	0.0040 kWh
	CO2eq:	1.9214 g
	0.0179 km travelled by car
___leukocyte com 14 Treads_concluida___
___leukocyte com 16 Treads___
Total application run time: 188.66669 seconds
Tempo total: 188809.395 ms
	Time:	0:03:09
	Energy:	0.0039 kWh
	CO2eq:	1.8705 g
	0.0174 km travelled by car
	Time:	0:03:09
	Energy:	0.0039 kWh
	CO2eq:	1.8705 g
	0.0174 km travelled by car
___leukocyte com 16 Treads_concluida___
___leukocyte com 18 Treads___
Total application run time: 141.74844 seconds
Tempo total: 141893.446 ms
	Time:	0:02:22
	Energy:	0.0033 kWh
	CO2eq:	1.5974 g
	0.0149 km travelled by car
	Time:	0:02:22
	Energy:	0.0033 kWh
	CO2eq:	1.5974 g
	0.0149 km travelled by car
___leukocyte com 18 Treads_concluida___
___leukocyte com 20 Treads___
Total application run time: 135.97862 seconds
Tempo total: 136127.151 ms
	Time:	0:02:16
	Energy:	0.0033 kWh
	CO2eq:	1.5669 g
	0.0146 km travelled by car
	Time:	0:02:16
	Energy:	0.0033 kWh
	CO2eq:	1.5669 g
	0.0146 km travelled by car
___leukocyte com 20 Treads_concluida___
___leukocyte com 22 Treads___
Total application run time: 135.79510 seconds
Tempo total: 135943.928 ms
	Time:	0:02:16
	Energy:	0.0034 kWh
	CO2eq:	1.6308 g
	0.0152 km travelled by car
	Time:	0:02:16
	Energy:	0.0034 kWh
	CO2eq:	1.6308 g
	0.0152 km travelled by car
___leukocyte com 22 Treads_concluida___
___leukocyte com 24 Treads___
Total application run time: 135.58698 seconds
Tempo total: 135733.727 ms
	Time:	0:02:16
	Energy:	0.0034 kWh
	CO2eq:	1.6460 g
	0.0153 km travelled by car
	Time:	0:02:16
	Energy:	0.0034 kWh
	CO2eq:	1.6460 g
	0.0153 km travelled by car
___leukocyte com 24 Treads_concluida___
___leukocyte com 26 Treads___
Total application run time: 135.59753 seconds
Tempo total: 135745.291 ms
	Time:	0:02:16
	Energy:	0.0035 kWh
	CO2eq:	1.6867 g
	0.0157 km travelled by car
	Time:	0:02:16
	Energy:	0.0035 kWh
	CO2eq:	1.6867 g
	0.0157 km travelled by car
___leukocyte com 26 Treads_concluida___
___leukocyte com 28 Treads___
Total application run time: 134.10812 seconds
Tempo total: 134254.189 ms
	Time:	0:02:14
	Energy:	0.0035 kWh
	CO2eq:	1.6811 g
	0.0156 km travelled by car
	Time:	0:02:14
	Energy:	0.0035 kWh
	CO2eq:	1.6811 g
	0.0156 km travelled by car
___leukocyte com 28 Treads_concluida___
___leukocyte com 30 Treads___
Total application run time: 129.64734 seconds
Tempo total: 129791.655 ms
	Time:	0:02:10
	Energy:	0.0035 kWh
	CO2eq:	1.6711 g
	0.0155 km travelled by car
	Time:	0:02:10
	Energy:	0.0035 kWh
	CO2eq:	1.6711 g
	0.0155 km travelled by car
___leukocyte com 30 Treads_concluida___
___leukocyte com 32 Treads___
Total application run time: 125.94679 seconds
Tempo total: 126097.310 ms
	Time:	0:02:06
	Energy:	0.0034 kWh
	CO2eq:	1.6563 g
	0.0154 km travelled by car
	Time:	0:02:06
	Energy:	0.0034 kWh
	CO2eq:	1.6563 g
	0.0154 km travelled by car
___leukocyte com 32 Treads_concluida___
___leukocyte com 34 Treads___
Total application run time: 121.63356 seconds
Tempo total: 121781.443 ms
	Time:	0:02:02
	Energy:	0.0034 kWh
	CO2eq:	1.6380 g
	0.0152 km travelled by car
	Time:	0:02:02
	Energy:	0.0034 kWh
	CO2eq:	1.6380 g
	0.0152 km travelled by car
___leukocyte com 34 Treads_concluida___
___leukocyte com 36 Treads___
Total application run time: 75.41966 seconds
Tempo total: 75556.949 ms
	Time:	0:01:16
	Energy:	0.0027 kWh
	CO2eq:	1.3051 g
	0.0121 km travelled by car
	Time:	0:01:16
	Energy:	0.0027 kWh
	CO2eq:	1.3051 g
	0.0121 km travelled by car
___leukocyte com 36 Treads_concluida___
___leukocyte com 38 Treads___
Total application run time: 75.38998 seconds
Tempo total: 75540.467 ms
	Time:	0:01:16
	Energy:	0.0028 kWh
	CO2eq:	1.3254 g
	0.0123 km travelled by car
	Time:	0:01:16
	Energy:	0.0028 kWh
	CO2eq:	1.3254 g
	0.0123 km travelled by car
___leukocyte com 38 Treads_concluida___
___leukocyte com 40 Treads___
Total application run time: 75.46558 seconds
Tempo total: 75613.139 ms
	Time:	0:01:16
	Energy:	0.0028 kWh
	CO2eq:	1.3326 g
	0.0124 km travelled by car
	Time:	0:01:16
	Energy:	0.0028 kWh
	CO2eq:	1.3326 g
	0.0124 km travelled by car
___leukocyte com 40 Treads_concluida___
___Fim de leukocyte___:

Start -> backprop
compilando backprop...
rm -f *.o *~ backprop backprop_cuda.linkinfo
gcc -g -fopenmp  -O2 backprop.c -c
gcc -g -fopenmp  -O2 facetrain.c -c
gcc -g -fopenmp  -O2 imagenet.c -c
gcc -g -fopenmp  -O2 backprop_kernel.c -c
gcc -g -fopenmp  -O2 backprop.o facetrain.o imagenet.o backprop_kernel.o -o backprop -lm
___Executando backprop___:
___backprop com 2 Treads___
Tempo total: 40825.926 ms
	Time:	0:00:41
	Energy:	0.0007 kWh
	CO2eq:	0.3178 g
	0.0030 km travelled by car
	Time:	0:00:41
	Energy:	0.0007 kWh
	CO2eq:	0.3178 g
	0.0030 km travelled by car
___backprop com 2 Treads_concluida___
___backprop com 4 Treads___
Tempo total: 33861.721 ms
	Time:	0:00:34
	Energy:	0.0005 kWh
	CO2eq:	0.2612 g
	0.0024 km travelled by car
	Time:	0:00:34
	Energy:	0.0005 kWh
	CO2eq:	0.2612 g
	0.0024 km travelled by car
___backprop com 4 Treads_concluida___
___backprop com 6 Treads___
Tempo total: 33550.841 ms
	Time:	0:00:34
	Energy:	0.0005 kWh
	CO2eq:	0.2545 g
	0.0024 km travelled by car
	Time:	0:00:34
	Energy:	0.0005 kWh
	CO2eq:	0.2545 g
	0.0024 km travelled by car
___backprop com 6 Treads_concluida___
___backprop com 8 Treads___
Tempo total: 31111.049 ms
	Time:	0:00:31
	Energy:	0.0005 kWh
	CO2eq:	0.2356 g
	0.0022 km travelled by car
	Time:	0:00:31
	Energy:	0.0005 kWh
	CO2eq:	0.2356 g
	0.0022 km travelled by car
___backprop com 8 Treads_concluida___
___backprop com 10 Treads___
Tempo total: 31089.778 ms
	Time:	0:00:31
	Energy:	0.0005 kWh
	CO2eq:	0.2319 g
	0.0022 km travelled by car
	Time:	0:00:31
	Energy:	0.0005 kWh
	CO2eq:	0.2319 g
	0.0022 km travelled by car
___backprop com 10 Treads_concluida___
___backprop com 12 Treads___
Tempo total: 30860.254 ms
	Time:	0:00:31
	Energy:	0.0005 kWh
	CO2eq:	0.2269 g
	0.0021 km travelled by car
	Time:	0:00:31
	Energy:	0.0005 kWh
	CO2eq:	0.2256 g
	0.0021 km travelled by car
___backprop com 12 Treads_concluida___
___backprop com 14 Treads___
Tempo total: 30911.534 ms
	Time:	0:00:31
	Energy:	0.0005 kWh
	CO2eq:	0.2267 g
	0.0021 km travelled by car
	Time:	0:00:31
	Energy:	0.0005 kWh
	CO2eq:	0.2258 g
	0.0021 km travelled by car
___backprop com 14 Treads_concluida___
___backprop com 16 Treads___
Tempo total: 29143.427 ms
	Time:	0:00:29
	Energy:	0.0004 kWh
	CO2eq:	0.2124 g
	0.0020 km travelled by car
	Time:	0:00:29
	Energy:	0.0004 kWh
	CO2eq:	0.2124 g
	0.0020 km travelled by car
___backprop com 16 Treads_concluida___
___backprop com 18 Treads___
Tempo total: 29026.297 ms
	Time:	0:00:29
	Energy:	0.0004 kWh
	CO2eq:	0.2091 g
	0.0019 km travelled by car
	Time:	0:00:29
	Energy:	0.0004 kWh
	CO2eq:	0.2091 g
	0.0019 km travelled by car
___backprop com 18 Treads_concluida___
___backprop com 20 Treads___
Tempo total: 29218.445 ms
	Time:	0:00:29
	Energy:	0.0004 kWh
	CO2eq:	0.2116 g
	0.0020 km travelled by car
	Time:	0:00:29
	Energy:	0.0004 kWh
	CO2eq:	0.2116 g
	0.0020 km travelled by car
___backprop com 20 Treads_concluida___
___backprop com 22 Treads___
Tempo total: 29091.583 ms
	Time:	0:00:29
	Energy:	0.0004 kWh
	CO2eq:	0.2111 g
	0.0020 km travelled by car
	Time:	0:00:29
	Energy:	0.0004 kWh
	CO2eq:	0.2111 g
	0.0020 km travelled by car
___backprop com 22 Treads_concluida___
___backprop com 24 Treads___
Tempo total: 28977.425 ms
	Time:	0:00:29
	Energy:	0.0004 kWh
	CO2eq:	0.2107 g
	0.0020 km travelled by car
	Time:	0:00:29
	Energy:	0.0004 kWh
	CO2eq:	0.2101 g
	0.0020 km travelled by car
___backprop com 24 Treads_concluida___
___backprop com 26 Treads___
Tempo total: 28659.822 ms
	Time:	0:00:29
	Energy:	0.0004 kWh
	CO2eq:	0.2077 g
	0.0019 km travelled by car
	Time:	0:00:29
	Energy:	0.0004 kWh
	CO2eq:	0.2077 g
	0.0019 km travelled by car
___backprop com 26 Treads_concluida___
___backprop com 28 Treads___
Tempo total: 28497.271 ms
	Time:	0:00:28
	Energy:	0.0004 kWh
	CO2eq:	0.2055 g
	0.0019 km travelled by car
	Time:	0:00:28
	Energy:	0.0004 kWh
	CO2eq:	0.2055 g
	0.0019 km travelled by car
___backprop com 28 Treads_concluida___
___backprop com 30 Treads___
Tempo total: 28592.908 ms
	Time:	0:00:29
	Energy:	0.0004 kWh
	CO2eq:	0.2062 g
	0.0019 km travelled by car
	Time:	0:00:29
	Energy:	0.0004 kWh
	CO2eq:	0.2029 g
	0.0019 km travelled by car
___backprop com 30 Treads_concluida___
___backprop com 32 Treads___
Tempo total: 29248.300 ms
	Time:	0:00:29
	Energy:	0.0004 kWh
	CO2eq:	0.2122 g
	0.0020 km travelled by car
	Time:	0:00:29
	Energy:	0.0004 kWh
	CO2eq:	0.2122 g
	0.0020 km travelled by car
___backprop com 32 Treads_concluida___
___backprop com 34 Treads___
Tempo total: 29063.096 ms
	Time:	0:00:29
	Energy:	0.0004 kWh
	CO2eq:	0.2088 g
	0.0019 km travelled by car
	Time:	0:00:29
	Energy:	0.0004 kWh
	CO2eq:	0.2088 g
	0.0019 km travelled by car
___backprop com 34 Treads_concluida___
___backprop com 36 Treads___
Tempo total: 29189.251 ms
	Time:	0:00:29
	Energy:	0.0004 kWh
	CO2eq:	0.2090 g
	0.0019 km travelled by car
	Time:	0:00:29
	Energy:	0.0004 kWh
	CO2eq:	0.2090 g
	0.0019 km travelled by car
___backprop com 36 Treads_concluida___
___backprop com 38 Treads___
Tempo total: 28746.613 ms
	Time:	0:00:29
	Energy:	0.0004 kWh
	CO2eq:	0.2044 g
	0.0019 km travelled by car
	Time:	0:00:29
	Energy:	0.0004 kWh
	CO2eq:	0.2021 g
	0.0019 km travelled by car
___backprop com 38 Treads_concluida___
___backprop com 40 Treads___
Tempo total: 29164.159 ms
	Time:	0:00:29
	Energy:	0.0004 kWh
	CO2eq:	0.2085 g
	0.0019 km travelled by car
	Time:	0:00:29
	Energy:	0.0004 kWh
	CO2eq:	0.2085 g
	0.0019 km travelled by car
___backprop com 40 Treads_concluida___
___Fim de backprop___:

Start -> cfd
compilando cfd...
rm -f euler3d_cpu
rm -f euler3d_cpu_offload
rm -f euler3d_cpu_double
rm -f pre_euler3d_cpu
rm -f pre_euler3d_cpu_double
g++ -O3 -Dblock_length=8 -fopenmp euler3d_cpu.cpp -o euler3d_cpu
g++ -O3 -Dblock_length=8 -fopenmp euler3d_cpu_double.cpp -o euler3d_cpu_double
g++ -O3 -Dblock_length=8 -fopenmp pre_euler3d_cpu.cpp -o pre_euler3d_cpu
g++ -O3 -Dblock_length=8 -fopenmp pre_euler3d_cpu_double.cpp -o pre_euler3d_cpu_double
icc -g -O3 -DOMP_OFFLOAD -Dblock_length=216 -fopenmp -offload-option,mic,compiler,"-no-opt-prefetch" euler3d_cpu.cpp -o euler3d_cpu_offload
___Executando cfd___:
___cfd com 2 Treads___
Compute time: 175.922
Tempo total: 178248.975 ms
	Time:	0:02:58
	Energy:	0.0026 kWh
	CO2eq:	1.2417 g
	0.0116 km travelled by car
	Time:	0:02:58
	Energy:	0.0026 kWh
	CO2eq:	1.2417 g
	0.0116 km travelled by car
___cfd com 2 Treads_concluida___
___cfd com 4 Treads___
Compute time: 89.7681
Tempo total: 92100.767 ms
	Time:	0:01:32
	Energy:	0.0014 kWh
	CO2eq:	0.6964 g
	0.0065 km travelled by car
	Time:	0:01:32
	Energy:	0.0014 kWh
	CO2eq:	0.6876 g
	0.0064 km travelled by car
___cfd com 4 Treads_concluida___
___cfd com 6 Treads___
Compute time: 63.785
Tempo total: 66212.367 ms
	Time:	0:01:06
	Energy:	0.0011 kWh
	CO2eq:	0.5205 g
	0.0048 km travelled by car
	Time:	0:01:06
	Energy:	0.0011 kWh
	CO2eq:	0.5123 g
	0.0048 km travelled by car
___cfd com 6 Treads_concluida___
___cfd com 8 Treads___
Compute time: 49.7647
Tempo total: 52106.327 ms
	Time:	0:00:52
	Energy:	0.0009 kWh
	CO2eq:	0.4247 g
	0.0040 km travelled by car
	Time:	0:00:52
	Energy:	0.0009 kWh
	CO2eq:	0.4151 g
	0.0039 km travelled by car
___cfd com 8 Treads_concluida___
___cfd com 10 Treads___
Compute time: 41.3147
Tempo total: 43659.682 ms
	Time:	0:00:44
	Energy:	0.0008 kWh
	CO2eq:	0.3666 g
	0.0034 km travelled by car
	Time:	0:00:44
	Energy:	0.0008 kWh
	CO2eq:	0.3666 g
	0.0034 km travelled by car
___cfd com 10 Treads_concluida___
___cfd com 12 Treads___
Compute time: 34.6691
Tempo total: 37057.290 ms
	Time:	0:00:37
	Energy:	0.0007 kWh
	CO2eq:	0.3237 g
	0.0030 km travelled by car
	Time:	0:00:37
	Energy:	0.0007 kWh
	CO2eq:	0.3237 g
	0.0030 km travelled by car
___cfd com 12 Treads_concluida___
___cfd com 14 Treads___
Compute time: 29.5795
Tempo total: 31957.214 ms
	Time:	0:00:32
	Energy:	0.0006 kWh
	CO2eq:	0.2929 g
	0.0027 km travelled by car
	Time:	0:00:32
	Energy:	0.0006 kWh
	CO2eq:	0.2929 g
	0.0027 km travelled by car
___cfd com 14 Treads_concluida___
___cfd com 16 Treads___
Compute time: 25.8346
Tempo total: 28185.431 ms
	Time:	0:00:28
	Energy:	0.0006 kWh
	CO2eq:	0.2701 g
	0.0025 km travelled by car
	Time:	0:00:28
	Energy:	0.0005 kWh
	CO2eq:	0.2588 g
	0.0024 km travelled by car
___cfd com 16 Treads_concluida___
___cfd com 18 Treads___
Compute time: 22.9886
Tempo total: 25332.335 ms
	Time:	0:00:25
	Energy:	0.0005 kWh
	CO2eq:	0.2466 g
	0.0023 km travelled by car
	Time:	0:00:25
	Energy:	0.0005 kWh
	CO2eq:	0.2466 g
	0.0023 km travelled by car
___cfd com 18 Treads_concluida___
___cfd com 20 Treads___
Compute time: 21.0418
Tempo total: 23435.025 ms
	Time:	0:00:23
	Energy:	0.0005 kWh
	CO2eq:	0.2356 g
	0.0022 km travelled by car
	Time:	0:00:23
	Energy:	0.0005 kWh
	CO2eq:	0.2356 g
	0.0022 km travelled by car
___cfd com 20 Treads_concluida___
___cfd com 22 Treads___
Compute time: 19.133
Tempo total: 21449.030 ms
	Time:	0:00:21
	Energy:	0.0005 kWh
	CO2eq:	0.2591 g
	0.0024 km travelled by car
	Time:	0:00:21
	Energy:	0.0005 kWh
	CO2eq:	0.2591 g
	0.0024 km travelled by car
___cfd com 22 Treads_concluida___
___cfd com 24 Treads___
Compute time: 17.5081
Tempo total: 19871.065 ms
	Time:	0:00:20
	Energy:	0.0005 kWh
	CO2eq:	0.2545 g
	0.0024 km travelled by car
	Time:	0:00:20
	Energy:	0.0005 kWh
	CO2eq:	0.2545 g
	0.0024 km travelled by car
___cfd com 24 Treads_concluida___
___cfd com 26 Treads___
Compute time: 15.9744
Tempo total: 18343.222 ms
	Time:	0:00:18
	Energy:	0.0005 kWh
	CO2eq:	0.2445 g
	0.0023 km travelled by car
	Time:	0:00:18
	Energy:	0.0005 kWh
	CO2eq:	0.2281 g
	0.0021 km travelled by car
___cfd com 26 Treads_concluida___
___cfd com 28 Treads___
Compute time: 14.773
Tempo total: 17140.297 ms
	Time:	0:00:17
	Energy:	0.0005 kWh
	CO2eq:	0.2182 g
	0.0020 km travelled by car
	Time:	0:00:17
	Energy:	0.0005 kWh
	CO2eq:	0.2182 g
	0.0020 km travelled by car
___cfd com 28 Treads_concluida___
___cfd com 30 Treads___
Compute time: 13.83
Tempo total: 16193.415 ms
	Time:	0:00:16
	Energy:	0.0005 kWh
	CO2eq:	0.2194 g
	0.0020 km travelled by car
	Time:	0:00:16
	Energy:	0.0004 kWh
	CO2eq:	0.2016 g
	0.0019 km travelled by car
___cfd com 30 Treads_concluida___
___cfd com 32 Treads___
Compute time: 12.913
Tempo total: 15280.999 ms
	Time:	0:00:15
	Energy:	0.0004 kWh
	CO2eq:	0.2002 g
	0.0019 km travelled by car
	Time:	0:00:15
	Energy:	0.0004 kWh
	CO2eq:	0.2002 g
	0.0019 km travelled by car
___cfd com 32 Treads_concluida___
___cfd com 34 Treads___
Compute time: 12.2867
Tempo total: 14657.966 ms
	Time:	0:00:15
	Energy:	0.0004 kWh
	CO2eq:	0.2102 g
	0.0020 km travelled by car
	Time:	0:00:15
	Energy:	0.0004 kWh
	CO2eq:	0.1941 g
	0.0018 km travelled by car
___cfd com 34 Treads_concluida___
___cfd com 36 Treads___
Compute time: 11.5958
Tempo total: 13965.824 ms
	Time:	0:00:14
	Energy:	0.0004 kWh
	CO2eq:	0.1977 g
	0.0018 km travelled by car
	Time:	0:00:14
	Energy:	0.0004 kWh
	CO2eq:	0.1977 g
	0.0018 km travelled by car
___cfd com 36 Treads_concluida___
___cfd com 38 Treads___
Compute time: 10.9506
Tempo total: 13296.342 ms
	Time:	0:00:13
	Energy:	0.0004 kWh
	CO2eq:	0.1826 g
	0.0017 km travelled by car
	Time:	0:00:13
	Energy:	0.0004 kWh
	CO2eq:	0.1826 g
	0.0017 km travelled by car
___cfd com 38 Treads_concluida___
___cfd com 40 Treads___
Compute time: 10.446
Tempo total: 12816.107 ms
	Time:	0:00:13
	Energy:	0.0004 kWh
	CO2eq:	0.1947 g
	0.0018 km travelled by car
	Time:	0:00:13
	Energy:	0.0004 kWh
	CO2eq:	0.1781 g
	0.0017 km travelled by car
___cfd com 40 Treads_concluida___
___Fim de cfd___:

Start -> srad
compilando srad...
cd srad_v1; 	make clean
make[1]: Entering directory '/scratch/acsilveira/rodinia_novos/openmp/srad/srad_v1'
rm *.o srad
make[1]: Leaving directory '/scratch/acsilveira/rodinia_novos/openmp/srad/srad_v1'
cd srad_v2; 	make clean
make[1]: Entering directory '/scratch/acsilveira/rodinia_novos/openmp/srad/srad_v2'
rm -f srad
make[1]: Leaving directory '/scratch/acsilveira/rodinia_novos/openmp/srad/srad_v2'
cd srad_v1; 	make
make[1]: Entering directory '/scratch/acsilveira/rodinia_novos/openmp/srad/srad_v1'
gcc	main.c \
		-c -O3 -fopenmp
gcc	main.o \
		-lm -fopenmp -o srad
make[1]: Leaving directory '/scratch/acsilveira/rodinia_novos/openmp/srad/srad_v1'
cd srad_v2; 	make
make[1]: Entering directory '/scratch/acsilveira/rodinia_novos/openmp/srad/srad_v2'
g++ -g -fopenmp -O2 -lm srad.cpp -o srad 
make[1]: Leaving directory '/scratch/acsilveira/rodinia_novos/openmp/srad/srad_v2'
___Executando srad___:
___srad com 2 Treads___
Tempo total: 201939.425 ms
	Time:	0:03:22
	Energy:	0.0029 kWh
	CO2eq:	1.4098 g
	0.0131 km travelled by car
	Time:	0:03:22
	Energy:	0.0029 kWh
	CO2eq:	1.4098 g
	0.0131 km travelled by car
___srad com 2 Treads_concluida___
___srad com 4 Treads___
Tempo total: 100665.649 ms
	Time:	0:01:41
	Energy:	0.0016 kWh
	CO2eq:	0.7595 g
	0.0071 km travelled by car
	Time:	0:01:41
	Energy:	0.0016 kWh
	CO2eq:	0.7562 g
	0.0070 km travelled by car
___srad com 4 Treads_concluida___
___srad com 6 Treads___
Tempo total: 71569.038 ms
	Time:	0:01:12
	Energy:	0.0012 kWh
	CO2eq:	0.5674 g
	0.0053 km travelled by car
	Time:	0:01:12
	Energy:	0.0012 kWh
	CO2eq:	0.5674 g
	0.0053 km travelled by car
___srad com 6 Treads_concluida___
___srad com 8 Treads___
Tempo total: 57591.895 ms
	Time:	0:00:58
	Energy:	0.0010 kWh
	CO2eq:	0.4743 g
	0.0044 km travelled by car
	Time:	0:00:58
	Energy:	0.0010 kWh
	CO2eq:	0.4743 g
	0.0044 km travelled by car
___srad com 8 Treads_concluida___
___srad com 10 Treads___
Tempo total: 46799.389 ms
	Time:	0:00:47
	Energy:	0.0008 kWh
	CO2eq:	0.4016 g
	0.0037 km travelled by car
	Time:	0:00:47
	Energy:	0.0008 kWh
	CO2eq:	0.3994 g
	0.0037 km travelled by car
___srad com 10 Treads_concluida___
___srad com 12 Treads___
Tempo total: 39693.687 ms
	Time:	0:00:40
	Energy:	0.0007 kWh
	CO2eq:	0.3582 g
	0.0033 km travelled by car
	Time:	0:00:40
	Energy:	0.0007 kWh
	CO2eq:	0.3582 g
	0.0033 km travelled by car
___srad com 12 Treads_concluida___
___srad com 14 Treads___
Tempo total: 35047.996 ms
	Time:	0:00:35
	Energy:	0.0007 kWh
	CO2eq:	0.3302 g
	0.0031 km travelled by car
	Time:	0:00:35
	Energy:	0.0007 kWh
	CO2eq:	0.3302 g
	0.0031 km travelled by car
___srad com 14 Treads_concluida___
___srad com 16 Treads___
Tempo total: 31903.386 ms
	Time:	0:00:32
	Energy:	0.0007 kWh
	CO2eq:	0.3140 g
	0.0029 km travelled by car
	Time:	0:00:32
	Energy:	0.0007 kWh
	CO2eq:	0.3140 g
	0.0029 km travelled by car
___srad com 16 Treads_concluida___
___srad com 18 Treads___
Tempo total: 29691.778 ms
	Time:	0:00:30
	Energy:	0.0006 kWh
	CO2eq:	0.3010 g
	0.0028 km travelled by car
	Time:	0:00:30
	Energy:	0.0006 kWh
	CO2eq:	0.3010 g
	0.0028 km travelled by car
___srad com 18 Treads_concluida___
___srad com 20 Treads___
Tempo total: 27138.457 ms
	Time:	0:00:27
	Energy:	0.0006 kWh
	CO2eq:	0.2880 g
	0.0027 km travelled by car
	Time:	0:00:27
	Energy:	0.0006 kWh
	CO2eq:	0.2880 g
	0.0027 km travelled by car
___srad com 20 Treads_concluida___
___srad com 22 Treads___
Tempo total: 23595.336 ms
	Time:	0:00:24
	Energy:	0.0006 kWh
	CO2eq:	0.3076 g
	0.0029 km travelled by car
	Time:	0:00:24
	Energy:	0.0006 kWh
	CO2eq:	0.3076 g
	0.0029 km travelled by car
___srad com 22 Treads_concluida___
___srad com 24 Treads___
Tempo total: 21952.395 ms
	Time:	0:00:22
	Energy:	0.0006 kWh
	CO2eq:	0.2981 g
	0.0028 km travelled by car
	Time:	0:00:22
	Energy:	0.0006 kWh
	CO2eq:	0.2981 g
	0.0028 km travelled by car
___srad com 24 Treads_concluida___
___srad com 26 Treads___
Tempo total: 20516.169 ms
	Time:	0:00:21
	Energy:	0.0006 kWh
	CO2eq:	0.2884 g
	0.0027 km travelled by car
	Time:	0:00:21
	Energy:	0.0006 kWh
	CO2eq:	0.2884 g
	0.0027 km travelled by car
___srad com 26 Treads_concluida___
___srad com 28 Treads___
Tempo total: 19023.224 ms
	Time:	0:00:19
	Energy:	0.0006 kWh
	CO2eq:	0.2760 g
	0.0026 km travelled by car
	Time:	0:00:19
	Energy:	0.0006 kWh
	CO2eq:	0.2760 g
	0.0026 km travelled by car
___srad com 28 Treads_concluida___
___srad com 30 Treads___
Tempo total: 18098.532 ms
	Time:	0:00:18
	Energy:	0.0006 kWh
	CO2eq:	0.2687 g
	0.0025 km travelled by car
	Time:	0:00:18
	Energy:	0.0006 kWh
	CO2eq:	0.2687 g
	0.0025 km travelled by car
___srad com 30 Treads_concluida___
___srad com 32 Treads___
Tempo total: 16528.121 ms
	Time:	0:00:17
	Energy:	0.0005 kWh
	CO2eq:	0.2539 g
	0.0024 km travelled by car
	Time:	0:00:17
	Energy:	0.0005 kWh
	CO2eq:	0.2539 g
	0.0024 km travelled by car
___srad com 32 Treads_concluida___
___srad com 34 Treads___
Tempo total: 16134.862 ms
	Time:	0:00:16
	Energy:	0.0005 kWh
	CO2eq:	0.2535 g
	0.0024 km travelled by car
	Time:	0:00:16
	Energy:	0.0005 kWh
	CO2eq:	0.2535 g
	0.0024 km travelled by car
___srad com 34 Treads_concluida___
___srad com 36 Treads___
Tempo total: 15528.719 ms
	Time:	0:00:16
	Energy:	0.0005 kWh
	CO2eq:	0.2515 g
	0.0023 km travelled by car
	Time:	0:00:16
	Energy:	0.0005 kWh
	CO2eq:	0.2515 g
	0.0023 km travelled by car
___srad com 36 Treads_concluida___
___srad com 38 Treads___
Tempo total: 14803.858 ms
	Time:	0:00:15
	Energy:	0.0005 kWh
	CO2eq:	0.2453 g
	0.0023 km travelled by car
	Time:	0:00:15
	Energy:	0.0005 kWh
	CO2eq:	0.2453 g
	0.0023 km travelled by car
___srad com 38 Treads_concluida___
___srad com 40 Treads___
Tempo total: 14115.505 ms
	Time:	0:00:14
	Energy:	0.0005 kWh
	CO2eq:	0.2392 g
	0.0022 km travelled by car
	Time:	0:00:14
	Energy:	0.0005 kWh
	CO2eq:	0.2392 g
	0.0022 km travelled by car
___srad com 40 Treads_concluida___
___Fim de srad___:

