Numero de CPUs logicos (threads): 40
Numero de núcleos fisicos: 10
Start -> kmeans
compilando kmeans...
cd kmeans_serial; make clean
make[1]: Entering directory '/scratch/acsilveira/rodinia_novos/openmp/kmeans/kmeans_serial'
rm -f *.o *~ kmeans 
make[1]: Leaving directory '/scratch/acsilveira/rodinia_novos/openmp/kmeans/kmeans_serial'
cd kmeans_openmp; make clean
make[1]: Entering directory '/scratch/acsilveira/rodinia_novos/openmp/kmeans/kmeans_openmp'
rm -f *.o *~ kmeans 
make[1]: Leaving directory '/scratch/acsilveira/rodinia_novos/openmp/kmeans/kmeans_openmp'
cd kmeans_openmp; make
make[1]: Entering directory '/scratch/acsilveira/rodinia_novos/openmp/kmeans/kmeans_openmp'
gcc -g -fopenmp -O2  cluster.c -c
gcc -g -fopenmp -O2  getopt.c -c
gcc -g -fopenmp -O2  kmeans.c -c
gcc -g -fopenmp -O2  kmeans_clustering.c -c
gcc -g -fopenmp -O2  cluster.o getopt.o kmeans.o kmeans_clustering.o  -o kmeans
make[1]: Leaving directory '/scratch/acsilveira/rodinia_novos/openmp/kmeans/kmeans_openmp'
cd kmeans_serial; make
make[1]: Entering directory '/scratch/acsilveira/rodinia_novos/openmp/kmeans/kmeans_serial'
gcc -g -fopenmp -O2  cluster.c -c
gcc -g -fopenmp -O2  getopt.c -c
gcc -g -fopenmp -O2  kmeans.c -c
gcc -g -fopenmp -O2  kmeans_clustering.c -c
gcc -g -fopenmp -O2  cluster.o getopt.o kmeans.o kmeans_clustering.o  -o kmeans
make[1]: Leaving directory '/scratch/acsilveira/rodinia_novos/openmp/kmeans/kmeans_serial'
___Executando kmeans___:
___kmeans com 2 Treads___
Time for process: 302.386509
Tempo total: 303365.901 ms
	Time:	0:05:03
	Energy:	0.0046 kWh
	CO2eq:	2.2197 g
	0.0206 km travelled by car
	Time:	0:05:03
	Energy:	0.0046 kWh
	CO2eq:	2.2197 g
	0.0206 km travelled by car
___kmeans com 2 Treads_concluida___
___kmeans com 4 Treads___
Time for process: 153.053008
Tempo total: 153974.825 ms
	Time:	0:02:34
	Energy:	0.0025 kWh
	CO2eq:	1.2119 g
	0.0113 km travelled by car
	Time:	0:02:34
	Energy:	0.0025 kWh
	CO2eq:	1.2119 g
	0.0113 km travelled by car
___kmeans com 4 Treads_concluida___
___kmeans com 6 Treads___
Time for process: 108.802855
Tempo total: 109721.371 ms
	Time:	0:01:50
	Energy:	0.0019 kWh
	CO2eq:	0.8999 g
	0.0084 km travelled by car
	Time:	0:01:50
	Energy:	0.0019 kWh
	CO2eq:	0.8999 g
	0.0084 km travelled by car
___kmeans com 6 Treads_concluida___
___kmeans com 8 Treads___
Time for process: 84.655396
Tempo total: 85576.373 ms
	Time:	0:01:26
	Energy:	0.0015 kWh
	CO2eq:	0.7363 g
	0.0068 km travelled by car
	Time:	0:01:26
	Energy:	0.0015 kWh
	CO2eq:	0.7363 g
	0.0068 km travelled by car
___kmeans com 8 Treads_concluida___
___kmeans com 10 Treads___
Time for process: 69.807593
Tempo total: 70722.720 ms
	Time:	0:01:11
	Energy:	0.0013 kWh
	CO2eq:	0.6374 g
	0.0059 km travelled by car
	Time:	0:01:11
	Energy:	0.0013 kWh
	CO2eq:	0.6374 g
	0.0059 km travelled by car
___kmeans com 10 Treads_concluida___
___kmeans com 12 Treads___
Time for process: 58.180611
Tempo total: 59119.272 ms
	Time:	0:00:59
	Energy:	0.0012 kWh
	CO2eq:	0.5611 g
	0.0052 km travelled by car
	Time:	0:00:59
	Energy:	0.0012 kWh
	CO2eq:	0.5611 g
	0.0052 km travelled by car
___kmeans com 12 Treads_concluida___
___kmeans com 14 Treads___
Time for process: 49.852423
Tempo total: 50771.545 ms
	Time:	0:00:51
	Energy:	0.0011 kWh
	CO2eq:	0.5068 g
	0.0047 km travelled by car
	Time:	0:00:51
	Energy:	0.0011 kWh
	CO2eq:	0.5068 g
	0.0047 km travelled by car
___kmeans com 14 Treads_concluida___
___kmeans com 16 Treads___
Time for process: 43.652081
Tempo total: 44568.139 ms
	Time:	0:00:45
	Energy:	0.0010 kWh
	CO2eq:	0.4664 g
	0.0043 km travelled by car
	Time:	0:00:45
	Energy:	0.0010 kWh
	CO2eq:	0.4664 g
	0.0043 km travelled by car
___kmeans com 16 Treads_concluida___
___kmeans com 18 Treads___
Time for process: 38.831473
Tempo total: 39746.446 ms
	Time:	0:00:40
	Energy:	0.0009 kWh
	CO2eq:	0.4371 g
	0.0041 km travelled by car
	Time:	0:00:40
	Energy:	0.0009 kWh
	CO2eq:	0.4371 g
	0.0041 km travelled by car
___kmeans com 18 Treads_concluida___
___kmeans com 20 Treads___
Time for process: 34.963700
Tempo total: 35877.609 ms
	Time:	0:00:36
	Energy:	0.0009 kWh
	CO2eq:	0.4135 g
	0.0038 km travelled by car
	Time:	0:00:36
	Energy:	0.0009 kWh
	CO2eq:	0.4135 g
	0.0038 km travelled by car
___kmeans com 20 Treads_concluida___
___kmeans com 22 Treads___
Time for process: 31.982923
Tempo total: 32906.740 ms
	Time:	0:00:33
	Energy:	0.0009 kWh
	CO2eq:	0.4546 g
	0.0042 km travelled by car
	Time:	0:00:33
	Energy:	0.0009 kWh
	CO2eq:	0.4535 g
	0.0042 km travelled by car
___kmeans com 22 Treads_concluida___
___kmeans com 24 Treads___
Time for process: 29.161652
Tempo total: 30077.327 ms
	Time:	0:00:30
	Energy:	0.0009 kWh
	CO2eq:	0.4353 g
	0.0040 km travelled by car
	Time:	0:00:30
	Energy:	0.0009 kWh
	CO2eq:	0.4353 g
	0.0040 km travelled by car
___kmeans com 24 Treads_concluida___
___kmeans com 26 Treads___
Time for process: 27.029389
Tempo total: 27945.927 ms
	Time:	0:00:28
	Energy:	0.0009 kWh
	CO2eq:	0.4182 g
	0.0039 km travelled by car
	Time:	0:00:28
	Energy:	0.0009 kWh
	CO2eq:	0.4182 g
	0.0039 km travelled by car
___kmeans com 26 Treads_concluida___
___kmeans com 28 Treads___
Time for process: 25.026234
Tempo total: 25941.573 ms
	Time:	0:00:26
	Energy:	0.0008 kWh
	CO2eq:	0.3980 g
	0.0037 km travelled by car
	Time:	0:00:26
	Energy:	0.0008 kWh
	CO2eq:	0.3980 g
	0.0037 km travelled by car
___kmeans com 28 Treads_concluida___
___kmeans com 30 Treads___
Time for process: 23.762149
Tempo total: 24679.487 ms
	Time:	0:00:25
	Energy:	0.0008 kWh
	CO2eq:	0.3863 g
	0.0036 km travelled by car
	Time:	0:00:25
	Energy:	0.0008 kWh
	CO2eq:	0.3863 g
	0.0036 km travelled by car
___kmeans com 30 Treads_concluida___
___kmeans com 32 Treads___
Time for process: 21.912017
Tempo total: 22856.567 ms
	Time:	0:00:23
	Energy:	0.0008 kWh
	CO2eq:	0.3678 g
	0.0034 km travelled by car
	Time:	0:00:23
	Energy:	0.0008 kWh
	CO2eq:	0.3655 g
	0.0034 km travelled by car
___kmeans com 32 Treads_concluida___
___kmeans com 34 Treads___
Time for process: 20.944652
Tempo total: 21862.035 ms
	Time:	0:00:22
	Energy:	0.0008 kWh
	CO2eq:	0.3622 g
	0.0034 km travelled by car
	Time:	0:00:22
	Energy:	0.0008 kWh
	CO2eq:	0.3622 g
	0.0034 km travelled by car
___kmeans com 34 Treads_concluida___
___kmeans com 36 Treads___
Time for process: 19.573391
Tempo total: 20489.435 ms
	Time:	0:00:20
	Energy:	0.0007 kWh
	CO2eq:	0.3483 g
	0.0032 km travelled by car
	Time:	0:00:20
	Energy:	0.0007 kWh
	CO2eq:	0.3483 g
	0.0032 km travelled by car
___kmeans com 36 Treads_concluida___
___kmeans com 38 Treads___
Time for process: 18.937750
Tempo total: 19852.454 ms
	Time:	0:00:20
	Energy:	0.0007 kWh
	CO2eq:	0.3457 g
	0.0032 km travelled by car
	Time:	0:00:20
	Energy:	0.0007 kWh
	CO2eq:	0.3457 g
	0.0032 km travelled by car
___kmeans com 38 Treads_concluida___
___kmeans com 40 Treads___
Time for process: 17.627058
Tempo total: 18541.439 ms
	Time:	0:00:19
	Energy:	0.0007 kWh
	CO2eq:	0.3290 g
	0.0031 km travelled by car
	Time:	0:00:19
	Energy:	0.0007 kWh
	CO2eq:	0.3290 g
	0.0031 km travelled by car
___kmeans com 40 Treads_concluida___
___Fim de kmeans___:

Start -> leukocyte
compilando leukocyte...
cd OpenMP; make clean
make[1]: Entering directory '/scratch/acsilveira/rodinia_novos/openmp/leukocyte/OpenMP'
rm -f *.o leukocyte
make[1]: Leaving directory '/scratch/acsilveira/rodinia_novos/openmp/leukocyte/OpenMP'
rm -f meschach_lib/meschach.a
cd OpenMP; make
make[1]: Entering directory '/scratch/acsilveira/rodinia_novos/openmp/leukocyte/OpenMP'
gcc  -g -O3 -Wall -fopenmp -I../meschach_lib detect_main.c -c
gcc  -g -O3 -Wall -fopenmp -I../meschach_lib avilib.c -c
gcc  -g -O3 -Wall -fopenmp -I../meschach_lib find_ellipse.c -c
gcc  -g -O3 -Wall -fopenmp -I../meschach_lib track_ellipse.c -c
gcc  -g -O3 -Wall -fopenmp -I../meschach_lib misc_math.c -c
cd ../meschach_lib; ./configure --with-all; make all; make clean
make[2]: Entering directory '/scratch/acsilveira/rodinia_novos/openmp/leukocyte/meschach_lib'
cc -c -O -DHAVE_CONFIG_H copy.c
cc -c -O -DHAVE_CONFIG_H err.c
cc -c -O -DHAVE_CONFIG_H matrixio.c
cc -c -O -DHAVE_CONFIG_H memory.c
cc -c -O -DHAVE_CONFIG_H vecop.c
cc -c -O -DHAVE_CONFIG_H matop.c
cc -c -O -DHAVE_CONFIG_H pxop.c
cc -c -O -DHAVE_CONFIG_H submat.c
cc -c -O -DHAVE_CONFIG_H init.c
cc -c -O -DHAVE_CONFIG_H otherio.c
cc -c -O -DHAVE_CONFIG_H machine.c
cc -c -O -DHAVE_CONFIG_H matlab.c
cc -c -O -DHAVE_CONFIG_H ivecop.c
cc -c -O -DHAVE_CONFIG_H version.c
cc -c -O -DHAVE_CONFIG_H meminfo.c
cc -c -O -DHAVE_CONFIG_H memstat.c
ar ru meschach.a copy.o err.o matrixio.o memory.o vecop.o matop.o pxop.o submat.o init.o otherio.o machine.o matlab.o ivecop.o version.o meminfo.o memstat.o; ranlib meschach.a
cc -c -O -DHAVE_CONFIG_H lufactor.c
cc -c -O -DHAVE_CONFIG_H bkpfacto.c
cc -c -O -DHAVE_CONFIG_H chfactor.c
cc -c -O -DHAVE_CONFIG_H qrfactor.c
cc -c -O -DHAVE_CONFIG_H solve.c
cc -c -O -DHAVE_CONFIG_H hsehldr.c
cc -c -O -DHAVE_CONFIG_H givens.c
cc -c -O -DHAVE_CONFIG_H update.c
cc -c -O -DHAVE_CONFIG_H norm.c
cc -c -O -DHAVE_CONFIG_H hessen.c
cc -c -O -DHAVE_CONFIG_H symmeig.c
cc -c -O -DHAVE_CONFIG_H schur.c
cc -c -O -DHAVE_CONFIG_H svd.c
cc -c -O -DHAVE_CONFIG_H fft.c
cc -c -O -DHAVE_CONFIG_H mfunc.c
cc -c -O -DHAVE_CONFIG_H bdfactor.c
ar ru meschach.a lufactor.o bkpfacto.o chfactor.o qrfactor.o solve.o hsehldr.o givens.o update.o norm.o hessen.o symmeig.o schur.o svd.o fft.o mfunc.o bdfactor.o; ranlib meschach.a
cc -c -O -DHAVE_CONFIG_H sparse.c
cc -c -O -DHAVE_CONFIG_H sprow.c
cc -c -O -DHAVE_CONFIG_H sparseio.c
cc -c -O -DHAVE_CONFIG_H spchfctr.c
cc -c -O -DHAVE_CONFIG_H splufctr.c
cc -c -O -DHAVE_CONFIG_H spbkp.c
cc -c -O -DHAVE_CONFIG_H spswap.c
cc -c -O -DHAVE_CONFIG_H iter0.c
cc -c -O -DHAVE_CONFIG_H itersym.c
cc -c -O -DHAVE_CONFIG_H iternsym.c
ar ru meschach.a sparse.o sprow.o sparseio.o spchfctr.o splufctr.o spbkp.o spswap.o iter0.o itersym.o iternsym.o; ranlib meschach.a
cc -c -O -DHAVE_CONFIG_H zmachine.c
cc -c -O -DHAVE_CONFIG_H zcopy.c
cc -c -O -DHAVE_CONFIG_H zmatio.c
cc -c -O -DHAVE_CONFIG_H zmemory.c
cc -c -O -DHAVE_CONFIG_H zvecop.c
cc -c -O -DHAVE_CONFIG_H zmatop.c
cc -c -O -DHAVE_CONFIG_H znorm.c
cc -c -O -DHAVE_CONFIG_H zfunc.c
ar ru meschach.a zmachine.o zcopy.o zmatio.o zmemory.o zvecop.o zmatop.o znorm.o zfunc.o ; ranlib meschach.a
cc -c -O -DHAVE_CONFIG_H zlufctr.c
cc -c -O -DHAVE_CONFIG_H zsolve.c
cc -c -O -DHAVE_CONFIG_H zmatlab.c
cc -c -O -DHAVE_CONFIG_H zhsehldr.c
cc -c -O -DHAVE_CONFIG_H zqrfctr.c
cc -c -O -DHAVE_CONFIG_H zgivens.c
cc -c -O -DHAVE_CONFIG_H zhessen.c
cc -c -O -DHAVE_CONFIG_H zschur.c
ar ru meschach.a zlufctr.o zsolve.o zmatlab.o zhsehldr.o zqrfctr.o zgivens.o  zhessen.o zschur.o; ranlib meschach.a
make[2]: Leaving directory '/scratch/acsilveira/rodinia_novos/openmp/leukocyte/meschach_lib'
make[2]: Entering directory '/scratch/acsilveira/rodinia_novos/openmp/leukocyte/meschach_lib'
/bin/rm -f *.o core asx5213a.mat iotort.dat 
make[2]: Leaving directory '/scratch/acsilveira/rodinia_novos/openmp/leukocyte/meschach_lib'
gcc -g -O3 -Wall -fopenmp -I../meschach_lib -lm avilib.o find_ellipse.o track_ellipse.o misc_math.o detect_main.o -o leukocyte -lm ../meschach_lib/meschach.a -lpthread
make[1]: Leaving directory '/scratch/acsilveira/rodinia_novos/openmp/leukocyte/OpenMP'
___Executando leukocyte___:
___leukocyte com 2 Treads___
Total application run time: 939.54596 seconds
Tempo total: 939652.069 ms
	Time:	0:15:40
	Energy:	0.0143 kWh
	CO2eq:	6.8543 g
	0.0638 km travelled by car
	Time:	0:15:40
	Energy:	0.0143 kWh
	CO2eq:	6.8543 g
	0.0638 km travelled by car
___leukocyte com 2 Treads_concluida___
___leukocyte com 4 Treads___
Total application run time: 501.67386 seconds
Tempo total: 501810.959 ms
	Time:	0:08:22
	Energy:	0.0083 kWh
	CO2eq:	3.9888 g
	0.0371 km travelled by car
	Time:	0:08:22
	Energy:	0.0083 kWh
	CO2eq:	3.9888 g
	0.0371 km travelled by car
___leukocyte com 4 Treads_concluida___
___leukocyte com 6 Treads___
Total application run time: 365.51266 seconds
Tempo total: 365650.911 ms
	Time:	0:06:06
	Energy:	0.0063 kWh
	CO2eq:	0.6217 g
	0.0058 km travelled by car
	Time:	0:06:06
	Energy:	0.0063 kWh
	CO2eq:	0.6217 g
	0.0058 km travelled by car
___leukocyte com 6 Treads_concluida___
___leukocyte com 8 Treads___
Total application run time: 309.85825 seconds
Tempo total: 309996.105 ms
	Time:	0:05:10
	Energy:	0.0056 kWh
	CO2eq:	0.5474 g
	0.0051 km travelled by car
	Time:	0:05:10
	Energy:	0.0056 kWh
	CO2eq:	0.5474 g
	0.0051 km travelled by car
___leukocyte com 8 Treads_concluida___
___leukocyte com 10 Treads___
Total application run time: 255.58089 seconds
Tempo total: 255720.785 ms
	Time:	0:04:16
	Energy:	0.0048 kWh
	CO2eq:	0.4731 g
	0.0044 km travelled by car
	Time:	0:04:16
	Energy:	0.0048 kWh
	CO2eq:	0.4731 g
	0.0044 km travelled by car
___leukocyte com 10 Treads_concluida___
___leukocyte com 12 Treads___
Total application run time: 198.23965 seconds
Tempo total: 198378.391 ms
	Time:	0:03:18
	Energy:	0.0040 kWh
	CO2eq:	0.3949 g
	0.0037 km travelled by car
	Time:	0:03:18
	Energy:	0.0040 kWh
	CO2eq:	0.3949 g
	0.0037 km travelled by car
___leukocyte com 12 Treads_concluida___
___leukocyte com 14 Treads___
Total application run time: 194.37645 seconds
Tempo total: 194530.928 ms
	Time:	0:03:15
	Energy:	0.0040 kWh
	CO2eq:	0.3926 g
	0.0037 km travelled by car
	Time:	0:03:15
	Energy:	0.0040 kWh
	CO2eq:	0.3926 g
	0.0037 km travelled by car
___leukocyte com 14 Treads_concluida___
___leukocyte com 16 Treads___
Total application run time: 188.37460 seconds
Tempo total: 188520.343 ms
	Time:	0:03:09
	Energy:	0.0039 kWh
	CO2eq:	0.3859 g
	0.0036 km travelled by car
	Time:	0:03:09
	Energy:	0.0039 kWh
	CO2eq:	0.3859 g
	0.0036 km travelled by car
___leukocyte com 16 Treads_concluida___
___leukocyte com 18 Treads___
Total application run time: 137.69437 seconds
Tempo total: 137846.362 ms
	Time:	0:02:18
	Energy:	0.0032 kWh
	CO2eq:	0.3163 g
	0.0029 km travelled by car
	Time:	0:02:18
	Energy:	0.0032 kWh
	CO2eq:	0.3163 g
	0.0029 km travelled by car
___leukocyte com 18 Treads_concluida___
___leukocyte com 20 Treads___
Total application run time: 136.13957 seconds
Tempo total: 136284.263 ms
	Time:	0:02:16
	Energy:	0.0033 kWh
	CO2eq:	0.3221 g
	0.0030 km travelled by car
	Time:	0:02:16
	Energy:	0.0033 kWh
	CO2eq:	0.3221 g
	0.0030 km travelled by car
___leukocyte com 20 Treads_concluida___
___leukocyte com 22 Treads___
Total application run time: 135.46982 seconds
Tempo total: 135617.439 ms
	Time:	0:02:16
	Energy:	0.0034 kWh
	CO2eq:	0.3315 g
	0.0031 km travelled by car
	Time:	0:02:16
	Energy:	0.0034 kWh
	CO2eq:	0.3315 g
	0.0031 km travelled by car
___leukocyte com 22 Treads_concluida___
___leukocyte com 24 Treads___
Total application run time: 136.04059 seconds
Tempo total: 136192.860 ms
	Time:	0:02:16
	Energy:	0.0034 kWh
	CO2eq:	0.3382 g
	0.0031 km travelled by car
	Time:	0:02:16
	Energy:	0.0034 kWh
	CO2eq:	0.3382 g
	0.0031 km travelled by car
___leukocyte com 24 Treads_concluida___
___leukocyte com 26 Treads___
Total application run time: 135.56503 seconds
Tempo total: 135706.340 ms
	Time:	0:02:16
	Energy:	0.0035 kWh
	CO2eq:	0.3460 g
	0.0032 km travelled by car
	Time:	0:02:16
	Energy:	0.0035 kWh
	CO2eq:	0.3460 g
	0.0032 km travelled by car
___leukocyte com 26 Treads_concluida___
___leukocyte com 28 Treads___
Total application run time: 134.10175 seconds
Tempo total: 134239.351 ms
	Time:	0:02:14
	Energy:	0.0035 kWh
	CO2eq:	0.3469 g
	0.0032 km travelled by car
	Time:	0:02:14
	Energy:	0.0035 kWh
	CO2eq:	0.3469 g
	0.0032 km travelled by car
___leukocyte com 28 Treads_concluida___
___leukocyte com 30 Treads___
Total application run time: 129.73380 seconds
Tempo total: 129880.374 ms
	Time:	0:02:10
	Energy:	0.0035 kWh
	CO2eq:	0.3444 g
	0.0032 km travelled by car
	Time:	0:02:10
	Energy:	0.0035 kWh
	CO2eq:	0.3444 g
	0.0032 km travelled by car
___leukocyte com 30 Treads_concluida___
___leukocyte com 32 Treads___
Total application run time: 126.16504 seconds
Tempo total: 126311.101 ms
	Time:	0:02:06
	Energy:	0.0035 kWh
	CO2eq:	0.3416 g
	0.0032 km travelled by car
	Time:	0:02:06
	Energy:	0.0035 kWh
	CO2eq:	0.3416 g
	0.0032 km travelled by car
___leukocyte com 32 Treads_concluida___
___leukocyte com 34 Treads___
Total application run time: 121.48621 seconds
Tempo total: 121636.612 ms
	Time:	0:02:02
	Energy:	0.0034 kWh
	CO2eq:	0.3324 g
	0.0031 km travelled by car
	Time:	0:02:02
	Energy:	0.0034 kWh
	CO2eq:	0.3324 g
	0.0031 km travelled by car
___leukocyte com 34 Treads_concluida___
___leukocyte com 36 Treads___
Total application run time: 75.38625 seconds
Tempo total: 75523.699 ms
	Time:	0:01:16
	Energy:	0.0027 kWh
	CO2eq:	0.2680 g
	0.0025 km travelled by car
	Time:	0:01:16
	Energy:	0.0027 kWh
	CO2eq:	0.2680 g
	0.0025 km travelled by car
___leukocyte com 36 Treads_concluida___
___leukocyte com 38 Treads___
Total application run time: 75.49828 seconds
Tempo total: 75658.380 ms
	Time:	0:01:16
	Energy:	0.0028 kWh
	CO2eq:	0.2734 g
	0.0025 km travelled by car
	Time:	0:01:16
	Energy:	0.0028 kWh
	CO2eq:	0.2734 g
	0.0025 km travelled by car
___leukocyte com 38 Treads_concluida___
___leukocyte com 40 Treads___
Total application run time: 75.42375 seconds
Tempo total: 75575.018 ms
	Time:	0:01:16
	Energy:	0.0028 kWh
	CO2eq:	0.2754 g
	0.0026 km travelled by car
	Time:	0:01:16
	Energy:	0.0028 kWh
	CO2eq:	0.2754 g
	0.0026 km travelled by car
___leukocyte com 40 Treads_concluida___
___Fim de leukocyte___:

Start -> backprop
compilando backprop...
rm -f *.o *~ backprop backprop_cuda.linkinfo
gcc -g -fopenmp  -O2 backprop.c -c
gcc -g -fopenmp  -O2 facetrain.c -c
gcc -g -fopenmp  -O2 imagenet.c -c
gcc -g -fopenmp  -O2 backprop_kernel.c -c
gcc -g -fopenmp  -O2 backprop.o facetrain.o imagenet.o backprop_kernel.o -o backprop -lm
___Executando backprop___:
___backprop com 2 Treads___
Tempo total: 42626.680 ms
	Time:	0:00:43
	Energy:	0.0007 kWh
	CO2eq:	0.0689 g
	0.0006 km travelled by car
	Time:	0:00:43
	Energy:	0.0007 kWh
	CO2eq:	0.0689 g
	0.0006 km travelled by car
___backprop com 2 Treads_concluida___
___backprop com 4 Treads___
Tempo total: 34635.713 ms
	Time:	0:00:35
	Energy:	0.0006 kWh
	CO2eq:	0.0553 g
	0.0005 km travelled by car
	Time:	0:00:35
	Energy:	0.0006 kWh
	CO2eq:	0.0553 g
	0.0005 km travelled by car
___backprop com 4 Treads_concluida___
___backprop com 6 Treads___
Tempo total: 33626.104 ms
	Time:	0:00:34
	Energy:	0.0005 kWh
	CO2eq:	0.0526 g
	0.0005 km travelled by car
	Time:	0:00:34
	Energy:	0.0005 kWh
	CO2eq:	0.0526 g
	0.0005 km travelled by car
___backprop com 6 Treads_concluida___
___backprop com 8 Treads___
Tempo total: 31535.408 ms
	Time:	0:00:32
	Energy:	0.0005 kWh
	CO2eq:	0.0486 g
	0.0005 km travelled by car
	Time:	0:00:32
	Energy:	0.0005 kWh
	CO2eq:	0.0486 g
	0.0005 km travelled by car
___backprop com 8 Treads_concluida___
___backprop com 10 Treads___
Tempo total: 31213.962 ms
	Time:	0:00:31
	Energy:	0.0005 kWh
	CO2eq:	0.0479 g
	0.0004 km travelled by car
	Time:	0:00:31
	Energy:	0.0005 kWh
	CO2eq:	0.0479 g
	0.0004 km travelled by car
___backprop com 10 Treads_concluida___
___backprop com 12 Treads___
Tempo total: 31255.551 ms
	Time:	0:00:31
	Energy:	0.0005 kWh
	CO2eq:	0.0482 g
	0.0004 km travelled by car
	Time:	0:00:31
	Energy:	0.0005 kWh
	CO2eq:	0.0482 g
	0.0004 km travelled by car
___backprop com 12 Treads_concluida___
___backprop com 14 Treads___
Tempo total: 31078.947 ms
	Time:	0:00:31
	Energy:	0.0005 kWh
	CO2eq:	0.0475 g
	0.0004 km travelled by car
	Time:	0:00:31
	Energy:	0.0005 kWh
	CO2eq:	0.0475 g
	0.0004 km travelled by car
___backprop com 14 Treads_concluida___
___backprop com 16 Treads___
Tempo total: 29147.294 ms
	Time:	0:00:29
	Energy:	0.0005 kWh
	CO2eq:	0.0444 g
	0.0004 km travelled by car
	Time:	0:00:29
	Energy:	0.0005 kWh
	CO2eq:	0.0444 g
	0.0004 km travelled by car
___backprop com 16 Treads_concluida___
___backprop com 18 Treads___
Tempo total: 29070.280 ms
	Time:	0:00:29
	Energy:	0.0004 kWh
	CO2eq:	0.0440 g
	0.0004 km travelled by car
	Time:	0:00:29
	Energy:	0.0004 kWh
	CO2eq:	0.0440 g
	0.0004 km travelled by car
___backprop com 18 Treads_concluida___
___backprop com 20 Treads___
Tempo total: 29110.494 ms
	Time:	0:00:29
	Energy:	0.0004 kWh
	CO2eq:	0.0441 g
	0.0004 km travelled by car
	Time:	0:00:29
	Energy:	0.0004 kWh
	CO2eq:	0.0441 g
	0.0004 km travelled by car
___backprop com 20 Treads_concluida___
___backprop com 22 Treads___
Tempo total: 29014.760 ms
	Time:	0:00:29
	Energy:	0.0004 kWh
	CO2eq:	0.0434 g
	0.0004 km travelled by car
	Time:	0:00:29
	Energy:	0.0004 kWh
	CO2eq:	0.0434 g
	0.0004 km travelled by car
___backprop com 22 Treads_concluida___
___backprop com 24 Treads___
Tempo total: 29049.813 ms
	Time:	0:00:29
	Energy:	0.0004 kWh
	CO2eq:	0.0436 g
	0.0004 km travelled by car
	Time:	0:00:29
	Energy:	0.0004 kWh
	CO2eq:	0.0436 g
	0.0004 km travelled by car
___backprop com 24 Treads_concluida___
___backprop com 26 Treads___
Tempo total: 29108.947 ms
	Time:	0:00:29
	Energy:	0.0004 kWh
	CO2eq:	0.0436 g
	0.0004 km travelled by car
	Time:	0:00:29
	Energy:	0.0004 kWh
	CO2eq:	0.0436 g
	0.0004 km travelled by car
___backprop com 26 Treads_concluida___
___backprop com 28 Treads___
Tempo total: 29059.900 ms
	Time:	0:00:29
	Energy:	0.0004 kWh
	CO2eq:	0.0433 g
	0.0004 km travelled by car
	Time:	0:00:29
	Energy:	0.0004 kWh
	CO2eq:	0.0433 g
	0.0004 km travelled by car
___backprop com 28 Treads_concluida___
___backprop com 30 Treads___
Tempo total: 29049.251 ms
	Time:	0:00:29
	Energy:	0.0004 kWh
	CO2eq:	0.0432 g
	0.0004 km travelled by car
	Time:	0:00:29
	Energy:	0.0004 kWh
	CO2eq:	0.0432 g
	0.0004 km travelled by car
___backprop com 30 Treads_concluida___
___backprop com 32 Treads___
Tempo total: 29232.771 ms
	Time:	0:00:29
	Energy:	0.0004 kWh
	CO2eq:	0.0436 g
	0.0004 km travelled by car
	Time:	0:00:29
	Energy:	0.0004 kWh
	CO2eq:	0.0436 g
	0.0004 km travelled by car
___backprop com 32 Treads_concluida___
___backprop com 34 Treads___
Tempo total: 29179.354 ms
	Time:	0:00:29
	Energy:	0.0004 kWh
	CO2eq:	0.0438 g
	0.0004 km travelled by car
	Time:	0:00:29
	Energy:	0.0004 kWh
	CO2eq:	0.0438 g
	0.0004 km travelled by car
___backprop com 34 Treads_concluida___
___backprop com 36 Treads___
Tempo total: 28816.340 ms
	Time:	0:00:29
	Energy:	0.0004 kWh
	CO2eq:	0.0428 g
	0.0004 km travelled by car
	Time:	0:00:29
	Energy:	0.0004 kWh
	CO2eq:	0.0428 g
	0.0004 km travelled by car
___backprop com 36 Treads_concluida___
___backprop com 38 Treads___
Tempo total: 29531.844 ms
	Time:	0:00:30
	Energy:	0.0004 kWh
	CO2eq:	0.0439 g
	0.0004 km travelled by car
	Time:	0:00:30
	Energy:	0.0004 kWh
	CO2eq:	0.0439 g
	0.0004 km travelled by car
___backprop com 38 Treads_concluida___
___backprop com 40 Treads___
Tempo total: 29535.010 ms
	Time:	0:00:30
	Energy:	0.0004 kWh
	CO2eq:	0.0442 g
	0.0004 km travelled by car
	Time:	0:00:30
	Energy:	0.0004 kWh
	CO2eq:	0.0442 g
	0.0004 km travelled by car
___backprop com 40 Treads_concluida___
___Fim de backprop___:

Start -> cfd
compilando cfd...
rm -f euler3d_cpu
rm -f euler3d_cpu_offload
rm -f euler3d_cpu_double
rm -f pre_euler3d_cpu
rm -f pre_euler3d_cpu_double
g++ -O3 -Dblock_length=8 -fopenmp euler3d_cpu.cpp -o euler3d_cpu
g++ -O3 -Dblock_length=8 -fopenmp euler3d_cpu_double.cpp -o euler3d_cpu_double
g++ -O3 -Dblock_length=8 -fopenmp pre_euler3d_cpu.cpp -o pre_euler3d_cpu
g++ -O3 -Dblock_length=8 -fopenmp pre_euler3d_cpu_double.cpp -o pre_euler3d_cpu_double
icc -g -O3 -DOMP_OFFLOAD -Dblock_length=216 -fopenmp -offload-option,mic,compiler,"-no-opt-prefetch" euler3d_cpu.cpp -o euler3d_cpu_offload
___Executando cfd___:
___cfd com 2 Treads___
Compute time: 176.908
Tempo total: 179245.717 ms
	Time:	0:02:59
	Energy:	0.0026 kWh
	CO2eq:	0.2574 g
	0.0024 km travelled by car
	Time:	0:02:59
	Energy:	0.0026 kWh
	CO2eq:	0.2574 g
	0.0024 km travelled by car
___cfd com 2 Treads_concluida___
___cfd com 4 Treads___
Compute time: 90.0362
Tempo total: 92373.688 ms
	Time:	0:01:32
	Energy:	0.0015 kWh
	CO2eq:	0.1437 g
	0.0013 km travelled by car
	Time:	0:01:32
	Energy:	0.0015 kWh
	CO2eq:	0.1437 g
	0.0013 km travelled by car
___cfd com 4 Treads_concluida___
___cfd com 6 Treads___
Compute time: 63.6128
Tempo total: 65952.646 ms
	Time:	0:01:06
	Energy:	0.0011 kWh
	CO2eq:	0.1071 g
	0.0010 km travelled by car
	Time:	0:01:06
	Energy:	0.0011 kWh
	CO2eq:	0.1071 g
	0.0010 km travelled by car
___cfd com 6 Treads_concluida___
___cfd com 8 Treads___
Compute time: 50.0874
Tempo total: 52427.640 ms
	Time:	0:00:52
	Energy:	0.0009 kWh
	CO2eq:	0.0888 g
	0.0008 km travelled by car
	Time:	0:00:52
	Energy:	0.0009 kWh
	CO2eq:	0.0888 g
	0.0008 km travelled by car
___cfd com 8 Treads_concluida___
___cfd com 10 Treads___
Compute time: 41.1331
Tempo total: 43478.210 ms
	Time:	0:00:43
	Energy:	0.0008 kWh
	CO2eq:	0.0755 g
	0.0007 km travelled by car
	Time:	0:00:43
	Energy:	0.0008 kWh
	CO2eq:	0.0755 g
	0.0007 km travelled by car
___cfd com 10 Treads_concluida___
___cfd com 12 Treads___
Compute time: 34.2965
Tempo total: 36675.806 ms
	Time:	0:00:37
	Energy:	0.0007 kWh
	CO2eq:	0.0674 g
	0.0006 km travelled by car
	Time:	0:00:37
	Energy:	0.0007 kWh
	CO2eq:	0.0674 g
	0.0006 km travelled by car
___cfd com 12 Treads_concluida___
___cfd com 14 Treads___
Compute time: 29.5075
Tempo total: 31865.662 ms
	Time:	0:00:32
	Energy:	0.0006 kWh
	CO2eq:	0.0608 g
	0.0006 km travelled by car
	Time:	0:00:32
	Energy:	0.0006 kWh
	CO2eq:	0.0608 g
	0.0006 km travelled by car
___cfd com 14 Treads_concluida___
___cfd com 16 Treads___
Compute time: 25.9903
Tempo total: 28324.022 ms
	Time:	0:00:28
	Energy:	0.0006 kWh
	CO2eq:	0.0570 g
	0.0005 km travelled by car
	Time:	0:00:28
	Energy:	0.0006 kWh
	CO2eq:	0.0570 g
	0.0005 km travelled by car
___cfd com 16 Treads_concluida___
___cfd com 18 Treads___
Compute time: 23.0648
Tempo total: 25425.446 ms
	Time:	0:00:25
	Energy:	0.0005 kWh
	CO2eq:	0.0523 g
	0.0005 km travelled by car
	Time:	0:00:25
	Energy:	0.0005 kWh
	CO2eq:	0.0523 g
	0.0005 km travelled by car
___cfd com 18 Treads_concluida___
___cfd com 20 Treads___
Compute time: 21.0352
Tempo total: 23382.678 ms
	Time:	0:00:23
	Energy:	0.0005 kWh
	CO2eq:	0.0498 g
	0.0005 km travelled by car
	Time:	0:00:23
	Energy:	0.0005 kWh
	CO2eq:	0.0498 g
	0.0005 km travelled by car
___cfd com 20 Treads_concluida___
___cfd com 22 Treads___
Compute time: 19.2138
Tempo total: 21583.166 ms
	Time:	0:00:22
	Energy:	0.0006 kWh
	CO2eq:	0.0552 g
	0.0005 km travelled by car
	Time:	0:00:22
	Energy:	0.0006 kWh
	CO2eq:	0.0552 g
	0.0005 km travelled by car
___cfd com 22 Treads_concluida___
___cfd com 24 Treads___
Compute time: 17.4515
Tempo total: 19811.275 ms
	Time:	0:00:20
	Energy:	0.0005 kWh
	CO2eq:	0.0529 g
	0.0005 km travelled by car
	Time:	0:00:20
	Energy:	0.0005 kWh
	CO2eq:	0.0529 g
	0.0005 km travelled by car
___cfd com 24 Treads_concluida___
___cfd com 26 Treads___
Compute time: 15.9302
Tempo total: 18303.877 ms
	Time:	0:00:18
	Energy:	0.0005 kWh
	CO2eq:	0.0510 g
	0.0005 km travelled by car
	Time:	0:00:18
	Energy:	0.0005 kWh
	CO2eq:	0.0510 g
	0.0005 km travelled by car
___cfd com 26 Treads_concluida___
___cfd com 28 Treads___
Compute time: 14.7508
Tempo total: 17158.487 ms
	Time:	0:00:17
	Energy:	0.0005 kWh
	CO2eq:	0.0463 g
	0.0004 km travelled by car
	Time:	0:00:17
	Energy:	0.0005 kWh
	CO2eq:	0.0463 g
	0.0004 km travelled by car
___cfd com 28 Treads_concluida___
___cfd com 30 Treads___
Compute time: 13.8243
Tempo total: 16174.848 ms
	Time:	0:00:16
	Energy:	0.0005 kWh
	CO2eq:	0.0464 g
	0.0004 km travelled by car
	Time:	0:00:16
	Energy:	0.0005 kWh
	CO2eq:	0.0464 g
	0.0004 km travelled by car
___cfd com 30 Treads_concluida___
___cfd com 32 Treads___
Compute time: 12.9312
Tempo total: 15316.959 ms
	Time:	0:00:15
	Energy:	0.0004 kWh
	CO2eq:	0.0425 g
	0.0004 km travelled by car
	Time:	0:00:15
	Energy:	0.0004 kWh
	CO2eq:	0.0425 g
	0.0004 km travelled by car
___cfd com 32 Treads_concluida___
___cfd com 34 Treads___
Compute time: 12.2655
Tempo total: 14851.095 ms
	Time:	0:00:15
	Energy:	0.0005 kWh
	CO2eq:	0.0451 g
	0.0004 km travelled by car
	Time:	0:00:15
	Energy:	0.0004 kWh
	CO2eq:	0.0420 g
	0.0004 km travelled by car
___cfd com 34 Treads_concluida___
___cfd com 36 Treads___
Compute time: 11.5898
Tempo total: 14163.169 ms
	Time:	0:00:14
	Energy:	0.0004 kWh
	CO2eq:	0.0426 g
	0.0004 km travelled by car
	Time:	0:00:14
	Energy:	0.0004 kWh
	CO2eq:	0.0426 g
	0.0004 km travelled by car
___cfd com 36 Treads_concluida___
___cfd com 38 Treads___
Compute time: 10.9772
Tempo total: 13320.548 ms
	Time:	0:00:13
	Energy:	0.0004 kWh
	CO2eq:	0.0389 g
	0.0004 km travelled by car
	Time:	0:00:13
	Energy:	0.0004 kWh
	CO2eq:	0.0389 g
	0.0004 km travelled by car
___cfd com 38 Treads_concluida___
___cfd com 40 Treads___
Compute time: 10.4297
Tempo total: 12783.948 ms
	Time:	0:00:13
	Energy:	0.0004 kWh
	CO2eq:	0.0412 g
	0.0004 km travelled by car
	Time:	0:00:13
	Energy:	0.0004 kWh
	CO2eq:	0.0412 g
	0.0004 km travelled by car
___cfd com 40 Treads_concluida___
___Fim de cfd___:

Start -> srad
compilando srad...
cd srad_v1; 	make clean
make[1]: Entering directory '/scratch/acsilveira/rodinia_novos/openmp/srad/srad_v1'
rm *.o srad
make[1]: Leaving directory '/scratch/acsilveira/rodinia_novos/openmp/srad/srad_v1'
cd srad_v2; 	make clean
make[1]: Entering directory '/scratch/acsilveira/rodinia_novos/openmp/srad/srad_v2'
rm -f srad
make[1]: Leaving directory '/scratch/acsilveira/rodinia_novos/openmp/srad/srad_v2'
cd srad_v1; 	make
make[1]: Entering directory '/scratch/acsilveira/rodinia_novos/openmp/srad/srad_v1'
gcc	main.c \
		-c -O3 -fopenmp
gcc	main.o \
		-lm -fopenmp -o srad
make[1]: Leaving directory '/scratch/acsilveira/rodinia_novos/openmp/srad/srad_v1'
cd srad_v2; 	make
make[1]: Entering directory '/scratch/acsilveira/rodinia_novos/openmp/srad/srad_v2'
g++ -g -fopenmp -O2 -lm srad.cpp -o srad 
make[1]: Leaving directory '/scratch/acsilveira/rodinia_novos/openmp/srad/srad_v2'
___Executando srad___:
___srad com 2 Treads___
Tempo total: 203028.809 ms
	Time:	0:03:23
	Energy:	0.0030 kWh
	CO2eq:	0.2983 g
	0.0028 km travelled by car
	Time:	0:03:23
	Energy:	0.0030 kWh
	CO2eq:	0.2982 g
	0.0028 km travelled by car
___srad com 2 Treads_concluida___
___srad com 4 Treads___
Tempo total: 100942.055 ms
	Time:	0:01:41
	Energy:	0.0016 kWh
	CO2eq:	0.1591 g
	0.0015 km travelled by car
	Time:	0:01:41
	Energy:	0.0016 kWh
	CO2eq:	0.1589 g
	0.0015 km travelled by car
___srad com 4 Treads_concluida___
___srad com 6 Treads___
Tempo total: 71680.264 ms
	Time:	0:01:12
	Energy:	0.0012 kWh
	CO2eq:	0.1189 g
	0.0011 km travelled by car
	Time:	0:01:12
	Energy:	0.0012 kWh
	CO2eq:	0.1189 g
	0.0011 km travelled by car
___srad com 6 Treads_concluida___
___srad com 8 Treads___
Tempo total: 57827.068 ms
	Time:	0:00:58
	Energy:	0.0010 kWh
	CO2eq:	0.0999 g
	0.0009 km travelled by car
	Time:	0:00:58
	Energy:	0.0010 kWh
	CO2eq:	0.0999 g
	0.0009 km travelled by car
___srad com 8 Treads_concluida___
___srad com 10 Treads___
Tempo total: 46805.741 ms
	Time:	0:00:47
	Energy:	0.0009 kWh
	CO2eq:	0.0844 g
	0.0008 km travelled by car
	Time:	0:00:47
	Energy:	0.0009 kWh
	CO2eq:	0.0844 g
	0.0008 km travelled by car
___srad com 10 Treads_concluida___
___srad com 12 Treads___
Tempo total: 39825.251 ms
	Time:	0:00:40
	Energy:	0.0008 kWh
	CO2eq:	0.0759 g
	0.0007 km travelled by car
	Time:	0:00:40
	Energy:	0.0008 kWh
	CO2eq:	0.0759 g
	0.0007 km travelled by car
___srad com 12 Treads_concluida___
___srad com 14 Treads___
Tempo total: 35177.847 ms
	Time:	0:00:35
	Energy:	0.0007 kWh
	CO2eq:	0.0700 g
	0.0007 km travelled by car
	Time:	0:00:35
	Energy:	0.0007 kWh
	CO2eq:	0.0700 g
	0.0007 km travelled by car
___srad com 14 Treads_concluida___
___srad com 16 Treads___
Tempo total: 31693.331 ms
	Time:	0:00:32
	Energy:	0.0007 kWh
	CO2eq:	0.0658 g
	0.0006 km travelled by car
	Time:	0:00:32
	Energy:	0.0007 kWh
	CO2eq:	0.0658 g
	0.0006 km travelled by car
___srad com 16 Treads_concluida___
___srad com 18 Treads___
Tempo total: 29094.345 ms
	Time:	0:00:29
	Energy:	0.0006 kWh
	CO2eq:	0.0632 g
	0.0006 km travelled by car
	Time:	0:00:29
	Energy:	0.0006 kWh
	CO2eq:	0.0632 g
	0.0006 km travelled by car
___srad com 18 Treads_concluida___
___srad com 20 Treads___
Tempo total: 27085.005 ms
	Time:	0:00:27
	Energy:	0.0006 kWh
	CO2eq:	0.0613 g
	0.0006 km travelled by car
	Time:	0:00:27
	Energy:	0.0006 kWh
	CO2eq:	0.0613 g
	0.0006 km travelled by car
___srad com 20 Treads_concluida___
___srad com 22 Treads___
Tempo total: 23637.080 ms
	Time:	0:00:24
	Energy:	0.0006 kWh
	CO2eq:	0.0595 g
	0.0006 km travelled by car
	Time:	0:00:24
	Energy:	0.0006 kWh
	CO2eq:	0.0595 g
	0.0006 km travelled by car
___srad com 22 Treads_concluida___
___srad com 24 Treads___
Tempo total: 21773.629 ms
	Time:	0:00:22
	Energy:	0.0006 kWh
	CO2eq:	0.0620 g
	0.0006 km travelled by car
	Time:	0:00:22
	Energy:	0.0006 kWh
	CO2eq:	0.0620 g
	0.0006 km travelled by car
___srad com 24 Treads_concluida___
___srad com 26 Treads___
Tempo total: 20333.699 ms
	Time:	0:00:20
	Energy:	0.0006 kWh
	CO2eq:	0.0600 g
	0.0006 km travelled by car
	Time:	0:00:20
	Energy:	0.0006 kWh
	CO2eq:	0.0600 g
	0.0006 km travelled by car
___srad com 26 Treads_concluida___
___srad com 28 Treads___
Tempo total: 19167.084 ms
	Time:	0:00:19
	Energy:	0.0006 kWh
	CO2eq:	0.0581 g
	0.0005 km travelled by car
	Time:	0:00:19
	Energy:	0.0006 kWh
	CO2eq:	0.0581 g
	0.0005 km travelled by car
___srad com 28 Treads_concluida___
___srad com 30 Treads___
Tempo total: 18130.005 ms
	Time:	0:00:18
	Energy:	0.0006 kWh
	CO2eq:	0.0563 g
	0.0005 km travelled by car
	Time:	0:00:18
	Energy:	0.0006 kWh
	CO2eq:	0.0563 g
	0.0005 km travelled by car
___srad com 30 Treads_concluida___
___srad com 32 Treads___
Tempo total: 16782.161 ms
	Time:	0:00:17
	Energy:	0.0005 kWh
	CO2eq:	0.0538 g
	0.0005 km travelled by car
	Time:	0:00:17
	Energy:	0.0005 kWh
	CO2eq:	0.0538 g
	0.0005 km travelled by car
___srad com 32 Treads_concluida___
___srad com 34 Treads___
Tempo total: 16106.513 ms
	Time:	0:00:16
	Energy:	0.0005 kWh
	CO2eq:	0.0528 g
	0.0005 km travelled by car
	Time:	0:00:16
	Energy:	0.0005 kWh
	CO2eq:	0.0528 g
	0.0005 km travelled by car
___srad com 34 Treads_concluida___
___srad com 36 Treads___
Tempo total: 15417.126 ms
	Time:	0:00:15
	Energy:	0.0005 kWh
	CO2eq:	0.0522 g
	0.0005 km travelled by car
	Time:	0:00:15
	Energy:	0.0005 kWh
	CO2eq:	0.0522 g
	0.0005 km travelled by car
___srad com 36 Treads_concluida___
___srad com 38 Treads___
Tempo total: 14731.164 ms
	Time:	0:00:15
	Energy:	0.0005 kWh
	CO2eq:	0.0509 g
	0.0005 km travelled by car
	Time:	0:00:15
	Energy:	0.0005 kWh
	CO2eq:	0.0509 g
	0.0005 km travelled by car
___srad com 38 Treads_concluida___
___srad com 40 Treads___
Tempo total: 14099.911 ms
	Time:	0:00:14
	Energy:	0.0005 kWh
	CO2eq:	0.0499 g
	0.0005 km travelled by car
	Time:	0:00:14
	Energy:	0.0005 kWh
	CO2eq:	0.0499 g
	0.0005 km travelled by car
___srad com 40 Treads_concluida___
___Fim de srad___:

