Numero de CPUs logicos (threads): 48
Numero de núcleos fisicos: 12
Start -> kmeans
compilando kmeans...
cd kmeans_serial; make clean
make[1]: Entering directory '/scratch/acsilveira/rodinia_novos/openmp/kmeans/kmeans_serial'
rm -f *.o *~ kmeans 
make[1]: Leaving directory '/scratch/acsilveira/rodinia_novos/openmp/kmeans/kmeans_serial'
cd kmeans_openmp; make clean
make[1]: Entering directory '/scratch/acsilveira/rodinia_novos/openmp/kmeans/kmeans_openmp'
rm -f *.o *~ kmeans 
make[1]: Leaving directory '/scratch/acsilveira/rodinia_novos/openmp/kmeans/kmeans_openmp'
cd kmeans_openmp; make
make[1]: Entering directory '/scratch/acsilveira/rodinia_novos/openmp/kmeans/kmeans_openmp'
gcc -g -fopenmp -O2  cluster.c -c
gcc -g -fopenmp -O2  getopt.c -c
gcc -g -fopenmp -O2  kmeans.c -c
gcc -g -fopenmp -O2  kmeans_clustering.c -c
gcc -g -fopenmp -O2  cluster.o getopt.o kmeans.o kmeans_clustering.o  -o kmeans
make[1]: Leaving directory '/scratch/acsilveira/rodinia_novos/openmp/kmeans/kmeans_openmp'
cd kmeans_serial; make
make[1]: Entering directory '/scratch/acsilveira/rodinia_novos/openmp/kmeans/kmeans_serial'
gcc -g -fopenmp -O2  cluster.c -c
gcc -g -fopenmp -O2  getopt.c -c
gcc -g -fopenmp -O2  kmeans.c -c
gcc -g -fopenmp -O2  kmeans_clustering.c -c
gcc -g -fopenmp -O2  cluster.o getopt.o kmeans.o kmeans_clustering.o  -o kmeans
make[1]: Leaving directory '/scratch/acsilveira/rodinia_novos/openmp/kmeans/kmeans_serial'
___Executando kmeans___:
___kmeans com 2 Treads___
Time for process: 249.549411
Tempo total: 250104.956 ms
	Time:	0:04:10
	Energy:	0.0087 kWh
	CO2eq:	4.2077 g
	0.0391 km travelled by car
	Time:	0:04:10
	Energy:	0.0087 kWh
	CO2eq:	4.2077 g
	0.0391 km travelled by car
___kmeans com 2 Treads_concluida___
___kmeans com 4 Treads___
Time for process: 124.816804
Tempo total: 125370.325 ms
	Time:	0:02:05
	Energy:	0.0046 kWh
	CO2eq:	2.2297 g
	0.0207 km travelled by car
	Time:	0:02:05
	Energy:	0.0046 kWh
	CO2eq:	2.2297 g
	0.0207 km travelled by car
___kmeans com 4 Treads_concluida___
___kmeans com 6 Treads___
Time for process: 83.298212
Tempo total: 83852.700 ms
	Time:	0:01:24
	Energy:	0.0033 kWh
	CO2eq:	1.5646 g
	0.0146 km travelled by car
	Time:	0:01:24
	Energy:	0.0033 kWh
	CO2eq:	1.5646 g
	0.0146 km travelled by car
___kmeans com 6 Treads_concluida___
___kmeans com 8 Treads___
Time for process: 62.510817
Tempo total: 63070.427 ms
	Time:	0:01:03
	Energy:	0.0026 kWh
	CO2eq:	1.2437 g
	0.0116 km travelled by car
	Time:	0:01:03
	Energy:	0.0026 kWh
	CO2eq:	1.2437 g
	0.0116 km travelled by car
___kmeans com 8 Treads_concluida___
___kmeans com 10 Treads___
Time for process: 50.481360
Tempo total: 51036.219 ms
	Time:	0:00:51
	Energy:	0.0022 kWh
	CO2eq:	1.0474 g
	0.0097 km travelled by car
	Time:	0:00:51
	Energy:	0.0022 kWh
	CO2eq:	1.0474 g
	0.0097 km travelled by car
___kmeans com 10 Treads_concluida___
___kmeans com 12 Treads___
Time for process: 42.831807
Tempo total: 43385.924 ms
	Time:	0:00:43
	Energy:	0.0019 kWh
	CO2eq:	0.9116 g
	0.0085 km travelled by car
	Time:	0:00:43
	Energy:	0.0019 kWh
	CO2eq:	0.9116 g
	0.0085 km travelled by car
___kmeans com 12 Treads_concluida___
___kmeans com 14 Treads___
Time for process: 36.692065
Tempo total: 37255.608 ms
	Time:	0:00:37
	Energy:	0.0017 kWh
	CO2eq:	0.8136 g
	0.0076 km travelled by car
	Time:	0:00:37
	Energy:	0.0017 kWh
	CO2eq:	0.8136 g
	0.0076 km travelled by car
___kmeans com 14 Treads_concluida___
___kmeans com 16 Treads___
Time for process: 32.127336
Tempo total: 32684.238 ms
	Time:	0:00:33
	Energy:	0.0015 kWh
	CO2eq:	0.7425 g
	0.0069 km travelled by car
	Time:	0:00:33
	Energy:	0.0015 kWh
	CO2eq:	0.7425 g
	0.0069 km travelled by car
___kmeans com 16 Treads_concluida___
___kmeans com 18 Treads___
Time for process: 28.702641
Tempo total: 29261.091 ms
	Time:	0:00:29
	Energy:	0.0014 kWh
	CO2eq:	0.6924 g
	0.0064 km travelled by car
	Time:	0:00:29
	Energy:	0.0014 kWh
	CO2eq:	0.6924 g
	0.0064 km travelled by car
___kmeans com 18 Treads_concluida___
___kmeans com 20 Treads___
Time for process: 26.451518
Tempo total: 27007.505 ms
	Time:	0:00:27
	Energy:	0.0013 kWh
	CO2eq:	0.6411 g
	0.0060 km travelled by car
	Time:	0:00:27
	Energy:	0.0013 kWh
	CO2eq:	0.6411 g
	0.0060 km travelled by car
___kmeans com 20 Treads_concluida___
___kmeans com 22 Treads___
Time for process: 24.147149
Tempo total: 24707.216 ms
	Time:	0:00:25
	Energy:	0.0012 kWh
	CO2eq:	0.5799 g
	0.0054 km travelled by car
	Time:	0:00:25
	Energy:	0.0012 kWh
	CO2eq:	0.5799 g
	0.0054 km travelled by car
___kmeans com 22 Treads_concluida___
___kmeans com 24 Treads___
Time for process: 22.354283
Tempo total: 22913.012 ms
	Time:	0:00:23
	Energy:	0.0011 kWh
	CO2eq:	0.5271 g
	0.0049 km travelled by car
	Time:	0:00:23
	Energy:	0.0011 kWh
	CO2eq:	0.5261 g
	0.0049 km travelled by car
___kmeans com 24 Treads_concluida___
___kmeans com 26 Treads___
Time for process: 20.821030
Tempo total: 21376.484 ms
	Time:	0:00:21
	Energy:	0.0011 kWh
	CO2eq:	0.5137 g
	0.0048 km travelled by car
	Time:	0:00:21
	Energy:	0.0011 kWh
	CO2eq:	0.5137 g
	0.0048 km travelled by car
___kmeans com 26 Treads_concluida___
___kmeans com 28 Treads___
Time for process: 19.185873
Tempo total: 19740.040 ms
	Time:	0:00:20
	Energy:	0.0010 kWh
	CO2eq:	0.4907 g
	0.0046 km travelled by car
	Time:	0:00:20
	Energy:	0.0010 kWh
	CO2eq:	0.4907 g
	0.0046 km travelled by car
___kmeans com 28 Treads_concluida___
___kmeans com 30 Treads___
Time for process: 18.073074
Tempo total: 18634.119 ms
	Time:	0:00:19
	Energy:	0.0010 kWh
	CO2eq:	0.4767 g
	0.0044 km travelled by car
	Time:	0:00:19
	Energy:	0.0010 kWh
	CO2eq:	0.4767 g
	0.0044 km travelled by car
___kmeans com 30 Treads_concluida___
___kmeans com 32 Treads___
Time for process: 16.785699
Tempo total: 17343.011 ms
	Time:	0:00:17
	Energy:	0.0010 kWh
	CO2eq:	0.4593 g
	0.0043 km travelled by car
	Time:	0:00:17
	Energy:	0.0010 kWh
	CO2eq:	0.4593 g
	0.0043 km travelled by car
___kmeans com 32 Treads_concluida___
___kmeans com 34 Treads___
Time for process: 16.002677
Tempo total: 16559.383 ms
	Time:	0:00:17
	Energy:	0.0009 kWh
	CO2eq:	0.4517 g
	0.0042 km travelled by car
	Time:	0:00:17
	Energy:	0.0009 kWh
	CO2eq:	0.4517 g
	0.0042 km travelled by car
___kmeans com 34 Treads_concluida___
___kmeans com 36 Treads___
Time for process: 14.941315
Tempo total: 15496.899 ms
	Time:	0:00:15
	Energy:	0.0009 kWh
	CO2eq:	0.4331 g
	0.0040 km travelled by car
	Time:	0:00:15
	Energy:	0.0009 kWh
	CO2eq:	0.4331 g
	0.0040 km travelled by car
___kmeans com 36 Treads_concluida___
___kmeans com 38 Treads___
Time for process: 14.348697
Tempo total: 14904.098 ms
	Time:	0:00:15
	Energy:	0.0009 kWh
	CO2eq:	0.4263 g
	0.0040 km travelled by car
	Time:	0:00:15
	Energy:	0.0009 kWh
	CO2eq:	0.4254 g
	0.0040 km travelled by car
___kmeans com 38 Treads_concluida___
___kmeans com 40 Treads___
Time for process: 13.442833
Tempo total: 13998.814 ms
	Time:	0:00:14
	Energy:	0.0009 kWh
	CO2eq:	0.4112 g
	0.0038 km travelled by car
	Time:	0:00:14
	Energy:	0.0009 kWh
	CO2eq:	0.4112 g
	0.0038 km travelled by car
___kmeans com 40 Treads_concluida___
___kmeans com 42 Treads___
Time for process: 12.980523
Tempo total: 13536.048 ms
	Time:	0:00:14
	Energy:	0.0008 kWh
	CO2eq:	0.4078 g
	0.0038 km travelled by car
	Time:	0:00:14
	Energy:	0.0008 kWh
	CO2eq:	0.4078 g
	0.0038 km travelled by car
___kmeans com 42 Treads_concluida___
___kmeans com 44 Treads___
Time for process: 12.228330
Tempo total: 12786.540 ms
	Time:	0:00:13
	Energy:	0.0008 kWh
	CO2eq:	0.3893 g
	0.0036 km travelled by car
	Time:	0:00:13
	Energy:	0.0008 kWh
	CO2eq:	0.3893 g
	0.0036 km travelled by car
___kmeans com 44 Treads_concluida___
___kmeans com 46 Treads___
Time for process: 11.909749
Tempo total: 12466.679 ms
	Time:	0:00:12
	Energy:	0.0008 kWh
	CO2eq:	0.3812 g
	0.0035 km travelled by car
	Time:	0:00:12
	Energy:	0.0008 kWh
	CO2eq:	0.3812 g
	0.0035 km travelled by car
___kmeans com 46 Treads_concluida___
___kmeans com 48 Treads___
Time for process: 11.231859
Tempo total: 11787.675 ms
	Time:	0:00:12
	Energy:	0.0008 kWh
	CO2eq:	0.3611 g
	0.0034 km travelled by car
	Time:	0:00:12
	Energy:	0.0008 kWh
	CO2eq:	0.3611 g
	0.0034 km travelled by car
___kmeans com 48 Treads_concluida___
___Fim de kmeans___:

Start -> leukocyte
compilando leukocyte...
cd OpenMP; make clean
make[1]: Entering directory '/scratch/acsilveira/rodinia_novos/openmp/leukocyte/OpenMP'
rm -f *.o leukocyte
make[1]: Leaving directory '/scratch/acsilveira/rodinia_novos/openmp/leukocyte/OpenMP'
rm -f meschach_lib/meschach.a
cd OpenMP; make
make[1]: Entering directory '/scratch/acsilveira/rodinia_novos/openmp/leukocyte/OpenMP'
gcc  -g -O3 -Wall -fopenmp -I../meschach_lib detect_main.c -c
gcc  -g -O3 -Wall -fopenmp -I../meschach_lib avilib.c -c
gcc  -g -O3 -Wall -fopenmp -I../meschach_lib find_ellipse.c -c
gcc  -g -O3 -Wall -fopenmp -I../meschach_lib track_ellipse.c -c
gcc  -g -O3 -Wall -fopenmp -I../meschach_lib misc_math.c -c
cd ../meschach_lib; ./configure --with-all; make all; make clean
make[2]: Entering directory '/scratch/acsilveira/rodinia_novos/openmp/leukocyte/meschach_lib'
cc -c -O -DHAVE_CONFIG_H copy.c
cc -c -O -DHAVE_CONFIG_H err.c
cc -c -O -DHAVE_CONFIG_H matrixio.c
cc -c -O -DHAVE_CONFIG_H memory.c
cc -c -O -DHAVE_CONFIG_H vecop.c
cc -c -O -DHAVE_CONFIG_H matop.c
cc -c -O -DHAVE_CONFIG_H pxop.c
cc -c -O -DHAVE_CONFIG_H submat.c
cc -c -O -DHAVE_CONFIG_H init.c
cc -c -O -DHAVE_CONFIG_H otherio.c
cc -c -O -DHAVE_CONFIG_H machine.c
cc -c -O -DHAVE_CONFIG_H matlab.c
cc -c -O -DHAVE_CONFIG_H ivecop.c
cc -c -O -DHAVE_CONFIG_H version.c
cc -c -O -DHAVE_CONFIG_H meminfo.c
cc -c -O -DHAVE_CONFIG_H memstat.c
ar ru meschach.a copy.o err.o matrixio.o memory.o vecop.o matop.o pxop.o submat.o init.o otherio.o machine.o matlab.o ivecop.o version.o meminfo.o memstat.o; ranlib meschach.a
cc -c -O -DHAVE_CONFIG_H lufactor.c
cc -c -O -DHAVE_CONFIG_H bkpfacto.c
cc -c -O -DHAVE_CONFIG_H chfactor.c
cc -c -O -DHAVE_CONFIG_H qrfactor.c
cc -c -O -DHAVE_CONFIG_H solve.c
cc -c -O -DHAVE_CONFIG_H hsehldr.c
cc -c -O -DHAVE_CONFIG_H givens.c
cc -c -O -DHAVE_CONFIG_H update.c
cc -c -O -DHAVE_CONFIG_H norm.c
cc -c -O -DHAVE_CONFIG_H hessen.c
cc -c -O -DHAVE_CONFIG_H symmeig.c
cc -c -O -DHAVE_CONFIG_H schur.c
cc -c -O -DHAVE_CONFIG_H svd.c
cc -c -O -DHAVE_CONFIG_H fft.c
cc -c -O -DHAVE_CONFIG_H mfunc.c
cc -c -O -DHAVE_CONFIG_H bdfactor.c
ar ru meschach.a lufactor.o bkpfacto.o chfactor.o qrfactor.o solve.o hsehldr.o givens.o update.o norm.o hessen.o symmeig.o schur.o svd.o fft.o mfunc.o bdfactor.o; ranlib meschach.a
cc -c -O -DHAVE_CONFIG_H sparse.c
cc -c -O -DHAVE_CONFIG_H sprow.c
cc -c -O -DHAVE_CONFIG_H sparseio.c
cc -c -O -DHAVE_CONFIG_H spchfctr.c
cc -c -O -DHAVE_CONFIG_H splufctr.c
cc -c -O -DHAVE_CONFIG_H spbkp.c
cc -c -O -DHAVE_CONFIG_H spswap.c
cc -c -O -DHAVE_CONFIG_H iter0.c
cc -c -O -DHAVE_CONFIG_H itersym.c
cc -c -O -DHAVE_CONFIG_H iternsym.c
ar ru meschach.a sparse.o sprow.o sparseio.o spchfctr.o splufctr.o spbkp.o spswap.o iter0.o itersym.o iternsym.o; ranlib meschach.a
cc -c -O -DHAVE_CONFIG_H zmachine.c
cc -c -O -DHAVE_CONFIG_H zcopy.c
cc -c -O -DHAVE_CONFIG_H zmatio.c
cc -c -O -DHAVE_CONFIG_H zmemory.c
cc -c -O -DHAVE_CONFIG_H zvecop.c
cc -c -O -DHAVE_CONFIG_H zmatop.c
cc -c -O -DHAVE_CONFIG_H znorm.c
cc -c -O -DHAVE_CONFIG_H zfunc.c
ar ru meschach.a zmachine.o zcopy.o zmatio.o zmemory.o zvecop.o zmatop.o znorm.o zfunc.o ; ranlib meschach.a
cc -c -O -DHAVE_CONFIG_H zlufctr.c
cc -c -O -DHAVE_CONFIG_H zsolve.c
cc -c -O -DHAVE_CONFIG_H zmatlab.c
cc -c -O -DHAVE_CONFIG_H zhsehldr.c
cc -c -O -DHAVE_CONFIG_H zqrfctr.c
cc -c -O -DHAVE_CONFIG_H zgivens.c
cc -c -O -DHAVE_CONFIG_H zhessen.c
cc -c -O -DHAVE_CONFIG_H zschur.c
ar ru meschach.a zlufctr.o zsolve.o zmatlab.o zhsehldr.o zqrfctr.o zgivens.o  zhessen.o zschur.o; ranlib meschach.a
make[2]: Leaving directory '/scratch/acsilveira/rodinia_novos/openmp/leukocyte/meschach_lib'
make[2]: Entering directory '/scratch/acsilveira/rodinia_novos/openmp/leukocyte/meschach_lib'
/bin/rm -f *.o core asx5213a.mat iotort.dat 
make[2]: Leaving directory '/scratch/acsilveira/rodinia_novos/openmp/leukocyte/meschach_lib'
gcc -g -O3 -Wall -fopenmp -I../meschach_lib -lm avilib.o find_ellipse.o track_ellipse.o misc_math.o detect_main.o -o leukocyte -lm ../meschach_lib/meschach.a -lpthread
make[1]: Leaving directory '/scratch/acsilveira/rodinia_novos/openmp/leukocyte/OpenMP'
___Executando leukocyte___:
___leukocyte com 2 Treads___
Total application run time: 617.37372 seconds
	Time:	0:10:17
	Energy:	0.0217 kWh
	CO2eq:	10.4462 g
	0.0972 km travelled by car
	Time:	0:10:17
	Energy:	0.0217 kWh
	CO2eq:	10.4462 g
	0.0972 km travelled by car
___leukocyte com 2 Treads_concluida___
___leukocyte com 4 Treads___
Total application run time: 326.10172 seconds
	Time:	0:05:26
	Energy:	0.0121 kWh
	CO2eq:	5.8132 g
	0.0541 km travelled by car
	Time:	0:05:26
	Energy:	0.0121 kWh
	CO2eq:	5.8132 g
	0.0541 km travelled by car
___leukocyte com 4 Treads_concluida___
___leukocyte com 6 Treads___
Total application run time: 220.10632 seconds
	Time:	0:03:40
	Energy:	0.0086 kWh
	CO2eq:	4.1554 g
	0.0387 km travelled by car
	Time:	0:03:40
	Energy:	0.0086 kWh
	CO2eq:	4.1554 g
	0.0387 km travelled by car
___leukocyte com 6 Treads_concluida___
___leukocyte com 8 Treads___
Total application run time: 188.19438 seconds
	Time:	0:03:08
	Energy:	0.0076 kWh
	CO2eq:	3.6656 g
	0.0341 km travelled by car
	Time:	0:03:08
	Energy:	0.0076 kWh
	CO2eq:	3.6656 g
	0.0341 km travelled by car
___leukocyte com 8 Treads_concluida___
___leukocyte com 10 Treads___
Total application run time: 151.07404 seconds
	Time:	0:02:31
	Energy:	0.0064 kWh
	CO2eq:	3.0836 g
	0.0287 km travelled by car
	Time:	0:02:31
	Energy:	0.0064 kWh
	CO2eq:	3.0836 g
	0.0287 km travelled by car
___leukocyte com 10 Treads_concluida___
___leukocyte com 12 Treads___
Total application run time: 116.85335 seconds
	Time:	0:01:57
	Energy:	0.0052 kWh
	CO2eq:	2.4868 g
	0.0231 km travelled by car
	Time:	0:01:57
	Energy:	0.0052 kWh
	CO2eq:	2.4854 g
	0.0231 km travelled by car
___leukocyte com 12 Treads_concluida___
___leukocyte com 14 Treads___
Total application run time: 115.31287 seconds
	Time:	0:01:55
	Energy:	0.0053 kWh
	CO2eq:	2.5353 g
	0.0236 km travelled by car
	Time:	0:01:55
	Energy:	0.0053 kWh
	CO2eq:	2.5353 g
	0.0236 km travelled by car
___leukocyte com 14 Treads_concluida___
___leukocyte com 16 Treads___
Total application run time: 114.41904 seconds
	Time:	0:01:55
	Energy:	0.0053 kWh
	CO2eq:	2.5294 g
	0.0235 km travelled by car
	Time:	0:01:55
	Energy:	0.0053 kWh
	CO2eq:	2.5294 g
	0.0235 km travelled by car
___leukocyte com 16 Treads_concluida___
___leukocyte com 18 Treads___
Total application run time: 81.29576 seconds
	Time:	0:01:21
	Energy:	0.0041 kWh
	CO2eq:	1.9557 g
	0.0182 km travelled by car
	Time:	0:01:21
	Energy:	0.0041 kWh
	CO2eq:	1.9557 g
	0.0182 km travelled by car
___leukocyte com 18 Treads_concluida___
___leukocyte com 20 Treads___
Total application run time: 81.33049 seconds
	Time:	0:01:21
	Energy:	0.0041 kWh
	CO2eq:	1.9503 g
	0.0181 km travelled by car
	Time:	0:01:21
	Energy:	0.0041 kWh
	CO2eq:	1.9503 g
	0.0181 km travelled by car
___leukocyte com 20 Treads_concluida___
___leukocyte com 22 Treads___
Total application run time: 81.25818 seconds
	Time:	0:01:21
	Energy:	0.0040 kWh
	CO2eq:	1.9149 g
	0.0178 km travelled by car
	Time:	0:01:21
	Energy:	0.0040 kWh
	CO2eq:	1.9149 g
	0.0178 km travelled by car
___leukocyte com 22 Treads_concluida___
___leukocyte com 24 Treads___
Total application run time: 81.60521 seconds
	Time:	0:01:22
	Energy:	0.0039 kWh
	CO2eq:	1.8748 g
	0.0174 km travelled by car
	Time:	0:01:22
	Energy:	0.0039 kWh
	CO2eq:	1.8748 g
	0.0174 km travelled by car
___leukocyte com 24 Treads_concluida___
___leukocyte com 26 Treads___
Total application run time: 80.91666 seconds
	Time:	0:01:21
	Energy:	0.0039 kWh
	CO2eq:	1.8990 g
	0.0177 km travelled by car
	Time:	0:01:21
	Energy:	0.0039 kWh
	CO2eq:	1.8982 g
	0.0177 km travelled by car
___leukocyte com 26 Treads_concluida___
___leukocyte com 28 Treads___
Total application run time: 80.54563 seconds
	Time:	0:01:21
	Energy:	0.0039 kWh
	CO2eq:	1.8881 g
	0.0176 km travelled by car
	Time:	0:01:21
	Energy:	0.0039 kWh
	CO2eq:	1.8881 g
	0.0176 km travelled by car
___leukocyte com 28 Treads_concluida___
___leukocyte com 30 Treads___
Total application run time: 78.91611 seconds
	Time:	0:01:19
	Energy:	0.0039 kWh
	CO2eq:	1.8676 g
	0.0174 km travelled by car
	Time:	0:01:19
	Energy:	0.0039 kWh
	CO2eq:	1.8665 g
	0.0174 km travelled by car
___leukocyte com 30 Treads_concluida___
___leukocyte com 32 Treads___
Total application run time: 78.42009 seconds
	Time:	0:01:19
	Energy:	0.0039 kWh
	CO2eq:	1.8584 g
	0.0173 km travelled by car
	Time:	0:01:19
	Energy:	0.0039 kWh
	CO2eq:	1.8584 g
	0.0173 km travelled by car
___leukocyte com 32 Treads_concluida___
___leukocyte com 34 Treads___
Total application run time: 76.42913 seconds
	Time:	0:01:17
	Energy:	0.0038 kWh
	CO2eq:	1.8248 g
	0.0170 km travelled by car
	Time:	0:01:17
	Energy:	0.0038 kWh
	CO2eq:	1.8248 g
	0.0170 km travelled by car
___leukocyte com 34 Treads_concluida___
___leukocyte com 36 Treads___
Total application run time: 46.77962 seconds
	Time:	0:00:47
	Energy:	0.0028 kWh
	CO2eq:	1.3305 g
	0.0124 km travelled by car
	Time:	0:00:47
	Energy:	0.0028 kWh
	CO2eq:	1.3255 g
	0.0123 km travelled by car
___leukocyte com 36 Treads_concluida___
___leukocyte com 38 Treads___
Total application run time: 46.62675 seconds
	Time:	0:00:47
	Energy:	0.0028 kWh
	CO2eq:	1.3277 g
	0.0124 km travelled by car
	Time:	0:00:47
	Energy:	0.0028 kWh
	CO2eq:	1.3277 g
	0.0124 km travelled by car
___leukocyte com 38 Treads_concluida___
___leukocyte com 40 Treads___
Total application run time: 46.73315 seconds
	Time:	0:00:47
	Energy:	0.0028 kWh
	CO2eq:	1.3325 g
	0.0124 km travelled by car
	Time:	0:00:47
	Energy:	0.0028 kWh
	CO2eq:	1.3325 g
	0.0124 km travelled by car
___leukocyte com 40 Treads_concluida___
___leukocyte com 42 Treads___
Total application run time: 46.64234 seconds
	Time:	0:00:47
	Energy:	0.0026 kWh
	CO2eq:	1.2730 g
	0.0118 km travelled by car
	Time:	0:00:47
	Energy:	0.0026 kWh
	CO2eq:	1.2730 g
	0.0118 km travelled by car
___leukocyte com 42 Treads_concluida___
___leukocyte com 44 Treads___
Total application run time: 46.68600 seconds
	Time:	0:00:47
	Energy:	0.0028 kWh
	CO2eq:	1.3344 g
	0.0124 km travelled by car
	Time:	0:00:47
	Energy:	0.0028 kWh
	CO2eq:	1.3344 g
	0.0124 km travelled by car
___leukocyte com 44 Treads_concluida___
___leukocyte com 46 Treads___
Total application run time: 46.66388 seconds
	Time:	0:00:47
	Energy:	0.0028 kWh
	CO2eq:	1.3327 g
	0.0124 km travelled by car
	Time:	0:00:47
	Energy:	0.0028 kWh
	CO2eq:	1.3327 g
	0.0124 km travelled by car
___leukocyte com 46 Treads_concluida___
___leukocyte com 48 Treads___
Total application run time: 46.61112 seconds
	Time:	0:00:47
	Energy:	0.0028 kWh
	CO2eq:	1.3327 g
	0.0124 km travelled by car
	Time:	0:00:47
	Energy:	0.0028 kWh
	CO2eq:	1.3327 g
	0.0124 km travelled by car
___leukocyte com 48 Treads_concluida___
___Fim de leukocyte___:

Start -> backprop
compilando backprop...
rm -f *.o *~ backprop backprop_cuda.linkinfo
gcc -g -fopenmp  -O2 backprop.c -c
gcc -g -fopenmp  -O2 facetrain.c -c
gcc -g -fopenmp  -O2 imagenet.c -c
gcc -g -fopenmp  -O2 backprop_kernel.c -c
gcc -g -fopenmp  -O2 backprop.o facetrain.o imagenet.o backprop_kernel.o -o backprop -lm
___Executando backprop___:
___backprop com 2 Treads___
Tempo total: 32408.587 ms
	Time:	0:00:32
	Energy:	0.0011 kWh
	CO2eq:	0.5500 g
	0.0051 km travelled by car
	Time:	0:00:32
	Energy:	0.0011 kWh
	CO2eq:	0.5500 g
	0.0051 km travelled by car
___backprop com 2 Treads_concluida___
___backprop com 4 Treads___
Tempo total: 27217.107 ms
	Time:	0:00:27
	Energy:	0.0010 kWh
	CO2eq:	0.4610 g
	0.0043 km travelled by car
	Time:	0:00:27
	Energy:	0.0010 kWh
	CO2eq:	0.4610 g
	0.0043 km travelled by car
___backprop com 4 Treads_concluida___
___backprop com 6 Treads___
Tempo total: 25723.726 ms
	Time:	0:00:26
	Energy:	0.0009 kWh
	CO2eq:	0.4383 g
	0.0041 km travelled by car
	Time:	0:00:26
	Energy:	0.0009 kWh
	CO2eq:	0.4383 g
	0.0041 km travelled by car
___backprop com 6 Treads_concluida___
___backprop com 8 Treads___
Tempo total: 23703.780 ms
	Time:	0:00:24
	Energy:	0.0008 kWh
	CO2eq:	0.4034 g
	0.0038 km travelled by car
	Time:	0:00:24
	Energy:	0.0008 kWh
	CO2eq:	0.4034 g
	0.0038 km travelled by car
___backprop com 8 Treads_concluida___
___backprop com 10 Treads___
Tempo total: 25198.273 ms
	Time:	0:00:25
	Energy:	0.0009 kWh
	CO2eq:	0.4307 g
	0.0040 km travelled by car
	Time:	0:00:25
	Energy:	0.0009 kWh
	CO2eq:	0.4307 g
	0.0040 km travelled by car
___backprop com 10 Treads_concluida___
___backprop com 12 Treads___
Tempo total: 24897.346 ms
	Time:	0:00:25
	Energy:	0.0009 kWh
	CO2eq:	0.4272 g
	0.0040 km travelled by car
	Time:	0:00:25
	Energy:	0.0009 kWh
	CO2eq:	0.4268 g
	0.0040 km travelled by car
___backprop com 12 Treads_concluida___
___backprop com 14 Treads___
Tempo total: 24549.179 ms
	Time:	0:00:25
	Energy:	0.0009 kWh
	CO2eq:	0.4217 g
	0.0039 km travelled by car
	Time:	0:00:25
	Energy:	0.0009 kWh
	CO2eq:	0.4217 g
	0.0039 km travelled by car
___backprop com 14 Treads_concluida___
___backprop com 16 Treads___
Tempo total: 22941.466 ms
	Time:	0:00:23
	Energy:	0.0008 kWh
	CO2eq:	0.3960 g
	0.0037 km travelled by car
	Time:	0:00:23
	Energy:	0.0008 kWh
	CO2eq:	0.3959 g
	0.0037 km travelled by car
___backprop com 16 Treads_concluida___
___backprop com 18 Treads___
Tempo total: 22842.578 ms
	Time:	0:00:23
	Energy:	0.0008 kWh
	CO2eq:	0.3955 g
	0.0037 km travelled by car
	Time:	0:00:23
	Energy:	0.0008 kWh
	CO2eq:	0.3947 g
	0.0037 km travelled by car
___backprop com 18 Treads_concluida___
___backprop com 20 Treads___
Tempo total: 23145.938 ms
	Time:	0:00:23
	Energy:	0.0008 kWh
	CO2eq:	0.3982 g
	0.0037 km travelled by car
	Time:	0:00:23
	Energy:	0.0008 kWh
	CO2eq:	0.3982 g
	0.0037 km travelled by car
___backprop com 20 Treads_concluida___
___backprop com 22 Treads___
Tempo total: 23051.773 ms
	Time:	0:00:23
	Energy:	0.0008 kWh
	CO2eq:	0.3968 g
	0.0037 km travelled by car
	Time:	0:00:23
	Energy:	0.0008 kWh
	CO2eq:	0.3968 g
	0.0037 km travelled by car
___backprop com 22 Treads_concluida___
___backprop com 24 Treads___
Tempo total: 22885.038 ms
	Time:	0:00:23
	Energy:	0.0008 kWh
	CO2eq:	0.3937 g
	0.0037 km travelled by car
	Time:	0:00:23
	Energy:	0.0008 kWh
	CO2eq:	0.3927 g
	0.0037 km travelled by car
___backprop com 24 Treads_concluida___
___backprop com 26 Treads___
Tempo total: 22852.425 ms
	Time:	0:00:23
	Energy:	0.0008 kWh
	CO2eq:	0.3929 g
	0.0037 km travelled by car
	Time:	0:00:23
	Energy:	0.0008 kWh
	CO2eq:	0.3921 g
	0.0036 km travelled by car
___backprop com 26 Treads_concluida___
___backprop com 28 Treads___
Tempo total: 22723.100 ms
	Time:	0:00:23
	Energy:	0.0008 kWh
	CO2eq:	0.3919 g
	0.0036 km travelled by car
	Time:	0:00:23
	Energy:	0.0008 kWh
	CO2eq:	0.3919 g
	0.0036 km travelled by car
___backprop com 28 Treads_concluida___
___backprop com 30 Treads___
Tempo total: 23027.177 ms
	Time:	0:00:23
	Energy:	0.0008 kWh
	CO2eq:	0.3950 g
	0.0037 km travelled by car
	Time:	0:00:23
	Energy:	0.0008 kWh
	CO2eq:	0.3950 g
	0.0037 km travelled by car
___backprop com 30 Treads_concluida___
___backprop com 32 Treads___
Tempo total: 22996.329 ms
	Time:	0:00:23
	Energy:	0.0008 kWh
	CO2eq:	0.3964 g
	0.0037 km travelled by car
	Time:	0:00:23
	Energy:	0.0008 kWh
	CO2eq:	0.3963 g
	0.0037 km travelled by car
___backprop com 32 Treads_concluida___
___backprop com 34 Treads___
Tempo total: 22770.281 ms
	Time:	0:00:23
	Energy:	0.0008 kWh
	CO2eq:	0.3934 g
	0.0037 km travelled by car
	Time:	0:00:23
	Energy:	0.0008 kWh
	CO2eq:	0.3934 g
	0.0037 km travelled by car
___backprop com 34 Treads_concluida___
___backprop com 36 Treads___
Tempo total: 22889.203 ms
	Time:	0:00:23
	Energy:	0.0008 kWh
	CO2eq:	0.3937 g
	0.0037 km travelled by car
	Time:	0:00:23
	Energy:	0.0008 kWh
	CO2eq:	0.3931 g
	0.0037 km travelled by car
___backprop com 36 Treads_concluida___
___backprop com 38 Treads___
Tempo total: 23070.135 ms
	Time:	0:00:23
	Energy:	0.0008 kWh
	CO2eq:	0.3972 g
	0.0037 km travelled by car
	Time:	0:00:23
	Energy:	0.0008 kWh
	CO2eq:	0.3972 g
	0.0037 km travelled by car
___backprop com 38 Treads_concluida___
___backprop com 40 Treads___
Tempo total: 22947.219 ms
	Time:	0:00:23
	Energy:	0.0008 kWh
	CO2eq:	0.3952 g
	0.0037 km travelled by car
	Time:	0:00:23
	Energy:	0.0008 kWh
	CO2eq:	0.3947 g
	0.0037 km travelled by car
___backprop com 40 Treads_concluida___
___backprop com 42 Treads___
Tempo total: 22761.776 ms
	Time:	0:00:23
	Energy:	0.0008 kWh
	CO2eq:	0.3918 g
	0.0036 km travelled by car
	Time:	0:00:23
	Energy:	0.0008 kWh
	CO2eq:	0.3918 g
	0.0036 km travelled by car
___backprop com 42 Treads_concluida___
___backprop com 44 Treads___
Tempo total: 22857.757 ms
	Time:	0:00:23
	Energy:	0.0008 kWh
	CO2eq:	0.3933 g
	0.0037 km travelled by car
	Time:	0:00:23
	Energy:	0.0008 kWh
	CO2eq:	0.3922 g
	0.0036 km travelled by car
___backprop com 44 Treads_concluida___
___backprop com 46 Treads___
Tempo total: 22959.779 ms
	Time:	0:00:23
	Energy:	0.0008 kWh
	CO2eq:	0.3959 g
	0.0037 km travelled by car
	Time:	0:00:23
	Energy:	0.0008 kWh
	CO2eq:	0.3954 g
	0.0037 km travelled by car
___backprop com 46 Treads_concluida___
___backprop com 48 Treads___
Tempo total: 22611.864 ms
	Time:	0:00:23
	Energy:	0.0008 kWh
	CO2eq:	0.3888 g
	0.0036 km travelled by car
	Time:	0:00:23
	Energy:	0.0008 kWh
	CO2eq:	0.3888 g
	0.0036 km travelled by car
___backprop com 48 Treads_concluida___
___Fim de backprop___:

Start -> cfd
compilando cfd...
rm -f euler3d_cpu
rm -f euler3d_cpu_offload
rm -f euler3d_cpu_double
rm -f pre_euler3d_cpu
rm -f pre_euler3d_cpu_double
g++ -O3 -Dblock_length=8 -fopenmp euler3d_cpu.cpp -o euler3d_cpu
g++ -O3 -Dblock_length=8 -fopenmp euler3d_cpu_double.cpp -o euler3d_cpu_double
g++ -O3 -Dblock_length=8 -fopenmp pre_euler3d_cpu.cpp -o pre_euler3d_cpu
g++ -O3 -Dblock_length=8 -fopenmp pre_euler3d_cpu_double.cpp -o pre_euler3d_cpu_double
icc -g -O3 -DOMP_OFFLOAD -Dblock_length=216 -fopenmp -offload-option,mic,compiler,"-no-opt-prefetch" euler3d_cpu.cpp -o euler3d_cpu_offload
___Executando cfd___:
___cfd com 2 Treads___
Compute time: 117.083
Tempo total: 118418.297 ms
	Time:	0:01:58
	Energy:	0.0041 kWh
	CO2eq:	1.9831 g
	0.0184 km travelled by car
	Time:	0:01:58
	Energy:	0.0041 kWh
	CO2eq:	1.9831 g
	0.0184 km travelled by car
___cfd com 2 Treads_concluida___
___cfd com 4 Treads___
Compute time: 58.888
Tempo total: 60215.784 ms
	Time:	0:01:00
	Energy:	0.0022 kWh
	CO2eq:	1.0589 g
	0.0099 km travelled by car
	Time:	0:01:00
	Energy:	0.0022 kWh
	CO2eq:	1.0589 g
	0.0099 km travelled by car
___cfd com 4 Treads_concluida___
___cfd com 6 Treads___
Compute time: 39.4198
Tempo total: 40760.006 ms
	Time:	0:00:41
	Energy:	0.0016 kWh
	CO2eq:	0.7539 g
	0.0070 km travelled by car
	Time:	0:00:41
	Energy:	0.0016 kWh
	CO2eq:	0.7539 g
	0.0070 km travelled by car
___cfd com 6 Treads_concluida___
___cfd com 8 Treads___
Compute time: 29.6072
Tempo total: 30933.395 ms
	Time:	0:00:31
	Energy:	0.0012 kWh
	CO2eq:	0.5980 g
	0.0056 km travelled by car
	Time:	0:00:31
	Energy:	0.0012 kWh
	CO2eq:	0.5936 g
	0.0055 km travelled by car
___cfd com 8 Treads_concluida___
___cfd com 10 Treads___
Compute time: 24.1033
Tempo total: 25442.505 ms
	Time:	0:00:25
	Energy:	0.0011 kWh
	CO2eq:	0.5084 g
	0.0047 km travelled by car
	Time:	0:00:25
	Energy:	0.0011 kWh
	CO2eq:	0.5084 g
	0.0047 km travelled by car
___cfd com 10 Treads_concluida___
___cfd com 12 Treads___
Compute time: 20.2375
Tempo total: 21573.138 ms
	Time:	0:00:22
	Energy:	0.0009 kWh
	CO2eq:	0.4424 g
	0.0041 km travelled by car
	Time:	0:00:22
	Energy:	0.0009 kWh
	CO2eq:	0.4424 g
	0.0041 km travelled by car
___cfd com 12 Treads_concluida___
___cfd com 14 Treads___
Compute time: 17.3208
Tempo total: 18656.081 ms
	Time:	0:00:19
	Energy:	0.0008 kWh
	CO2eq:	0.3973 g
	0.0037 km travelled by car
	Time:	0:00:19
	Energy:	0.0008 kWh
	CO2eq:	0.3973 g
	0.0037 km travelled by car
___cfd com 14 Treads_concluida___
___cfd com 16 Treads___
Compute time: 14.9936
Tempo total: 16320.260 ms
	Time:	0:00:16
	Energy:	0.0007 kWh
	CO2eq:	0.3597 g
	0.0033 km travelled by car
	Time:	0:00:16
	Energy:	0.0007 kWh
	CO2eq:	0.3597 g
	0.0033 km travelled by car
___cfd com 16 Treads_concluida___
___cfd com 18 Treads___
Compute time: 13.5038
Tempo total: 14848.398 ms
	Time:	0:00:15
	Energy:	0.0007 kWh
	CO2eq:	0.3368 g
	0.0031 km travelled by car
	Time:	0:00:15
	Energy:	0.0007 kWh
	CO2eq:	0.3265 g
	0.0030 km travelled by car
___cfd com 18 Treads_concluida___
___cfd com 20 Treads___
Compute time: 12.4318
Tempo total: 13760.982 ms
	Time:	0:00:14
	Energy:	0.0007 kWh
	CO2eq:	0.3167 g
	0.0029 km travelled by car
	Time:	0:00:14
	Energy:	0.0007 kWh
	CO2eq:	0.3167 g
	0.0029 km travelled by car
___cfd com 20 Treads_concluida___
___cfd com 22 Treads___
Compute time: 11.1781
Tempo total: 12506.333 ms
	Time:	0:00:13
	Energy:	0.0006 kWh
	CO2eq:	0.2929 g
	0.0027 km travelled by car
	Time:	0:00:13
	Energy:	0.0006 kWh
	CO2eq:	0.2929 g
	0.0027 km travelled by car
___cfd com 22 Treads_concluida___
___cfd com 24 Treads___
Compute time: 10.3109
Tempo total: 11657.353 ms
	Time:	0:00:12
	Energy:	0.0005 kWh
	CO2eq:	0.2640 g
	0.0025 km travelled by car
	Time:	0:00:12
	Energy:	0.0005 kWh
	CO2eq:	0.2640 g
	0.0025 km travelled by car
___cfd com 24 Treads_concluida___
___cfd com 26 Treads___
Compute time: 9.49134
Tempo total: 10827.721 ms
	Time:	0:00:11
	Energy:	0.0005 kWh
	CO2eq:	0.2558 g
	0.0024 km travelled by car
	Time:	0:00:11
	Energy:	0.0005 kWh
	CO2eq:	0.2437 g
	0.0023 km travelled by car
___cfd com 26 Treads_concluida___
___cfd com 28 Treads___
Compute time: 9.00867
Tempo total: 10342.550 ms
	Time:	0:00:10
	Energy:	0.0005 kWh
	CO2eq:	0.2520 g
	0.0023 km travelled by car
	Time:	0:00:10
	Energy:	0.0005 kWh
	CO2eq:	0.2520 g
	0.0023 km travelled by car
___cfd com 28 Treads_concluida___
___cfd com 30 Treads___
Compute time: 8.495
Tempo total: 9840.112 ms
	Time:	0:00:10
	Energy:	0.0005 kWh
	CO2eq:	0.2468 g
	0.0023 km travelled by car
	Time:	0:00:10
	Energy:	0.0005 kWh
	CO2eq:	0.2468 g
	0.0023 km travelled by car
___cfd com 30 Treads_concluida___
___cfd com 32 Treads___
Compute time: 7.92167
Tempo total: 9251.706 ms
	Time:	0:00:09
	Energy:	0.0005 kWh
	CO2eq:	0.2299 g
	0.0021 km travelled by car
	Time:	0:00:09
	Energy:	0.0005 kWh
	CO2eq:	0.2299 g
	0.0021 km travelled by car
___cfd com 32 Treads_concluida___
___cfd com 34 Treads___
Compute time: 7.34671
Tempo total: 8684.631 ms
	Time:	0:00:09
	Energy:	0.0005 kWh
	CO2eq:	0.2292 g
	0.0021 km travelled by car
	Time:	0:00:09
	Energy:	0.0005 kWh
	CO2eq:	0.2292 g
	0.0021 km travelled by car
___cfd com 34 Treads_concluida___
___cfd com 36 Treads___
Compute time: 7.03362
Tempo total: 8364.511 ms
	Time:	0:00:08
	Energy:	0.0005 kWh
	CO2eq:	0.2247 g
	0.0021 km travelled by car
	Time:	0:00:08
	Energy:	0.0005 kWh
	CO2eq:	0.2247 g
	0.0021 km travelled by car
___cfd com 36 Treads_concluida___
___cfd com 38 Treads___
Compute time: 6.93901
Tempo total: 8279.455 ms
	Time:	0:00:08
	Energy:	0.0005 kWh
	CO2eq:	0.2270 g
	0.0021 km travelled by car
	Time:	0:00:08
	Energy:	0.0005 kWh
	CO2eq:	0.2270 g
	0.0021 km travelled by car
___cfd com 38 Treads_concluida___
___cfd com 40 Treads___
Compute time: 6.78378
Tempo total: 8117.806 ms
	Time:	0:00:08
	Energy:	0.0005 kWh
	CO2eq:	0.2269 g
	0.0021 km travelled by car
	Time:	0:00:08
	Energy:	0.0005 kWh
	CO2eq:	0.2269 g
	0.0021 km travelled by car
___cfd com 40 Treads_concluida___
___cfd com 42 Treads___
Compute time: 6.40989
Tempo total: 7749.139 ms
	Time:	0:00:08
	Energy:	0.0005 kWh
	CO2eq:	0.2213 g
	0.0021 km travelled by car
	Time:	0:00:08
	Energy:	0.0005 kWh
	CO2eq:	0.2213 g
	0.0021 km travelled by car
___cfd com 42 Treads_concluida___
___cfd com 44 Treads___
Compute time: 6.13658
Tempo total: 7475.342 ms
	Time:	0:00:07
	Energy:	0.0004 kWh
	CO2eq:	0.2095 g
	0.0019 km travelled by car
	Time:	0:00:07
	Energy:	0.0004 kWh
	CO2eq:	0.2095 g
	0.0019 km travelled by car
___cfd com 44 Treads_concluida___
___cfd com 46 Treads___
Compute time: 5.93886
Tempo total: 7275.428 ms
	Time:	0:00:07
	Energy:	0.0004 kWh
	CO2eq:	0.2023 g
	0.0019 km travelled by car
	Time:	0:00:07
	Energy:	0.0004 kWh
	CO2eq:	0.2023 g
	0.0019 km travelled by car
___cfd com 46 Treads_concluida___
___cfd com 48 Treads___
Compute time: 5.74267
Tempo total: 7078.250 ms
	Time:	0:00:07
	Energy:	0.0004 kWh
	CO2eq:	0.1931 g
	0.0018 km travelled by car
	Time:	0:00:07
	Energy:	0.0004 kWh
	CO2eq:	0.1931 g
	0.0018 km travelled by car
___cfd com 48 Treads_concluida___
___Fim de cfd___:

Start -> srad
compilando srad...
cd srad_v1; 	make clean
make[1]: Entering directory '/scratch/acsilveira/rodinia_novos/openmp/srad/srad_v1'
rm *.o srad
make[1]: Leaving directory '/scratch/acsilveira/rodinia_novos/openmp/srad/srad_v1'
cd srad_v2; 	make clean
make[1]: Entering directory '/scratch/acsilveira/rodinia_novos/openmp/srad/srad_v2'
rm -f srad
make[1]: Leaving directory '/scratch/acsilveira/rodinia_novos/openmp/srad/srad_v2'
cd srad_v1; 	make
make[1]: Entering directory '/scratch/acsilveira/rodinia_novos/openmp/srad/srad_v1'
gcc	main.c \
		-c -O3 -fopenmp
gcc	main.o \
		-lm -fopenmp -o srad
make[1]: Leaving directory '/scratch/acsilveira/rodinia_novos/openmp/srad/srad_v1'
cd srad_v2; 	make
make[1]: Entering directory '/scratch/acsilveira/rodinia_novos/openmp/srad/srad_v2'
g++ -g -fopenmp -O2 -lm srad.cpp -o srad 
make[1]: Leaving directory '/scratch/acsilveira/rodinia_novos/openmp/srad/srad_v2'
___Executando srad___:
___srad com 2 Treads___
Tempo total: 89832.350 ms
	Time:	0:01:30
	Energy:	0.0032 kWh
	CO2eq:	1.5235 g
	0.0142 km travelled by car
	Time:	0:01:30
	Energy:	0.0032 kWh
	CO2eq:	1.5235 g
	0.0142 km travelled by car
___srad com 2 Treads_concluida___
___srad com 4 Treads___
Tempo total: 46377.006 ms
	Time:	0:00:46
	Energy:	0.0017 kWh
	CO2eq:	0.8257 g
	0.0077 km travelled by car
	Time:	0:00:46
	Energy:	0.0017 kWh
	CO2eq:	0.8257 g
	0.0077 km travelled by car
___srad com 4 Treads_concluida___
___srad com 6 Treads___
Tempo total: 34477.677 ms
	Time:	0:00:34
	Energy:	0.0013 kWh
	CO2eq:	0.6443 g
	0.0060 km travelled by car
	Time:	0:00:34
	Energy:	0.0013 kWh
	CO2eq:	0.6443 g
	0.0060 km travelled by car
___srad com 6 Treads_concluida___
___srad com 8 Treads___
Tempo total: 28609.050 ms
	Time:	0:00:29
	Energy:	0.0012 kWh
	CO2eq:	0.5551 g
	0.0052 km travelled by car
	Time:	0:00:29
	Energy:	0.0012 kWh
	CO2eq:	0.5551 g
	0.0052 km travelled by car
___srad com 8 Treads_concluida___
___srad com 10 Treads___
Tempo total: 26623.115 ms
	Time:	0:00:27
	Energy:	0.0011 kWh
	CO2eq:	0.5327 g
	0.0050 km travelled by car
	Time:	0:00:27
	Energy:	0.0011 kWh
	CO2eq:	0.5327 g
	0.0050 km travelled by car
___srad com 10 Treads_concluida___
___srad com 12 Treads___
Tempo total: 26259.927 ms
	Time:	0:00:26
	Energy:	0.0011 kWh
	CO2eq:	0.5304 g
	0.0049 km travelled by car
	Time:	0:00:26
	Energy:	0.0011 kWh
	CO2eq:	0.5304 g
	0.0049 km travelled by car
___srad com 12 Treads_concluida___
___srad com 14 Treads___
Tempo total: 26301.899 ms
	Time:	0:00:26
	Energy:	0.0011 kWh
	CO2eq:	0.5396 g
	0.0050 km travelled by car
	Time:	0:00:26
	Energy:	0.0011 kWh
	CO2eq:	0.5396 g
	0.0050 km travelled by car
___srad com 14 Treads_concluida___
___srad com 16 Treads___
Tempo total: 26278.912 ms
	Time:	0:00:26
	Energy:	0.0011 kWh
	CO2eq:	0.5469 g
	0.0051 km travelled by car
	Time:	0:00:26
	Energy:	0.0011 kWh
	CO2eq:	0.5469 g
	0.0051 km travelled by car
___srad com 16 Treads_concluida___
___srad com 18 Treads___
Tempo total: 26321.445 ms
	Time:	0:00:26
	Energy:	0.0012 kWh
	CO2eq:	0.5563 g
	0.0052 km travelled by car
	Time:	0:00:26
	Energy:	0.0012 kWh
	CO2eq:	0.5563 g
	0.0052 km travelled by car
___srad com 18 Treads_concluida___
___srad com 20 Treads___
Tempo total: 26361.445 ms
	Time:	0:00:26
	Energy:	0.0012 kWh
	CO2eq:	0.5578 g
	0.0052 km travelled by car
	Time:	0:00:26
	Energy:	0.0012 kWh
	CO2eq:	0.5578 g
	0.0052 km travelled by car
___srad com 20 Treads_concluida___
___srad com 22 Treads___
Tempo total: 26472.256 ms
	Time:	0:00:26
	Energy:	0.0012 kWh
	CO2eq:	0.5699 g
	0.0053 km travelled by car
	Time:	0:00:26
	Energy:	0.0012 kWh
	CO2eq:	0.5699 g
	0.0053 km travelled by car
___srad com 22 Treads_concluida___
___srad com 24 Treads___
Tempo total: 26080.624 ms
	Time:	0:00:26
	Energy:	0.0012 kWh
	CO2eq:	0.5574 g
	0.0052 km travelled by car
	Time:	0:00:26
	Energy:	0.0012 kWh
	CO2eq:	0.5574 g
	0.0052 km travelled by car
___srad com 24 Treads_concluida___
___srad com 26 Treads___
Tempo total: 24124.591 ms
	Time:	0:00:24
	Energy:	0.0011 kWh
	CO2eq:	0.5275 g
	0.0049 km travelled by car
	Time:	0:00:24
	Energy:	0.0011 kWh
	CO2eq:	0.5275 g
	0.0049 km travelled by car
___srad com 26 Treads_concluida___
___srad com 28 Treads___
Tempo total: 22422.657 ms
	Time:	0:00:22
	Energy:	0.0010 kWh
	CO2eq:	0.4986 g
	0.0046 km travelled by car
	Time:	0:00:22
	Energy:	0.0010 kWh
	CO2eq:	0.4986 g
	0.0046 km travelled by car
___srad com 28 Treads_concluida___
___srad com 30 Treads___
Tempo total: 21579.331 ms
	Time:	0:00:22
	Energy:	0.0010 kWh
	CO2eq:	0.4871 g
	0.0045 km travelled by car
	Time:	0:00:22
	Energy:	0.0010 kWh
	CO2eq:	0.4871 g
	0.0045 km travelled by car
___srad com 30 Treads_concluida___
___srad com 32 Treads___
Tempo total: 20604.978 ms
	Time:	0:00:21
	Energy:	0.0010 kWh
	CO2eq:	0.4730 g
	0.0044 km travelled by car
	Time:	0:00:21
	Energy:	0.0010 kWh
	CO2eq:	0.4730 g
	0.0044 km travelled by car
___srad com 32 Treads_concluida___
___srad com 34 Treads___
Tempo total: 19582.117 ms
	Time:	0:00:20
	Energy:	0.0010 kWh
	CO2eq:	0.4594 g
	0.0043 km travelled by car
	Time:	0:00:20
	Energy:	0.0010 kWh
	CO2eq:	0.4594 g
	0.0043 km travelled by car
___srad com 34 Treads_concluida___
___srad com 36 Treads___
Tempo total: 17821.557 ms
	Time:	0:00:18
	Energy:	0.0009 kWh
	CO2eq:	0.4294 g
	0.0040 km travelled by car
	Time:	0:00:18
	Energy:	0.0009 kWh
	CO2eq:	0.4294 g
	0.0040 km travelled by car
___srad com 36 Treads_concluida___
___srad com 38 Treads___
Tempo total: 17546.605 ms
	Time:	0:00:18
	Energy:	0.0009 kWh
	CO2eq:	0.4309 g
	0.0040 km travelled by car
	Time:	0:00:18
	Energy:	0.0009 kWh
	CO2eq:	0.4309 g
	0.0040 km travelled by car
___srad com 38 Treads_concluida___
___srad com 40 Treads___
Tempo total: 15872.557 ms
	Time:	0:00:16
	Energy:	0.0008 kWh
	CO2eq:	0.4052 g
	0.0038 km travelled by car
	Time:	0:00:16
	Energy:	0.0008 kWh
	CO2eq:	0.4052 g
	0.0038 km travelled by car
___srad com 40 Treads_concluida___
___srad com 42 Treads___
Tempo total: 15284.894 ms
	Time:	0:00:15
	Energy:	0.0008 kWh
	CO2eq:	0.3991 g
	0.0037 km travelled by car
	Time:	0:00:15
	Energy:	0.0008 kWh
	CO2eq:	0.3991 g
	0.0037 km travelled by car
___srad com 42 Treads_concluida___
___srad com 44 Treads___
Tempo total: 14610.644 ms
	Time:	0:00:15
	Energy:	0.0008 kWh
	CO2eq:	0.3867 g
	0.0036 km travelled by car
	Time:	0:00:15
	Energy:	0.0008 kWh
	CO2eq:	0.3867 g
	0.0036 km travelled by car
___srad com 44 Treads_concluida___
___srad com 46 Treads___
Tempo total: 14164.278 ms
	Time:	0:00:14
	Energy:	0.0008 kWh
	CO2eq:	0.3816 g
	0.0035 km travelled by car
	Time:	0:00:14
	Energy:	0.0008 kWh
	CO2eq:	0.3816 g
	0.0035 km travelled by car
___srad com 46 Treads_concluida___
___srad com 48 Treads___
Tempo total: 13775.034 ms
	Time:	0:00:14
	Energy:	0.0007 kWh
	CO2eq:	0.3289 g
	0.0031 km travelled by car
	Time:	0:00:14
	Energy:	0.0007 kWh
	CO2eq:	0.3289 g
	0.0031 km travelled by car
___srad com 48 Treads_concluida___
___Fim de srad___:

...Copiando resultados...