Numero de CPUs logicos (threads): 48
Numero de núcleos fisicos: 12
Start -> kmeans
compilando kmeans...
cd kmeans_serial; make clean
make[1]: Entering directory '/scratch/acsilveira/rodinia_novos/openmp/kmeans/kmeans_serial'
rm -f *.o *~ kmeans 
make[1]: Leaving directory '/scratch/acsilveira/rodinia_novos/openmp/kmeans/kmeans_serial'
cd kmeans_openmp; make clean
make[1]: Entering directory '/scratch/acsilveira/rodinia_novos/openmp/kmeans/kmeans_openmp'
rm -f *.o *~ kmeans 
make[1]: Leaving directory '/scratch/acsilveira/rodinia_novos/openmp/kmeans/kmeans_openmp'
cd kmeans_openmp; make
make[1]: Entering directory '/scratch/acsilveira/rodinia_novos/openmp/kmeans/kmeans_openmp'
gcc -g -fopenmp -O2  cluster.c -c
gcc -g -fopenmp -O2  getopt.c -c
gcc -g -fopenmp -O2  kmeans.c -c
gcc -g -fopenmp -O2  kmeans_clustering.c -c
gcc -g -fopenmp -O2  cluster.o getopt.o kmeans.o kmeans_clustering.o  -o kmeans
make[1]: Leaving directory '/scratch/acsilveira/rodinia_novos/openmp/kmeans/kmeans_openmp'
cd kmeans_serial; make
make[1]: Entering directory '/scratch/acsilveira/rodinia_novos/openmp/kmeans/kmeans_serial'
gcc -g -fopenmp -O2  cluster.c -c
gcc -g -fopenmp -O2  getopt.c -c
gcc -g -fopenmp -O2  kmeans.c -c
gcc -g -fopenmp -O2  kmeans_clustering.c -c
gcc -g -fopenmp -O2  cluster.o getopt.o kmeans.o kmeans_clustering.o  -o kmeans
make[1]: Leaving directory '/scratch/acsilveira/rodinia_novos/openmp/kmeans/kmeans_serial'
___Executando kmeans___:
___kmeans com 2 Treads___
Time for process: 249.553270
Tempo total: 250115.208 ms
	Time:	0:04:10
	Energy:	0.0088 kWh
	CO2eq:	4.2314 g
	0.0394 km travelled by car
	Time:	0:04:10
	Energy:	0.0088 kWh
	CO2eq:	4.2314 g
	0.0394 km travelled by car
___kmeans com 2 Treads_concluida___
___kmeans com 4 Treads___
Time for process: 124.818933
Tempo total: 125374.555 ms
	Time:	0:02:05
	Energy:	0.0046 kWh
	CO2eq:	2.2322 g
	0.0208 km travelled by car
	Time:	0:02:05
	Energy:	0.0046 kWh
	CO2eq:	2.2322 g
	0.0208 km travelled by car
___kmeans com 4 Treads_concluida___
___kmeans com 6 Treads___
Time for process: 83.287823
Tempo total: 83857.176 ms
	Time:	0:01:24
	Energy:	0.0033 kWh
	CO2eq:	1.5669 g
	0.0146 km travelled by car
	Time:	0:01:24
	Energy:	0.0033 kWh
	CO2eq:	1.5669 g
	0.0146 km travelled by car
___kmeans com 6 Treads_concluida___
___kmeans com 8 Treads___
Time for process: 62.482229
Tempo total: 63035.839 ms
	Time:	0:01:03
	Energy:	0.0026 kWh
	CO2eq:	1.2430 g
	0.0116 km travelled by car
	Time:	0:01:03
	Energy:	0.0026 kWh
	CO2eq:	1.2430 g
	0.0116 km travelled by car
___kmeans com 8 Treads_concluida___
___kmeans com 10 Treads___
Time for process: 50.506688
Tempo total: 51065.682 ms
	Time:	0:00:51
	Energy:	0.0022 kWh
	CO2eq:	1.0451 g
	0.0097 km travelled by car
	Time:	0:00:51
	Energy:	0.0022 kWh
	CO2eq:	1.0451 g
	0.0097 km travelled by car
___kmeans com 10 Treads_concluida___
___kmeans com 12 Treads___
Time for process: 42.826357
Tempo total: 43380.286 ms
	Time:	0:00:43
	Energy:	0.0019 kWh
	CO2eq:	0.9115 g
	0.0085 km travelled by car
	Time:	0:00:43
	Energy:	0.0019 kWh
	CO2eq:	0.9115 g
	0.0085 km travelled by car
___kmeans com 12 Treads_concluida___
___kmeans com 14 Treads___
Time for process: 36.694295
Tempo total: 37249.956 ms
	Time:	0:00:37
	Energy:	0.0017 kWh
	CO2eq:	0.8212 g
	0.0076 km travelled by car
	Time:	0:00:37
	Energy:	0.0017 kWh
	CO2eq:	0.8212 g
	0.0076 km travelled by car
___kmeans com 14 Treads_concluida___
___kmeans com 16 Treads___
Time for process: 32.123853
Tempo total: 32679.436 ms
	Time:	0:00:33
	Energy:	0.0015 kWh
	CO2eq:	0.7439 g
	0.0069 km travelled by car
	Time:	0:00:33
	Energy:	0.0015 kWh
	CO2eq:	0.7439 g
	0.0069 km travelled by car
___kmeans com 16 Treads_concluida___
___kmeans com 18 Treads___
Time for process: 28.671025
Tempo total: 29230.982 ms
	Time:	0:00:29
	Energy:	0.0014 kWh
	CO2eq:	0.6915 g
	0.0064 km travelled by car
	Time:	0:00:29
	Energy:	0.0014 kWh
	CO2eq:	0.6915 g
	0.0064 km travelled by car
___kmeans com 18 Treads_concluida___
___kmeans com 20 Treads___
Time for process: 26.449799
Tempo total: 27017.966 ms
	Time:	0:00:27
	Energy:	0.0013 kWh
	CO2eq:	0.6424 g
	0.0060 km travelled by car
	Time:	0:00:27
	Energy:	0.0013 kWh
	CO2eq:	0.6424 g
	0.0060 km travelled by car
___kmeans com 20 Treads_concluida___
___kmeans com 22 Treads___
Time for process: 24.141073
Tempo total: 24693.853 ms
	Time:	0:00:25
	Energy:	0.0012 kWh
	CO2eq:	0.5866 g
	0.0055 km travelled by car
	Time:	0:00:25
	Energy:	0.0012 kWh
	CO2eq:	0.5866 g
	0.0055 km travelled by car
___kmeans com 22 Treads_concluida___
___kmeans com 24 Treads___
Time for process: 22.340264
Tempo total: 22898.514 ms
	Time:	0:00:23
	Energy:	0.0011 kWh
	CO2eq:	0.5265 g
	0.0049 km travelled by car
	Time:	0:00:23
	Energy:	0.0011 kWh
	CO2eq:	0.5251 g
	0.0049 km travelled by car
___kmeans com 24 Treads_concluida___
___kmeans com 26 Treads___
Time for process: 20.782258
Tempo total: 21337.227 ms
	Time:	0:00:21
	Energy:	0.0011 kWh
	CO2eq:	0.5133 g
	0.0048 km travelled by car
	Time:	0:00:21
	Energy:	0.0011 kWh
	CO2eq:	0.5133 g
	0.0048 km travelled by car
___kmeans com 26 Treads_concluida___
___kmeans com 28 Treads___
Time for process: 19.165008
Tempo total: 19720.903 ms
	Time:	0:00:20
	Energy:	0.0010 kWh
	CO2eq:	0.4900 g
	0.0046 km travelled by car
	Time:	0:00:20
	Energy:	0.0010 kWh
	CO2eq:	0.4900 g
	0.0046 km travelled by car
___kmeans com 28 Treads_concluida___
___kmeans com 30 Treads___
Time for process: 18.082524
Tempo total: 18638.319 ms
	Time:	0:00:19
	Energy:	0.0010 kWh
	CO2eq:	0.4772 g
	0.0044 km travelled by car
	Time:	0:00:19
	Energy:	0.0010 kWh
	CO2eq:	0.4772 g
	0.0044 km travelled by car
___kmeans com 30 Treads_concluida___
___kmeans com 32 Treads___
Time for process: 16.777381
Tempo total: 17332.326 ms
	Time:	0:00:17
	Energy:	0.0010 kWh
	CO2eq:	0.4594 g
	0.0043 km travelled by car
	Time:	0:00:17
	Energy:	0.0010 kWh
	CO2eq:	0.4594 g
	0.0043 km travelled by car
___kmeans com 32 Treads_concluida___
___kmeans com 34 Treads___
Time for process: 16.007270
Tempo total: 16569.866 ms
	Time:	0:00:17
	Energy:	0.0009 kWh
	CO2eq:	0.4520 g
	0.0042 km travelled by car
	Time:	0:00:17
	Energy:	0.0009 kWh
	CO2eq:	0.4520 g
	0.0042 km travelled by car
___kmeans com 34 Treads_concluida___
___kmeans com 36 Treads___
Time for process: 14.941446
Tempo total: 15496.478 ms
	Time:	0:00:15
	Energy:	0.0009 kWh
	CO2eq:	0.4328 g
	0.0040 km travelled by car
	Time:	0:00:15
	Energy:	0.0009 kWh
	CO2eq:	0.4328 g
	0.0040 km travelled by car
___kmeans com 36 Treads_concluida___
___kmeans com 38 Treads___
Time for process: 14.323779
Tempo total: 14880.089 ms
	Time:	0:00:15
	Energy:	0.0009 kWh
	CO2eq:	0.4255 g
	0.0040 km travelled by car
	Time:	0:00:15
	Energy:	0.0009 kWh
	CO2eq:	0.4239 g
	0.0039 km travelled by car
___kmeans com 38 Treads_concluida___
___kmeans com 40 Treads___
Time for process: 13.434485
Tempo total: 13992.932 ms
	Time:	0:00:14
	Energy:	0.0009 kWh
	CO2eq:	0.4109 g
	0.0038 km travelled by car
	Time:	0:00:14
	Energy:	0.0009 kWh
	CO2eq:	0.4109 g
	0.0038 km travelled by car
___kmeans com 40 Treads_concluida___
___kmeans com 42 Treads___
Time for process: 13.002589
Tempo total: 13566.102 ms
	Time:	0:00:14
	Energy:	0.0009 kWh
	CO2eq:	0.4089 g
	0.0038 km travelled by car
	Time:	0:00:14
	Energy:	0.0009 kWh
	CO2eq:	0.4089 g
	0.0038 km travelled by car
___kmeans com 42 Treads_concluida___
___kmeans com 44 Treads___
Time for process: 12.222952
Tempo total: 12783.944 ms
	Time:	0:00:13
	Energy:	0.0008 kWh
	CO2eq:	0.3892 g
	0.0036 km travelled by car
	Time:	0:00:13
	Energy:	0.0008 kWh
	CO2eq:	0.3892 g
	0.0036 km travelled by car
___kmeans com 44 Treads_concluida___
___kmeans com 46 Treads___
Time for process: 11.916559
Tempo total: 12471.545 ms
	Time:	0:00:12
	Energy:	0.0008 kWh
	CO2eq:	0.3815 g
	0.0035 km travelled by car
	Time:	0:00:12
	Energy:	0.0008 kWh
	CO2eq:	0.3815 g
	0.0035 km travelled by car
___kmeans com 46 Treads_concluida___
___kmeans com 48 Treads___
Time for process: 11.198531
Tempo total: 11755.462 ms
	Time:	0:00:12
	Energy:	0.0007 kWh
	CO2eq:	0.3600 g
	0.0033 km travelled by car
	Time:	0:00:12
	Energy:	0.0007 kWh
	CO2eq:	0.3600 g
	0.0033 km travelled by car
___kmeans com 48 Treads_concluida___
___Fim de kmeans___:

Start -> leukocyte
compilando leukocyte...
cd OpenMP; make clean
make[1]: Entering directory '/scratch/acsilveira/rodinia_novos/openmp/leukocyte/OpenMP'
rm -f *.o leukocyte
make[1]: Leaving directory '/scratch/acsilveira/rodinia_novos/openmp/leukocyte/OpenMP'
rm -f meschach_lib/meschach.a
cd OpenMP; make
make[1]: Entering directory '/scratch/acsilveira/rodinia_novos/openmp/leukocyte/OpenMP'
gcc  -g -O3 -Wall -fopenmp -I../meschach_lib detect_main.c -c
gcc  -g -O3 -Wall -fopenmp -I../meschach_lib avilib.c -c
gcc  -g -O3 -Wall -fopenmp -I../meschach_lib find_ellipse.c -c
gcc  -g -O3 -Wall -fopenmp -I../meschach_lib track_ellipse.c -c
gcc  -g -O3 -Wall -fopenmp -I../meschach_lib misc_math.c -c
cd ../meschach_lib; ./configure --with-all; make all; make clean
make[2]: Entering directory '/scratch/acsilveira/rodinia_novos/openmp/leukocyte/meschach_lib'
cc -c -O -DHAVE_CONFIG_H copy.c
cc -c -O -DHAVE_CONFIG_H err.c
cc -c -O -DHAVE_CONFIG_H matrixio.c
cc -c -O -DHAVE_CONFIG_H memory.c
cc -c -O -DHAVE_CONFIG_H vecop.c
cc -c -O -DHAVE_CONFIG_H matop.c
cc -c -O -DHAVE_CONFIG_H pxop.c
cc -c -O -DHAVE_CONFIG_H submat.c
cc -c -O -DHAVE_CONFIG_H init.c
cc -c -O -DHAVE_CONFIG_H otherio.c
cc -c -O -DHAVE_CONFIG_H machine.c
cc -c -O -DHAVE_CONFIG_H matlab.c
cc -c -O -DHAVE_CONFIG_H ivecop.c
cc -c -O -DHAVE_CONFIG_H version.c
cc -c -O -DHAVE_CONFIG_H meminfo.c
cc -c -O -DHAVE_CONFIG_H memstat.c
ar ru meschach.a copy.o err.o matrixio.o memory.o vecop.o matop.o pxop.o submat.o init.o otherio.o machine.o matlab.o ivecop.o version.o meminfo.o memstat.o; ranlib meschach.a
cc -c -O -DHAVE_CONFIG_H lufactor.c
cc -c -O -DHAVE_CONFIG_H bkpfacto.c
cc -c -O -DHAVE_CONFIG_H chfactor.c
cc -c -O -DHAVE_CONFIG_H qrfactor.c
cc -c -O -DHAVE_CONFIG_H solve.c
cc -c -O -DHAVE_CONFIG_H hsehldr.c
cc -c -O -DHAVE_CONFIG_H givens.c
cc -c -O -DHAVE_CONFIG_H update.c
cc -c -O -DHAVE_CONFIG_H norm.c
cc -c -O -DHAVE_CONFIG_H hessen.c
cc -c -O -DHAVE_CONFIG_H symmeig.c
cc -c -O -DHAVE_CONFIG_H schur.c
cc -c -O -DHAVE_CONFIG_H svd.c
cc -c -O -DHAVE_CONFIG_H fft.c
cc -c -O -DHAVE_CONFIG_H mfunc.c
cc -c -O -DHAVE_CONFIG_H bdfactor.c
ar ru meschach.a lufactor.o bkpfacto.o chfactor.o qrfactor.o solve.o hsehldr.o givens.o update.o norm.o hessen.o symmeig.o schur.o svd.o fft.o mfunc.o bdfactor.o; ranlib meschach.a
cc -c -O -DHAVE_CONFIG_H sparse.c
cc -c -O -DHAVE_CONFIG_H sprow.c
cc -c -O -DHAVE_CONFIG_H sparseio.c
cc -c -O -DHAVE_CONFIG_H spchfctr.c
cc -c -O -DHAVE_CONFIG_H splufctr.c
cc -c -O -DHAVE_CONFIG_H spbkp.c
cc -c -O -DHAVE_CONFIG_H spswap.c
cc -c -O -DHAVE_CONFIG_H iter0.c
cc -c -O -DHAVE_CONFIG_H itersym.c
cc -c -O -DHAVE_CONFIG_H iternsym.c
ar ru meschach.a sparse.o sprow.o sparseio.o spchfctr.o splufctr.o spbkp.o spswap.o iter0.o itersym.o iternsym.o; ranlib meschach.a
cc -c -O -DHAVE_CONFIG_H zmachine.c
cc -c -O -DHAVE_CONFIG_H zcopy.c
cc -c -O -DHAVE_CONFIG_H zmatio.c
cc -c -O -DHAVE_CONFIG_H zmemory.c
cc -c -O -DHAVE_CONFIG_H zvecop.c
cc -c -O -DHAVE_CONFIG_H zmatop.c
cc -c -O -DHAVE_CONFIG_H znorm.c
cc -c -O -DHAVE_CONFIG_H zfunc.c
ar ru meschach.a zmachine.o zcopy.o zmatio.o zmemory.o zvecop.o zmatop.o znorm.o zfunc.o ; ranlib meschach.a
cc -c -O -DHAVE_CONFIG_H zlufctr.c
cc -c -O -DHAVE_CONFIG_H zsolve.c
cc -c -O -DHAVE_CONFIG_H zmatlab.c
cc -c -O -DHAVE_CONFIG_H zhsehldr.c
cc -c -O -DHAVE_CONFIG_H zqrfctr.c
cc -c -O -DHAVE_CONFIG_H zgivens.c
cc -c -O -DHAVE_CONFIG_H zhessen.c
cc -c -O -DHAVE_CONFIG_H zschur.c
ar ru meschach.a zlufctr.o zsolve.o zmatlab.o zhsehldr.o zqrfctr.o zgivens.o  zhessen.o zschur.o; ranlib meschach.a
make[2]: Leaving directory '/scratch/acsilveira/rodinia_novos/openmp/leukocyte/meschach_lib'
make[2]: Entering directory '/scratch/acsilveira/rodinia_novos/openmp/leukocyte/meschach_lib'
/bin/rm -f *.o core asx5213a.mat iotort.dat 
make[2]: Leaving directory '/scratch/acsilveira/rodinia_novos/openmp/leukocyte/meschach_lib'
gcc -g -O3 -Wall -fopenmp -I../meschach_lib -lm avilib.o find_ellipse.o track_ellipse.o misc_math.o detect_main.o -o leukocyte -lm ../meschach_lib/meschach.a -lpthread
make[1]: Leaving directory '/scratch/acsilveira/rodinia_novos/openmp/leukocyte/OpenMP'
___Executando leukocyte___:
___leukocyte com 2 Treads___
Total application run time: 618.51440 seconds
	Time:	0:10:19
	Energy:	0.0218 kWh
	CO2eq:	10.4919 g
	0.0976 km travelled by car
	Time:	0:10:19
	Energy:	0.0218 kWh
	CO2eq:	10.4919 g
	0.0976 km travelled by car
___leukocyte com 2 Treads_concluida___
___leukocyte com 4 Treads___
Total application run time: 326.14102 seconds
	Time:	0:05:26
	Energy:	0.0121 kWh
	CO2eq:	5.8221 g
	0.0542 km travelled by car
	Time:	0:05:26
	Energy:	0.0121 kWh
	CO2eq:	5.8221 g
	0.0542 km travelled by car
___leukocyte com 4 Treads_concluida___
___leukocyte com 6 Treads___
Total application run time: 219.66537 seconds
	Time:	0:03:40
	Energy:	0.0086 kWh
	CO2eq:	4.1506 g
	0.0386 km travelled by car
	Time:	0:03:40
	Energy:	0.0086 kWh
	CO2eq:	4.1506 g
	0.0386 km travelled by car
___leukocyte com 6 Treads_concluida___
___leukocyte com 8 Treads___
Total application run time: 187.96239 seconds
	Time:	0:03:08
	Energy:	0.0077 kWh
	CO2eq:	3.6904 g
	0.0343 km travelled by car
	Time:	0:03:08
	Energy:	0.0077 kWh
	CO2eq:	3.6904 g
	0.0343 km travelled by car
___leukocyte com 8 Treads_concluida___
___leukocyte com 10 Treads___
Total application run time: 150.75740 seconds
	Time:	0:02:31
	Energy:	0.0065 kWh
	CO2eq:	3.1033 g
	0.0289 km travelled by car
	Time:	0:02:31
	Energy:	0.0065 kWh
	CO2eq:	3.1033 g
	0.0289 km travelled by car
___leukocyte com 10 Treads_concluida___
___leukocyte com 12 Treads___
Total application run time: 117.07575 seconds
	Time:	0:01:57
	Energy:	0.0053 kWh
	CO2eq:	2.5460 g
	0.0237 km travelled by car
	Time:	0:01:57
	Energy:	0.0053 kWh
	CO2eq:	2.5460 g
	0.0237 km travelled by car
___leukocyte com 12 Treads_concluida___
___leukocyte com 14 Treads___
Total application run time: 115.42599 seconds
	Time:	0:01:56
	Energy:	0.0052 kWh
	CO2eq:	2.5164 g
	0.0234 km travelled by car
	Time:	0:01:56
	Energy:	0.0052 kWh
	CO2eq:	2.5164 g
	0.0234 km travelled by car
___leukocyte com 14 Treads_concluida___
___leukocyte com 16 Treads___
Total application run time: 114.36190 seconds
	Time:	0:01:54
	Energy:	0.0052 kWh
	CO2eq:	2.4821 g
	0.0231 km travelled by car
	Time:	0:01:54
	Energy:	0.0052 kWh
	CO2eq:	2.4821 g
	0.0231 km travelled by car
___leukocyte com 16 Treads_concluida___
___leukocyte com 18 Treads___
Total application run time: 80.97286 seconds
	Time:	0:01:21
	Energy:	0.0040 kWh
	CO2eq:	1.9094 g
	0.0178 km travelled by car
	Time:	0:01:21
	Energy:	0.0040 kWh
	CO2eq:	1.9094 g
	0.0178 km travelled by car
___leukocyte com 18 Treads_concluida___
___leukocyte com 20 Treads___
Total application run time: 81.42852 seconds
	Time:	0:01:22
	Energy:	0.0040 kWh
	CO2eq:	1.9219 g
	0.0179 km travelled by car
	Time:	0:01:22
	Energy:	0.0040 kWh
	CO2eq:	1.9219 g
	0.0179 km travelled by car
___leukocyte com 20 Treads_concluida___
___leukocyte com 22 Treads___
Total application run time: 81.61304 seconds
	Time:	0:01:22
	Energy:	0.0040 kWh
	CO2eq:	1.9003 g
	0.0177 km travelled by car
	Time:	0:01:22
	Energy:	0.0040 kWh
	CO2eq:	1.9003 g
	0.0177 km travelled by car
___leukocyte com 22 Treads_concluida___
___leukocyte com 24 Treads___
Total application run time: 81.41721 seconds
	Time:	0:01:22
	Energy:	0.0039 kWh
	CO2eq:	1.8658 g
	0.0174 km travelled by car
	Time:	0:01:22
	Energy:	0.0039 kWh
	CO2eq:	1.8658 g
	0.0174 km travelled by car
___leukocyte com 24 Treads_concluida___
___leukocyte com 26 Treads___
Total application run time: 80.95261 seconds
	Time:	0:01:21
	Energy:	0.0039 kWh
	CO2eq:	1.8886 g
	0.0176 km travelled by car
	Time:	0:01:21
	Energy:	0.0039 kWh
	CO2eq:	1.8886 g
	0.0176 km travelled by car
___leukocyte com 26 Treads_concluida___
___leukocyte com 28 Treads___
Total application run time: 80.54548 seconds
	Time:	0:01:21
	Energy:	0.0040 kWh
	CO2eq:	1.9004 g
	0.0177 km travelled by car
	Time:	0:01:21
	Energy:	0.0040 kWh
	CO2eq:	1.9004 g
	0.0177 km travelled by car
___leukocyte com 28 Treads_concluida___
___leukocyte com 30 Treads___
Total application run time: 78.86834 seconds
	Time:	0:01:19
	Energy:	0.0039 kWh
	CO2eq:	1.8591 g
	0.0173 km travelled by car
	Time:	0:01:19
	Energy:	0.0039 kWh
	CO2eq:	1.8567 g
	0.0173 km travelled by car
___leukocyte com 30 Treads_concluida___
___leukocyte com 32 Treads___
Total application run time: 78.33512 seconds
	Time:	0:01:18
	Energy:	0.0039 kWh
	CO2eq:	1.8549 g
	0.0173 km travelled by car
	Time:	0:01:18
	Energy:	0.0039 kWh
	CO2eq:	1.8549 g
	0.0173 km travelled by car
___leukocyte com 32 Treads_concluida___
___leukocyte com 34 Treads___
Total application run time: 76.40443 seconds
	Time:	0:01:16
	Energy:	0.0038 kWh
	CO2eq:	1.8271 g
	0.0170 km travelled by car
	Time:	0:01:16
	Energy:	0.0038 kWh
	CO2eq:	1.8271 g
	0.0170 km travelled by car
___leukocyte com 34 Treads_concluida___
___leukocyte com 36 Treads___
Total application run time: 46.62154 seconds
	Time:	0:00:47
	Energy:	0.0028 kWh
	CO2eq:	1.3244 g
	0.0123 km travelled by car
	Time:	0:00:47
	Energy:	0.0028 kWh
	CO2eq:	1.3244 g
	0.0123 km travelled by car
___leukocyte com 36 Treads_concluida___
___leukocyte com 38 Treads___
Total application run time: 46.61654 seconds
	Time:	0:00:47
	Energy:	0.0028 kWh
	CO2eq:	1.3273 g
	0.0123 km travelled by car
	Time:	0:00:47
	Energy:	0.0028 kWh
	CO2eq:	1.3273 g
	0.0123 km travelled by car
___leukocyte com 38 Treads_concluida___
___leukocyte com 40 Treads___
Total application run time: 46.60142 seconds
	Time:	0:00:47
	Energy:	0.0028 kWh
	CO2eq:	1.3288 g
	0.0124 km travelled by car
	Time:	0:00:47
	Energy:	0.0028 kWh
	CO2eq:	1.3288 g
	0.0124 km travelled by car
___leukocyte com 40 Treads_concluida___
___leukocyte com 42 Treads___
Total application run time: 46.65422 seconds
	Time:	0:00:47
	Energy:	0.0028 kWh
	CO2eq:	1.3288 g
	0.0124 km travelled by car
	Time:	0:00:47
	Energy:	0.0028 kWh
	CO2eq:	1.3288 g
	0.0124 km travelled by car
___leukocyte com 42 Treads_concluida___
___leukocyte com 44 Treads___
Total application run time: 46.94366 seconds
	Time:	0:00:47
	Energy:	0.0028 kWh
	CO2eq:	1.3382 g
	0.0124 km travelled by car
	Time:	0:00:47
	Energy:	0.0028 kWh
	CO2eq:	1.3382 g
	0.0124 km travelled by car
___leukocyte com 44 Treads_concluida___
___leukocyte com 46 Treads___
Total application run time: 46.65523 seconds
	Time:	0:00:47
	Energy:	0.0028 kWh
	CO2eq:	1.3332 g
	0.0124 km travelled by car
	Time:	0:00:47
	Energy:	0.0028 kWh
	CO2eq:	1.3332 g
	0.0124 km travelled by car
___leukocyte com 46 Treads_concluida___
___leukocyte com 48 Treads___
Total application run time: 46.64083 seconds
	Time:	0:00:47
	Energy:	0.0028 kWh
	CO2eq:	1.3340 g
	0.0124 km travelled by car
	Time:	0:00:47
	Energy:	0.0028 kWh
	CO2eq:	1.3340 g
	0.0124 km travelled by car
___leukocyte com 48 Treads_concluida___
___Fim de leukocyte___:

Start -> backprop
compilando backprop...
rm -f *.o *~ backprop backprop_cuda.linkinfo
gcc -g -fopenmp  -O2 backprop.c -c
gcc -g -fopenmp  -O2 facetrain.c -c
gcc -g -fopenmp  -O2 imagenet.c -c
gcc -g -fopenmp  -O2 backprop_kernel.c -c
gcc -g -fopenmp  -O2 backprop.o facetrain.o imagenet.o backprop_kernel.o -o backprop -lm
___Executando backprop___:
___backprop com 2 Treads___
Tempo total: 32553.078 ms
	Time:	0:00:33
	Energy:	0.0012 kWh
	CO2eq:	0.5542 g
	0.0052 km travelled by car
	Time:	0:00:33
	Energy:	0.0012 kWh
	CO2eq:	0.5542 g
	0.0052 km travelled by car
___backprop com 2 Treads_concluida___
___backprop com 4 Treads___
Tempo total: 31228.832 ms
	Time:	0:00:31
	Energy:	0.0011 kWh
	CO2eq:	0.5281 g
	0.0049 km travelled by car
	Time:	0:00:31
	Energy:	0.0011 kWh
	CO2eq:	0.5281 g
	0.0049 km travelled by car
___backprop com 4 Treads_concluida___
___backprop com 6 Treads___
Tempo total: 25459.588 ms
	Time:	0:00:25
	Energy:	0.0009 kWh
	CO2eq:	0.4339 g
	0.0040 km travelled by car
	Time:	0:00:25
	Energy:	0.0009 kWh
	CO2eq:	0.4339 g
	0.0040 km travelled by car
___backprop com 6 Treads_concluida___
___backprop com 8 Treads___
Tempo total: 25298.268 ms
	Time:	0:00:25
	Energy:	0.0009 kWh
	CO2eq:	0.4344 g
	0.0040 km travelled by car
	Time:	0:00:25
	Energy:	0.0009 kWh
	CO2eq:	0.4344 g
	0.0040 km travelled by car
___backprop com 8 Treads_concluida___
___backprop com 10 Treads___
Tempo total: 25644.288 ms
	Time:	0:00:26
	Energy:	0.0009 kWh
	CO2eq:	0.4482 g
	0.0042 km travelled by car
	Time:	0:00:26
	Energy:	0.0009 kWh
	CO2eq:	0.4482 g
	0.0042 km travelled by car
___backprop com 10 Treads_concluida___
___backprop com 12 Treads___
Tempo total: 24951.430 ms
	Time:	0:00:25
	Energy:	0.0009 kWh
	CO2eq:	0.4325 g
	0.0040 km travelled by car
	Time:	0:00:25
	Energy:	0.0009 kWh
	CO2eq:	0.4327 g
	0.0040 km travelled by car
___backprop com 12 Treads_concluida___
___backprop com 14 Treads___
Tempo total: 25291.175 ms
	Time:	0:00:25
	Energy:	0.0009 kWh
	CO2eq:	0.4379 g
	0.0041 km travelled by car
	Time:	0:00:25
	Energy:	0.0009 kWh
	CO2eq:	0.4379 g
	0.0041 km travelled by car
___backprop com 14 Treads_concluida___
___backprop com 16 Treads___
Tempo total: 23192.373 ms
	Time:	0:00:23
	Energy:	0.0008 kWh
	CO2eq:	0.4007 g
	0.0037 km travelled by car
	Time:	0:00:23
	Energy:	0.0008 kWh
	CO2eq:	0.4007 g
	0.0037 km travelled by car
___backprop com 16 Treads_concluida___
___backprop com 18 Treads___
Tempo total: 22613.116 ms
	Time:	0:00:23
	Energy:	0.0008 kWh
	CO2eq:	0.3893 g
	0.0036 km travelled by car
	Time:	0:00:23
	Energy:	0.0008 kWh
	CO2eq:	0.3893 g
	0.0036 km travelled by car
___backprop com 18 Treads_concluida___
___backprop com 20 Treads___
Tempo total: 22785.014 ms
	Time:	0:00:23
	Energy:	0.0008 kWh
	CO2eq:	0.3938 g
	0.0037 km travelled by car
	Time:	0:00:23
	Energy:	0.0008 kWh
	CO2eq:	0.3938 g
	0.0037 km travelled by car
___backprop com 20 Treads_concluida___
___backprop com 22 Treads___
Tempo total: 23239.525 ms
	Time:	0:00:23
	Energy:	0.0008 kWh
	CO2eq:	0.4002 g
	0.0037 km travelled by car
	Time:	0:00:23
	Energy:	0.0008 kWh
	CO2eq:	0.4002 g
	0.0037 km travelled by car
___backprop com 22 Treads_concluida___
___backprop com 24 Treads___
Tempo total: 22669.587 ms
	Time:	0:00:23
	Energy:	0.0008 kWh
	CO2eq:	0.3933 g
	0.0037 km travelled by car
	Time:	0:00:23
	Energy:	0.0008 kWh
	CO2eq:	0.3933 g
	0.0037 km travelled by car
___backprop com 24 Treads_concluida___
___backprop com 26 Treads___
Tempo total: 22795.055 ms
	Time:	0:00:23
	Energy:	0.0008 kWh
	CO2eq:	0.3935 g
	0.0037 km travelled by car
	Time:	0:00:23
	Energy:	0.0008 kWh
	CO2eq:	0.3935 g
	0.0037 km travelled by car
___backprop com 26 Treads_concluida___
___backprop com 28 Treads___
Tempo total: 22886.507 ms
	Time:	0:00:23
	Energy:	0.0008 kWh
	CO2eq:	0.3948 g
	0.0037 km travelled by car
	Time:	0:00:23
	Energy:	0.0008 kWh
	CO2eq:	0.3939 g
	0.0037 km travelled by car
___backprop com 28 Treads_concluida___
___backprop com 30 Treads___
Tempo total: 22746.744 ms
	Time:	0:00:23
	Energy:	0.0008 kWh
	CO2eq:	0.3931 g
	0.0037 km travelled by car
	Time:	0:00:23
	Energy:	0.0008 kWh
	CO2eq:	0.3931 g
	0.0037 km travelled by car
___backprop com 30 Treads_concluida___
___backprop com 32 Treads___
Tempo total: 22839.653 ms
	Time:	0:00:23
	Energy:	0.0008 kWh
	CO2eq:	0.3932 g
	0.0037 km travelled by car
	Time:	0:00:23
	Energy:	0.0008 kWh
	CO2eq:	0.3921 g
	0.0036 km travelled by car
___backprop com 32 Treads_concluida___
___backprop com 34 Treads___
Tempo total: 22989.870 ms
	Time:	0:00:23
	Energy:	0.0008 kWh
	CO2eq:	0.3967 g
	0.0037 km travelled by car
	Time:	0:00:23
	Energy:	0.0008 kWh
	CO2eq:	0.3966 g
	0.0037 km travelled by car
___backprop com 34 Treads_concluida___
___backprop com 36 Treads___
Tempo total: 22767.126 ms
	Time:	0:00:23
	Energy:	0.0008 kWh
	CO2eq:	0.3934 g
	0.0037 km travelled by car
	Time:	0:00:23
	Energy:	0.0008 kWh
	CO2eq:	0.3934 g
	0.0037 km travelled by car
___backprop com 36 Treads_concluida___
___backprop com 38 Treads___
Tempo total: 22889.817 ms
	Time:	0:00:23
	Energy:	0.0008 kWh
	CO2eq:	0.3942 g
	0.0037 km travelled by car
	Time:	0:00:23
	Energy:	0.0008 kWh
	CO2eq:	0.3936 g
	0.0037 km travelled by car
___backprop com 38 Treads_concluida___
___backprop com 40 Treads___
Tempo total: 22961.775 ms
	Time:	0:00:23
	Energy:	0.0008 kWh
	CO2eq:	0.3954 g
	0.0037 km travelled by car
	Time:	0:00:23
	Energy:	0.0008 kWh
	CO2eq:	0.3952 g
	0.0037 km travelled by car
___backprop com 40 Treads_concluida___
___backprop com 42 Treads___
Tempo total: 22785.876 ms
	Time:	0:00:23
	Energy:	0.0008 kWh
	CO2eq:	0.3925 g
	0.0037 km travelled by car
	Time:	0:00:23
	Energy:	0.0008 kWh
	CO2eq:	0.3925 g
	0.0037 km travelled by car
___backprop com 42 Treads_concluida___
___backprop com 44 Treads___
Tempo total: 22608.105 ms
	Time:	0:00:23
	Energy:	0.0008 kWh
	CO2eq:	0.3897 g
	0.0036 km travelled by car
	Time:	0:00:23
	Energy:	0.0008 kWh
	CO2eq:	0.3897 g
	0.0036 km travelled by car
___backprop com 44 Treads_concluida___
___backprop com 46 Treads___
Tempo total: 22612.334 ms
	Time:	0:00:23
	Energy:	0.0008 kWh
	CO2eq:	0.3895 g
	0.0036 km travelled by car
	Time:	0:00:23
	Energy:	0.0008 kWh
	CO2eq:	0.3895 g
	0.0036 km travelled by car
___backprop com 46 Treads_concluida___
___backprop com 48 Treads___
Tempo total: 22981.304 ms
	Time:	0:00:23
	Energy:	0.0008 kWh
	CO2eq:	0.3975 g
	0.0037 km travelled by car
	Time:	0:00:23
	Energy:	0.0008 kWh
	CO2eq:	0.3970 g
	0.0037 km travelled by car
___backprop com 48 Treads_concluida___
___Fim de backprop___:

Start -> cfd
compilando cfd...
rm -f euler3d_cpu
rm -f euler3d_cpu_offload
rm -f euler3d_cpu_double
rm -f pre_euler3d_cpu
rm -f pre_euler3d_cpu_double
g++ -O3 -Dblock_length=8 -fopenmp euler3d_cpu.cpp -o euler3d_cpu
g++ -O3 -Dblock_length=8 -fopenmp euler3d_cpu_double.cpp -o euler3d_cpu_double
g++ -O3 -Dblock_length=8 -fopenmp pre_euler3d_cpu.cpp -o pre_euler3d_cpu
g++ -O3 -Dblock_length=8 -fopenmp pre_euler3d_cpu_double.cpp -o pre_euler3d_cpu_double
icc -g -O3 -DOMP_OFFLOAD -Dblock_length=216 -fopenmp -offload-option,mic,compiler,"-no-opt-prefetch" euler3d_cpu.cpp -o euler3d_cpu_offload
___Executando cfd___:
___cfd com 2 Treads___
Compute time: 117.292
Tempo total: 118629.548 ms
	Time:	0:01:59
	Energy:	0.0041 kWh
	CO2eq:	1.9916 g
	0.0185 km travelled by car
	Time:	0:01:59
	Energy:	0.0041 kWh
	CO2eq:	1.9916 g
	0.0185 km travelled by car
___cfd com 2 Treads_concluida___
___cfd com 4 Treads___
Compute time: 58.74
Tempo total: 60085.603 ms
	Time:	0:01:00
	Energy:	0.0022 kWh
	CO2eq:	1.0567 g
	0.0098 km travelled by car
	Time:	0:01:00
	Energy:	0.0022 kWh
	CO2eq:	1.0567 g
	0.0098 km travelled by car
___cfd com 4 Treads_concluida___
___cfd com 6 Treads___
Compute time: 39.2518
Tempo total: 40590.692 ms
	Time:	0:00:41
	Energy:	0.0016 kWh
	CO2eq:	0.7475 g
	0.0070 km travelled by car
	Time:	0:00:41
	Energy:	0.0016 kWh
	CO2eq:	0.7475 g
	0.0070 km travelled by car
___cfd com 6 Treads_concluida___
___cfd com 8 Treads___
Compute time: 29.5955
Tempo total: 30929.845 ms
	Time:	0:00:31
	Energy:	0.0012 kWh
	CO2eq:	0.5929 g
	0.0055 km travelled by car
	Time:	0:00:31
	Energy:	0.0012 kWh
	CO2eq:	0.5887 g
	0.0055 km travelled by car
___cfd com 8 Treads_concluida___
___cfd com 10 Treads___
Compute time: 24.1589
Tempo total: 25506.405 ms
	Time:	0:00:26
	Energy:	0.0011 kWh
	CO2eq:	0.5107 g
	0.0048 km travelled by car
	Time:	0:00:26
	Energy:	0.0011 kWh
	CO2eq:	0.5107 g
	0.0048 km travelled by car
___cfd com 10 Treads_concluida___
___cfd com 12 Treads___
Compute time: 20.4146
Tempo total: 21744.949 ms
	Time:	0:00:22
	Energy:	0.0009 kWh
	CO2eq:	0.4483 g
	0.0042 km travelled by car
	Time:	0:00:22
	Energy:	0.0009 kWh
	CO2eq:	0.4483 g
	0.0042 km travelled by car
___cfd com 12 Treads_concluida___
___cfd com 14 Treads___
Compute time: 17.2798
Tempo total: 18616.148 ms
	Time:	0:00:19
	Energy:	0.0008 kWh
	CO2eq:	0.3973 g
	0.0037 km travelled by car
	Time:	0:00:19
	Energy:	0.0008 kWh
	CO2eq:	0.3973 g
	0.0037 km travelled by car
___cfd com 14 Treads_concluida___
___cfd com 16 Treads___
Compute time: 15.1956
Tempo total: 16540.280 ms
	Time:	0:00:17
	Energy:	0.0008 kWh
	CO2eq:	0.3624 g
	0.0034 km travelled by car
	Time:	0:00:17
	Energy:	0.0008 kWh
	CO2eq:	0.3624 g
	0.0034 km travelled by car
___cfd com 16 Treads_concluida___
___cfd com 18 Treads___
Compute time: 13.4167
Tempo total: 14758.016 ms
	Time:	0:00:15
	Energy:	0.0007 kWh
	CO2eq:	0.3323 g
	0.0031 km travelled by car
	Time:	0:00:15
	Energy:	0.0007 kWh
	CO2eq:	0.3323 g
	0.0031 km travelled by car
___cfd com 18 Treads_concluida___
___cfd com 20 Treads___
Compute time: 12.3641
Tempo total: 13701.755 ms
	Time:	0:00:14
	Energy:	0.0006 kWh
	CO2eq:	0.3119 g
	0.0029 km travelled by car
	Time:	0:00:14
	Energy:	0.0006 kWh
	CO2eq:	0.3119 g
	0.0029 km travelled by car
___cfd com 20 Treads_concluida___
___cfd com 22 Treads___
Compute time: 11.2504
Tempo total: 12635.189 ms
	Time:	0:00:13
	Energy:	0.0006 kWh
	CO2eq:	0.2912 g
	0.0027 km travelled by car
	Time:	0:00:13
	Energy:	0.0006 kWh
	CO2eq:	0.2912 g
	0.0027 km travelled by car
___cfd com 22 Treads_concluida___
___cfd com 24 Treads___
Compute time: 10.3907
Tempo total: 11727.134 ms
	Time:	0:00:12
	Energy:	0.0006 kWh
	CO2eq:	0.2664 g
	0.0025 km travelled by car
	Time:	0:00:12
	Energy:	0.0006 kWh
	CO2eq:	0.2664 g
	0.0025 km travelled by car
___cfd com 24 Treads_concluida___
___cfd com 26 Treads___
Compute time: 9.60677
Tempo total: 10931.405 ms
	Time:	0:00:11
	Energy:	0.0005 kWh
	CO2eq:	0.2584 g
	0.0024 km travelled by car
	Time:	0:00:11
	Energy:	0.0005 kWh
	CO2eq:	0.2482 g
	0.0023 km travelled by car
___cfd com 26 Treads_concluida___
___cfd com 28 Treads___
Compute time: 8.96139
Tempo total: 10299.514 ms
	Time:	0:00:10
	Energy:	0.0005 kWh
	CO2eq:	0.2511 g
	0.0023 km travelled by car
	Time:	0:00:10
	Energy:	0.0005 kWh
	CO2eq:	0.2511 g
	0.0023 km travelled by car
___cfd com 28 Treads_concluida___
___cfd com 30 Treads___
Compute time: 8.56056
Tempo total: 9893.515 ms
	Time:	0:00:10
	Energy:	0.0005 kWh
	CO2eq:	0.2481 g
	0.0023 km travelled by car
	Time:	0:00:10
	Energy:	0.0005 kWh
	CO2eq:	0.2481 g
	0.0023 km travelled by car
___cfd com 30 Treads_concluida___
___cfd com 32 Treads___
Compute time: 7.85373
Tempo total: 9193.333 ms
	Time:	0:00:09
	Energy:	0.0005 kWh
	CO2eq:	0.2276 g
	0.0021 km travelled by car
	Time:	0:00:09
	Energy:	0.0005 kWh
	CO2eq:	0.2276 g
	0.0021 km travelled by car
___cfd com 32 Treads_concluida___
___cfd com 34 Treads___
Compute time: 7.46377
Tempo total: 8803.148 ms
	Time:	0:00:09
	Energy:	0.0005 kWh
	CO2eq:	0.2321 g
	0.0022 km travelled by car
	Time:	0:00:09
	Energy:	0.0005 kWh
	CO2eq:	0.2321 g
	0.0022 km travelled by car
___cfd com 34 Treads_concluida___
___cfd com 36 Treads___
Compute time: 7.01676
Tempo total: 8372.798 ms
	Time:	0:00:08
	Energy:	0.0005 kWh
	CO2eq:	0.2251 g
	0.0021 km travelled by car
	Time:	0:00:08
	Energy:	0.0005 kWh
	CO2eq:	0.2251 g
	0.0021 km travelled by car
___cfd com 36 Treads_concluida___
___cfd com 38 Treads___
Compute time: 6.95136
Tempo total: 8298.615 ms
	Time:	0:00:08
	Energy:	0.0005 kWh
	CO2eq:	0.2276 g
	0.0021 km travelled by car
	Time:	0:00:08
	Energy:	0.0005 kWh
	CO2eq:	0.2276 g
	0.0021 km travelled by car
___cfd com 38 Treads_concluida___
___cfd com 40 Treads___
Compute time: 6.8205
Tempo total: 8149.994 ms
	Time:	0:00:08
	Energy:	0.0005 kWh
	CO2eq:	0.2281 g
	0.0021 km travelled by car
	Time:	0:00:08
	Energy:	0.0005 kWh
	CO2eq:	0.2281 g
	0.0021 km travelled by car
___cfd com 40 Treads_concluida___
___cfd com 42 Treads___
Compute time: 6.27623
Tempo total: 7612.338 ms
	Time:	0:00:08
	Energy:	0.0004 kWh
	CO2eq:	0.2140 g
	0.0020 km travelled by car
	Time:	0:00:08
	Energy:	0.0004 kWh
	CO2eq:	0.2140 g
	0.0020 km travelled by car
___cfd com 42 Treads_concluida___
___cfd com 44 Treads___
Compute time: 6.19533
Tempo total: 7528.019 ms
	Time:	0:00:08
	Energy:	0.0004 kWh
	CO2eq:	0.2123 g
	0.0020 km travelled by car
	Time:	0:00:08
	Energy:	0.0004 kWh
	CO2eq:	0.2123 g
	0.0020 km travelled by car
___cfd com 44 Treads_concluida___
___cfd com 46 Treads___
Compute time: 5.93829
Tempo total: 7272.309 ms
	Time:	0:00:07
	Energy:	0.0004 kWh
	CO2eq:	0.2022 g
	0.0019 km travelled by car
	Time:	0:00:07
	Energy:	0.0004 kWh
	CO2eq:	0.2022 g
	0.0019 km travelled by car
___cfd com 46 Treads_concluida___
___cfd com 48 Treads___
Compute time: 5.74458
Tempo total: 7092.521 ms
	Time:	0:00:07
	Energy:	0.0004 kWh
	CO2eq:	0.1943 g
	0.0018 km travelled by car
	Time:	0:00:07
	Energy:	0.0004 kWh
	CO2eq:	0.1943 g
	0.0018 km travelled by car
___cfd com 48 Treads_concluida___
___Fim de cfd___:

Start -> srad
compilando srad...
cd srad_v1; 	make clean
make[1]: Entering directory '/scratch/acsilveira/rodinia_novos/openmp/srad/srad_v1'
rm *.o srad
make[1]: Leaving directory '/scratch/acsilveira/rodinia_novos/openmp/srad/srad_v1'
cd srad_v2; 	make clean
make[1]: Entering directory '/scratch/acsilveira/rodinia_novos/openmp/srad/srad_v2'
rm -f srad
make[1]: Leaving directory '/scratch/acsilveira/rodinia_novos/openmp/srad/srad_v2'
cd srad_v1; 	make
make[1]: Entering directory '/scratch/acsilveira/rodinia_novos/openmp/srad/srad_v1'
gcc	main.c \
		-c -O3 -fopenmp
gcc	main.o \
		-lm -fopenmp -o srad
make[1]: Leaving directory '/scratch/acsilveira/rodinia_novos/openmp/srad/srad_v1'
cd srad_v2; 	make
make[1]: Entering directory '/scratch/acsilveira/rodinia_novos/openmp/srad/srad_v2'
g++ -g -fopenmp -O2 -lm srad.cpp -o srad 
make[1]: Leaving directory '/scratch/acsilveira/rodinia_novos/openmp/srad/srad_v2'
___Executando srad___:
___srad com 2 Treads___
Tempo total: 89741.705 ms
	Time:	0:01:30
	Energy:	0.0032 kWh
	CO2eq:	1.5313 g
	0.0142 km travelled by car
	Time:	0:01:30
	Energy:	0.0032 kWh
	CO2eq:	1.5313 g
	0.0142 km travelled by car
___srad com 2 Treads_concluida___
___srad com 4 Treads___
Tempo total: 46432.800 ms
	Time:	0:00:46
	Energy:	0.0017 kWh
	CO2eq:	0.8319 g
	0.0077 km travelled by car
	Time:	0:00:46
	Energy:	0.0017 kWh
	CO2eq:	0.8319 g
	0.0077 km travelled by car
___srad com 4 Treads_concluida___
___srad com 6 Treads___
Tempo total: 34416.196 ms
	Time:	0:00:34
	Energy:	0.0013 kWh
	CO2eq:	0.6448 g
	0.0060 km travelled by car
	Time:	0:00:34
	Energy:	0.0013 kWh
	CO2eq:	0.6448 g
	0.0060 km travelled by car
___srad com 6 Treads_concluida___
___srad com 8 Treads___
Tempo total: 28649.386 ms
	Time:	0:00:29
	Energy:	0.0012 kWh
	CO2eq:	0.5548 g
	0.0052 km travelled by car
	Time:	0:00:29
	Energy:	0.0012 kWh
	CO2eq:	0.5548 g
	0.0052 km travelled by car
___srad com 8 Treads_concluida___
___srad com 10 Treads___
Tempo total: 26466.973 ms
	Time:	0:00:26
	Energy:	0.0011 kWh
	CO2eq:	0.5277 g
	0.0049 km travelled by car
	Time:	0:00:26
	Energy:	0.0011 kWh
	CO2eq:	0.5277 g
	0.0049 km travelled by car
___srad com 10 Treads_concluida___
___srad com 12 Treads___
Tempo total: 26554.052 ms
	Time:	0:00:27
	Energy:	0.0011 kWh
	CO2eq:	0.5358 g
	0.0050 km travelled by car
	Time:	0:00:27
	Energy:	0.0011 kWh
	CO2eq:	0.5358 g
	0.0050 km travelled by car
___srad com 12 Treads_concluida___
___srad com 14 Treads___
Tempo total: 26302.803 ms
	Time:	0:00:26
	Energy:	0.0011 kWh
	CO2eq:	0.5401 g
	0.0050 km travelled by car
	Time:	0:00:26
	Energy:	0.0011 kWh
	CO2eq:	0.5401 g
	0.0050 km travelled by car
___srad com 14 Treads_concluida___
___srad com 16 Treads___
Tempo total: 26577.854 ms
	Time:	0:00:27
	Energy:	0.0012 kWh
	CO2eq:	0.5564 g
	0.0052 km travelled by car
	Time:	0:00:27
	Energy:	0.0012 kWh
	CO2eq:	0.5564 g
	0.0052 km travelled by car
___srad com 16 Treads_concluida___
___srad com 18 Treads___
Tempo total: 26431.993 ms
	Time:	0:00:26
	Energy:	0.0012 kWh
	CO2eq:	0.5624 g
	0.0052 km travelled by car
	Time:	0:00:26
	Energy:	0.0012 kWh
	CO2eq:	0.5624 g
	0.0052 km travelled by car
___srad com 18 Treads_concluida___
___srad com 20 Treads___
Tempo total: 26215.507 ms
	Time:	0:00:26
	Energy:	0.0012 kWh
	CO2eq:	0.5595 g
	0.0052 km travelled by car
	Time:	0:00:26
	Energy:	0.0012 kWh
	CO2eq:	0.5595 g
	0.0052 km travelled by car
___srad com 20 Treads_concluida___
___srad com 22 Treads___
Tempo total: 26152.228 ms
	Time:	0:00:26
	Energy:	0.0012 kWh
	CO2eq:	0.5649 g
	0.0053 km travelled by car
	Time:	0:00:26
	Energy:	0.0012 kWh
	CO2eq:	0.5649 g
	0.0053 km travelled by car
___srad com 22 Treads_concluida___
___srad com 24 Treads___
Tempo total: 26349.324 ms
	Time:	0:00:26
	Energy:	0.0012 kWh
	CO2eq:	0.5632 g
	0.0052 km travelled by car
	Time:	0:00:26
	Energy:	0.0012 kWh
	CO2eq:	0.5632 g
	0.0052 km travelled by car
___srad com 24 Treads_concluida___
___srad com 26 Treads___
Tempo total: 24187.139 ms
	Time:	0:00:24
	Energy:	0.0011 kWh
	CO2eq:	0.5291 g
	0.0049 km travelled by car
	Time:	0:00:24
	Energy:	0.0011 kWh
	CO2eq:	0.5291 g
	0.0049 km travelled by car
___srad com 26 Treads_concluida___
___srad com 28 Treads___
Tempo total: 22663.073 ms
	Time:	0:00:23
	Energy:	0.0010 kWh
	CO2eq:	0.5037 g
	0.0047 km travelled by car
	Time:	0:00:23
	Energy:	0.0010 kWh
	CO2eq:	0.5037 g
	0.0047 km travelled by car
___srad com 28 Treads_concluida___
___srad com 30 Treads___
Tempo total: 21490.021 ms
	Time:	0:00:21
	Energy:	0.0010 kWh
	CO2eq:	0.4859 g
	0.0045 km travelled by car
	Time:	0:00:21
	Energy:	0.0010 kWh
	CO2eq:	0.4859 g
	0.0045 km travelled by car
___srad com 30 Treads_concluida___
___srad com 32 Treads___
Tempo total: 19450.384 ms
	Time:	0:00:19
	Energy:	0.0009 kWh
	CO2eq:	0.4498 g
	0.0042 km travelled by car
	Time:	0:00:19
	Energy:	0.0009 kWh
	CO2eq:	0.4498 g
	0.0042 km travelled by car
___srad com 32 Treads_concluida___
___srad com 34 Treads___
Tempo total: 17990.892 ms
	Time:	0:00:18
	Energy:	0.0009 kWh
	CO2eq:	0.4286 g
	0.0040 km travelled by car
	Time:	0:00:18
	Energy:	0.0009 kWh
	CO2eq:	0.4286 g
	0.0040 km travelled by car
___srad com 34 Treads_concluida___
___srad com 36 Treads___
Tempo total: 17672.221 ms
	Time:	0:00:18
	Energy:	0.0009 kWh
	CO2eq:	0.4264 g
	0.0040 km travelled by car
	Time:	0:00:18
	Energy:	0.0009 kWh
	CO2eq:	0.4264 g
	0.0040 km travelled by car
___srad com 36 Treads_concluida___
___srad com 38 Treads___
Tempo total: 17009.555 ms
	Time:	0:00:17
	Energy:	0.0009 kWh
	CO2eq:	0.4196 g
	0.0039 km travelled by car
	Time:	0:00:17
	Energy:	0.0009 kWh
	CO2eq:	0.4201 g
	0.0039 km travelled by car
___srad com 38 Treads_concluida___
___srad com 40 Treads___
Tempo total: 16412.272 ms
	Time:	0:00:16
	Energy:	0.0009 kWh
	CO2eq:	0.4143 g
	0.0039 km travelled by car
	Time:	0:00:16
	Energy:	0.0009 kWh
	CO2eq:	0.4143 g
	0.0039 km travelled by car
___srad com 40 Treads_concluida___
___srad com 42 Treads___
Tempo total: 15547.532 ms
	Time:	0:00:16
	Energy:	0.0008 kWh
	CO2eq:	0.4041 g
	0.0038 km travelled by car
	Time:	0:00:16
	Energy:	0.0008 kWh
	CO2eq:	0.4041 g
	0.0038 km travelled by car
___srad com 42 Treads_concluida___
___srad com 44 Treads___
Tempo total: 14554.951 ms
	Time:	0:00:15
	Energy:	0.0008 kWh
	CO2eq:	0.3853 g
	0.0036 km travelled by car
	Time:	0:00:15
	Energy:	0.0008 kWh
	CO2eq:	0.3853 g
	0.0036 km travelled by car
___srad com 44 Treads_concluida___
___srad com 46 Treads___
Tempo total: 14329.766 ms
	Time:	0:00:14
	Energy:	0.0008 kWh
	CO2eq:	0.3853 g
	0.0036 km travelled by car
	Time:	0:00:14
	Energy:	0.0008 kWh
	CO2eq:	0.3853 g
	0.0036 km travelled by car
___srad com 46 Treads_concluida___
___srad com 48 Treads___
Tempo total: 13343.159 ms
	Time:	0:00:13
	Energy:	0.0008 kWh
	CO2eq:	0.3653 g
	0.0034 km travelled by car
	Time:	0:00:13
	Energy:	0.0008 kWh
	CO2eq:	0.3653 g
	0.0034 km travelled by car
___srad com 48 Treads_concluida___
___Fim de srad___:

...Copiando resultados...