Numero de CPUs logicos (threads): 48
Numero de núcleos fisicos: 12
Start -> kmeans
compilando kmeans...
cd kmeans_serial; make clean
make[1]: Entering directory '/scratch/acsilveira/rodinia_novos/openmp/kmeans/kmeans_serial'
rm -f *.o *~ kmeans 
make[1]: Leaving directory '/scratch/acsilveira/rodinia_novos/openmp/kmeans/kmeans_serial'
cd kmeans_openmp; make clean
make[1]: Entering directory '/scratch/acsilveira/rodinia_novos/openmp/kmeans/kmeans_openmp'
rm -f *.o *~ kmeans 
make[1]: Leaving directory '/scratch/acsilveira/rodinia_novos/openmp/kmeans/kmeans_openmp'
cd kmeans_openmp; make
make[1]: Entering directory '/scratch/acsilveira/rodinia_novos/openmp/kmeans/kmeans_openmp'
gcc -g -fopenmp -O2  cluster.c -c
gcc -g -fopenmp -O2  getopt.c -c
gcc -g -fopenmp -O2  kmeans.c -c
gcc -g -fopenmp -O2  kmeans_clustering.c -c
gcc -g -fopenmp -O2  cluster.o getopt.o kmeans.o kmeans_clustering.o  -o kmeans
make[1]: Leaving directory '/scratch/acsilveira/rodinia_novos/openmp/kmeans/kmeans_openmp'
cd kmeans_serial; make
make[1]: Entering directory '/scratch/acsilveira/rodinia_novos/openmp/kmeans/kmeans_serial'
gcc -g -fopenmp -O2  cluster.c -c
gcc -g -fopenmp -O2  getopt.c -c
gcc -g -fopenmp -O2  kmeans.c -c
gcc -g -fopenmp -O2  kmeans_clustering.c -c
gcc -g -fopenmp -O2  cluster.o getopt.o kmeans.o kmeans_clustering.o  -o kmeans
make[1]: Leaving directory '/scratch/acsilveira/rodinia_novos/openmp/kmeans/kmeans_serial'
___Executando kmeans___:
___kmeans com 2 Treads___
Time for process: 249.558330
Tempo total: 250115.597 ms
	Time:	0:04:10
	Energy:	0.0088 kWh
	CO2eq:	0.8608 g
	0.0080 km travelled by car
	Time:	0:04:10
	Energy:	0.0088 kWh
	CO2eq:	0.8608 g
	0.0080 km travelled by car
___kmeans com 2 Treads_concluida___
___kmeans com 4 Treads___
Time for process: 124.808246
Tempo total: 125365.279 ms
	Time:	0:02:05
	Energy:	0.0046 kWh
	CO2eq:	0.4552 g
	0.0042 km travelled by car
	Time:	0:02:05
	Energy:	0.0046 kWh
	CO2eq:	0.4552 g
	0.0042 km travelled by car
___kmeans com 4 Treads_concluida___
___kmeans com 6 Treads___
Time for process: 83.287908
Tempo total: 83846.140 ms
	Time:	0:01:24
	Energy:	0.0033 kWh
	CO2eq:	0.3216 g
	0.0030 km travelled by car
	Time:	0:01:24
	Energy:	0.0033 kWh
	CO2eq:	0.3216 g
	0.0030 km travelled by car
___kmeans com 6 Treads_concluida___
___kmeans com 8 Treads___
Time for process: 62.500523
Tempo total: 63059.793 ms
	Time:	0:01:03
	Energy:	0.0026 kWh
	CO2eq:	0.2523 g
	0.0023 km travelled by car
	Time:	0:01:03
	Energy:	0.0026 kWh
	CO2eq:	0.2523 g
	0.0023 km travelled by car
___kmeans com 8 Treads_concluida___
___kmeans com 10 Treads___
Time for process: 50.457626
Tempo total: 51012.571 ms
	Time:	0:00:51
	Energy:	0.0022 kWh
	CO2eq:	0.2134 g
	0.0020 km travelled by car
	Time:	0:00:51
	Energy:	0.0022 kWh
	CO2eq:	0.2134 g
	0.0020 km travelled by car
___kmeans com 10 Treads_concluida___
___kmeans com 12 Treads___
Time for process: 42.829050
Tempo total: 43382.728 ms
	Time:	0:00:43
	Energy:	0.0019 kWh
	CO2eq:	0.9244 g
	0.0086 km travelled by car
	Time:	0:00:43
	Energy:	0.0019 kWh
	CO2eq:	0.9244 g
	0.0086 km travelled by car
___kmeans com 12 Treads_concluida___
___kmeans com 14 Treads___
Time for process: 36.693704
Tempo total: 37250.693 ms
	Time:	0:00:37
	Energy:	0.0017 kWh
	CO2eq:	0.8261 g
	0.0077 km travelled by car
	Time:	0:00:37
	Energy:	0.0017 kWh
	CO2eq:	0.8261 g
	0.0077 km travelled by car
___kmeans com 14 Treads_concluida___
___kmeans com 16 Treads___
Time for process: 32.116086
Tempo total: 32671.632 ms
	Time:	0:00:33
	Energy:	0.0015 kWh
	CO2eq:	0.7054 g
	0.0066 km travelled by car
	Time:	0:00:33
	Energy:	0.0015 kWh
	CO2eq:	0.7054 g
	0.0066 km travelled by car
___kmeans com 16 Treads_concluida___
___kmeans com 18 Treads___
Time for process: 28.701725
Tempo total: 29255.018 ms
	Time:	0:00:29
	Energy:	0.0014 kWh
	CO2eq:	0.6969 g
	0.0065 km travelled by car
	Time:	0:00:29
	Energy:	0.0014 kWh
	CO2eq:	0.6969 g
	0.0065 km travelled by car
___kmeans com 18 Treads_concluida___
___kmeans com 20 Treads___
Time for process: 26.444866
Tempo total: 27006.763 ms
	Time:	0:00:27
	Energy:	0.0014 kWh
	CO2eq:	0.6508 g
	0.0061 km travelled by car
	Time:	0:00:27
	Energy:	0.0014 kWh
	CO2eq:	0.6508 g
	0.0061 km travelled by car
___kmeans com 20 Treads_concluida___
___kmeans com 22 Treads___
Time for process: 24.154484
Tempo total: 24710.067 ms
	Time:	0:00:25
	Energy:	0.0012 kWh
	CO2eq:	0.5889 g
	0.0055 km travelled by car
	Time:	0:00:25
	Energy:	0.0012 kWh
	CO2eq:	0.5889 g
	0.0055 km travelled by car
___kmeans com 22 Treads_concluida___
___kmeans com 24 Treads___
Time for process: 22.354897
Tempo total: 22908.631 ms
	Time:	0:00:23
	Energy:	0.0011 kWh
	CO2eq:	0.5264 g
	0.0049 km travelled by car
	Time:	0:00:23
	Energy:	0.0011 kWh
	CO2eq:	0.5254 g
	0.0049 km travelled by car
___kmeans com 24 Treads_concluida___
___kmeans com 26 Treads___
Time for process: 20.835921
Tempo total: 21429.849 ms
	Time:	0:00:21
	Energy:	0.0011 kWh
	CO2eq:	0.5139 g
	0.0048 km travelled by car
	Time:	0:00:21
	Energy:	0.0011 kWh
	CO2eq:	0.5139 g
	0.0048 km travelled by car
___kmeans com 26 Treads_concluida___
___kmeans com 28 Treads___
Time for process: 19.189327
Tempo total: 19769.683 ms
	Time:	0:00:20
	Energy:	0.0010 kWh
	CO2eq:	0.4903 g
	0.0046 km travelled by car
	Time:	0:00:20
	Energy:	0.0010 kWh
	CO2eq:	0.4903 g
	0.0046 km travelled by car
___kmeans com 28 Treads_concluida___
___kmeans com 30 Treads___
Time for process: 18.069796
Tempo total: 18624.938 ms
	Time:	0:00:19
	Energy:	0.0010 kWh
	CO2eq:	0.4771 g
	0.0044 km travelled by car
	Time:	0:00:19
	Energy:	0.0010 kWh
	CO2eq:	0.4771 g
	0.0044 km travelled by car
___kmeans com 30 Treads_concluida___
___kmeans com 32 Treads___
Time for process: 16.814553
Tempo total: 17373.650 ms
	Time:	0:00:17
	Energy:	0.0010 kWh
	CO2eq:	0.4609 g
	0.0043 km travelled by car
	Time:	0:00:17
	Energy:	0.0010 kWh
	CO2eq:	0.4609 g
	0.0043 km travelled by car
___kmeans com 32 Treads_concluida___
___kmeans com 34 Treads___
Time for process: 15.986259
Tempo total: 16540.262 ms
	Time:	0:00:17
	Energy:	0.0009 kWh
	CO2eq:	0.4515 g
	0.0042 km travelled by car
	Time:	0:00:17
	Energy:	0.0009 kWh
	CO2eq:	0.4515 g
	0.0042 km travelled by car
___kmeans com 34 Treads_concluida___
___kmeans com 36 Treads___
Time for process: 14.941942
Tempo total: 15500.159 ms
	Time:	0:00:16
	Energy:	0.0009 kWh
	CO2eq:	0.4333 g
	0.0040 km travelled by car
	Time:	0:00:16
	Energy:	0.0009 kWh
	CO2eq:	0.4333 g
	0.0040 km travelled by car
___kmeans com 36 Treads_concluida___
___kmeans com 38 Treads___
Time for process: 14.324580
Tempo total: 14881.131 ms
	Time:	0:00:15
	Energy:	0.0009 kWh
	CO2eq:	0.4259 g
	0.0040 km travelled by car
	Time:	0:00:15
	Energy:	0.0009 kWh
	CO2eq:	0.4244 g
	0.0039 km travelled by car
___kmeans com 38 Treads_concluida___
___kmeans com 40 Treads___
Time for process: 13.451468
Tempo total: 14005.862 ms
	Time:	0:00:14
	Energy:	0.0009 kWh
	CO2eq:	0.4121 g
	0.0038 km travelled by car
	Time:	0:00:14
	Energy:	0.0009 kWh
	CO2eq:	0.4121 g
	0.0038 km travelled by car
___kmeans com 40 Treads_concluida___
___kmeans com 42 Treads___
Time for process: 13.016222
Tempo total: 13575.784 ms
	Time:	0:00:14
	Energy:	0.0009 kWh
	CO2eq:	0.4092 g
	0.0038 km travelled by car
	Time:	0:00:14
	Energy:	0.0009 kWh
	CO2eq:	0.4092 g
	0.0038 km travelled by car
___kmeans com 42 Treads_concluida___
___kmeans com 44 Treads___
Time for process: 12.225555
Tempo total: 12814.326 ms
	Time:	0:00:13
	Energy:	0.0008 kWh
	CO2eq:	0.3893 g
	0.0036 km travelled by car
	Time:	0:00:13
	Energy:	0.0008 kWh
	CO2eq:	0.3893 g
	0.0036 km travelled by car
___kmeans com 44 Treads_concluida___
___kmeans com 46 Treads___
Time for process: 11.913054
Tempo total: 12470.116 ms
	Time:	0:00:12
	Energy:	0.0008 kWh
	CO2eq:	0.3815 g
	0.0035 km travelled by car
	Time:	0:00:12
	Energy:	0.0008 kWh
	CO2eq:	0.3815 g
	0.0035 km travelled by car
___kmeans com 46 Treads_concluida___
___kmeans com 48 Treads___
Time for process: 11.245125
Tempo total: 11802.666 ms
	Time:	0:00:12
	Energy:	0.0008 kWh
	CO2eq:	0.3615 g
	0.0034 km travelled by car
	Time:	0:00:12
	Energy:	0.0008 kWh
	CO2eq:	0.3615 g
	0.0034 km travelled by car
___kmeans com 48 Treads_concluida___
___Fim de kmeans___:

Start -> leukocyte
compilando leukocyte...
cd OpenMP; make clean
make[1]: Entering directory '/scratch/acsilveira/rodinia_novos/openmp/leukocyte/OpenMP'
rm -f *.o leukocyte
make[1]: Leaving directory '/scratch/acsilveira/rodinia_novos/openmp/leukocyte/OpenMP'
rm -f meschach_lib/meschach.a
cd OpenMP; make
make[1]: Entering directory '/scratch/acsilveira/rodinia_novos/openmp/leukocyte/OpenMP'
gcc  -g -O3 -Wall -fopenmp -I../meschach_lib detect_main.c -c
gcc  -g -O3 -Wall -fopenmp -I../meschach_lib avilib.c -c
gcc  -g -O3 -Wall -fopenmp -I../meschach_lib find_ellipse.c -c
gcc  -g -O3 -Wall -fopenmp -I../meschach_lib track_ellipse.c -c
gcc  -g -O3 -Wall -fopenmp -I../meschach_lib misc_math.c -c
cd ../meschach_lib; ./configure --with-all; make all; make clean
make[2]: Entering directory '/scratch/acsilveira/rodinia_novos/openmp/leukocyte/meschach_lib'
cc -c -O -DHAVE_CONFIG_H copy.c
cc -c -O -DHAVE_CONFIG_H err.c
cc -c -O -DHAVE_CONFIG_H matrixio.c
cc -c -O -DHAVE_CONFIG_H memory.c
cc -c -O -DHAVE_CONFIG_H vecop.c
cc -c -O -DHAVE_CONFIG_H matop.c
cc -c -O -DHAVE_CONFIG_H pxop.c
cc -c -O -DHAVE_CONFIG_H submat.c
cc -c -O -DHAVE_CONFIG_H init.c
cc -c -O -DHAVE_CONFIG_H otherio.c
cc -c -O -DHAVE_CONFIG_H machine.c
cc -c -O -DHAVE_CONFIG_H matlab.c
cc -c -O -DHAVE_CONFIG_H ivecop.c
cc -c -O -DHAVE_CONFIG_H version.c
cc -c -O -DHAVE_CONFIG_H meminfo.c
cc -c -O -DHAVE_CONFIG_H memstat.c
ar ru meschach.a copy.o err.o matrixio.o memory.o vecop.o matop.o pxop.o submat.o init.o otherio.o machine.o matlab.o ivecop.o version.o meminfo.o memstat.o; ranlib meschach.a
cc -c -O -DHAVE_CONFIG_H lufactor.c
cc -c -O -DHAVE_CONFIG_H bkpfacto.c
cc -c -O -DHAVE_CONFIG_H chfactor.c
cc -c -O -DHAVE_CONFIG_H qrfactor.c
cc -c -O -DHAVE_CONFIG_H solve.c
cc -c -O -DHAVE_CONFIG_H hsehldr.c
cc -c -O -DHAVE_CONFIG_H givens.c
cc -c -O -DHAVE_CONFIG_H update.c
cc -c -O -DHAVE_CONFIG_H norm.c
cc -c -O -DHAVE_CONFIG_H hessen.c
cc -c -O -DHAVE_CONFIG_H symmeig.c
cc -c -O -DHAVE_CONFIG_H schur.c
cc -c -O -DHAVE_CONFIG_H svd.c
cc -c -O -DHAVE_CONFIG_H fft.c
cc -c -O -DHAVE_CONFIG_H mfunc.c
cc -c -O -DHAVE_CONFIG_H bdfactor.c
ar ru meschach.a lufactor.o bkpfacto.o chfactor.o qrfactor.o solve.o hsehldr.o givens.o update.o norm.o hessen.o symmeig.o schur.o svd.o fft.o mfunc.o bdfactor.o; ranlib meschach.a
cc -c -O -DHAVE_CONFIG_H sparse.c
cc -c -O -DHAVE_CONFIG_H sprow.c
cc -c -O -DHAVE_CONFIG_H sparseio.c
cc -c -O -DHAVE_CONFIG_H spchfctr.c
cc -c -O -DHAVE_CONFIG_H splufctr.c
cc -c -O -DHAVE_CONFIG_H spbkp.c
cc -c -O -DHAVE_CONFIG_H spswap.c
cc -c -O -DHAVE_CONFIG_H iter0.c
cc -c -O -DHAVE_CONFIG_H itersym.c
cc -c -O -DHAVE_CONFIG_H iternsym.c
ar ru meschach.a sparse.o sprow.o sparseio.o spchfctr.o splufctr.o spbkp.o spswap.o iter0.o itersym.o iternsym.o; ranlib meschach.a
cc -c -O -DHAVE_CONFIG_H zmachine.c
cc -c -O -DHAVE_CONFIG_H zcopy.c
cc -c -O -DHAVE_CONFIG_H zmatio.c
cc -c -O -DHAVE_CONFIG_H zmemory.c
cc -c -O -DHAVE_CONFIG_H zvecop.c
cc -c -O -DHAVE_CONFIG_H zmatop.c
cc -c -O -DHAVE_CONFIG_H znorm.c
cc -c -O -DHAVE_CONFIG_H zfunc.c
ar ru meschach.a zmachine.o zcopy.o zmatio.o zmemory.o zvecop.o zmatop.o znorm.o zfunc.o ; ranlib meschach.a
cc -c -O -DHAVE_CONFIG_H zlufctr.c
cc -c -O -DHAVE_CONFIG_H zsolve.c
cc -c -O -DHAVE_CONFIG_H zmatlab.c
cc -c -O -DHAVE_CONFIG_H zhsehldr.c
cc -c -O -DHAVE_CONFIG_H zqrfctr.c
cc -c -O -DHAVE_CONFIG_H zgivens.c
cc -c -O -DHAVE_CONFIG_H zhessen.c
cc -c -O -DHAVE_CONFIG_H zschur.c
ar ru meschach.a zlufctr.o zsolve.o zmatlab.o zhsehldr.o zqrfctr.o zgivens.o  zhessen.o zschur.o; ranlib meschach.a
make[2]: Leaving directory '/scratch/acsilveira/rodinia_novos/openmp/leukocyte/meschach_lib'
make[2]: Entering directory '/scratch/acsilveira/rodinia_novos/openmp/leukocyte/meschach_lib'
/bin/rm -f *.o core asx5213a.mat iotort.dat 
make[2]: Leaving directory '/scratch/acsilveira/rodinia_novos/openmp/leukocyte/meschach_lib'
gcc -g -O3 -Wall -fopenmp -I../meschach_lib -lm avilib.o find_ellipse.o track_ellipse.o misc_math.o detect_main.o -o leukocyte -lm ../meschach_lib/meschach.a -lpthread
make[1]: Leaving directory '/scratch/acsilveira/rodinia_novos/openmp/leukocyte/OpenMP'
___Executando leukocyte___:
___leukocyte com 2 Treads___
Total application run time: 617.55524 seconds
	Time:	0:10:18
	Energy:	0.0217 kWh
	CO2eq:	10.4475 g
	0.0972 km travelled by car
	Time:	0:10:18
	Energy:	0.0217 kWh
	CO2eq:	10.4475 g
	0.0972 km travelled by car
___leukocyte com 2 Treads_concluida___
___leukocyte com 4 Treads___
Total application run time: 326.15714 seconds
	Time:	0:05:26
	Energy:	0.0121 kWh
	CO2eq:	5.8191 g
	0.0541 km travelled by car
	Time:	0:05:26
	Energy:	0.0121 kWh
	CO2eq:	5.8191 g
	0.0541 km travelled by car
___leukocyte com 4 Treads_concluida___
___leukocyte com 6 Treads___
Total application run time: 233.15202 seconds
	Time:	0:03:53
	Energy:	0.0092 kWh
	CO2eq:	4.4175 g
	0.0411 km travelled by car
	Time:	0:03:53
	Energy:	0.0092 kWh
	CO2eq:	4.4175 g
	0.0411 km travelled by car
___leukocyte com 6 Treads_concluida___
___leukocyte com 8 Treads___
Total application run time: 187.93819 seconds
	Time:	0:03:08
	Energy:	0.0077 kWh
	CO2eq:	3.7001 g
	0.0344 km travelled by car
	Time:	0:03:08
	Energy:	0.0077 kWh
	CO2eq:	3.7001 g
	0.0344 km travelled by car
___leukocyte com 8 Treads_concluida___
___leukocyte com 10 Treads___
Total application run time: 151.35213 seconds
	Time:	0:02:31
	Energy:	0.0065 kWh
	CO2eq:	3.1272 g
	0.0291 km travelled by car
	Time:	0:02:31
	Energy:	0.0065 kWh
	CO2eq:	3.1272 g
	0.0291 km travelled by car
___leukocyte com 10 Treads_concluida___
___leukocyte com 12 Treads___
Total application run time: 116.98816 seconds
	Time:	0:01:57
	Energy:	0.0054 kWh
	CO2eq:	2.5756 g
	0.0240 km travelled by car
	Time:	0:01:57
	Energy:	0.0054 kWh
	CO2eq:	2.5756 g
	0.0240 km travelled by car
___leukocyte com 12 Treads_concluida___
___leukocyte com 14 Treads___
Total application run time: 115.31371 seconds
	Time:	0:01:55
	Energy:	0.0053 kWh
	CO2eq:	2.5594 g
	0.0238 km travelled by car
	Time:	0:01:55
	Energy:	0.0053 kWh
	CO2eq:	2.5594 g
	0.0238 km travelled by car
___leukocyte com 14 Treads_concluida___
___leukocyte com 16 Treads___
Total application run time: 114.41663 seconds
	Time:	0:01:55
	Energy:	0.0052 kWh
	CO2eq:	2.4845 g
	0.0231 km travelled by car
	Time:	0:01:55
	Energy:	0.0052 kWh
	CO2eq:	2.4845 g
	0.0231 km travelled by car
___leukocyte com 16 Treads_concluida___
___leukocyte com 18 Treads___
Total application run time: 81.02699 seconds
	Time:	0:01:21
	Energy:	0.0040 kWh
	CO2eq:	1.9090 g
	0.0178 km travelled by car
	Time:	0:01:21
	Energy:	0.0040 kWh
	CO2eq:	1.9090 g
	0.0178 km travelled by car
___leukocyte com 18 Treads_concluida___
___leukocyte com 20 Treads___
Total application run time: 81.28014 seconds
	Time:	0:01:21
	Energy:	0.0039 kWh
	CO2eq:	1.8568 g
	0.0173 km travelled by car
	Time:	0:01:21
	Energy:	0.0039 kWh
	CO2eq:	1.8568 g
	0.0173 km travelled by car
___leukocyte com 20 Treads_concluida___
___leukocyte com 22 Treads___
Total application run time: 81.19867 seconds
	Time:	0:01:21
	Energy:	0.0039 kWh
	CO2eq:	1.8770 g
	0.0175 km travelled by car
	Time:	0:01:21
	Energy:	0.0039 kWh
	CO2eq:	1.8770 g
	0.0175 km travelled by car
___leukocyte com 22 Treads_concluida___
___leukocyte com 24 Treads___
Total application run time: 81.51165 seconds
	Time:	0:01:22
	Energy:	0.0039 kWh
	CO2eq:	1.8671 g
	0.0174 km travelled by car
	Time:	0:01:22
	Energy:	0.0039 kWh
	CO2eq:	1.8671 g
	0.0174 km travelled by car
___leukocyte com 24 Treads_concluida___
___leukocyte com 26 Treads___
Total application run time: 80.90745 seconds
	Time:	0:01:21
	Energy:	0.0039 kWh
	CO2eq:	1.8809 g
	0.0175 km travelled by car
	Time:	0:01:21
	Energy:	0.0039 kWh
	CO2eq:	1.8800 g
	0.0175 km travelled by car
___leukocyte com 26 Treads_concluida___
___leukocyte com 28 Treads___
Total application run time: 80.53658 seconds
	Time:	0:01:21
	Energy:	0.0039 kWh
	CO2eq:	1.8898 g
	0.0176 km travelled by car
	Time:	0:01:21
	Energy:	0.0039 kWh
	CO2eq:	1.8898 g
	0.0176 km travelled by car
___leukocyte com 28 Treads_concluida___
___leukocyte com 30 Treads___
Total application run time: 78.88270 seconds
	Time:	0:01:19
	Energy:	0.0039 kWh
	CO2eq:	1.8628 g
	0.0173 km travelled by car
	Time:	0:01:19
	Energy:	0.0039 kWh
	CO2eq:	1.8609 g
	0.0173 km travelled by car
___leukocyte com 30 Treads_concluida___
___leukocyte com 32 Treads___
Total application run time: 78.43706 seconds
	Time:	0:01:19
	Energy:	0.0039 kWh
	CO2eq:	1.8645 g
	0.0173 km travelled by car
	Time:	0:01:19
	Energy:	0.0039 kWh
	CO2eq:	1.8645 g
	0.0173 km travelled by car
___leukocyte com 32 Treads_concluida___
___leukocyte com 34 Treads___
Total application run time: 76.51996 seconds
	Time:	0:01:17
	Energy:	0.0038 kWh
	CO2eq:	1.8310 g
	0.0170 km travelled by car
	Time:	0:01:17
	Energy:	0.0038 kWh
	CO2eq:	1.8310 g
	0.0170 km travelled by car
___leukocyte com 34 Treads_concluida___
___leukocyte com 36 Treads___
Total application run time: 46.62826 seconds
	Time:	0:00:47
	Energy:	0.0028 kWh
	CO2eq:	1.3237 g
	0.0123 km travelled by car
	Time:	0:00:47
	Energy:	0.0028 kWh
	CO2eq:	1.3237 g
	0.0123 km travelled by car
___leukocyte com 36 Treads_concluida___
___leukocyte com 38 Treads___
Total application run time: 46.60897 seconds
	Time:	0:00:47
	Energy:	0.0028 kWh
	CO2eq:	1.3272 g
	0.0123 km travelled by car
	Time:	0:00:47
	Energy:	0.0028 kWh
	CO2eq:	1.3272 g
	0.0123 km travelled by car
___leukocyte com 38 Treads_concluida___
___leukocyte com 40 Treads___
Total application run time: 46.75888 seconds
	Time:	0:00:47
	Energy:	0.0028 kWh
	CO2eq:	1.3350 g
	0.0124 km travelled by car
	Time:	0:00:47
	Energy:	0.0028 kWh
	CO2eq:	1.3289 g
	0.0124 km travelled by car
___leukocyte com 40 Treads_concluida___
___leukocyte com 42 Treads___
Total application run time: 46.61935 seconds
	Time:	0:00:47
	Energy:	0.0028 kWh
	CO2eq:	1.3302 g
	0.0124 km travelled by car
	Time:	0:00:47
	Energy:	0.0028 kWh
	CO2eq:	1.3302 g
	0.0124 km travelled by car
___leukocyte com 42 Treads_concluida___
___leukocyte com 44 Treads___
Total application run time: 46.69755 seconds
	Time:	0:00:47
	Energy:	0.0027 kWh
	CO2eq:	1.2747 g
	0.0119 km travelled by car
	Time:	0:00:47
	Energy:	0.0027 kWh
	CO2eq:	1.2747 g
	0.0119 km travelled by car
___leukocyte com 44 Treads_concluida___
___leukocyte com 46 Treads___
Total application run time: 46.67657 seconds
	Time:	0:00:47
	Energy:	0.0028 kWh
	CO2eq:	1.3334 g
	0.0124 km travelled by car
	Time:	0:00:47
	Energy:	0.0028 kWh
	CO2eq:	1.3334 g
	0.0124 km travelled by car
___leukocyte com 46 Treads_concluida___
___leukocyte com 48 Treads___
Total application run time: 46.66631 seconds
	Time:	0:00:47
	Energy:	0.0028 kWh
	CO2eq:	1.3344 g
	0.0124 km travelled by car
	Time:	0:00:47
	Energy:	0.0028 kWh
	CO2eq:	1.3344 g
	0.0124 km travelled by car
___leukocyte com 48 Treads_concluida___
___Fim de leukocyte___:

Start -> backprop
compilando backprop...
rm -f *.o *~ backprop backprop_cuda.linkinfo
gcc -g -fopenmp  -O2 backprop.c -c
gcc -g -fopenmp  -O2 facetrain.c -c
gcc -g -fopenmp  -O2 imagenet.c -c
gcc -g -fopenmp  -O2 backprop_kernel.c -c
gcc -g -fopenmp  -O2 backprop.o facetrain.o imagenet.o backprop_kernel.o -o backprop -lm
___Executando backprop___:
___backprop com 2 Treads___
Tempo total: 32638.067 ms
	Time:	0:00:33
	Energy:	0.0012 kWh
	CO2eq:	0.5538 g
	0.0052 km travelled by car
	Time:	0:00:33
	Energy:	0.0012 kWh
	CO2eq:	0.5538 g
	0.0052 km travelled by car
___backprop com 2 Treads_concluida___
___backprop com 4 Treads___
Tempo total: 27243.745 ms
	Time:	0:00:27
	Energy:	0.0010 kWh
	CO2eq:	0.4626 g
	0.0043 km travelled by car
	Time:	0:00:27
	Energy:	0.0010 kWh
	CO2eq:	0.4626 g
	0.0043 km travelled by car
___backprop com 4 Treads_concluida___
___backprop com 6 Treads___
Tempo total: 25729.781 ms
	Time:	0:00:26
	Energy:	0.0009 kWh
	CO2eq:	0.4374 g
	0.0041 km travelled by car
	Time:	0:00:26
	Energy:	0.0009 kWh
	CO2eq:	0.4374 g
	0.0041 km travelled by car
___backprop com 6 Treads_concluida___
___backprop com 8 Treads___
Tempo total: 25105.012 ms
	Time:	0:00:25
	Energy:	0.0009 kWh
	CO2eq:	0.4314 g
	0.0040 km travelled by car
	Time:	0:00:25
	Energy:	0.0009 kWh
	CO2eq:	0.4314 g
	0.0040 km travelled by car
___backprop com 8 Treads_concluida___
___backprop com 10 Treads___
Tempo total: 28384.605 ms
	Time:	0:00:28
	Energy:	0.0010 kWh
	CO2eq:	0.4851 g
	0.0045 km travelled by car
	Time:	0:00:28
	Energy:	0.0010 kWh
	CO2eq:	0.4851 g
	0.0045 km travelled by car
___backprop com 10 Treads_concluida___
___backprop com 12 Treads___
Tempo total: 25106.143 ms
	Time:	0:00:25
	Energy:	0.0009 kWh
	CO2eq:	0.4361 g
	0.0041 km travelled by car
	Time:	0:00:25
	Energy:	0.0009 kWh
	CO2eq:	0.4361 g
	0.0041 km travelled by car
___backprop com 12 Treads_concluida___
___backprop com 14 Treads___
Tempo total: 24403.295 ms
	Time:	0:00:24
	Energy:	0.0009 kWh
	CO2eq:	0.4230 g
	0.0039 km travelled by car
	Time:	0:00:24
	Energy:	0.0009 kWh
	CO2eq:	0.4230 g
	0.0039 km travelled by car
___backprop com 14 Treads_concluida___
___backprop com 16 Treads___
Tempo total: 22861.163 ms
	Time:	0:00:23
	Energy:	0.0008 kWh
	CO2eq:	0.3956 g
	0.0037 km travelled by car
	Time:	0:00:23
	Energy:	0.0008 kWh
	CO2eq:	0.3942 g
	0.0037 km travelled by car
___backprop com 16 Treads_concluida___
___backprop com 18 Treads___
Tempo total: 22827.656 ms
	Time:	0:00:23
	Energy:	0.0008 kWh
	CO2eq:	0.3944 g
	0.0037 km travelled by car
	Time:	0:00:23
	Energy:	0.0008 kWh
	CO2eq:	0.3939 g
	0.0037 km travelled by car
___backprop com 18 Treads_concluida___
___backprop com 20 Treads___
Tempo total: 23441.061 ms
	Time:	0:00:23
	Energy:	0.0008 kWh
	CO2eq:	0.4014 g
	0.0037 km travelled by car
	Time:	0:00:23
	Energy:	0.0008 kWh
	CO2eq:	0.4014 g
	0.0037 km travelled by car
___backprop com 20 Treads_concluida___
___backprop com 22 Treads___
Tempo total: 22768.152 ms
	Time:	0:00:23
	Energy:	0.0008 kWh
	CO2eq:	0.3918 g
	0.0036 km travelled by car
	Time:	0:00:23
	Energy:	0.0008 kWh
	CO2eq:	0.3918 g
	0.0036 km travelled by car
___backprop com 22 Treads_concluida___
___backprop com 24 Treads___
Tempo total: 22849.014 ms
	Time:	0:00:23
	Energy:	0.0008 kWh
	CO2eq:	0.3948 g
	0.0037 km travelled by car
	Time:	0:00:23
	Energy:	0.0008 kWh
	CO2eq:	0.3937 g
	0.0037 km travelled by car
___backprop com 24 Treads_concluida___
___backprop com 26 Treads___
Tempo total: 23001.730 ms
	Time:	0:00:23
	Energy:	0.0008 kWh
	CO2eq:	0.3960 g
	0.0037 km travelled by car
	Time:	0:00:23
	Energy:	0.0008 kWh
	CO2eq:	0.3959 g
	0.0037 km travelled by car
___backprop com 26 Treads_concluida___
___backprop com 28 Treads___
Tempo total: 22909.069 ms
	Time:	0:00:23
	Energy:	0.0008 kWh
	CO2eq:	0.3954 g
	0.0037 km travelled by car
	Time:	0:00:23
	Energy:	0.0008 kWh
	CO2eq:	0.3950 g
	0.0037 km travelled by car
___backprop com 28 Treads_concluida___
___backprop com 30 Treads___
Tempo total: 22821.925 ms
	Time:	0:00:23
	Energy:	0.0008 kWh
	CO2eq:	0.3944 g
	0.0037 km travelled by car
	Time:	0:00:23
	Energy:	0.0008 kWh
	CO2eq:	0.3944 g
	0.0037 km travelled by car
___backprop com 30 Treads_concluida___
___backprop com 32 Treads___
Tempo total: 22773.531 ms
	Time:	0:00:23
	Energy:	0.0008 kWh
	CO2eq:	0.3923 g
	0.0036 km travelled by car
	Time:	0:00:23
	Energy:	0.0008 kWh
	CO2eq:	0.3923 g
	0.0036 km travelled by car
___backprop com 32 Treads_concluida___
___backprop com 34 Treads___
Tempo total: 22809.148 ms
	Time:	0:00:23
	Energy:	0.0008 kWh
	CO2eq:	0.3935 g
	0.0037 km travelled by car
	Time:	0:00:23
	Energy:	0.0008 kWh
	CO2eq:	0.3935 g
	0.0037 km travelled by car
___backprop com 34 Treads_concluida___
___backprop com 36 Treads___
Tempo total: 22556.547 ms
	Time:	0:00:23
	Energy:	0.0008 kWh
	CO2eq:	0.3893 g
	0.0036 km travelled by car
	Time:	0:00:23
	Energy:	0.0008 kWh
	CO2eq:	0.3893 g
	0.0036 km travelled by car
___backprop com 36 Treads_concluida___
___backprop com 38 Treads___
Tempo total: 22871.564 ms
	Time:	0:00:23
	Energy:	0.0008 kWh
	CO2eq:	0.3961 g
	0.0037 km travelled by car
	Time:	0:00:23
	Energy:	0.0008 kWh
	CO2eq:	0.3949 g
	0.0037 km travelled by car
___backprop com 38 Treads_concluida___
___backprop com 40 Treads___
Tempo total: 23181.477 ms
	Time:	0:00:23
	Energy:	0.0008 kWh
	CO2eq:	0.4000 g
	0.0037 km travelled by car
	Time:	0:00:23
	Energy:	0.0008 kWh
	CO2eq:	0.4000 g
	0.0037 km travelled by car
___backprop com 40 Treads_concluida___
___backprop com 42 Treads___
Tempo total: 22995.123 ms
	Time:	0:00:23
	Energy:	0.0008 kWh
	CO2eq:	0.3963 g
	0.0037 km travelled by car
	Time:	0:00:23
	Energy:	0.0008 kWh
	CO2eq:	0.3963 g
	0.0037 km travelled by car
___backprop com 42 Treads_concluida___
___backprop com 44 Treads___
Tempo total: 22655.385 ms
	Time:	0:00:23
	Energy:	0.0008 kWh
	CO2eq:	0.3910 g
	0.0036 km travelled by car
	Time:	0:00:23
	Energy:	0.0008 kWh
	CO2eq:	0.3910 g
	0.0036 km travelled by car
___backprop com 44 Treads_concluida___
___backprop com 46 Treads___
Tempo total: 22945.106 ms
	Time:	0:00:23
	Energy:	0.0008 kWh
	CO2eq:	0.3961 g
	0.0037 km travelled by car
	Time:	0:00:23
	Energy:	0.0008 kWh
	CO2eq:	0.3958 g
	0.0037 km travelled by car
___backprop com 46 Treads_concluida___
___backprop com 48 Treads___
Tempo total: 22851.111 ms
	Time:	0:00:23
	Energy:	0.0008 kWh
	CO2eq:	0.3941 g
	0.0037 km travelled by car
	Time:	0:00:23
	Energy:	0.0008 kWh
	CO2eq:	0.3930 g
	0.0037 km travelled by car
___backprop com 48 Treads_concluida___
___Fim de backprop___:

Start -> cfd
compilando cfd...
rm -f euler3d_cpu
rm -f euler3d_cpu_offload
rm -f euler3d_cpu_double
rm -f pre_euler3d_cpu
rm -f pre_euler3d_cpu_double
g++ -O3 -Dblock_length=8 -fopenmp euler3d_cpu.cpp -o euler3d_cpu
g++ -O3 -Dblock_length=8 -fopenmp euler3d_cpu_double.cpp -o euler3d_cpu_double
g++ -O3 -Dblock_length=8 -fopenmp pre_euler3d_cpu.cpp -o pre_euler3d_cpu
g++ -O3 -Dblock_length=8 -fopenmp pre_euler3d_cpu_double.cpp -o pre_euler3d_cpu_double
icc -g -O3 -DOMP_OFFLOAD -Dblock_length=216 -fopenmp -offload-option,mic,compiler,"-no-opt-prefetch" euler3d_cpu.cpp -o euler3d_cpu_offload
___Executando cfd___:
___cfd com 2 Treads___
Compute time: 116.687
Tempo total: 118016.309 ms
	Time:	0:01:58
	Energy:	0.0041 kWh
	CO2eq:	1.9833 g
	0.0184 km travelled by car
	Time:	0:01:58
	Energy:	0.0041 kWh
	CO2eq:	1.9833 g
	0.0184 km travelled by car
___cfd com 2 Treads_concluida___
___cfd com 4 Treads___
Compute time: 58.6606
Tempo total: 60004.327 ms
	Time:	0:01:00
	Energy:	0.0022 kWh
	CO2eq:	1.0576 g
	0.0098 km travelled by car
	Time:	0:01:00
	Energy:	0.0022 kWh
	CO2eq:	1.0576 g
	0.0098 km travelled by car
___cfd com 4 Treads_concluida___
___cfd com 6 Treads___
Compute time: 39.2795
Tempo total: 40611.023 ms
	Time:	0:00:41
	Energy:	0.0016 kWh
	CO2eq:	0.7509 g
	0.0070 km travelled by car
	Time:	0:00:41
	Energy:	0.0016 kWh
	CO2eq:	0.7509 g
	0.0070 km travelled by car
___cfd com 6 Treads_concluida___
___cfd com 8 Treads___
Compute time: 29.8263
Tempo total: 31156.393 ms
	Time:	0:00:31
	Energy:	0.0012 kWh
	CO2eq:	0.5949 g
	0.0055 km travelled by car
	Time:	0:00:31
	Energy:	0.0012 kWh
	CO2eq:	0.5949 g
	0.0055 km travelled by car
___cfd com 8 Treads_concluida___
___cfd com 10 Treads___
Compute time: 24.3749
Tempo total: 25731.532 ms
	Time:	0:00:26
	Energy:	0.0011 kWh
	CO2eq:	0.5171 g
	0.0048 km travelled by car
	Time:	0:00:26
	Energy:	0.0011 kWh
	CO2eq:	0.5171 g
	0.0048 km travelled by car
___cfd com 10 Treads_concluida___
___cfd com 12 Treads___
Compute time: 20.2874
Tempo total: 21614.078 ms
	Time:	0:00:22
	Energy:	0.0009 kWh
	CO2eq:	0.4471 g
	0.0042 km travelled by car
	Time:	0:00:22
	Energy:	0.0009 kWh
	CO2eq:	0.4471 g
	0.0042 km travelled by car
___cfd com 12 Treads_concluida___
___cfd com 14 Treads___
Compute time: 17.3452
Tempo total: 18716.984 ms
	Time:	0:00:19
	Energy:	0.0008 kWh
	CO2eq:	0.4006 g
	0.0037 km travelled by car
	Time:	0:00:19
	Energy:	0.0008 kWh
	CO2eq:	0.4006 g
	0.0037 km travelled by car
___cfd com 14 Treads_concluida___
___cfd com 16 Treads___
Compute time: 14.9565
Tempo total: 16288.832 ms
	Time:	0:00:16
	Energy:	0.0007 kWh
	CO2eq:	0.3606 g
	0.0034 km travelled by car
	Time:	0:00:16
	Energy:	0.0007 kWh
	CO2eq:	0.3606 g
	0.0034 km travelled by car
___cfd com 16 Treads_concluida___
___cfd com 18 Treads___
Compute time: 13.48
Tempo total: 14851.246 ms
	Time:	0:00:15
	Energy:	0.0007 kWh
	CO2eq:	0.3354 g
	0.0031 km travelled by car
	Time:	0:00:15
	Energy:	0.0007 kWh
	CO2eq:	0.3247 g
	0.0030 km travelled by car
___cfd com 18 Treads_concluida___
___cfd com 20 Treads___
Compute time: 12.4554
Tempo total: 13821.689 ms
	Time:	0:00:14
	Energy:	0.0007 kWh
	CO2eq:	0.3157 g
	0.0029 km travelled by car
	Time:	0:00:14
	Energy:	0.0007 kWh
	CO2eq:	0.3157 g
	0.0029 km travelled by car
___cfd com 20 Treads_concluida___
___cfd com 22 Treads___
Compute time: 11.202
Tempo total: 12550.560 ms
	Time:	0:00:13
	Energy:	0.0006 kWh
	CO2eq:	0.2895 g
	0.0027 km travelled by car
	Time:	0:00:13
	Energy:	0.0006 kWh
	CO2eq:	0.2895 g
	0.0027 km travelled by car
___cfd com 22 Treads_concluida___
___cfd com 24 Treads___
Compute time: 10.2386
Tempo total: 11575.211 ms
	Time:	0:00:12
	Energy:	0.0005 kWh
	CO2eq:	0.2611 g
	0.0024 km travelled by car
	Time:	0:00:12
	Energy:	0.0005 kWh
	CO2eq:	0.2611 g
	0.0024 km travelled by car
___cfd com 24 Treads_concluida___
___cfd com 26 Treads___
Compute time: 9.50131
Tempo total: 10838.247 ms
	Time:	0:00:11
	Energy:	0.0005 kWh
	CO2eq:	0.2565 g
	0.0024 km travelled by car
	Time:	0:00:11
	Energy:	0.0005 kWh
	CO2eq:	0.2442 g
	0.0023 km travelled by car
___cfd com 26 Treads_concluida___
___cfd com 28 Treads___
Compute time: 9.07314
Tempo total: 10418.674 ms
	Time:	0:00:10
	Energy:	0.0005 kWh
	CO2eq:	0.2539 g
	0.0024 km travelled by car
	Time:	0:00:10
	Energy:	0.0005 kWh
	CO2eq:	0.2539 g
	0.0024 km travelled by car
___cfd com 28 Treads_concluida___
___cfd com 30 Treads___
Compute time: 8.33242
Tempo total: 9677.156 ms
	Time:	0:00:10
	Energy:	0.0005 kWh
	CO2eq:	0.2418 g
	0.0022 km travelled by car
	Time:	0:00:10
	Energy:	0.0005 kWh
	CO2eq:	0.2418 g
	0.0022 km travelled by car
___cfd com 30 Treads_concluida___
___cfd com 32 Treads___
Compute time: 7.91384
Tempo total: 9245.443 ms
	Time:	0:00:09
	Energy:	0.0005 kWh
	CO2eq:	0.2299 g
	0.0021 km travelled by car
	Time:	0:00:09
	Energy:	0.0005 kWh
	CO2eq:	0.2299 g
	0.0021 km travelled by car
___cfd com 32 Treads_concluida___
___cfd com 34 Treads___
Compute time: 7.33534
Tempo total: 8679.786 ms
	Time:	0:00:09
	Energy:	0.0005 kWh
	CO2eq:	0.2293 g
	0.0021 km travelled by car
	Time:	0:00:09
	Energy:	0.0005 kWh
	CO2eq:	0.2293 g
	0.0021 km travelled by car
___cfd com 34 Treads_concluida___
___cfd com 36 Treads___
Compute time: 7.05322
Tempo total: 8402.455 ms
	Time:	0:00:08
	Energy:	0.0005 kWh
	CO2eq:	0.2256 g
	0.0021 km travelled by car
	Time:	0:00:08
	Energy:	0.0005 kWh
	CO2eq:	0.2256 g
	0.0021 km travelled by car
___cfd com 36 Treads_concluida___
___cfd com 38 Treads___
Compute time: 6.86413
Tempo total: 8193.461 ms
	Time:	0:00:08
	Energy:	0.0005 kWh
	CO2eq:	0.2252 g
	0.0021 km travelled by car
	Time:	0:00:08
	Energy:	0.0005 kWh
	CO2eq:	0.2252 g
	0.0021 km travelled by car
___cfd com 38 Treads_concluida___
___cfd com 40 Treads___
Compute time: 6.70257
Tempo total: 8038.169 ms
	Time:	0:00:08
	Energy:	0.0005 kWh
	CO2eq:	0.2255 g
	0.0021 km travelled by car
	Time:	0:00:08
	Energy:	0.0005 kWh
	CO2eq:	0.2255 g
	0.0021 km travelled by car
___cfd com 40 Treads_concluida___
___cfd com 42 Treads___
Compute time: 6.43054
Tempo total: 7770.165 ms
	Time:	0:00:08
	Energy:	0.0005 kWh
	CO2eq:	0.2218 g
	0.0021 km travelled by car
	Time:	0:00:08
	Energy:	0.0005 kWh
	CO2eq:	0.2218 g
	0.0021 km travelled by car
___cfd com 42 Treads_concluida___
___cfd com 44 Treads___
Compute time: 6.14319
Tempo total: 7481.555 ms
	Time:	0:00:07
	Energy:	0.0004 kWh
	CO2eq:	0.2099 g
	0.0020 km travelled by car
	Time:	0:00:07
	Energy:	0.0004 kWh
	CO2eq:	0.2099 g
	0.0020 km travelled by car
___cfd com 44 Treads_concluida___
___cfd com 46 Treads___
Compute time: 5.83893
Tempo total: 7176.273 ms
	Time:	0:00:07
	Energy:	0.0004 kWh
	CO2eq:	0.1978 g
	0.0018 km travelled by car
	Time:	0:00:07
	Energy:	0.0004 kWh
	CO2eq:	0.1978 g
	0.0018 km travelled by car
___cfd com 46 Treads_concluida___
___cfd com 48 Treads___
Compute time: 5.81516
Tempo total: 7148.651 ms
	Time:	0:00:07
	Energy:	0.0004 kWh
	CO2eq:	0.1971 g
	0.0018 km travelled by car
	Time:	0:00:07
	Energy:	0.0004 kWh
	CO2eq:	0.1971 g
	0.0018 km travelled by car
___cfd com 48 Treads_concluida___
___Fim de cfd___:

Start -> srad
compilando srad...
cd srad_v1; 	make clean
make[1]: Entering directory '/scratch/acsilveira/rodinia_novos/openmp/srad/srad_v1'
rm *.o srad
make[1]: Leaving directory '/scratch/acsilveira/rodinia_novos/openmp/srad/srad_v1'
cd srad_v2; 	make clean
make[1]: Entering directory '/scratch/acsilveira/rodinia_novos/openmp/srad/srad_v2'
rm -f srad
make[1]: Leaving directory '/scratch/acsilveira/rodinia_novos/openmp/srad/srad_v2'
cd srad_v1; 	make
make[1]: Entering directory '/scratch/acsilveira/rodinia_novos/openmp/srad/srad_v1'
gcc	main.c \
		-c -O3 -fopenmp
gcc	main.o \
		-lm -fopenmp -o srad
make[1]: Leaving directory '/scratch/acsilveira/rodinia_novos/openmp/srad/srad_v1'
cd srad_v2; 	make
make[1]: Entering directory '/scratch/acsilveira/rodinia_novos/openmp/srad/srad_v2'
g++ -g -fopenmp -O2 -lm srad.cpp -o srad 
make[1]: Leaving directory '/scratch/acsilveira/rodinia_novos/openmp/srad/srad_v2'
___Executando srad___:
___srad com 2 Treads___
Tempo total: 89932.670 ms
	Time:	0:01:30
	Energy:	0.0032 kWh
	CO2eq:	1.5334 g
	0.0143 km travelled by car
	Time:	0:01:30
	Energy:	0.0032 kWh
	CO2eq:	1.5334 g
	0.0143 km travelled by car
___srad com 2 Treads_concluida___
___srad com 4 Treads___
Tempo total: 46496.240 ms
	Time:	0:00:46
	Energy:	0.0017 kWh
	CO2eq:	0.8295 g
	0.0077 km travelled by car
	Time:	0:00:46
	Energy:	0.0017 kWh
	CO2eq:	0.8295 g
	0.0077 km travelled by car
___srad com 4 Treads_concluida___
___srad com 6 Treads___
Tempo total: 34506.152 ms
	Time:	0:00:35
	Energy:	0.0013 kWh
	CO2eq:	0.6481 g
	0.0060 km travelled by car
	Time:	0:00:35
	Energy:	0.0013 kWh
	CO2eq:	0.6481 g
	0.0060 km travelled by car
___srad com 6 Treads_concluida___
___srad com 8 Treads___
Tempo total: 28722.307 ms
	Time:	0:00:29
	Energy:	0.0011 kWh
	CO2eq:	0.5190 g
	0.0048 km travelled by car
	Time:	0:00:29
	Energy:	0.0011 kWh
	CO2eq:	0.5190 g
	0.0048 km travelled by car
___srad com 8 Treads_concluida___
___srad com 10 Treads___
Tempo total: 26491.365 ms
	Time:	0:00:26
	Energy:	0.0011 kWh
	CO2eq:	0.5290 g
	0.0049 km travelled by car
	Time:	0:00:26
	Energy:	0.0011 kWh
	CO2eq:	0.5290 g
	0.0049 km travelled by car
___srad com 10 Treads_concluida___
___srad com 12 Treads___
Tempo total: 26321.171 ms
	Time:	0:00:26
	Energy:	0.0011 kWh
	CO2eq:	0.5312 g
	0.0049 km travelled by car
	Time:	0:00:26
	Energy:	0.0011 kWh
	CO2eq:	0.5312 g
	0.0049 km travelled by car
___srad com 12 Treads_concluida___
___srad com 14 Treads___
Tempo total: 26345.437 ms
	Time:	0:00:26
	Energy:	0.0011 kWh
	CO2eq:	0.5414 g
	0.0050 km travelled by car
	Time:	0:00:26
	Energy:	0.0011 kWh
	CO2eq:	0.5414 g
	0.0050 km travelled by car
___srad com 14 Treads_concluida___
___srad com 16 Treads___
Tempo total: 26415.269 ms
	Time:	0:00:26
	Energy:	0.0011 kWh
	CO2eq:	0.5527 g
	0.0051 km travelled by car
	Time:	0:00:26
	Energy:	0.0011 kWh
	CO2eq:	0.5527 g
	0.0051 km travelled by car
___srad com 16 Treads_concluida___
___srad com 18 Treads___
Tempo total: 26343.978 ms
	Time:	0:00:26
	Energy:	0.0012 kWh
	CO2eq:	0.5600 g
	0.0052 km travelled by car
	Time:	0:00:26
	Energy:	0.0012 kWh
	CO2eq:	0.5600 g
	0.0052 km travelled by car
___srad com 18 Treads_concluida___
___srad com 20 Treads___
Tempo total: 26258.779 ms
	Time:	0:00:26
	Energy:	0.0012 kWh
	CO2eq:	0.5606 g
	0.0052 km travelled by car
	Time:	0:00:26
	Energy:	0.0012 kWh
	CO2eq:	0.5606 g
	0.0052 km travelled by car
___srad com 20 Treads_concluida___
___srad com 22 Treads___
Tempo total: 26238.226 ms
	Time:	0:00:26
	Energy:	0.0012 kWh
	CO2eq:	0.5659 g
	0.0053 km travelled by car
	Time:	0:00:26
	Energy:	0.0012 kWh
	CO2eq:	0.5659 g
	0.0053 km travelled by car
___srad com 22 Treads_concluida___
___srad com 24 Treads___
Tempo total: 26166.619 ms
	Time:	0:00:26
	Energy:	0.0012 kWh
	CO2eq:	0.5591 g
	0.0052 km travelled by car
	Time:	0:00:26
	Energy:	0.0012 kWh
	CO2eq:	0.5591 g
	0.0052 km travelled by car
___srad com 24 Treads_concluida___
___srad com 26 Treads___
Tempo total: 24345.572 ms
	Time:	0:00:24
	Energy:	0.0011 kWh
	CO2eq:	0.5314 g
	0.0049 km travelled by car
	Time:	0:00:24
	Energy:	0.0011 kWh
	CO2eq:	0.5314 g
	0.0049 km travelled by car
___srad com 26 Treads_concluida___
___srad com 28 Treads___
Tempo total: 22807.061 ms
	Time:	0:00:23
	Energy:	0.0011 kWh
	CO2eq:	0.5068 g
	0.0047 km travelled by car
	Time:	0:00:23
	Energy:	0.0011 kWh
	CO2eq:	0.5068 g
	0.0047 km travelled by car
___srad com 28 Treads_concluida___
___srad com 30 Treads___
Tempo total: 21325.235 ms
	Time:	0:00:21
	Energy:	0.0010 kWh
	CO2eq:	0.4825 g
	0.0045 km travelled by car
	Time:	0:00:21
	Energy:	0.0010 kWh
	CO2eq:	0.4825 g
	0.0045 km travelled by car
___srad com 30 Treads_concluida___
___srad com 32 Treads___
Tempo total: 20372.364 ms
	Time:	0:00:20
	Energy:	0.0010 kWh
	CO2eq:	0.4700 g
	0.0044 km travelled by car
	Time:	0:00:20
	Energy:	0.0010 kWh
	CO2eq:	0.4700 g
	0.0044 km travelled by car
___srad com 32 Treads_concluida___
___srad com 34 Treads___
Tempo total: 19008.364 ms
	Time:	0:00:19
	Energy:	0.0009 kWh
	CO2eq:	0.4473 g
	0.0042 km travelled by car
	Time:	0:00:19
	Energy:	0.0009 kWh
	CO2eq:	0.4477 g
	0.0042 km travelled by car
___srad com 34 Treads_concluida___
___srad com 36 Treads___
Tempo total: 18061.696 ms
	Time:	0:00:18
	Energy:	0.0009 kWh
	CO2eq:	0.4342 g
	0.0040 km travelled by car
	Time:	0:00:18
	Energy:	0.0009 kWh
	CO2eq:	0.4342 g
	0.0040 km travelled by car
___srad com 36 Treads_concluida___
___srad com 38 Treads___
Tempo total: 17205.442 ms
	Time:	0:00:17
	Energy:	0.0009 kWh
	CO2eq:	0.4245 g
	0.0039 km travelled by car
	Time:	0:00:17
	Energy:	0.0009 kWh
	CO2eq:	0.4245 g
	0.0039 km travelled by car
___srad com 38 Treads_concluida___
___srad com 40 Treads___
Tempo total: 16850.333 ms
	Time:	0:00:17
	Energy:	0.0009 kWh
	CO2eq:	0.4233 g
	0.0039 km travelled by car
	Time:	0:00:17
	Energy:	0.0009 kWh
	CO2eq:	0.4206 g
	0.0039 km travelled by car
___srad com 40 Treads_concluida___
___srad com 42 Treads___
Tempo total: 15419.333 ms
	Time:	0:00:15
	Energy:	0.0008 kWh
	CO2eq:	0.4022 g
	0.0037 km travelled by car
	Time:	0:00:15
	Energy:	0.0008 kWh
	CO2eq:	0.4022 g
	0.0037 km travelled by car
___srad com 42 Treads_concluida___
___srad com 44 Treads___
Tempo total: 14769.441 ms
	Time:	0:00:15
	Energy:	0.0008 kWh
	CO2eq:	0.3906 g
	0.0036 km travelled by car
	Time:	0:00:15
	Energy:	0.0008 kWh
	CO2eq:	0.3906 g
	0.0036 km travelled by car
___srad com 44 Treads_concluida___
___srad com 46 Treads___
Tempo total: 14198.606 ms
	Time:	0:00:14
	Energy:	0.0008 kWh
	CO2eq:	0.3825 g
	0.0036 km travelled by car
	Time:	0:00:14
	Energy:	0.0008 kWh
	CO2eq:	0.3825 g
	0.0036 km travelled by car
___srad com 46 Treads_concluida___
___srad com 48 Treads___
Tempo total: 13467.554 ms
	Time:	0:00:13
	Energy:	0.0008 kWh
	CO2eq:	0.3685 g
	0.0034 km travelled by car
	Time:	0:00:13
	Energy:	0.0008 kWh
	CO2eq:	0.3685 g
	0.0034 km travelled by car
___srad com 48 Treads_concluida___
___Fim de srad___:

...Copiando resultados...