Numero de CPUs logicos (threads): 32
Numero de núcleos fisicos: 24
Start -> kmeans
compilando kmeans...
cd kmeans_serial; make clean
make[1]: Entering directory '/scratch/acsilveira/rodinia_novos/openmp/kmeans/kmeans_serial'
rm -f *.o *~ kmeans 
make[1]: Leaving directory '/scratch/acsilveira/rodinia_novos/openmp/kmeans/kmeans_serial'
cd kmeans_openmp; make clean
make[1]: Entering directory '/scratch/acsilveira/rodinia_novos/openmp/kmeans/kmeans_openmp'
rm -f *.o *~ kmeans 
make[1]: Leaving directory '/scratch/acsilveira/rodinia_novos/openmp/kmeans/kmeans_openmp'
cd kmeans_openmp; make
make[1]: Entering directory '/scratch/acsilveira/rodinia_novos/openmp/kmeans/kmeans_openmp'
gcc -g -fopenmp -O2  cluster.c -c
gcc -g -fopenmp -O2  getopt.c -c
gcc -g -fopenmp -O2  kmeans.c -c
gcc -g -fopenmp -O2  kmeans_clustering.c -c
gcc -g -fopenmp -O2  cluster.o getopt.o kmeans.o kmeans_clustering.o  -o kmeans
make[1]: Leaving directory '/scratch/acsilveira/rodinia_novos/openmp/kmeans/kmeans_openmp'
cd kmeans_serial; make
make[1]: Entering directory '/scratch/acsilveira/rodinia_novos/openmp/kmeans/kmeans_serial'
gcc -g -fopenmp -O2  cluster.c -c
gcc -g -fopenmp -O2  getopt.c -c
gcc -g -fopenmp -O2  kmeans.c -c
gcc -g -fopenmp -O2  kmeans_clustering.c -c
gcc -g -fopenmp -O2  cluster.o getopt.o kmeans.o kmeans_clustering.o  -o kmeans
make[1]: Leaving directory '/scratch/acsilveira/rodinia_novos/openmp/kmeans/kmeans_serial'
___Executando kmeans___:
___kmeans com 2 Treads___
Time for process: 117.991279
Tempo total: 118321.339 ms
	Time:	0:01:58
	Energy:	0.0033 kWh
	CO2eq:	0.3211 g
	0.0030 km travelled by car
	Time:	0:01:58
	Energy:	0.0033 kWh
	CO2eq:	0.3211 g
	0.0030 km travelled by car
___kmeans com 2 Treads_concluida___
___kmeans com 4 Treads___
Time for process: 59.240462
Tempo total: 59570.108 ms
	Time:	0:01:00
	Energy:	0.0021 kWh
	CO2eq:	0.2070 g
	0.0019 km travelled by car
	Time:	0:01:00
	Energy:	0.0021 kWh
	CO2eq:	0.2070 g
	0.0019 km travelled by car
___kmeans com 4 Treads_concluida___
___kmeans com 6 Treads___
Time for process: 39.534594
Tempo total: 39868.494 ms
	Time:	0:00:40
	Energy:	0.0017 kWh
	CO2eq:	0.1714 g
	0.0016 km travelled by car
	Time:	0:00:40
	Energy:	0.0017 kWh
	CO2eq:	0.1714 g
	0.0016 km travelled by car
___kmeans com 6 Treads_concluida___
___kmeans com 8 Treads___
Time for process: 29.276255
Tempo total: 29606.682 ms
	Time:	0:00:30
	Energy:	0.0015 kWh
	CO2eq:	0.1497 g
	0.0014 km travelled by car
	Time:	0:00:30
	Energy:	0.0015 kWh
	CO2eq:	0.1497 g
	0.0014 km travelled by car
___kmeans com 8 Treads_concluida___
___kmeans com 10 Treads___
Time for process: 23.963179
Tempo total: 24294.550 ms
	Time:	0:00:24
	Energy:	0.0014 kWh
	CO2eq:	0.1406 g
	0.0013 km travelled by car
	Time:	0:00:24
	Energy:	0.0014 kWh
	CO2eq:	0.1406 g
	0.0013 km travelled by car
___kmeans com 10 Treads_concluida___
___kmeans com 12 Treads___
Time for process: 18.887004
Tempo total: 19219.221 ms
	Time:	0:00:19
	Energy:	0.0013 kWh
	CO2eq:	0.1271 g
	0.0012 km travelled by car
	Time:	0:00:19
	Energy:	0.0013 kWh
	CO2eq:	0.1271 g
	0.0012 km travelled by car
___kmeans com 12 Treads_concluida___
___kmeans com 14 Treads___
Time for process: 16.399829
Tempo total: 16732.377 ms
	Time:	0:00:17
	Energy:	0.0013 kWh
	CO2eq:	0.1238 g
	0.0012 km travelled by car
	Time:	0:00:17
	Energy:	0.0013 kWh
	CO2eq:	0.1238 g
	0.0012 km travelled by car
___kmeans com 14 Treads_concluida___
___kmeans com 16 Treads___
Time for process: 14.429701
Tempo total: 14761.597 ms
	Time:	0:00:15
	Energy:	0.0012 kWh
	CO2eq:	0.1189 g
	0.0011 km travelled by car
	Time:	0:00:15
	Energy:	0.0012 kWh
	CO2eq:	0.1159 g
	0.0011 km travelled by car
___kmeans com 16 Treads_concluida___
___kmeans com 18 Treads___
Time for process: 13.263965
Tempo total: 13594.512 ms
	Time:	0:00:14
	Energy:	0.0012 kWh
	CO2eq:	0.1197 g
	0.0011 km travelled by car
	Time:	0:00:14
	Energy:	0.0012 kWh
	CO2eq:	0.1197 g
	0.0011 km travelled by car
___kmeans com 18 Treads_concluida___
___kmeans com 20 Treads___
Time for process: 11.718915
Tempo total: 12049.225 ms
	Time:	0:00:12
	Energy:	0.0012 kWh
	CO2eq:	0.1137 g
	0.0011 km travelled by car
	Time:	0:00:12
	Energy:	0.0012 kWh
	CO2eq:	0.1137 g
	0.0011 km travelled by car
___kmeans com 20 Treads_concluida___
___kmeans com 22 Treads___
Time for process: 10.891582
Tempo total: 11222.525 ms
	Time:	0:00:11
	Energy:	0.0012 kWh
	CO2eq:	0.1135 g
	0.0011 km travelled by car
	Time:	0:00:11
	Energy:	0.0012 kWh
	CO2eq:	0.1135 g
	0.0011 km travelled by car
___kmeans com 22 Treads_concluida___
___kmeans com 24 Treads___
Time for process: 9.835153
Tempo total: 10165.498 ms
	Time:	0:00:10
	Energy:	0.0011 kWh
	CO2eq:	0.1059 g
	0.0010 km travelled by car
	Time:	0:00:10
	Energy:	0.0011 kWh
	CO2eq:	0.1059 g
	0.0010 km travelled by car
___kmeans com 24 Treads_concluida___
___kmeans com 26 Treads___
Time for process: 9.055292
Tempo total: 9385.628 ms
	Time:	0:00:09
	Energy:	0.0011 kWh
	CO2eq:	0.1050 g
	0.0010 km travelled by car
	Time:	0:00:09
	Energy:	0.0011 kWh
	CO2eq:	0.1050 g
	0.0010 km travelled by car
___kmeans com 26 Treads_concluida___
___kmeans com 28 Treads___
Time for process: 8.316599
Tempo total: 8647.597 ms
	Time:	0:00:09
	Energy:	0.0010 kWh
	CO2eq:	0.0997 g
	0.0009 km travelled by car
	Time:	0:00:09
	Energy:	0.0010 kWh
	CO2eq:	0.0997 g
	0.0009 km travelled by car
___kmeans com 28 Treads_concluida___
___kmeans com 30 Treads___
Time for process: 7.813385
Tempo total: 8146.687 ms
	Time:	0:00:08
	Energy:	0.0010 kWh
	CO2eq:	0.0994 g
	0.0009 km travelled by car
	Time:	0:00:08
	Energy:	0.0010 kWh
	CO2eq:	0.0994 g
	0.0009 km travelled by car
___kmeans com 30 Treads_concluida___
___kmeans com 32 Treads___
Time for process: 7.334872
Tempo total: 7666.305 ms
	Time:	0:00:08
	Energy:	0.0010 kWh
	CO2eq:	0.0975 g
	0.0009 km travelled by car
	Time:	0:00:08
	Energy:	0.0010 kWh
	CO2eq:	0.0975 g
	0.0009 km travelled by car
___kmeans com 32 Treads_concluida___
___Fim de kmeans___:

Start -> leukocyte
compilando leukocyte...
cd OpenMP; make clean
make[1]: Entering directory '/scratch/acsilveira/rodinia_novos/openmp/leukocyte/OpenMP'
rm -f *.o leukocyte
make[1]: Leaving directory '/scratch/acsilveira/rodinia_novos/openmp/leukocyte/OpenMP'
rm -f meschach_lib/meschach.a
cd OpenMP; make
make[1]: Entering directory '/scratch/acsilveira/rodinia_novos/openmp/leukocyte/OpenMP'
gcc  -g -O3 -Wall -fopenmp -I../meschach_lib detect_main.c -c
gcc  -g -O3 -Wall -fopenmp -I../meschach_lib avilib.c -c
gcc  -g -O3 -Wall -fopenmp -I../meschach_lib find_ellipse.c -c
gcc  -g -O3 -Wall -fopenmp -I../meschach_lib track_ellipse.c -c
gcc  -g -O3 -Wall -fopenmp -I../meschach_lib misc_math.c -c
cd ../meschach_lib; ./configure --with-all; make all; make clean
make[2]: Entering directory '/scratch/acsilveira/rodinia_novos/openmp/leukocyte/meschach_lib'
cc -c -O -DHAVE_CONFIG_H copy.c
cc -c -O -DHAVE_CONFIG_H err.c
cc -c -O -DHAVE_CONFIG_H matrixio.c
cc -c -O -DHAVE_CONFIG_H memory.c
cc -c -O -DHAVE_CONFIG_H vecop.c
cc -c -O -DHAVE_CONFIG_H matop.c
cc -c -O -DHAVE_CONFIG_H pxop.c
cc -c -O -DHAVE_CONFIG_H submat.c
cc -c -O -DHAVE_CONFIG_H init.c
cc -c -O -DHAVE_CONFIG_H otherio.c
cc -c -O -DHAVE_CONFIG_H machine.c
cc -c -O -DHAVE_CONFIG_H matlab.c
cc -c -O -DHAVE_CONFIG_H ivecop.c
cc -c -O -DHAVE_CONFIG_H version.c
cc -c -O -DHAVE_CONFIG_H meminfo.c
cc -c -O -DHAVE_CONFIG_H memstat.c
ar ru meschach.a copy.o err.o matrixio.o memory.o vecop.o matop.o pxop.o submat.o init.o otherio.o machine.o matlab.o ivecop.o version.o meminfo.o memstat.o; ranlib meschach.a
cc -c -O -DHAVE_CONFIG_H lufactor.c
cc -c -O -DHAVE_CONFIG_H bkpfacto.c
cc -c -O -DHAVE_CONFIG_H chfactor.c
cc -c -O -DHAVE_CONFIG_H qrfactor.c
cc -c -O -DHAVE_CONFIG_H solve.c
cc -c -O -DHAVE_CONFIG_H hsehldr.c
cc -c -O -DHAVE_CONFIG_H givens.c
cc -c -O -DHAVE_CONFIG_H update.c
cc -c -O -DHAVE_CONFIG_H norm.c
cc -c -O -DHAVE_CONFIG_H hessen.c
cc -c -O -DHAVE_CONFIG_H symmeig.c
cc -c -O -DHAVE_CONFIG_H schur.c
cc -c -O -DHAVE_CONFIG_H svd.c
cc -c -O -DHAVE_CONFIG_H fft.c
cc -c -O -DHAVE_CONFIG_H mfunc.c
cc -c -O -DHAVE_CONFIG_H bdfactor.c
ar ru meschach.a lufactor.o bkpfacto.o chfactor.o qrfactor.o solve.o hsehldr.o givens.o update.o norm.o hessen.o symmeig.o schur.o svd.o fft.o mfunc.o bdfactor.o; ranlib meschach.a
cc -c -O -DHAVE_CONFIG_H sparse.c
cc -c -O -DHAVE_CONFIG_H sprow.c
cc -c -O -DHAVE_CONFIG_H sparseio.c
cc -c -O -DHAVE_CONFIG_H spchfctr.c
cc -c -O -DHAVE_CONFIG_H splufctr.c
cc -c -O -DHAVE_CONFIG_H spbkp.c
cc -c -O -DHAVE_CONFIG_H spswap.c
cc -c -O -DHAVE_CONFIG_H iter0.c
cc -c -O -DHAVE_CONFIG_H itersym.c
cc -c -O -DHAVE_CONFIG_H iternsym.c
ar ru meschach.a sparse.o sprow.o sparseio.o spchfctr.o splufctr.o spbkp.o spswap.o iter0.o itersym.o iternsym.o; ranlib meschach.a
cc -c -O -DHAVE_CONFIG_H zmachine.c
cc -c -O -DHAVE_CONFIG_H zcopy.c
cc -c -O -DHAVE_CONFIG_H zmatio.c
cc -c -O -DHAVE_CONFIG_H zmemory.c
cc -c -O -DHAVE_CONFIG_H zvecop.c
cc -c -O -DHAVE_CONFIG_H zmatop.c
cc -c -O -DHAVE_CONFIG_H znorm.c
cc -c -O -DHAVE_CONFIG_H zfunc.c
ar ru meschach.a zmachine.o zcopy.o zmatio.o zmemory.o zvecop.o zmatop.o znorm.o zfunc.o ; ranlib meschach.a
cc -c -O -DHAVE_CONFIG_H zlufctr.c
cc -c -O -DHAVE_CONFIG_H zsolve.c
cc -c -O -DHAVE_CONFIG_H zmatlab.c
cc -c -O -DHAVE_CONFIG_H zhsehldr.c
cc -c -O -DHAVE_CONFIG_H zqrfctr.c
cc -c -O -DHAVE_CONFIG_H zgivens.c
cc -c -O -DHAVE_CONFIG_H zhessen.c
cc -c -O -DHAVE_CONFIG_H zschur.c
ar ru meschach.a zlufctr.o zsolve.o zmatlab.o zhsehldr.o zqrfctr.o zgivens.o  zhessen.o zschur.o; ranlib meschach.a
make[2]: Leaving directory '/scratch/acsilveira/rodinia_novos/openmp/leukocyte/meschach_lib'
make[2]: Entering directory '/scratch/acsilveira/rodinia_novos/openmp/leukocyte/meschach_lib'
/bin/rm -f *.o core asx5213a.mat iotort.dat 
make[2]: Leaving directory '/scratch/acsilveira/rodinia_novos/openmp/leukocyte/meschach_lib'
gcc -g -O3 -Wall -fopenmp -I../meschach_lib -lm avilib.o find_ellipse.o track_ellipse.o misc_math.o detect_main.o -o leukocyte -lm ../meschach_lib/meschach.a -lpthread
make[1]: Leaving directory '/scratch/acsilveira/rodinia_novos/openmp/leukocyte/OpenMP'
___Executando leukocyte___:
___leukocyte com 2 Treads___
Total application run time: 292.16190 seconds
Tempo total: 292219.452 ms
	Time:	0:04:52
	Energy:	0.0084 kWh
	CO2eq:	0.8307 g
	0.0077 km travelled by car
	Time:	0:04:52
	Energy:	0.0084 kWh
	CO2eq:	0.8307 g
	0.0077 km travelled by car
___leukocyte com 2 Treads_concluida___
___leukocyte com 4 Treads___
Total application run time: 154.50558 seconds
Tempo total: 154566.086 ms
	Time:	0:02:35
	Energy:	0.0060 kWh
	CO2eq:	0.5880 g
	0.0055 km travelled by car
	Time:	0:02:35
	Energy:	0.0060 kWh
	CO2eq:	0.5880 g
	0.0055 km travelled by car
___leukocyte com 4 Treads_concluida___
___leukocyte com 6 Treads___
Total application run time: 104.70434 seconds
Tempo total: 104764.165 ms
	Time:	0:01:45
	Energy:	0.0051 kWh
	CO2eq:	0.5025 g
	0.0047 km travelled by car
	Time:	0:01:45
	Energy:	0.0051 kWh
	CO2eq:	0.5025 g
	0.0047 km travelled by car
___leukocyte com 6 Treads_concluida___
___leukocyte com 8 Treads___
Total application run time: 89.82044 seconds
Tempo total: 89881.315 ms
	Time:	0:01:30
	Energy:	0.0048 kWh
	CO2eq:	0.4758 g
	0.0044 km travelled by car
	Time:	0:01:30
	Energy:	0.0048 kWh
	CO2eq:	0.4758 g
	0.0044 km travelled by car
___leukocyte com 8 Treads_concluida___
___leukocyte com 10 Treads___
Total application run time: 71.52077 seconds
Tempo total: 71582.178 ms
	Time:	0:01:12
	Energy:	0.0045 kWh
	CO2eq:	0.4428 g
	0.0041 km travelled by car
	Time:	0:01:12
	Energy:	0.0045 kWh
	CO2eq:	0.4428 g
	0.0041 km travelled by car
___leukocyte com 10 Treads_concluida___
___leukocyte com 12 Treads___
Total application run time: 54.97734 seconds
Tempo total: 55038.735 ms
	Time:	0:00:55
	Energy:	0.0042 kWh
	CO2eq:	0.4124 g
	0.0038 km travelled by car
	Time:	0:00:55
	Energy:	0.0042 kWh
	CO2eq:	0.4124 g
	0.0038 km travelled by car
___leukocyte com 12 Treads_concluida___
___leukocyte com 14 Treads___
Total application run time: 54.36185 seconds
Tempo total: 54423.731 ms
	Time:	0:00:54
	Energy:	0.0042 kWh
	CO2eq:	0.4134 g
	0.0038 km travelled by car
	Time:	0:00:54
	Energy:	0.0042 kWh
	CO2eq:	0.4134 g
	0.0038 km travelled by car
___leukocyte com 14 Treads_concluida___
___leukocyte com 16 Treads___
Total application run time: 53.92136 seconds
Tempo total: 53983.208 ms
	Time:	0:00:54
	Energy:	0.0042 kWh
	CO2eq:	0.4103 g
	0.0038 km travelled by car
	Time:	0:00:54
	Energy:	0.0042 kWh
	CO2eq:	0.4103 g
	0.0038 km travelled by car
___leukocyte com 16 Treads_concluida___
___leukocyte com 18 Treads___
Total application run time: 40.01411 seconds
Tempo total: 40076.529 ms
	Time:	0:00:40
	Energy:	0.0039 kWh
	CO2eq:	0.3804 g
	0.0035 km travelled by car
	Time:	0:00:40
	Energy:	0.0039 kWh
	CO2eq:	0.3804 g
	0.0035 km travelled by car
___leukocyte com 18 Treads_concluida___
___leukocyte com 20 Treads___
Total application run time: 37.87093 seconds
Tempo total: 37933.534 ms
	Time:	0:00:38
	Energy:	0.0038 kWh
	CO2eq:	0.3747 g
	0.0035 km travelled by car
	Time:	0:00:38
	Energy:	0.0038 kWh
	CO2eq:	0.3747 g
	0.0035 km travelled by car
___leukocyte com 20 Treads_concluida___
___leukocyte com 22 Treads___
Total application run time: 37.72414 seconds
Tempo total: 37786.591 ms
	Time:	0:00:38
	Energy:	0.0038 kWh
	CO2eq:	0.3715 g
	0.0035 km travelled by car
	Time:	0:00:38
	Energy:	0.0038 kWh
	CO2eq:	0.3715 g
	0.0035 km travelled by car
___leukocyte com 22 Treads_concluida___
___leukocyte com 24 Treads___
Total application run time: 37.85516 seconds
Tempo total: 37917.946 ms
	Time:	0:00:38
	Energy:	0.0037 kWh
	CO2eq:	0.3682 g
	0.0034 km travelled by car
	Time:	0:00:38
	Energy:	0.0037 kWh
	CO2eq:	0.3682 g
	0.0034 km travelled by car
___leukocyte com 24 Treads_concluida___
___leukocyte com 26 Treads___
Total application run time: 37.87498 seconds
Tempo total: 37938.317 ms
	Time:	0:00:38
	Energy:	0.0037 kWh
	CO2eq:	0.3638 g
	0.0034 km travelled by car
	Time:	0:00:38
	Energy:	0.0037 kWh
	CO2eq:	0.3638 g
	0.0034 km travelled by car
___leukocyte com 26 Treads_concluida___
___leukocyte com 28 Treads___
Total application run time: 37.73977 seconds
Tempo total: 37803.952 ms
	Time:	0:00:38
	Energy:	0.0037 kWh
	CO2eq:	0.3594 g
	0.0033 km travelled by car
	Time:	0:00:38
	Energy:	0.0037 kWh
	CO2eq:	0.3594 g
	0.0033 km travelled by car
___leukocyte com 28 Treads_concluida___
___leukocyte com 30 Treads___
Total application run time: 37.20799 seconds
Tempo total: 37273.280 ms
	Time:	0:00:37
	Energy:	0.0036 kWh
	CO2eq:	0.3569 g
	0.0033 km travelled by car
	Time:	0:00:37
	Energy:	0.0036 kWh
	CO2eq:	0.3569 g
	0.0033 km travelled by car
___leukocyte com 30 Treads_concluida___
___leukocyte com 32 Treads___
Total application run time: 36.66397 seconds
Tempo total: 36729.765 ms
	Time:	0:00:37
	Energy:	0.0035 kWh
	CO2eq:	0.3467 g
	0.0032 km travelled by car
	Time:	0:00:37
	Energy:	0.0035 kWh
	CO2eq:	0.3467 g
	0.0032 km travelled by car
___leukocyte com 32 Treads_concluida___
___Fim de leukocyte___:

Start -> backprop
compilando backprop...
rm -f *.o *~ backprop backprop_cuda.linkinfo
gcc -g -fopenmp  -O2 backprop.c -c
gcc -g -fopenmp  -O2 facetrain.c -c
gcc -g -fopenmp  -O2 imagenet.c -c
gcc -g -fopenmp  -O2 backprop_kernel.c -c
gcc -g -fopenmp  -O2 backprop.o facetrain.o imagenet.o backprop_kernel.o -o backprop -lm
___Executando backprop___:
___backprop com 2 Treads___
Tempo total: 16300.453 ms
	Time:	0:00:16
	Energy:	0.0004 kWh
	CO2eq:	0.0391 g
	0.0004 km travelled by car
	Time:	0:00:16
	Energy:	0.0004 kWh
	CO2eq:	0.0391 g
	0.0004 km travelled by car
___backprop com 2 Treads_concluida___
___backprop com 4 Treads___
Tempo total: 13980.446 ms
	Time:	0:00:14
	Energy:	0.0004 kWh
	CO2eq:	0.0357 g
	0.0003 km travelled by car
	Time:	0:00:14
	Energy:	0.0004 kWh
	CO2eq:	0.0357 g
	0.0003 km travelled by car
___backprop com 4 Treads_concluida___
___backprop com 6 Treads___
Tempo total: 13214.085 ms
	Time:	0:00:13
	Energy:	0.0003 kWh
	CO2eq:	0.0339 g
	0.0003 km travelled by car
	Time:	0:00:13
	Energy:	0.0003 kWh
	CO2eq:	0.0339 g
	0.0003 km travelled by car
___backprop com 6 Treads_concluida___
___backprop com 8 Treads___
Tempo total: 12900.006 ms
	Time:	0:00:13
	Energy:	0.0003 kWh
	CO2eq:	0.0328 g
	0.0003 km travelled by car
	Time:	0:00:13
	Energy:	0.0003 kWh
	CO2eq:	0.0328 g
	0.0003 km travelled by car
___backprop com 8 Treads_concluida___
___backprop com 10 Treads___
Tempo total: 12657.734 ms
	Time:	0:00:13
	Energy:	0.0003 kWh
	CO2eq:	0.0320 g
	0.0003 km travelled by car
	Time:	0:00:13
	Energy:	0.0003 kWh
	CO2eq:	0.0320 g
	0.0003 km travelled by car
___backprop com 10 Treads_concluida___
___backprop com 12 Treads___
Tempo total: 12921.982 ms
	Time:	0:00:13
	Energy:	0.0003 kWh
	CO2eq:	0.0327 g
	0.0003 km travelled by car
	Time:	0:00:13
	Energy:	0.0003 kWh
	CO2eq:	0.0329 g
	0.0003 km travelled by car
___backprop com 12 Treads_concluida___
___backprop com 14 Treads___
Tempo total: 12850.520 ms
	Time:	0:00:13
	Energy:	0.0003 kWh
	CO2eq:	0.0325 g
	0.0003 km travelled by car
	Time:	0:00:13
	Energy:	0.0003 kWh
	CO2eq:	0.0323 g
	0.0003 km travelled by car
___backprop com 14 Treads_concluida___
___backprop com 16 Treads___
Tempo total: 12091.030 ms
	Time:	0:00:12
	Energy:	0.0003 kWh
	CO2eq:	0.0329 g
	0.0003 km travelled by car
	Time:	0:00:12
	Energy:	0.0003 kWh
	CO2eq:	0.0329 g
	0.0003 km travelled by car
___backprop com 16 Treads_concluida___
___backprop com 18 Treads___
Tempo total: 12111.648 ms
	Time:	0:00:12
	Energy:	0.0003 kWh
	CO2eq:	0.0329 g
	0.0003 km travelled by car
	Time:	0:00:12
	Energy:	0.0003 kWh
	CO2eq:	0.0329 g
	0.0003 km travelled by car
___backprop com 18 Treads_concluida___
___backprop com 20 Treads___
Tempo total: 12397.951 ms
	Time:	0:00:12
	Energy:	0.0003 kWh
	CO2eq:	0.0329 g
	0.0003 km travelled by car
	Time:	0:00:12
	Energy:	0.0003 kWh
	CO2eq:	0.0329 g
	0.0003 km travelled by car
___backprop com 20 Treads_concluida___
___backprop com 22 Treads___
Tempo total: 12340.088 ms
	Time:	0:00:12
	Energy:	0.0003 kWh
	CO2eq:	0.0334 g
	0.0003 km travelled by car
	Time:	0:00:12
	Energy:	0.0003 kWh
	CO2eq:	0.0334 g
	0.0003 km travelled by car
___backprop com 22 Treads_concluida___
___backprop com 24 Treads___
Tempo total: 12124.017 ms
	Time:	0:00:12
	Energy:	0.0003 kWh
	CO2eq:	0.0323 g
	0.0003 km travelled by car
	Time:	0:00:12
	Energy:	0.0003 kWh
	CO2eq:	0.0323 g
	0.0003 km travelled by car
___backprop com 24 Treads_concluida___
___backprop com 26 Treads___
Tempo total: 12107.191 ms
	Time:	0:00:12
	Energy:	0.0003 kWh
	CO2eq:	0.0326 g
	0.0003 km travelled by car
	Time:	0:00:12
	Energy:	0.0003 kWh
	CO2eq:	0.0326 g
	0.0003 km travelled by car
___backprop com 26 Treads_concluida___
___backprop com 28 Treads___
Tempo total: 12116.454 ms
	Time:	0:00:12
	Energy:	0.0003 kWh
	CO2eq:	0.0325 g
	0.0003 km travelled by car
	Time:	0:00:12
	Energy:	0.0003 kWh
	CO2eq:	0.0325 g
	0.0003 km travelled by car
___backprop com 28 Treads_concluida___
___backprop com 30 Treads___
Tempo total: 12128.316 ms
	Time:	0:00:12
	Energy:	0.0003 kWh
	CO2eq:	0.0327 g
	0.0003 km travelled by car
	Time:	0:00:12
	Energy:	0.0003 kWh
	CO2eq:	0.0327 g
	0.0003 km travelled by car
___backprop com 30 Treads_concluida___
___backprop com 32 Treads___
Tempo total: 12201.626 ms
	Time:	0:00:12
	Energy:	0.0003 kWh
	CO2eq:	0.0328 g
	0.0003 km travelled by car
	Time:	0:00:12
	Energy:	0.0003 kWh
	CO2eq:	0.0328 g
	0.0003 km travelled by car
___backprop com 32 Treads_concluida___
___Fim de backprop___:

Start -> cfd
compilando cfd...
rm -f euler3d_cpu
rm -f euler3d_cpu_offload
rm -f euler3d_cpu_double
rm -f pre_euler3d_cpu
rm -f pre_euler3d_cpu_double
g++ -O3 -Dblock_length=8 -fopenmp euler3d_cpu.cpp -o euler3d_cpu
g++ -O3 -Dblock_length=8 -fopenmp euler3d_cpu_double.cpp -o euler3d_cpu_double
g++ -O3 -Dblock_length=8 -fopenmp pre_euler3d_cpu.cpp -o pre_euler3d_cpu
g++ -O3 -Dblock_length=8 -fopenmp pre_euler3d_cpu_double.cpp -o pre_euler3d_cpu_double
icc -g -O3 -DOMP_OFFLOAD -Dblock_length=216 -fopenmp -offload-option,mic,compiler,"-no-opt-prefetch" euler3d_cpu.cpp -o euler3d_cpu_offload
___Executando cfd___:
___cfd com 2 Treads___
Compute time: 44.7067
Tempo total: 45427.483 ms
	Time:	0:00:45
	Energy:	0.0013 kWh
	CO2eq:	0.1233 g
	0.0011 km travelled by car
	Time:	0:00:45
	Energy:	0.0013 kWh
	CO2eq:	0.1233 g
	0.0011 km travelled by car
___cfd com 2 Treads_concluida___
___cfd com 4 Treads___
Compute time: 22.4593
Tempo total: 23178.254 ms
	Time:	0:00:23
	Energy:	0.0009 kWh
	CO2eq:	0.0847 g
	0.0008 km travelled by car
	Time:	0:00:23
	Energy:	0.0009 kWh
	CO2eq:	0.0847 g
	0.0008 km travelled by car
___cfd com 4 Treads_concluida___
___cfd com 6 Treads___
Compute time: 15.0348
Tempo total: 15757.547 ms
	Time:	0:00:16
	Energy:	0.0007 kWh
	CO2eq:	0.0721 g
	0.0007 km travelled by car
	Time:	0:00:16
	Energy:	0.0007 kWh
	CO2eq:	0.0721 g
	0.0007 km travelled by car
___cfd com 6 Treads_concluida___
___cfd com 8 Treads___
Compute time: 11.4494
Tempo total: 12172.409 ms
	Time:	0:00:12
	Energy:	0.0007 kWh
	CO2eq:	0.0657 g
	0.0006 km travelled by car
	Time:	0:00:12
	Energy:	0.0007 kWh
	CO2eq:	0.0657 g
	0.0006 km travelled by car
___cfd com 8 Treads_concluida___
___cfd com 10 Treads___
Compute time: 9.21635
Tempo total: 9937.478 ms
	Time:	0:00:10
	Energy:	0.0006 kWh
	CO2eq:	0.0614 g
	0.0006 km travelled by car
	Time:	0:00:10
	Energy:	0.0006 kWh
	CO2eq:	0.0614 g
	0.0006 km travelled by car
___cfd com 10 Treads_concluida___
___cfd com 12 Treads___
Compute time: 7.66815
Tempo total: 8387.335 ms
	Time:	0:00:08
	Energy:	0.0006 kWh
	CO2eq:	0.0589 g
	0.0005 km travelled by car
	Time:	0:00:08
	Energy:	0.0006 kWh
	CO2eq:	0.0589 g
	0.0005 km travelled by car
___cfd com 12 Treads_concluida___
___cfd com 14 Treads___
Compute time: 6.56485
Tempo total: 7284.702 ms
	Time:	0:00:07
	Energy:	0.0006 kWh
	CO2eq:	0.0556 g
	0.0005 km travelled by car
	Time:	0:00:07
	Energy:	0.0006 kWh
	CO2eq:	0.0556 g
	0.0005 km travelled by car
___cfd com 14 Treads_concluida___
___cfd com 16 Treads___
Compute time: 5.77974
Tempo total: 6515.346 ms
	Time:	0:00:07
	Energy:	0.0006 kWh
	CO2eq:	0.0547 g
	0.0005 km travelled by car
	Time:	0:00:07
	Energy:	0.0006 kWh
	CO2eq:	0.0547 g
	0.0005 km travelled by car
___cfd com 16 Treads_concluida___
___cfd com 18 Treads___
Compute time: 6.00554
Tempo total: 6726.025 ms
	Time:	0:00:07
	Energy:	0.0006 kWh
	CO2eq:	0.0567 g
	0.0005 km travelled by car
	Time:	0:00:07
	Energy:	0.0006 kWh
	CO2eq:	0.0567 g
	0.0005 km travelled by car
___cfd com 18 Treads_concluida___
___cfd com 20 Treads___
Compute time: 5.49935
Tempo total: 6223.021 ms
	Time:	0:00:06
	Energy:	0.0006 kWh
	CO2eq:	0.0553 g
	0.0005 km travelled by car
	Time:	0:00:06
	Energy:	0.0006 kWh
	CO2eq:	0.0553 g
	0.0005 km travelled by car
___cfd com 20 Treads_concluida___
___cfd com 22 Treads___
Compute time: 5.03644
Tempo total: 5758.698 ms
	Time:	0:00:06
	Energy:	0.0005 kWh
	CO2eq:	0.0540 g
	0.0005 km travelled by car
	Time:	0:00:06
	Energy:	0.0005 kWh
	CO2eq:	0.0540 g
	0.0005 km travelled by car
___cfd com 22 Treads_concluida___
___cfd com 24 Treads___
Compute time: 4.60485
Tempo total: 5329.167 ms
	Time:	0:00:05
	Energy:	0.0005 kWh
	CO2eq:	0.0514 g
	0.0005 km travelled by car
	Time:	0:00:05
	Energy:	0.0005 kWh
	CO2eq:	0.0514 g
	0.0005 km travelled by car
___cfd com 24 Treads_concluida___
___cfd com 26 Treads___
Compute time: 4.29306
Tempo total: 5017.967 ms
	Time:	0:00:05
	Energy:	0.0005 kWh
	CO2eq:	0.0463 g
	0.0004 km travelled by car
	Time:	0:00:05
	Energy:	0.0005 kWh
	CO2eq:	0.0463 g
	0.0004 km travelled by car
___cfd com 26 Treads_concluida___
___cfd com 28 Treads___
Compute time: 3.98026
Tempo total: 4702.898 ms
	Time:	0:00:05
	Energy:	0.0005 kWh
	CO2eq:	0.0485 g
	0.0005 km travelled by car
	Time:	0:00:05
	Energy:	0.0005 kWh
	CO2eq:	0.0485 g
	0.0005 km travelled by car
___cfd com 28 Treads_concluida___
___cfd com 30 Treads___
Compute time: 3.75962
Tempo total: 4488.498 ms
	Time:	0:00:04
	Energy:	0.0005 kWh
	CO2eq:	0.2349 g
	0.0022 km travelled by car
	Time:	0:00:04
	Energy:	0.0005 kWh
	CO2eq:	0.2349 g
	0.0022 km travelled by car
___cfd com 30 Treads_concluida___
___cfd com 32 Treads___
Compute time: 3.54972
Tempo total: 4273.581 ms
	Time:	0:00:04
	Energy:	0.0005 kWh
	CO2eq:	0.2319 g
	0.0022 km travelled by car
	Time:	0:00:04
	Energy:	0.0005 kWh
	CO2eq:	0.2319 g
	0.0022 km travelled by car
___cfd com 32 Treads_concluida___
___Fim de cfd___:

Start -> srad
compilando srad...
cd srad_v1; 	make clean
make[1]: Entering directory '/scratch/acsilveira/rodinia_novos/openmp/srad/srad_v1'
rm *.o srad
make[1]: Leaving directory '/scratch/acsilveira/rodinia_novos/openmp/srad/srad_v1'
cd srad_v2; 	make clean
make[1]: Entering directory '/scratch/acsilveira/rodinia_novos/openmp/srad/srad_v2'
rm -f srad
make[1]: Leaving directory '/scratch/acsilveira/rodinia_novos/openmp/srad/srad_v2'
cd srad_v1; 	make
make[1]: Entering directory '/scratch/acsilveira/rodinia_novos/openmp/srad/srad_v1'
gcc	main.c \
		-c -O3 -fopenmp
gcc	main.o \
		-lm -fopenmp -o srad
make[1]: Leaving directory '/scratch/acsilveira/rodinia_novos/openmp/srad/srad_v1'
cd srad_v2; 	make
make[1]: Entering directory '/scratch/acsilveira/rodinia_novos/openmp/srad/srad_v2'
g++ -g -fopenmp -O2 -lm srad.cpp -o srad 
make[1]: Leaving directory '/scratch/acsilveira/rodinia_novos/openmp/srad/srad_v2'
___Executando srad___:
___srad com 2 Treads___
Tempo total: 41133.200 ms
	Time:	0:00:41
	Energy:	0.0011 kWh
	CO2eq:	0.5336 g
	0.0050 km travelled by car
	Time:	0:00:41
	Energy:	0.0011 kWh
	CO2eq:	0.5336 g
	0.0050 km travelled by car
___srad com 2 Treads_concluida___
___srad com 4 Treads___
Tempo total: 19764.680 ms
	Time:	0:00:20
	Energy:	0.0007 kWh
	CO2eq:	0.3391 g
	0.0032 km travelled by car
	Time:	0:00:20
	Energy:	0.0007 kWh
	CO2eq:	0.3391 g
	0.0032 km travelled by car
___srad com 4 Treads_concluida___
___srad com 6 Treads___
Tempo total: 14250.964 ms
	Time:	0:00:14
	Energy:	0.0006 kWh
	CO2eq:	0.2993 g
	0.0028 km travelled by car
	Time:	0:00:14
	Energy:	0.0006 kWh
	CO2eq:	0.2993 g
	0.0028 km travelled by car
___srad com 6 Treads_concluida___
___srad com 8 Treads___
Tempo total: 11559.699 ms
	Time:	0:00:12
	Energy:	0.0006 kWh
	CO2eq:	0.2790 g
	0.0026 km travelled by car
	Time:	0:00:12
	Energy:	0.0006 kWh
	CO2eq:	0.2790 g
	0.0026 km travelled by car
___srad com 8 Treads_concluida___
___srad com 10 Treads___
Tempo total: 9842.145 ms
	Time:	0:00:10
	Energy:	0.0006 kWh
	CO2eq:	0.2669 g
	0.0025 km travelled by car
	Time:	0:00:10
	Energy:	0.0006 kWh
	CO2eq:	0.2669 g
	0.0025 km travelled by car
___srad com 10 Treads_concluida___
___srad com 12 Treads___
Tempo total: 8877.225 ms
	Time:	0:00:09
	Energy:	0.0006 kWh
	CO2eq:	0.2655 g
	0.0025 km travelled by car
	Time:	0:00:09
	Energy:	0.0005 kWh
	CO2eq:	0.2607 g
	0.0024 km travelled by car
___srad com 12 Treads_concluida___
___srad com 14 Treads___
Tempo total: 8493.036 ms
	Time:	0:00:08
	Energy:	0.0006 kWh
	CO2eq:	0.2739 g
	0.0025 km travelled by car
	Time:	0:00:08
	Energy:	0.0006 kWh
	CO2eq:	0.2739 g
	0.0025 km travelled by car
___srad com 14 Treads_concluida___
___srad com 16 Treads___
Tempo total: 8394.959 ms
	Time:	0:00:08
	Energy:	0.0006 kWh
	CO2eq:	0.2874 g
	0.0027 km travelled by car
	Time:	0:00:08
	Energy:	0.0006 kWh
	CO2eq:	0.2874 g
	0.0027 km travelled by car
___srad com 16 Treads_concluida___
___srad com 18 Treads___
Tempo total: 8608.054 ms
	Time:	0:00:09
	Energy:	0.0006 kWh
	CO2eq:	0.3045 g
	0.0028 km travelled by car
	Time:	0:00:09
	Energy:	0.0006 kWh
	CO2eq:	0.3045 g
	0.0028 km travelled by car
___srad com 18 Treads_concluida___
___srad com 20 Treads___
Tempo total: 10686.089 ms
	Time:	0:00:11
	Energy:	0.0008 kWh
	CO2eq:	0.3617 g
	0.0034 km travelled by car
	Time:	0:00:11
	Energy:	0.0008 kWh
	CO2eq:	0.3617 g
	0.0034 km travelled by car
___srad com 20 Treads_concluida___
___srad com 22 Treads___
Tempo total: 10335.503 ms
	Time:	0:00:10
	Energy:	0.0008 kWh
	CO2eq:	0.3640 g
	0.0034 km travelled by car
	Time:	0:00:10
	Energy:	0.0008 kWh
	CO2eq:	0.3640 g
	0.0034 km travelled by car
___srad com 22 Treads_concluida___
___srad com 24 Treads___
Tempo total: 9814.235 ms
	Time:	0:00:10
	Energy:	0.0007 kWh
	CO2eq:	0.3594 g
	0.0033 km travelled by car
	Time:	0:00:10
	Energy:	0.0007 kWh
	CO2eq:	0.3594 g
	0.0033 km travelled by car
___srad com 24 Treads_concluida___
___srad com 26 Treads___
Tempo total: 9610.328 ms
	Time:	0:00:10
	Energy:	0.0008 kWh
	CO2eq:	0.3652 g
	0.0034 km travelled by car
	Time:	0:00:10
	Energy:	0.0008 kWh
	CO2eq:	0.3652 g
	0.0034 km travelled by car
___srad com 26 Treads_concluida___
___srad com 28 Treads___
Tempo total: 9354.885 ms
	Time:	0:00:09
	Energy:	0.0008 kWh
	CO2eq:	0.3666 g
	0.0034 km travelled by car
	Time:	0:00:09
	Energy:	0.0008 kWh
	CO2eq:	0.3666 g
	0.0034 km travelled by car
___srad com 28 Treads_concluida___
___srad com 30 Treads___
Tempo total: 9300.561 ms
	Time:	0:00:09
	Energy:	0.0008 kWh
	CO2eq:	0.3775 g
	0.0035 km travelled by car
	Time:	0:00:09
	Energy:	0.0008 kWh
	CO2eq:	0.3775 g
	0.0035 km travelled by car
___srad com 30 Treads_concluida___
___srad com 32 Treads___
Tempo total: 9258.214 ms
	Time:	0:00:09
	Energy:	0.0008 kWh
	CO2eq:	0.3845 g
	0.0036 km travelled by car
	Time:	0:00:09
	Energy:	0.0008 kWh
	CO2eq:	0.3845 g
	0.0036 km travelled by car
___srad com 32 Treads_concluida___
___Fim de srad___:

