Numero de CPUs logicos (threads): 32
Numero de núcleos fisicos: 24
Start -> kmeans
compilando kmeans...
cd kmeans_serial; make clean
make[1]: Entering directory '/scratch/acsilveira/rodinia_novos/openmp/kmeans/kmeans_serial'
rm -f *.o *~ kmeans 
make[1]: Leaving directory '/scratch/acsilveira/rodinia_novos/openmp/kmeans/kmeans_serial'
cd kmeans_openmp; make clean
make[1]: Entering directory '/scratch/acsilveira/rodinia_novos/openmp/kmeans/kmeans_openmp'
rm -f *.o *~ kmeans 
make[1]: Leaving directory '/scratch/acsilveira/rodinia_novos/openmp/kmeans/kmeans_openmp'
cd kmeans_openmp; make
make[1]: Entering directory '/scratch/acsilveira/rodinia_novos/openmp/kmeans/kmeans_openmp'
gcc -g -fopenmp -O2  cluster.c -c
gcc -g -fopenmp -O2  getopt.c -c
gcc -g -fopenmp -O2  kmeans.c -c
gcc -g -fopenmp -O2  kmeans_clustering.c -c
gcc -g -fopenmp -O2  cluster.o getopt.o kmeans.o kmeans_clustering.o  -o kmeans
make[1]: Leaving directory '/scratch/acsilveira/rodinia_novos/openmp/kmeans/kmeans_openmp'
cd kmeans_serial; make
make[1]: Entering directory '/scratch/acsilveira/rodinia_novos/openmp/kmeans/kmeans_serial'
gcc -g -fopenmp -O2  cluster.c -c
gcc -g -fopenmp -O2  getopt.c -c
gcc -g -fopenmp -O2  kmeans.c -c
gcc -g -fopenmp -O2  kmeans_clustering.c -c
gcc -g -fopenmp -O2  cluster.o getopt.o kmeans.o kmeans_clustering.o  -o kmeans
make[1]: Leaving directory '/scratch/acsilveira/rodinia_novos/openmp/kmeans/kmeans_serial'
___Executando kmeans___:
___kmeans com 2 Treads___
Time for process: 118.324938
Tempo total: 118656.123 ms
	Time:	0:01:59
	Energy:	0.0033 kWh
	CO2eq:	0.3260 g
	0.0030 km travelled by car
	Time:	0:01:59
	Energy:	0.0033 kWh
	CO2eq:	0.3260 g
	0.0030 km travelled by car
___kmeans com 2 Treads_concluida___
___kmeans com 4 Treads___
Time for process: 59.680934
Tempo total: 60011.045 ms
	Time:	0:01:00
	Energy:	0.0021 kWh
	CO2eq:	0.2099 g
	0.0020 km travelled by car
	Time:	0:01:00
	Energy:	0.0021 kWh
	CO2eq:	0.2099 g
	0.0020 km travelled by car
___kmeans com 4 Treads_concluida___
___kmeans com 6 Treads___
Time for process: 39.471199
Tempo total: 39802.816 ms
	Time:	0:00:40
	Energy:	0.0018 kWh
	CO2eq:	0.1728 g
	0.0016 km travelled by car
	Time:	0:00:40
	Energy:	0.0018 kWh
	CO2eq:	0.1728 g
	0.0016 km travelled by car
___kmeans com 6 Treads_concluida___
___kmeans com 8 Treads___
Time for process: 29.220841
Tempo total: 29551.392 ms
	Time:	0:00:30
	Energy:	0.0015 kWh
	CO2eq:	0.1504 g
	0.0014 km travelled by car
	Time:	0:00:30
	Energy:	0.0015 kWh
	CO2eq:	0.1504 g
	0.0014 km travelled by car
___kmeans com 8 Treads_concluida___
___kmeans com 10 Treads___
Time for process: 23.654341
Tempo total: 23985.322 ms
	Time:	0:00:24
	Energy:	0.0014 kWh
	CO2eq:	0.6857 g
	0.0064 km travelled by car
	Time:	0:00:24
	Energy:	0.0014 kWh
	CO2eq:	0.6857 g
	0.0064 km travelled by car
___kmeans com 10 Treads_concluida___
___kmeans com 12 Treads___
Time for process: 19.559541
Tempo total: 19891.391 ms
	Time:	0:00:20
	Energy:	0.0014 kWh
	CO2eq:	0.6511 g
	0.0061 km travelled by car
	Time:	0:00:20
	Energy:	0.0014 kWh
	CO2eq:	0.6511 g
	0.0061 km travelled by car
___kmeans com 12 Treads_concluida___
___kmeans com 14 Treads___
Time for process: 16.963028
Tempo total: 17293.593 ms
	Time:	0:00:17
	Energy:	0.0013 kWh
	CO2eq:	0.6247 g
	0.0058 km travelled by car
	Time:	0:00:17
	Energy:	0.0013 kWh
	CO2eq:	0.6247 g
	0.0058 km travelled by car
___kmeans com 14 Treads_concluida___
___kmeans com 16 Treads___
Time for process: 14.994232
Tempo total: 15329.878 ms
	Time:	0:00:15
	Energy:	0.0013 kWh
	CO2eq:	0.6163 g
	0.0057 km travelled by car
	Time:	0:00:15
	Energy:	0.0013 kWh
	CO2eq:	0.6163 g
	0.0057 km travelled by car
___kmeans com 16 Treads_concluida___
___kmeans com 18 Treads___
Time for process: 13.141362
Tempo total: 13474.042 ms
	Time:	0:00:13
	Energy:	0.0012 kWh
	CO2eq:	0.5790 g
	0.0054 km travelled by car
	Time:	0:00:13
	Energy:	0.0012 kWh
	CO2eq:	0.5790 g
	0.0054 km travelled by car
___kmeans com 18 Treads_concluida___
___kmeans com 20 Treads___
Time for process: 11.925977
Tempo total: 12256.950 ms
	Time:	0:00:12
	Energy:	0.0012 kWh
	CO2eq:	0.5635 g
	0.0052 km travelled by car
	Time:	0:00:12
	Energy:	0.0012 kWh
	CO2eq:	0.5635 g
	0.0052 km travelled by car
___kmeans com 20 Treads_concluida___
___kmeans com 22 Treads___
Time for process: 10.857083
Tempo total: 11187.733 ms
	Time:	0:00:11
	Energy:	0.0011 kWh
	CO2eq:	0.5451 g
	0.0051 km travelled by car
	Time:	0:00:11
	Energy:	0.0011 kWh
	CO2eq:	0.5451 g
	0.0051 km travelled by car
___kmeans com 22 Treads_concluida___
___kmeans com 24 Treads___
Time for process: 9.559192
Tempo total: 9891.584 ms
	Time:	0:00:10
	Energy:	0.0011 kWh
	CO2eq:	0.5135 g
	0.0048 km travelled by car
	Time:	0:00:10
	Energy:	0.0011 kWh
	CO2eq:	0.5135 g
	0.0048 km travelled by car
___kmeans com 24 Treads_concluida___
___kmeans com 26 Treads___
Time for process: 9.249068
Tempo total: 9580.392 ms
	Time:	0:00:10
	Energy:	0.0011 kWh
	CO2eq:	0.5238 g
	0.0049 km travelled by car
	Time:	0:00:10
	Energy:	0.0011 kWh
	CO2eq:	0.5238 g
	0.0049 km travelled by car
___kmeans com 26 Treads_concluida___
___kmeans com 28 Treads___
Time for process: 8.435374
Tempo total: 8766.435 ms
	Time:	0:00:09
	Energy:	0.0010 kWh
	CO2eq:	0.4954 g
	0.0046 km travelled by car
	Time:	0:00:09
	Energy:	0.0010 kWh
	CO2eq:	0.4954 g
	0.0046 km travelled by car
___kmeans com 28 Treads_concluida___
___kmeans com 30 Treads___
Time for process: 7.990315
Tempo total: 8321.744 ms
	Time:	0:00:08
	Energy:	0.0010 kWh
	CO2eq:	0.4954 g
	0.0046 km travelled by car
	Time:	0:00:08
	Energy:	0.0010 kWh
	CO2eq:	0.4954 g
	0.0046 km travelled by car
___kmeans com 30 Treads_concluida___
___kmeans com 32 Treads___
Time for process: 7.461411
Tempo total: 7794.365 ms
	Time:	0:00:08
	Energy:	0.0010 kWh
	CO2eq:	0.4881 g
	0.0045 km travelled by car
	Time:	0:00:08
	Energy:	0.0010 kWh
	CO2eq:	0.4881 g
	0.0045 km travelled by car
___kmeans com 32 Treads_concluida___
___Fim de kmeans___:

Start -> leukocyte
compilando leukocyte...
cd OpenMP; make clean
make[1]: Entering directory '/scratch/acsilveira/rodinia_novos/openmp/leukocyte/OpenMP'
rm -f *.o leukocyte
make[1]: Leaving directory '/scratch/acsilveira/rodinia_novos/openmp/leukocyte/OpenMP'
rm -f meschach_lib/meschach.a
cd OpenMP; make
make[1]: Entering directory '/scratch/acsilveira/rodinia_novos/openmp/leukocyte/OpenMP'
gcc  -g -O3 -Wall -fopenmp -I../meschach_lib detect_main.c -c
gcc  -g -O3 -Wall -fopenmp -I../meschach_lib avilib.c -c
gcc  -g -O3 -Wall -fopenmp -I../meschach_lib find_ellipse.c -c
gcc  -g -O3 -Wall -fopenmp -I../meschach_lib track_ellipse.c -c
gcc  -g -O3 -Wall -fopenmp -I../meschach_lib misc_math.c -c
cd ../meschach_lib; ./configure --with-all; make all; make clean
make[2]: Entering directory '/scratch/acsilveira/rodinia_novos/openmp/leukocyte/meschach_lib'
cc -c -O -DHAVE_CONFIG_H copy.c
cc -c -O -DHAVE_CONFIG_H err.c
cc -c -O -DHAVE_CONFIG_H matrixio.c
cc -c -O -DHAVE_CONFIG_H memory.c
cc -c -O -DHAVE_CONFIG_H vecop.c
cc -c -O -DHAVE_CONFIG_H matop.c
cc -c -O -DHAVE_CONFIG_H pxop.c
cc -c -O -DHAVE_CONFIG_H submat.c
cc -c -O -DHAVE_CONFIG_H init.c
cc -c -O -DHAVE_CONFIG_H otherio.c
cc -c -O -DHAVE_CONFIG_H machine.c
cc -c -O -DHAVE_CONFIG_H matlab.c
cc -c -O -DHAVE_CONFIG_H ivecop.c
cc -c -O -DHAVE_CONFIG_H version.c
cc -c -O -DHAVE_CONFIG_H meminfo.c
cc -c -O -DHAVE_CONFIG_H memstat.c
ar ru meschach.a copy.o err.o matrixio.o memory.o vecop.o matop.o pxop.o submat.o init.o otherio.o machine.o matlab.o ivecop.o version.o meminfo.o memstat.o; ranlib meschach.a
cc -c -O -DHAVE_CONFIG_H lufactor.c
cc -c -O -DHAVE_CONFIG_H bkpfacto.c
cc -c -O -DHAVE_CONFIG_H chfactor.c
cc -c -O -DHAVE_CONFIG_H qrfactor.c
cc -c -O -DHAVE_CONFIG_H solve.c
cc -c -O -DHAVE_CONFIG_H hsehldr.c
cc -c -O -DHAVE_CONFIG_H givens.c
cc -c -O -DHAVE_CONFIG_H update.c
cc -c -O -DHAVE_CONFIG_H norm.c
cc -c -O -DHAVE_CONFIG_H hessen.c
cc -c -O -DHAVE_CONFIG_H symmeig.c
cc -c -O -DHAVE_CONFIG_H schur.c
cc -c -O -DHAVE_CONFIG_H svd.c
cc -c -O -DHAVE_CONFIG_H fft.c
cc -c -O -DHAVE_CONFIG_H mfunc.c
cc -c -O -DHAVE_CONFIG_H bdfactor.c
ar ru meschach.a lufactor.o bkpfacto.o chfactor.o qrfactor.o solve.o hsehldr.o givens.o update.o norm.o hessen.o symmeig.o schur.o svd.o fft.o mfunc.o bdfactor.o; ranlib meschach.a
cc -c -O -DHAVE_CONFIG_H sparse.c
cc -c -O -DHAVE_CONFIG_H sprow.c
cc -c -O -DHAVE_CONFIG_H sparseio.c
cc -c -O -DHAVE_CONFIG_H spchfctr.c
cc -c -O -DHAVE_CONFIG_H splufctr.c
cc -c -O -DHAVE_CONFIG_H spbkp.c
cc -c -O -DHAVE_CONFIG_H spswap.c
cc -c -O -DHAVE_CONFIG_H iter0.c
cc -c -O -DHAVE_CONFIG_H itersym.c
cc -c -O -DHAVE_CONFIG_H iternsym.c
ar ru meschach.a sparse.o sprow.o sparseio.o spchfctr.o splufctr.o spbkp.o spswap.o iter0.o itersym.o iternsym.o; ranlib meschach.a
cc -c -O -DHAVE_CONFIG_H zmachine.c
cc -c -O -DHAVE_CONFIG_H zcopy.c
cc -c -O -DHAVE_CONFIG_H zmatio.c
cc -c -O -DHAVE_CONFIG_H zmemory.c
cc -c -O -DHAVE_CONFIG_H zvecop.c
cc -c -O -DHAVE_CONFIG_H zmatop.c
cc -c -O -DHAVE_CONFIG_H znorm.c
cc -c -O -DHAVE_CONFIG_H zfunc.c
ar ru meschach.a zmachine.o zcopy.o zmatio.o zmemory.o zvecop.o zmatop.o znorm.o zfunc.o ; ranlib meschach.a
cc -c -O -DHAVE_CONFIG_H zlufctr.c
cc -c -O -DHAVE_CONFIG_H zsolve.c
cc -c -O -DHAVE_CONFIG_H zmatlab.c
cc -c -O -DHAVE_CONFIG_H zhsehldr.c
cc -c -O -DHAVE_CONFIG_H zqrfctr.c
cc -c -O -DHAVE_CONFIG_H zgivens.c
cc -c -O -DHAVE_CONFIG_H zhessen.c
cc -c -O -DHAVE_CONFIG_H zschur.c
ar ru meschach.a zlufctr.o zsolve.o zmatlab.o zhsehldr.o zqrfctr.o zgivens.o  zhessen.o zschur.o; ranlib meschach.a
make[2]: Leaving directory '/scratch/acsilveira/rodinia_novos/openmp/leukocyte/meschach_lib'
make[2]: Entering directory '/scratch/acsilveira/rodinia_novos/openmp/leukocyte/meschach_lib'
/bin/rm -f *.o core asx5213a.mat iotort.dat 
make[2]: Leaving directory '/scratch/acsilveira/rodinia_novos/openmp/leukocyte/meschach_lib'
gcc -g -O3 -Wall -fopenmp -I../meschach_lib -lm avilib.o find_ellipse.o track_ellipse.o misc_math.o detect_main.o -o leukocyte -lm ../meschach_lib/meschach.a -lpthread
make[1]: Leaving directory '/scratch/acsilveira/rodinia_novos/openmp/leukocyte/OpenMP'
___Executando leukocyte___:
___leukocyte com 2 Treads___
Total application run time: 292.39630 seconds
Tempo total: 292455.347 ms
	Time:	0:04:52
	Energy:	0.0086 kWh
	CO2eq:	4.1217 g
	0.0383 km travelled by car
	Time:	0:04:52
	Energy:	0.0086 kWh
	CO2eq:	4.1217 g
	0.0383 km travelled by car
___leukocyte com 2 Treads_concluida___
___leukocyte com 4 Treads___
Total application run time: 154.91458 seconds
Tempo total: 154976.071 ms
	Time:	0:02:35
	Energy:	0.0060 kWh
	CO2eq:	2.9006 g
	0.0270 km travelled by car
	Time:	0:02:35
	Energy:	0.0060 kWh
	CO2eq:	2.8985 g
	0.0270 km travelled by car
___leukocyte com 4 Treads_concluida___
___leukocyte com 6 Treads___
Total application run time: 104.68407 seconds
Tempo total: 104745.587 ms
	Time:	0:01:45
	Energy:	0.0051 kWh
	CO2eq:	2.4746 g
	0.0230 km travelled by car
	Time:	0:01:45
	Energy:	0.0051 kWh
	CO2eq:	2.4746 g
	0.0230 km travelled by car
___leukocyte com 6 Treads_concluida___
___leukocyte com 8 Treads___
Total application run time: 89.82305 seconds
Tempo total: 89884.995 ms
	Time:	0:01:30
	Energy:	0.0049 kWh
	CO2eq:	2.3343 g
	0.0217 km travelled by car
	Time:	0:01:30
	Energy:	0.0049 kWh
	CO2eq:	2.3343 g
	0.0217 km travelled by car
___leukocyte com 8 Treads_concluida___
___leukocyte com 10 Treads___
Total application run time: 71.91597 seconds
Tempo total: 71978.026 ms
	Time:	0:01:12
	Energy:	0.0045 kWh
	CO2eq:	2.1807 g
	0.0203 km travelled by car
	Time:	0:01:12
	Energy:	0.0045 kWh
	CO2eq:	2.1807 g
	0.0203 km travelled by car
___leukocyte com 10 Treads_concluida___
___leukocyte com 12 Treads___
Total application run time: 54.98323 seconds
Tempo total: 55045.821 ms
	Time:	0:00:55
	Energy:	0.0042 kWh
	CO2eq:	2.0322 g
	0.0189 km travelled by car
	Time:	0:00:55
	Energy:	0.0042 kWh
	CO2eq:	2.0322 g
	0.0189 km travelled by car
___leukocyte com 12 Treads_concluida___
___leukocyte com 14 Treads___
Total application run time: 54.33919 seconds
Tempo total: 54403.153 ms
	Time:	0:00:54
	Energy:	0.0042 kWh
	CO2eq:	2.0345 g
	0.0189 km travelled by car
	Time:	0:00:54
	Energy:	0.0042 kWh
	CO2eq:	2.0345 g
	0.0189 km travelled by car
___leukocyte com 14 Treads_concluida___
___leukocyte com 16 Treads___
Total application run time: 53.91540 seconds
Tempo total: 53978.337 ms
	Time:	0:00:54
	Energy:	0.0042 kWh
	CO2eq:	2.0114 g
	0.0187 km travelled by car
	Time:	0:00:54
	Energy:	0.0042 kWh
	CO2eq:	2.0114 g
	0.0187 km travelled by car
___leukocyte com 16 Treads_concluida___
___leukocyte com 18 Treads___
Total application run time: 39.99083 seconds
Tempo total: 40054.296 ms
	Time:	0:00:40
	Energy:	0.0039 kWh
	CO2eq:	1.8686 g
	0.0174 km travelled by car
	Time:	0:00:40
	Energy:	0.0039 kWh
	CO2eq:	1.8686 g
	0.0174 km travelled by car
___leukocyte com 18 Treads_concluida___
___leukocyte com 20 Treads___
Total application run time: 37.67810 seconds
Tempo total: 37741.478 ms
	Time:	0:00:38
	Energy:	0.0038 kWh
	CO2eq:	1.8350 g
	0.0171 km travelled by car
	Time:	0:00:38
	Energy:	0.0038 kWh
	CO2eq:	1.8350 g
	0.0171 km travelled by car
___leukocyte com 20 Treads_concluida___
___leukocyte com 22 Treads___
Total application run time: 37.76357 seconds
Tempo total: 37827.065 ms
	Time:	0:00:38
	Energy:	0.0038 kWh
	CO2eq:	1.8150 g
	0.0169 km travelled by car
	Time:	0:00:38
	Energy:	0.0038 kWh
	CO2eq:	1.8150 g
	0.0169 km travelled by car
___leukocyte com 22 Treads_concluida___
___leukocyte com 24 Treads___
Total application run time: 37.82841 seconds
Tempo total: 37892.505 ms
	Time:	0:00:38
	Energy:	0.0037 kWh
	CO2eq:	1.7973 g
	0.0167 km travelled by car
	Time:	0:00:38
	Energy:	0.0037 kWh
	CO2eq:	1.7973 g
	0.0167 km travelled by car
___leukocyte com 24 Treads_concluida___
___leukocyte com 26 Treads___
Total application run time: 37.92098 seconds
Tempo total: 37985.627 ms
	Time:	0:00:38
	Energy:	0.0037 kWh
	CO2eq:	1.7838 g
	0.0166 km travelled by car
	Time:	0:00:38
	Energy:	0.0037 kWh
	CO2eq:	1.7838 g
	0.0166 km travelled by car
___leukocyte com 26 Treads_concluida___
___leukocyte com 28 Treads___
Total application run time: 37.89930 seconds
Tempo total: 37964.695 ms
	Time:	0:00:38
	Energy:	0.0037 kWh
	CO2eq:	1.7644 g
	0.0164 km travelled by car
	Time:	0:00:38
	Energy:	0.0037 kWh
	CO2eq:	1.7644 g
	0.0164 km travelled by car
___leukocyte com 28 Treads_concluida___
___leukocyte com 30 Treads___
Total application run time: 37.18734 seconds
Tempo total: 37255.428 ms
	Time:	0:00:37
	Energy:	0.0036 kWh
	CO2eq:	1.7346 g
	0.0161 km travelled by car
	Time:	0:00:37
	Energy:	0.0036 kWh
	CO2eq:	1.7346 g
	0.0161 km travelled by car
___leukocyte com 30 Treads_concluida___
___leukocyte com 32 Treads___
Total application run time: 36.64098 seconds
Tempo total: 36707.396 ms
	Time:	0:00:37
	Energy:	0.0035 kWh
	CO2eq:	1.6897 g
	0.0157 km travelled by car
	Time:	0:00:37
	Energy:	0.0035 kWh
	CO2eq:	1.6897 g
	0.0157 km travelled by car
___leukocyte com 32 Treads_concluida___
___Fim de leukocyte___:

Start -> backprop
compilando backprop...
rm -f *.o *~ backprop backprop_cuda.linkinfo
gcc -g -fopenmp  -O2 backprop.c -c
gcc -g -fopenmp  -O2 facetrain.c -c
gcc -g -fopenmp  -O2 imagenet.c -c
gcc -g -fopenmp  -O2 backprop_kernel.c -c
gcc -g -fopenmp  -O2 backprop.o facetrain.o imagenet.o backprop_kernel.o -o backprop -lm
___Executando backprop___:
___backprop com 2 Treads___
Tempo total: 16199.253 ms
	Time:	0:00:16
	Energy:	0.0004 kWh
	CO2eq:	0.1911 g
	0.0018 km travelled by car
	Time:	0:00:16
	Energy:	0.0004 kWh
	CO2eq:	0.1911 g
	0.0018 km travelled by car
___backprop com 2 Treads_concluida___
___backprop com 4 Treads___
Tempo total: 14048.574 ms
	Time:	0:00:14
	Energy:	0.0004 kWh
	CO2eq:	0.1745 g
	0.0016 km travelled by car
	Time:	0:00:14
	Energy:	0.0004 kWh
	CO2eq:	0.1745 g
	0.0016 km travelled by car
___backprop com 4 Treads_concluida___
___backprop com 6 Treads___
Tempo total: 13208.058 ms
	Time:	0:00:13
	Energy:	0.0003 kWh
	CO2eq:	0.1653 g
	0.0015 km travelled by car
	Time:	0:00:13
	Energy:	0.0003 kWh
	CO2eq:	0.1653 g
	0.0015 km travelled by car
___backprop com 6 Treads_concluida___
___backprop com 8 Treads___
Tempo total: 13082.344 ms
	Time:	0:00:13
	Energy:	0.0003 kWh
	CO2eq:	0.1673 g
	0.0016 km travelled by car
	Time:	0:00:13
	Energy:	0.0003 kWh
	CO2eq:	0.1673 g
	0.0016 km travelled by car
___backprop com 8 Treads_concluida___
___backprop com 10 Treads___
Tempo total: 12950.754 ms
	Time:	0:00:13
	Energy:	0.0003 kWh
	CO2eq:	0.1609 g
	0.0015 km travelled by car
	Time:	0:00:13
	Energy:	0.0003 kWh
	CO2eq:	0.1634 g
	0.0015 km travelled by car
___backprop com 10 Treads_concluida___
___backprop com 12 Treads___
Tempo total: 12761.673 ms
	Time:	0:00:13
	Energy:	0.0003 kWh
	CO2eq:	0.1576 g
	0.0015 km travelled by car
	Time:	0:00:13
	Energy:	0.0003 kWh
	CO2eq:	0.1576 g
	0.0015 km travelled by car
___backprop com 12 Treads_concluida___
___backprop com 14 Treads___
Tempo total: 12722.343 ms
	Time:	0:00:13
	Energy:	0.0003 kWh
	CO2eq:	0.1581 g
	0.0015 km travelled by car
	Time:	0:00:13
	Energy:	0.0003 kWh
	CO2eq:	0.1581 g
	0.0015 km travelled by car
___backprop com 14 Treads_concluida___
___backprop com 16 Treads___
Tempo total: 12448.172 ms
	Time:	0:00:12
	Energy:	0.0003 kWh
	CO2eq:	0.1637 g
	0.0015 km travelled by car
	Time:	0:00:12
	Energy:	0.0003 kWh
	CO2eq:	0.1637 g
	0.0015 km travelled by car
___backprop com 16 Treads_concluida___
___backprop com 18 Treads___
Tempo total: 12222.213 ms
	Time:	0:00:12
	Energy:	0.0003 kWh
	CO2eq:	0.1552 g
	0.0014 km travelled by car
	Time:	0:00:12
	Energy:	0.0003 kWh
	CO2eq:	0.1552 g
	0.0014 km travelled by car
___backprop com 18 Treads_concluida___
___backprop com 20 Treads___
Tempo total: 12463.771 ms
	Time:	0:00:12
	Energy:	0.0003 kWh
	CO2eq:	0.1644 g
	0.0015 km travelled by car
	Time:	0:00:12
	Energy:	0.0003 kWh
	CO2eq:	0.1644 g
	0.0015 km travelled by car
___backprop com 20 Treads_concluida___
___backprop com 22 Treads___
Tempo total: 12424.023 ms
	Time:	0:00:12
	Energy:	0.0003 kWh
	CO2eq:	0.1639 g
	0.0015 km travelled by car
	Time:	0:00:12
	Energy:	0.0003 kWh
	CO2eq:	0.1639 g
	0.0015 km travelled by car
___backprop com 22 Treads_concluida___
___backprop com 24 Treads___
Tempo total: 12387.270 ms
	Time:	0:00:12
	Energy:	0.0003 kWh
	CO2eq:	0.1630 g
	0.0015 km travelled by car
	Time:	0:00:12
	Energy:	0.0003 kWh
	CO2eq:	0.1630 g
	0.0015 km travelled by car
___backprop com 24 Treads_concluida___
___backprop com 26 Treads___
Tempo total: 12197.375 ms
	Time:	0:00:12
	Energy:	0.0003 kWh
	CO2eq:	0.1625 g
	0.0015 km travelled by car
	Time:	0:00:12
	Energy:	0.0003 kWh
	CO2eq:	0.1625 g
	0.0015 km travelled by car
___backprop com 26 Treads_concluida___
___backprop com 28 Treads___
Tempo total: 12134.131 ms
	Time:	0:00:12
	Energy:	0.0003 kWh
	CO2eq:	0.1611 g
	0.0015 km travelled by car
	Time:	0:00:12
	Energy:	0.0003 kWh
	CO2eq:	0.1611 g
	0.0015 km travelled by car
___backprop com 28 Treads_concluida___
___backprop com 30 Treads___
Tempo total: 12248.634 ms
	Time:	0:00:12
	Energy:	0.0003 kWh
	CO2eq:	0.1627 g
	0.0015 km travelled by car
	Time:	0:00:12
	Energy:	0.0003 kWh
	CO2eq:	0.1627 g
	0.0015 km travelled by car
___backprop com 30 Treads_concluida___
___backprop com 32 Treads___
Tempo total: 12121.251 ms
	Time:	0:00:12
	Energy:	0.0003 kWh
	CO2eq:	0.1612 g
	0.0015 km travelled by car
	Time:	0:00:12
	Energy:	0.0003 kWh
	CO2eq:	0.1612 g
	0.0015 km travelled by car
___backprop com 32 Treads_concluida___
___Fim de backprop___:

Start -> cfd
compilando cfd...
rm -f euler3d_cpu
rm -f euler3d_cpu_offload
rm -f euler3d_cpu_double
rm -f pre_euler3d_cpu
rm -f pre_euler3d_cpu_double
g++ -O3 -Dblock_length=8 -fopenmp euler3d_cpu.cpp -o euler3d_cpu
g++ -O3 -Dblock_length=8 -fopenmp euler3d_cpu_double.cpp -o euler3d_cpu_double
g++ -O3 -Dblock_length=8 -fopenmp pre_euler3d_cpu.cpp -o pre_euler3d_cpu
g++ -O3 -Dblock_length=8 -fopenmp pre_euler3d_cpu_double.cpp -o pre_euler3d_cpu_double
icc -g -O3 -DOMP_OFFLOAD -Dblock_length=216 -fopenmp -offload-option,mic,compiler,"-no-opt-prefetch" euler3d_cpu.cpp -o euler3d_cpu_offload
___Executando cfd___:
___cfd com 2 Treads___
Compute time: 44.7651
Tempo total: 45485.104 ms
	Time:	0:00:45
	Energy:	0.0013 kWh
	CO2eq:	0.6086 g
	0.0057 km travelled by car
	Time:	0:00:45
	Energy:	0.0013 kWh
	CO2eq:	0.6086 g
	0.0057 km travelled by car
___cfd com 2 Treads_concluida___
___cfd com 4 Treads___
Compute time: 22.4867
Tempo total: 23207.426 ms
	Time:	0:00:23
	Energy:	0.0009 kWh
	CO2eq:	0.4152 g
	0.0039 km travelled by car
	Time:	0:00:23
	Energy:	0.0009 kWh
	CO2eq:	0.4152 g
	0.0039 km travelled by car
___cfd com 4 Treads_concluida___
___cfd com 6 Treads___
Compute time: 14.9978
Tempo total: 15716.125 ms
	Time:	0:00:16
	Energy:	0.0007 kWh
	CO2eq:	0.3551 g
	0.0033 km travelled by car
	Time:	0:00:16
	Energy:	0.0007 kWh
	CO2eq:	0.3551 g
	0.0033 km travelled by car
___cfd com 6 Treads_concluida___
___cfd com 8 Treads___
Compute time: 11.3607
Tempo total: 12081.334 ms
	Time:	0:00:12
	Energy:	0.0007 kWh
	CO2eq:	0.3205 g
	0.0030 km travelled by car
	Time:	0:00:12
	Energy:	0.0007 kWh
	CO2eq:	0.3205 g
	0.0030 km travelled by car
___cfd com 8 Treads_concluida___
___cfd com 10 Treads___
Compute time: 9.19721
Tempo total: 9918.097 ms
	Time:	0:00:10
	Energy:	0.0006 kWh
	CO2eq:	0.0619 g
	0.0006 km travelled by car
	Time:	0:00:10
	Energy:	0.0006 kWh
	CO2eq:	0.0619 g
	0.0006 km travelled by car
___cfd com 10 Treads_concluida___
___cfd com 12 Treads___
Compute time: 7.65835
Tempo total: 8377.452 ms
	Time:	0:00:08
	Energy:	0.0006 kWh
	CO2eq:	0.0589 g
	0.0005 km travelled by car
	Time:	0:00:08
	Energy:	0.0006 kWh
	CO2eq:	0.0589 g
	0.0005 km travelled by car
___cfd com 12 Treads_concluida___
___cfd com 14 Treads___
Compute time: 6.57011
Tempo total: 7289.262 ms
	Time:	0:00:07
	Energy:	0.0006 kWh
	CO2eq:	0.0559 g
	0.0005 km travelled by car
	Time:	0:00:07
	Energy:	0.0006 kWh
	CO2eq:	0.0559 g
	0.0005 km travelled by car
___cfd com 14 Treads_concluida___
___cfd com 16 Treads___
Compute time: 5.78133
Tempo total: 6505.862 ms
	Time:	0:00:07
	Energy:	0.0006 kWh
	CO2eq:	0.0548 g
	0.0005 km travelled by car
	Time:	0:00:07
	Energy:	0.0006 kWh
	CO2eq:	0.0548 g
	0.0005 km travelled by car
___cfd com 16 Treads_concluida___
___cfd com 18 Treads___
Compute time: 5.99329
Tempo total: 6714.705 ms
	Time:	0:00:07
	Energy:	0.0006 kWh
	CO2eq:	0.0567 g
	0.0005 km travelled by car
	Time:	0:00:07
	Energy:	0.0006 kWh
	CO2eq:	0.0567 g
	0.0005 km travelled by car
___cfd com 18 Treads_concluida___
___cfd com 20 Treads___
Compute time: 5.49986
Tempo total: 6220.959 ms
	Time:	0:00:06
	Energy:	0.0006 kWh
	CO2eq:	0.0557 g
	0.0005 km travelled by car
	Time:	0:00:06
	Energy:	0.0006 kWh
	CO2eq:	0.0557 g
	0.0005 km travelled by car
___cfd com 20 Treads_concluida___
___cfd com 22 Treads___
Compute time: 5.02455
Tempo total: 5746.211 ms
	Time:	0:00:06
	Energy:	0.0005 kWh
	CO2eq:	0.0539 g
	0.0005 km travelled by car
	Time:	0:00:06
	Energy:	0.0005 kWh
	CO2eq:	0.0539 g
	0.0005 km travelled by car
___cfd com 22 Treads_concluida___
___cfd com 24 Treads___
Compute time: 4.58864
Tempo total: 5309.274 ms
	Time:	0:00:05
	Energy:	0.0005 kWh
	CO2eq:	0.0512 g
	0.0005 km travelled by car
	Time:	0:00:05
	Energy:	0.0005 kWh
	CO2eq:	0.0512 g
	0.0005 km travelled by car
___cfd com 24 Treads_concluida___
___cfd com 26 Treads___
Compute time: 4.28811
Tempo total: 5009.523 ms
	Time:	0:00:05
	Energy:	0.0005 kWh
	CO2eq:	0.0494 g
	0.0005 km travelled by car
	Time:	0:00:05
	Energy:	0.0005 kWh
	CO2eq:	0.0463 g
	0.0004 km travelled by car
___cfd com 26 Treads_concluida___
___cfd com 28 Treads___
Compute time: 3.99291
Tempo total: 4712.947 ms
	Time:	0:00:05
	Energy:	0.0005 kWh
	CO2eq:	0.0483 g
	0.0004 km travelled by car
	Time:	0:00:05
	Energy:	0.0005 kWh
	CO2eq:	0.0483 g
	0.0004 km travelled by car
___cfd com 28 Treads_concluida___
___cfd com 30 Treads___
Compute time: 3.75889
Tempo total: 4478.953 ms
	Time:	0:00:04
	Energy:	0.0005 kWh
	CO2eq:	0.0480 g
	0.0004 km travelled by car
	Time:	0:00:04
	Energy:	0.0005 kWh
	CO2eq:	0.0480 g
	0.0004 km travelled by car
___cfd com 30 Treads_concluida___
___cfd com 32 Treads___
Compute time: 3.54488
Tempo total: 4268.496 ms
	Time:	0:00:04
	Energy:	0.0005 kWh
	CO2eq:	0.0476 g
	0.0004 km travelled by car
	Time:	0:00:04
	Energy:	0.0005 kWh
	CO2eq:	0.0476 g
	0.0004 km travelled by car
___cfd com 32 Treads_concluida___
___Fim de cfd___:

Start -> srad
compilando srad...
cd srad_v1; 	make clean
make[1]: Entering directory '/scratch/acsilveira/rodinia_novos/openmp/srad/srad_v1'
rm *.o srad
make[1]: Leaving directory '/scratch/acsilveira/rodinia_novos/openmp/srad/srad_v1'
cd srad_v2; 	make clean
make[1]: Entering directory '/scratch/acsilveira/rodinia_novos/openmp/srad/srad_v2'
rm -f srad
make[1]: Leaving directory '/scratch/acsilveira/rodinia_novos/openmp/srad/srad_v2'
cd srad_v1; 	make
make[1]: Entering directory '/scratch/acsilveira/rodinia_novos/openmp/srad/srad_v1'
gcc	main.c \
		-c -O3 -fopenmp
gcc	main.o \
		-lm -fopenmp -o srad
make[1]: Leaving directory '/scratch/acsilveira/rodinia_novos/openmp/srad/srad_v1'
cd srad_v2; 	make
make[1]: Entering directory '/scratch/acsilveira/rodinia_novos/openmp/srad/srad_v2'
g++ -g -fopenmp -O2 -lm srad.cpp -o srad 
make[1]: Leaving directory '/scratch/acsilveira/rodinia_novos/openmp/srad/srad_v2'
___Executando srad___:
___srad com 2 Treads___
Tempo total: 41153.574 ms
	Time:	0:00:41
	Energy:	0.0011 kWh
	CO2eq:	0.1116 g
	0.0010 km travelled by car
	Time:	0:00:41
	Energy:	0.0011 kWh
	CO2eq:	0.1116 g
	0.0010 km travelled by car
___srad com 2 Treads_concluida___
___srad com 4 Treads___
Tempo total: 19761.065 ms
	Time:	0:00:20
	Energy:	0.0007 kWh
	CO2eq:	0.0705 g
	0.0007 km travelled by car
	Time:	0:00:20
	Energy:	0.0007 kWh
	CO2eq:	0.0705 g
	0.0007 km travelled by car
___srad com 4 Treads_concluida___
___srad com 6 Treads___
Tempo total: 14190.128 ms
	Time:	0:00:14
	Energy:	0.0006 kWh
	CO2eq:	0.0620 g
	0.0006 km travelled by car
	Time:	0:00:14
	Energy:	0.0006 kWh
	CO2eq:	0.0620 g
	0.0006 km travelled by car
___srad com 6 Treads_concluida___
___srad com 8 Treads___
Tempo total: 11546.472 ms
	Time:	0:00:12
	Energy:	0.0006 kWh
	CO2eq:	0.0579 g
	0.0005 km travelled by car
	Time:	0:00:12
	Energy:	0.0006 kWh
	CO2eq:	0.0579 g
	0.0005 km travelled by car
___srad com 8 Treads_concluida___
___srad com 10 Treads___
Tempo total: 9847.033 ms
	Time:	0:00:10
	Energy:	0.0006 kWh
	CO2eq:	0.0553 g
	0.0005 km travelled by car
	Time:	0:00:10
	Energy:	0.0006 kWh
	CO2eq:	0.0553 g
	0.0005 km travelled by car
___srad com 10 Treads_concluida___
___srad com 12 Treads___
Tempo total: 8849.711 ms
	Time:	0:00:09
	Energy:	0.0006 kWh
	CO2eq:	0.0547 g
	0.0005 km travelled by car
	Time:	0:00:09
	Energy:	0.0005 kWh
	CO2eq:	0.0534 g
	0.0005 km travelled by car
___srad com 12 Treads_concluida___
___srad com 14 Treads___
Tempo total: 8486.031 ms
	Time:	0:00:08
	Energy:	0.0006 kWh
	CO2eq:	0.0566 g
	0.0005 km travelled by car
	Time:	0:00:08
	Energy:	0.0006 kWh
	CO2eq:	0.0566 g
	0.0005 km travelled by car
___srad com 14 Treads_concluida___
___srad com 16 Treads___
Tempo total: 8383.695 ms
	Time:	0:00:08
	Energy:	0.0006 kWh
	CO2eq:	0.0591 g
	0.0005 km travelled by car
	Time:	0:00:08
	Energy:	0.0006 kWh
	CO2eq:	0.0591 g
	0.0005 km travelled by car
___srad com 16 Treads_concluida___
___srad com 18 Treads___
Tempo total: 8599.439 ms
	Time:	0:00:09
	Energy:	0.0006 kWh
	CO2eq:	0.0625 g
	0.0006 km travelled by car
	Time:	0:00:09
	Energy:	0.0006 kWh
	CO2eq:	0.0625 g
	0.0006 km travelled by car
___srad com 18 Treads_concluida___
___srad com 20 Treads___
Tempo total: 10598.623 ms
	Time:	0:00:11
	Energy:	0.0008 kWh
	CO2eq:	0.0741 g
	0.0007 km travelled by car
	Time:	0:00:11
	Energy:	0.0008 kWh
	CO2eq:	0.0741 g
	0.0007 km travelled by car
___srad com 20 Treads_concluida___
___srad com 22 Treads___
Tempo total: 10328.565 ms
	Time:	0:00:10
	Energy:	0.0008 kWh
	CO2eq:	0.0749 g
	0.0007 km travelled by car
	Time:	0:00:10
	Energy:	0.0008 kWh
	CO2eq:	0.0749 g
	0.0007 km travelled by car
___srad com 22 Treads_concluida___
___srad com 24 Treads___
Tempo total: 9814.198 ms
	Time:	0:00:10
	Energy:	0.0008 kWh
	CO2eq:	0.0738 g
	0.0007 km travelled by car
	Time:	0:00:10
	Energy:	0.0008 kWh
	CO2eq:	0.0738 g
	0.0007 km travelled by car
___srad com 24 Treads_concluida___
___srad com 26 Treads___
Tempo total: 9611.722 ms
	Time:	0:00:10
	Energy:	0.0008 kWh
	CO2eq:	0.0751 g
	0.0007 km travelled by car
	Time:	0:00:10
	Energy:	0.0008 kWh
	CO2eq:	0.0751 g
	0.0007 km travelled by car
___srad com 26 Treads_concluida___
___srad com 28 Treads___
Tempo total: 9394.463 ms
	Time:	0:00:09
	Energy:	0.0008 kWh
	CO2eq:	0.0759 g
	0.0007 km travelled by car
	Time:	0:00:09
	Energy:	0.0008 kWh
	CO2eq:	0.0759 g
	0.0007 km travelled by car
___srad com 28 Treads_concluida___
___srad com 30 Treads___
Tempo total: 9292.317 ms
	Time:	0:00:09
	Energy:	0.0008 kWh
	CO2eq:	0.0777 g
	0.0007 km travelled by car
	Time:	0:00:09
	Energy:	0.0008 kWh
	CO2eq:	0.0777 g
	0.0007 km travelled by car
___srad com 30 Treads_concluida___
___srad com 32 Treads___
Tempo total: 9275.674 ms
	Time:	0:00:09
	Energy:	0.0008 kWh
	CO2eq:	0.0793 g
	0.0007 km travelled by car
	Time:	0:00:09
	Energy:	0.0008 kWh
	CO2eq:	0.0793 g
	0.0007 km travelled by car
___srad com 32 Treads_concluida___
___Fim de srad___:

