Numero de CPUs logicos (threads): 32
Numero de núcleos fisicos: 24
Start -> kmeans
compilando kmeans...
cd kmeans_serial; make clean
make[1]: Entering directory '/scratch/acsilveira/rodinia_novos/openmp/kmeans/kmeans_serial'
rm -f *.o *~ kmeans 
make[1]: Leaving directory '/scratch/acsilveira/rodinia_novos/openmp/kmeans/kmeans_serial'
cd kmeans_openmp; make clean
make[1]: Entering directory '/scratch/acsilveira/rodinia_novos/openmp/kmeans/kmeans_openmp'
rm -f *.o *~ kmeans 
make[1]: Leaving directory '/scratch/acsilveira/rodinia_novos/openmp/kmeans/kmeans_openmp'
cd kmeans_openmp; make
make[1]: Entering directory '/scratch/acsilveira/rodinia_novos/openmp/kmeans/kmeans_openmp'
gcc -g -fopenmp -O2  cluster.c -c
gcc -g -fopenmp -O2  getopt.c -c
gcc -g -fopenmp -O2  kmeans.c -c
gcc -g -fopenmp -O2  kmeans_clustering.c -c
gcc -g -fopenmp -O2  cluster.o getopt.o kmeans.o kmeans_clustering.o  -o kmeans
make[1]: Leaving directory '/scratch/acsilveira/rodinia_novos/openmp/kmeans/kmeans_openmp'
cd kmeans_serial; make
make[1]: Entering directory '/scratch/acsilveira/rodinia_novos/openmp/kmeans/kmeans_serial'
gcc -g -fopenmp -O2  cluster.c -c
gcc -g -fopenmp -O2  getopt.c -c
gcc -g -fopenmp -O2  kmeans.c -c
gcc -g -fopenmp -O2  kmeans_clustering.c -c
gcc -g -fopenmp -O2  cluster.o getopt.o kmeans.o kmeans_clustering.o  -o kmeans
make[1]: Leaving directory '/scratch/acsilveira/rodinia_novos/openmp/kmeans/kmeans_serial'
___Executando kmeans___:
___kmeans com 2 Treads___
Time for process: 113.601949
Tempo total: 113933.491 ms
	Time:	0:01:54
	Energy:	0.0032 kWh
	CO2eq:	0.3112 g
	0.0029 km travelled by car
	Time:	0:01:54
	Energy:	0.0032 kWh
	CO2eq:	0.3112 g
	0.0029 km travelled by car
___kmeans com 2 Treads_concluida___
___kmeans com 4 Treads___
Time for process: 59.178012
Tempo total: 59510.934 ms
	Time:	0:01:00
	Energy:	0.0021 kWh
	CO2eq:	0.2079 g
	0.0019 km travelled by car
	Time:	0:01:00
	Energy:	0.0021 kWh
	CO2eq:	0.2079 g
	0.0019 km travelled by car
___kmeans com 4 Treads_concluida___
___kmeans com 6 Treads___
Time for process: 36.315980
Tempo total: 36646.200 ms
	Time:	0:00:37
	Energy:	0.0016 kWh
	CO2eq:	0.1602 g
	0.0015 km travelled by car
	Time:	0:00:37
	Energy:	0.0016 kWh
	CO2eq:	0.1602 g
	0.0015 km travelled by car
___kmeans com 6 Treads_concluida___
___kmeans com 8 Treads___
Time for process: 29.788707
Tempo total: 30118.795 ms
	Time:	0:00:30
	Energy:	0.0016 kWh
	CO2eq:	0.1537 g
	0.0014 km travelled by car
	Time:	0:00:30
	Energy:	0.0016 kWh
	CO2eq:	0.1537 g
	0.0014 km travelled by car
___kmeans com 8 Treads_concluida___
___kmeans com 10 Treads___
Time for process: 23.525073
Tempo total: 23856.613 ms
	Time:	0:00:24
	Energy:	0.0014 kWh
	CO2eq:	0.1383 g
	0.0013 km travelled by car
	Time:	0:00:24
	Energy:	0.0014 kWh
	CO2eq:	0.1383 g
	0.0013 km travelled by car
___kmeans com 10 Treads_concluida___
___kmeans com 12 Treads___
Time for process: 19.654626
Tempo total: 19984.770 ms
	Time:	0:00:20
	Energy:	0.0013 kWh
	CO2eq:	0.1325 g
	0.0012 km travelled by car
	Time:	0:00:20
	Energy:	0.0013 kWh
	CO2eq:	0.1325 g
	0.0012 km travelled by car
___kmeans com 12 Treads_concluida___
___kmeans com 14 Treads___
Time for process: 16.995983
Tempo total: 17326.625 ms
	Time:	0:00:17
	Energy:	0.0013 kWh
	CO2eq:	0.1283 g
	0.0012 km travelled by car
	Time:	0:00:17
	Energy:	0.0013 kWh
	CO2eq:	0.1283 g
	0.0012 km travelled by car
___kmeans com 14 Treads_concluida___
___kmeans com 16 Treads___
Time for process: 13.876374
Tempo total: 14208.697 ms
	Time:	0:00:14
	Energy:	0.0012 kWh
	CO2eq:	0.1175 g
	0.0011 km travelled by car
	Time:	0:00:14
	Energy:	0.0012 kWh
	CO2eq:	0.1175 g
	0.0011 km travelled by car
___kmeans com 16 Treads_concluida___
___kmeans com 18 Treads___
Time for process: 13.250263
Tempo total: 13580.867 ms
	Time:	0:00:14
	Energy:	0.0012 kWh
	CO2eq:	0.1198 g
	0.0011 km travelled by car
	Time:	0:00:14
	Energy:	0.0012 kWh
	CO2eq:	0.1198 g
	0.0011 km travelled by car
___kmeans com 18 Treads_concluida___
___kmeans com 20 Treads___
Time for process: 11.875268
Tempo total: 12205.494 ms
	Time:	0:00:12
	Energy:	0.0012 kWh
	CO2eq:	0.1136 g
	0.0011 km travelled by car
	Time:	0:00:12
	Energy:	0.0012 kWh
	CO2eq:	0.1136 g
	0.0011 km travelled by car
___kmeans com 20 Treads_concluida___
___kmeans com 22 Treads___
Time for process: 10.160207
Tempo total: 10492.268 ms
	Time:	0:00:10
	Energy:	0.0011 kWh
	CO2eq:	0.1059 g
	0.0010 km travelled by car
	Time:	0:00:10
	Energy:	0.0011 kWh
	CO2eq:	0.1059 g
	0.0010 km travelled by car
___kmeans com 22 Treads_concluida___
___kmeans com 24 Treads___
Time for process: 9.514502
Tempo total: 9846.263 ms
	Time:	0:00:10
	Energy:	0.0010 kWh
	CO2eq:	0.1031 g
	0.0010 km travelled by car
	Time:	0:00:10
	Energy:	0.0010 kWh
	CO2eq:	0.1031 g
	0.0010 km travelled by car
___kmeans com 24 Treads_concluida___
___kmeans com 26 Treads___
Time for process: 8.953608
Tempo total: 9285.303 ms
	Time:	0:00:09
	Energy:	0.0010 kWh
	CO2eq:	0.1032 g
	0.0010 km travelled by car
	Time:	0:00:09
	Energy:	0.0010 kWh
	CO2eq:	0.1032 g
	0.0010 km travelled by car
___kmeans com 26 Treads_concluida___
___kmeans com 28 Treads___
Time for process: 8.409189
Tempo total: 8741.028 ms
	Time:	0:00:09
	Energy:	0.0010 kWh
	CO2eq:	0.1000 g
	0.0009 km travelled by car
	Time:	0:00:09
	Energy:	0.0010 kWh
	CO2eq:	0.1000 g
	0.0009 km travelled by car
___kmeans com 28 Treads_concluida___
___kmeans com 30 Treads___
Time for process: 7.709506
Tempo total: 8041.643 ms
	Time:	0:00:08
	Energy:	0.0010 kWh
	CO2eq:	0.0987 g
	0.0009 km travelled by car
	Time:	0:00:08
	Energy:	0.0010 kWh
	CO2eq:	0.0987 g
	0.0009 km travelled by car
___kmeans com 30 Treads_concluida___
___kmeans com 32 Treads___
Time for process: 7.487909
Tempo total: 7820.104 ms
	Time:	0:00:08
	Energy:	0.0010 kWh
	CO2eq:	0.0985 g
	0.0009 km travelled by car
	Time:	0:00:08
	Energy:	0.0010 kWh
	CO2eq:	0.0985 g
	0.0009 km travelled by car
___kmeans com 32 Treads_concluida___
___Fim de kmeans___:

Start -> leukocyte
compilando leukocyte...
cd OpenMP; make clean
make[1]: Entering directory '/scratch/acsilveira/rodinia_novos/openmp/leukocyte/OpenMP'
rm -f *.o leukocyte
make[1]: Leaving directory '/scratch/acsilveira/rodinia_novos/openmp/leukocyte/OpenMP'
rm -f meschach_lib/meschach.a
cd OpenMP; make
make[1]: Entering directory '/scratch/acsilveira/rodinia_novos/openmp/leukocyte/OpenMP'
gcc  -g -O3 -Wall -fopenmp -I../meschach_lib detect_main.c -c
gcc  -g -O3 -Wall -fopenmp -I../meschach_lib avilib.c -c
gcc  -g -O3 -Wall -fopenmp -I../meschach_lib find_ellipse.c -c
gcc  -g -O3 -Wall -fopenmp -I../meschach_lib track_ellipse.c -c
gcc  -g -O3 -Wall -fopenmp -I../meschach_lib misc_math.c -c
cd ../meschach_lib; ./configure --with-all; make all; make clean
make[2]: Entering directory '/scratch/acsilveira/rodinia_novos/openmp/leukocyte/meschach_lib'
cc -c -O -DHAVE_CONFIG_H copy.c
cc -c -O -DHAVE_CONFIG_H err.c
cc -c -O -DHAVE_CONFIG_H matrixio.c
cc -c -O -DHAVE_CONFIG_H memory.c
cc -c -O -DHAVE_CONFIG_H vecop.c
cc -c -O -DHAVE_CONFIG_H matop.c
cc -c -O -DHAVE_CONFIG_H pxop.c
cc -c -O -DHAVE_CONFIG_H submat.c
cc -c -O -DHAVE_CONFIG_H init.c
cc -c -O -DHAVE_CONFIG_H otherio.c
cc -c -O -DHAVE_CONFIG_H machine.c
cc -c -O -DHAVE_CONFIG_H matlab.c
cc -c -O -DHAVE_CONFIG_H ivecop.c
cc -c -O -DHAVE_CONFIG_H version.c
cc -c -O -DHAVE_CONFIG_H meminfo.c
cc -c -O -DHAVE_CONFIG_H memstat.c
ar ru meschach.a copy.o err.o matrixio.o memory.o vecop.o matop.o pxop.o submat.o init.o otherio.o machine.o matlab.o ivecop.o version.o meminfo.o memstat.o; ranlib meschach.a
cc -c -O -DHAVE_CONFIG_H lufactor.c
cc -c -O -DHAVE_CONFIG_H bkpfacto.c
cc -c -O -DHAVE_CONFIG_H chfactor.c
cc -c -O -DHAVE_CONFIG_H qrfactor.c
cc -c -O -DHAVE_CONFIG_H solve.c
cc -c -O -DHAVE_CONFIG_H hsehldr.c
cc -c -O -DHAVE_CONFIG_H givens.c
cc -c -O -DHAVE_CONFIG_H update.c
cc -c -O -DHAVE_CONFIG_H norm.c
cc -c -O -DHAVE_CONFIG_H hessen.c
cc -c -O -DHAVE_CONFIG_H symmeig.c
cc -c -O -DHAVE_CONFIG_H schur.c
cc -c -O -DHAVE_CONFIG_H svd.c
cc -c -O -DHAVE_CONFIG_H fft.c
cc -c -O -DHAVE_CONFIG_H mfunc.c
cc -c -O -DHAVE_CONFIG_H bdfactor.c
ar ru meschach.a lufactor.o bkpfacto.o chfactor.o qrfactor.o solve.o hsehldr.o givens.o update.o norm.o hessen.o symmeig.o schur.o svd.o fft.o mfunc.o bdfactor.o; ranlib meschach.a
cc -c -O -DHAVE_CONFIG_H sparse.c
cc -c -O -DHAVE_CONFIG_H sprow.c
cc -c -O -DHAVE_CONFIG_H sparseio.c
cc -c -O -DHAVE_CONFIG_H spchfctr.c
cc -c -O -DHAVE_CONFIG_H splufctr.c
cc -c -O -DHAVE_CONFIG_H spbkp.c
cc -c -O -DHAVE_CONFIG_H spswap.c
cc -c -O -DHAVE_CONFIG_H iter0.c
cc -c -O -DHAVE_CONFIG_H itersym.c
cc -c -O -DHAVE_CONFIG_H iternsym.c
ar ru meschach.a sparse.o sprow.o sparseio.o spchfctr.o splufctr.o spbkp.o spswap.o iter0.o itersym.o iternsym.o; ranlib meschach.a
cc -c -O -DHAVE_CONFIG_H zmachine.c
cc -c -O -DHAVE_CONFIG_H zcopy.c
cc -c -O -DHAVE_CONFIG_H zmatio.c
cc -c -O -DHAVE_CONFIG_H zmemory.c
cc -c -O -DHAVE_CONFIG_H zvecop.c
cc -c -O -DHAVE_CONFIG_H zmatop.c
cc -c -O -DHAVE_CONFIG_H znorm.c
cc -c -O -DHAVE_CONFIG_H zfunc.c
ar ru meschach.a zmachine.o zcopy.o zmatio.o zmemory.o zvecop.o zmatop.o znorm.o zfunc.o ; ranlib meschach.a
cc -c -O -DHAVE_CONFIG_H zlufctr.c
cc -c -O -DHAVE_CONFIG_H zsolve.c
cc -c -O -DHAVE_CONFIG_H zmatlab.c
cc -c -O -DHAVE_CONFIG_H zhsehldr.c
cc -c -O -DHAVE_CONFIG_H zqrfctr.c
cc -c -O -DHAVE_CONFIG_H zgivens.c
cc -c -O -DHAVE_CONFIG_H zhessen.c
cc -c -O -DHAVE_CONFIG_H zschur.c
ar ru meschach.a zlufctr.o zsolve.o zmatlab.o zhsehldr.o zqrfctr.o zgivens.o  zhessen.o zschur.o; ranlib meschach.a
make[2]: Leaving directory '/scratch/acsilveira/rodinia_novos/openmp/leukocyte/meschach_lib'
make[2]: Entering directory '/scratch/acsilveira/rodinia_novos/openmp/leukocyte/meschach_lib'
/bin/rm -f *.o core asx5213a.mat iotort.dat 
make[2]: Leaving directory '/scratch/acsilveira/rodinia_novos/openmp/leukocyte/meschach_lib'
gcc -g -O3 -Wall -fopenmp -I../meschach_lib -lm avilib.o find_ellipse.o track_ellipse.o misc_math.o detect_main.o -o leukocyte -lm ../meschach_lib/meschach.a -lpthread
make[1]: Leaving directory '/scratch/acsilveira/rodinia_novos/openmp/leukocyte/OpenMP'
___Executando leukocyte___:
___leukocyte com 2 Treads___
Total application run time: 292.37552 seconds
Tempo total: 292439.327 ms
	Time:	0:04:52
	Energy:	0.0085 kWh
	CO2eq:	0.8395 g
	0.0078 km travelled by car
	Time:	0:04:52
	Energy:	0.0085 kWh
	CO2eq:	0.8395 g
	0.0078 km travelled by car
___leukocyte com 2 Treads_concluida___
___leukocyte com 4 Treads___
Total application run time: 154.88919 seconds
Tempo total: 154955.196 ms
	Time:	0:02:35
	Energy:	0.0061 kWh
	CO2eq:	0.5963 g
	0.0055 km travelled by car
	Time:	0:02:35
	Energy:	0.0061 kWh
	CO2eq:	0.5956 g
	0.0055 km travelled by car
___leukocyte com 4 Treads_concluida___
___leukocyte com 6 Treads___
Total application run time: 104.74207 seconds
Tempo total: 104807.918 ms
	Time:	0:01:45
	Energy:	0.0052 kWh
	CO2eq:	0.5092 g
	0.0047 km travelled by car
	Time:	0:01:45
	Energy:	0.0052 kWh
	CO2eq:	0.5092 g
	0.0047 km travelled by car
___leukocyte com 6 Treads_concluida___
___leukocyte com 8 Treads___
Total application run time: 89.91392 seconds
Tempo total: 89980.932 ms
	Time:	0:01:30
	Energy:	0.0049 kWh
	CO2eq:	0.4810 g
	0.0045 km travelled by car
	Time:	0:01:30
	Energy:	0.0049 kWh
	CO2eq:	0.4810 g
	0.0045 km travelled by car
___leukocyte com 8 Treads_concluida___
___leukocyte com 10 Treads___
Total application run time: 71.38625 seconds
Tempo total: 71453.541 ms
	Time:	0:01:11
	Energy:	0.0045 kWh
	CO2eq:	0.4461 g
	0.0041 km travelled by car
	Time:	0:01:11
	Energy:	0.0045 kWh
	CO2eq:	0.4461 g
	0.0041 km travelled by car
___leukocyte com 10 Treads_concluida___
___leukocyte com 12 Treads___
Total application run time: 54.95430 seconds
Tempo total: 55021.502 ms
	Time:	0:00:55
	Energy:	0.0042 kWh
	CO2eq:	0.4166 g
	0.0039 km travelled by car
	Time:	0:00:55
	Energy:	0.0042 kWh
	CO2eq:	0.4161 g
	0.0039 km travelled by car
___leukocyte com 12 Treads_concluida___
___leukocyte com 14 Treads___
Total application run time: 54.46101 seconds
Tempo total: 54528.690 ms
	Time:	0:00:55
	Energy:	0.0042 kWh
	CO2eq:	0.4149 g
	0.0039 km travelled by car
	Time:	0:00:55
	Energy:	0.0042 kWh
	CO2eq:	0.4149 g
	0.0039 km travelled by car
___leukocyte com 14 Treads_concluida___
___leukocyte com 16 Treads___
Total application run time: 53.66682 seconds
Tempo total: 53734.662 ms
	Time:	0:00:54
	Energy:	0.0042 kWh
	CO2eq:	0.4095 g
	0.0038 km travelled by car
	Time:	0:00:54
	Energy:	0.0042 kWh
	CO2eq:	0.4095 g
	0.0038 km travelled by car
___leukocyte com 16 Treads_concluida___
___leukocyte com 18 Treads___
Total application run time: 40.01384 seconds
Tempo total: 40081.888 ms
	Time:	0:00:40
	Energy:	0.0039 kWh
	CO2eq:	0.3815 g
	0.0035 km travelled by car
	Time:	0:00:40
	Energy:	0.0039 kWh
	CO2eq:	0.3815 g
	0.0035 km travelled by car
___leukocyte com 18 Treads_concluida___
___leukocyte com 20 Treads___
Total application run time: 37.86103 seconds
Tempo total: 37929.244 ms
	Time:	0:00:38
	Energy:	0.0038 kWh
	CO2eq:	0.3760 g
	0.0035 km travelled by car
	Time:	0:00:38
	Energy:	0.0038 kWh
	CO2eq:	0.3760 g
	0.0035 km travelled by car
___leukocyte com 20 Treads_concluida___
___leukocyte com 22 Treads___
Total application run time: 37.75768 seconds
Tempo total: 37826.502 ms
	Time:	0:00:38
	Energy:	0.0038 kWh
	CO2eq:	0.3708 g
	0.0034 km travelled by car
	Time:	0:00:38
	Energy:	0.0038 kWh
	CO2eq:	0.3708 g
	0.0034 km travelled by car
___leukocyte com 22 Treads_concluida___
___leukocyte com 24 Treads___
Total application run time: 37.73751 seconds
Tempo total: 37805.895 ms
	Time:	0:00:38
	Energy:	0.0037 kWh
	CO2eq:	0.3669 g
	0.0034 km travelled by car
	Time:	0:00:38
	Energy:	0.0037 kWh
	CO2eq:	0.3669 g
	0.0034 km travelled by car
___leukocyte com 24 Treads_concluida___
___leukocyte com 26 Treads___
Total application run time: 37.88147 seconds
Tempo total: 37950.792 ms
	Time:	0:00:38
	Energy:	0.0037 kWh
	CO2eq:	0.3641 g
	0.0034 km travelled by car
	Time:	0:00:38
	Energy:	0.0037 kWh
	CO2eq:	0.3641 g
	0.0034 km travelled by car
___leukocyte com 26 Treads_concluida___
___leukocyte com 28 Treads___
Total application run time: 37.88931 seconds
Tempo total: 37959.496 ms
	Time:	0:00:38
	Energy:	0.0037 kWh
	CO2eq:	0.3600 g
	0.0033 km travelled by car
	Time:	0:00:38
	Energy:	0.0037 kWh
	CO2eq:	0.3600 g
	0.0033 km travelled by car
___leukocyte com 28 Treads_concluida___
___leukocyte com 30 Treads___
Total application run time: 37.17694 seconds
Tempo total: 37250.285 ms
	Time:	0:00:37
	Energy:	0.0036 kWh
	CO2eq:	0.3539 g
	0.0033 km travelled by car
	Time:	0:00:37
	Energy:	0.0036 kWh
	CO2eq:	0.3539 g
	0.0033 km travelled by car
___leukocyte com 30 Treads_concluida___
___leukocyte com 32 Treads___
Total application run time: 36.67917 seconds
Tempo total: 36750.144 ms
	Time:	0:00:37
	Energy:	0.0035 kWh
	CO2eq:	0.3454 g
	0.0032 km travelled by car
	Time:	0:00:37
	Energy:	0.0035 kWh
	CO2eq:	0.3454 g
	0.0032 km travelled by car
___leukocyte com 32 Treads_concluida___
___Fim de leukocyte___:

Start -> backprop
compilando backprop...
rm -f *.o *~ backprop backprop_cuda.linkinfo
gcc -g -fopenmp  -O2 backprop.c -c
gcc -g -fopenmp  -O2 facetrain.c -c
gcc -g -fopenmp  -O2 imagenet.c -c
gcc -g -fopenmp  -O2 backprop_kernel.c -c
gcc -g -fopenmp  -O2 backprop.o facetrain.o imagenet.o backprop_kernel.o -o backprop -lm
___Executando backprop___:
___backprop com 2 Treads___
Tempo total: 16295.608 ms
	Time:	0:00:16
	Energy:	0.0004 kWh
	CO2eq:	0.0388 g
	0.0004 km travelled by car
	Time:	0:00:16
	Energy:	0.0004 kWh
	CO2eq:	0.0388 g
	0.0004 km travelled by car
___backprop com 2 Treads_concluida___
___backprop com 4 Treads___
Tempo total: 13895.118 ms
	Time:	0:00:14
	Energy:	0.0004 kWh
	CO2eq:	0.0352 g
	0.0003 km travelled by car
	Time:	0:00:14
	Energy:	0.0004 kWh
	CO2eq:	0.0352 g
	0.0003 km travelled by car
___backprop com 4 Treads_concluida___
___backprop com 6 Treads___
Tempo total: 13234.451 ms
	Time:	0:00:13
	Energy:	0.0003 kWh
	CO2eq:	0.0340 g
	0.0003 km travelled by car
	Time:	0:00:13
	Energy:	0.0003 kWh
	CO2eq:	0.0340 g
	0.0003 km travelled by car
___backprop com 6 Treads_concluida___
___backprop com 8 Treads___
Tempo total: 12672.418 ms
	Time:	0:00:13
	Energy:	0.0003 kWh
	CO2eq:	0.0320 g
	0.0003 km travelled by car
	Time:	0:00:13
	Energy:	0.0003 kWh
	CO2eq:	0.0320 g
	0.0003 km travelled by car
___backprop com 8 Treads_concluida___
___backprop com 10 Treads___
Tempo total: 13023.709 ms
	Time:	0:00:13
	Energy:	0.0003 kWh
	CO2eq:	0.0338 g
	0.0003 km travelled by car
	Time:	0:00:13
	Energy:	0.0003 kWh
	CO2eq:	0.0338 g
	0.0003 km travelled by car
___backprop com 10 Treads_concluida___
___backprop com 12 Treads___
Tempo total: 12711.528 ms
	Time:	0:00:13
	Energy:	0.0003 kWh
	CO2eq:	0.0322 g
	0.0003 km travelled by car
	Time:	0:00:13
	Energy:	0.0003 kWh
	CO2eq:	0.0322 g
	0.0003 km travelled by car
___backprop com 12 Treads_concluida___
___backprop com 14 Treads___
Tempo total: 12709.915 ms
	Time:	0:00:13
	Energy:	0.0003 kWh
	CO2eq:	0.0323 g
	0.0003 km travelled by car
	Time:	0:00:13
	Energy:	0.0003 kWh
	CO2eq:	0.0323 g
	0.0003 km travelled by car
___backprop com 14 Treads_concluida___
___backprop com 16 Treads___
Tempo total: 12150.403 ms
	Time:	0:00:12
	Energy:	0.0003 kWh
	CO2eq:	0.0330 g
	0.0003 km travelled by car
	Time:	0:00:12
	Energy:	0.0003 kWh
	CO2eq:	0.0330 g
	0.0003 km travelled by car
___backprop com 16 Treads_concluida___
___backprop com 18 Treads___
Tempo total: 12126.794 ms
	Time:	0:00:12
	Energy:	0.0003 kWh
	CO2eq:	0.0330 g
	0.0003 km travelled by car
	Time:	0:00:12
	Energy:	0.0003 kWh
	CO2eq:	0.0330 g
	0.0003 km travelled by car
___backprop com 18 Treads_concluida___
___backprop com 20 Treads___
Tempo total: 12208.123 ms
	Time:	0:00:12
	Energy:	0.0003 kWh
	CO2eq:	0.0324 g
	0.0003 km travelled by car
	Time:	0:00:12
	Energy:	0.0003 kWh
	CO2eq:	0.0324 g
	0.0003 km travelled by car
___backprop com 20 Treads_concluida___
___backprop com 22 Treads___
Tempo total: 12141.023 ms
	Time:	0:00:12
	Energy:	0.0003 kWh
	CO2eq:	0.0330 g
	0.0003 km travelled by car
	Time:	0:00:12
	Energy:	0.0003 kWh
	CO2eq:	0.0330 g
	0.0003 km travelled by car
___backprop com 22 Treads_concluida___
___backprop com 24 Treads___
Tempo total: 12130.850 ms
	Time:	0:00:12
	Energy:	0.0003 kWh
	CO2eq:	0.0330 g
	0.0003 km travelled by car
	Time:	0:00:12
	Energy:	0.0003 kWh
	CO2eq:	0.0330 g
	0.0003 km travelled by car
___backprop com 24 Treads_concluida___
___backprop com 26 Treads___
Tempo total: 12129.801 ms
	Time:	0:00:12
	Energy:	0.0003 kWh
	CO2eq:	0.0330 g
	0.0003 km travelled by car
	Time:	0:00:12
	Energy:	0.0003 kWh
	CO2eq:	0.0330 g
	0.0003 km travelled by car
___backprop com 26 Treads_concluida___
___backprop com 28 Treads___
Tempo total: 12154.664 ms
	Time:	0:00:12
	Energy:	0.0003 kWh
	CO2eq:	0.0330 g
	0.0003 km travelled by car
	Time:	0:00:12
	Energy:	0.0003 kWh
	CO2eq:	0.0330 g
	0.0003 km travelled by car
___backprop com 28 Treads_concluida___
___backprop com 30 Treads___
Tempo total: 12142.845 ms
	Time:	0:00:12
	Energy:	0.0003 kWh
	CO2eq:	0.0328 g
	0.0003 km travelled by car
	Time:	0:00:12
	Energy:	0.0003 kWh
	CO2eq:	0.0328 g
	0.0003 km travelled by car
___backprop com 30 Treads_concluida___
___backprop com 32 Treads___
Tempo total: 12372.326 ms
	Time:	0:00:12
	Energy:	0.0003 kWh
	CO2eq:	0.0334 g
	0.0003 km travelled by car
	Time:	0:00:12
	Energy:	0.0003 kWh
	CO2eq:	0.0334 g
	0.0003 km travelled by car
___backprop com 32 Treads_concluida___
___Fim de backprop___:

Start -> cfd
compilando cfd...
rm -f euler3d_cpu
rm -f euler3d_cpu_offload
rm -f euler3d_cpu_double
rm -f pre_euler3d_cpu
rm -f pre_euler3d_cpu_double
g++ -O3 -Dblock_length=8 -fopenmp euler3d_cpu.cpp -o euler3d_cpu
g++ -O3 -Dblock_length=8 -fopenmp euler3d_cpu_double.cpp -o euler3d_cpu_double
g++ -O3 -Dblock_length=8 -fopenmp pre_euler3d_cpu.cpp -o pre_euler3d_cpu
g++ -O3 -Dblock_length=8 -fopenmp pre_euler3d_cpu_double.cpp -o pre_euler3d_cpu_double
icc -g -O3 -DOMP_OFFLOAD -Dblock_length=216 -fopenmp -offload-option,mic,compiler,"-no-opt-prefetch" euler3d_cpu.cpp -o euler3d_cpu_offload
___Executando cfd___:
___cfd com 2 Treads___
Compute time: 44.7672
Tempo total: 45486.587 ms
	Time:	0:00:45
	Energy:	0.0013 kWh
	CO2eq:	0.1255 g
	0.0012 km travelled by car
	Time:	0:00:45
	Energy:	0.0013 kWh
	CO2eq:	0.1255 g
	0.0012 km travelled by car
___cfd com 2 Treads_concluida___
___cfd com 4 Treads___
Compute time: 22.4744
Tempo total: 23195.031 ms
	Time:	0:00:23
	Energy:	0.0009 kWh
	CO2eq:	0.0850 g
	0.0008 km travelled by car
	Time:	0:00:23
	Energy:	0.0009 kWh
	CO2eq:	0.0850 g
	0.0008 km travelled by car
___cfd com 4 Treads_concluida___
___cfd com 6 Treads___
Compute time: 15.0339
Tempo total: 15754.746 ms
	Time:	0:00:16
	Energy:	0.0007 kWh
	CO2eq:	0.0727 g
	0.0007 km travelled by car
	Time:	0:00:16
	Energy:	0.0007 kWh
	CO2eq:	0.0727 g
	0.0007 km travelled by car
___cfd com 6 Treads_concluida___
___cfd com 8 Treads___
Compute time: 11.4034
Tempo total: 12122.851 ms
	Time:	0:00:12
	Energy:	0.0007 kWh
	CO2eq:	0.0658 g
	0.0006 km travelled by car
	Time:	0:00:12
	Energy:	0.0007 kWh
	CO2eq:	0.0658 g
	0.0006 km travelled by car
___cfd com 8 Treads_concluida___
___cfd com 10 Treads___
Compute time: 9.20777
Tempo total: 9931.423 ms
	Time:	0:00:10
	Energy:	0.0006 kWh
	CO2eq:	0.0618 g
	0.0006 km travelled by car
	Time:	0:00:10
	Energy:	0.0006 kWh
	CO2eq:	0.0618 g
	0.0006 km travelled by car
___cfd com 10 Treads_concluida___
___cfd com 12 Treads___
Compute time: 7.67692
Tempo total: 8398.183 ms
	Time:	0:00:08
	Energy:	0.0006 kWh
	CO2eq:	0.0589 g
	0.0005 km travelled by car
	Time:	0:00:08
	Energy:	0.0006 kWh
	CO2eq:	0.0589 g
	0.0005 km travelled by car
___cfd com 12 Treads_concluida___
___cfd com 14 Treads___
Compute time: 6.57128
Tempo total: 7294.431 ms
	Time:	0:00:07
	Energy:	0.0006 kWh
	CO2eq:	0.0562 g
	0.0005 km travelled by car
	Time:	0:00:07
	Energy:	0.0006 kWh
	CO2eq:	0.0562 g
	0.0005 km travelled by car
___cfd com 14 Treads_concluida___
___cfd com 16 Treads___
Compute time: 5.77105
Tempo total: 6496.379 ms
	Time:	0:00:06
	Energy:	0.0006 kWh
	CO2eq:	0.0547 g
	0.0005 km travelled by car
	Time:	0:00:06
	Energy:	0.0006 kWh
	CO2eq:	0.0547 g
	0.0005 km travelled by car
___cfd com 16 Treads_concluida___
___cfd com 18 Treads___
Compute time: 6.01723
Tempo total: 6747.848 ms
	Time:	0:00:07
	Energy:	0.0006 kWh
	CO2eq:	0.0571 g
	0.0005 km travelled by car
	Time:	0:00:07
	Energy:	0.0006 kWh
	CO2eq:	0.0571 g
	0.0005 km travelled by car
___cfd com 18 Treads_concluida___
___cfd com 20 Treads___
Compute time: 5.51509
Tempo total: 6242.480 ms
	Time:	0:00:06
	Energy:	0.0006 kWh
	CO2eq:	0.0560 g
	0.0005 km travelled by car
	Time:	0:00:06
	Energy:	0.0006 kWh
	CO2eq:	0.0560 g
	0.0005 km travelled by car
___cfd com 20 Treads_concluida___
___cfd com 22 Treads___
Compute time: 5.02865
Tempo total: 5751.536 ms
	Time:	0:00:06
	Energy:	0.0006 kWh
	CO2eq:	0.0542 g
	0.0005 km travelled by car
	Time:	0:00:06
	Energy:	0.0006 kWh
	CO2eq:	0.0542 g
	0.0005 km travelled by car
___cfd com 22 Treads_concluida___
___cfd com 24 Treads___
Compute time: 4.59815
Tempo total: 5321.328 ms
	Time:	0:00:05
	Energy:	0.0005 kWh
	CO2eq:	0.0518 g
	0.0005 km travelled by car
	Time:	0:00:05
	Energy:	0.0005 kWh
	CO2eq:	0.0518 g
	0.0005 km travelled by car
___cfd com 24 Treads_concluida___
___cfd com 26 Treads___
Compute time: 4.29207
Tempo total: 5013.769 ms
	Time:	0:00:05
	Energy:	0.0005 kWh
	CO2eq:	0.0468 g
	0.0004 km travelled by car
	Time:	0:00:05
	Energy:	0.0005 kWh
	CO2eq:	0.0468 g
	0.0004 km travelled by car
___cfd com 26 Treads_concluida___
___cfd com 28 Treads___
Compute time: 3.99807
Tempo total: 4719.018 ms
	Time:	0:00:05
	Energy:	0.0005 kWh
	CO2eq:	0.0486 g
	0.0005 km travelled by car
	Time:	0:00:05
	Energy:	0.0005 kWh
	CO2eq:	0.0486 g
	0.0005 km travelled by car
___cfd com 28 Treads_concluida___
___cfd com 30 Treads___
Compute time: 3.75251
Tempo total: 4474.962 ms
	Time:	0:00:04
	Energy:	0.0005 kWh
	CO2eq:	0.0483 g
	0.0004 km travelled by car
	Time:	0:00:04
	Energy:	0.0005 kWh
	CO2eq:	0.0483 g
	0.0004 km travelled by car
___cfd com 30 Treads_concluida___
___cfd com 32 Treads___
Compute time: 3.54499
Tempo total: 4276.799 ms
	Time:	0:00:04
	Energy:	0.0005 kWh
	CO2eq:	0.0481 g
	0.0004 km travelled by car
	Time:	0:00:04
	Energy:	0.0005 kWh
	CO2eq:	0.0481 g
	0.0004 km travelled by car
___cfd com 32 Treads_concluida___
___Fim de cfd___:

Start -> srad
compilando srad...
cd srad_v1; 	make clean
make[1]: Entering directory '/scratch/acsilveira/rodinia_novos/openmp/srad/srad_v1'
rm *.o srad
make[1]: Leaving directory '/scratch/acsilveira/rodinia_novos/openmp/srad/srad_v1'
cd srad_v2; 	make clean
make[1]: Entering directory '/scratch/acsilveira/rodinia_novos/openmp/srad/srad_v2'
rm -f srad
make[1]: Leaving directory '/scratch/acsilveira/rodinia_novos/openmp/srad/srad_v2'
cd srad_v1; 	make
make[1]: Entering directory '/scratch/acsilveira/rodinia_novos/openmp/srad/srad_v1'
gcc	main.c \
		-c -O3 -fopenmp
gcc	main.o \
		-lm -fopenmp -o srad
make[1]: Leaving directory '/scratch/acsilveira/rodinia_novos/openmp/srad/srad_v1'
cd srad_v2; 	make
make[1]: Entering directory '/scratch/acsilveira/rodinia_novos/openmp/srad/srad_v2'
g++ -g -fopenmp -O2 -lm srad.cpp -o srad 
make[1]: Leaving directory '/scratch/acsilveira/rodinia_novos/openmp/srad/srad_v2'
___Executando srad___:
___srad com 2 Treads___
Tempo total: 41129.292 ms
	Time:	0:00:41
	Energy:	0.0011 kWh
	CO2eq:	0.1106 g
	0.0010 km travelled by car
	Time:	0:00:41
	Energy:	0.0011 kWh
	CO2eq:	0.1106 g
	0.0010 km travelled by car
___srad com 2 Treads_concluida___
___srad com 4 Treads___
Tempo total: 19713.780 ms
	Time:	0:00:20
	Energy:	0.0007 kWh
	CO2eq:	0.0698 g
	0.0006 km travelled by car
	Time:	0:00:20
	Energy:	0.0007 kWh
	CO2eq:	0.0698 g
	0.0006 km travelled by car
___srad com 4 Treads_concluida___
___srad com 6 Treads___
Tempo total: 14191.856 ms
	Time:	0:00:14
	Energy:	0.0006 kWh
	CO2eq:	0.0616 g
	0.0006 km travelled by car
	Time:	0:00:14
	Energy:	0.0006 kWh
	CO2eq:	0.0616 g
	0.0006 km travelled by car
___srad com 6 Treads_concluida___
___srad com 8 Treads___
Tempo total: 11564.395 ms
	Time:	0:00:12
	Energy:	0.0006 kWh
	CO2eq:	0.0576 g
	0.0005 km travelled by car
	Time:	0:00:12
	Energy:	0.0006 kWh
	CO2eq:	0.0576 g
	0.0005 km travelled by car
___srad com 8 Treads_concluida___
___srad com 10 Treads___
Tempo total: 9842.248 ms
	Time:	0:00:10
	Energy:	0.0006 kWh
	CO2eq:	0.0550 g
	0.0005 km travelled by car
	Time:	0:00:10
	Energy:	0.0006 kWh
	CO2eq:	0.0550 g
	0.0005 km travelled by car
___srad com 10 Treads_concluida___
___srad com 12 Treads___
Tempo total: 8860.199 ms
	Time:	0:00:09
	Energy:	0.0006 kWh
	CO2eq:	0.0545 g
	0.0005 km travelled by car
	Time:	0:00:09
	Energy:	0.0005 kWh
	CO2eq:	0.0533 g
	0.0005 km travelled by car
___srad com 12 Treads_concluida___
___srad com 14 Treads___
Tempo total: 8482.148 ms
	Time:	0:00:08
	Energy:	0.0006 kWh
	CO2eq:	0.0563 g
	0.0005 km travelled by car
	Time:	0:00:08
	Energy:	0.0006 kWh
	CO2eq:	0.0563 g
	0.0005 km travelled by car
___srad com 14 Treads_concluida___
___srad com 16 Treads___
Tempo total: 8416.120 ms
	Time:	0:00:08
	Energy:	0.0006 kWh
	CO2eq:	0.0590 g
	0.0005 km travelled by car
	Time:	0:00:08
	Energy:	0.0006 kWh
	CO2eq:	0.0590 g
	0.0005 km travelled by car
___srad com 16 Treads_concluida___
___srad com 18 Treads___
Tempo total: 8621.540 ms
	Time:	0:00:09
	Energy:	0.0006 kWh
	CO2eq:	0.0625 g
	0.0006 km travelled by car
	Time:	0:00:09
	Energy:	0.0006 kWh
	CO2eq:	0.0625 g
	0.0006 km travelled by car
___srad com 18 Treads_concluida___
___srad com 20 Treads___
Tempo total: 10712.546 ms
	Time:	0:00:11
	Energy:	0.0008 kWh
	CO2eq:	0.0746 g
	0.0007 km travelled by car
	Time:	0:00:11
	Energy:	0.0008 kWh
	CO2eq:	0.0746 g
	0.0007 km travelled by car
___srad com 20 Treads_concluida___
___srad com 22 Treads___
Tempo total: 10393.943 ms
	Time:	0:00:10
	Energy:	0.0008 kWh
	CO2eq:	0.0751 g
	0.0007 km travelled by car
	Time:	0:00:10
	Energy:	0.0008 kWh
	CO2eq:	0.0751 g
	0.0007 km travelled by car
___srad com 22 Treads_concluida___
___srad com 24 Treads___
Tempo total: 9808.478 ms
	Time:	0:00:10
	Energy:	0.0007 kWh
	CO2eq:	0.0737 g
	0.0007 km travelled by car
	Time:	0:00:10
	Energy:	0.0007 kWh
	CO2eq:	0.0737 g
	0.0007 km travelled by car
___srad com 24 Treads_concluida___
___srad com 26 Treads___
Tempo total: 9630.622 ms
	Time:	0:00:10
	Energy:	0.0008 kWh
	CO2eq:	0.0754 g
	0.0007 km travelled by car
	Time:	0:00:10
	Energy:	0.0008 kWh
	CO2eq:	0.0754 g
	0.0007 km travelled by car
___srad com 26 Treads_concluida___
___srad com 28 Treads___
Tempo total: 9371.864 ms
	Time:	0:00:09
	Energy:	0.0008 kWh
	CO2eq:	0.0755 g
	0.0007 km travelled by car
	Time:	0:00:09
	Energy:	0.0008 kWh
	CO2eq:	0.0755 g
	0.0007 km travelled by car
___srad com 28 Treads_concluida___
___srad com 30 Treads___
Tempo total: 9327.576 ms
	Time:	0:00:09
	Energy:	0.0008 kWh
	CO2eq:	0.0777 g
	0.0007 km travelled by car
	Time:	0:00:09
	Energy:	0.0008 kWh
	CO2eq:	0.0777 g
	0.0007 km travelled by car
___srad com 30 Treads_concluida___
___srad com 32 Treads___
Tempo total: 9293.853 ms
	Time:	0:00:09
	Energy:	0.0008 kWh
	CO2eq:	0.0795 g
	0.0007 km travelled by car
	Time:	0:00:09
	Energy:	0.0008 kWh
	CO2eq:	0.0795 g
	0.0007 km travelled by car
___srad com 32 Treads_concluida___
___Fim de srad___:

