Numero de CPUs logicos (threads): 32
Numero de núcleos fisicos: 24
Start -> kmeans
compilando kmeans...
cd kmeans_serial; make clean
make[1]: Entering directory '/scratch/acsilveira/rodinia_novos/openmp/kmeans/kmeans_serial'
rm -f *.o *~ kmeans 
make[1]: Leaving directory '/scratch/acsilveira/rodinia_novos/openmp/kmeans/kmeans_serial'
cd kmeans_openmp; make clean
make[1]: Entering directory '/scratch/acsilveira/rodinia_novos/openmp/kmeans/kmeans_openmp'
rm -f *.o *~ kmeans 
make[1]: Leaving directory '/scratch/acsilveira/rodinia_novos/openmp/kmeans/kmeans_openmp'
cd kmeans_openmp; make
make[1]: Entering directory '/scratch/acsilveira/rodinia_novos/openmp/kmeans/kmeans_openmp'
gcc -g -fopenmp -O2  cluster.c -c
gcc -g -fopenmp -O2  getopt.c -c
gcc -g -fopenmp -O2  kmeans.c -c
gcc -g -fopenmp -O2  kmeans_clustering.c -c
gcc -g -fopenmp -O2  cluster.o getopt.o kmeans.o kmeans_clustering.o  -o kmeans
make[1]: Leaving directory '/scratch/acsilveira/rodinia_novos/openmp/kmeans/kmeans_openmp'
cd kmeans_serial; make
make[1]: Entering directory '/scratch/acsilveira/rodinia_novos/openmp/kmeans/kmeans_serial'
gcc -g -fopenmp -O2  cluster.c -c
gcc -g -fopenmp -O2  getopt.c -c
gcc -g -fopenmp -O2  kmeans.c -c
gcc -g -fopenmp -O2  kmeans_clustering.c -c
gcc -g -fopenmp -O2  cluster.o getopt.o kmeans.o kmeans_clustering.o  -o kmeans
make[1]: Leaving directory '/scratch/acsilveira/rodinia_novos/openmp/kmeans/kmeans_serial'
___Executando kmeans___:
___kmeans com 2 Treads___
Time for process: 118.557116
Tempo total: 118887.769 ms
	Time:	0:01:59
	Energy:	0.0033 kWh
	CO2eq:	0.3219 g
	0.0030 km travelled by car
	Time:	0:01:59
	Energy:	0.0033 kWh
	CO2eq:	0.3214 g
	0.0030 km travelled by car
___kmeans com 2 Treads_concluida___
___kmeans com 4 Treads___
Time for process: 59.228379
Tempo total: 59557.943 ms
	Time:	0:01:00
	Energy:	0.0021 kWh
	CO2eq:	0.2091 g
	0.0019 km travelled by car
	Time:	0:01:00
	Energy:	0.0021 kWh
	CO2eq:	0.2091 g
	0.0019 km travelled by car
___kmeans com 4 Treads_concluida___
___kmeans com 6 Treads___
Time for process: 39.934419
Tempo total: 40265.818 ms
	Time:	0:00:40
	Energy:	0.0018 kWh
	CO2eq:	0.1741 g
	0.0016 km travelled by car
	Time:	0:00:40
	Energy:	0.0018 kWh
	CO2eq:	0.1741 g
	0.0016 km travelled by car
___kmeans com 6 Treads_concluida___
___kmeans com 8 Treads___
Time for process: 29.359329
Tempo total: 29689.734 ms
	Time:	0:00:30
	Energy:	0.0015 kWh
	CO2eq:	0.1503 g
	0.0014 km travelled by car
	Time:	0:00:30
	Energy:	0.0015 kWh
	CO2eq:	0.1503 g
	0.0014 km travelled by car
___kmeans com 8 Treads_concluida___
___kmeans com 10 Treads___
Time for process: 23.885959
Tempo total: 24220.711 ms
	Time:	0:00:24
	Energy:	0.0014 kWh
	CO2eq:	0.1408 g
	0.0013 km travelled by car
	Time:	0:00:24
	Energy:	0.0014 kWh
	CO2eq:	0.1408 g
	0.0013 km travelled by car
___kmeans com 10 Treads_concluida___
___kmeans com 12 Treads___
Time for process: 19.010576
Tempo total: 19341.518 ms
	Time:	0:00:19
	Energy:	0.0013 kWh
	CO2eq:	0.1291 g
	0.0012 km travelled by car
	Time:	0:00:19
	Energy:	0.0013 kWh
	CO2eq:	0.1291 g
	0.0012 km travelled by car
___kmeans com 12 Treads_concluida___
___kmeans com 14 Treads___
Time for process: 17.076154
Tempo total: 17406.511 ms
	Time:	0:00:17
	Energy:	0.0013 kWh
	CO2eq:	0.1288 g
	0.0012 km travelled by car
	Time:	0:00:17
	Energy:	0.0013 kWh
	CO2eq:	0.1288 g
	0.0012 km travelled by car
___kmeans com 14 Treads_concluida___
___kmeans com 16 Treads___
Time for process: 14.887753
Tempo total: 15219.219 ms
	Time:	0:00:15
	Energy:	0.0012 kWh
	CO2eq:	0.1224 g
	0.0011 km travelled by car
	Time:	0:00:15
	Energy:	0.0012 kWh
	CO2eq:	0.1224 g
	0.0011 km travelled by car
___kmeans com 16 Treads_concluida___
___kmeans com 18 Treads___
Time for process: 13.214992
Tempo total: 13545.322 ms
	Time:	0:00:14
	Energy:	0.0012 kWh
	CO2eq:	0.1203 g
	0.0011 km travelled by car
	Time:	0:00:14
	Energy:	0.0012 kWh
	CO2eq:	0.1203 g
	0.0011 km travelled by car
___kmeans com 18 Treads_concluida___
___kmeans com 20 Treads___
Time for process: 11.628919
Tempo total: 11960.374 ms
	Time:	0:00:12
	Energy:	0.0011 kWh
	CO2eq:	0.1126 g
	0.0010 km travelled by car
	Time:	0:00:12
	Energy:	0.0011 kWh
	CO2eq:	0.1126 g
	0.0010 km travelled by car
___kmeans com 20 Treads_concluida___
___kmeans com 22 Treads___
Time for process: 10.280351
Tempo total: 10611.423 ms
	Time:	0:00:11
	Energy:	0.0011 kWh
	CO2eq:	0.1065 g
	0.0010 km travelled by car
	Time:	0:00:11
	Energy:	0.0011 kWh
	CO2eq:	0.1065 g
	0.0010 km travelled by car
___kmeans com 22 Treads_concluida___
___kmeans com 24 Treads___
Time for process: 9.888374
Tempo total: 10219.369 ms
	Time:	0:00:10
	Energy:	0.0011 kWh
	CO2eq:	0.1067 g
	0.0010 km travelled by car
	Time:	0:00:10
	Energy:	0.0011 kWh
	CO2eq:	0.1067 g
	0.0010 km travelled by car
___kmeans com 24 Treads_concluida___
___kmeans com 26 Treads___
Time for process: 9.111991
Tempo total: 9442.377 ms
	Time:	0:00:09
	Energy:	0.0011 kWh
	CO2eq:	0.1048 g
	0.0010 km travelled by car
	Time:	0:00:09
	Energy:	0.0011 kWh
	CO2eq:	0.1048 g
	0.0010 km travelled by car
___kmeans com 26 Treads_concluida___
___kmeans com 28 Treads___
Time for process: 8.427984
Tempo total: 8759.666 ms
	Time:	0:00:09
	Energy:	0.0010 kWh
	CO2eq:	0.1008 g
	0.0009 km travelled by car
	Time:	0:00:09
	Energy:	0.0010 kWh
	CO2eq:	0.1008 g
	0.0009 km travelled by car
___kmeans com 28 Treads_concluida___
___kmeans com 30 Treads___
Time for process: 7.877708
Tempo total: 8208.009 ms
	Time:	0:00:08
	Energy:	0.0010 kWh
	CO2eq:	0.0996 g
	0.0009 km travelled by car
	Time:	0:00:08
	Energy:	0.0010 kWh
	CO2eq:	0.0996 g
	0.0009 km travelled by car
___kmeans com 30 Treads_concluida___
___kmeans com 32 Treads___
Time for process: 7.497042
Tempo total: 7828.803 ms
	Time:	0:00:08
	Energy:	0.0010 kWh
	CO2eq:	0.0991 g
	0.0009 km travelled by car
	Time:	0:00:08
	Energy:	0.0010 kWh
	CO2eq:	0.0991 g
	0.0009 km travelled by car
___kmeans com 32 Treads_concluida___
___Fim de kmeans___:

Start -> leukocyte
compilando leukocyte...
cd OpenMP; make clean
make[1]: Entering directory '/scratch/acsilveira/rodinia_novos/openmp/leukocyte/OpenMP'
rm -f *.o leukocyte
make[1]: Leaving directory '/scratch/acsilveira/rodinia_novos/openmp/leukocyte/OpenMP'
rm -f meschach_lib/meschach.a
cd OpenMP; make
make[1]: Entering directory '/scratch/acsilveira/rodinia_novos/openmp/leukocyte/OpenMP'
gcc  -g -O3 -Wall -fopenmp -I../meschach_lib detect_main.c -c
gcc  -g -O3 -Wall -fopenmp -I../meschach_lib avilib.c -c
gcc  -g -O3 -Wall -fopenmp -I../meschach_lib find_ellipse.c -c
gcc  -g -O3 -Wall -fopenmp -I../meschach_lib track_ellipse.c -c
gcc  -g -O3 -Wall -fopenmp -I../meschach_lib misc_math.c -c
cd ../meschach_lib; ./configure --with-all; make all; make clean
make[2]: Entering directory '/scratch/acsilveira/rodinia_novos/openmp/leukocyte/meschach_lib'
cc -c -O -DHAVE_CONFIG_H copy.c
cc -c -O -DHAVE_CONFIG_H err.c
cc -c -O -DHAVE_CONFIG_H matrixio.c
cc -c -O -DHAVE_CONFIG_H memory.c
cc -c -O -DHAVE_CONFIG_H vecop.c
cc -c -O -DHAVE_CONFIG_H matop.c
cc -c -O -DHAVE_CONFIG_H pxop.c
cc -c -O -DHAVE_CONFIG_H submat.c
cc -c -O -DHAVE_CONFIG_H init.c
cc -c -O -DHAVE_CONFIG_H otherio.c
cc -c -O -DHAVE_CONFIG_H machine.c
cc -c -O -DHAVE_CONFIG_H matlab.c
cc -c -O -DHAVE_CONFIG_H ivecop.c
cc -c -O -DHAVE_CONFIG_H version.c
cc -c -O -DHAVE_CONFIG_H meminfo.c
cc -c -O -DHAVE_CONFIG_H memstat.c
ar ru meschach.a copy.o err.o matrixio.o memory.o vecop.o matop.o pxop.o submat.o init.o otherio.o machine.o matlab.o ivecop.o version.o meminfo.o memstat.o; ranlib meschach.a
cc -c -O -DHAVE_CONFIG_H lufactor.c
cc -c -O -DHAVE_CONFIG_H bkpfacto.c
cc -c -O -DHAVE_CONFIG_H chfactor.c
cc -c -O -DHAVE_CONFIG_H qrfactor.c
cc -c -O -DHAVE_CONFIG_H solve.c
cc -c -O -DHAVE_CONFIG_H hsehldr.c
cc -c -O -DHAVE_CONFIG_H givens.c
cc -c -O -DHAVE_CONFIG_H update.c
cc -c -O -DHAVE_CONFIG_H norm.c
cc -c -O -DHAVE_CONFIG_H hessen.c
cc -c -O -DHAVE_CONFIG_H symmeig.c
cc -c -O -DHAVE_CONFIG_H schur.c
cc -c -O -DHAVE_CONFIG_H svd.c
cc -c -O -DHAVE_CONFIG_H fft.c
cc -c -O -DHAVE_CONFIG_H mfunc.c
cc -c -O -DHAVE_CONFIG_H bdfactor.c
ar ru meschach.a lufactor.o bkpfacto.o chfactor.o qrfactor.o solve.o hsehldr.o givens.o update.o norm.o hessen.o symmeig.o schur.o svd.o fft.o mfunc.o bdfactor.o; ranlib meschach.a
cc -c -O -DHAVE_CONFIG_H sparse.c
cc -c -O -DHAVE_CONFIG_H sprow.c
cc -c -O -DHAVE_CONFIG_H sparseio.c
cc -c -O -DHAVE_CONFIG_H spchfctr.c
cc -c -O -DHAVE_CONFIG_H splufctr.c
cc -c -O -DHAVE_CONFIG_H spbkp.c
cc -c -O -DHAVE_CONFIG_H spswap.c
cc -c -O -DHAVE_CONFIG_H iter0.c
cc -c -O -DHAVE_CONFIG_H itersym.c
cc -c -O -DHAVE_CONFIG_H iternsym.c
ar ru meschach.a sparse.o sprow.o sparseio.o spchfctr.o splufctr.o spbkp.o spswap.o iter0.o itersym.o iternsym.o; ranlib meschach.a
cc -c -O -DHAVE_CONFIG_H zmachine.c
cc -c -O -DHAVE_CONFIG_H zcopy.c
cc -c -O -DHAVE_CONFIG_H zmatio.c
cc -c -O -DHAVE_CONFIG_H zmemory.c
cc -c -O -DHAVE_CONFIG_H zvecop.c
cc -c -O -DHAVE_CONFIG_H zmatop.c
cc -c -O -DHAVE_CONFIG_H znorm.c
cc -c -O -DHAVE_CONFIG_H zfunc.c
ar ru meschach.a zmachine.o zcopy.o zmatio.o zmemory.o zvecop.o zmatop.o znorm.o zfunc.o ; ranlib meschach.a
cc -c -O -DHAVE_CONFIG_H zlufctr.c
cc -c -O -DHAVE_CONFIG_H zsolve.c
cc -c -O -DHAVE_CONFIG_H zmatlab.c
cc -c -O -DHAVE_CONFIG_H zhsehldr.c
cc -c -O -DHAVE_CONFIG_H zqrfctr.c
cc -c -O -DHAVE_CONFIG_H zgivens.c
cc -c -O -DHAVE_CONFIG_H zhessen.c
cc -c -O -DHAVE_CONFIG_H zschur.c
ar ru meschach.a zlufctr.o zsolve.o zmatlab.o zhsehldr.o zqrfctr.o zgivens.o  zhessen.o zschur.o; ranlib meschach.a
make[2]: Leaving directory '/scratch/acsilveira/rodinia_novos/openmp/leukocyte/meschach_lib'
make[2]: Entering directory '/scratch/acsilveira/rodinia_novos/openmp/leukocyte/meschach_lib'
/bin/rm -f *.o core asx5213a.mat iotort.dat 
make[2]: Leaving directory '/scratch/acsilveira/rodinia_novos/openmp/leukocyte/meschach_lib'
gcc -g -O3 -Wall -fopenmp -I../meschach_lib -lm avilib.o find_ellipse.o track_ellipse.o misc_math.o detect_main.o -o leukocyte -lm ../meschach_lib/meschach.a -lpthread
make[1]: Leaving directory '/scratch/acsilveira/rodinia_novos/openmp/leukocyte/OpenMP'
___Executando leukocyte___:
___leukocyte com 2 Treads___
Total application run time: 293.90521 seconds
Tempo total: 293973.262 ms
	Time:	0:04:54
	Energy:	0.0086 kWh
	CO2eq:	0.8493 g
	0.0079 km travelled by car
	Time:	0:04:54
	Energy:	0.0086 kWh
	CO2eq:	0.8493 g
	0.0079 km travelled by car
___leukocyte com 2 Treads_concluida___
___leukocyte com 4 Treads___
Total application run time: 154.48862 seconds
Tempo total: 154558.483 ms
	Time:	0:02:35
	Energy:	0.0061 kWh
	CO2eq:	0.5954 g
	0.0055 km travelled by car
	Time:	0:02:35
	Energy:	0.0061 kWh
	CO2eq:	0.5954 g
	0.0055 km travelled by car
___leukocyte com 4 Treads_concluida___
___leukocyte com 6 Treads___
Total application run time: 104.20718 seconds
Tempo total: 104277.199 ms
	Time:	0:01:44
	Energy:	0.0052 kWh
	CO2eq:	0.5082 g
	0.0047 km travelled by car
	Time:	0:01:44
	Energy:	0.0052 kWh
	CO2eq:	0.5082 g
	0.0047 km travelled by car
___leukocyte com 6 Treads_concluida___
___leukocyte com 8 Treads___
Total application run time: 89.85118 seconds
Tempo total: 89921.801 ms
	Time:	0:01:30
	Energy:	0.0049 kWh
	CO2eq:	0.4797 g
	0.0045 km travelled by car
	Time:	0:01:30
	Energy:	0.0049 kWh
	CO2eq:	0.4797 g
	0.0045 km travelled by car
___leukocyte com 8 Treads_concluida___
___leukocyte com 10 Treads___
Total application run time: 71.27258 seconds
Tempo total: 71342.812 ms
	Time:	0:01:11
	Energy:	0.0045 kWh
	CO2eq:	0.4459 g
	0.0041 km travelled by car
	Time:	0:01:11
	Energy:	0.0045 kWh
	CO2eq:	0.4459 g
	0.0041 km travelled by car
___leukocyte com 10 Treads_concluida___
___leukocyte com 12 Treads___
Total application run time: 54.93970 seconds
Tempo total: 55013.219 ms
	Time:	0:00:55
	Energy:	0.0042 kWh
	CO2eq:	0.4161 g
	0.0039 km travelled by car
	Time:	0:00:55
	Energy:	0.0042 kWh
	CO2eq:	0.4156 g
	0.0039 km travelled by car
___leukocyte com 12 Treads_concluida___
___leukocyte com 14 Treads___
Total application run time: 54.64374 seconds
Tempo total: 54714.071 ms
	Time:	0:00:55
	Energy:	0.0042 kWh
	CO2eq:	0.4147 g
	0.0039 km travelled by car
	Time:	0:00:55
	Energy:	0.0042 kWh
	CO2eq:	0.4147 g
	0.0039 km travelled by car
___leukocyte com 14 Treads_concluida___
___leukocyte com 16 Treads___
Total application run time: 53.88100 seconds
Tempo total: 53951.827 ms
	Time:	0:00:54
	Energy:	0.0042 kWh
	CO2eq:	0.4105 g
	0.0038 km travelled by car
	Time:	0:00:54
	Energy:	0.0042 kWh
	CO2eq:	0.4105 g
	0.0038 km travelled by car
___leukocyte com 16 Treads_concluida___
___leukocyte com 18 Treads___
Total application run time: 40.04652 seconds
Tempo total: 40118.127 ms
	Time:	0:00:40
	Energy:	0.0039 kWh
	CO2eq:	0.3804 g
	0.0035 km travelled by car
	Time:	0:00:40
	Energy:	0.0039 kWh
	CO2eq:	0.3804 g
	0.0035 km travelled by car
___leukocyte com 18 Treads_concluida___
___leukocyte com 20 Treads___
Total application run time: 37.82280 seconds
Tempo total: 37894.140 ms
	Time:	0:00:38
	Energy:	0.0038 kWh
	CO2eq:	0.3751 g
	0.0035 km travelled by car
	Time:	0:00:38
	Energy:	0.0038 kWh
	CO2eq:	0.3751 g
	0.0035 km travelled by car
___leukocyte com 20 Treads_concluida___
___leukocyte com 22 Treads___
Total application run time: 37.78598 seconds
Tempo total: 37857.562 ms
	Time:	0:00:38
	Energy:	0.0038 kWh
	CO2eq:	0.3723 g
	0.0035 km travelled by car
	Time:	0:00:38
	Energy:	0.0038 kWh
	CO2eq:	0.3723 g
	0.0035 km travelled by car
___leukocyte com 22 Treads_concluida___
___leukocyte com 24 Treads___
Total application run time: 37.85007 seconds
Tempo total: 37921.729 ms
	Time:	0:00:38
	Energy:	0.0037 kWh
	CO2eq:	0.3660 g
	0.0034 km travelled by car
	Time:	0:00:38
	Energy:	0.0037 kWh
	CO2eq:	0.3660 g
	0.0034 km travelled by car
___leukocyte com 24 Treads_concluida___
___leukocyte com 26 Treads___
Total application run time: 37.89161 seconds
Tempo total: 37964.268 ms
	Time:	0:00:38
	Energy:	0.0037 kWh
	CO2eq:	0.3643 g
	0.0034 km travelled by car
	Time:	0:00:38
	Energy:	0.0037 kWh
	CO2eq:	0.3643 g
	0.0034 km travelled by car
___leukocyte com 26 Treads_concluida___
___leukocyte com 28 Treads___
Total application run time: 37.90383 seconds
Tempo total: 37977.489 ms
	Time:	0:00:38
	Energy:	0.0037 kWh
	CO2eq:	0.3601 g
	0.0034 km travelled by car
	Time:	0:00:38
	Energy:	0.0037 kWh
	CO2eq:	0.3601 g
	0.0034 km travelled by car
___leukocyte com 28 Treads_concluida___
___leukocyte com 30 Treads___
Total application run time: 37.17393 seconds
Tempo total: 37247.792 ms
	Time:	0:00:37
	Energy:	0.0036 kWh
	CO2eq:	0.3540 g
	0.0033 km travelled by car
	Time:	0:00:37
	Energy:	0.0036 kWh
	CO2eq:	0.3540 g
	0.0033 km travelled by car
___leukocyte com 30 Treads_concluida___
___leukocyte com 32 Treads___
Total application run time: 36.56097 seconds
Tempo total: 36635.450 ms
	Time:	0:00:37
	Energy:	0.0035 kWh
	CO2eq:	0.3470 g
	0.0032 km travelled by car
	Time:	0:00:37
	Energy:	0.0035 kWh
	CO2eq:	0.3470 g
	0.0032 km travelled by car
___leukocyte com 32 Treads_concluida___
___Fim de leukocyte___:

Start -> backprop
compilando backprop...
rm -f *.o *~ backprop backprop_cuda.linkinfo
gcc -g -fopenmp  -O2 backprop.c -c
gcc -g -fopenmp  -O2 facetrain.c -c
gcc -g -fopenmp  -O2 imagenet.c -c
gcc -g -fopenmp  -O2 backprop_kernel.c -c
gcc -g -fopenmp  -O2 backprop.o facetrain.o imagenet.o backprop_kernel.o -o backprop -lm
___Executando backprop___:
___backprop com 2 Treads___
Tempo total: 16257.796 ms
	Time:	0:00:16
	Energy:	0.0004 kWh
	CO2eq:	0.0397 g
	0.0004 km travelled by car
	Time:	0:00:16
	Energy:	0.0004 kWh
	CO2eq:	0.0397 g
	0.0004 km travelled by car
___backprop com 2 Treads_concluida___
___backprop com 4 Treads___
Tempo total: 13965.224 ms
	Time:	0:00:14
	Energy:	0.0004 kWh
	CO2eq:	0.0359 g
	0.0003 km travelled by car
	Time:	0:00:14
	Energy:	0.0004 kWh
	CO2eq:	0.0359 g
	0.0003 km travelled by car
___backprop com 4 Treads_concluida___
___backprop com 6 Treads___
Tempo total: 13314.372 ms
	Time:	0:00:13
	Energy:	0.0004 kWh
	CO2eq:	0.0346 g
	0.0003 km travelled by car
	Time:	0:00:13
	Energy:	0.0004 kWh
	CO2eq:	0.0346 g
	0.0003 km travelled by car
___backprop com 6 Treads_concluida___
___backprop com 8 Treads___
Tempo total: 12721.351 ms
	Time:	0:00:13
	Energy:	0.0003 kWh
	CO2eq:	0.0324 g
	0.0003 km travelled by car
	Time:	0:00:13
	Energy:	0.0003 kWh
	CO2eq:	0.0324 g
	0.0003 km travelled by car
___backprop com 8 Treads_concluida___
___backprop com 10 Treads___
Tempo total: 12996.493 ms
	Time:	0:00:13
	Energy:	0.0003 kWh
	CO2eq:	0.0316 g
	0.0003 km travelled by car
	Time:	0:00:13
	Energy:	0.0003 kWh
	CO2eq:	0.0326 g
	0.0003 km travelled by car
___backprop com 10 Treads_concluida___
___backprop com 12 Treads___
Tempo total: 12729.858 ms
	Time:	0:00:13
	Energy:	0.0003 kWh
	CO2eq:	0.0325 g
	0.0003 km travelled by car
	Time:	0:00:13
	Energy:	0.0003 kWh
	CO2eq:	0.0325 g
	0.0003 km travelled by car
___backprop com 12 Treads_concluida___
___backprop com 14 Treads___
Tempo total: 12787.953 ms
	Time:	0:00:13
	Energy:	0.0003 kWh
	CO2eq:	0.0328 g
	0.0003 km travelled by car
	Time:	0:00:13
	Energy:	0.0003 kWh
	CO2eq:	0.0328 g
	0.0003 km travelled by car
___backprop com 14 Treads_concluida___
___backprop com 16 Treads___
Tempo total: 12458.978 ms
	Time:	0:00:12
	Energy:	0.0003 kWh
	CO2eq:	0.0326 g
	0.0003 km travelled by car
	Time:	0:00:12
	Energy:	0.0003 kWh
	CO2eq:	0.0326 g
	0.0003 km travelled by car
___backprop com 16 Treads_concluida___
___backprop com 18 Treads___
Tempo total: 12191.186 ms
	Time:	0:00:12
	Energy:	0.0003 kWh
	CO2eq:	0.0327 g
	0.0003 km travelled by car
	Time:	0:00:12
	Energy:	0.0003 kWh
	CO2eq:	0.0327 g
	0.0003 km travelled by car
___backprop com 18 Treads_concluida___
___backprop com 20 Treads___
Tempo total: 12238.431 ms
	Time:	0:00:12
	Energy:	0.0003 kWh
	CO2eq:	0.0330 g
	0.0003 km travelled by car
	Time:	0:00:12
	Energy:	0.0003 kWh
	CO2eq:	0.0330 g
	0.0003 km travelled by car
___backprop com 20 Treads_concluida___
___backprop com 22 Treads___
Tempo total: 12439.080 ms
	Time:	0:00:12
	Energy:	0.0003 kWh
	CO2eq:	0.0335 g
	0.0003 km travelled by car
	Time:	0:00:12
	Energy:	0.0003 kWh
	CO2eq:	0.0335 g
	0.0003 km travelled by car
___backprop com 22 Treads_concluida___
___backprop com 24 Treads___
Tempo total: 12368.298 ms
	Time:	0:00:12
	Energy:	0.0003 kWh
	CO2eq:	0.0334 g
	0.0003 km travelled by car
	Time:	0:00:12
	Energy:	0.0003 kWh
	CO2eq:	0.0334 g
	0.0003 km travelled by car
___backprop com 24 Treads_concluida___
___backprop com 26 Treads___
Tempo total: 12413.871 ms
	Time:	0:00:12
	Energy:	0.0003 kWh
	CO2eq:	0.0336 g
	0.0003 km travelled by car
	Time:	0:00:12
	Energy:	0.0003 kWh
	CO2eq:	0.0336 g
	0.0003 km travelled by car
___backprop com 26 Treads_concluida___
___backprop com 28 Treads___
Tempo total: 12126.116 ms
	Time:	0:00:12
	Energy:	0.0003 kWh
	CO2eq:	0.0334 g
	0.0003 km travelled by car
	Time:	0:00:12
	Energy:	0.0003 kWh
	CO2eq:	0.0334 g
	0.0003 km travelled by car
___backprop com 28 Treads_concluida___
___backprop com 30 Treads___
Tempo total: 12224.395 ms
	Time:	0:00:12
	Energy:	0.0003 kWh
	CO2eq:	0.0334 g
	0.0003 km travelled by car
	Time:	0:00:12
	Energy:	0.0003 kWh
	CO2eq:	0.0334 g
	0.0003 km travelled by car
___backprop com 30 Treads_concluida___
___backprop com 32 Treads___
Tempo total: 12278.847 ms
	Time:	0:00:12
	Energy:	0.0003 kWh
	CO2eq:	0.0332 g
	0.0003 km travelled by car
	Time:	0:00:12
	Energy:	0.0003 kWh
	CO2eq:	0.0332 g
	0.0003 km travelled by car
___backprop com 32 Treads_concluida___
___Fim de backprop___:

Start -> cfd
compilando cfd...
rm -f euler3d_cpu
rm -f euler3d_cpu_offload
rm -f euler3d_cpu_double
rm -f pre_euler3d_cpu
rm -f pre_euler3d_cpu_double
g++ -O3 -Dblock_length=8 -fopenmp euler3d_cpu.cpp -o euler3d_cpu
g++ -O3 -Dblock_length=8 -fopenmp euler3d_cpu_double.cpp -o euler3d_cpu_double
g++ -O3 -Dblock_length=8 -fopenmp pre_euler3d_cpu.cpp -o pre_euler3d_cpu
g++ -O3 -Dblock_length=8 -fopenmp pre_euler3d_cpu_double.cpp -o pre_euler3d_cpu_double
icc -g -O3 -DOMP_OFFLOAD -Dblock_length=216 -fopenmp -offload-option,mic,compiler,"-no-opt-prefetch" euler3d_cpu.cpp -o euler3d_cpu_offload
___Executando cfd___:
___cfd com 2 Treads___
Compute time: 44.5636
Tempo total: 45286.039 ms
	Time:	0:00:45
	Energy:	0.0013 kWh
	CO2eq:	0.1242 g
	0.0012 km travelled by car
	Time:	0:00:45
	Energy:	0.0013 kWh
	CO2eq:	0.1242 g
	0.0012 km travelled by car
___cfd com 2 Treads_concluida___
___cfd com 4 Treads___
Compute time: 22.4315
Tempo total: 23151.007 ms
	Time:	0:00:23
	Energy:	0.0009 kWh
	CO2eq:	0.0839 g
	0.0008 km travelled by car
	Time:	0:00:23
	Energy:	0.0009 kWh
	CO2eq:	0.0839 g
	0.0008 km travelled by car
___cfd com 4 Treads_concluida___
___cfd com 6 Treads___
Compute time: 15.0267
Tempo total: 15747.520 ms
	Time:	0:00:16
	Energy:	0.0007 kWh
	CO2eq:	0.0725 g
	0.0007 km travelled by car
	Time:	0:00:16
	Energy:	0.0007 kWh
	CO2eq:	0.0725 g
	0.0007 km travelled by car
___cfd com 6 Treads_concluida___
___cfd com 8 Treads___
Compute time: 11.3365
Tempo total: 12055.640 ms
	Time:	0:00:12
	Energy:	0.0007 kWh
	CO2eq:	0.0655 g
	0.0006 km travelled by car
	Time:	0:00:12
	Energy:	0.0007 kWh
	CO2eq:	0.0655 g
	0.0006 km travelled by car
___cfd com 8 Treads_concluida___
___cfd com 10 Treads___
Compute time: 9.21787
Tempo total: 9937.386 ms
	Time:	0:00:10
	Energy:	0.0006 kWh
	CO2eq:	0.0615 g
	0.0006 km travelled by car
	Time:	0:00:10
	Energy:	0.0006 kWh
	CO2eq:	0.0615 g
	0.0006 km travelled by car
___cfd com 10 Treads_concluida___
___cfd com 12 Treads___
Compute time: 7.66431
Tempo total: 8383.049 ms
	Time:	0:00:08
	Energy:	0.0006 kWh
	CO2eq:	0.0583 g
	0.0005 km travelled by car
	Time:	0:00:08
	Energy:	0.0006 kWh
	CO2eq:	0.0583 g
	0.0005 km travelled by car
___cfd com 12 Treads_concluida___
___cfd com 14 Treads___
Compute time: 6.56967
Tempo total: 7289.955 ms
	Time:	0:00:07
	Energy:	0.0006 kWh
	CO2eq:	0.0556 g
	0.0005 km travelled by car
	Time:	0:00:07
	Energy:	0.0006 kWh
	CO2eq:	0.0556 g
	0.0005 km travelled by car
___cfd com 14 Treads_concluida___
___cfd com 16 Treads___
Compute time: 5.77988
Tempo total: 6503.928 ms
	Time:	0:00:07
	Energy:	0.0006 kWh
	CO2eq:	0.0547 g
	0.0005 km travelled by car
	Time:	0:00:07
	Energy:	0.0006 kWh
	CO2eq:	0.0547 g
	0.0005 km travelled by car
___cfd com 16 Treads_concluida___
___cfd com 18 Treads___
Compute time: 6.0142
Tempo total: 6734.694 ms
	Time:	0:00:07
	Energy:	0.0006 kWh
	CO2eq:	0.0569 g
	0.0005 km travelled by car
	Time:	0:00:07
	Energy:	0.0006 kWh
	CO2eq:	0.0569 g
	0.0005 km travelled by car
___cfd com 18 Treads_concluida___
___cfd com 20 Treads___
Compute time: 5.5189
Tempo total: 6240.255 ms
	Time:	0:00:06
	Energy:	0.0006 kWh
	CO2eq:	0.0556 g
	0.0005 km travelled by car
	Time:	0:00:06
	Energy:	0.0006 kWh
	CO2eq:	0.0556 g
	0.0005 km travelled by car
___cfd com 20 Treads_concluida___
___cfd com 22 Treads___
Compute time: 5.04061
Tempo total: 5759.854 ms
	Time:	0:00:06
	Energy:	0.0006 kWh
	CO2eq:	0.0542 g
	0.0005 km travelled by car
	Time:	0:00:06
	Energy:	0.0006 kWh
	CO2eq:	0.0542 g
	0.0005 km travelled by car
___cfd com 22 Treads_concluida___
___cfd com 24 Treads___
Compute time: 4.58163
Tempo total: 5304.096 ms
	Time:	0:00:05
	Energy:	0.0005 kWh
	CO2eq:	0.0509 g
	0.0005 km travelled by car
	Time:	0:00:05
	Energy:	0.0005 kWh
	CO2eq:	0.0509 g
	0.0005 km travelled by car
___cfd com 24 Treads_concluida___
___cfd com 26 Treads___
Compute time: 4.29258
Tempo total: 5013.560 ms
	Time:	0:00:05
	Energy:	0.0005 kWh
	CO2eq:	0.0464 g
	0.0004 km travelled by car
	Time:	0:00:05
	Energy:	0.0005 kWh
	CO2eq:	0.0464 g
	0.0004 km travelled by car
___cfd com 26 Treads_concluida___
___cfd com 28 Treads___
Compute time: 3.9875
Tempo total: 4707.513 ms
	Time:	0:00:05
	Energy:	0.0005 kWh
	CO2eq:	0.0483 g
	0.0004 km travelled by car
	Time:	0:00:05
	Energy:	0.0005 kWh
	CO2eq:	0.0483 g
	0.0004 km travelled by car
___cfd com 28 Treads_concluida___
___cfd com 30 Treads___
Compute time: 3.75465
Tempo total: 4475.183 ms
	Time:	0:00:04
	Energy:	0.0005 kWh
	CO2eq:	0.0479 g
	0.0004 km travelled by car
	Time:	0:00:04
	Energy:	0.0005 kWh
	CO2eq:	0.0479 g
	0.0004 km travelled by car
___cfd com 30 Treads_concluida___
___cfd com 32 Treads___
Compute time: 3.54786
Tempo total: 4269.208 ms
	Time:	0:00:04
	Energy:	0.0005 kWh
	CO2eq:	0.0477 g
	0.0004 km travelled by car
	Time:	0:00:04
	Energy:	0.0005 kWh
	CO2eq:	0.0477 g
	0.0004 km travelled by car
___cfd com 32 Treads_concluida___
___Fim de cfd___:

Start -> srad
compilando srad...
cd srad_v1; 	make clean
make[1]: Entering directory '/scratch/acsilveira/rodinia_novos/openmp/srad/srad_v1'
rm *.o srad
make[1]: Leaving directory '/scratch/acsilveira/rodinia_novos/openmp/srad/srad_v1'
cd srad_v2; 	make clean
make[1]: Entering directory '/scratch/acsilveira/rodinia_novos/openmp/srad/srad_v2'
rm -f srad
make[1]: Leaving directory '/scratch/acsilveira/rodinia_novos/openmp/srad/srad_v2'
cd srad_v1; 	make
make[1]: Entering directory '/scratch/acsilveira/rodinia_novos/openmp/srad/srad_v1'
gcc	main.c \
		-c -O3 -fopenmp
gcc	main.o \
		-lm -fopenmp -o srad
make[1]: Leaving directory '/scratch/acsilveira/rodinia_novos/openmp/srad/srad_v1'
cd srad_v2; 	make
make[1]: Entering directory '/scratch/acsilveira/rodinia_novos/openmp/srad/srad_v2'
g++ -g -fopenmp -O2 -lm srad.cpp -o srad 
make[1]: Leaving directory '/scratch/acsilveira/rodinia_novos/openmp/srad/srad_v2'
___Executando srad___:
___srad com 2 Treads___
Tempo total: 41072.656 ms
	Time:	0:00:41
	Energy:	0.0011 kWh
	CO2eq:	0.1108 g
	0.0010 km travelled by car
	Time:	0:00:41
	Energy:	0.0011 kWh
	CO2eq:	0.1108 g
	0.0010 km travelled by car
___srad com 2 Treads_concluida___
___srad com 4 Treads___
Tempo total: 19812.832 ms
	Time:	0:00:20
	Energy:	0.0007 kWh
	CO2eq:	0.0695 g
	0.0006 km travelled by car
	Time:	0:00:20
	Energy:	0.0007 kWh
	CO2eq:	0.0695 g
	0.0006 km travelled by car
___srad com 4 Treads_concluida___
___srad com 6 Treads___
Tempo total: 14192.479 ms
	Time:	0:00:14
	Energy:	0.0006 kWh
	CO2eq:	0.0614 g
	0.0006 km travelled by car
	Time:	0:00:14
	Energy:	0.0006 kWh
	CO2eq:	0.0614 g
	0.0006 km travelled by car
___srad com 6 Treads_concluida___
___srad com 8 Treads___
Tempo total: 11617.026 ms
	Time:	0:00:12
	Energy:	0.0006 kWh
	CO2eq:	0.0577 g
	0.0005 km travelled by car
	Time:	0:00:12
	Energy:	0.0006 kWh
	CO2eq:	0.0577 g
	0.0005 km travelled by car
___srad com 8 Treads_concluida___
___srad com 10 Treads___
Tempo total: 9838.752 ms
	Time:	0:00:10
	Energy:	0.0006 kWh
	CO2eq:	0.0550 g
	0.0005 km travelled by car
	Time:	0:00:10
	Energy:	0.0006 kWh
	CO2eq:	0.0550 g
	0.0005 km travelled by car
___srad com 10 Treads_concluida___
___srad com 12 Treads___
Tempo total: 8850.233 ms
	Time:	0:00:09
	Energy:	0.0006 kWh
	CO2eq:	0.0542 g
	0.0005 km travelled by car
	Time:	0:00:09
	Energy:	0.0005 kWh
	CO2eq:	0.0530 g
	0.0005 km travelled by car
___srad com 12 Treads_concluida___
___srad com 14 Treads___
Tempo total: 8483.430 ms
	Time:	0:00:08
	Energy:	0.0006 kWh
	CO2eq:	0.0559 g
	0.0005 km travelled by car
	Time:	0:00:08
	Energy:	0.0006 kWh
	CO2eq:	0.0559 g
	0.0005 km travelled by car
___srad com 14 Treads_concluida___
___srad com 16 Treads___
Tempo total: 8375.147 ms
	Time:	0:00:08
	Energy:	0.0006 kWh
	CO2eq:	0.0587 g
	0.0005 km travelled by car
	Time:	0:00:08
	Energy:	0.0006 kWh
	CO2eq:	0.0587 g
	0.0005 km travelled by car
___srad com 16 Treads_concluida___
___srad com 18 Treads___
Tempo total: 8801.670 ms
	Time:	0:00:09
	Energy:	0.0006 kWh
	CO2eq:	0.0632 g
	0.0006 km travelled by car
	Time:	0:00:09
	Energy:	0.0006 kWh
	CO2eq:	0.0632 g
	0.0006 km travelled by car
___srad com 18 Treads_concluida___
___srad com 20 Treads___
Tempo total: 10689.081 ms
	Time:	0:00:11
	Energy:	0.0008 kWh
	CO2eq:	0.0741 g
	0.0007 km travelled by car
	Time:	0:00:11
	Energy:	0.0008 kWh
	CO2eq:	0.0741 g
	0.0007 km travelled by car
___srad com 20 Treads_concluida___
___srad com 22 Treads___
Tempo total: 10357.485 ms
	Time:	0:00:10
	Energy:	0.0008 kWh
	CO2eq:	0.0747 g
	0.0007 km travelled by car
	Time:	0:00:10
	Energy:	0.0008 kWh
	CO2eq:	0.0747 g
	0.0007 km travelled by car
___srad com 22 Treads_concluida___
___srad com 24 Treads___
Tempo total: 9816.031 ms
	Time:	0:00:10
	Energy:	0.0008 kWh
	CO2eq:	0.0738 g
	0.0007 km travelled by car
	Time:	0:00:10
	Energy:	0.0008 kWh
	CO2eq:	0.0738 g
	0.0007 km travelled by car
___srad com 24 Treads_concluida___
___srad com 26 Treads___
Tempo total: 9604.915 ms
	Time:	0:00:10
	Energy:	0.0008 kWh
	CO2eq:	0.0751 g
	0.0007 km travelled by car
	Time:	0:00:10
	Energy:	0.0008 kWh
	CO2eq:	0.0751 g
	0.0007 km travelled by car
___srad com 26 Treads_concluida___
___srad com 28 Treads___
Tempo total: 9356.845 ms
	Time:	0:00:09
	Energy:	0.0008 kWh
	CO2eq:	0.0753 g
	0.0007 km travelled by car
	Time:	0:00:09
	Energy:	0.0008 kWh
	CO2eq:	0.0753 g
	0.0007 km travelled by car
___srad com 28 Treads_concluida___
___srad com 30 Treads___
Tempo total: 9292.679 ms
	Time:	0:00:09
	Energy:	0.0008 kWh
	CO2eq:	0.0777 g
	0.0007 km travelled by car
	Time:	0:00:09
	Energy:	0.0008 kWh
	CO2eq:	0.0777 g
	0.0007 km travelled by car
___srad com 30 Treads_concluida___
___srad com 32 Treads___
Tempo total: 9287.365 ms
	Time:	0:00:09
	Energy:	0.0008 kWh
	CO2eq:	0.0792 g
	0.0007 km travelled by car
	Time:	0:00:09
	Energy:	0.0008 kWh
	CO2eq:	0.0792 g
	0.0007 km travelled by car
___srad com 32 Treads_concluida___
___Fim de srad___:

