/home/users/acsilveira/hpc-benchmarks/parboil/common/mk/Makefile:21: /home/users/acsilveira/hpc-benchmarks/parboil/common/mk/en_US:en.mk: No such file or directory
make: *** No rule to make target '/home/users/acsilveira/hpc-benchmarks/parboil/common/mk/en_US:en.mk'.  Stop.
<command-line>: warning: "_OPENMP" redefined
<built-in>: note: this is the location of the previous definition
<command-line>: warning: "_OPENMP" redefined
<built-in>: note: this is the location of the previous definition
<command-line>: warning: "_OPENMP" redefined
<built-in>: note: this is the location of the previous definition
/usr/bin/ld: build/omp_base_default/main.o: in function `main':
main.c:(.text+0x2bc): undefined reference to `ComputePhiMagCPU'
/usr/bin/ld: main.c:(.text+0x357): undefined reference to `ComputeQCPU'
collect2: error: ld returned 1 exit status
make: *** [/home/users/acsilveira/hpc-benchmarks/parboil/common/mk/c.mk:70: build/omp_base_default/mri-q] Error 1
/usr/bin/ld: build/omp_base_default/main.o: in function `main':
main.c:(.text+0x2bc): undefined reference to `ComputePhiMagCPU'
/usr/bin/ld: main.c:(.text+0x357): undefined reference to `ComputeQCPU'
collect2: error: ld returned 1 exit status
make: *** [/home/users/acsilveira/hpc-benchmarks/parboil/common/mk/c.mk:70: build/omp_base_default/mri-q] Error 1
/usr/bin/ld: build/omp_base_default/main.o: in function `main':
main.c:(.text+0x2bc): undefined reference to `ComputePhiMagCPU'
/usr/bin/ld: main.c:(.text+0x357): undefined reference to `ComputeQCPU'
collect2: error: ld returned 1 exit status
make: *** [/home/users/acsilveira/hpc-benchmarks/parboil/common/mk/c.mk:70: build/omp_base_default/mri-q] Error 1
/usr/bin/ld: build/omp_base_default/main.o: in function `main':
main.c:(.text+0x2bc): undefined reference to `ComputePhiMagCPU'
/usr/bin/ld: main.c:(.text+0x357): undefined reference to `ComputeQCPU'
collect2: error: ld returned 1 exit status
make: *** [/home/users/acsilveira/hpc-benchmarks/parboil/common/mk/c.mk:70: build/omp_base_default/mri-q] Error 1
/usr/bin/ld: build/omp_base_default/main.o: in function `main':
main.c:(.text+0x2bc): undefined reference to `ComputePhiMagCPU'
/usr/bin/ld: main.c:(.text+0x357): undefined reference to `ComputeQCPU'
collect2: error: ld returned 1 exit status
make: *** [/home/users/acsilveira/hpc-benchmarks/parboil/common/mk/c.mk:70: build/omp_base_default/mri-q] Error 1
/usr/bin/ld: build/omp_base_default/main.o: in function `main':
main.c:(.text+0x2bc): undefined reference to `ComputePhiMagCPU'
/usr/bin/ld: main.c:(.text+0x357): undefined reference to `ComputeQCPU'
collect2: error: ld returned 1 exit status
make: *** [/home/users/acsilveira/hpc-benchmarks/parboil/common/mk/c.mk:70: build/omp_base_default/mri-q] Error 1
/usr/bin/ld: build/omp_base_default/main.o: in function `main':
main.c:(.text+0x2bc): undefined reference to `ComputePhiMagCPU'
/usr/bin/ld: main.c:(.text+0x357): undefined reference to `ComputeQCPU'
collect2: error: ld returned 1 exit status
make: *** [/home/users/acsilveira/hpc-benchmarks/parboil/common/mk/c.mk:70: build/omp_base_default/mri-q] Error 1
/usr/bin/ld: build/omp_base_default/main.o: in function `main':
main.c:(.text+0x2bc): undefined reference to `ComputePhiMagCPU'
/usr/bin/ld: main.c:(.text+0x357): undefined reference to `ComputeQCPU'
collect2: error: ld returned 1 exit status
make: *** [/home/users/acsilveira/hpc-benchmarks/parboil/common/mk/c.mk:70: build/omp_base_default/mri-q] Error 1
/usr/bin/ld: build/omp_base_default/main.o: in function `main':
main.c:(.text+0x2bc): undefined reference to `ComputePhiMagCPU'
/usr/bin/ld: main.c:(.text+0x357): undefined reference to `ComputeQCPU'
collect2: error: ld returned 1 exit status
make: *** [/home/users/acsilveira/hpc-benchmarks/parboil/common/mk/c.mk:70: build/omp_base_default/mri-q] Error 1
hotspot_openmp.cpp: In function 'void read_input(FLOAT*, int, int, char*)':
hotspot_openmp.cpp:245:24: warning: ISO C++ forbids converting a string constant to 'char*' [-Wwrite-strings]
  245 |                 fatal ("file could not be opened for reading");
      |                        ^~~~~~~~~~~~~~~~~~~~~~~~~~~~~~~~~~~~~~
hotspot_openmp.cpp:250:31: warning: ISO C++ forbids converting a string constant to 'char*' [-Wwrite-strings]
  250 |                         fatal("not enough lines in file");
      |                               ^~~~~~~~~~~~~~~~~~~~~~~~~~
hotspot_openmp.cpp:252:31: warning: ISO C++ forbids converting a string constant to 'char*' [-Wwrite-strings]
  252 |                         fatal("invalid file format");
      |                               ^~~~~~~~~~~~~~~~~~~~~
hotspot_openmp.cpp: In function 'int main(int, char**)':
hotspot_openmp.cpp:293:23: warning: ISO C++ forbids converting a string constant to 'char*' [-Wwrite-strings]
  293 |                 fatal("unable to allocate memory");
      |                       ^~~~~~~~~~~~~~~~~~~~~~~~~~~
../common/common.c: In function 'lud_verify':
../common/common.c:187:1: warning: control reaches end of non-void function [-Wreturn-type]
  187 | }
      | ^
../common/common.c: In function 'create_matrix_from_random':
../common/common.c:123:7: warning: 'm' may be used uninitialized [-Wmaybe-uninitialized]
  123 |   *mp = m;
      |   ~~~~^~~
../common/common.c:76:18: note: 'm' was declared here
   76 |   float *l, *u, *m;
      |                  ^
read 65536 points
finish local search
read 65536 points
finish local search
read 65536 points
finish local search
read 65536 points
finish local search
read 65536 points
finish local search
read 65536 points
finish local search
read 65536 points
finish local search
read 65536 points
finish local search
