Numero de CPUs logicos (threads): 16
Numero de núcleos fisicos: 8
Entrando -> PARBOIL
Inicia py2

 Start Clean
rm -f build/opencl_base_default/*
if [ -d build/opencl_base_default ]; then rmdir build/opencl_base_default; fi
rm -f build/omp_base_default/*
if [ -d build/omp_base_default ]; then rmdir build/omp_base_default; fi
rm -rf build/cuda_base_default/*
if [ -d build/cuda_base_default ]; then rmdir build/cuda_base_default; fi
rm -f build/base_default/*
if [ -d build/base_default ]; then rmdir build/base_default; fi
rm -f build/opencl_nvidia_default/*
if [ -d build/opencl_nvidia_default ]; then rmdir build/opencl_nvidia_default; fi
rm -rf build/cuda_default/*
if [ -d build/cuda_default ]; then rmdir build/cuda_default; fi
Parboil parallel benchmark suite, version 0.2


 Start Compile
mkdir -p build/omp_base_default
g++ -I/home/users/acsilveira/hpc-benchmarks/parboil/common/include -I/usr/local/cuda/include  -ffast-math -fopenmp -c src/omp_base/main.cc -o build/omp_base_default/main.o
gcc -I/home/users/acsilveira/hpc-benchmarks/parboil/common/include -I/usr/local/cuda/include  -ffast-math -fopenmp -c /home/users/acsilveira/hpc-benchmarks/parboil/common/src/parboil.c -o build/omp_base_default/parboil.o
g++ build/omp_base_default/main.o build/omp_base_default/parboil.o -o build/omp_base_default/bfs  -lm -lpthread -lm -lstdc++ -lgomp
Parboil parallel benchmark suite, version 0.2



___Executando bfs ___:___bfs com 2 Treads___
CarbonTracker: The following components were found: GPU with device(s) NVIDIA GeForce RTX 4090. CPU with device(s) cpu:0.
CarbonTracker: WARNING - Failed to retrieve carbon intensity: Defaulting to average carbon intensity 141.77426 gCO2/kWh.
IO        : 2.389957
Compute   : 2.743935
Timer Wall Time: 5.133898
Pass
Parboil parallel benchmark suite, version 0.2

CarbonTracker: WARNING - Failed to retrieve carbon intensity: Defaulting to average carbon intensity 141.77426 gCO2/kWh.
CarbonTracker: Average carbon intensity during training was 141.77 gCO2/kWh at detected location: Porto Alegre, Rio Grande do Sul, BR.
CarbonTracker: 
Actual consumption for 1 epoch(s):
	Time:	0:00:09
	Energy:	0.0002 kWh
	CO2eq:	0.0279 g
	This is equivalent to:
	0.0003 km travelled by car
CarbonTracker: WARNING - Failed to retrieve carbon intensity: Defaulting to average carbon intensity 141.77426 gCO2/kWh.
CarbonTracker: Live carbon intensity could not be fetched at detected location: Porto Alegre, Rio Grande do Sul, BR. Defaulted to average carbon intensity for BR in 2021 of 141.77 gCO2/kWh. at detected location: Porto Alegre, Rio Grande do Sul, BR.
CarbonTracker: 
Predicted consumption for 1 epoch(s):
	Time:	0:00:09
	Energy:	0.0002 kWh
	CO2eq:	0.0279 g
	This is equivalent to:
	0.0003 km travelled by car
CarbonTracker: Finished monitoring.
___bfs com 2 Treads_concluida___
___bfs com 4 Treads___
CarbonTracker: The following components were found: GPU with device(s) NVIDIA GeForce RTX 4090. CPU with device(s) cpu:0.
CarbonTracker: WARNING - Failed to retrieve carbon intensity: Defaulting to average carbon intensity 141.77426 gCO2/kWh.
IO        : 2.637807
Compute   : 3.294853
Timer Wall Time: 5.932668
Pass
Parboil parallel benchmark suite, version 0.2

CarbonTracker: WARNING - Failed to retrieve carbon intensity: Defaulting to average carbon intensity 141.77426 gCO2/kWh.
CarbonTracker: Average carbon intensity during training was 141.77 gCO2/kWh at detected location: Porto Alegre, Rio Grande do Sul, BR.
CarbonTracker: 
Actual consumption for 1 epoch(s):
	Time:	0:00:10
	Energy:	0.0002 kWh
	CO2eq:	0.0300 g
	This is equivalent to:
	0.0003 km travelled by car
CarbonTracker: WARNING - Failed to retrieve carbon intensity: Defaulting to average carbon intensity 141.77426 gCO2/kWh.
CarbonTracker: Live carbon intensity could not be fetched at detected location: Porto Alegre, Rio Grande do Sul, BR. Defaulted to average carbon intensity for BR in 2021 of 141.77 gCO2/kWh. at detected location: Porto Alegre, Rio Grande do Sul, BR.
CarbonTracker: 
Predicted consumption for 1 epoch(s):
	Time:	0:00:10
	Energy:	0.0002 kWh
	CO2eq:	0.0300 g
	This is equivalent to:
	0.0003 km travelled by car
CarbonTracker: Finished monitoring.
___bfs com 4 Treads_concluida___
___bfs com 6 Treads___
CarbonTracker: The following components were found: GPU with device(s) NVIDIA GeForce RTX 4090. CPU with device(s) cpu:0.
CarbonTracker: WARNING - Failed to retrieve carbon intensity: Defaulting to average carbon intensity 141.77426 gCO2/kWh.
IO        : 2.439122
Compute   : 3.666506
Timer Wall Time: 6.105634
Pass
Parboil parallel benchmark suite, version 0.2

CarbonTracker: WARNING - Failed to retrieve carbon intensity: Defaulting to average carbon intensity 141.77426 gCO2/kWh.
CarbonTracker: Average carbon intensity during training was 141.77 gCO2/kWh at detected location: Porto Alegre, Rio Grande do Sul, BR.
CarbonTracker: 
Actual consumption for 1 epoch(s):
	Time:	0:00:10
	Energy:	0.0002 kWh
	CO2eq:	0.0299 g
	This is equivalent to:
	0.0003 km travelled by car
CarbonTracker: WARNING - Failed to retrieve carbon intensity: Defaulting to average carbon intensity 141.77426 gCO2/kWh.
CarbonTracker: Live carbon intensity could not be fetched at detected location: Porto Alegre, Rio Grande do Sul, BR. Defaulted to average carbon intensity for BR in 2021 of 141.77 gCO2/kWh. at detected location: Porto Alegre, Rio Grande do Sul, BR.
CarbonTracker: 
Predicted consumption for 1 epoch(s):
	Time:	0:00:10
	Energy:	0.0002 kWh
	CO2eq:	0.0299 g
	This is equivalent to:
	0.0003 km travelled by car
CarbonTracker: Finished monitoring.
___bfs com 6 Treads_concluida___
___bfs com 8 Treads___
CarbonTracker: The following components were found: GPU with device(s) NVIDIA GeForce RTX 4090. CPU with device(s) cpu:0.
CarbonTracker: WARNING - Failed to retrieve carbon intensity: Defaulting to average carbon intensity 141.77426 gCO2/kWh.
IO        : 2.478140
Compute   : 4.066927
Timer Wall Time: 6.545074
Pass
Parboil parallel benchmark suite, version 0.2

CarbonTracker: WARNING - Failed to retrieve carbon intensity: Defaulting to average carbon intensity 141.77426 gCO2/kWh.
CarbonTracker: Average carbon intensity during training was 141.77 gCO2/kWh at detected location: Porto Alegre, Rio Grande do Sul, BR.
CarbonTracker: 
Actual consumption for 1 epoch(s):
	Time:	0:00:11
	Energy:	0.0002 kWh
	CO2eq:	0.0312 g
	This is equivalent to:
	0.0003 km travelled by car
CarbonTracker: WARNING - Failed to retrieve carbon intensity: Defaulting to average carbon intensity 141.77426 gCO2/kWh.
CarbonTracker: Live carbon intensity could not be fetched at detected location: Porto Alegre, Rio Grande do Sul, BR. Defaulted to average carbon intensity for BR in 2021 of 141.77 gCO2/kWh. at detected location: Porto Alegre, Rio Grande do Sul, BR.
CarbonTracker: 
Predicted consumption for 1 epoch(s):
	Time:	0:00:11
	Energy:	0.0002 kWh
	CO2eq:	0.0312 g
	This is equivalent to:
	0.0003 km travelled by car
CarbonTracker: Finished monitoring.
___bfs com 8 Treads_concluida___
___bfs com 10 Treads___
CarbonTracker: The following components were found: GPU with device(s) NVIDIA GeForce RTX 4090. CPU with device(s) cpu:0.
CarbonTracker: WARNING - Failed to retrieve carbon intensity: Defaulting to average carbon intensity 141.77426 gCO2/kWh.
IO        : 2.411933
Compute   : 4.405083
Timer Wall Time: 6.817023
Pass
Parboil parallel benchmark suite, version 0.2

CarbonTracker: WARNING - Failed to retrieve carbon intensity: Defaulting to average carbon intensity 141.77426 gCO2/kWh.
CarbonTracker: Average carbon intensity during training was 141.77 gCO2/kWh at detected location: Porto Alegre, Rio Grande do Sul, BR.
CarbonTracker: 
Actual consumption for 1 epoch(s):
	Time:	0:00:11
	Energy:	0.0002 kWh
	CO2eq:	0.0316 g
	This is equivalent to:
	0.0003 km travelled by car
CarbonTracker: WARNING - Failed to retrieve carbon intensity: Defaulting to average carbon intensity 141.77426 gCO2/kWh.
CarbonTracker: Live carbon intensity could not be fetched at detected location: Porto Alegre, Rio Grande do Sul, BR. Defaulted to average carbon intensity for BR in 2021 of 141.77 gCO2/kWh. at detected location: Porto Alegre, Rio Grande do Sul, BR.
CarbonTracker: 
Predicted consumption for 1 epoch(s):
	Time:	0:00:11
	Energy:	0.0002 kWh
	CO2eq:	0.0316 g
	This is equivalent to:
	0.0003 km travelled by car
CarbonTracker: Finished monitoring.
___bfs com 10 Treads_concluida___
___bfs com 12 Treads___
CarbonTracker: The following components were found: GPU with device(s) NVIDIA GeForce RTX 4090. CPU with device(s) cpu:0.
CarbonTracker: WARNING - Failed to retrieve carbon intensity: Defaulting to average carbon intensity 141.77426 gCO2/kWh.
IO        : 2.480201
Compute   : 4.813190
Timer Wall Time: 7.293397
Pass
Parboil parallel benchmark suite, version 0.2

CarbonTracker: WARNING - Failed to retrieve carbon intensity: Defaulting to average carbon intensity 141.77426 gCO2/kWh.
CarbonTracker: Average carbon intensity during training was 141.77 gCO2/kWh at detected location: Porto Alegre, Rio Grande do Sul, BR.
CarbonTracker: 
Actual consumption for 1 epoch(s):
	Time:	0:00:12
	Energy:	0.0002 kWh
	CO2eq:	0.0314 g
	This is equivalent to:
	0.0003 km travelled by car
CarbonTracker: WARNING - Failed to retrieve carbon intensity: Defaulting to average carbon intensity 141.77426 gCO2/kWh.
CarbonTracker: Live carbon intensity could not be fetched at detected location: Porto Alegre, Rio Grande do Sul, BR. Defaulted to average carbon intensity for BR in 2021 of 141.77 gCO2/kWh. at detected location: Porto Alegre, Rio Grande do Sul, BR.
CarbonTracker: 
Predicted consumption for 1 epoch(s):
	Time:	0:00:12
	Energy:	0.0002 kWh
	CO2eq:	0.0314 g
	This is equivalent to:
	0.0003 km travelled by car
CarbonTracker: Finished monitoring.
___bfs com 12 Treads_concluida___
___bfs com 14 Treads___
CarbonTracker: The following components were found: GPU with device(s) NVIDIA GeForce RTX 4090. CPU with device(s) cpu:0.
CarbonTracker: WARNING - Failed to retrieve carbon intensity: Defaulting to average carbon intensity 141.77426 gCO2/kWh.
IO        : 2.395142
Compute   : 5.056865
Timer Wall Time: 7.452015
Pass
Parboil parallel benchmark suite, version 0.2

CarbonTracker: WARNING - Failed to retrieve carbon intensity: Defaulting to average carbon intensity 141.77426 gCO2/kWh.
CarbonTracker: Average carbon intensity during training was 141.77 gCO2/kWh at detected location: Porto Alegre, Rio Grande do Sul, BR.
CarbonTracker: 
Actual consumption for 1 epoch(s):
	Time:	0:00:12
	Energy:	0.0002 kWh
	CO2eq:	0.0327 g
	This is equivalent to:
	0.0003 km travelled by car
CarbonTracker: WARNING - Failed to retrieve carbon intensity: Defaulting to average carbon intensity 141.77426 gCO2/kWh.
CarbonTracker: Live carbon intensity could not be fetched at detected location: Porto Alegre, Rio Grande do Sul, BR. Defaulted to average carbon intensity for BR in 2021 of 141.77 gCO2/kWh. at detected location: Porto Alegre, Rio Grande do Sul, BR.
CarbonTracker: 
Predicted consumption for 1 epoch(s):
	Time:	0:00:12
	Energy:	0.0002 kWh
	CO2eq:	0.0327 g
	This is equivalent to:
	0.0003 km travelled by car
CarbonTracker: Finished monitoring.
___bfs com 14 Treads_concluida___
___bfs com 16 Treads___
CarbonTracker: The following components were found: GPU with device(s) NVIDIA GeForce RTX 4090. CPU with device(s) cpu:0.
CarbonTracker: WARNING - Failed to retrieve carbon intensity: Defaulting to average carbon intensity 141.77426 gCO2/kWh.
IO        : 2.362697
Compute   : 5.498992
Timer Wall Time: 7.861697
Pass
Parboil parallel benchmark suite, version 0.2

CarbonTracker: WARNING - Failed to retrieve carbon intensity: Defaulting to average carbon intensity 141.77426 gCO2/kWh.
CarbonTracker: Average carbon intensity during training was 141.77 gCO2/kWh at detected location: Porto Alegre, Rio Grande do Sul, BR.
CarbonTracker: 
Actual consumption for 1 epoch(s):
	Time:	0:00:12
	Energy:	0.0003 kWh
	CO2eq:	0.0355 g
	This is equivalent to:
	0.0003 km travelled by car
CarbonTracker: WARNING - Failed to retrieve carbon intensity: Defaulting to average carbon intensity 141.77426 gCO2/kWh.
CarbonTracker: Live carbon intensity could not be fetched at detected location: Porto Alegre, Rio Grande do Sul, BR. Defaulted to average carbon intensity for BR in 2021 of 141.77 gCO2/kWh. at detected location: Porto Alegre, Rio Grande do Sul, BR.
CarbonTracker: 
Predicted consumption for 1 epoch(s):
	Time:	0:00:12
	Energy:	0.0003 kWh
	CO2eq:	0.0355 g
	This is equivalent to:
	0.0003 km travelled by car
CarbonTracker: Finished monitoring.
___bfs com 16 Treads_concluida___

 Start Clean
rm -f build/threaded_default/*
if [ -d build/threaded_default ]; then rmdir build/threaded_default; fi
rm -f build/opencl_base_default/*
if [ -d build/opencl_base_default ]; then rmdir build/opencl_base_default; fi
rm -f build/omp_base_default/*
if [ -d build/omp_base_default ]; then rmdir build/omp_base_default; fi
rm -rf build/cuda_base_default/*
if [ -d build/cuda_base_default ]; then rmdir build/cuda_base_default; fi
rm -f build/base_default/*
if [ -d build/base_default ]; then rmdir build/base_default; fi
rm -rf build/cuda_default/*
if [ -d build/cuda_default ]; then rmdir build/cuda_default; fi
rm -f build/opencl_nvidia_default/*
if [ -d build/opencl_nvidia_default ]; then rmdir build/opencl_nvidia_default; fi
Parboil parallel benchmark suite, version 0.2


 Start Compile
mkdir -p build/omp_base_default
gcc -I/home/users/acsilveira/hpc-benchmarks/parboil/common/include -I/usr/local/cuda/include  -fopenmp -c src/omp_base/main.c -o build/omp_base_default/main.o
gcc -I/home/users/acsilveira/hpc-benchmarks/parboil/common/include -I/usr/local/cuda/include  -fopenmp -c src/omp_base/util.c -o build/omp_base_default/util.o
gcc -I/home/users/acsilveira/hpc-benchmarks/parboil/common/include -I/usr/local/cuda/include  -fopenmp -c /home/users/acsilveira/hpc-benchmarks/parboil/common/src/parboil.c -o build/omp_base_default/parboil.o
g++ build/omp_base_default/main.o build/omp_base_default/util.o build/omp_base_default/parboil.o -o build/omp_base_default/histo  -lm -lpthread -lgomp
Parboil parallel benchmark suite, version 0.2



___Executando histo ___:___histo com 2 Treads___
CarbonTracker: The following components were found: GPU with device(s) NVIDIA GeForce RTX 4090. CPU with device(s) cpu:0.
CarbonTracker: WARNING - Failed to retrieve carbon intensity: Defaulting to average carbon intensity 141.77426 gCO2/kWh.
Base implementation of histogramming.
Maintained by Nady Obeid <obeid1@ece.uiuc.edu>

IO        : 0.201903
 -Input     : 0.008631
 -Output    : 0.193271
Compute   : 293.373454
Timer Wall Time: 293.575348
Pass
Parboil parallel benchmark suite, version 0.2

CarbonTracker: WARNING - Failed to retrieve carbon intensity: Defaulting to average carbon intensity 141.77426 gCO2/kWh.
CarbonTracker: Average carbon intensity during training was 141.77 gCO2/kWh at detected location: Porto Alegre, Rio Grande do Sul, BR.
CarbonTracker: 
Actual consumption for 1 epoch(s):
	Time:	0:04:54
	Energy:	0.0061 kWh
	CO2eq:	0.8635 g
	This is equivalent to:
	0.0080 km travelled by car
CarbonTracker: WARNING - Failed to retrieve carbon intensity: Defaulting to average carbon intensity 141.77426 gCO2/kWh.
CarbonTracker: Live carbon intensity could not be fetched at detected location: Porto Alegre, Rio Grande do Sul, BR. Defaulted to average carbon intensity for BR in 2021 of 141.77 gCO2/kWh. at detected location: Porto Alegre, Rio Grande do Sul, BR.
CarbonTracker: 
Predicted consumption for 1 epoch(s):
	Time:	0:04:54
	Energy:	0.0061 kWh
	CO2eq:	0.8635 g
	This is equivalent to:
	0.0080 km travelled by car
CarbonTracker: Finished monitoring.
___histo com 2 Treads_concluida___
___histo com 4 Treads___
CarbonTracker: The following components were found: GPU with device(s) NVIDIA GeForce RTX 4090. CPU with device(s) cpu:0.
CarbonTracker: WARNING - Failed to retrieve carbon intensity: Defaulting to average carbon intensity 141.77426 gCO2/kWh.
CarbonTracker: WARNING - Failed to retrieve carbon intensity: Defaulting to average carbon intensity 141.77426 gCO2/kWh.
Base implementation of histogramming.
Maintained by Nady Obeid <obeid1@ece.uiuc.edu>

IO        : 0.091112
 -Input     : 0.009488
 -Output    : 0.081623
Compute   : 1233.481870
Timer Wall Time: 1233.572998
Pass
Parboil parallel benchmark suite, version 0.2

CarbonTracker: WARNING - Failed to retrieve carbon intensity: Defaulting to average carbon intensity 141.77426 gCO2/kWh.
CarbonTracker: Average carbon intensity during training was 141.77 gCO2/kWh at detected location: Porto Alegre, Rio Grande do Sul, BR.
CarbonTracker: 
Actual consumption for 1 epoch(s):
	Time:	0:20:35
	Energy:	0.0262 kWh
	CO2eq:	3.7153 g
	This is equivalent to:
	0.0346 km travelled by car
CarbonTracker: WARNING - Failed to retrieve carbon intensity: Defaulting to average carbon intensity 141.77426 gCO2/kWh.
CarbonTracker: Live carbon intensity could not be fetched at detected location: Porto Alegre, Rio Grande do Sul, BR. Defaulted to average carbon intensity for BR in 2021 of 141.77 gCO2/kWh. at detected location: Porto Alegre, Rio Grande do Sul, BR.
CarbonTracker: 
Predicted consumption for 1 epoch(s):
	Time:	0:20:35
	Energy:	0.0262 kWh
	CO2eq:	3.7153 g
	This is equivalent to:
	0.0346 km travelled by car
CarbonTracker: Finished monitoring.
___histo com 4 Treads_concluida___
___histo com 6 Treads___
CarbonTracker: The following components were found: GPU with device(s) NVIDIA GeForce RTX 4090. CPU with device(s) cpu:0.
CarbonTracker: WARNING - Failed to retrieve carbon intensity: Defaulting to average carbon intensity 141.77426 gCO2/kWh.
CarbonTracker: WARNING - Failed to retrieve carbon intensity: Defaulting to average carbon intensity 141.77426 gCO2/kWh.
Base implementation of histogramming.
Maintained by Nady Obeid <obeid1@ece.uiuc.edu>

IO        : 0.291937
 -Input     : 0.002931
 -Output    : 0.289006
Compute   : 1601.206388
Timer Wall Time: 1601.498291
Pass
Parboil parallel benchmark suite, version 0.2

CarbonTracker: WARNING - Failed to retrieve carbon intensity: Defaulting to average carbon intensity 141.77426 gCO2/kWh.
CarbonTracker: Average carbon intensity during training was 141.77 gCO2/kWh at detected location: Porto Alegre, Rio Grande do Sul, BR.
CarbonTracker: 
Actual consumption for 1 epoch(s):
	Time:	0:26:42
	Energy:	0.0349 kWh
	CO2eq:	4.9467 g
	This is equivalent to:
	0.0460 km travelled by car
CarbonTracker: WARNING - Failed to retrieve carbon intensity: Defaulting to average carbon intensity 141.77426 gCO2/kWh.
CarbonTracker: Live carbon intensity could not be fetched at detected location: Porto Alegre, Rio Grande do Sul, BR. Defaulted to average carbon intensity for BR in 2021 of 141.77 gCO2/kWh. at detected location: Porto Alegre, Rio Grande do Sul, BR.
CarbonTracker: 
Predicted consumption for 1 epoch(s):
	Time:	0:26:42
	Energy:	0.0349 kWh
	CO2eq:	4.9467 g
	This is equivalent to:
	0.0460 km travelled by car
CarbonTracker: Finished monitoring.
___histo com 6 Treads_concluida___
___histo com 8 Treads___
CarbonTracker: The following components were found: GPU with device(s) NVIDIA GeForce RTX 4090. CPU with device(s) cpu:0.
CarbonTracker: WARNING - Failed to retrieve carbon intensity: Defaulting to average carbon intensity 141.77426 gCO2/kWh.
CarbonTracker: WARNING - Failed to retrieve carbon intensity: Defaulting to average carbon intensity 141.77426 gCO2/kWh.
CarbonTracker: WARNING - Failed to retrieve carbon intensity: Defaulting to average carbon intensity 141.77426 gCO2/kWh.
Base implementation of histogramming.
Maintained by Nady Obeid <obeid1@ece.uiuc.edu>

IO        : 0.088381
 -Input     : 0.009017
 -Output    : 0.079364
Compute   : 1869.570727
Timer Wall Time: 1869.659058
Pass
Parboil parallel benchmark suite, version 0.2

CarbonTracker: WARNING - Failed to retrieve carbon intensity: Defaulting to average carbon intensity 141.77426 gCO2/kWh.
CarbonTracker: Average carbon intensity during training was 141.77 gCO2/kWh at detected location: Porto Alegre, Rio Grande do Sul, BR.
CarbonTracker: 
Actual consumption for 1 epoch(s):
	Time:	0:31:11
	Energy:	0.0415 kWh
	CO2eq:	5.8873 g
	This is equivalent to:
	0.0548 km travelled by car
CarbonTracker: WARNING - Failed to retrieve carbon intensity: Defaulting to average carbon intensity 141.77426 gCO2/kWh.
CarbonTracker: Live carbon intensity could not be fetched at detected location: Porto Alegre, Rio Grande do Sul, BR. Defaulted to average carbon intensity for BR in 2021 of 141.77 gCO2/kWh. at detected location: Porto Alegre, Rio Grande do Sul, BR.
CarbonTracker: 
Predicted consumption for 1 epoch(s):
	Time:	0:31:11
	Energy:	0.0415 kWh
	CO2eq:	5.8857 g
	This is equivalent to:
	0.0548 km travelled by car
CarbonTracker: Finished monitoring.
___histo com 8 Treads_concluida___
___histo com 10 Treads___
CarbonTracker: The following components were found: GPU with device(s) NVIDIA GeForce RTX 4090. CPU with device(s) cpu:0.
CarbonTracker: WARNING - Failed to retrieve carbon intensity: Defaulting to average carbon intensity 141.77426 gCO2/kWh.
CarbonTracker: WARNING - Failed to retrieve carbon intensity: Defaulting to average carbon intensity 141.77426 gCO2/kWh.
CarbonTracker: WARNING - Failed to retrieve carbon intensity: Defaulting to average carbon intensity 141.77426 gCO2/kWh.
Base implementation of histogramming.
Maintained by Nady Obeid <obeid1@ece.uiuc.edu>

IO        : 0.279485
 -Input     : 0.002714
 -Output    : 0.276771
Compute   : 2218.735554
Timer Wall Time: 2219.015137
Pass
Parboil parallel benchmark suite, version 0.2

CarbonTracker: WARNING - Failed to retrieve carbon intensity: Defaulting to average carbon intensity 141.77426 gCO2/kWh.
CarbonTracker: Average carbon intensity during training was 141.77 gCO2/kWh at detected location: Porto Alegre, Rio Grande do Sul, BR.
CarbonTracker: 
Actual consumption for 1 epoch(s):
	Time:	0:36:59
	Energy:	0.0503 kWh
	CO2eq:	7.1264 g
	This is equivalent to:
	0.0663 km travelled by car
CarbonTracker: WARNING - Failed to retrieve carbon intensity: Defaulting to average carbon intensity 141.77426 gCO2/kWh.
CarbonTracker: Live carbon intensity could not be fetched at detected location: Porto Alegre, Rio Grande do Sul, BR. Defaulted to average carbon intensity for BR in 2021 of 141.77 gCO2/kWh. at detected location: Porto Alegre, Rio Grande do Sul, BR.
CarbonTracker: 
Predicted consumption for 1 epoch(s):
	Time:	0:36:59
	Energy:	0.0503 kWh
	CO2eq:	7.1264 g
	This is equivalent to:
	0.0663 km travelled by car
CarbonTracker: Finished monitoring.
___histo com 10 Treads_concluida___
___histo com 12 Treads___
CarbonTracker: The following components were found: GPU with device(s) NVIDIA GeForce RTX 4090. CPU with device(s) cpu:0.
CarbonTracker: WARNING - Failed to retrieve carbon intensity: Defaulting to average carbon intensity 141.77426 gCO2/kWh.
CarbonTracker: WARNING - Failed to retrieve carbon intensity: Defaulting to average carbon intensity 141.77426 gCO2/kWh.
CarbonTracker: WARNING - Failed to retrieve carbon intensity: Defaulting to average carbon intensity 141.77426 gCO2/kWh.
Base implementation of histogramming.
Maintained by Nady Obeid <obeid1@ece.uiuc.edu>

IO        : 0.268039
 -Input     : 0.011758
 -Output    : 0.256281
Compute   : 2418.330527
Timer Wall Time: 2418.598633
Pass
Parboil parallel benchmark suite, version 0.2

CarbonTracker: WARNING - Failed to retrieve carbon intensity: Defaulting to average carbon intensity 141.77426 gCO2/kWh.
CarbonTracker: Average carbon intensity during training was 141.77 gCO2/kWh at detected location: Porto Alegre, Rio Grande do Sul, BR.
CarbonTracker: 
Actual consumption for 1 epoch(s):
	Time:	0:40:20
	Energy:	0.0559 kWh
	CO2eq:	7.9270 g
	This is equivalent to:
	0.0737 km travelled by car
CarbonTracker: WARNING - Failed to retrieve carbon intensity: Defaulting to average carbon intensity 141.77426 gCO2/kWh.
CarbonTracker: Live carbon intensity could not be fetched at detected location: Porto Alegre, Rio Grande do Sul, BR. Defaulted to average carbon intensity for BR in 2021 of 141.77 gCO2/kWh. at detected location: Porto Alegre, Rio Grande do Sul, BR.
CarbonTracker: 
Predicted consumption for 1 epoch(s):
	Time:	0:40:20
	Energy:	0.0559 kWh
	CO2eq:	7.9270 g
	This is equivalent to:
	0.0737 km travelled by car
CarbonTracker: Finished monitoring.
___histo com 12 Treads_concluida___
___histo com 14 Treads___
CarbonTracker: The following components were found: GPU with device(s) NVIDIA GeForce RTX 4090. CPU with device(s) cpu:0.
CarbonTracker: WARNING - Failed to retrieve carbon intensity: Defaulting to average carbon intensity 141.77426 gCO2/kWh.
CarbonTracker: WARNING - Failed to retrieve carbon intensity: Defaulting to average carbon intensity 141.77426 gCO2/kWh.
CarbonTracker: WARNING - Failed to retrieve carbon intensity: Defaulting to average carbon intensity 141.77426 gCO2/kWh.
CarbonTracker: WARNING - Failed to retrieve carbon intensity: Defaulting to average carbon intensity 141.77426 gCO2/kWh.
Base implementation of histogramming.
Maintained by Nady Obeid <obeid1@ece.uiuc.edu>

IO        : 0.076350
 -Input     : 0.009661
 -Output    : 0.066689
Compute   : 2807.939151
Timer Wall Time: 2808.015625
Pass
Parboil parallel benchmark suite, version 0.2

CarbonTracker: WARNING - Failed to retrieve carbon intensity: Defaulting to average carbon intensity 141.77426 gCO2/kWh.
CarbonTracker: Average carbon intensity during training was 141.77 gCO2/kWh at detected location: Porto Alegre, Rio Grande do Sul, BR.
CarbonTracker: 
Actual consumption for 1 epoch(s):
	Time:	0:46:49
	Energy:	0.0662 kWh
	CO2eq:	9.3877 g
	This is equivalent to:
	0.0873 km travelled by car
CarbonTracker: WARNING - Failed to retrieve carbon intensity: Defaulting to average carbon intensity 141.77426 gCO2/kWh.
CarbonTracker: Live carbon intensity could not be fetched at detected location: Porto Alegre, Rio Grande do Sul, BR. Defaulted to average carbon intensity for BR in 2021 of 141.77 gCO2/kWh. at detected location: Porto Alegre, Rio Grande do Sul, BR.
CarbonTracker: 
Predicted consumption for 1 epoch(s):
	Time:	0:46:49
	Energy:	0.0662 kWh
	CO2eq:	9.3877 g
	This is equivalent to:
	0.0873 km travelled by car
CarbonTracker: Finished monitoring.
___histo com 14 Treads_concluida___
___histo com 16 Treads___
CarbonTracker: The following components were found: GPU with device(s) NVIDIA GeForce RTX 4090. CPU with device(s) cpu:0.
CarbonTracker: WARNING - Failed to retrieve carbon intensity: Defaulting to average carbon intensity 141.77426 gCO2/kWh.
CarbonTracker: WARNING - Failed to retrieve carbon intensity: Defaulting to average carbon intensity 141.77426 gCO2/kWh.
CarbonTracker: WARNING - Failed to retrieve carbon intensity: Defaulting to average carbon intensity 141.77426 gCO2/kWh.
CarbonTracker: WARNING - Failed to retrieve carbon intensity: Defaulting to average carbon intensity 141.77426 gCO2/kWh.
Base implementation of histogramming.
Maintained by Nady Obeid <obeid1@ece.uiuc.edu>

IO        : 0.207000
 -Input     : 0.002627
 -Output    : 0.204373
Compute   : 2984.416341
Timer Wall Time: 2984.623291
Pass
Parboil parallel benchmark suite, version 0.2

CarbonTracker: WARNING - Failed to retrieve carbon intensity: Defaulting to average carbon intensity 141.77426 gCO2/kWh.
CarbonTracker: Average carbon intensity during training was 141.77 gCO2/kWh at detected location: Porto Alegre, Rio Grande do Sul, BR.
CarbonTracker: 
Actual consumption for 1 epoch(s):
	Time:	0:49:45
	Energy:	0.0712 kWh
	CO2eq:	10.0993 g
	This is equivalent to:
	0.0939 km travelled by car
CarbonTracker: WARNING - Failed to retrieve carbon intensity: Defaulting to average carbon intensity 141.77426 gCO2/kWh.
CarbonTracker: Live carbon intensity could not be fetched at detected location: Porto Alegre, Rio Grande do Sul, BR. Defaulted to average carbon intensity for BR in 2021 of 141.77 gCO2/kWh. at detected location: Porto Alegre, Rio Grande do Sul, BR.
CarbonTracker: 
Predicted consumption for 1 epoch(s):
	Time:	0:49:45
	Energy:	0.0712 kWh
	CO2eq:	10.0993 g
	This is equivalent to:
	0.0939 km travelled by car
CarbonTracker: Finished monitoring.
___histo com 16 Treads_concluida___

 Start Clean
rm -f build/opencl_base_default/*
if [ -d build/opencl_base_default ]; then rmdir build/opencl_base_default; fi
rm -rf build/cuda_base_default/*
if [ -d build/cuda_base_default ]; then rmdir build/cuda_base_default; fi
rm -f build/opencl_nvidia_default/*
if [ -d build/opencl_nvidia_default ]; then rmdir build/opencl_nvidia_default; fi
rm -rf build/cuda_default/*
if [ -d build/cuda_default ]; then rmdir build/cuda_default; fi
rm -f build/omp_cpu_default/*
if [ -d build/omp_cpu_default ]; then rmdir build/omp_cpu_default; fi
rm -f build/cpu_default/*
if [ -d build/cpu_default ]; then rmdir build/cpu_default; fi
Parboil parallel benchmark suite, version 0.2


 Start Compile
mkdir -p build/omp_cpu_default
gcc -I/home/users/acsilveira/hpc-benchmarks/parboil/common/include -I/usr/local/cuda/include  -D_OPENMP -fopenmp -c src/omp_cpu/main.c -o build/omp_cpu_default/main.o
gcc -I/home/users/acsilveira/hpc-benchmarks/parboil/common/include -I/usr/local/cuda/include  -D_OPENMP -fopenmp -c src/omp_cpu/lbm.c -o build/omp_cpu_default/lbm.o
gcc -I/home/users/acsilveira/hpc-benchmarks/parboil/common/include -I/usr/local/cuda/include  -D_OPENMP -fopenmp -c /home/users/acsilveira/hpc-benchmarks/parboil/common/src/parboil.c -o build/omp_cpu_default/parboil.o
g++ build/omp_cpu_default/main.o build/omp_cpu_default/lbm.o build/omp_cpu_default/parboil.o -o build/omp_cpu_default/lbm  -lm -lpthread -lgomp
Parboil parallel benchmark suite, version 0.2



___Executando lbm ___:___lbm com 2 Treads___
CarbonTracker: The following components were found: GPU with device(s) NVIDIA GeForce RTX 4090. CPU with device(s) cpu:0.
CarbonTracker: WARNING - Failed to retrieve carbon intensity: Defaulting to average carbon intensity 141.77426 gCO2/kWh.
CarbonTracker: WARNING - Failed to retrieve carbon intensity: Defaulting to average carbon intensity 141.77426 gCO2/kWh.
MAIN_printInfo:
	grid size      : 120 x 120 x 150 = 2.16 * 10^6 Cells
	nTimeSteps     : 3000
	result file    : /home/users/acsilveira/hpc-benchmarks/parboil/benchmarks/lbm/run/long/reference.dat
	action         : store
	simulation type: lid-driven cavity
	obstacle file  : /home/users/acsilveira/hpc-benchmarks/parboil/datasets/lbm/long/input/120_120_150_ldc.of

LBM_allocateGrid: allocated 169.2 MByte
LBM_allocateGrid: allocated 169.2 MByte
LBM_showGridStatistics:
	nObstacleCells:  343321 nAccelCells:   26912 nFluidCells: 1789767
	minRho:   1.0000 maxRho:   1.0000 mass: 2.160000e+06
	minU: 0.000000e+00 maxU: 0.000000e+00

timestep: 64
timestep: 128
timestep: 192
timestep: 256
timestep: 320
timestep: 384
timestep: 448
timestep: 512
timestep: 576
timestep: 640
timestep: 704
timestep: 768
timestep: 832
timestep: 896
timestep: 960
timestep: 1024
timestep: 1088
timestep: 1152
timestep: 1216
timestep: 1280
timestep: 1344
timestep: 1408
timestep: 1472
timestep: 1536
timestep: 1600
timestep: 1664
timestep: 1728
timestep: 1792
timestep: 1856
timestep: 1920
timestep: 1984
timestep: 2048
timestep: 2112
timestep: 2176
timestep: 2240
timestep: 2304
timestep: 2368
timestep: 2432
timestep: 2496
timestep: 2560
timestep: 2624
timestep: 2688
timestep: 2752
timestep: 2816
timestep: 2880
timestep: 2944
MAIN_stopClock:
	usr: 2029.88 sys:    0.03 tot: 2029.91 wct: 1037.35 MLUPS:  6.25

LBM_showGridStatistics:
	nObstacleCells:  343321 nAccelCells:   26912 nFluidCells: 1789767
	minRho:   0.9171 maxRho:   1.0866 mass: 2.159998e+06
	minU: 6.018727e-07 maxU: 3.296003e-02

Compute   : 1038.686659
Timer Wall Time: 1038.686646
Pass
Parboil parallel benchmark suite, version 0.2

CarbonTracker: WARNING - Failed to retrieve carbon intensity: Defaulting to average carbon intensity 141.77426 gCO2/kWh.
CarbonTracker: Average carbon intensity during training was 141.77 gCO2/kWh at detected location: Porto Alegre, Rio Grande do Sul, BR.
CarbonTracker: 
Actual consumption for 1 epoch(s):
	Time:	0:17:22
	Energy:	0.0223 kWh
	CO2eq:	3.1683 g
	This is equivalent to:
	0.0295 km travelled by car
CarbonTracker: WARNING - Failed to retrieve carbon intensity: Defaulting to average carbon intensity 141.77426 gCO2/kWh.
CarbonTracker: Live carbon intensity could not be fetched at detected location: Porto Alegre, Rio Grande do Sul, BR. Defaulted to average carbon intensity for BR in 2021 of 141.77 gCO2/kWh. at detected location: Porto Alegre, Rio Grande do Sul, BR.
CarbonTracker: 
Predicted consumption for 1 epoch(s):
	Time:	0:17:22
	Energy:	0.0223 kWh
	CO2eq:	3.1683 g
	This is equivalent to:
	0.0295 km travelled by car
CarbonTracker: Finished monitoring.
___lbm com 2 Treads_concluida___
___lbm com 4 Treads___
CarbonTracker: The following components were found: GPU with device(s) NVIDIA GeForce RTX 4090. CPU with device(s) cpu:0.
CarbonTracker: WARNING - Failed to retrieve carbon intensity: Defaulting to average carbon intensity 141.77426 gCO2/kWh.
MAIN_printInfo:
	grid size      : 120 x 120 x 150 = 2.16 * 10^6 Cells
	nTimeSteps     : 3000
	result file    : /home/users/acsilveira/hpc-benchmarks/parboil/benchmarks/lbm/run/long/reference.dat
	action         : store
	simulation type: lid-driven cavity
	obstacle file  : /home/users/acsilveira/hpc-benchmarks/parboil/datasets/lbm/long/input/120_120_150_ldc.of

LBM_allocateGrid: allocated 169.2 MByte
LBM_allocateGrid: allocated 169.2 MByte
LBM_showGridStatistics:
	nObstacleCells:  343321 nAccelCells:   26912 nFluidCells: 1789767
	minRho:   1.0000 maxRho:   1.0000 mass: 2.160000e+06
	minU: 0.000000e+00 maxU: 0.000000e+00

timestep: 64
timestep: 128
timestep: 192
timestep: 256
timestep: 320
timestep: 384
timestep: 448
timestep: 512
timestep: 576
timestep: 640
timestep: 704
timestep: 768
timestep: 832
timestep: 896
timestep: 960
timestep: 1024
timestep: 1088
timestep: 1152
timestep: 1216
timestep: 1280
timestep: 1344
timestep: 1408
timestep: 1472
timestep: 1536
timestep: 1600
timestep: 1664
timestep: 1728
timestep: 1792
timestep: 1856
timestep: 1920
timestep: 1984
timestep: 2048
timestep: 2112
timestep: 2176
timestep: 2240
timestep: 2304
timestep: 2368
timestep: 2432
timestep: 2496
timestep: 2560
timestep: 2624
timestep: 2688
timestep: 2752
timestep: 2816
timestep: 2880
timestep: 2944
MAIN_stopClock:
	usr: 2036.31 sys:    1.13 tot: 2037.44 wct:  548.50 MLUPS: 11.81

LBM_showGridStatistics:
	nObstacleCells:  343321 nAccelCells:   26912 nFluidCells: 1789767
	minRho:   0.9171 maxRho:   1.0866 mass: 2.159998e+06
	minU: 6.018727e-07 maxU: 3.296003e-02

Compute   : 550.240538
Timer Wall Time: 550.240540
Pass
Parboil parallel benchmark suite, version 0.2

CarbonTracker: WARNING - Failed to retrieve carbon intensity: Defaulting to average carbon intensity 141.77426 gCO2/kWh.
CarbonTracker: Average carbon intensity during training was 141.77 gCO2/kWh at detected location: Porto Alegre, Rio Grande do Sul, BR.
CarbonTracker: 
Actual consumption for 1 epoch(s):
	Time:	0:09:14
	Energy:	0.0126 kWh
	CO2eq:	1.7916 g
	This is equivalent to:
	0.0167 km travelled by car
CarbonTracker: WARNING - Failed to retrieve carbon intensity: Defaulting to average carbon intensity 141.77426 gCO2/kWh.
CarbonTracker: Live carbon intensity could not be fetched at detected location: Porto Alegre, Rio Grande do Sul, BR. Defaulted to average carbon intensity for BR in 2021 of 141.77 gCO2/kWh. at detected location: Porto Alegre, Rio Grande do Sul, BR.
CarbonTracker: 
Predicted consumption for 1 epoch(s):
	Time:	0:09:14
	Energy:	0.0126 kWh
	CO2eq:	1.7916 g
	This is equivalent to:
	0.0167 km travelled by car
CarbonTracker: Finished monitoring.
___lbm com 4 Treads_concluida___
___lbm com 6 Treads___
CarbonTracker: The following components were found: GPU with device(s) NVIDIA GeForce RTX 4090. CPU with device(s) cpu:0.
CarbonTracker: WARNING - Failed to retrieve carbon intensity: Defaulting to average carbon intensity 141.77426 gCO2/kWh.
MAIN_printInfo:
	grid size      : 120 x 120 x 150 = 2.16 * 10^6 Cells
	nTimeSteps     : 3000
	result file    : /home/users/acsilveira/hpc-benchmarks/parboil/benchmarks/lbm/run/long/reference.dat
	action         : store
	simulation type: lid-driven cavity
	obstacle file  : /home/users/acsilveira/hpc-benchmarks/parboil/datasets/lbm/long/input/120_120_150_ldc.of

LBM_allocateGrid: allocated 169.2 MByte
LBM_allocateGrid: allocated 169.2 MByte
LBM_showGridStatistics:
	nObstacleCells:  343321 nAccelCells:   26912 nFluidCells: 1789767
	minRho:   1.0000 maxRho:   1.0000 mass: 2.160000e+06
	minU: 0.000000e+00 maxU: 0.000000e+00

timestep: 64
timestep: 128
timestep: 192
timestep: 256
timestep: 320
timestep: 384
timestep: 448
timestep: 512
timestep: 576
timestep: 640
timestep: 704
timestep: 768
timestep: 832
timestep: 896
timestep: 960
timestep: 1024
timestep: 1088
timestep: 1152
timestep: 1216
timestep: 1280
timestep: 1344
timestep: 1408
timestep: 1472
timestep: 1536
timestep: 1600
timestep: 1664
timestep: 1728
timestep: 1792
timestep: 1856
timestep: 1920
timestep: 1984
timestep: 2048
timestep: 2112
timestep: 2176
timestep: 2240
timestep: 2304
timestep: 2368
timestep: 2432
timestep: 2496
timestep: 2560
timestep: 2624
timestep: 2688
timestep: 2752
timestep: 2816
timestep: 2880
timestep: 2944
MAIN_stopClock:
	usr: 2080.55 sys:    1.12 tot: 2081.67 wct:  383.61 MLUPS: 16.89

LBM_showGridStatistics:
	nObstacleCells:  343321 nAccelCells:   26912 nFluidCells: 1789767
	minRho:   0.9171 maxRho:   1.0866 mass: 2.159998e+06
	minU: 6.018727e-07 maxU: 3.296003e-02

Compute   : 385.460773
Timer Wall Time: 385.460785
Pass
Parboil parallel benchmark suite, version 0.2

CarbonTracker: WARNING - Failed to retrieve carbon intensity: Defaulting to average carbon intensity 141.77426 gCO2/kWh.
CarbonTracker: Average carbon intensity during training was 141.77 gCO2/kWh at detected location: Porto Alegre, Rio Grande do Sul, BR.
CarbonTracker: 
Actual consumption for 1 epoch(s):
	Time:	0:06:30
	Energy:	0.0094 kWh
	CO2eq:	1.3286 g
	This is equivalent to:
	0.0124 km travelled by car
CarbonTracker: WARNING - Failed to retrieve carbon intensity: Defaulting to average carbon intensity 141.77426 gCO2/kWh.
CarbonTracker: Live carbon intensity could not be fetched at detected location: Porto Alegre, Rio Grande do Sul, BR. Defaulted to average carbon intensity for BR in 2021 of 141.77 gCO2/kWh. at detected location: Porto Alegre, Rio Grande do Sul, BR.
CarbonTracker: 
Predicted consumption for 1 epoch(s):
	Time:	0:06:30
	Energy:	0.0094 kWh
	CO2eq:	1.3286 g
	This is equivalent to:
	0.0124 km travelled by car
CarbonTracker: Finished monitoring.
___lbm com 6 Treads_concluida___
___lbm com 8 Treads___
CarbonTracker: The following components were found: GPU with device(s) NVIDIA GeForce RTX 4090. CPU with device(s) cpu:0.
CarbonTracker: WARNING - Failed to retrieve carbon intensity: Defaulting to average carbon intensity 141.77426 gCO2/kWh.
MAIN_printInfo:
	grid size      : 120 x 120 x 150 = 2.16 * 10^6 Cells
	nTimeSteps     : 3000
	result file    : /home/users/acsilveira/hpc-benchmarks/parboil/benchmarks/lbm/run/long/reference.dat
	action         : store
	simulation type: lid-driven cavity
	obstacle file  : /home/users/acsilveira/hpc-benchmarks/parboil/datasets/lbm/long/input/120_120_150_ldc.of

LBM_allocateGrid: allocated 169.2 MByte
LBM_allocateGrid: allocated 169.2 MByte
LBM_showGridStatistics:
	nObstacleCells:  343321 nAccelCells:   26912 nFluidCells: 1789767
	minRho:   1.0000 maxRho:   1.0000 mass: 2.160000e+06
	minU: 0.000000e+00 maxU: 0.000000e+00

timestep: 64
timestep: 128
timestep: 192
timestep: 256
timestep: 320
timestep: 384
timestep: 448
timestep: 512
timestep: 576
timestep: 640
timestep: 704
timestep: 768
timestep: 832
timestep: 896
timestep: 960
timestep: 1024
timestep: 1088
timestep: 1152
timestep: 1216
timestep: 1280
timestep: 1344
timestep: 1408
timestep: 1472
timestep: 1536
timestep: 1600
timestep: 1664
timestep: 1728
timestep: 1792
timestep: 1856
timestep: 1920
timestep: 1984
timestep: 2048
timestep: 2112
timestep: 2176
timestep: 2240
timestep: 2304
timestep: 2368
timestep: 2432
timestep: 2496
timestep: 2560
timestep: 2624
timestep: 2688
timestep: 2752
timestep: 2816
timestep: 2880
timestep: 2944
MAIN_stopClock:
	usr: 2113.20 sys:    0.90 tot: 2114.10 wct:  288.59 MLUPS: 22.45

LBM_showGridStatistics:
	nObstacleCells:  343321 nAccelCells:   26912 nFluidCells: 1789767
	minRho:   0.9171 maxRho:   1.0866 mass: 2.159998e+06
	minU: 6.018727e-07 maxU: 3.296003e-02

Compute   : 290.654586
Timer Wall Time: 290.654572
Pass
Parboil parallel benchmark suite, version 0.2

CarbonTracker: WARNING - Failed to retrieve carbon intensity: Defaulting to average carbon intensity 141.77426 gCO2/kWh.
CarbonTracker: Average carbon intensity during training was 141.77 gCO2/kWh at detected location: Porto Alegre, Rio Grande do Sul, BR.
CarbonTracker: 
Actual consumption for 1 epoch(s):
	Time:	0:04:55
	Energy:	0.0075 kWh
	CO2eq:	1.0699 g
	This is equivalent to:
	0.0100 km travelled by car
CarbonTracker: WARNING - Failed to retrieve carbon intensity: Defaulting to average carbon intensity 141.77426 gCO2/kWh.
CarbonTracker: Live carbon intensity could not be fetched at detected location: Porto Alegre, Rio Grande do Sul, BR. Defaulted to average carbon intensity for BR in 2021 of 141.77 gCO2/kWh. at detected location: Porto Alegre, Rio Grande do Sul, BR.
CarbonTracker: 
Predicted consumption for 1 epoch(s):
	Time:	0:04:55
	Energy:	0.0075 kWh
	CO2eq:	1.0699 g
	This is equivalent to:
	0.0100 km travelled by car
CarbonTracker: Finished monitoring.
___lbm com 8 Treads_concluida___
___lbm com 10 Treads___
CarbonTracker: The following components were found: GPU with device(s) NVIDIA GeForce RTX 4090. CPU with device(s) cpu:0.
CarbonTracker: WARNING - Failed to retrieve carbon intensity: Defaulting to average carbon intensity 141.77426 gCO2/kWh.
MAIN_printInfo:
	grid size      : 120 x 120 x 150 = 2.16 * 10^6 Cells
	nTimeSteps     : 3000
	result file    : /home/users/acsilveira/hpc-benchmarks/parboil/benchmarks/lbm/run/long/reference.dat
	action         : store
	simulation type: lid-driven cavity
	obstacle file  : /home/users/acsilveira/hpc-benchmarks/parboil/datasets/lbm/long/input/120_120_150_ldc.of

LBM_allocateGrid: allocated 169.2 MByte
LBM_allocateGrid: allocated 169.2 MByte
LBM_showGridStatistics:
	nObstacleCells:  343321 nAccelCells:   26912 nFluidCells: 1789767
	minRho:   1.0000 maxRho:   1.0000 mass: 2.160000e+06
	minU: 0.000000e+00 maxU: 0.000000e+00

timestep: 64
timestep: 128
timestep: 192
timestep: 256
timestep: 320
timestep: 384
timestep: 448
timestep: 512
timestep: 576
timestep: 640
timestep: 704
timestep: 768
timestep: 832
timestep: 896
timestep: 960
timestep: 1024
timestep: 1088
timestep: 1152
timestep: 1216
timestep: 1280
timestep: 1344
timestep: 1408
timestep: 1472
timestep: 1536
timestep: 1600
timestep: 1664
timestep: 1728
timestep: 1792
timestep: 1856
timestep: 1920
timestep: 1984
timestep: 2048
timestep: 2112
timestep: 2176
timestep: 2240
timestep: 2304
timestep: 2368
timestep: 2432
timestep: 2496
timestep: 2560
timestep: 2624
timestep: 2688
timestep: 2752
timestep: 2816
timestep: 2880
timestep: 2944
MAIN_stopClock:
	usr: 2143.94 sys:    0.81 tot: 2144.75 wct:  231.02 MLUPS: 28.05

LBM_showGridStatistics:
	nObstacleCells:  343321 nAccelCells:   26912 nFluidCells: 1789767
	minRho:   0.9171 maxRho:   1.0866 mass: 2.159998e+06
	minU: 6.018727e-07 maxU: 3.296003e-02

Compute   : 232.561970
Timer Wall Time: 232.561966
Pass
Parboil parallel benchmark suite, version 0.2

CarbonTracker: WARNING - Failed to retrieve carbon intensity: Defaulting to average carbon intensity 141.77426 gCO2/kWh.
CarbonTracker: Average carbon intensity during training was 141.77 gCO2/kWh at detected location: Porto Alegre, Rio Grande do Sul, BR.
CarbonTracker: 
Actual consumption for 1 epoch(s):
	Time:	0:03:57
	Energy:	0.0064 kWh
	CO2eq:	0.9017 g
	This is equivalent to:
	0.0084 km travelled by car
CarbonTracker: WARNING - Failed to retrieve carbon intensity: Defaulting to average carbon intensity 141.77426 gCO2/kWh.
CarbonTracker: Live carbon intensity could not be fetched at detected location: Porto Alegre, Rio Grande do Sul, BR. Defaulted to average carbon intensity for BR in 2021 of 141.77 gCO2/kWh. at detected location: Porto Alegre, Rio Grande do Sul, BR.
CarbonTracker: 
Predicted consumption for 1 epoch(s):
	Time:	0:03:57
	Energy:	0.0064 kWh
	CO2eq:	0.9017 g
	This is equivalent to:
	0.0084 km travelled by car
CarbonTracker: Finished monitoring.
___lbm com 10 Treads_concluida___
___lbm com 12 Treads___
CarbonTracker: The following components were found: GPU with device(s) NVIDIA GeForce RTX 4090. CPU with device(s) cpu:0.
CarbonTracker: WARNING - Failed to retrieve carbon intensity: Defaulting to average carbon intensity 141.77426 gCO2/kWh.
MAIN_printInfo:
	grid size      : 120 x 120 x 150 = 2.16 * 10^6 Cells
	nTimeSteps     : 3000
	result file    : /home/users/acsilveira/hpc-benchmarks/parboil/benchmarks/lbm/run/long/reference.dat
	action         : store
	simulation type: lid-driven cavity
	obstacle file  : /home/users/acsilveira/hpc-benchmarks/parboil/datasets/lbm/long/input/120_120_150_ldc.of

LBM_allocateGrid: allocated 169.2 MByte
LBM_allocateGrid: allocated 169.2 MByte
LBM_showGridStatistics:
	nObstacleCells:  343321 nAccelCells:   26912 nFluidCells: 1789767
	minRho:   1.0000 maxRho:   1.0000 mass: 2.160000e+06
	minU: 0.000000e+00 maxU: 0.000000e+00

timestep: 64
timestep: 128
timestep: 192
timestep: 256
timestep: 320
timestep: 384
timestep: 448
timestep: 512
timestep: 576
timestep: 640
timestep: 704
timestep: 768
timestep: 832
timestep: 896
timestep: 960
timestep: 1024
timestep: 1088
timestep: 1152
timestep: 1216
timestep: 1280
timestep: 1344
timestep: 1408
timestep: 1472
timestep: 1536
timestep: 1600
timestep: 1664
timestep: 1728
timestep: 1792
timestep: 1856
timestep: 1920
timestep: 1984
timestep: 2048
timestep: 2112
timestep: 2176
timestep: 2240
timestep: 2304
timestep: 2368
timestep: 2432
timestep: 2496
timestep: 2560
timestep: 2624
timestep: 2688
timestep: 2752
timestep: 2816
timestep: 2880
timestep: 2944
MAIN_stopClock:
	usr: 2158.74 sys:    0.68 tot: 2159.42 wct:  195.28 MLUPS: 33.18

LBM_showGridStatistics:
	nObstacleCells:  343321 nAccelCells:   26912 nFluidCells: 1789767
	minRho:   0.9171 maxRho:   1.0866 mass: 2.159998e+06
	minU: 6.018727e-07 maxU: 3.296003e-02

Compute   : 197.146528
Timer Wall Time: 197.146530
Pass
Parboil parallel benchmark suite, version 0.2

CarbonTracker: WARNING - Failed to retrieve carbon intensity: Defaulting to average carbon intensity 141.77426 gCO2/kWh.
CarbonTracker: Average carbon intensity during training was 141.77 gCO2/kWh at detected location: Porto Alegre, Rio Grande do Sul, BR.
CarbonTracker: 
Actual consumption for 1 epoch(s):
	Time:	0:03:22
	Energy:	0.0055 kWh
	CO2eq:	0.7847 g
	This is equivalent to:
	0.0073 km travelled by car
CarbonTracker: WARNING - Failed to retrieve carbon intensity: Defaulting to average carbon intensity 141.77426 gCO2/kWh.
CarbonTracker: Live carbon intensity could not be fetched at detected location: Porto Alegre, Rio Grande do Sul, BR. Defaulted to average carbon intensity for BR in 2021 of 141.77 gCO2/kWh. at detected location: Porto Alegre, Rio Grande do Sul, BR.
CarbonTracker: 
Predicted consumption for 1 epoch(s):
	Time:	0:03:22
	Energy:	0.0055 kWh
	CO2eq:	0.7847 g
	This is equivalent to:
	0.0073 km travelled by car
CarbonTracker: Finished monitoring.
___lbm com 12 Treads_concluida___
___lbm com 14 Treads___
CarbonTracker: The following components were found: GPU with device(s) NVIDIA GeForce RTX 4090. CPU with device(s) cpu:0.
CarbonTracker: WARNING - Failed to retrieve carbon intensity: Defaulting to average carbon intensity 141.77426 gCO2/kWh.
MAIN_printInfo:
	grid size      : 120 x 120 x 150 = 2.16 * 10^6 Cells
	nTimeSteps     : 3000
	result file    : /home/users/acsilveira/hpc-benchmarks/parboil/benchmarks/lbm/run/long/reference.dat
	action         : store
	simulation type: lid-driven cavity
	obstacle file  : /home/users/acsilveira/hpc-benchmarks/parboil/datasets/lbm/long/input/120_120_150_ldc.of

LBM_allocateGrid: allocated 169.2 MByte
LBM_allocateGrid: allocated 169.2 MByte
LBM_showGridStatistics:
	nObstacleCells:  343321 nAccelCells:   26912 nFluidCells: 1789767
	minRho:   1.0000 maxRho:   1.0000 mass: 2.160000e+06
	minU: 0.000000e+00 maxU: 0.000000e+00

timestep: 64
timestep: 128
timestep: 192
timestep: 256
timestep: 320
timestep: 384
timestep: 448
timestep: 512
timestep: 576
timestep: 640
timestep: 704
timestep: 768
timestep: 832
timestep: 896
timestep: 960
timestep: 1024
timestep: 1088
timestep: 1152
timestep: 1216
timestep: 1280
timestep: 1344
timestep: 1408
timestep: 1472
timestep: 1536
timestep: 1600
timestep: 1664
timestep: 1728
timestep: 1792
timestep: 1856
timestep: 1920
timestep: 1984
timestep: 2048
timestep: 2112
timestep: 2176
timestep: 2240
timestep: 2304
timestep: 2368
timestep: 2432
timestep: 2496
timestep: 2560
timestep: 2624
timestep: 2688
timestep: 2752
timestep: 2816
timestep: 2880
timestep: 2944
MAIN_stopClock:
	usr: 2172.61 sys:    0.61 tot: 2173.22 wct:  167.90 MLUPS: 38.59

LBM_showGridStatistics:
	nObstacleCells:  343321 nAccelCells:   26912 nFluidCells: 1789767
	minRho:   0.9171 maxRho:   1.0866 mass: 2.159998e+06
	minU: 6.018727e-07 maxU: 3.296003e-02

Compute   : 169.146664
Timer Wall Time: 169.146667
Pass
Parboil parallel benchmark suite, version 0.2

CarbonTracker: WARNING - Failed to retrieve carbon intensity: Defaulting to average carbon intensity 141.77426 gCO2/kWh.
CarbonTracker: Average carbon intensity during training was 141.77 gCO2/kWh at detected location: Porto Alegre, Rio Grande do Sul, BR.
CarbonTracker: 
Actual consumption for 1 epoch(s):
	Time:	0:02:54
	Energy:	0.0050 kWh
	CO2eq:	0.7137 g
	This is equivalent to:
	0.0066 km travelled by car
CarbonTracker: WARNING - Failed to retrieve carbon intensity: Defaulting to average carbon intensity 141.77426 gCO2/kWh.
CarbonTracker: Live carbon intensity could not be fetched at detected location: Porto Alegre, Rio Grande do Sul, BR. Defaulted to average carbon intensity for BR in 2021 of 141.77 gCO2/kWh. at detected location: Porto Alegre, Rio Grande do Sul, BR.
CarbonTracker: 
Predicted consumption for 1 epoch(s):
	Time:	0:02:54
	Energy:	0.0050 kWh
	CO2eq:	0.7137 g
	This is equivalent to:
	0.0066 km travelled by car
CarbonTracker: Finished monitoring.
___lbm com 14 Treads_concluida___
___lbm com 16 Treads___
CarbonTracker: The following components were found: GPU with device(s) NVIDIA GeForce RTX 4090. CPU with device(s) cpu:0.
CarbonTracker: WARNING - Failed to retrieve carbon intensity: Defaulting to average carbon intensity 141.77426 gCO2/kWh.
MAIN_printInfo:
	grid size      : 120 x 120 x 150 = 2.16 * 10^6 Cells
	nTimeSteps     : 3000
	result file    : /home/users/acsilveira/hpc-benchmarks/parboil/benchmarks/lbm/run/long/reference.dat
	action         : store
	simulation type: lid-driven cavity
	obstacle file  : /home/users/acsilveira/hpc-benchmarks/parboil/datasets/lbm/long/input/120_120_150_ldc.of

LBM_allocateGrid: allocated 169.2 MByte
LBM_allocateGrid: allocated 169.2 MByte
LBM_showGridStatistics:
	nObstacleCells:  343321 nAccelCells:   26912 nFluidCells: 1789767
	minRho:   1.0000 maxRho:   1.0000 mass: 2.160000e+06
	minU: 0.000000e+00 maxU: 0.000000e+00

timestep: 64
timestep: 128
timestep: 192
timestep: 256
timestep: 320
timestep: 384
timestep: 448
timestep: 512
timestep: 576
timestep: 640
timestep: 704
timestep: 768
timestep: 832
timestep: 896
timestep: 960
timestep: 1024
timestep: 1088
timestep: 1152
timestep: 1216
timestep: 1280
timestep: 1344
timestep: 1408
timestep: 1472
timestep: 1536
timestep: 1600
timestep: 1664
timestep: 1728
timestep: 1792
timestep: 1856
timestep: 1920
timestep: 1984
timestep: 2048
timestep: 2112
timestep: 2176
timestep: 2240
timestep: 2304
timestep: 2368
timestep: 2432
timestep: 2496
timestep: 2560
timestep: 2624
timestep: 2688
timestep: 2752
timestep: 2816
timestep: 2880
timestep: 2944
MAIN_stopClock:
	usr: 2185.80 sys:    0.74 tot: 2186.54 wct:  147.21 MLUPS: 44.02

LBM_showGridStatistics:
	nObstacleCells:  343321 nAccelCells:   26912 nFluidCells: 1789767
	minRho:   0.9171 maxRho:   1.0866 mass: 2.159998e+06
	minU: 6.018727e-07 maxU: 3.296003e-02

Compute   : 149.024518
Timer Wall Time: 149.024521
Pass
Parboil parallel benchmark suite, version 0.2

CarbonTracker: WARNING - Failed to retrieve carbon intensity: Defaulting to average carbon intensity 141.77426 gCO2/kWh.
CarbonTracker: Average carbon intensity during training was 141.77 gCO2/kWh at detected location: Porto Alegre, Rio Grande do Sul, BR.
CarbonTracker: 
Actual consumption for 1 epoch(s):
	Time:	0:02:33
	Energy:	0.0047 kWh
	CO2eq:	0.6719 g
	This is equivalent to:
	0.0063 km travelled by car
CarbonTracker: WARNING - Failed to retrieve carbon intensity: Defaulting to average carbon intensity 141.77426 gCO2/kWh.
CarbonTracker: Live carbon intensity could not be fetched at detected location: Porto Alegre, Rio Grande do Sul, BR. Defaulted to average carbon intensity for BR in 2021 of 141.77 gCO2/kWh. at detected location: Porto Alegre, Rio Grande do Sul, BR.
CarbonTracker: 
Predicted consumption for 1 epoch(s):
	Time:	0:02:33
	Energy:	0.0047 kWh
	CO2eq:	0.6719 g
	This is equivalent to:
	0.0063 km travelled by car
CarbonTracker: Finished monitoring.
___lbm com 16 Treads_concluida___

 Start Clean
rm -f build/omp_base_default/*
if [ -d build/omp_base_default ]; then rmdir build/omp_base_default; fi
rm -f build/opencl_default/*
if [ -d build/opencl_default ]; then rmdir build/opencl_default; fi
rm -f build/opencl_nvidia_default/*
if [ -d build/opencl_nvidia_default ]; then rmdir build/opencl_nvidia_default; fi
rm -f build/cpu_default/*
if [ -d build/cpu_default ]; then rmdir build/cpu_default; fi
rm -rf build/cuda_default/*
if [ -d build/cuda_default ]; then rmdir build/cuda_default; fi
Parboil parallel benchmark suite, version 0.2


 Start Compile
mkdir -p build/omp_base_default
gcc -I/home/users/acsilveira/hpc-benchmarks/parboil/common/include -I/usr/local/cuda/include  -ffast-math -fopenmp -c src/omp_base/main.c -o build/omp_base_default/main.o
g++ -I/home/users/acsilveira/hpc-benchmarks/parboil/common/include -I/usr/local/cuda/include  -ffast-math -fopenmp -c src/omp_base/file.cc -o build/omp_base_default/file.o
gcc -I/home/users/acsilveira/hpc-benchmarks/parboil/common/include -I/usr/local/cuda/include  -ffast-math -fopenmp -c /home/users/acsilveira/hpc-benchmarks/parboil/common/src/parboil.c -o build/omp_base_default/parboil.o
g++ build/omp_base_default/main.o build/omp_base_default/file.o build/omp_base_default/parboil.o -o build/omp_base_default/mri-q  -lm -lpthread -lm -lstdc++ -lgomp
Parboil parallel benchmark suite, version 0.2



___Executando mri-q ___:___mri-q com 2 Treads___
CarbonTracker: The following components were found: GPU with device(s) NVIDIA GeForce RTX 4090. CPU with device(s) cpu:0.
g++ build/omp_base_default/main.o build/omp_base_default/file.o build/omp_base_default/parboil.o -o build/omp_base_default/mri-q  -lm -lpthread -lm -lstdc++ -lgomp
Parboil parallel benchmark suite, version 0.2

Run failed!
CarbonTracker: WARNING - Epoch duration is too short for a measurement to be collected.
CarbonTracker: WARNING - Failed to retrieve carbon intensity: Defaulting to average carbon intensity 141.77426 gCO2/kWh.
CarbonTracker: WARNING - Failed to retrieve carbon intensity: Defaulting to average carbon intensity 141.77426 gCO2/kWh.
CarbonTracker: Average carbon intensity during training was 141.77 gCO2/kWh at detected location: Porto Alegre, Rio Grande do Sul, BR.
CarbonTracker: 
Actual consumption for 1 epoch(s):
	Time:	0:00:00
	Energy:	0.0000 kWh
	CO2eq:	0.0001 g
	This is equivalent to:
	0.0000 km travelled by car
CarbonTracker: WARNING - Failed to retrieve carbon intensity: Defaulting to average carbon intensity 141.77426 gCO2/kWh.
CarbonTracker: Live carbon intensity could not be fetched at detected location: Porto Alegre, Rio Grande do Sul, BR. Defaulted to average carbon intensity for BR in 2021 of 141.77 gCO2/kWh. at detected location: Porto Alegre, Rio Grande do Sul, BR.
CarbonTracker: 
Predicted consumption for 1 epoch(s):
	Time:	0:00:00
	Energy:	0.0000 kWh
	CO2eq:	0.0001 g
	This is equivalent to:
	0.0000 km travelled by car
CarbonTracker: Finished monitoring.
___mri-q com 2 Treads_concluida___
___mri-q com 4 Treads___
CarbonTracker: The following components were found: GPU with device(s) NVIDIA GeForce RTX 4090. CPU with device(s) cpu:0.
g++ build/omp_base_default/main.o build/omp_base_default/file.o build/omp_base_default/parboil.o -o build/omp_base_default/mri-q  -lm -lpthread -lm -lstdc++ -lgomp
Parboil parallel benchmark suite, version 0.2

Run failed!
CarbonTracker: WARNING - Epoch duration is too short for a measurement to be collected.
CarbonTracker: WARNING - Failed to retrieve carbon intensity: Defaulting to average carbon intensity 141.77426 gCO2/kWh.
CarbonTracker: WARNING - Failed to retrieve carbon intensity: Defaulting to average carbon intensity 141.77426 gCO2/kWh.
CarbonTracker: Average carbon intensity during training was 141.77 gCO2/kWh at detected location: Porto Alegre, Rio Grande do Sul, BR.
CarbonTracker: 
Actual consumption for 1 epoch(s):
	Time:	0:00:00
	Energy:	0.0000 kWh
	CO2eq:	0.0002 g
	This is equivalent to:
	0.0000 km travelled by car
CarbonTracker: WARNING - Failed to retrieve carbon intensity: Defaulting to average carbon intensity 141.77426 gCO2/kWh.
CarbonTracker: Live carbon intensity could not be fetched at detected location: Porto Alegre, Rio Grande do Sul, BR. Defaulted to average carbon intensity for BR in 2021 of 141.77 gCO2/kWh. at detected location: Porto Alegre, Rio Grande do Sul, BR.
CarbonTracker: 
Predicted consumption for 1 epoch(s):
	Time:	0:00:00
	Energy:	0.0000 kWh
	CO2eq:	0.0002 g
	This is equivalent to:
	0.0000 km travelled by car
CarbonTracker: Finished monitoring.
___mri-q com 4 Treads_concluida___
___mri-q com 6 Treads___
CarbonTracker: The following components were found: GPU with device(s) NVIDIA GeForce RTX 4090. CPU with device(s) cpu:0.
g++ build/omp_base_default/main.o build/omp_base_default/file.o build/omp_base_default/parboil.o -o build/omp_base_default/mri-q  -lm -lpthread -lm -lstdc++ -lgomp
CarbonTracker: WARNING - Failed to retrieve carbon intensity: Defaulting to average carbon intensity 141.77426 gCO2/kWh.
Parboil parallel benchmark suite, version 0.2

Run failed!
CarbonTracker: WARNING - Epoch duration is too short for a measurement to be collected.
CarbonTracker: WARNING - Failed to retrieve carbon intensity: Defaulting to average carbon intensity 141.77426 gCO2/kWh.
CarbonTracker: Average carbon intensity during training was 141.77 gCO2/kWh at detected location: Porto Alegre, Rio Grande do Sul, BR.
CarbonTracker: 
Actual consumption for 1 epoch(s):
	Time:	0:00:00
	Energy:	0.0000 kWh
	CO2eq:	0.0003 g
	This is equivalent to:
	0.0000 km travelled by car
CarbonTracker: WARNING - Failed to retrieve carbon intensity: Defaulting to average carbon intensity 141.77426 gCO2/kWh.
CarbonTracker: Live carbon intensity could not be fetched at detected location: Porto Alegre, Rio Grande do Sul, BR. Defaulted to average carbon intensity for BR in 2021 of 141.77 gCO2/kWh. at detected location: Porto Alegre, Rio Grande do Sul, BR.
CarbonTracker: 
Predicted consumption for 1 epoch(s):
	Time:	0:00:00
	Energy:	0.0000 kWh
	CO2eq:	0.0003 g
	This is equivalent to:
	0.0000 km travelled by car
CarbonTracker: Finished monitoring.
___mri-q com 6 Treads_concluida___
___mri-q com 8 Treads___
CarbonTracker: The following components were found: GPU with device(s) NVIDIA GeForce RTX 4090. CPU with device(s) cpu:0.
g++ build/omp_base_default/main.o build/omp_base_default/file.o build/omp_base_default/parboil.o -o build/omp_base_default/mri-q  -lm -lpthread -lm -lstdc++ -lgomp
Parboil parallel benchmark suite, version 0.2

Run failed!
CarbonTracker: WARNING - Epoch duration is too short for a measurement to be collected.
CarbonTracker: WARNING - Failed to retrieve carbon intensity: Defaulting to average carbon intensity 141.77426 gCO2/kWh.
CarbonTracker: WARNING - Failed to retrieve carbon intensity: Defaulting to average carbon intensity 141.77426 gCO2/kWh.
CarbonTracker: Average carbon intensity during training was 141.77 gCO2/kWh at detected location: Porto Alegre, Rio Grande do Sul, BR.
CarbonTracker: 
Actual consumption for 1 epoch(s):
	Time:	0:00:00
	Energy:	0.0000 kWh
	CO2eq:	0.0001 g
	This is equivalent to:
	0.0000 km travelled by car
CarbonTracker: WARNING - Failed to retrieve carbon intensity: Defaulting to average carbon intensity 141.77426 gCO2/kWh.
CarbonTracker: Live carbon intensity could not be fetched at detected location: Porto Alegre, Rio Grande do Sul, BR. Defaulted to average carbon intensity for BR in 2021 of 141.77 gCO2/kWh. at detected location: Porto Alegre, Rio Grande do Sul, BR.
CarbonTracker: 
Predicted consumption for 1 epoch(s):
	Time:	0:00:00
	Energy:	0.0000 kWh
	CO2eq:	0.0001 g
	This is equivalent to:
	0.0000 km travelled by car
CarbonTracker: Finished monitoring.
___mri-q com 8 Treads_concluida___
___mri-q com 10 Treads___
CarbonTracker: The following components were found: GPU with device(s) NVIDIA GeForce RTX 4090. CPU with device(s) cpu:0.
g++ build/omp_base_default/main.o build/omp_base_default/file.o build/omp_base_default/parboil.o -o build/omp_base_default/mri-q  -lm -lpthread -lm -lstdc++ -lgomp
Parboil parallel benchmark suite, version 0.2

Run failed!
CarbonTracker: WARNING - Epoch duration is too short for a measurement to be collected.
CarbonTracker: WARNING - Failed to retrieve carbon intensity: Defaulting to average carbon intensity 141.77426 gCO2/kWh.
CarbonTracker: WARNING - Failed to retrieve carbon intensity: Defaulting to average carbon intensity 141.77426 gCO2/kWh.
CarbonTracker: Average carbon intensity during training was 141.77 gCO2/kWh at detected location: Porto Alegre, Rio Grande do Sul, BR.
CarbonTracker: 
Actual consumption for 1 epoch(s):
	Time:	0:00:00
	Energy:	0.0000 kWh
	CO2eq:	0.0002 g
	This is equivalent to:
	0.0000 km travelled by car
CarbonTracker: WARNING - Failed to retrieve carbon intensity: Defaulting to average carbon intensity 141.77426 gCO2/kWh.
CarbonTracker: Live carbon intensity could not be fetched at detected location: Porto Alegre, Rio Grande do Sul, BR. Defaulted to average carbon intensity for BR in 2021 of 141.77 gCO2/kWh. at detected location: Porto Alegre, Rio Grande do Sul, BR.
CarbonTracker: 
Predicted consumption for 1 epoch(s):
	Time:	0:00:00
	Energy:	0.0000 kWh
	CO2eq:	0.0002 g
	This is equivalent to:
	0.0000 km travelled by car
CarbonTracker: Finished monitoring.
___mri-q com 10 Treads_concluida___
___mri-q com 12 Treads___
CarbonTracker: The following components were found: GPU with device(s) NVIDIA GeForce RTX 4090. CPU with device(s) cpu:0.
g++ build/omp_base_default/main.o build/omp_base_default/file.o build/omp_base_default/parboil.o -o build/omp_base_default/mri-q  -lm -lpthread -lm -lstdc++ -lgomp
CarbonTracker: WARNING - Failed to retrieve carbon intensity: Defaulting to average carbon intensity 141.77426 gCO2/kWh.
Parboil parallel benchmark suite, version 0.2

Run failed!
CarbonTracker: WARNING - Epoch duration is too short for a measurement to be collected.
CarbonTracker: WARNING - Failed to retrieve carbon intensity: Defaulting to average carbon intensity 141.77426 gCO2/kWh.
CarbonTracker: Average carbon intensity during training was 141.77 gCO2/kWh at detected location: Porto Alegre, Rio Grande do Sul, BR.
CarbonTracker: 
Actual consumption for 1 epoch(s):
	Time:	0:00:00
	Energy:	0.0000 kWh
	CO2eq:	0.0003 g
	This is equivalent to:
	0.0000 km travelled by car
CarbonTracker: WARNING - Failed to retrieve carbon intensity: Defaulting to average carbon intensity 141.77426 gCO2/kWh.
CarbonTracker: Live carbon intensity could not be fetched at detected location: Porto Alegre, Rio Grande do Sul, BR. Defaulted to average carbon intensity for BR in 2021 of 141.77 gCO2/kWh. at detected location: Porto Alegre, Rio Grande do Sul, BR.
CarbonTracker: 
Predicted consumption for 1 epoch(s):
	Time:	0:00:00
	Energy:	0.0000 kWh
	CO2eq:	0.0003 g
	This is equivalent to:
	0.0000 km travelled by car
CarbonTracker: Finished monitoring.
___mri-q com 12 Treads_concluida___
___mri-q com 14 Treads___
CarbonTracker: The following components were found: GPU with device(s) NVIDIA GeForce RTX 4090. CPU with device(s) cpu:0.
g++ build/omp_base_default/main.o build/omp_base_default/file.o build/omp_base_default/parboil.o -o build/omp_base_default/mri-q  -lm -lpthread -lm -lstdc++ -lgomp
Parboil parallel benchmark suite, version 0.2

Run failed!
CarbonTracker: WARNING - Epoch duration is too short for a measurement to be collected.
CarbonTracker: WARNING - Failed to retrieve carbon intensity: Defaulting to average carbon intensity 141.77426 gCO2/kWh.
CarbonTracker: WARNING - Failed to retrieve carbon intensity: Defaulting to average carbon intensity 141.77426 gCO2/kWh.
CarbonTracker: Average carbon intensity during training was 141.77 gCO2/kWh at detected location: Porto Alegre, Rio Grande do Sul, BR.
CarbonTracker: 
Actual consumption for 1 epoch(s):
	Time:	0:00:00
	Energy:	0.0000 kWh
	CO2eq:	0.0001 g
	This is equivalent to:
	0.0000 km travelled by car
CarbonTracker: WARNING - Failed to retrieve carbon intensity: Defaulting to average carbon intensity 141.77426 gCO2/kWh.
CarbonTracker: Live carbon intensity could not be fetched at detected location: Porto Alegre, Rio Grande do Sul, BR. Defaulted to average carbon intensity for BR in 2021 of 141.77 gCO2/kWh. at detected location: Porto Alegre, Rio Grande do Sul, BR.
CarbonTracker: 
Predicted consumption for 1 epoch(s):
	Time:	0:00:00
	Energy:	0.0000 kWh
	CO2eq:	0.0001 g
	This is equivalent to:
	0.0000 km travelled by car
CarbonTracker: Finished monitoring.
___mri-q com 14 Treads_concluida___
___mri-q com 16 Treads___
CarbonTracker: The following components were found: GPU with device(s) NVIDIA GeForce RTX 4090. CPU with device(s) cpu:0.
g++ build/omp_base_default/main.o build/omp_base_default/file.o build/omp_base_default/parboil.o -o build/omp_base_default/mri-q  -lm -lpthread -lm -lstdc++ -lgomp
Parboil parallel benchmark suite, version 0.2

Run failed!
CarbonTracker: WARNING - Epoch duration is too short for a measurement to be collected.
CarbonTracker: WARNING - Failed to retrieve carbon intensity: Defaulting to average carbon intensity 141.77426 gCO2/kWh.
CarbonTracker: WARNING - Failed to retrieve carbon intensity: Defaulting to average carbon intensity 141.77426 gCO2/kWh.
CarbonTracker: Average carbon intensity during training was 141.77 gCO2/kWh at detected location: Porto Alegre, Rio Grande do Sul, BR.
CarbonTracker: 
Actual consumption for 1 epoch(s):
	Time:	0:00:00
	Energy:	0.0000 kWh
	CO2eq:	0.0001 g
	This is equivalent to:
	0.0000 km travelled by car
CarbonTracker: WARNING - Failed to retrieve carbon intensity: Defaulting to average carbon intensity 141.77426 gCO2/kWh.
CarbonTracker: Live carbon intensity could not be fetched at detected location: Porto Alegre, Rio Grande do Sul, BR. Defaulted to average carbon intensity for BR in 2021 of 141.77 gCO2/kWh. at detected location: Porto Alegre, Rio Grande do Sul, BR.
CarbonTracker: 
Predicted consumption for 1 epoch(s):
	Time:	0:00:00
	Energy:	0.0000 kWh
	CO2eq:	0.0001 g
	This is equivalent to:
	0.0000 km travelled by car
CarbonTracker: Finished monitoring.
___mri-q com 16 Treads_concluida___

 Start Clean
rm -f build/opencl_base_default/*
if [ -d build/opencl_base_default ]; then rmdir build/opencl_base_default; fi
rm -f build/omp_base_default/*
if [ -d build/omp_base_default ]; then rmdir build/omp_base_default; fi
rm -rf build/cuda_base_default/*
if [ -d build/cuda_base_default ]; then rmdir build/cuda_base_default; fi
rm -f build/base_default/*
if [ -d build/base_default ]; then rmdir build/base_default; fi
rm -f build/opencl_nvidia_default/*
if [ -d build/opencl_nvidia_default ]; then rmdir build/opencl_nvidia_default; fi
rm -rf build/cuda_default/*
if [ -d build/cuda_default ]; then rmdir build/cuda_default; fi
Parboil parallel benchmark suite, version 0.2


 Start Compile
mkdir -p build/omp_base_default
gcc -I/home/users/acsilveira/hpc-benchmarks/parboil/common/include -I/usr/local/cuda/include  -fopenmp -c src/omp_base/main.c -o build/omp_base_default/main.o
gcc -I/home/users/acsilveira/hpc-benchmarks/parboil/common/include -I/usr/local/cuda/include  -fopenmp -c src/omp_base/readatom.c -o build/omp_base_default/readatom.o
gcc -I/home/users/acsilveira/hpc-benchmarks/parboil/common/include -I/usr/local/cuda/include  -fopenmp -c src/omp_base/output.c -o build/omp_base_default/output.o
gcc -I/home/users/acsilveira/hpc-benchmarks/parboil/common/include -I/usr/local/cuda/include  -fopenmp -c src/omp_base/excl.c -o build/omp_base_default/excl.o
gcc -I/home/users/acsilveira/hpc-benchmarks/parboil/common/include -I/usr/local/cuda/include  -fopenmp -c src/omp_base/cutcpu.c -o build/omp_base_default/cutcpu.o
gcc -I/home/users/acsilveira/hpc-benchmarks/parboil/common/include -I/usr/local/cuda/include  -fopenmp -c /home/users/acsilveira/hpc-benchmarks/parboil/common/src/parboil.c -o build/omp_base_default/parboil.o
g++ build/omp_base_default/main.o build/omp_base_default/readatom.o build/omp_base_default/output.o build/omp_base_default/excl.o build/omp_base_default/cutcpu.o build/omp_base_default/parboil.o -o build/omp_base_default/cutcp  -lm -lpthread -lm -lgomp
Parboil parallel benchmark suite, version 0.2



___Executando cutcp ___:___cutcp com 2 Treads___
CarbonTracker: The following components were found: GPU with device(s) NVIDIA GeForce RTX 4090. CPU with device(s) cpu:0.
CarbonTracker: WARNING - Failed to retrieve carbon intensity: Defaulting to average carbon intensity 141.77426 gCO2/kWh.
read 96603 atoms from file '/home/users/acsilveira/hpc-benchmarks/parboil/datasets/cutcp/large/input/watbox.sl100.pqr'
extent of domain is:
  minimum -49.998 -49.997 -49.996
  maximum 50 49.99 49.971
padding domain by 0.5 Angstroms
domain lengths are 100.998 by 100.987 by 100.967

IO        : 0.276353
Compute   : 71.483945
Timer Wall Time: 71.760300
Pass
Parboil parallel benchmark suite, version 0.2

CarbonTracker: WARNING - Failed to retrieve carbon intensity: Defaulting to average carbon intensity 141.77426 gCO2/kWh.
CarbonTracker: Average carbon intensity during training was 141.77 gCO2/kWh at detected location: Porto Alegre, Rio Grande do Sul, BR.
CarbonTracker: 
Actual consumption for 1 epoch(s):
	Time:	0:01:12
	Energy:	0.0015 kWh
	CO2eq:	0.2182 g
	This is equivalent to:
	0.0020 km travelled by car
CarbonTracker: WARNING - Failed to retrieve carbon intensity: Defaulting to average carbon intensity 141.77426 gCO2/kWh.
CarbonTracker: Live carbon intensity could not be fetched at detected location: Porto Alegre, Rio Grande do Sul, BR. Defaulted to average carbon intensity for BR in 2021 of 141.77 gCO2/kWh. at detected location: Porto Alegre, Rio Grande do Sul, BR.
CarbonTracker: 
Predicted consumption for 1 epoch(s):
	Time:	0:01:12
	Energy:	0.0015 kWh
	CO2eq:	0.2182 g
	This is equivalent to:
	0.0020 km travelled by car
CarbonTracker: Finished monitoring.
___cutcp com 2 Treads_concluida___
___cutcp com 4 Treads___
CarbonTracker: The following components were found: GPU with device(s) NVIDIA GeForce RTX 4090. CPU with device(s) cpu:0.
CarbonTracker: WARNING - Failed to retrieve carbon intensity: Defaulting to average carbon intensity 141.77426 gCO2/kWh.
read 96603 atoms from file '/home/users/acsilveira/hpc-benchmarks/parboil/datasets/cutcp/large/input/watbox.sl100.pqr'
extent of domain is:
  minimum -49.998 -49.997 -49.996
  maximum 50 49.99 49.971
padding domain by 0.5 Angstroms
domain lengths are 100.998 by 100.987 by 100.967

IO        : 0.286586
Compute   : 37.027889
Timer Wall Time: 37.314476
Pass
Parboil parallel benchmark suite, version 0.2

CarbonTracker: WARNING - Failed to retrieve carbon intensity: Defaulting to average carbon intensity 141.77426 gCO2/kWh.
CarbonTracker: Average carbon intensity during training was 141.77 gCO2/kWh at detected location: Porto Alegre, Rio Grande do Sul, BR.
CarbonTracker: 
Actual consumption for 1 epoch(s):
	Time:	0:00:38
	Energy:	0.0008 kWh
	CO2eq:	0.1134 g
	This is equivalent to:
	0.0011 km travelled by car
CarbonTracker: WARNING - Failed to retrieve carbon intensity: Defaulting to average carbon intensity 141.77426 gCO2/kWh.
CarbonTracker: Live carbon intensity could not be fetched at detected location: Porto Alegre, Rio Grande do Sul, BR. Defaulted to average carbon intensity for BR in 2021 of 141.77 gCO2/kWh. at detected location: Porto Alegre, Rio Grande do Sul, BR.
CarbonTracker: 
Predicted consumption for 1 epoch(s):
	Time:	0:00:38
	Energy:	0.0008 kWh
	CO2eq:	0.1134 g
	This is equivalent to:
	0.0011 km travelled by car
CarbonTracker: Finished monitoring.
___cutcp com 4 Treads_concluida___
___cutcp com 6 Treads___
CarbonTracker: The following components were found: GPU with device(s) NVIDIA GeForce RTX 4090. CPU with device(s) cpu:0.
CarbonTracker: WARNING - Failed to retrieve carbon intensity: Defaulting to average carbon intensity 141.77426 gCO2/kWh.
read 96603 atoms from file '/home/users/acsilveira/hpc-benchmarks/parboil/datasets/cutcp/large/input/watbox.sl100.pqr'
extent of domain is:
  minimum -49.998 -49.997 -49.996
  maximum 50 49.99 49.971
padding domain by 0.5 Angstroms
domain lengths are 100.998 by 100.987 by 100.967

IO        : 0.264157
Compute   : 25.705589
Timer Wall Time: 25.969746
Pass
Parboil parallel benchmark suite, version 0.2

CarbonTracker: WARNING - Failed to retrieve carbon intensity: Defaulting to average carbon intensity 141.77426 gCO2/kWh.
CarbonTracker: Average carbon intensity during training was 141.77 gCO2/kWh at detected location: Porto Alegre, Rio Grande do Sul, BR.
CarbonTracker: 
Actual consumption for 1 epoch(s):
	Time:	0:00:26
	Energy:	0.0006 kWh
	CO2eq:	0.0853 g
	This is equivalent to:
	0.0008 km travelled by car
CarbonTracker: WARNING - Failed to retrieve carbon intensity: Defaulting to average carbon intensity 141.77426 gCO2/kWh.
CarbonTracker: Live carbon intensity could not be fetched at detected location: Porto Alegre, Rio Grande do Sul, BR. Defaulted to average carbon intensity for BR in 2021 of 141.77 gCO2/kWh. at detected location: Porto Alegre, Rio Grande do Sul, BR.
CarbonTracker: 
Predicted consumption for 1 epoch(s):
	Time:	0:00:26
	Energy:	0.0006 kWh
	CO2eq:	0.0853 g
	This is equivalent to:
	0.0008 km travelled by car
CarbonTracker: Finished monitoring.
___cutcp com 6 Treads_concluida___
___cutcp com 8 Treads___
CarbonTracker: The following components were found: GPU with device(s) NVIDIA GeForce RTX 4090. CPU with device(s) cpu:0.
CarbonTracker: WARNING - Failed to retrieve carbon intensity: Defaulting to average carbon intensity 141.77426 gCO2/kWh.
read 96603 atoms from file '/home/users/acsilveira/hpc-benchmarks/parboil/datasets/cutcp/large/input/watbox.sl100.pqr'
extent of domain is:
  minimum -49.998 -49.997 -49.996
  maximum 50 49.99 49.971
padding domain by 0.5 Angstroms
domain lengths are 100.998 by 100.987 by 100.967

IO        : 0.248294
Compute   : 19.413323
Timer Wall Time: 19.661619
Pass
Parboil parallel benchmark suite, version 0.2

CarbonTracker: WARNING - Failed to retrieve carbon intensity: Defaulting to average carbon intensity 141.77426 gCO2/kWh.
CarbonTracker: Average carbon intensity during training was 141.77 gCO2/kWh at detected location: Porto Alegre, Rio Grande do Sul, BR.
CarbonTracker: 
Actual consumption for 1 epoch(s):
	Time:	0:00:20
	Energy:	0.0005 kWh
	CO2eq:	0.0654 g
	This is equivalent to:
	0.0006 km travelled by car
CarbonTracker: WARNING - Failed to retrieve carbon intensity: Defaulting to average carbon intensity 141.77426 gCO2/kWh.
CarbonTracker: Live carbon intensity could not be fetched at detected location: Porto Alegre, Rio Grande do Sul, BR. Defaulted to average carbon intensity for BR in 2021 of 141.77 gCO2/kWh. at detected location: Porto Alegre, Rio Grande do Sul, BR.
CarbonTracker: 
Predicted consumption for 1 epoch(s):
	Time:	0:00:20
	Energy:	0.0005 kWh
	CO2eq:	0.0654 g
	This is equivalent to:
	0.0006 km travelled by car
CarbonTracker: Finished monitoring.
___cutcp com 8 Treads_concluida___
___cutcp com 10 Treads___
CarbonTracker: The following components were found: GPU with device(s) NVIDIA GeForce RTX 4090. CPU with device(s) cpu:0.
CarbonTracker: WARNING - Failed to retrieve carbon intensity: Defaulting to average carbon intensity 141.77426 gCO2/kWh.
read 96603 atoms from file '/home/users/acsilveira/hpc-benchmarks/parboil/datasets/cutcp/large/input/watbox.sl100.pqr'
extent of domain is:
  minimum -49.998 -49.997 -49.996
  maximum 50 49.99 49.971
padding domain by 0.5 Angstroms
domain lengths are 100.998 by 100.987 by 100.967

IO        : 0.233047
Compute   : 15.533953
Timer Wall Time: 15.767000
Pass
Parboil parallel benchmark suite, version 0.2

CarbonTracker: WARNING - Failed to retrieve carbon intensity: Defaulting to average carbon intensity 141.77426 gCO2/kWh.
CarbonTracker: Average carbon intensity during training was 141.77 gCO2/kWh at detected location: Porto Alegre, Rio Grande do Sul, BR.
CarbonTracker: 
Actual consumption for 1 epoch(s):
	Time:	0:00:16
	Energy:	0.0004 kWh
	CO2eq:	0.0565 g
	This is equivalent to:
	0.0005 km travelled by car
CarbonTracker: WARNING - Failed to retrieve carbon intensity: Defaulting to average carbon intensity 141.77426 gCO2/kWh.
CarbonTracker: Live carbon intensity could not be fetched at detected location: Porto Alegre, Rio Grande do Sul, BR. Defaulted to average carbon intensity for BR in 2021 of 141.77 gCO2/kWh. at detected location: Porto Alegre, Rio Grande do Sul, BR.
CarbonTracker: 
Predicted consumption for 1 epoch(s):
	Time:	0:00:16
	Energy:	0.0004 kWh
	CO2eq:	0.0565 g
	This is equivalent to:
	0.0005 km travelled by car
CarbonTracker: Finished monitoring.
___cutcp com 10 Treads_concluida___
___cutcp com 12 Treads___
CarbonTracker: The following components were found: GPU with device(s) NVIDIA GeForce RTX 4090. CPU with device(s) cpu:0.
CarbonTracker: WARNING - Failed to retrieve carbon intensity: Defaulting to average carbon intensity 141.77426 gCO2/kWh.
read 96603 atoms from file '/home/users/acsilveira/hpc-benchmarks/parboil/datasets/cutcp/large/input/watbox.sl100.pqr'
extent of domain is:
  minimum -49.998 -49.997 -49.996
  maximum 50 49.99 49.971
padding domain by 0.5 Angstroms
domain lengths are 100.998 by 100.987 by 100.967

IO        : 0.199798
Compute   : 13.068920
Timer Wall Time: 13.268720
Pass
Parboil parallel benchmark suite, version 0.2

CarbonTracker: WARNING - Failed to retrieve carbon intensity: Defaulting to average carbon intensity 141.77426 gCO2/kWh.
CarbonTracker: Average carbon intensity during training was 141.77 gCO2/kWh at detected location: Porto Alegre, Rio Grande do Sul, BR.
CarbonTracker: 
Actual consumption for 1 epoch(s):
	Time:	0:00:13
	Energy:	0.0003 kWh
	CO2eq:	0.0488 g
	This is equivalent to:
	0.0005 km travelled by car
CarbonTracker: WARNING - Failed to retrieve carbon intensity: Defaulting to average carbon intensity 141.77426 gCO2/kWh.
CarbonTracker: Live carbon intensity could not be fetched at detected location: Porto Alegre, Rio Grande do Sul, BR. Defaulted to average carbon intensity for BR in 2021 of 141.77 gCO2/kWh. at detected location: Porto Alegre, Rio Grande do Sul, BR.
CarbonTracker: 
Predicted consumption for 1 epoch(s):
	Time:	0:00:13
	Energy:	0.0003 kWh
	CO2eq:	0.0488 g
	This is equivalent to:
	0.0005 km travelled by car
CarbonTracker: Finished monitoring.
___cutcp com 12 Treads_concluida___
___cutcp com 14 Treads___
CarbonTracker: The following components were found: GPU with device(s) NVIDIA GeForce RTX 4090. CPU with device(s) cpu:0.
CarbonTracker: WARNING - Failed to retrieve carbon intensity: Defaulting to average carbon intensity 141.77426 gCO2/kWh.
read 96603 atoms from file '/home/users/acsilveira/hpc-benchmarks/parboil/datasets/cutcp/large/input/watbox.sl100.pqr'
extent of domain is:
  minimum -49.998 -49.997 -49.996
  maximum 50 49.99 49.971
padding domain by 0.5 Angstroms
domain lengths are 100.998 by 100.987 by 100.967

IO        : 0.209778
Compute   : 11.109324
Timer Wall Time: 11.319102
Pass
Parboil parallel benchmark suite, version 0.2

CarbonTracker: WARNING - Failed to retrieve carbon intensity: Defaulting to average carbon intensity 141.77426 gCO2/kWh.
CarbonTracker: Average carbon intensity during training was 141.77 gCO2/kWh at detected location: Porto Alegre, Rio Grande do Sul, BR.
CarbonTracker: 
Actual consumption for 1 epoch(s):
	Time:	0:00:11
	Energy:	0.0003 kWh
	CO2eq:	0.0434 g
	This is equivalent to:
	0.0004 km travelled by car
CarbonTracker: WARNING - Failed to retrieve carbon intensity: Defaulting to average carbon intensity 141.77426 gCO2/kWh.
CarbonTracker: Live carbon intensity could not be fetched at detected location: Porto Alegre, Rio Grande do Sul, BR. Defaulted to average carbon intensity for BR in 2021 of 141.77 gCO2/kWh. at detected location: Porto Alegre, Rio Grande do Sul, BR.
CarbonTracker: 
Predicted consumption for 1 epoch(s):
	Time:	0:00:11
	Energy:	0.0003 kWh
	CO2eq:	0.0434 g
	This is equivalent to:
	0.0004 km travelled by car
CarbonTracker: Finished monitoring.
___cutcp com 14 Treads_concluida___
___cutcp com 16 Treads___
CarbonTracker: The following components were found: GPU with device(s) NVIDIA GeForce RTX 4090. CPU with device(s) cpu:0.
CarbonTracker: WARNING - Failed to retrieve carbon intensity: Defaulting to average carbon intensity 141.77426 gCO2/kWh.
read 96603 atoms from file '/home/users/acsilveira/hpc-benchmarks/parboil/datasets/cutcp/large/input/watbox.sl100.pqr'
extent of domain is:
  minimum -49.998 -49.997 -49.996
  maximum 50 49.99 49.971
padding domain by 0.5 Angstroms
domain lengths are 100.998 by 100.987 by 100.967

IO        : 0.242366
Compute   : 9.859254
Timer Wall Time: 10.101620
Pass
Parboil parallel benchmark suite, version 0.2

CarbonTracker: WARNING - Failed to retrieve carbon intensity: Defaulting to average carbon intensity 141.77426 gCO2/kWh.
CarbonTracker: Average carbon intensity during training was 141.77 gCO2/kWh at detected location: Porto Alegre, Rio Grande do Sul, BR.
CarbonTracker: 
Actual consumption for 1 epoch(s):
	Time:	0:00:10
	Energy:	0.0003 kWh
	CO2eq:	0.0395 g
	This is equivalent to:
	0.0004 km travelled by car
CarbonTracker: WARNING - Failed to retrieve carbon intensity: Defaulting to average carbon intensity 141.77426 gCO2/kWh.
CarbonTracker: Live carbon intensity could not be fetched at detected location: Porto Alegre, Rio Grande do Sul, BR. Defaulted to average carbon intensity for BR in 2021 of 141.77 gCO2/kWh. at detected location: Porto Alegre, Rio Grande do Sul, BR.
CarbonTracker: 
Predicted consumption for 1 epoch(s):
	Time:	0:00:10
	Energy:	0.0003 kWh
	CO2eq:	0.0395 g
	This is equivalent to:
	0.0004 km travelled by car
CarbonTracker: Finished monitoring.
___cutcp com 16 Treads_concluida___
Desativa py2
Finalizando -> PARBOIL


Entrando -> RODINIA

compilando hotspot...
___Executando hotspot___:
___hotspot com 2 Treads___
Total time: 138.868 seconds
	Time:	0:02:21
	Energy:	0.0031 kWh
	CO2eq:	0.3066 g
	0.0029 km travelled by car
	Time:	0:02:21
	Energy:	0.0031 kWh
	CO2eq:	0.3066 g
	0.0029 km travelled by car
___hotspot com 2 Treads_concluida___
___hotspot com 4 Treads___
Total time: 81.825 seconds
	Time:	0:01:24
	Energy:	0.0020 kWh
	CO2eq:	0.1931 g
	0.0018 km travelled by car
	Time:	0:01:24
	Energy:	0.0020 kWh
	CO2eq:	0.1931 g
	0.0018 km travelled by car
___hotspot com 4 Treads_concluida___
___hotspot com 6 Treads___
Total time: 51.207 seconds
	Time:	0:00:53
	Energy:	0.0013 kWh
	CO2eq:	0.1286 g
	0.0012 km travelled by car
	Time:	0:00:53
	Energy:	0.0013 kWh
	CO2eq:	0.1286 g
	0.0012 km travelled by car
___hotspot com 6 Treads_concluida___
___hotspot com 8 Treads___
Total time: 45.766 seconds
	Time:	0:00:48
	Energy:	0.0012 kWh
	CO2eq:	0.1207 g
	0.0011 km travelled by car
	Time:	0:00:48
	Energy:	0.0012 kWh
	CO2eq:	0.1207 g
	0.0011 km travelled by car
___hotspot com 8 Treads_concluida___
___hotspot com 10 Treads___
Total time: 32.026 seconds
	Time:	0:00:34
	Energy:	0.0009 kWh
	CO2eq:	0.0915 g
	0.0009 km travelled by car
	Time:	0:00:34
	Energy:	0.0009 kWh
	CO2eq:	0.0915 g
	0.0009 km travelled by car
___hotspot com 10 Treads_concluida___
___hotspot com 12 Treads___
Total time: 27.483 seconds
	Time:	0:00:30
	Energy:	0.0008 kWh
	CO2eq:	0.0814 g
	0.0008 km travelled by car
	Time:	0:00:30
	Energy:	0.0008 kWh
	CO2eq:	0.0814 g
	0.0008 km travelled by car
___hotspot com 12 Treads_concluida___
___hotspot com 14 Treads___
Total time: 23.999 seconds
	Time:	0:00:26
	Energy:	0.0008 kWh
	CO2eq:	0.0746 g
	0.0007 km travelled by car
	Time:	0:00:26
	Energy:	0.0008 kWh
	CO2eq:	0.0746 g
	0.0007 km travelled by car
___hotspot com 14 Treads_concluida___
___hotspot com 16 Treads___
Total time: 25.513 seconds
	Time:	0:00:28
	Energy:	0.0008 kWh
	CO2eq:	0.0803 g
	0.0007 km travelled by car
	Time:	0:00:28
	Energy:	0.0008 kWh
	CO2eq:	0.0803 g
	0.0007 km travelled by car
___hotspot com 16 Treads_concluida___
___Fim de hotspot___:

compilando lud...
___Executando lud___:
___lud com 2 Treads___
Time consumed(ms): 358571.040000
	Time:	0:05:59
	Energy:	0.0079 kWh
	CO2eq:	0.7724 g
	0.0072 km travelled by car
	Time:	0:05:59
	Energy:	0.0079 kWh
	CO2eq:	0.7724 g
	0.0072 km travelled by car
___lud com 2 Treads_concluida___
___lud com 4 Treads___
Time consumed(ms): 186699.148000
	Time:	0:03:07
	Energy:	0.0043 kWh
	CO2eq:	0.4232 g
	0.0039 km travelled by car
	Time:	0:03:07
	Energy:	0.0043 kWh
	CO2eq:	0.4231 g
	0.0039 km travelled by car
___lud com 4 Treads_concluida___
___lud com 6 Treads___
Time consumed(ms): 126678.999000
	Time:	0:02:07
	Energy:	0.0031 kWh
	CO2eq:	0.3006 g
	0.0028 km travelled by car
	Time:	0:02:07
	Energy:	0.0031 kWh
	CO2eq:	0.3005 g
	0.0028 km travelled by car
___lud com 6 Treads_concluida___
___lud com 8 Treads___
Time consumed(ms): 93776.064000
	Time:	0:01:34
	Energy:	0.0024 kWh
	CO2eq:	0.2339 g
	0.0022 km travelled by car
	Time:	0:01:34
	Energy:	0.0024 kWh
	CO2eq:	0.2339 g
	0.0022 km travelled by car
___lud com 8 Treads_concluida___
___lud com 10 Treads___
Time consumed(ms): 75545.306000
	Time:	0:01:16
	Energy:	0.0020 kWh
	CO2eq:	0.1967 g
	0.0018 km travelled by car
	Time:	0:01:16
	Energy:	0.0020 kWh
	CO2eq:	0.1967 g
	0.0018 km travelled by car
___lud com 10 Treads_concluida___
___lud com 12 Treads___
Time consumed(ms): 64032.822000
	Time:	0:01:04
	Energy:	0.0018 kWh
	CO2eq:	0.1732 g
	0.0016 km travelled by car
	Time:	0:01:04
	Energy:	0.0018 kWh
	CO2eq:	0.1732 g
	0.0016 km travelled by car
___lud com 12 Treads_concluida___
___lud com 14 Treads___
Time consumed(ms): 54437.553000
	Time:	0:00:55
	Energy:	0.0016 kWh
	CO2eq:	0.1534 g
	0.0014 km travelled by car
	Time:	0:00:55
	Energy:	0.0016 kWh
	CO2eq:	0.1534 g
	0.0014 km travelled by car
___lud com 14 Treads_concluida___
___lud com 16 Treads___
Time consumed(ms): 48401.529000
	Time:	0:00:49
	Energy:	0.0014 kWh
	CO2eq:	0.1413 g
	0.0013 km travelled by car
	Time:	0:00:49
	Energy:	0.0014 kWh
	CO2eq:	0.1413 g
	0.0013 km travelled by car
___lud com 16 Treads_concluida___
___Fim de lud___:

compilando streamcluster...
___Executando streamcluster___:
___streamcluster com 2 Treads___
time = 429.624359
	Time:	0:07:10
	Energy:	0.0095 kWh
	CO2eq:	0.9343 g
	0.0087 km travelled by car
	Time:	0:07:10
	Energy:	0.0095 kWh
	CO2eq:	0.9343 g
	0.0087 km travelled by car
___streamcluster com 2 Treads_concluida___
___streamcluster com 4 Treads___
time = 226.688926
	Time:	0:03:47
	Energy:	0.0053 kWh
	CO2eq:	0.5214 g
	0.0049 km travelled by car
	Time:	0:03:47
	Energy:	0.0053 kWh
	CO2eq:	0.5214 g
	0.0049 km travelled by car
___streamcluster com 4 Treads_concluida___
___streamcluster com 6 Treads___
time = 158.629659
	Time:	0:02:39
	Energy:	0.0039 kWh
	CO2eq:	0.3842 g
	0.0036 km travelled by car
	Time:	0:02:39
	Energy:	0.0039 kWh
	CO2eq:	0.3842 g
	0.0036 km travelled by car
___streamcluster com 6 Treads_concluida___
___streamcluster com 8 Treads___
time = 124.258657
	Time:	0:02:04
	Energy:	0.0032 kWh
	CO2eq:	0.3141 g
	0.0029 km travelled by car
	Time:	0:02:04
	Energy:	0.0032 kWh
	CO2eq:	0.3141 g
	0.0029 km travelled by car
___streamcluster com 8 Treads_concluida___
___streamcluster com 10 Treads___
time = 103.799568
	Time:	0:01:44
	Energy:	0.0028 kWh
	CO2eq:	0.2711 g
	0.0025 km travelled by car
	Time:	0:01:44
	Energy:	0.0028 kWh
	CO2eq:	0.2711 g
	0.0025 km travelled by car
___streamcluster com 10 Treads_concluida___
___streamcluster com 12 Treads___
time = 90.270826
	Time:	0:01:30
	Energy:	0.0025 kWh
	CO2eq:	0.2433 g
	0.0023 km travelled by car
	Time:	0:01:30
	Energy:	0.0025 kWh
	CO2eq:	0.2433 g
	0.0023 km travelled by car
___streamcluster com 12 Treads_concluida___
___streamcluster com 14 Treads___
time = 80.609752
	Time:	0:01:21
	Energy:	0.0023 kWh
	CO2eq:	0.2237 g
	0.0021 km travelled by car
	Time:	0:01:21
	Energy:	0.0023 kWh
	CO2eq:	0.2237 g
	0.0021 km travelled by car
___streamcluster com 14 Treads_concluida___
___streamcluster com 16 Treads___
time = 76.620422
	Time:	0:01:17
	Energy:	0.0022 kWh
	CO2eq:	0.2171 g
	0.0020 km travelled by car
	Time:	0:01:17
	Energy:	0.0022 kWh
	CO2eq:	0.2171 g
	0.0020 km travelled by car
___streamcluster com 16 Treads_concluida___
___Fim de streamcluster___:

Finalizando -> RODINIA
