 Treads   App        Time Time CT  Energy   CO2eq  km travelled by car
      2   bfs    3,617850 0:00:07  0,0002  0,0282               0,0003
      4   bfs    4,132633 0:00:07  0,0002  0,0304               0,0003
      6   bfs    4,469052 0:00:08  0,0002  0,0315               0,0003
      8   bfs    4,870854 0:00:08  0,0002  0,0327               0,0003
     10   bfs    5,024549 0:00:08  0,0002  0,0338               0,0003
     12   bfs    7,553309 0:00:11  0,0003  0,0443               0,0004
     14   bfs    8,281198 0:00:12  0,0003  0,0471               0,0004
     16   bfs    9,000021 0:00:12  0,0004  0,0503               0,0005
     18   bfs   10,030936 0:00:13  0,0004  0,0541               0,0005
     20   bfs   11,129181 0:00:14  0,0004  0,0589               0,0005
     22   bfs   13,035700 0:00:17  0,0007  0,1058               0,0010
     24   bfs   13,543465 0:00:17  0,0008  0,1065               0,0010
     26   bfs   13,881172 0:00:17  0,0008  0,1086               0,0010
     28   bfs   14,494979 0:00:18  0,0008  0,1132               0,0011
     30   bfs   15,004245 0:00:18  0,0008  0,1170               0,0011
     32   bfs   16,054432 0:00:19  0,0009  0,1240               0,0012
     34   bfs   16,742239 0:00:20  0,0009  0,1291               0,0012
     36   bfs   17,754166 0:00:22  0,0010  0,1408               0,0013
     38   bfs   18,929821 0:00:22  0,0010  0,1446               0,0013
     40   bfs   20,034775 0:00:23  0,0010  0,1355               0,0013
      2   bfs    3,640143 0:00:07  0,0002  0,0291               0,0003
      4   bfs    4,176882 0:00:07  0,0002  0,0298               0,0003
      6   bfs         NaN 0:00:00  0,0000  0,0000               0,0000
      8   bfs    4,846411 0:00:08  0,0002  0,0331               0,0003
     10   bfs    5,042817 0:00:08  0,0002  0,0343               0,0003
     12   bfs    7,445454 0:00:11  0,0003  0,0443               0,0004
     14   bfs    8,081521 0:00:11  0,0003  0,0460               0,0004
     16   bfs    9,065416 0:00:12  0,0003  0,0493               0,0005
     18   bfs   10,267167 0:00:14  0,0004  0,0582               0,0005
     20   bfs   11,085746 0:00:14  0,0004  0,0543               0,0005
     22   bfs   13,333913 0:00:17  0,0007  0,1035               0,0010
     24   bfs   13,473802 0:00:17  0,0007  0,1052               0,0010
     26   bfs   14,102022 0:00:17  0,0008  0,1098               0,0010
     28   bfs   14,737979 0:00:18  0,0008  0,1148               0,0011
     30   bfs   15,369939 0:00:19  0,0008  0,1205               0,0011
     32   bfs   16,487085 0:00:20  0,0009  0,1278               0,0012
     34   bfs   17,020119 0:00:20  0,0009  0,1310               0,0012
     36   bfs   17,612106 0:00:21  0,0010  0,1366               0,0013
     38   bfs   18,528191 0:00:22  0,0010  0,1427               0,0013
     40   bfs   19,425529 0:00:23  0,0010  0,1487               0,0014
      2   bfs    3,686155 0:00:07  0,0002  0,0278               0,0003
      4   bfs    4,326963 0:00:08  0,0002  0,0319               0,0003
      6   bfs    4,589333 0:00:08  0,0002  0,0318               0,0003
      8   bfs    4,845721 0:00:08  0,0002  0,0336               0,0003
     10   bfs    5,089287 0:00:08  0,0002  0,0346               0,0003
     12   bfs    7,432008 0:00:11  0,0003  0,0439               0,0004
     14   bfs    8,466805 0:00:12  0,0003  0,0479               0,0004
     16   bfs    9,271080 0:00:13  0,0004  0,0514               0,0005
     18   bfs    9,985388 0:00:13  0,0004  0,0547               0,0005
     20   bfs   11,166454 0:00:14  0,0004  0,0583               0,0005
     22   bfs   13,672316 0:00:17  0,0008  0,1076               0,0010
     24   bfs   13,829763 0:00:17  0,0008  0,1089               0,0010
     26   bfs   14,023680 0:00:17  0,0008  0,1087               0,0010
     28   bfs   14,970077 0:00:18  0,0008  0,1172               0,0011
     30   bfs   15,516407 0:00:19  0,0009  0,1208               0,0011
     32   bfs   16,408726 0:00:20  0,0009  0,1274               0,0012
     34   bfs   17,166245 0:00:21  0,0009  0,1303               0,0012
     36   bfs   18,148211 0:00:22  0,0010  0,1409               0,0013
     38   bfs   18,850321 0:00:22  0,0010  0,1433               0,0013
     40   bfs   20,066761 0:00:23  0,0010  0,1348               0,0013
      2   bfs    3,756296 0:00:07  0,0002  0,0298               0,0003
      4   bfs    4,118730 0:00:07  0,0002  0,0305               0,0003
      6   bfs    4,507085 0:00:08  0,0002  0,0322               0,0003
      8   bfs    4,791490 0:00:08  0,0002  0,0331               0,0003
     10   bfs    4,980693 0:00:08  0,0002  0,0340               0,0003
     12   bfs    7,712525 0:00:11  0,0003  0,0452               0,0004
     14   bfs         NaN 0:00:03  0,0001  0,0138               0,0001
     16   bfs    9,239787 0:00:13  0,0004  0,0511               0,0005
     18   bfs    9,698784 0:00:13  0,0004  0,0535               0,0005
     20   bfs   10,861256 0:00:14  0,0004  0,0579               0,0005
     22   bfs   13,198989 0:00:17  0,0007  0,1027               0,0010
     24   bfs   13,528774 0:00:17  0,0007  0,1057               0,0010
     26   bfs   14,069248 0:00:17  0,0008  0,1103               0,0010
     28   bfs   14,783832 0:00:18  0,0008  0,1155               0,0011
     30   bfs   15,077802 0:00:18  0,0008  0,1178               0,0011
     32   bfs   15,993905 0:00:19  0,0009  0,1246               0,0012
     34   bfs   17,379560 0:00:21  0,0009  0,1339               0,0012
     36   bfs   18,183489 0:00:21  0,0010  0,1377               0,0013
     38   bfs   19,250469 0:00:23  0,0010  0,1461               0,0014
     40   bfs   19,724865 0:00:23  0,0009  0,1315               0,0012
      2   bfs    3,730959 0:00:07  0,0002  0,0293               0,0003
      4   bfs    4,187701 0:00:07  0,0002  0,0305               0,0003
      6   bfs    4,530689 0:00:08  0,0002  0,0322               0,0003
      8   bfs    4,789557 0:00:08  0,0002  0,0332               0,0003
     10   bfs    5,045555 0:00:09  0,0002  0,0350               0,0003
     12   bfs    7,801843 0:00:11  0,0003  0,0450               0,0004
     14   bfs    8,679117 0:00:12  0,0003  0,0479               0,0004
     16   bfs   10,076041 0:00:13  0,0004  0,0543               0,0005
     18   bfs   10,434516 0:00:14  0,0004  0,0551               0,0005
     20   bfs   10,865546 0:00:14  0,0004  0,0572               0,0005
     22   bfs   13,562502 0:00:17  0,0007  0,1061               0,0010
     24   bfs   13,578642 0:00:17  0,0007  0,1051               0,0010
     26   bfs   14,070106 0:00:17  0,0008  0,1102               0,0010
     28   bfs   14,802968 0:00:18  0,0008  0,1152               0,0011
     30   bfs   15,559686 0:00:19  0,0009  0,1209               0,0011
     32   bfs   16,502447 0:00:20  0,0009  0,1263               0,0012
     34   bfs   17,150818 0:00:20  0,0009  0,1321               0,0012
     36   bfs   17,983997 0:00:21  0,0010  0,1383               0,0013
     38   bfs   18,806982 0:00:22  0,0010  0,1439               0,0013
     40   bfs   19,445057 0:00:23  0,0010  0,1486               0,0014
      2   bfs    3,996321 0:00:07  0,0002  0,0300               0,0003
      4   bfs    4,388432 0:00:08  0,0002  0,0311               0,0003
      6   bfs    5,127716 0:00:08  0,0002  0,0339               0,0003
      8   bfs    4,883467 0:00:08  0,0002  0,0318               0,0003
     10   bfs    4,980605 0:00:08  0,0002  0,0339               0,0003
     12   bfs    7,851329 0:00:11  0,0003  0,0434               0,0004
     14   bfs    8,442110 0:00:12  0,0003  0,0453               0,0004
     16   bfs    9,446129 0:00:13  0,0004  0,0520               0,0005
     18   bfs   10,016934 0:00:13  0,0004  0,0544               0,0005
     20   bfs   10,978277 0:00:11  0,0003  0,0429               0,0004
     22   bfs   13,276276 0:00:17  0,0007  0,1032               0,0010
     24   bfs   14,082348 0:00:17  0,0008  0,1099               0,0010
     26   bfs   13,742200 0:00:17  0,0008  0,1085               0,0010
     28   bfs   14,918027 0:00:18  0,0008  0,1162               0,0011
     30   bfs   15,482723 0:00:19  0,0009  0,1206               0,0011
     32   bfs   16,988894 0:00:20  0,0009  0,1303               0,0012
     34   bfs   17,715832 0:00:21  0,0009  0,1338               0,0012
     36   bfs   18,494680 0:00:22  0,0010  0,1390               0,0013
     38   bfs   19,674578 0:00:23  0,0009  0,1302               0,0012
     40   bfs   19,784466 0:00:23  0,0009  0,1321               0,0012
      2   bfs    4,014282 0:00:07  0,0002  0,0289               0,0003
      4   bfs    4,800486 0:00:08  0,0002  0,0327               0,0003
      6   bfs    4,569595 0:00:05  0,0001  0,0193               0,0002
      8   bfs    4,900593 0:00:08  0,0002  0,0339               0,0003
     10   bfs    4,977557 0:00:08  0,0002  0,0340               0,0003
     12   bfs    7,943226 0:00:11  0,0003  0,0456               0,0004
     14   bfs    8,816642 0:00:12  0,0004  0,0499               0,0005
     16   bfs    9,390741 0:00:13  0,0004  0,0521               0,0005
     18   bfs   10,497464 0:00:14  0,0004  0,0548               0,0005
     20   bfs   10,922649 0:00:14  0,0004  0,0583               0,0005
     22   bfs   13,523680 0:00:17  0,0008  0,1067               0,0010
     24   bfs   13,924759 0:00:17  0,0008  0,1097               0,0010
     26   bfs   14,008178 0:00:17  0,0008  0,1107               0,0010
     28   bfs   14,453979 0:00:18  0,0008  0,1133               0,0011
     30   bfs   15,755995 0:00:19  0,0009  0,1222               0,0011
     32   bfs   16,472525 0:00:20  0,0009  0,1260               0,0012
     34   bfs   17,072466 0:00:20  0,0009  0,1308               0,0012
     36   bfs   17,872971 0:00:21  0,0010  0,1363               0,0013
     38   bfs   18,625170 0:00:22  0,0010  0,1427               0,0013
     40   bfs   19,039906 0:00:22  0,0010  0,1463               0,0014
      2   bfs    3,679251 0:00:07  0,0002  0,0291               0,0003
      4   bfs    4,257210 0:00:07  0,0002  0,0314               0,0003
      6   bfs    4,659830 0:00:08  0,0002  0,0325               0,0003
      8   bfs    4,981360 0:00:08  0,0002  0,0335               0,0003
     10   bfs    5,240536 0:00:09  0,0002  0,0333               0,0003
     12   bfs    8,064448 0:00:11  0,0003  0,0431               0,0004
     14   bfs    8,630441 0:00:12  0,0003  0,0479               0,0004
     16   bfs    9,408600 0:00:13  0,0004  0,0510               0,0005
     18   bfs   10,322742 0:00:14  0,0004  0,0547               0,0005
     20   bfs   11,091035 0:00:14  0,0004  0,0564               0,0005
     22   bfs   13,403917 0:00:17  0,0007  0,1055               0,0010
     24   bfs   13,708226 0:00:17  0,0008  0,1067               0,0010
     26   bfs   13,976679 0:00:17  0,0008  0,1100               0,0010
     28   bfs   15,023261 0:00:18  0,0008  0,1178               0,0011
     30   bfs   15,305929 0:00:19  0,0008  0,1192               0,0011
     32   bfs   15,909880 0:00:19  0,0009  0,1214               0,0011
     34   bfs   16,656075 0:00:20  0,0009  0,1287               0,0012
     36   bfs   18,338366 0:00:22  0,0010  0,1410               0,0013
     38   bfs   18,238756 0:00:22  0,0010  0,1379               0,0013
     40   bfs   19,558672 0:00:23  0,0011  0,1493               0,0014
      2   bfs    3,976564 0:00:07  0,0002  0,0297               0,0003
      4   bfs    4,284581 0:00:08  0,0002  0,0308               0,0003
      6   bfs    5,290265 0:00:09  0,0002  0,0333               0,0003
      8   bfs    4,897361 0:00:08  0,0002  0,0315               0,0003
     10   bfs    5,461752 0:00:09  0,0002  0,0337               0,0003
     12   bfs    7,821947 0:00:11  0,0003  0,0438               0,0004
     14   bfs    8,797231 0:00:12  0,0003  0,0484               0,0004
     16   bfs    9,872157 0:00:13  0,0004  0,0526               0,0005
     18   bfs   10,333324 0:00:14  0,0004  0,0552               0,0005
     20   bfs   10,820352 0:00:14  0,0004  0,0581               0,0005
     22   bfs   13,316222 0:00:17  0,0007  0,1050               0,0010
     24   bfs   14,015708 0:00:17  0,0008  0,1091               0,0010
     26   bfs   14,287837 0:00:18  0,0008  0,1101               0,0010
     28   bfs   14,886684 0:00:18  0,0008  0,1158               0,0011
     30   bfs   15,638436 0:00:19  0,0008  0,1195               0,0011
     32   bfs   16,886280 0:00:20  0,0009  0,1281               0,0012
     34   bfs   17,021790 0:00:20  0,0009  0,1290               0,0012
     36   bfs   17,960402 0:00:21  0,0010  0,1366               0,0013
     38   bfs   18,867229 0:00:22  0,0010  0,1417               0,0013
     40   bfs   19,999392 0:00:23  0,0009  0,1329               0,0012
      2   bfs    4,034041 0:00:07  0,0002  0,0297               0,0003
      4   bfs    4,472036 0:00:08  0,0002  0,0303               0,0003
      6   bfs    4,424735 0:00:08  0,0002  0,0302               0,0003
      8   bfs   16,051550 0:00:19  0,0004  0,0529               0,0005
     10   bfs    5,848264 0:00:09  0,0003  0,0356               0,0003
     12   bfs    7,743717 0:00:11  0,0003  0,0448               0,0004
     14   bfs    8,236388 0:00:11  0,0003  0,0465               0,0004
     16   bfs    9,264152 0:00:12  0,0004  0,0514               0,0005
     18   bfs   10,148880 0:00:14  0,0004  0,0538               0,0005
     20   bfs   10,595481 0:00:14  0,0004  0,0548               0,0005
     22   bfs   12,838603 0:00:16  0,0007  0,1018               0,0009
     24   bfs   13,976839 0:00:17  0,0008  0,1081               0,0010
     26   bfs   14,321372 0:00:18  0,0008  0,1102               0,0010
     28   bfs   15,354874 0:00:19  0,0008  0,1197               0,0011
     30   bfs   16,205271 0:00:20  0,0009  0,1222               0,0011
     32   bfs   16,098267 0:00:19  0,0009  0,1236               0,0011
     34   bfs   17,247074 0:00:20  0,0009  0,1331               0,0012
     36   bfs   18,014498 0:00:21  0,0010  0,1379               0,0013
     38   bfs   18,845503 0:00:22  0,0010  0,1422               0,0013
     40   bfs   19,692978 0:00:23  0,0009  0,1321               0,0012
      2 histo  697,684082 0:11:38  0,0211  2,9975               0,0279
      4 histo 1246,481323 0:20:47  0,0403  5,7065               0,0531
      6 histo 1548,385986 0:25:49  0,0536  7,6058               0,0708
      8 histo 1765,197632 0:29:25  0,0658  9,3285               0,0868
     10 histo 2043,042114 0:34:03  0,0832 11,7995               0,1098
     12 histo 1900,313477 0:31:40  0,0786 11,1444               0,1037
     14 histo 2340,336426 0:39:00  0,1193 16,9080               0,1573
     16 histo 2572,170654 0:42:52  0,1389 19,6951               0,1832
     18 histo 2973,723877 0:49:34  0,1746 24,7479               0,2302
     20 histo 2832,945312 0:47:13  0,1683 23,8548               0,2219
     22 histo 2983,360840 0:49:43  0,1771 25,1131               0,2336
     24 histo 2902,966064 0:48:23  0,1724 24,4447               0,2274
     26 histo 2411,637451 0:40:12  0,1330 18,8580               0,1754
     28 histo 2655,602051 0:44:16  0,1486 21,0660               0,1960
     30 histo 2921,196777 0:48:41  0,1697 24,0524               0,2237
     32 histo 2551,569580 0:42:32  0,1397 19,8044               0,1842
     34 histo 2803,863281 0:46:44  0,1563 22,1547               0,2061
     36 histo 2841,350342 0:47:21  0,1612 22,8605               0,2127
     38 histo 3278,210693 0:54:38  0,1941 27,5177               0,2560
     40 histo 3201,214355 0:53:21  0,1915 27,1547               0,2526
      2 histo  733,555969 0:12:14  0,0224  3,1782               0,0296
      4 histo 1093,691406 0:18:14  0,0348  4,9402               0,0460
      6 histo 1479,072144 0:24:39  0,0510  7,2333               0,0673
      8 histo 1729,087402 0:28:49  0,0649  9,1975               0,0856
     10 histo 1832,156982 0:30:32  0,0738 10,4575               0,0973
     12 histo 2116,012451 0:35:16  0,0944 13,3884               0,1245
     14 histo 2520,813477 0:42:01  0,1302 18,4656               0,1718
     16 histo 2802,253418 0:46:42  0,1549 21,9584               0,2043
     18 histo 2721,638672 0:45:22  0,1556 22,0561               0,2052
     20 histo 2815,078369 0:46:55  0,1660 23,5310               0,2189
     22 histo 2672,256348 0:44:32  0,1568 22,2345               0,2068
     24 histo 2814,551758 0:46:55  0,1645 23,3167               0,2169
     26 histo 2400,990723 0:40:01  0,1324 18,7767               0,1747
     28 histo 2469,678955 0:41:10  0,1351 19,1571               0,1782
     30 histo 2525,961914 0:42:06  0,1371 19,4302               0,1807
     32 histo         NaN     NaN     NaN     NaN                  NaN