 Treads   App        Time Time CT  Energy   CO2eq  km travelled by car
      2   bfs   20,226297 0:00:22  0,0011  0,1542               0,0014
      4   bfs    2,573447 0:00:05  0,0003  0,0466               0,0004
      6   bfs    2,815345 0:00:05  0,0003  0,0491               0,0005
      8   bfs    3,281104 0:00:05  0,0004  0,0539               0,0005
     10   bfs    3,518349 0:00:06  0,0004  0,0564               0,0005
     12   bfs    3,935608 0:00:06  0,0004  0,0598               0,0006
     14   bfs    5,391065 0:00:08  0,0005  0,0762               0,0007
     16   bfs    6,035523 0:00:08  0,0006  0,0830               0,0008
     18   bfs    6,633946 0:00:09  0,0006  0,0894               0,0008
     20   bfs    7,219766 0:00:09  0,0007  0,0960               0,0009
     22   bfs    7,656215 0:00:10  0,0007  0,1014               0,0009
     24   bfs    7,903078 0:00:10  0,0007  0,1043               0,0010
     26   bfs    9,874722 0:00:12  0,0008  0,1202               0,0011
     28   bfs   10,323168 0:00:13  0,0009  0,1241               0,0012
     30   bfs   10,357247 0:00:13  0,0009  0,1271               0,0012
     32   bfs   11,199796 0:00:13  0,0009  0,1344               0,0012
     34   bfs   10,642110 0:00:13  0,0009  0,1280               0,0012
     36   bfs   10,911034 0:00:13  0,0009  0,1315               0,0012
     38   bfs   11,376058 0:00:14  0,0010  0,1382               0,0013
     40   bfs   12,089953 0:00:14  0,0011  0,1577               0,0015
     42   bfs   12,181894 0:00:14  0,0012  0,1754               0,0016
     44   bfs   12,972988 0:00:15  0,0013  0,1880               0,0017
     46   bfs   13,647171 0:00:16  0,0014  0,1969               0,0018
     48   bfs   13,747852 0:00:16  0,0014  0,2005               0,0019
      2   bfs    2,202759 0:00:04  0,0003  0,0427               0,0004
      4   bfs    2,553919 0:00:05  0,0003  0,0475               0,0004
      6   bfs    2,853483 0:00:05  0,0003  0,0494               0,0005
      8   bfs    3,228330 0:00:05  0,0004  0,0548               0,0005
     10   bfs    3,397011 0:00:06  0,0004  0,0568               0,0005
     12   bfs    3,766164 0:00:06  0,0004  0,0626               0,0006
     14   bfs    5,363036 0:00:08  0,0005  0,0761               0,0007
     16   bfs    6,167428 0:00:08  0,0006  0,0847               0,0008
     18   bfs    6,488379 0:00:09  0,0006  0,0889               0,0008
     20   bfs    7,107778 0:00:09  0,0007  0,0956               0,0009
     22   bfs    7,832106 0:00:10  0,0007  0,1033               0,0010
     24   bfs    8,447458 0:00:11  0,0008  0,1107               0,0010
     26   bfs    9,588673 0:00:12  0,0009  0,1222               0,0011
     28   bfs   10,275265 0:00:12  0,0009  0,1276               0,0012
     30   bfs   10,145554 0:00:12  0,0009  0,1239               0,0012
     32   bfs   10,826092 0:00:13  0,0009  0,1311               0,0012
     34   bfs   10,340058 0:00:13  0,0009  0,1279               0,0012
     36   bfs   10,709719 0:00:13  0,0009  0,1298               0,0012
     38   bfs   11,231744 0:00:13  0,0010  0,1371               0,0013
     40   bfs   11,615013 0:00:14  0,0011  0,1523               0,0014
     42   bfs   12,887007 0:00:15  0,0013  0,1852               0,0017
     44   bfs   13,143995 0:00:15  0,0013  0,1877               0,0017
     46   bfs   13,522396 0:00:16  0,0014  0,1961               0,0018
     48   bfs   13,994995 0:00:16  0,0014  0,2016               0,0019
      2   bfs    2,438959 0:00:05  0,0003  0,0464               0,0004
      4   bfs    2,732582 0:00:06  0,0004  0,0513               0,0005
      6   bfs    2,900066 0:00:05  0,0004  0,0501               0,0005
      8   bfs         NaN 0:00:00  0,0000  0,0000               0,0000
     10   bfs    3,563389 0:00:06  0,0004  0,0572               0,0005
     12   bfs    3,794892 0:00:06  0,0004  0,0601               0,0006
     14   bfs    5,525409 0:00:08  0,0005  0,0776               0,0007
     16   bfs    6,470666 0:00:09  0,0006  0,0877               0,0008
     18   bfs    6,514177 0:00:09  0,0006  0,0894               0,0008
     20   bfs    7,214540 0:00:09  0,0007  0,0936               0,0009
     22   bfs    8,166340 0:00:10  0,0007  0,1029               0,0010
     24   bfs    8,305763 0:00:10  0,0008  0,1093               0,0010
     26   bfs   10,292172 0:00:13  0,0009  0,1235               0,0011
     28   bfs   10,212839 0:00:12  0,0009  0,1226               0,0011
     30   bfs   10,740171 0:00:13  0,0009  0,1271               0,0012
     32   bfs   10,285506 0:00:12  0,0009  0,1263               0,0012
     34   bfs   10,624813 0:00:13  0,0009  0,1305               0,0012
     36   bfs   12,609095 0:00:15  0,0011  0,1627               0,0015
     38   bfs   11,265563 0:00:14  0,0010  0,1384               0,0013
     40   bfs   11,896460 0:00:14  0,0012  0,1643               0,0015
     42   bfs   12,837961 0:00:15  0,0013  0,1849               0,0017
     44   bfs   12,782462 0:00:15  0,0013  0,1876               0,0017
     46   bfs   13,755742 0:00:16  0,0014  0,1995               0,0019
     48   bfs   13,973160 0:00:16  0,0014  0,2024               0,0019
      2   bfs    2,454154 0:00:05  0,0004  0,0497               0,0005
      4   bfs    2,807177 0:00:05  0,0004  0,0499               0,0005
      6   bfs    3,019983 0:00:05  0,0004  0,0512               0,0005
      8   bfs    3,241937 0:00:05  0,0004  0,0541               0,0005
     10   bfs         NaN 0:00:02  0,0001  0,0212               0,0002
     12   bfs    3,859095 0:00:06  0,0004  0,0606               0,0006
     14   bfs    5,867036 0:00:08  0,0006  0,0818               0,0008
     16   bfs    6,106146 0:00:08  0,0006  0,0834               0,0008
     18   bfs    6,814903 0:00:09  0,0006  0,0910               0,0008
     20   bfs    7,176843 0:00:09  0,0007  0,0955               0,0009
     22   bfs    7,868365 0:00:10  0,0007  0,1037               0,0010
     24   bfs    8,532835 0:00:11  0,0008  0,1114               0,0010
     26   bfs    9,653542 0:00:12  0,0008  0,1184               0,0011
     28   bfs   10,320957 0:00:13  0,0009  0,1247               0,0012
     30   bfs   10,434561 0:00:13  0,0009  0,1266               0,0012
     32   bfs   10,593759 0:00:13  0,0009  0,1282               0,0012
     34   bfs   10,863132 0:00:13  0,0009  0,1320               0,0012
     36   bfs   11,243025 0:00:14  0,0009  0,1323               0,0012
     38   bfs   11,196037 0:00:14  0,0011  0,1513               0,0014
     40   bfs   11,964969 0:00:14  0,0012  0,1681               0,0016
     42   bfs   12,726504 0:00:15  0,0013  0,1852               0,0017
     44   bfs   13,165012 0:00:15  0,0013  0,1897               0,0018
     46   bfs   13,983956 0:00:16  0,0014  0,2010               0,0019
     48   bfs   14,592667 0:00:17  0,0015  0,2094               0,0019
      2   bfs    2,564587 0:00:05  0,0003  0,0470               0,0004
      4   bfs    3,091232 0:00:05  0,0004  0,0530               0,0005
      6   bfs    3,639768 0:00:06  0,0004  0,0579               0,0005
      8   bfs    3,684060 0:00:06  0,0004  0,0587               0,0005
     10   bfs    3,493909 0:00:06  0,0004  0,0572               0,0005
     12   bfs    3,948674 0:00:06  0,0004  0,0614               0,0006
     14   bfs         NaN 0:00:00  0,0000  0,0000               0,0000
     16   bfs    6,352484 0:00:09  0,0006  0,0838               0,0008
     18   bfs    6,719746 0:00:09  0,0006  0,0913               0,0008
     20   bfs    7,049577 0:00:09  0,0007  0,0929               0,0009
     22   bfs    8,044609 0:00:10  0,0007  0,1043               0,0010
     24   bfs    8,108495 0:00:10  0,0007  0,1062               0,0010
     26   bfs    9,600629 0:00:12  0,0009  0,1238               0,0012
     28   bfs   10,299013 0:00:12  0,0009  0,1261               0,0012
     30   bfs   10,392279 0:00:13  0,0009  0,1265               0,0012
     32   bfs   10,555221 0:00:13  0,0009  0,1280               0,0012
     34   bfs   10,376144 0:00:13  0,0009  0,1282               0,0012
     36   bfs   10,984655 0:00:13  0,0009  0,1330               0,0012
     38   bfs   11,566617 0:00:14  0,0011  0,1517               0,0014
     40   bfs   12,059318 0:00:14  0,0011  0,1607               0,0015
     42   bfs   12,971555 0:00:15  0,0013  0,1891               0,0018
     44   bfs   12,967657 0:00:15  0,0013  0,1863               0,0017
     46   bfs   13,440285 0:00:16  0,0014  0,1944               0,0018
     48   bfs   14,255785 0:00:16  0,0014  0,2043               0,0019
      2   bfs    2,279133 0:00:04  0,0003  0,0441               0,0004
      4   bfs    2,492210 0:00:05  0,0003  0,0465               0,0004
      6   bfs    2,859720 0:00:05  0,0003  0,0493               0,0005
      8   bfs    3,203352 0:00:05  0,0004  0,0535               0,0005
     10   bfs    3,524259 0:00:06  0,0004  0,0568               0,0005
     12   bfs    3,845312 0:00:06  0,0004  0,0603               0,0006
     14   bfs    5,736701 0:00:08  0,0006  0,0796               0,0007
     16   bfs    6,322243 0:00:09  0,0006  0,0843               0,0008
     18   bfs    7,132673 0:00:09  0,0006  0,0918               0,0009
     20   bfs    8,332892 0:00:11  0,0007  0,1056               0,0010
     22   bfs    8,472361 0:00:11  0,0008  0,1074               0,0010
     24   bfs    8,842902 0:00:11  0,0008  0,1146               0,0011
     26   bfs   10,036083 0:00:12  0,0009  0,1210               0,0011
     28   bfs    9,928083 0:00:12  0,0009  0,1217               0,0011
     30   bfs   10,326148 0:00:12  0,0009  0,1262               0,0012
     32   bfs   10,743433 0:00:13  0,0009  0,1294               0,0012
     34   bfs   10,950642 0:00:13  0,0009  0,1317               0,0012
     36   bfs   10,989523 0:00:13  0,0009  0,1327               0,0012
     38   bfs   11,971401 0:00:14  0,0011  0,1554               0,0014
     40   bfs   12,236326 0:00:15  0,0012  0,1651               0,0015
     42   bfs   12,926732 0:00:15  0,0013  0,1848               0,0017
     44   bfs   13,078405 0:00:15  0,0013  0,1876               0,0017
     46   bfs   13,682755 0:00:16  0,0014  0,1947               0,0018
     48   bfs   14,182409 0:00:16  0,0014  0,2015               0,0019
      2   bfs    2,216345 0:00:04  0,0003  0,0437               0,0004
      4   bfs    2,522990 0:00:05  0,0003  0,0464               0,0004
      6   bfs    2,920595 0:00:05  0,0004  0,0510               0,0005
      8   bfs    3,295339 0:00:05  0,0004  0,0543               0,0005
     10   bfs    3,477141 0:00:06  0,0004  0,0569               0,0005
     12   bfs    3,830468 0:00:06  0,0004  0,0602               0,0006
     14   bfs    5,678401 0:00:08  0,0006  0,0799               0,0007
     16   bfs    6,376513 0:00:09  0,0006  0,0872               0,0008
     18   bfs    6,975973 0:00:09  0,0006  0,0921               0,0009
     20   bfs    7,913201 0:00:10  0,0007  0,1009               0,0009
     22   bfs    7,772919 0:00:10  0,0007  0,0991               0,0009
     24   bfs    8,269424 0:00:10  0,0008  0,1076               0,0010
     26   bfs    9,965939 0:00:12  0,0009  0,1225               0,0011
     28   bfs    9,929378 0:00:12  0,0009  0,1221               0,0011
     30   bfs   10,255798 0:00:12  0,0009  0,1250               0,0012
     32   bfs   10,583717 0:00:13  0,0009  0,1285               0,0012
     34   bfs   10,593606 0:00:13  0,0009  0,1284               0,0012
     36   bfs   11,398384 0:00:14  0,0010  0,1381               0,0013
     38   bfs   11,362944 0:00:14  0,0009  0,1337               0,0012
     40   bfs         NaN 0:00:02  0,0002  0,0216               0,0002
     42   bfs   12,802509 0:00:15  0,0013  0,1837               0,0017
     44   bfs   13,134795 0:00:15  0,0013  0,1903               0,0018
     46   bfs   13,919941 0:00:16  0,0014  0,1983               0,0018
     48   bfs   14,023755 0:00:16  0,0014  0,2013               0,0019
      2   bfs    2,301193 0:00:04  0,0003  0,0441               0,0004
      4   bfs    2,627073 0:00:05  0,0003  0,0476               0,0004
      6   bfs    3,112505 0:00:05  0,0004  0,0526               0,0005
      8   bfs    3,508489 0:00:06  0,0004  0,0609               0,0006
     10   bfs    3,580953 0:00:06  0,0004  0,0572               0,0005
     12   bfs    4,122738 0:00:06  0,0004  0,0631               0,0006
     14   bfs    6,170662 0:00:08  0,0006  0,0833               0,0008
     16   bfs    6,529871 0:00:09  0,0006  0,0879               0,0008
     18   bfs    6,691672 0:00:09  0,0006  0,0890               0,0008
     20   bfs    7,345901 0:00:10  0,0007  0,0970               0,0009
     22   bfs    7,886471 0:00:10  0,0007  0,1042               0,0010
     24   bfs    8,408898 0:00:11  0,0008  0,1065               0,0010
     26   bfs    9,767456 0:00:12  0,0008  0,1193               0,0011
     28   bfs   10,239389 0:00:12  0,0009  0,1261               0,0012
     30   bfs   10,881264 0:00:13  0,0009  0,1302               0,0012
     32   bfs   10,891211 0:00:13  0,0009  0,1301               0,0012
     34   bfs   11,266623 0:00:14  0,0009  0,1323               0,0012
     36   bfs   10,893041 0:00:13  0,0009  0,1295               0,0012
     38   bfs   12,438431 0:00:15  0,0011  0,1581               0,0015
     40   bfs   11,820582 0:00:14  0,0011  0,1560               0,0015
     42   bfs   12,624170 0:00:15  0,0013  0,1844               0,0017
     44   bfs   14,578535 0:00:17  0,0015  0,2083               0,0019
     46   bfs   13,331822 0:00:16  0,0014  0,1917               0,0018
     48   bfs   13,778306 0:00:16  0,0014  0,1991               0,0019
      2   bfs    2,211439 0:00:04  0,0003  0,0433               0,0004
      4   bfs    2,446207 0:00:05  0,0003  0,0458               0,0004
      6   bfs    2,960597 0:00:05  0,0004  0,0508               0,0005
      8   bfs    3,425604 0:00:06  0,0004  0,0557               0,0005
     10   bfs    3,926353 0:00:06  0,0004  0,0613               0,0006
     12   bfs    4,076151 0:00:06  0,0004  0,0627               0,0006
     14   bfs    6,271656 0:00:08  0,0006  0,0844               0,0008
     16   bfs    6,472061 0:00:09  0,0006  0,0865               0,0008
     18   bfs    6,549177 0:00:09  0,0006  0,0891               0,0008
     20   bfs    7,487846 0:00:10  0,0007  0,0986               0,0009
     22   bfs    7,666715 0:00:10  0,0007  0,1016               0,0009
     24   bfs    8,542881 0:00:11  0,0008  0,1115               0,0010
     26   bfs    9,661021 0:00:12  0,0008  0,1168               0,0011
     28   bfs   10,387217 0:00:13  0,0009  0,1244               0,0012
     30   bfs   10,519641 0:00:13  0,0009  0,1272               0,0012
     32   bfs   10,798282 0:00:13  0,0009  0,1298               0,0012
     34   bfs   11,309380 0:00:14  0,0009  0,1311               0,0012
     36   bfs   11,062774 0:00:13  0,0009  0,1306               0,0012
     38   bfs   11,374667 0:00:14  0,0009  0,1323               0,0012
     40   bfs   12,136230 0:00:14  0,0012  0,1716               0,0016
     42   bfs   12,162136 0:00:14  0,0013  0,1774               0,0017
     44   bfs   13,257626 0:00:15  0,0014  0,1918               0,0018
     46   bfs   14,101779 0:00:16  0,0014  0,2030               0,0019
     48   bfs   14,321334 0:00:16  0,0015  0,2059               0,0019
      2   bfs    2,228921 0:00:04  0,0003  0,0433               0,0004
      4   bfs    2,474105 0:00:05  0,0003  0,0461               0,0004
      6   bfs    3,078344 0:00:05  0,0004  0,0523               0,0005
      8   bfs    3,163911 0:00:05  0,0004  0,0527               0,0005
     10   bfs    3,965287 0:00:06  0,0004  0,0613               0,0006
     12   bfs    4,056792 0:00:06  0,0004  0,0623               0,0006
     14   bfs    5,957838 0:00:08  0,0006  0,0811               0,0008
     16   bfs    6,673207 0:00:09  0,0006  0,0882               0,0008
     18   bfs    6,888954 0:00:09  0,0006  0,0905               0,0008
     20   bfs    7,879762 0:00:10  0,0007  0,1012               0,0009
     22   bfs    7,965012 0:00:10  0,0007  0,1015               0,0009
     24   bfs    8,572338 0:00:11  0,0008  0,1074               0,0010
     26   bfs   10,366869 0:00:13  0,0009  0,1263               0,0012
     28   bfs   10,260314 0:00:12  0,0009  0,1247               0,0012
     30   bfs   10,408297 0:00:13  0,0009  0,1253               0,0012
     32   bfs   10,987299 0:00:13  0,0009  0,1293               0,0012
     34   bfs   10,556038 0:00:13  0,0009  0,1279               0,0012
     36   bfs   10,768062 0:00:13  0,0009  0,1307               0,0012
     38   bfs   11,777814 0:00:14  0,0011  0,1515               0,0014
     40   bfs   12,549606 0:00:15  0,0013  0,1806               0,0017
     42   bfs   12,373488 0:00:15  0,0013  0,1772               0,0016
     44   bfs   13,355288 0:00:16  0,0014  0,1921               0,0018
     46   bfs   13,776143 0:00:16  0,0014  0,1986               0,0018
     48   bfs   14,766501 0:00:17  0,0015  0,2111               0,0020
      2 histo  499,445984 0:08:20  0,0341  4,8342               0,0450
      4 histo  955,620300 0:15:56  0,0684  9,6911               0,0902
      6 histo 1215,409912 0:20:16  0,0896 12,6972               0,1181
      8 histo 1502,546387 0:25:03  0,1150 16,2978               0,1516
     10 histo 1446,258057 0:24:06  0,1127 15,9784               0,1486
     12 histo 1705,068237 0:28:25  0,1359 19,2608               0,1792
     14 histo 2223,469971 0:37:04  0,1809 25,6446               0,2386
     16 histo 2286,621094 0:38:07  0,1913 27,1243               0,2523
     18 histo 2754,549805 0:45:55  0,2380 33,7408               0,3139
     20 histo 2397,996094 0:39:58  0,2115 29,9850               0,2789
     22 histo 2295,459473 0:38:15  0,2099 29,7557               0,2768
     24 histo 2588,439453 0:43:08  0,2387 33,8398               0,3148
     26 histo 3256,030518 0:54:16  0,2997 42,4966               0,3953
     28 histo 2309,222168 0:38:29  0,2088 29,6024               0,2754
     30 histo 3219,611328 0:53:40  0,2935 41,6171               0,3871
     32 histo 2435,175537 0:40:35  0,2158 30,5925               0,2846
     34 histo 3099,455566 0:51:39  0,2791 39,5668               0,3681
     36 histo 3383,938965 0:56:24  0,3096 43,8878               0,4083
     38 histo 3169,005371 0:52:49  0,2752 39,0220               0,3630
     40 histo 3387,495850 0:56:28  0,3099 43,9328               0,4087
     42 histo 3441,060303 0:57:21  0,3125 44,3070               0,4122
     44 histo 3541,864746 0:59:02  0,3233 45,8363               0,4264
     46 histo 3912,087158 1:05:12  0,3635 51,5341               0,4794
     48 histo 3624,277100 1:00:24  0,3332 47,2406               0,4394
      2 histo  657,952942 0:10:58  0,0448  6,3529               0,0591
      4 histo  953,410706 0:15:54  0,0680  9,6468               0,0897
      6 histo 1161,456543 0:19:21  0,0855 12,1157               0,1127
      8 histo 1381,748901 0:23:02  0,1043 14,7858               0,1375
     10 histo 1515,460815 0:25:16  0,1189 16,8522               0,1568
     12 histo 1637,591064 0:27:18  0,1290 18,2899               0,1701
     14 histo 2421,915283 0:40:22  0,1943 27,5515               0,2563
     16 histo 2274,042236 0:37:54  0,1885 26,7279               0,2486
     18 histo 2459,699707 0:41:00  0,2111 29,9338               0,2785
     20 histo 3015,415527 0:50:16  0,2648 37,5402               0,3492
     22 histo 2694,952148 0:44:55  0,2424 34,3689               0,3197
     24 histo         NaN     NaN     NaN     NaN                  NaN