kmeans.c: In function ‘main’:
kmeans.c:152:9: warning: implicit declaration of function ‘read’; did you mean ‘fread’? [-Wimplicit-function-declaration]
         read(infile, &numObjects,    sizeof(int));
         ^~~~
         fread
kmeans.c:165:9: warning: implicit declaration of function ‘close’; did you mean ‘pclose’? [-Wimplicit-function-declaration]
         close(infile);
         ^~~~~
         pclose
kmeans.c: In function ‘main’:
kmeans.c:147:9: warning: implicit declaration of function ‘read’; did you mean ‘fread’? [-Wimplicit-function-declaration]
         read(infile, &numObjects,    sizeof(int));
         ^~~~
         fread
kmeans.c:160:9: warning: implicit declaration of function ‘close’; did you mean ‘pclose’? [-Wimplicit-function-declaration]
         close(infile);
         ^~~~~
         pclose
Status code 429 from http://ipinfo.io/json: ERROR - 429 Client Error: Too Many Requests for url: http://ipinfo.io/json
Status code 429 from http://ipinfo.io/json: ERROR - 429 Client Error: Too Many Requests for url: http://ipinfo.io/json
Status code 429 from http://ipinfo.io/json: ERROR - 429 Client Error: Too Many Requests for url: http://ipinfo.io/json
Status code 429 from http://ipinfo.io/json: ERROR - 429 Client Error: Too Many Requests for url: http://ipinfo.io/json
Status code 429 from http://ipinfo.io/json: ERROR - 429 Client Error: Too Many Requests for url: http://ipinfo.io/json
./kmeans_openmp/kmeans: /lib/x86_64-linux-gnu/libc.so.6: version `GLIBC_2.34' not found (required by ./kmeans_openmp/kmeans)
Status code 429 from http://ipinfo.io/json: ERROR - 429 Client Error: Too Many Requests for url: http://ipinfo.io/json
Status code 429 from http://ipinfo.io/json: ERROR - 429 Client Error: Too Many Requests for url: http://ipinfo.io/json
Status code 429 from http://ipinfo.io/json: ERROR - 429 Client Error: Too Many Requests for url: http://ipinfo.io/json
Status code 429 from http://ipinfo.io/json: ERROR - 429 Client Error: Too Many Requests for url: http://ipinfo.io/json
./kmeans_openmp/kmeans: /lib/x86_64-linux-gnu/libc.so.6: version `GLIBC_2.34' not found (required by ./kmeans_openmp/kmeans)
Status code 429 from http://ipinfo.io/json: ERROR - 429 Client Error: Too Many Requests for url: http://ipinfo.io/json
Status code 429 from http://ipinfo.io/json: ERROR - 429 Client Error: Too Many Requests for url: http://ipinfo.io/json
Status code 429 from http://ipinfo.io/json: ERROR - 429 Client Error: Too Many Requests for url: http://ipinfo.io/json
Status code 429 from http://ipinfo.io/json: ERROR - 429 Client Error: Too Many Requests for url: http://ipinfo.io/json
./kmeans_openmp/kmeans: /lib/x86_64-linux-gnu/libc.so.6: version `GLIBC_2.34' not found (required by ./kmeans_openmp/kmeans)
Status code 429 from http://ipinfo.io/json: ERROR - 429 Client Error: Too Many Requests for url: http://ipinfo.io/json
Status code 429 from http://ipinfo.io/json: ERROR - 429 Client Error: Too Many Requests for url: http://ipinfo.io/json
Status code 429 from http://ipinfo.io/json: ERROR - 429 Client Error: Too Many Requests for url: http://ipinfo.io/json
Status code 429 from http://ipinfo.io/json: ERROR - 429 Client Error: Too Many Requests for url: http://ipinfo.io/json
./kmeans_openmp/kmeans: /lib/x86_64-linux-gnu/libc.so.6: version `GLIBC_2.34' not found (required by ./kmeans_openmp/kmeans)
Status code 429 from http://ipinfo.io/json: ERROR - 429 Client Error: Too Many Requests for url: http://ipinfo.io/json
Status code 429 from http://ipinfo.io/json: ERROR - 429 Client Error: Too Many Requests for url: http://ipinfo.io/json
Status code 429 from http://ipinfo.io/json: ERROR - 429 Client Error: Too Many Requests for url: http://ipinfo.io/json
Status code 429 from http://ipinfo.io/json: ERROR - 429 Client Error: Too Many Requests for url: http://ipinfo.io/json
./kmeans_openmp/kmeans: /lib/x86_64-linux-gnu/libc.so.6: version `GLIBC_2.34' not found (required by ./kmeans_openmp/kmeans)
Status code 429 from http://ipinfo.io/json: ERROR - 429 Client Error: Too Many Requests for url: http://ipinfo.io/json
Status code 429 from http://ipinfo.io/json: ERROR - 429 Client Error: Too Many Requests for url: http://ipinfo.io/json
Status code 429 from http://ipinfo.io/json: ERROR - 429 Client Error: Too Many Requests for url: http://ipinfo.io/json
Status code 429 from http://ipinfo.io/json: ERROR - 429 Client Error: Too Many Requests for url: http://ipinfo.io/json
./kmeans_openmp/kmeans: /lib/x86_64-linux-gnu/libc.so.6: version `GLIBC_2.34' not found (required by ./kmeans_openmp/kmeans)
Status code 429 from http://ipinfo.io/json: ERROR - 429 Client Error: Too Many Requests for url: http://ipinfo.io/json
Status code 429 from http://ipinfo.io/json: ERROR - 429 Client Error: Too Many Requests for url: http://ipinfo.io/json
Status code 429 from http://ipinfo.io/json: ERROR - 429 Client Error: Too Many Requests for url: http://ipinfo.io/json
Status code 429 from http://ipinfo.io/json: ERROR - 429 Client Error: Too Many Requests for url: http://ipinfo.io/json
./kmeans_openmp/kmeans: /lib/x86_64-linux-gnu/libc.so.6: version `GLIBC_2.34' not found (required by ./kmeans_openmp/kmeans)
Status code 429 from http://ipinfo.io/json: ERROR - 429 Client Error: Too Many Requests for url: http://ipinfo.io/json
Status code 429 from http://ipinfo.io/json: ERROR - 429 Client Error: Too Many Requests for url: http://ipinfo.io/json
Status code 429 from http://ipinfo.io/json: ERROR - 429 Client Error: Too Many Requests for url: http://ipinfo.io/json
Status code 429 from http://ipinfo.io/json: ERROR - 429 Client Error: Too Many Requests for url: http://ipinfo.io/json
./kmeans_openmp/kmeans: /lib/x86_64-linux-gnu/libc.so.6: version `GLIBC_2.34' not found (required by ./kmeans_openmp/kmeans)
Status code 429 from http://ipinfo.io/json: ERROR - 429 Client Error: Too Many Requests for url: http://ipinfo.io/json
Status code 429 from http://ipinfo.io/json: ERROR - 429 Client Error: Too Many Requests for url: http://ipinfo.io/json
Status code 429 from http://ipinfo.io/json: ERROR - 429 Client Error: Too Many Requests for url: http://ipinfo.io/json
Status code 429 from http://ipinfo.io/json: ERROR - 429 Client Error: Too Many Requests for url: http://ipinfo.io/json
./kmeans_openmp/kmeans: /lib/x86_64-linux-gnu/libc.so.6: version `GLIBC_2.34' not found (required by ./kmeans_openmp/kmeans)
Status code 429 from http://ipinfo.io/json: ERROR - 429 Client Error: Too Many Requests for url: http://ipinfo.io/json
Status code 429 from http://ipinfo.io/json: ERROR - 429 Client Error: Too Many Requests for url: http://ipinfo.io/json
Status code 429 from http://ipinfo.io/json: ERROR - 429 Client Error: Too Many Requests for url: http://ipinfo.io/json
Status code 429 from http://ipinfo.io/json: ERROR - 429 Client Error: Too Many Requests for url: http://ipinfo.io/json
./kmeans_openmp/kmeans: /lib/x86_64-linux-gnu/libc.so.6: version `GLIBC_2.34' not found (required by ./kmeans_openmp/kmeans)
Status code 429 from http://ipinfo.io/json: ERROR - 429 Client Error: Too Many Requests for url: http://ipinfo.io/json
Status code 429 from http://ipinfo.io/json: ERROR - 429 Client Error: Too Many Requests for url: http://ipinfo.io/json
Status code 429 from http://ipinfo.io/json: ERROR - 429 Client Error: Too Many Requests for url: http://ipinfo.io/json
Status code 429 from http://ipinfo.io/json: ERROR - 429 Client Error: Too Many Requests for url: http://ipinfo.io/json
./kmeans_openmp/kmeans: /lib/x86_64-linux-gnu/libc.so.6: version `GLIBC_2.34' not found (required by ./kmeans_openmp/kmeans)
Status code 429 from http://ipinfo.io/json: ERROR - 429 Client Error: Too Many Requests for url: http://ipinfo.io/json
Status code 429 from http://ipinfo.io/json: ERROR - 429 Client Error: Too Many Requests for url: http://ipinfo.io/json
Status code 429 from http://ipinfo.io/json: ERROR - 429 Client Error: Too Many Requests for url: http://ipinfo.io/json
Status code 429 from http://ipinfo.io/json: ERROR - 429 Client Error: Too Many Requests for url: http://ipinfo.io/json
./kmeans_openmp/kmeans: /lib/x86_64-linux-gnu/libc.so.6: version `GLIBC_2.34' not found (required by ./kmeans_openmp/kmeans)
Status code 429 from http://ipinfo.io/json: ERROR - 429 Client Error: Too Many Requests for url: http://ipinfo.io/json
Status code 429 from http://ipinfo.io/json: ERROR - 429 Client Error: Too Many Requests for url: http://ipinfo.io/json
Status code 429 from http://ipinfo.io/json: ERROR - 429 Client Error: Too Many Requests for url: http://ipinfo.io/json
Status code 429 from http://ipinfo.io/json: ERROR - 429 Client Error: Too Many Requests for url: http://ipinfo.io/json
./kmeans_openmp/kmeans: /lib/x86_64-linux-gnu/libc.so.6: version `GLIBC_2.34' not found (required by ./kmeans_openmp/kmeans)
Status code 429 from http://ipinfo.io/json: ERROR - 429 Client Error: Too Many Requests for url: http://ipinfo.io/json
Status code 429 from http://ipinfo.io/json: ERROR - 429 Client Error: Too Many Requests for url: http://ipinfo.io/json
Status code 429 from http://ipinfo.io/json: ERROR - 429 Client Error: Too Many Requests for url: http://ipinfo.io/json
Status code 429 from http://ipinfo.io/json: ERROR - 429 Client Error: Too Many Requests for url: http://ipinfo.io/json
./kmeans_openmp/kmeans: /lib/x86_64-linux-gnu/libc.so.6: version `GLIBC_2.34' not found (required by ./kmeans_openmp/kmeans)
Status code 429 from http://ipinfo.io/json: ERROR - 429 Client Error: Too Many Requests for url: http://ipinfo.io/json
Status code 429 from http://ipinfo.io/json: ERROR - 429 Client Error: Too Many Requests for url: http://ipinfo.io/json
Status code 429 from http://ipinfo.io/json: ERROR - 429 Client Error: Too Many Requests for url: http://ipinfo.io/json
Status code 429 from http://ipinfo.io/json: ERROR - 429 Client Error: Too Many Requests for url: http://ipinfo.io/json
./kmeans_openmp/kmeans: /lib/x86_64-linux-gnu/libc.so.6: version `GLIBC_2.34' not found (required by ./kmeans_openmp/kmeans)
Status code 429 from http://ipinfo.io/json: ERROR - 429 Client Error: Too Many Requests for url: http://ipinfo.io/json
Status code 429 from http://ipinfo.io/json: ERROR - 429 Client Error: Too Many Requests for url: http://ipinfo.io/json
Status code 429 from http://ipinfo.io/json: ERROR - 429 Client Error: Too Many Requests for url: http://ipinfo.io/json
Status code 429 from http://ipinfo.io/json: ERROR - 429 Client Error: Too Many Requests for url: http://ipinfo.io/json
./kmeans_openmp/kmeans: /lib/x86_64-linux-gnu/libc.so.6: version `GLIBC_2.34' not found (required by ./kmeans_openmp/kmeans)
Status code 429 from http://ipinfo.io/json: ERROR - 429 Client Error: Too Many Requests for url: http://ipinfo.io/json
Status code 429 from http://ipinfo.io/json: ERROR - 429 Client Error: Too Many Requests for url: http://ipinfo.io/json
Status code 429 from http://ipinfo.io/json: ERROR - 429 Client Error: Too Many Requests for url: http://ipinfo.io/json
Status code 429 from http://ipinfo.io/json: ERROR - 429 Client Error: Too Many Requests for url: http://ipinfo.io/json
./kmeans_openmp/kmeans: /lib/x86_64-linux-gnu/libc.so.6: version `GLIBC_2.34' not found (required by ./kmeans_openmp/kmeans)
Status code 429 from http://ipinfo.io/json: ERROR - 429 Client Error: Too Many Requests for url: http://ipinfo.io/json
Status code 429 from http://ipinfo.io/json: ERROR - 429 Client Error: Too Many Requests for url: http://ipinfo.io/json
Status code 429 from http://ipinfo.io/json: ERROR - 429 Client Error: Too Many Requests for url: http://ipinfo.io/json
Status code 429 from http://ipinfo.io/json: ERROR - 429 Client Error: Too Many Requests for url: http://ipinfo.io/json
./kmeans_openmp/kmeans: /lib/x86_64-linux-gnu/libc.so.6: version `GLIBC_2.34' not found (required by ./kmeans_openmp/kmeans)
Status code 429 from http://ipinfo.io/json: ERROR - 429 Client Error: Too Many Requests for url: http://ipinfo.io/json
Status code 429 from http://ipinfo.io/json: ERROR - 429 Client Error: Too Many Requests for url: http://ipinfo.io/json
Status code 429 from http://ipinfo.io/json: ERROR - 429 Client Error: Too Many Requests for url: http://ipinfo.io/json
./kmeans_openmp/kmeans: /lib/x86_64-linux-gnu/libc.so.6: version `GLIBC_2.34' not found (required by ./kmeans_openmp/kmeans)
Status code 429 from http://ipinfo.io/json: ERROR - 429 Client Error: Too Many Requests for url: http://ipinfo.io/json
Status code 429 from http://ipinfo.io/json: ERROR - 429 Client Error: Too Many Requests for url: http://ipinfo.io/json
Status code 429 from http://ipinfo.io/json: ERROR - 429 Client Error: Too Many Requests for url: http://ipinfo.io/json
Status code 429 from http://ipinfo.io/json: ERROR - 429 Client Error: Too Many Requests for url: http://ipinfo.io/json
./kmeans_openmp/kmeans: /lib/x86_64-linux-gnu/libc.so.6: version `GLIBC_2.34' not found (required by ./kmeans_openmp/kmeans)
Status code 429 from http://ipinfo.io/json: ERROR - 429 Client Error: Too Many Requests for url: http://ipinfo.io/json
Status code 429 from http://ipinfo.io/json: ERROR - 429 Client Error: Too Many Requests for url: http://ipinfo.io/json
Status code 429 from http://ipinfo.io/json: ERROR - 429 Client Error: Too Many Requests for url: http://ipinfo.io/json
Status code 429 from http://ipinfo.io/json: ERROR - 429 Client Error: Too Many Requests for url: http://ipinfo.io/json
./kmeans_openmp/kmeans: /lib/x86_64-linux-gnu/libc.so.6: version `GLIBC_2.34' not found (required by ./kmeans_openmp/kmeans)
Status code 429 from http://ipinfo.io/json: ERROR - 429 Client Error: Too Many Requests for url: http://ipinfo.io/json
Status code 429 from http://ipinfo.io/json: ERROR - 429 Client Error: Too Many Requests for url: http://ipinfo.io/json
Status code 429 from http://ipinfo.io/json: ERROR - 429 Client Error: Too Many Requests for url: http://ipinfo.io/json
Status code 429 from http://ipinfo.io/json: ERROR - 429 Client Error: Too Many Requests for url: http://ipinfo.io/json
./kmeans_openmp/kmeans: /lib/x86_64-linux-gnu/libc.so.6: version `GLIBC_2.34' not found (required by ./kmeans_openmp/kmeans)
Status code 429 from http://ipinfo.io/json: ERROR - 429 Client Error: Too Many Requests for url: http://ipinfo.io/json
Status code 429 from http://ipinfo.io/json: ERROR - 429 Client Error: Too Many Requests for url: http://ipinfo.io/json
Status code 429 from http://ipinfo.io/json: ERROR - 429 Client Error: Too Many Requests for url: http://ipinfo.io/json
Status code 429 from http://ipinfo.io/json: ERROR - 429 Client Error: Too Many Requests for url: http://ipinfo.io/json
./kmeans_openmp/kmeans: /lib/x86_64-linux-gnu/libc.so.6: version `GLIBC_2.34' not found (required by ./kmeans_openmp/kmeans)
Status code 429 from http://ipinfo.io/json: ERROR - 429 Client Error: Too Many Requests for url: http://ipinfo.io/json
Status code 429 from http://ipinfo.io/json: ERROR - 429 Client Error: Too Many Requests for url: http://ipinfo.io/json
Status code 429 from http://ipinfo.io/json: ERROR - 429 Client Error: Too Many Requests for url: http://ipinfo.io/json
Status code 429 from http://ipinfo.io/json: ERROR - 429 Client Error: Too Many Requests for url: http://ipinfo.io/json
./kmeans_openmp/kmeans: /lib/x86_64-linux-gnu/libc.so.6: version `GLIBC_2.34' not found (required by ./kmeans_openmp/kmeans)
Status code 429 from http://ipinfo.io/json: ERROR - 429 Client Error: Too Many Requests for url: http://ipinfo.io/json
Status code 429 from http://ipinfo.io/json: ERROR - 429 Client Error: Too Many Requests for url: http://ipinfo.io/json
Status code 429 from http://ipinfo.io/json: ERROR - 429 Client Error: Too Many Requests for url: http://ipinfo.io/json
Status code 429 from http://ipinfo.io/json: ERROR - 429 Client Error: Too Many Requests for url: http://ipinfo.io/json
./kmeans_openmp/kmeans: /lib/x86_64-linux-gnu/libc.so.6: version `GLIBC_2.34' not found (required by ./kmeans_openmp/kmeans)
Status code 429 from http://ipinfo.io/json: ERROR - 429 Client Error: Too Many Requests for url: http://ipinfo.io/json
Status code 429 from http://ipinfo.io/json: ERROR - 429 Client Error: Too Many Requests for url: http://ipinfo.io/json
Status code 429 from http://ipinfo.io/json: ERROR - 429 Client Error: Too Many Requests for url: http://ipinfo.io/json
Status code 429 from http://ipinfo.io/json: ERROR - 429 Client Error: Too Many Requests for url: http://ipinfo.io/json
./kmeans_openmp/kmeans: /lib/x86_64-linux-gnu/libc.so.6: version `GLIBC_2.34' not found (required by ./kmeans_openmp/kmeans)
Status code 429 from http://ipinfo.io/json: ERROR - 429 Client Error: Too Many Requests for url: http://ipinfo.io/json
Status code 429 from http://ipinfo.io/json: ERROR - 429 Client Error: Too Many Requests for url: http://ipinfo.io/json
Status code 429 from http://ipinfo.io/json: ERROR - 429 Client Error: Too Many Requests for url: http://ipinfo.io/json
Status code 429 from http://ipinfo.io/json: ERROR - 429 Client Error: Too Many Requests for url: http://ipinfo.io/json
./kmeans_openmp/kmeans: /lib/x86_64-linux-gnu/libc.so.6: version `GLIBC_2.34' not found (required by ./kmeans_openmp/kmeans)
Status code 429 from http://ipinfo.io/json: ERROR - 429 Client Error: Too Many Requests for url: http://ipinfo.io/json
Status code 429 from http://ipinfo.io/json: ERROR - 429 Client Error: Too Many Requests for url: http://ipinfo.io/json
Status code 429 from http://ipinfo.io/json: ERROR - 429 Client Error: Too Many Requests for url: http://ipinfo.io/json
Status code 429 from http://ipinfo.io/json: ERROR - 429 Client Error: Too Many Requests for url: http://ipinfo.io/json
./kmeans_openmp/kmeans: /lib/x86_64-linux-gnu/libc.so.6: version `GLIBC_2.34' not found (required by ./kmeans_openmp/kmeans)
Status code 429 from http://ipinfo.io/json: ERROR - 429 Client Error: Too Many Requests for url: http://ipinfo.io/json
Status code 429 from http://ipinfo.io/json: ERROR - 429 Client Error: Too Many Requests for url: http://ipinfo.io/json
Status code 429 from http://ipinfo.io/json: ERROR - 429 Client Error: Too Many Requests for url: http://ipinfo.io/json
Status code 429 from http://ipinfo.io/json: ERROR - 429 Client Error: Too Many Requests for url: http://ipinfo.io/json
./kmeans_openmp/kmeans: /lib/x86_64-linux-gnu/libc.so.6: version `GLIBC_2.34' not found (required by ./kmeans_openmp/kmeans)
Status code 429 from http://ipinfo.io/json: ERROR - 429 Client Error: Too Many Requests for url: http://ipinfo.io/json
Status code 429 from http://ipinfo.io/json: ERROR - 429 Client Error: Too Many Requests for url: http://ipinfo.io/json
Status code 429 from http://ipinfo.io/json: ERROR - 429 Client Error: Too Many Requests for url: http://ipinfo.io/json
Status code 429 from http://ipinfo.io/json: ERROR - 429 Client Error: Too Many Requests for url: http://ipinfo.io/json
./kmeans_openmp/kmeans: /lib/x86_64-linux-gnu/libc.so.6: version `GLIBC_2.34' not found (required by ./kmeans_openmp/kmeans)
Status code 429 from http://ipinfo.io/json: ERROR - 429 Client Error: Too Many Requests for url: http://ipinfo.io/json
Status code 429 from http://ipinfo.io/json: ERROR - 429 Client Error: Too Many Requests for url: http://ipinfo.io/json
Status code 429 from http://ipinfo.io/json: ERROR - 429 Client Error: Too Many Requests for url: http://ipinfo.io/json
Status code 429 from http://ipinfo.io/json: ERROR - 429 Client Error: Too Many Requests for url: http://ipinfo.io/json
./kmeans_openmp/kmeans: /lib/x86_64-linux-gnu/libc.so.6: version `GLIBC_2.34' not found (required by ./kmeans_openmp/kmeans)
Status code 429 from http://ipinfo.io/json: ERROR - 429 Client Error: Too Many Requests for url: http://ipinfo.io/json
Status code 429 from http://ipinfo.io/json: ERROR - 429 Client Error: Too Many Requests for url: http://ipinfo.io/json
Status code 429 from http://ipinfo.io/json: ERROR - 429 Client Error: Too Many Requests for url: http://ipinfo.io/json
Status code 429 from http://ipinfo.io/json: ERROR - 429 Client Error: Too Many Requests for url: http://ipinfo.io/json
./kmeans_openmp/kmeans: /lib/x86_64-linux-gnu/libc.so.6: version `GLIBC_2.34' not found (required by ./kmeans_openmp/kmeans)
Status code 429 from http://ipinfo.io/json: ERROR - 429 Client Error: Too Many Requests for url: http://ipinfo.io/json
Status code 429 from http://ipinfo.io/json: ERROR - 429 Client Error: Too Many Requests for url: http://ipinfo.io/json
Status code 429 from http://ipinfo.io/json: ERROR - 429 Client Error: Too Many Requests for url: http://ipinfo.io/json
Status code 429 from http://ipinfo.io/json: ERROR - 429 Client Error: Too Many Requests for url: http://ipinfo.io/json
./kmeans_openmp/kmeans: /lib/x86_64-linux-gnu/libc.so.6: version `GLIBC_2.34' not found (required by ./kmeans_openmp/kmeans)
Status code 429 from http://ipinfo.io/json: ERROR - 429 Client Error: Too Many Requests for url: http://ipinfo.io/json
Status code 429 from http://ipinfo.io/json: ERROR - 429 Client Error: Too Many Requests for url: http://ipinfo.io/json
Status code 429 from http://ipinfo.io/json: ERROR - 429 Client Error: Too Many Requests for url: http://ipinfo.io/json
Status code 429 from http://ipinfo.io/json: ERROR - 429 Client Error: Too Many Requests for url: http://ipinfo.io/json
./kmeans_openmp/kmeans: /lib/x86_64-linux-gnu/libc.so.6: version `GLIBC_2.34' not found (required by ./kmeans_openmp/kmeans)
Status code 429 from http://ipinfo.io/json: ERROR - 429 Client Error: Too Many Requests for url: http://ipinfo.io/json
Status code 429 from http://ipinfo.io/json: ERROR - 429 Client Error: Too Many Requests for url: http://ipinfo.io/json
Status code 429 from http://ipinfo.io/json: ERROR - 429 Client Error: Too Many Requests for url: http://ipinfo.io/json
Status code 429 from http://ipinfo.io/json: ERROR - 429 Client Error: Too Many Requests for url: http://ipinfo.io/json
./kmeans_openmp/kmeans: /lib/x86_64-linux-gnu/libc.so.6: version `GLIBC_2.34' not found (required by ./kmeans_openmp/kmeans)
Status code 429 from http://ipinfo.io/json: ERROR - 429 Client Error: Too Many Requests for url: http://ipinfo.io/json
Status code 429 from http://ipinfo.io/json: ERROR - 429 Client Error: Too Many Requests for url: http://ipinfo.io/json
Status code 429 from http://ipinfo.io/json: ERROR - 429 Client Error: Too Many Requests for url: http://ipinfo.io/json
Status code 429 from http://ipinfo.io/json: ERROR - 429 Client Error: Too Many Requests for url: http://ipinfo.io/json
./kmeans_openmp/kmeans: /lib/x86_64-linux-gnu/libc.so.6: version `GLIBC_2.34' not found (required by ./kmeans_openmp/kmeans)
Status code 429 from http://ipinfo.io/json: ERROR - 429 Client Error: Too Many Requests for url: http://ipinfo.io/json
Status code 429 from http://ipinfo.io/json: ERROR - 429 Client Error: Too Many Requests for url: http://ipinfo.io/json
Status code 429 from http://ipinfo.io/json: ERROR - 429 Client Error: Too Many Requests for url: http://ipinfo.io/json
Status code 429 from http://ipinfo.io/json: ERROR - 429 Client Error: Too Many Requests for url: http://ipinfo.io/json
./kmeans_openmp/kmeans: /lib/x86_64-linux-gnu/libc.so.6: version `GLIBC_2.34' not found (required by ./kmeans_openmp/kmeans)
Status code 429 from http://ipinfo.io/json: ERROR - 429 Client Error: Too Many Requests for url: http://ipinfo.io/json
Status code 429 from http://ipinfo.io/json: ERROR - 429 Client Error: Too Many Requests for url: http://ipinfo.io/json
Status code 429 from http://ipinfo.io/json: ERROR - 429 Client Error: Too Many Requests for url: http://ipinfo.io/json
Status code 429 from http://ipinfo.io/json: ERROR - 429 Client Error: Too Many Requests for url: http://ipinfo.io/json
./kmeans_openmp/kmeans: /lib/x86_64-linux-gnu/libc.so.6: version `GLIBC_2.34' not found (required by ./kmeans_openmp/kmeans)
Status code 429 from http://ipinfo.io/json: ERROR - 429 Client Error: Too Many Requests for url: http://ipinfo.io/json
Status code 429 from http://ipinfo.io/json: ERROR - 429 Client Error: Too Many Requests for url: http://ipinfo.io/json
Status code 429 from http://ipinfo.io/json: ERROR - 429 Client Error: Too Many Requests for url: http://ipinfo.io/json
Status code 429 from http://ipinfo.io/json: ERROR - 429 Client Error: Too Many Requests for url: http://ipinfo.io/json
./kmeans_openmp/kmeans: /lib/x86_64-linux-gnu/libc.so.6: version `GLIBC_2.34' not found (required by ./kmeans_openmp/kmeans)
Status code 429 from http://ipinfo.io/json: ERROR - 429 Client Error: Too Many Requests for url: http://ipinfo.io/json
Status code 429 from http://ipinfo.io/json: ERROR - 429 Client Error: Too Many Requests for url: http://ipinfo.io/json
Status code 429 from http://ipinfo.io/json: ERROR - 429 Client Error: Too Many Requests for url: http://ipinfo.io/json
Status code 429 from http://ipinfo.io/json: ERROR - 429 Client Error: Too Many Requests for url: http://ipinfo.io/json
./kmeans_openmp/kmeans: /lib/x86_64-linux-gnu/libc.so.6: version `GLIBC_2.34' not found (required by ./kmeans_openmp/kmeans)
Status code 429 from http://ipinfo.io/json: ERROR - 429 Client Error: Too Many Requests for url: http://ipinfo.io/json
Status code 429 from http://ipinfo.io/json: ERROR - 429 Client Error: Too Many Requests for url: http://ipinfo.io/json
Status code 429 from http://ipinfo.io/json: ERROR - 429 Client Error: Too Many Requests for url: http://ipinfo.io/json
Status code 429 from http://ipinfo.io/json: ERROR - 429 Client Error: Too Many Requests for url: http://ipinfo.io/json
./kmeans_openmp/kmeans: /lib/x86_64-linux-gnu/libc.so.6: version `GLIBC_2.34' not found (required by ./kmeans_openmp/kmeans)
Status code 429 from http://ipinfo.io/json: ERROR - 429 Client Error: Too Many Requests for url: http://ipinfo.io/json
Status code 429 from http://ipinfo.io/json: ERROR - 429 Client Error: Too Many Requests for url: http://ipinfo.io/json
Status code 429 from http://ipinfo.io/json: ERROR - 429 Client Error: Too Many Requests for url: http://ipinfo.io/json
Status code 429 from http://ipinfo.io/json: ERROR - 429 Client Error: Too Many Requests for url: http://ipinfo.io/json
./kmeans_openmp/kmeans: /lib/x86_64-linux-gnu/libc.so.6: version `GLIBC_2.34' not found (required by ./kmeans_openmp/kmeans)
Status code 429 from http://ipinfo.io/json: ERROR - 429 Client Error: Too Many Requests for url: http://ipinfo.io/json
Status code 429 from http://ipinfo.io/json: ERROR - 429 Client Error: Too Many Requests for url: http://ipinfo.io/json
Status code 429 from http://ipinfo.io/json: ERROR - 429 Client Error: Too Many Requests for url: http://ipinfo.io/json
Status code 429 from http://ipinfo.io/json: ERROR - 429 Client Error: Too Many Requests for url: http://ipinfo.io/json
./kmeans_openmp/kmeans: /lib/x86_64-linux-gnu/libc.so.6: version `GLIBC_2.34' not found (required by ./kmeans_openmp/kmeans)
Status code 429 from http://ipinfo.io/json: ERROR - 429 Client Error: Too Many Requests for url: http://ipinfo.io/json
Status code 429 from http://ipinfo.io/json: ERROR - 429 Client Error: Too Many Requests for url: http://ipinfo.io/json
/var/spool/slurmd/job702383/slurm_script: line 54: cd: openmp/leukocyte: No such file or directory
make: *** No rule to make target 'clean'.  Stop.
make: *** No targets specified and no makefile found.  Stop.
python3: can't open file '/home/users/acsilveira/rodinia/openmp/carbon.py': [Errno 2] No such file or directory
python3: can't open file '/home/users/acsilveira/rodinia/openmp/carbon.py': [Errno 2] No such file or directory
python3: can't open file '/home/users/acsilveira/rodinia/openmp/carbon.py': [Errno 2] No such file or directory
python3: can't open file '/home/users/acsilveira/rodinia/openmp/carbon.py': [Errno 2] No such file or directory
python3: can't open file '/home/users/acsilveira/rodinia/openmp/carbon.py': [Errno 2] No such file or directory
python3: can't open file '/home/users/acsilveira/rodinia/openmp/carbon.py': [Errno 2] No such file or directory
python3: can't open file '/home/users/acsilveira/rodinia/openmp/carbon.py': [Errno 2] No such file or directory
python3: can't open file '/home/users/acsilveira/rodinia/openmp/carbon.py': [Errno 2] No such file or directory
python3: can't open file '/home/users/acsilveira/rodinia/openmp/carbon.py': [Errno 2] No such file or directory
python3: can't open file '/home/users/acsilveira/rodinia/openmp/carbon.py': [Errno 2] No such file or directory
python3: can't open file '/home/users/acsilveira/rodinia/openmp/carbon.py': [Errno 2] No such file or directory
python3: can't open file '/home/users/acsilveira/rodinia/openmp/carbon.py': [Errno 2] No such file or directory
python3: can't open file '/home/users/acsilveira/rodinia/openmp/carbon.py': [Errno 2] No such file or directory
python3: can't open file '/home/users/acsilveira/rodinia/openmp/carbon.py': [Errno 2] No such file or directory
python3: can't open file '/home/users/acsilveira/rodinia/openmp/carbon.py': [Errno 2] No such file or directory
python3: can't open file '/home/users/acsilveira/rodinia/openmp/carbon.py': [Errno 2] No such file or directory
python3: can't open file '/home/users/acsilveira/rodinia/openmp/carbon.py': [Errno 2] No such file or directory
python3: can't open file '/home/users/acsilveira/rodinia/openmp/carbon.py': [Errno 2] No such file or directory
python3: can't open file '/home/users/acsilveira/rodinia/openmp/carbon.py': [Errno 2] No such file or directory
python3: can't open file '/home/users/acsilveira/rodinia/openmp/carbon.py': [Errno 2] No such file or directory
python3: can't open file '/home/users/acsilveira/rodinia/openmp/carbon.py': [Errno 2] No such file or directory
python3: can't open file '/home/users/acsilveira/rodinia/openmp/carbon.py': [Errno 2] No such file or directory
python3: can't open file '/home/users/acsilveira/rodinia/openmp/carbon.py': [Errno 2] No such file or directory
python3: can't open file '/home/users/acsilveira/rodinia/openmp/carbon.py': [Errno 2] No such file or directory
python3: can't open file '/home/users/acsilveira/rodinia/openmp/carbon.py': [Errno 2] No such file or directory
python3: can't open file '/home/users/acsilveira/rodinia/openmp/carbon.py': [Errno 2] No such file or directory
python3: can't open file '/home/users/acsilveira/rodinia/openmp/carbon.py': [Errno 2] No such file or directory
python3: can't open file '/home/users/acsilveira/rodinia/openmp/carbon.py': [Errno 2] No such file or directory
python3: can't open file '/home/users/acsilveira/rodinia/openmp/carbon.py': [Errno 2] No such file or directory
python3: can't open file '/home/users/acsilveira/rodinia/openmp/carbon.py': [Errno 2] No such file or directory
python3: can't open file '/home/users/acsilveira/rodinia/openmp/carbon.py': [Errno 2] No such file or directory
python3: can't open file '/home/users/acsilveira/rodinia/openmp/carbon.py': [Errno 2] No such file or directory
python3: can't open file '/home/users/acsilveira/rodinia/openmp/carbon.py': [Errno 2] No such file or directory
python3: can't open file '/home/users/acsilveira/rodinia/openmp/carbon.py': [Errno 2] No such file or directory
python3: can't open file '/home/users/acsilveira/rodinia/openmp/carbon.py': [Errno 2] No such file or directory
python3: can't open file '/home/users/acsilveira/rodinia/openmp/carbon.py': [Errno 2] No such file or directory
python3: can't open file '/home/users/acsilveira/rodinia/openmp/carbon.py': [Errno 2] No such file or directory
python3: can't open file '/home/users/acsilveira/rodinia/openmp/carbon.py': [Errno 2] No such file or directory
python3: can't open file '/home/users/acsilveira/rodinia/openmp/carbon.py': [Errno 2] No such file or directory
python3: can't open file '/home/users/acsilveira/rodinia/openmp/carbon.py': [Errno 2] No such file or directory
python3: can't open file '/home/users/acsilveira/rodinia/openmp/carbon.py': [Errno 2] No such file or directory
python3: can't open file '/home/users/acsilveira/rodinia/openmp/carbon.py': [Errno 2] No such file or directory
python3: can't open file '/home/users/acsilveira/rodinia/openmp/carbon.py': [Errno 2] No such file or directory
python3: can't open file '/home/users/acsilveira/rodinia/openmp/carbon.py': [Errno 2] No such file or directory
Status code 429 from http://ipinfo.io/json: ERROR - 429 Client Error: Too Many Requests for url: http://ipinfo.io/json
Status code 429 from http://ipinfo.io/json: ERROR - 429 Client Error: Too Many Requests for url: http://ipinfo.io/json
Status code 429 from http://ipinfo.io/json: ERROR - 429 Client Error: Too Many Requests for url: http://ipinfo.io/json
Status code 429 from http://ipinfo.io/json: ERROR - 429 Client Error: Too Many Requests for url: http://ipinfo.io/json
Status code 429 from http://ipinfo.io/json: ERROR - 429 Client Error: Too Many Requests for url: http://ipinfo.io/json
Status code 429 from http://ipinfo.io/json: ERROR - 429 Client Error: Too Many Requests for url: http://ipinfo.io/json
Status code 429 from http://ipinfo.io/json: ERROR - 429 Client Error: Too Many Requests for url: http://ipinfo.io/json
Status code 429 from http://ipinfo.io/json: ERROR - 429 Client Error: Too Many Requests for url: http://ipinfo.io/json
Status code 429 from http://ipinfo.io/json: ERROR - 429 Client Error: Too Many Requests for url: http://ipinfo.io/json
Status code 429 from http://ipinfo.io/json: ERROR - 429 Client Error: Too Many Requests for url: http://ipinfo.io/json
Status code 429 from http://ipinfo.io/json: ERROR - 429 Client Error: Too Many Requests for url: http://ipinfo.io/json
Status code 429 from http://ipinfo.io/json: ERROR - 429 Client Error: Too Many Requests for url: http://ipinfo.io/json
Status code 429 from http://ipinfo.io/json: ERROR - 429 Client Error: Too Many Requests for url: http://ipinfo.io/json
Status code 429 from http://ipinfo.io/json: ERROR - 429 Client Error: Too Many Requests for url: http://ipinfo.io/json
Status code 429 from http://ipinfo.io/json: ERROR - 429 Client Error: Too Many Requests for url: http://ipinfo.io/json
Status code 429 from http://ipinfo.io/json: ERROR - 429 Client Error: Too Many Requests for url: http://ipinfo.io/json
Status code 429 from http://ipinfo.io/json: ERROR - 429 Client Error: Too Many Requests for url: http://ipinfo.io/json
Status code 429 from http://ipinfo.io/json: ERROR - 429 Client Error: Too Many Requests for url: http://ipinfo.io/json
Status code 429 from http://ipinfo.io/json: ERROR - 429 Client Error: Too Many Requests for url: http://ipinfo.io/json
Status code 429 from http://ipinfo.io/json: ERROR - 429 Client Error: Too Many Requests for url: http://ipinfo.io/json
Status code 429 from http://ipinfo.io/json: ERROR - 429 Client Error: Too Many Requests for url: http://ipinfo.io/json
Status code 429 from http://ipinfo.io/json: ERROR - 429 Client Error: Too Many Requests for url: http://ipinfo.io/json
Status code 429 from http://ipinfo.io/json: ERROR - 429 Client Error: Too Many Requests for url: http://ipinfo.io/json
Status code 429 from http://ipinfo.io/json: ERROR - 429 Client Error: Too Many Requests for url: http://ipinfo.io/json
Status code 429 from http://ipinfo.io/json: ERROR - 429 Client Error: Too Many Requests for url: http://ipinfo.io/json
Status code 429 from http://ipinfo.io/json: ERROR - 429 Client Error: Too Many Requests for url: http://ipinfo.io/json
Status code 429 from http://ipinfo.io/json: ERROR - 429 Client Error: Too Many Requests for url: http://ipinfo.io/json
Status code 429 from http://ipinfo.io/json: ERROR - 429 Client Error: Too Many Requests for url: http://ipinfo.io/json
Status code 429 from http://ipinfo.io/json: ERROR - 429 Client Error: Too Many Requests for url: http://ipinfo.io/json
Status code 429 from http://ipinfo.io/json: ERROR - 429 Client Error: Too Many Requests for url: http://ipinfo.io/json
Status code 429 from http://ipinfo.io/json: ERROR - 429 Client Error: Too Many Requests for url: http://ipinfo.io/json
Status code 429 from http://ipinfo.io/json: ERROR - 429 Client Error: Too Many Requests for url: http://ipinfo.io/json
Status code 429 from http://ipinfo.io/json: ERROR - 429 Client Error: Too Many Requests for url: http://ipinfo.io/json
Status code 429 from http://ipinfo.io/json: ERROR - 429 Client Error: Too Many Requests for url: http://ipinfo.io/json
Status code 429 from http://ipinfo.io/json: ERROR - 429 Client Error: Too Many Requests for url: http://ipinfo.io/json
Status code 429 from http://ipinfo.io/json: ERROR - 429 Client Error: Too Many Requests for url: http://ipinfo.io/json
Status code 429 from http://ipinfo.io/json: ERROR - 429 Client Error: Too Many Requests for url: http://ipinfo.io/json
Status code 429 from http://ipinfo.io/json: ERROR - 429 Client Error: Too Many Requests for url: http://ipinfo.io/json
Status code 429 from http://ipinfo.io/json: ERROR - 429 Client Error: Too Many Requests for url: http://ipinfo.io/json
Status code 429 from http://ipinfo.io/json: ERROR - 429 Client Error: Too Many Requests for url: http://ipinfo.io/json
Status code 429 from http://ipinfo.io/json: ERROR - 429 Client Error: Too Many Requests for url: http://ipinfo.io/json
Status code 429 from http://ipinfo.io/json: ERROR - 429 Client Error: Too Many Requests for url: http://ipinfo.io/json
Status code 429 from http://ipinfo.io/json: ERROR - 429 Client Error: Too Many Requests for url: http://ipinfo.io/json
Status code 429 from http://ipinfo.io/json: ERROR - 429 Client Error: Too Many Requests for url: http://ipinfo.io/json
Status code 429 from http://ipinfo.io/json: ERROR - 429 Client Error: Too Many Requests for url: http://ipinfo.io/json
Status code 429 from http://ipinfo.io/json: ERROR - 429 Client Error: Too Many Requests for url: http://ipinfo.io/json
Status code 429 from http://ipinfo.io/json: ERROR - 429 Client Error: Too Many Requests for url: http://ipinfo.io/json
Status code 429 from http://ipinfo.io/json: ERROR - 429 Client Error: Too Many Requests for url: http://ipinfo.io/json
Status code 429 from http://ipinfo.io/json: ERROR - 429 Client Error: Too Many Requests for url: http://ipinfo.io/json
Status code 429 from http://ipinfo.io/json: ERROR - 429 Client Error: Too Many Requests for url: http://ipinfo.io/json
Status code 429 from http://ipinfo.io/json: ERROR - 429 Client Error: Too Many Requests for url: http://ipinfo.io/json
Status code 429 from http://ipinfo.io/json: ERROR - 429 Client Error: Too Many Requests for url: http://ipinfo.io/json
Status code 429 from http://ipinfo.io/json: ERROR - 429 Client Error: Too Many Requests for url: http://ipinfo.io/json
Status code 429 from http://ipinfo.io/json: ERROR - 429 Client Error: Too Many Requests for url: http://ipinfo.io/json
Status code 429 from http://ipinfo.io/json: ERROR - 429 Client Error: Too Many Requests for url: http://ipinfo.io/json
Status code 429 from http://ipinfo.io/json: ERROR - 429 Client Error: Too Many Requests for url: http://ipinfo.io/json
Status code 429 from http://ipinfo.io/json: ERROR - 429 Client Error: Too Many Requests for url: http://ipinfo.io/json
Status code 429 from http://ipinfo.io/json: ERROR - 429 Client Error: Too Many Requests for url: http://ipinfo.io/json
Status code 429 from http://ipinfo.io/json: ERROR - 429 Client Error: Too Many Requests for url: http://ipinfo.io/json
Status code 429 from http://ipinfo.io/json: ERROR - 429 Client Error: Too Many Requests for url: http://ipinfo.io/json
Status code 429 from http://ipinfo.io/json: ERROR - 429 Client Error: Too Many Requests for url: http://ipinfo.io/json
Status code 429 from http://ipinfo.io/json: ERROR - 429 Client Error: Too Many Requests for url: http://ipinfo.io/json
Status code 429 from http://ipinfo.io/json: ERROR - 429 Client Error: Too Many Requests for url: http://ipinfo.io/json
Status code 429 from http://ipinfo.io/json: ERROR - 429 Client Error: Too Many Requests for url: http://ipinfo.io/json
Status code 429 from http://ipinfo.io/json: ERROR - 429 Client Error: Too Many Requests for url: http://ipinfo.io/json
Status code 429 from http://ipinfo.io/json: ERROR - 429 Client Error: Too Many Requests for url: http://ipinfo.io/json
Status code 429 from http://ipinfo.io/json: ERROR - 429 Client Error: Too Many Requests for url: http://ipinfo.io/json
Status code 429 from http://ipinfo.io/json: ERROR - 429 Client Error: Too Many Requests for url: http://ipinfo.io/json
Status code 429 from http://ipinfo.io/json: ERROR - 429 Client Error: Too Many Requests for url: http://ipinfo.io/json
Status code 429 from http://ipinfo.io/json: ERROR - 429 Client Error: Too Many Requests for url: http://ipinfo.io/json
Status code 429 from http://ipinfo.io/json: ERROR - 429 Client Error: Too Many Requests for url: http://ipinfo.io/json
Status code 429 from http://ipinfo.io/json: ERROR - 429 Client Error: Too Many Requests for url: http://ipinfo.io/json
Status code 429 from http://ipinfo.io/json: ERROR - 429 Client Error: Too Many Requests for url: http://ipinfo.io/json
Status code 429 from http://ipinfo.io/json: ERROR - 429 Client Error: Too Many Requests for url: http://ipinfo.io/json
Status code 429 from http://ipinfo.io/json: ERROR - 429 Client Error: Too Many Requests for url: http://ipinfo.io/json
Status code 429 from http://ipinfo.io/json: ERROR - 429 Client Error: Too Many Requests for url: http://ipinfo.io/json
Status code 429 from http://ipinfo.io/json: ERROR - 429 Client Error: Too Many Requests for url: http://ipinfo.io/json
Status code 429 from http://ipinfo.io/json: ERROR - 429 Client Error: Too Many Requests for url: http://ipinfo.io/json
Status code 429 from http://ipinfo.io/json: ERROR - 429 Client Error: Too Many Requests for url: http://ipinfo.io/json
Status code 429 from http://ipinfo.io/json: ERROR - 429 Client Error: Too Many Requests for url: http://ipinfo.io/json
Status code 429 from http://ipinfo.io/json: ERROR - 429 Client Error: Too Many Requests for url: http://ipinfo.io/json
Status code 429 from http://ipinfo.io/json: ERROR - 429 Client Error: Too Many Requests for url: http://ipinfo.io/json
Status code 429 from http://ipinfo.io/json: ERROR - 429 Client Error: Too Many Requests for url: http://ipinfo.io/json
Status code 429 from http://ipinfo.io/json: ERROR - 429 Client Error: Too Many Requests for url: http://ipinfo.io/json
Status code 429 from http://ipinfo.io/json: ERROR - 429 Client Error: Too Many Requests for url: http://ipinfo.io/json
Status code 429 from http://ipinfo.io/json: ERROR - 429 Client Error: Too Many Requests for url: http://ipinfo.io/json
Status code 429 from http://ipinfo.io/json: ERROR - 429 Client Error: Too Many Requests for url: http://ipinfo.io/json
Status code 429 from http://ipinfo.io/json: ERROR - 429 Client Error: Too Many Requests for url: http://ipinfo.io/json
Status code 429 from http://ipinfo.io/json: ERROR - 429 Client Error: Too Many Requests for url: http://ipinfo.io/json
Status code 429 from http://ipinfo.io/json: ERROR - 429 Client Error: Too Many Requests for url: http://ipinfo.io/json
Status code 429 from http://ipinfo.io/json: ERROR - 429 Client Error: Too Many Requests for url: http://ipinfo.io/json
Status code 429 from http://ipinfo.io/json: ERROR - 429 Client Error: Too Many Requests for url: http://ipinfo.io/json
Status code 429 from http://ipinfo.io/json: ERROR - 429 Client Error: Too Many Requests for url: http://ipinfo.io/json
Status code 429 from http://ipinfo.io/json: ERROR - 429 Client Error: Too Many Requests for url: http://ipinfo.io/json
Status code 429 from http://ipinfo.io/json: ERROR - 429 Client Error: Too Many Requests for url: http://ipinfo.io/json
Status code 429 from http://ipinfo.io/json: ERROR - 429 Client Error: Too Many Requests for url: http://ipinfo.io/json
Status code 429 from http://ipinfo.io/json: ERROR - 429 Client Error: Too Many Requests for url: http://ipinfo.io/json
Status code 429 from http://ipinfo.io/json: ERROR - 429 Client Error: Too Many Requests for url: http://ipinfo.io/json
Status code 429 from http://ipinfo.io/json: ERROR - 429 Client Error: Too Many Requests for url: http://ipinfo.io/json
Status code 429 from http://ipinfo.io/json: ERROR - 429 Client Error: Too Many Requests for url: http://ipinfo.io/json
Status code 429 from http://ipinfo.io/json: ERROR - 429 Client Error: Too Many Requests for url: http://ipinfo.io/json
Status code 429 from http://ipinfo.io/json: ERROR - 429 Client Error: Too Many Requests for url: http://ipinfo.io/json
Status code 429 from http://ipinfo.io/json: ERROR - 429 Client Error: Too Many Requests for url: http://ipinfo.io/json
Status code 429 from http://ipinfo.io/json: ERROR - 429 Client Error: Too Many Requests for url: http://ipinfo.io/json
Status code 429 from http://ipinfo.io/json: ERROR - 429 Client Error: Too Many Requests for url: http://ipinfo.io/json
./backprop: /lib/x86_64-linux-gnu/libm.so.6: version `GLIBC_2.29' not found (required by ./backprop)
./backprop: /lib/x86_64-linux-gnu/libc.so.6: version `GLIBC_2.34' not found (required by ./backprop)
Status code 429 from http://ipinfo.io/json: ERROR - 429 Client Error: Too Many Requests for url: http://ipinfo.io/json
Status code 429 from http://ipinfo.io/json: ERROR - 429 Client Error: Too Many Requests for url: http://ipinfo.io/json
Status code 429 from http://ipinfo.io/json: ERROR - 429 Client Error: Too Many Requests for url: http://ipinfo.io/json
Status code 429 from http://ipinfo.io/json: ERROR - 429 Client Error: Too Many Requests for url: http://ipinfo.io/json
./backprop: /lib/x86_64-linux-gnu/libm.so.6: version `GLIBC_2.29' not found (required by ./backprop)
./backprop: /lib/x86_64-linux-gnu/libc.so.6: version `GLIBC_2.34' not found (required by ./backprop)
Status code 429 from http://ipinfo.io/json: ERROR - 429 Client Error: Too Many Requests for url: http://ipinfo.io/json
Status code 429 from http://ipinfo.io/json: ERROR - 429 Client Error: Too Many Requests for url: http://ipinfo.io/json
Status code 429 from http://ipinfo.io/json: ERROR - 429 Client Error: Too Many Requests for url: http://ipinfo.io/json
Status code 429 from http://ipinfo.io/json: ERROR - 429 Client Error: Too Many Requests for url: http://ipinfo.io/json
./backprop: /lib/x86_64-linux-gnu/libm.so.6: version `GLIBC_2.29' not found (required by ./backprop)
./backprop: /lib/x86_64-linux-gnu/libc.so.6: version `GLIBC_2.34' not found (required by ./backprop)
Status code 429 from http://ipinfo.io/json: ERROR - 429 Client Error: Too Many Requests for url: http://ipinfo.io/json
Status code 429 from http://ipinfo.io/json: ERROR - 429 Client Error: Too Many Requests for url: http://ipinfo.io/json
Status code 429 from http://ipinfo.io/json: ERROR - 429 Client Error: Too Many Requests for url: http://ipinfo.io/json
Status code 429 from http://ipinfo.io/json: ERROR - 429 Client Error: Too Many Requests for url: http://ipinfo.io/json
./backprop: /lib/x86_64-linux-gnu/libm.so.6: version `GLIBC_2.29' not found (required by ./backprop)
./backprop: /lib/x86_64-linux-gnu/libc.so.6: version `GLIBC_2.34' not found (required by ./backprop)
Status code 429 from http://ipinfo.io/json: ERROR - 429 Client Error: Too Many Requests for url: http://ipinfo.io/json
Status code 429 from http://ipinfo.io/json: ERROR - 429 Client Error: Too Many Requests for url: http://ipinfo.io/json
Status code 429 from http://ipinfo.io/json: ERROR - 429 Client Error: Too Many Requests for url: http://ipinfo.io/json
Status code 429 from http://ipinfo.io/json: ERROR - 429 Client Error: Too Many Requests for url: http://ipinfo.io/json
./backprop: /lib/x86_64-linux-gnu/libm.so.6: version `GLIBC_2.29' not found (required by ./backprop)
./backprop: /lib/x86_64-linux-gnu/libc.so.6: version `GLIBC_2.34' not found (required by ./backprop)
Status code 429 from http://ipinfo.io/json: ERROR - 429 Client Error: Too Many Requests for url: http://ipinfo.io/json
Status code 429 from http://ipinfo.io/json: ERROR - 429 Client Error: Too Many Requests for url: http://ipinfo.io/json
Status code 429 from http://ipinfo.io/json: ERROR - 429 Client Error: Too Many Requests for url: http://ipinfo.io/json
Status code 429 from http://ipinfo.io/json: ERROR - 429 Client Error: Too Many Requests for url: http://ipinfo.io/json
./backprop: /lib/x86_64-linux-gnu/libm.so.6: version `GLIBC_2.29' not found (required by ./backprop)
./backprop: /lib/x86_64-linux-gnu/libc.so.6: version `GLIBC_2.34' not found (required by ./backprop)
Status code 429 from http://ipinfo.io/json: ERROR - 429 Client Error: Too Many Requests for url: http://ipinfo.io/json
Status code 429 from http://ipinfo.io/json: ERROR - 429 Client Error: Too Many Requests for url: http://ipinfo.io/json
Status code 429 from http://ipinfo.io/json: ERROR - 429 Client Error: Too Many Requests for url: http://ipinfo.io/json
Status code 429 from http://ipinfo.io/json: ERROR - 429 Client Error: Too Many Requests for url: http://ipinfo.io/json
./backprop: /lib/x86_64-linux-gnu/libm.so.6: version `GLIBC_2.29' not found (required by ./backprop)
./backprop: /lib/x86_64-linux-gnu/libc.so.6: version `GLIBC_2.34' not found (required by ./backprop)
Status code 429 from http://ipinfo.io/json: ERROR - 429 Client Error: Too Many Requests for url: http://ipinfo.io/json
Status code 429 from http://ipinfo.io/json: ERROR - 429 Client Error: Too Many Requests for url: http://ipinfo.io/json
Status code 429 from http://ipinfo.io/json: ERROR - 429 Client Error: Too Many Requests for url: http://ipinfo.io/json
Status code 429 from http://ipinfo.io/json: ERROR - 429 Client Error: Too Many Requests for url: http://ipinfo.io/json
./backprop: /lib/x86_64-linux-gnu/libm.so.6: version `GLIBC_2.29' not found (required by ./backprop)
./backprop: /lib/x86_64-linux-gnu/libc.so.6: version `GLIBC_2.34' not found (required by ./backprop)
Status code 429 from http://ipinfo.io/json: ERROR - 429 Client Error: Too Many Requests for url: http://ipinfo.io/json
Status code 429 from http://ipinfo.io/json: ERROR - 429 Client Error: Too Many Requests for url: http://ipinfo.io/json
Status code 429 from http://ipinfo.io/json: ERROR - 429 Client Error: Too Many Requests for url: http://ipinfo.io/json
Status code 429 from http://ipinfo.io/json: ERROR - 429 Client Error: Too Many Requests for url: http://ipinfo.io/json
./backprop: /lib/x86_64-linux-gnu/libm.so.6: version `GLIBC_2.29' not found (required by ./backprop)
./backprop: /lib/x86_64-linux-gnu/libc.so.6: version `GLIBC_2.34' not found (required by ./backprop)
Status code 429 from http://ipinfo.io/json: ERROR - 429 Client Error: Too Many Requests for url: http://ipinfo.io/json
Status code 429 from http://ipinfo.io/json: ERROR - 429 Client Error: Too Many Requests for url: http://ipinfo.io/json
Status code 429 from http://ipinfo.io/json: ERROR - 429 Client Error: Too Many Requests for url: http://ipinfo.io/json
Status code 429 from http://ipinfo.io/json: ERROR - 429 Client Error: Too Many Requests for url: http://ipinfo.io/json
./backprop: /lib/x86_64-linux-gnu/libm.so.6: version `GLIBC_2.29' not found (required by ./backprop)
./backprop: /lib/x86_64-linux-gnu/libc.so.6: version `GLIBC_2.34' not found (required by ./backprop)
Status code 429 from http://ipinfo.io/json: ERROR - 429 Client Error: Too Many Requests for url: http://ipinfo.io/json
Status code 429 from http://ipinfo.io/json: ERROR - 429 Client Error: Too Many Requests for url: http://ipinfo.io/json
Status code 429 from http://ipinfo.io/json: ERROR - 429 Client Error: Too Many Requests for url: http://ipinfo.io/json
Status code 429 from http://ipinfo.io/json: ERROR - 429 Client Error: Too Many Requests for url: http://ipinfo.io/json
./backprop: /lib/x86_64-linux-gnu/libm.so.6: version `GLIBC_2.29' not found (required by ./backprop)
./backprop: /lib/x86_64-linux-gnu/libc.so.6: version `GLIBC_2.34' not found (required by ./backprop)
Status code 429 from http://ipinfo.io/json: ERROR - 429 Client Error: Too Many Requests for url: http://ipinfo.io/json
Status code 429 from http://ipinfo.io/json: ERROR - 429 Client Error: Too Many Requests for url: http://ipinfo.io/json
Status code 429 from http://ipinfo.io/json: ERROR - 429 Client Error: Too Many Requests for url: http://ipinfo.io/json
Status code 429 from http://ipinfo.io/json: ERROR - 429 Client Error: Too Many Requests for url: http://ipinfo.io/json
./backprop: /lib/x86_64-linux-gnu/libm.so.6: version `GLIBC_2.29' not found (required by ./backprop)
./backprop: /lib/x86_64-linux-gnu/libc.so.6: version `GLIBC_2.34' not found (required by ./backprop)
Status code 429 from http://ipinfo.io/json: ERROR - 429 Client Error: Too Many Requests for url: http://ipinfo.io/json
Status code 429 from http://ipinfo.io/json: ERROR - 429 Client Error: Too Many Requests for url: http://ipinfo.io/json
Status code 429 from http://ipinfo.io/json: ERROR - 429 Client Error: Too Many Requests for url: http://ipinfo.io/json
Status code 429 from http://ipinfo.io/json: ERROR - 429 Client Error: Too Many Requests for url: http://ipinfo.io/json
./backprop: /lib/x86_64-linux-gnu/libm.so.6: version `GLIBC_2.29' not found (required by ./backprop)
./backprop: /lib/x86_64-linux-gnu/libc.so.6: version `GLIBC_2.34' not found (required by ./backprop)
Status code 429 from http://ipinfo.io/json: ERROR - 429 Client Error: Too Many Requests for url: http://ipinfo.io/json
Status code 429 from http://ipinfo.io/json: ERROR - 429 Client Error: Too Many Requests for url: http://ipinfo.io/json
Status code 429 from http://ipinfo.io/json: ERROR - 429 Client Error: Too Many Requests for url: http://ipinfo.io/json
Status code 429 from http://ipinfo.io/json: ERROR - 429 Client Error: Too Many Requests for url: http://ipinfo.io/json
./backprop: /lib/x86_64-linux-gnu/libm.so.6: version `GLIBC_2.29' not found (required by ./backprop)
./backprop: /lib/x86_64-linux-gnu/libc.so.6: version `GLIBC_2.34' not found (required by ./backprop)
Status code 429 from http://ipinfo.io/json: ERROR - 429 Client Error: Too Many Requests for url: http://ipinfo.io/json
Status code 429 from http://ipinfo.io/json: ERROR - 429 Client Error: Too Many Requests for url: http://ipinfo.io/json
Status code 429 from http://ipinfo.io/json: ERROR - 429 Client Error: Too Many Requests for url: http://ipinfo.io/json
Status code 429 from http://ipinfo.io/json: ERROR - 429 Client Error: Too Many Requests for url: http://ipinfo.io/json
./backprop: /lib/x86_64-linux-gnu/libm.so.6: version `GLIBC_2.29' not found (required by ./backprop)
./backprop: /lib/x86_64-linux-gnu/libc.so.6: version `GLIBC_2.34' not found (required by ./backprop)
Status code 429 from http://ipinfo.io/json: ERROR - 429 Client Error: Too Many Requests for url: http://ipinfo.io/json
Status code 429 from http://ipinfo.io/json: ERROR - 429 Client Error: Too Many Requests for url: http://ipinfo.io/json
Status code 429 from http://ipinfo.io/json: ERROR - 429 Client Error: Too Many Requests for url: http://ipinfo.io/json
Status code 429 from http://ipinfo.io/json: ERROR - 429 Client Error: Too Many Requests for url: http://ipinfo.io/json
./backprop: /lib/x86_64-linux-gnu/libm.so.6: version `GLIBC_2.29' not found (required by ./backprop)
./backprop: /lib/x86_64-linux-gnu/libc.so.6: version `GLIBC_2.34' not found (required by ./backprop)
Status code 429 from http://ipinfo.io/json: ERROR - 429 Client Error: Too Many Requests for url: http://ipinfo.io/json
Status code 429 from http://ipinfo.io/json: ERROR - 429 Client Error: Too Many Requests for url: http://ipinfo.io/json
Status code 429 from http://ipinfo.io/json: ERROR - 429 Client Error: Too Many Requests for url: http://ipinfo.io/json
Status code 429 from http://ipinfo.io/json: ERROR - 429 Client Error: Too Many Requests for url: http://ipinfo.io/json
./backprop: /lib/x86_64-linux-gnu/libm.so.6: version `GLIBC_2.29' not found (required by ./backprop)
./backprop: /lib/x86_64-linux-gnu/libc.so.6: version `GLIBC_2.34' not found (required by ./backprop)
Status code 429 from http://ipinfo.io/json: ERROR - 429 Client Error: Too Many Requests for url: http://ipinfo.io/json
Status code 429 from http://ipinfo.io/json: ERROR - 429 Client Error: Too Many Requests for url: http://ipinfo.io/json
Status code 429 from http://ipinfo.io/json: ERROR - 429 Client Error: Too Many Requests for url: http://ipinfo.io/json
Status code 429 from http://ipinfo.io/json: ERROR - 429 Client Error: Too Many Requests for url: http://ipinfo.io/json
./backprop: /lib/x86_64-linux-gnu/libm.so.6: version `GLIBC_2.29' not found (required by ./backprop)
./backprop: /lib/x86_64-linux-gnu/libc.so.6: version `GLIBC_2.34' not found (required by ./backprop)
Status code 429 from http://ipinfo.io/json: ERROR - 429 Client Error: Too Many Requests for url: http://ipinfo.io/json
Status code 429 from http://ipinfo.io/json: ERROR - 429 Client Error: Too Many Requests for url: http://ipinfo.io/json
Status code 429 from http://ipinfo.io/json: ERROR - 429 Client Error: Too Many Requests for url: http://ipinfo.io/json
