kmeans.c: In function ‘main’:
kmeans.c:152:9: warning: implicit declaration of function ‘read’; did you mean ‘fread’? [-Wimplicit-function-declaration]
  152 |         read(infile, &numObjects,    sizeof(int));
      |         ^~~~
      |         fread
kmeans.c:165:9: warning: implicit declaration of function ‘close’; did you mean ‘pclose’? [-Wimplicit-function-declaration]
  165 |         close(infile);
      |         ^~~~~
      |         pclose
/usr/bin/ld: cannot find kmeans.o: No such file or directory
/usr/bin/ld: cannot find kmeans_clustering.o: No such file or directory
collect2: error: ld returned 1 exit status
make[1]: *** [Makefile:6: kmeans] Error 1
make: *** [Makefile:4: OPENMP/kmeans] Error 2
sh: 1: ./kmeans_openmp/kmeans: not found
sh: 1: ./kmeans_openmp/kmeans: not found
sh: 1: ./kmeans_openmp/kmeans: not found
sh: 1: ./kmeans_openmp/kmeans: not found
sh: 1: ./kmeans_openmp/kmeans: not found
sh: 1: ./kmeans_openmp/kmeans: not found
sh: 1: ./kmeans_openmp/kmeans: not found
sh: 1: ./kmeans_openmp/kmeans: not found
/var/spool/slurmd/job702364/slurm_script: line 56: cd: openmp/leukocyte: No such file or directory
make: *** No rule to make target 'clean'.  Stop.
make: *** No targets specified and no makefile found.  Stop.
python3: can't open file '/home/users/acsilveira/rodinia/openmp/carbon.py': [Errno 2] No such file or directory
python3: can't open file '/home/users/acsilveira/rodinia/openmp/carbon.py': [Errno 2] No such file or directory
python3: can't open file '/home/users/acsilveira/rodinia/openmp/carbon.py': [Errno 2] No such file or directory
python3: can't open file '/home/users/acsilveira/rodinia/openmp/carbon.py': [Errno 2] No such file or directory
python3: can't open file '/home/users/acsilveira/rodinia/openmp/carbon.py': [Errno 2] No such file or directory
python3: can't open file '/home/users/acsilveira/rodinia/openmp/carbon.py': [Errno 2] No such file or directory
python3: can't open file '/home/users/acsilveira/rodinia/openmp/carbon.py': [Errno 2] No such file or directory
python3: can't open file '/home/users/acsilveira/rodinia/openmp/carbon.py': [Errno 2] No such file or directory
