Numero de CPUs logicos (threads): 16
Numero de núcleos fisicos: 8
Start -> kmeans
compilando kmeans...
cd kmeans_serial; make clean
make[1]: Entering directory '/scratch/acsilveira/rodinia_novos/openmp/kmeans/kmeans_serial'
rm -f *.o *~ kmeans 
make[1]: Leaving directory '/scratch/acsilveira/rodinia_novos/openmp/kmeans/kmeans_serial'
cd kmeans_openmp; make clean
make[1]: Entering directory '/scratch/acsilveira/rodinia_novos/openmp/kmeans/kmeans_openmp'
rm -f *.o *~ kmeans 
make[1]: Leaving directory '/scratch/acsilveira/rodinia_novos/openmp/kmeans/kmeans_openmp'
cd kmeans_openmp; make
make[1]: Entering directory '/scratch/acsilveira/rodinia_novos/openmp/kmeans/kmeans_openmp'
gcc -g -fopenmp -O2  cluster.c -c
gcc -g -fopenmp -O2  getopt.c -c
gcc -g -fopenmp -O2  kmeans.c -c
gcc -g -fopenmp -O2  kmeans_clustering.c -c
gcc -g -fopenmp -O2  cluster.o getopt.o kmeans.o kmeans_clustering.o  -o kmeans
make[1]: Leaving directory '/scratch/acsilveira/rodinia_novos/openmp/kmeans/kmeans_openmp'
cd kmeans_serial; make
make[1]: Entering directory '/scratch/acsilveira/rodinia_novos/openmp/kmeans/kmeans_serial'
gcc -g -fopenmp -O2  cluster.c -c
gcc -g -fopenmp -O2  getopt.c -c
gcc -g -fopenmp -O2  kmeans.c -c
gcc -g -fopenmp -O2  kmeans_clustering.c -c
gcc -g -fopenmp -O2  cluster.o getopt.o kmeans.o kmeans_clustering.o  -o kmeans
make[1]: Leaving directory '/scratch/acsilveira/rodinia_novos/openmp/kmeans/kmeans_serial'
___Executando kmeans___:
___kmeans com 2 Treads___
Time for process: 392.086470
Tempo total: 393245.346 ms
	Time:	0:06:33
	Energy:	0.0085 kWh
	CO2eq:	4.0839 g
	0.0380 km travelled by car
	Time:	0:06:33
	Energy:	0.0085 kWh
	CO2eq:	4.0839 g
	0.0380 km travelled by car
___kmeans com 2 Treads_concluida___
___kmeans com 4 Treads___
Time for process: 196.460192
Tempo total: 197613.420 ms
	Time:	0:03:18
	Energy:	0.0045 kWh
	CO2eq:	2.1488 g
	0.0200 km travelled by car
	Time:	0:03:18
	Energy:	0.0045 kWh
	CO2eq:	2.1488 g
	0.0200 km travelled by car
___kmeans com 4 Treads_concluida___
___kmeans com 6 Treads___
Time for process: 131.036641
Tempo total: 132249.800 ms
	Time:	0:02:12
	Energy:	0.0031 kWh
	CO2eq:	1.5026 g
	0.0140 km travelled by car
	Time:	0:02:12
	Energy:	0.0031 kWh
	CO2eq:	1.5026 g
	0.0140 km travelled by car
___kmeans com 6 Treads_concluida___
___kmeans com 8 Treads___
Time for process: 98.266858
Tempo total: 99422.426 ms
	Time:	0:01:39
	Energy:	0.0025 kWh
	CO2eq:	1.1785 g
	0.0110 km travelled by car
	Time:	0:01:39
	Energy:	0.0025 kWh
	CO2eq:	1.1785 g
	0.0110 km travelled by car
___kmeans com 8 Treads_concluida___
___kmeans com 10 Treads___
Time for process: 78.633949
Tempo total: 79784.095 ms
	Time:	0:01:20
	Energy:	0.0021 kWh
	CO2eq:	0.9871 g
	0.0092 km travelled by car
	Time:	0:01:20
	Energy:	0.0021 kWh
	CO2eq:	0.9871 g
	0.0092 km travelled by car
___kmeans com 10 Treads_concluida___
___kmeans com 12 Treads___
Time for process: 65.556567
Tempo total: 66709.553 ms
	Time:	0:01:07
	Energy:	0.0018 kWh
	CO2eq:	0.8574 g
	0.0080 km travelled by car
	Time:	0:01:07
	Energy:	0.0018 kWh
	CO2eq:	0.8574 g
	0.0080 km travelled by car
___kmeans com 12 Treads_concluida___
___kmeans com 14 Treads___
Time for process: 56.210339
Tempo total: 57360.658 ms
	Time:	0:00:57
	Energy:	0.0016 kWh
	CO2eq:	0.7647 g
	0.0071 km travelled by car
	Time:	0:00:57
	Energy:	0.0016 kWh
	CO2eq:	0.7647 g
	0.0071 km travelled by car
___kmeans com 14 Treads_concluida___
___kmeans com 16 Treads___
Time for process: 50.476380
Tempo total: 51622.209 ms
	Time:	0:00:52
	Energy:	0.0015 kWh
	CO2eq:	0.7094 g
	0.0066 km travelled by car
	Time:	0:00:52
	Energy:	0.0015 kWh
	CO2eq:	0.7094 g
	0.0066 km travelled by car
___kmeans com 16 Treads_concluida___
___Fim de kmeans___:

Start -> leukocyte
compilando leukocyte...
cd OpenMP; make clean
make[1]: Entering directory '/scratch/acsilveira/rodinia_novos/openmp/leukocyte/OpenMP'
rm -f *.o leukocyte
make[1]: Leaving directory '/scratch/acsilveira/rodinia_novos/openmp/leukocyte/OpenMP'
rm -f meschach_lib/meschach.a
cd OpenMP; make
make[1]: Entering directory '/scratch/acsilveira/rodinia_novos/openmp/leukocyte/OpenMP'
gcc  -g -O3 -Wall -fopenmp -I../meschach_lib detect_main.c -c
gcc  -g -O3 -Wall -fopenmp -I../meschach_lib avilib.c -c
gcc  -g -O3 -Wall -fopenmp -I../meschach_lib find_ellipse.c -c
gcc  -g -O3 -Wall -fopenmp -I../meschach_lib track_ellipse.c -c
gcc  -g -O3 -Wall -fopenmp -I../meschach_lib misc_math.c -c
cd ../meschach_lib; ./configure --with-all; make all; make clean
make[2]: Entering directory '/scratch/acsilveira/rodinia_novos/openmp/leukocyte/meschach_lib'
cc -c -O -DHAVE_CONFIG_H copy.c
cc -c -O -DHAVE_CONFIG_H err.c
cc -c -O -DHAVE_CONFIG_H matrixio.c
cc -c -O -DHAVE_CONFIG_H memory.c
cc -c -O -DHAVE_CONFIG_H vecop.c
cc -c -O -DHAVE_CONFIG_H matop.c
cc -c -O -DHAVE_CONFIG_H pxop.c
cc -c -O -DHAVE_CONFIG_H submat.c
cc -c -O -DHAVE_CONFIG_H init.c
cc -c -O -DHAVE_CONFIG_H otherio.c
cc -c -O -DHAVE_CONFIG_H machine.c
cc -c -O -DHAVE_CONFIG_H matlab.c
cc -c -O -DHAVE_CONFIG_H ivecop.c
cc -c -O -DHAVE_CONFIG_H version.c
cc -c -O -DHAVE_CONFIG_H meminfo.c
cc -c -O -DHAVE_CONFIG_H memstat.c
ar ru meschach.a copy.o err.o matrixio.o memory.o vecop.o matop.o pxop.o submat.o init.o otherio.o machine.o matlab.o ivecop.o version.o meminfo.o memstat.o; ranlib meschach.a
cc -c -O -DHAVE_CONFIG_H lufactor.c
cc -c -O -DHAVE_CONFIG_H bkpfacto.c
cc -c -O -DHAVE_CONFIG_H chfactor.c
cc -c -O -DHAVE_CONFIG_H qrfactor.c
cc -c -O -DHAVE_CONFIG_H solve.c
cc -c -O -DHAVE_CONFIG_H hsehldr.c
cc -c -O -DHAVE_CONFIG_H givens.c
cc -c -O -DHAVE_CONFIG_H update.c
cc -c -O -DHAVE_CONFIG_H norm.c
cc -c -O -DHAVE_CONFIG_H hessen.c
cc -c -O -DHAVE_CONFIG_H symmeig.c
cc -c -O -DHAVE_CONFIG_H schur.c
cc -c -O -DHAVE_CONFIG_H svd.c
cc -c -O -DHAVE_CONFIG_H fft.c
cc -c -O -DHAVE_CONFIG_H mfunc.c
cc -c -O -DHAVE_CONFIG_H bdfactor.c
ar ru meschach.a lufactor.o bkpfacto.o chfactor.o qrfactor.o solve.o hsehldr.o givens.o update.o norm.o hessen.o symmeig.o schur.o svd.o fft.o mfunc.o bdfactor.o; ranlib meschach.a
cc -c -O -DHAVE_CONFIG_H sparse.c
cc -c -O -DHAVE_CONFIG_H sprow.c
cc -c -O -DHAVE_CONFIG_H sparseio.c
cc -c -O -DHAVE_CONFIG_H spchfctr.c
cc -c -O -DHAVE_CONFIG_H splufctr.c
cc -c -O -DHAVE_CONFIG_H spbkp.c
cc -c -O -DHAVE_CONFIG_H spswap.c
cc -c -O -DHAVE_CONFIG_H iter0.c
cc -c -O -DHAVE_CONFIG_H itersym.c
cc -c -O -DHAVE_CONFIG_H iternsym.c
ar ru meschach.a sparse.o sprow.o sparseio.o spchfctr.o splufctr.o spbkp.o spswap.o iter0.o itersym.o iternsym.o; ranlib meschach.a
cc -c -O -DHAVE_CONFIG_H zmachine.c
cc -c -O -DHAVE_CONFIG_H zcopy.c
cc -c -O -DHAVE_CONFIG_H zmatio.c
cc -c -O -DHAVE_CONFIG_H zmemory.c
cc -c -O -DHAVE_CONFIG_H zvecop.c
cc -c -O -DHAVE_CONFIG_H zmatop.c
cc -c -O -DHAVE_CONFIG_H znorm.c
cc -c -O -DHAVE_CONFIG_H zfunc.c
ar ru meschach.a zmachine.o zcopy.o zmatio.o zmemory.o zvecop.o zmatop.o znorm.o zfunc.o ; ranlib meschach.a
cc -c -O -DHAVE_CONFIG_H zlufctr.c
cc -c -O -DHAVE_CONFIG_H zsolve.c
cc -c -O -DHAVE_CONFIG_H zmatlab.c
cc -c -O -DHAVE_CONFIG_H zhsehldr.c
cc -c -O -DHAVE_CONFIG_H zqrfctr.c
cc -c -O -DHAVE_CONFIG_H zgivens.c
cc -c -O -DHAVE_CONFIG_H zhessen.c
cc -c -O -DHAVE_CONFIG_H zschur.c
ar ru meschach.a zlufctr.o zsolve.o zmatlab.o zhsehldr.o zqrfctr.o zgivens.o  zhessen.o zschur.o; ranlib meschach.a
make[2]: Leaving directory '/scratch/acsilveira/rodinia_novos/openmp/leukocyte/meschach_lib'
make[2]: Entering directory '/scratch/acsilveira/rodinia_novos/openmp/leukocyte/meschach_lib'
/bin/rm -f *.o core asx5213a.mat iotort.dat 
make[2]: Leaving directory '/scratch/acsilveira/rodinia_novos/openmp/leukocyte/meschach_lib'
gcc -g -O3 -Wall -fopenmp -I../meschach_lib -lm avilib.o find_ellipse.o track_ellipse.o misc_math.o detect_main.o -o leukocyte -lm ../meschach_lib/meschach.a -lpthread
make[1]: Leaving directory '/scratch/acsilveira/rodinia_novos/openmp/leukocyte/OpenMP'
___Executando leukocyte___:
___leukocyte com 2 Treads___
Total application run time: 1096.07483 seconds
Tempo total: 1096238.722 ms
	Time:	0:18:16
	Energy:	0.0239 kWh
	CO2eq:	11.4735 g
	0.1067 km travelled by car
	Time:	0:18:16
	Energy:	0.0239 kWh
	CO2eq:	11.4735 g
	0.1067 km travelled by car
___leukocyte com 2 Treads_concluida___
___leukocyte com 4 Treads___
Total application run time: 580.48798 seconds
Tempo total: 580670.272 ms
	Time:	0:09:41
	Energy:	0.0133 kWh
	CO2eq:	6.4213 g
	0.0597 km travelled by car
	Time:	0:09:41
	Energy:	0.0133 kWh
	CO2eq:	6.4213 g
	0.0597 km travelled by car
___leukocyte com 4 Treads_concluida___
___leukocyte com 6 Treads___
Total application run time: 389.03009 seconds
Tempo total: 389215.741 ms
	Time:	0:06:29
	Energy:	0.0094 kWh
	CO2eq:	4.5228 g
	0.0421 km travelled by car
	Time:	0:06:29
	Energy:	0.0094 kWh
	CO2eq:	4.5228 g
	0.0421 km travelled by car
___leukocyte com 6 Treads_concluida___
___leukocyte com 8 Treads___
Total application run time: 332.89410 seconds
Tempo total: 333074.754 ms
	Time:	0:05:33
	Energy:	0.0083 kWh
	CO2eq:	3.9766 g
	0.0370 km travelled by car
	Time:	0:05:33
	Energy:	0.0083 kWh
	CO2eq:	3.9759 g
	0.0370 km travelled by car
___leukocyte com 8 Treads_concluida___
___leukocyte com 10 Treads___
Total application run time: 265.00845 seconds
Tempo total: 265198.479 ms
	Time:	0:04:25
	Energy:	0.0069 kWh
	CO2eq:	3.3089 g
	0.0308 km travelled by car
	Time:	0:04:25
	Energy:	0.0069 kWh
	CO2eq:	3.3089 g
	0.0308 km travelled by car
___leukocyte com 10 Treads_concluida___
___leukocyte com 12 Treads___
Total application run time: 200.99812 seconds
Tempo total: 201181.394 ms
	Time:	0:03:21
	Energy:	0.0056 kWh
	CO2eq:	2.6716 g
	0.0249 km travelled by car
	Time:	0:03:21
	Energy:	0.0056 kWh
	CO2eq:	2.6716 g
	0.0249 km travelled by car
___leukocyte com 12 Treads_concluida___
___leukocyte com 14 Treads___
Total application run time: 199.61288 seconds
Tempo total: 199803.783 ms
	Time:	0:03:20
	Energy:	0.0055 kWh
	CO2eq:	2.6617 g
	0.0248 km travelled by car
	Time:	0:03:20
	Energy:	0.0055 kWh
	CO2eq:	2.6617 g
	0.0248 km travelled by car
___leukocyte com 14 Treads_concluida___
___leukocyte com 16 Treads___
Total application run time: 197.57941 seconds
Tempo total: 197768.411 ms
	Time:	0:03:18
	Energy:	0.0055 kWh
	CO2eq:	2.6310 g
	0.0245 km travelled by car
	Time:	0:03:18
	Energy:	0.0055 kWh
	CO2eq:	2.6310 g
	0.0245 km travelled by car
___leukocyte com 16 Treads_concluida___
___Fim de leukocyte___:

Start -> backprop
compilando backprop...
rm -f *.o *~ backprop backprop_cuda.linkinfo
gcc -g -fopenmp  -O2 backprop.c -c
gcc -g -fopenmp  -O2 facetrain.c -c
gcc -g -fopenmp  -O2 imagenet.c -c
gcc -g -fopenmp  -O2 backprop_kernel.c -c
gcc -g -fopenmp  -O2 backprop.o facetrain.o imagenet.o backprop_kernel.o -o backprop -lm
___Executando backprop___:
___backprop com 2 Treads___
Tempo total: 43504.433 ms
	Time:	0:00:44
	Energy:	0.0010 kWh
	CO2eq:	0.4599 g
	0.0043 km travelled by car
	Time:	0:00:44
	Energy:	0.0010 kWh
	CO2eq:	0.4599 g
	0.0043 km travelled by car
___backprop com 2 Treads_concluida___
___backprop com 4 Treads___
Tempo total: 37640.302 ms
	Time:	0:00:38
	Energy:	0.0008 kWh
	CO2eq:	0.3980 g
	0.0037 km travelled by car
	Time:	0:00:38
	Energy:	0.0008 kWh
	CO2eq:	0.3980 g
	0.0037 km travelled by car
___backprop com 4 Treads_concluida___
___backprop com 6 Treads___
Tempo total: 36529.073 ms
	Time:	0:00:37
	Energy:	0.0008 kWh
	CO2eq:	0.3864 g
	0.0036 km travelled by car
	Time:	0:00:37
	Energy:	0.0008 kWh
	CO2eq:	0.3864 g
	0.0036 km travelled by car
___backprop com 6 Treads_concluida___
___backprop com 8 Treads___
Tempo total: 35077.583 ms
	Time:	0:00:35
	Energy:	0.0008 kWh
	CO2eq:	0.3710 g
	0.0035 km travelled by car
	Time:	0:00:35
	Energy:	0.0008 kWh
	CO2eq:	0.3710 g
	0.0035 km travelled by car
___backprop com 8 Treads_concluida___
___backprop com 10 Treads___
Tempo total: 35184.226 ms
	Time:	0:00:35
	Energy:	0.0008 kWh
	CO2eq:	0.3731 g
	0.0035 km travelled by car
	Time:	0:00:35
	Energy:	0.0008 kWh
	CO2eq:	0.3731 g
	0.0035 km travelled by car
___backprop com 10 Treads_concluida___
___backprop com 12 Treads___
Tempo total: 35328.118 ms
	Time:	0:00:35
	Energy:	0.0008 kWh
	CO2eq:	0.3739 g
	0.0035 km travelled by car
	Time:	0:00:35
	Energy:	0.0008 kWh
	CO2eq:	0.3739 g
	0.0035 km travelled by car
___backprop com 12 Treads_concluida___
___backprop com 14 Treads___
Tempo total: 36432.939 ms
	Time:	0:00:36
	Energy:	0.0008 kWh
	CO2eq:	0.3858 g
	0.0036 km travelled by car
	Time:	0:00:36
	Energy:	0.0008 kWh
	CO2eq:	0.3858 g
	0.0036 km travelled by car
___backprop com 14 Treads_concluida___
___backprop com 16 Treads___
Tempo total: 34494.837 ms
	Time:	0:00:34
	Energy:	0.0008 kWh
	CO2eq:	0.3666 g
	0.0034 km travelled by car
	Time:	0:00:34
	Energy:	0.0008 kWh
	CO2eq:	0.3666 g
	0.0034 km travelled by car
___backprop com 16 Treads_concluida___
___Fim de backprop___:

Start -> cfd
compilando cfd...
rm -f euler3d_cpu
rm -f euler3d_cpu_offload
rm -f euler3d_cpu_double
rm -f pre_euler3d_cpu
rm -f pre_euler3d_cpu_double
g++ -O3 -Dblock_length=8 -fopenmp euler3d_cpu.cpp -o euler3d_cpu
g++ -O3 -Dblock_length=8 -fopenmp euler3d_cpu_double.cpp -o euler3d_cpu_double
g++ -O3 -Dblock_length=8 -fopenmp pre_euler3d_cpu.cpp -o pre_euler3d_cpu
g++ -O3 -Dblock_length=8 -fopenmp pre_euler3d_cpu_double.cpp -o pre_euler3d_cpu_double
icc -g -O3 -DOMP_OFFLOAD -Dblock_length=216 -fopenmp -offload-option,mic,compiler,"-no-opt-prefetch" euler3d_cpu.cpp -o euler3d_cpu_offload
___Executando cfd___:
___cfd com 2 Treads___
Compute time: 187.996
Tempo total: 191099.672 ms
	Time:	0:03:11
	Energy:	0.0041 kWh
	CO2eq:	1.9845 g
	0.0185 km travelled by car
	Time:	0:03:11
	Energy:	0.0041 kWh
	CO2eq:	1.9845 g
	0.0185 km travelled by car
___cfd com 2 Treads_concluida___
___cfd com 4 Treads___
Compute time: 94.65
Tempo total: 97709.199 ms
	Time:	0:01:38
	Energy:	0.0022 kWh
	CO2eq:	1.0589 g
	0.0099 km travelled by car
	Time:	0:01:38
	Energy:	0.0022 kWh
	CO2eq:	1.0589 g
	0.0099 km travelled by car
___cfd com 4 Treads_concluida___
___cfd com 6 Treads___
Compute time: 63.6997
Tempo total: 66780.609 ms
	Time:	0:01:07
	Energy:	0.0016 kWh
	CO2eq:	0.7548 g
	0.0070 km travelled by car
	Time:	0:01:07
	Energy:	0.0016 kWh
	CO2eq:	0.7548 g
	0.0070 km travelled by car
___cfd com 6 Treads_concluida___
___cfd com 8 Treads___
Compute time: 47.5127
Tempo total: 50542.282 ms
	Time:	0:00:51
	Energy:	0.0012 kWh
	CO2eq:	0.5946 g
	0.0055 km travelled by car
	Time:	0:00:51
	Energy:	0.0012 kWh
	CO2eq:	0.5946 g
	0.0055 km travelled by car
___cfd com 8 Treads_concluida___
___cfd com 10 Treads___
Compute time: 39.1135
Tempo total: 42258.039 ms
	Time:	0:00:42
	Energy:	0.0011 kWh
	CO2eq:	0.5140 g
	0.0048 km travelled by car
	Time:	0:00:42
	Energy:	0.0011 kWh
	CO2eq:	0.5140 g
	0.0048 km travelled by car
___cfd com 10 Treads_concluida___
___cfd com 12 Treads___
Compute time: 32.24
Tempo total: 35277.187 ms
	Time:	0:00:35
	Energy:	0.0009 kWh
	CO2eq:	0.4407 g
	0.0041 km travelled by car
	Time:	0:00:35
	Energy:	0.0009 kWh
	CO2eq:	0.4407 g
	0.0041 km travelled by car
___cfd com 12 Treads_concluida___
___cfd com 14 Treads___
Compute time: 27.8187
Tempo total: 30934.672 ms
	Time:	0:00:31
	Energy:	0.0008 kWh
	CO2eq:	0.4034 g
	0.0038 km travelled by car
	Time:	0:00:31
	Energy:	0.0008 kWh
	CO2eq:	0.3980 g
	0.0037 km travelled by car
___cfd com 14 Treads_concluida___
___cfd com 16 Treads___
Compute time: 25.4941
Tempo total: 28531.286 ms
	Time:	0:00:29
	Energy:	0.0008 kWh
	CO2eq:	0.3788 g
	0.0035 km travelled by car
	Time:	0:00:29
	Energy:	0.0008 kWh
	CO2eq:	0.3788 g
	0.0035 km travelled by car
___cfd com 16 Treads_concluida___
___Fim de cfd___:

Start -> srad
compilando srad...
cd srad_v1; 	make clean
make[1]: Entering directory '/scratch/acsilveira/rodinia_novos/openmp/srad/srad_v1'
rm *.o srad
make[1]: Leaving directory '/scratch/acsilveira/rodinia_novos/openmp/srad/srad_v1'
cd srad_v2; 	make clean
make[1]: Entering directory '/scratch/acsilveira/rodinia_novos/openmp/srad/srad_v2'
rm -f srad
make[1]: Leaving directory '/scratch/acsilveira/rodinia_novos/openmp/srad/srad_v2'
cd srad_v1; 	make
make[1]: Entering directory '/scratch/acsilveira/rodinia_novos/openmp/srad/srad_v1'
gcc	main.c \
		-c -O3 -fopenmp
gcc	main.o \
		-lm -fopenmp -o srad
make[1]: Leaving directory '/scratch/acsilveira/rodinia_novos/openmp/srad/srad_v1'
cd srad_v2; 	make
make[1]: Entering directory '/scratch/acsilveira/rodinia_novos/openmp/srad/srad_v2'
g++ -g -fopenmp -O2 -lm srad.cpp -o srad 
make[1]: Leaving directory '/scratch/acsilveira/rodinia_novos/openmp/srad/srad_v2'
___Executando srad___:
___srad com 2 Treads___
Tempo total: 232863.809 ms
	Time:	0:03:53
	Energy:	0.0050 kWh
	CO2eq:	2.4125 g
	0.0224 km travelled by car
	Time:	0:03:53
	Energy:	0.0050 kWh
	CO2eq:	2.4125 g
	0.0224 km travelled by car
___srad com 2 Treads_concluida___
___srad com 4 Treads___
Tempo total: 114262.047 ms
	Time:	0:01:54
	Energy:	0.0026 kWh
	CO2eq:	1.2371 g
	0.0115 km travelled by car
	Time:	0:01:54
	Energy:	0.0026 kWh
	CO2eq:	1.2371 g
	0.0115 km travelled by car
___srad com 4 Treads_concluida___
___srad com 6 Treads___
Tempo total: 77458.484 ms
	Time:	0:01:17
	Energy:	0.0018 kWh
	CO2eq:	0.8730 g
	0.0081 km travelled by car
	Time:	0:01:17
	Energy:	0.0018 kWh
	CO2eq:	0.8730 g
	0.0081 km travelled by car
___srad com 6 Treads_concluida___
___srad com 8 Treads___
Tempo total: 59475.935 ms
	Time:	0:00:59
	Energy:	0.0014 kWh
	CO2eq:	0.6971 g
	0.0065 km travelled by car
	Time:	0:00:59
	Energy:	0.0014 kWh
	CO2eq:	0.6971 g
	0.0065 km travelled by car
___srad com 8 Treads_concluida___
___srad com 10 Treads___
Tempo total: 47356.305 ms
	Time:	0:00:47
	Energy:	0.0012 kWh
	CO2eq:	0.5794 g
	0.0054 km travelled by car
	Time:	0:00:47
	Energy:	0.0012 kWh
	CO2eq:	0.5794 g
	0.0054 km travelled by car
___srad com 10 Treads_concluida___
___srad com 12 Treads___
Tempo total: 40418.658 ms
	Time:	0:00:40
	Energy:	0.0011 kWh
	CO2eq:	0.5126 g
	0.0048 km travelled by car
	Time:	0:00:40
	Energy:	0.0011 kWh
	CO2eq:	0.5126 g
	0.0048 km travelled by car
___srad com 12 Treads_concluida___
___srad com 14 Treads___
Tempo total: 34625.735 ms
	Time:	0:00:35
	Energy:	0.0009 kWh
	CO2eq:	0.4548 g
	0.0042 km travelled by car
	Time:	0:00:35
	Energy:	0.0009 kWh
	CO2eq:	0.4548 g
	0.0042 km travelled by car
___srad com 14 Treads_concluida___
___srad com 16 Treads___
Tempo total: 32068.160 ms
	Time:	0:00:32
	Energy:	0.0009 kWh
	CO2eq:	0.4333 g
	0.0040 km travelled by car
	Time:	0:00:32
	Energy:	0.0009 kWh
	CO2eq:	0.4333 g
	0.0040 km travelled by car
___srad com 16 Treads_concluida___
___Fim de srad___:

