Numero de CPUs logicos (threads): 16
Numero de núcleos fisicos: 8
Start -> kmeans
compilando kmeans...
cd kmeans_serial; make clean
make[1]: Entering directory '/scratch/acsilveira/rodinia_novos/openmp/kmeans/kmeans_serial'
rm -f *.o *~ kmeans 
make[1]: Leaving directory '/scratch/acsilveira/rodinia_novos/openmp/kmeans/kmeans_serial'
cd kmeans_openmp; make clean
make[1]: Entering directory '/scratch/acsilveira/rodinia_novos/openmp/kmeans/kmeans_openmp'
rm -f *.o *~ kmeans 
make[1]: Leaving directory '/scratch/acsilveira/rodinia_novos/openmp/kmeans/kmeans_openmp'
cd kmeans_openmp; make
make[1]: Entering directory '/scratch/acsilveira/rodinia_novos/openmp/kmeans/kmeans_openmp'
gcc -g -fopenmp -O2  cluster.c -c
gcc -g -fopenmp -O2  getopt.c -c
gcc -g -fopenmp -O2  kmeans.c -c
gcc -g -fopenmp -O2  kmeans_clustering.c -c
gcc -g -fopenmp -O2  cluster.o getopt.o kmeans.o kmeans_clustering.o  -o kmeans
make[1]: Leaving directory '/scratch/acsilveira/rodinia_novos/openmp/kmeans/kmeans_openmp'
cd kmeans_serial; make
make[1]: Entering directory '/scratch/acsilveira/rodinia_novos/openmp/kmeans/kmeans_serial'
gcc -g -fopenmp -O2  cluster.c -c
gcc -g -fopenmp -O2  getopt.c -c
gcc -g -fopenmp -O2  kmeans.c -c
gcc -g -fopenmp -O2  kmeans_clustering.c -c
gcc -g -fopenmp -O2  cluster.o getopt.o kmeans.o kmeans_clustering.o  -o kmeans
make[1]: Leaving directory '/scratch/acsilveira/rodinia_novos/openmp/kmeans/kmeans_serial'
___Executando kmeans___:
___kmeans com 2 Treads___
Time for process: 392.127553
Tempo total: 393284.438 ms
	Time:	0:06:33
	Energy:	0.0085 kWh
	CO2eq:	4.0842 g
	0.0380 km travelled by car
	Time:	0:06:33
	Energy:	0.0085 kWh
	CO2eq:	4.0842 g
	0.0380 km travelled by car
___kmeans com 2 Treads_concluida___
___kmeans com 4 Treads___
Time for process: 196.441704
Tempo total: 197593.246 ms
	Time:	0:03:18
	Energy:	0.0045 kWh
	CO2eq:	2.1481 g
	0.0200 km travelled by car
	Time:	0:03:18
	Energy:	0.0045 kWh
	CO2eq:	2.1481 g
	0.0200 km travelled by car
___kmeans com 4 Treads_concluida___
___kmeans com 6 Treads___
Time for process: 131.011988
Tempo total: 132161.683 ms
	Time:	0:02:12
	Energy:	0.0031 kWh
	CO2eq:	1.5041 g
	0.0140 km travelled by car
	Time:	0:02:12
	Energy:	0.0031 kWh
	CO2eq:	1.5041 g
	0.0140 km travelled by car
___kmeans com 6 Treads_concluida___
___kmeans com 8 Treads___
Time for process: 98.276477
Tempo total: 99427.007 ms
	Time:	0:01:39
	Energy:	0.0025 kWh
	CO2eq:	1.1856 g
	0.0110 km travelled by car
	Time:	0:01:39
	Energy:	0.0025 kWh
	CO2eq:	1.1856 g
	0.0110 km travelled by car
___kmeans com 8 Treads_concluida___
___kmeans com 10 Treads___
Time for process: 78.657024
Tempo total: 79815.864 ms
	Time:	0:01:20
	Energy:	0.0021 kWh
	CO2eq:	0.9953 g
	0.0093 km travelled by car
	Time:	0:01:20
	Energy:	0.0021 kWh
	CO2eq:	0.9953 g
	0.0093 km travelled by car
___kmeans com 10 Treads_concluida___
___kmeans com 12 Treads___
Time for process: 65.548818
Tempo total: 66701.360 ms
	Time:	0:01:07
	Energy:	0.0018 kWh
	CO2eq:	0.8610 g
	0.0080 km travelled by car
	Time:	0:01:07
	Energy:	0.0018 kWh
	CO2eq:	0.8610 g
	0.0080 km travelled by car
___kmeans com 12 Treads_concluida___
___kmeans com 14 Treads___
Time for process: 56.234191
Tempo total: 57386.900 ms
	Time:	0:00:57
	Energy:	0.0016 kWh
	CO2eq:	0.7652 g
	0.0071 km travelled by car
	Time:	0:00:57
	Energy:	0.0016 kWh
	CO2eq:	0.7652 g
	0.0071 km travelled by car
___kmeans com 14 Treads_concluida___
___kmeans com 16 Treads___
Time for process: 50.366265
Tempo total: 51576.023 ms
	Time:	0:00:52
	Energy:	0.0015 kWh
	CO2eq:	0.7111 g
	0.0066 km travelled by car
	Time:	0:00:52
	Energy:	0.0015 kWh
	CO2eq:	0.7111 g
	0.0066 km travelled by car
___kmeans com 16 Treads_concluida___
___Fim de kmeans___:

Start -> leukocyte
compilando leukocyte...
cd OpenMP; make clean
make[1]: Entering directory '/scratch/acsilveira/rodinia_novos/openmp/leukocyte/OpenMP'
rm -f *.o leukocyte
make[1]: Leaving directory '/scratch/acsilveira/rodinia_novos/openmp/leukocyte/OpenMP'
rm -f meschach_lib/meschach.a
cd OpenMP; make
make[1]: Entering directory '/scratch/acsilveira/rodinia_novos/openmp/leukocyte/OpenMP'
gcc  -g -O3 -Wall -fopenmp -I../meschach_lib detect_main.c -c
gcc  -g -O3 -Wall -fopenmp -I../meschach_lib avilib.c -c
gcc  -g -O3 -Wall -fopenmp -I../meschach_lib find_ellipse.c -c
gcc  -g -O3 -Wall -fopenmp -I../meschach_lib track_ellipse.c -c
gcc  -g -O3 -Wall -fopenmp -I../meschach_lib misc_math.c -c
cd ../meschach_lib; ./configure --with-all; make all; make clean
make[2]: Entering directory '/scratch/acsilveira/rodinia_novos/openmp/leukocyte/meschach_lib'
cc -c -O -DHAVE_CONFIG_H copy.c
cc -c -O -DHAVE_CONFIG_H err.c
cc -c -O -DHAVE_CONFIG_H matrixio.c
cc -c -O -DHAVE_CONFIG_H memory.c
cc -c -O -DHAVE_CONFIG_H vecop.c
cc -c -O -DHAVE_CONFIG_H matop.c
cc -c -O -DHAVE_CONFIG_H pxop.c
cc -c -O -DHAVE_CONFIG_H submat.c
cc -c -O -DHAVE_CONFIG_H init.c
cc -c -O -DHAVE_CONFIG_H otherio.c
cc -c -O -DHAVE_CONFIG_H machine.c
cc -c -O -DHAVE_CONFIG_H matlab.c
cc -c -O -DHAVE_CONFIG_H ivecop.c
cc -c -O -DHAVE_CONFIG_H version.c
cc -c -O -DHAVE_CONFIG_H meminfo.c
cc -c -O -DHAVE_CONFIG_H memstat.c
ar ru meschach.a copy.o err.o matrixio.o memory.o vecop.o matop.o pxop.o submat.o init.o otherio.o machine.o matlab.o ivecop.o version.o meminfo.o memstat.o; ranlib meschach.a
cc -c -O -DHAVE_CONFIG_H lufactor.c
cc -c -O -DHAVE_CONFIG_H bkpfacto.c
cc -c -O -DHAVE_CONFIG_H chfactor.c
cc -c -O -DHAVE_CONFIG_H qrfactor.c
cc -c -O -DHAVE_CONFIG_H solve.c
cc -c -O -DHAVE_CONFIG_H hsehldr.c
cc -c -O -DHAVE_CONFIG_H givens.c
cc -c -O -DHAVE_CONFIG_H update.c
cc -c -O -DHAVE_CONFIG_H norm.c
cc -c -O -DHAVE_CONFIG_H hessen.c
cc -c -O -DHAVE_CONFIG_H symmeig.c
cc -c -O -DHAVE_CONFIG_H schur.c
cc -c -O -DHAVE_CONFIG_H svd.c
cc -c -O -DHAVE_CONFIG_H fft.c
cc -c -O -DHAVE_CONFIG_H mfunc.c
cc -c -O -DHAVE_CONFIG_H bdfactor.c
ar ru meschach.a lufactor.o bkpfacto.o chfactor.o qrfactor.o solve.o hsehldr.o givens.o update.o norm.o hessen.o symmeig.o schur.o svd.o fft.o mfunc.o bdfactor.o; ranlib meschach.a
cc -c -O -DHAVE_CONFIG_H sparse.c
cc -c -O -DHAVE_CONFIG_H sprow.c
cc -c -O -DHAVE_CONFIG_H sparseio.c
cc -c -O -DHAVE_CONFIG_H spchfctr.c
cc -c -O -DHAVE_CONFIG_H splufctr.c
cc -c -O -DHAVE_CONFIG_H spbkp.c
cc -c -O -DHAVE_CONFIG_H spswap.c
cc -c -O -DHAVE_CONFIG_H iter0.c
cc -c -O -DHAVE_CONFIG_H itersym.c
cc -c -O -DHAVE_CONFIG_H iternsym.c
ar ru meschach.a sparse.o sprow.o sparseio.o spchfctr.o splufctr.o spbkp.o spswap.o iter0.o itersym.o iternsym.o; ranlib meschach.a
cc -c -O -DHAVE_CONFIG_H zmachine.c
cc -c -O -DHAVE_CONFIG_H zcopy.c
cc -c -O -DHAVE_CONFIG_H zmatio.c
cc -c -O -DHAVE_CONFIG_H zmemory.c
cc -c -O -DHAVE_CONFIG_H zvecop.c
cc -c -O -DHAVE_CONFIG_H zmatop.c
cc -c -O -DHAVE_CONFIG_H znorm.c
cc -c -O -DHAVE_CONFIG_H zfunc.c
ar ru meschach.a zmachine.o zcopy.o zmatio.o zmemory.o zvecop.o zmatop.o znorm.o zfunc.o ; ranlib meschach.a
cc -c -O -DHAVE_CONFIG_H zlufctr.c
cc -c -O -DHAVE_CONFIG_H zsolve.c
cc -c -O -DHAVE_CONFIG_H zmatlab.c
cc -c -O -DHAVE_CONFIG_H zhsehldr.c
cc -c -O -DHAVE_CONFIG_H zqrfctr.c
cc -c -O -DHAVE_CONFIG_H zgivens.c
cc -c -O -DHAVE_CONFIG_H zhessen.c
cc -c -O -DHAVE_CONFIG_H zschur.c
ar ru meschach.a zlufctr.o zsolve.o zmatlab.o zhsehldr.o zqrfctr.o zgivens.o  zhessen.o zschur.o; ranlib meschach.a
make[2]: Leaving directory '/scratch/acsilveira/rodinia_novos/openmp/leukocyte/meschach_lib'
make[2]: Entering directory '/scratch/acsilveira/rodinia_novos/openmp/leukocyte/meschach_lib'
/bin/rm -f *.o core asx5213a.mat iotort.dat 
make[2]: Leaving directory '/scratch/acsilveira/rodinia_novos/openmp/leukocyte/meschach_lib'
gcc -g -O3 -Wall -fopenmp -I../meschach_lib -lm avilib.o find_ellipse.o track_ellipse.o misc_math.o detect_main.o -o leukocyte -lm ../meschach_lib/meschach.a -lpthread
make[1]: Leaving directory '/scratch/acsilveira/rodinia_novos/openmp/leukocyte/OpenMP'
___Executando leukocyte___:
___leukocyte com 2 Treads___
Total application run time: 1097.21667 seconds
Tempo total: 1097383.967 ms
	Time:	0:18:17
	Energy:	0.0240 kWh
	CO2eq:	11.5277 g
	0.1072 km travelled by car
	Time:	0:18:17
	Energy:	0.0240 kWh
	CO2eq:	11.5277 g
	0.1072 km travelled by car
___leukocyte com 2 Treads_concluida___
___leukocyte com 4 Treads___
Total application run time: 577.57324 seconds
Tempo total: 577742.245 ms
	Time:	0:09:38
	Energy:	0.0133 kWh
	CO2eq:	6.3964 g
	0.0595 km travelled by car
	Time:	0:09:38
	Energy:	0.0133 kWh
	CO2eq:	6.3964 g
	0.0595 km travelled by car
___leukocyte com 4 Treads_concluida___
___leukocyte com 6 Treads___
Total application run time: 389.06744 seconds
Tempo total: 389238.583 ms
	Time:	0:06:29
	Energy:	0.0095 kWh
	CO2eq:	4.5531 g
	0.0424 km travelled by car
	Time:	0:06:29
	Energy:	0.0095 kWh
	CO2eq:	4.5531 g
	0.0424 km travelled by car
___leukocyte com 6 Treads_concluida___
___leukocyte com 8 Treads___
Total application run time: 332.37997 seconds
Tempo total: 332566.709 ms
	Time:	0:05:33
	Energy:	0.0083 kWh
	CO2eq:	3.9994 g
	0.0372 km travelled by car
	Time:	0:05:33
	Energy:	0.0083 kWh
	CO2eq:	3.9994 g
	0.0372 km travelled by car
___leukocyte com 8 Treads_concluida___
___leukocyte com 10 Treads___
Total application run time: 265.12350 seconds
Tempo total: 265311.843 ms
	Time:	0:04:25
	Energy:	0.0069 kWh
	CO2eq:	3.3258 g
	0.0309 km travelled by car
	Time:	0:04:25
	Energy:	0.0069 kWh
	CO2eq:	3.3258 g
	0.0309 km travelled by car
___leukocyte com 10 Treads_concluida___
___leukocyte com 12 Treads___
Total application run time: 202.98409 seconds
Tempo total: 203160.714 ms
	Time:	0:03:23
	Energy:	0.0056 kWh
	CO2eq:	2.7098 g
	0.0252 km travelled by car
	Time:	0:03:23
	Energy:	0.0056 kWh
	CO2eq:	2.7098 g
	0.0252 km travelled by car
___leukocyte com 12 Treads_concluida___
___leukocyte com 14 Treads___
Total application run time: 199.19775 seconds
Tempo total: 199373.544 ms
	Time:	0:03:19
	Energy:	0.0055 kWh
	CO2eq:	2.6508 g
	0.0247 km travelled by car
	Time:	0:03:19
	Energy:	0.0055 kWh
	CO2eq:	2.6508 g
	0.0247 km travelled by car
___leukocyte com 14 Treads_concluida___
___leukocyte com 16 Treads___
Total application run time: 197.75371 seconds
Tempo total: 197933.643 ms
	Time:	0:03:18
	Energy:	0.0055 kWh
	CO2eq:	2.6397 g
	0.0246 km travelled by car
	Time:	0:03:18
	Energy:	0.0055 kWh
	CO2eq:	2.6397 g
	0.0246 km travelled by car
___leukocyte com 16 Treads_concluida___
___Fim de leukocyte___:

Start -> backprop
compilando backprop...
rm -f *.o *~ backprop backprop_cuda.linkinfo
gcc -g -fopenmp  -O2 backprop.c -c
gcc -g -fopenmp  -O2 facetrain.c -c
gcc -g -fopenmp  -O2 imagenet.c -c
gcc -g -fopenmp  -O2 backprop_kernel.c -c
gcc -g -fopenmp  -O2 backprop.o facetrain.o imagenet.o backprop_kernel.o -o backprop -lm
___Executando backprop___:
___backprop com 2 Treads___
Tempo total: 43480.420 ms
	Time:	0:00:43
	Energy:	0.0010 kWh
	CO2eq:	0.4593 g
	0.0043 km travelled by car
	Time:	0:00:43
	Energy:	0.0010 kWh
	CO2eq:	0.4593 g
	0.0043 km travelled by car
___backprop com 2 Treads_concluida___
___backprop com 4 Treads___
Tempo total: 37637.228 ms
	Time:	0:00:38
	Energy:	0.0008 kWh
	CO2eq:	0.3984 g
	0.0037 km travelled by car
	Time:	0:00:38
	Energy:	0.0008 kWh
	CO2eq:	0.3984 g
	0.0037 km travelled by car
___backprop com 4 Treads_concluida___
___backprop com 6 Treads___
Tempo total: 36527.906 ms
	Time:	0:00:37
	Energy:	0.0008 kWh
	CO2eq:	0.3854 g
	0.0036 km travelled by car
	Time:	0:00:37
	Energy:	0.0008 kWh
	CO2eq:	0.3854 g
	0.0036 km travelled by car
___backprop com 6 Treads_concluida___
___backprop com 8 Treads___
Tempo total: 37508.851 ms
	Time:	0:00:38
	Energy:	0.0008 kWh
	CO2eq:	0.3974 g
	0.0037 km travelled by car
	Time:	0:00:38
	Energy:	0.0008 kWh
	CO2eq:	0.3974 g
	0.0037 km travelled by car
___backprop com 8 Treads_concluida___
___backprop com 10 Treads___
Tempo total: 35150.479 ms
	Time:	0:00:35
	Energy:	0.0008 kWh
	CO2eq:	0.3714 g
	0.0035 km travelled by car
	Time:	0:00:35
	Energy:	0.0008 kWh
	CO2eq:	0.3714 g
	0.0035 km travelled by car
___backprop com 10 Treads_concluida___
___backprop com 12 Treads___
Tempo total: 36500.683 ms
	Time:	0:00:37
	Energy:	0.0008 kWh
	CO2eq:	0.3843 g
	0.0036 km travelled by car
	Time:	0:00:37
	Energy:	0.0008 kWh
	CO2eq:	0.3843 g
	0.0036 km travelled by car
___backprop com 12 Treads_concluida___
___backprop com 14 Treads___
Tempo total: 36977.819 ms
	Time:	0:00:37
	Energy:	0.0008 kWh
	CO2eq:	0.3877 g
	0.0036 km travelled by car
	Time:	0:00:37
	Energy:	0.0008 kWh
	CO2eq:	0.3874 g
	0.0036 km travelled by car
___backprop com 14 Treads_concluida___
___backprop com 16 Treads___
Tempo total: 34756.844 ms
	Time:	0:00:35
	Energy:	0.0008 kWh
	CO2eq:	0.3674 g
	0.0034 km travelled by car
	Time:	0:00:35
	Energy:	0.0008 kWh
	CO2eq:	0.3674 g
	0.0034 km travelled by car
___backprop com 16 Treads_concluida___
___Fim de backprop___:

Start -> cfd
compilando cfd...
rm -f euler3d_cpu
rm -f euler3d_cpu_offload
rm -f euler3d_cpu_double
rm -f pre_euler3d_cpu
rm -f pre_euler3d_cpu_double
g++ -O3 -Dblock_length=8 -fopenmp euler3d_cpu.cpp -o euler3d_cpu
g++ -O3 -Dblock_length=8 -fopenmp euler3d_cpu_double.cpp -o euler3d_cpu_double
g++ -O3 -Dblock_length=8 -fopenmp pre_euler3d_cpu.cpp -o pre_euler3d_cpu
g++ -O3 -Dblock_length=8 -fopenmp pre_euler3d_cpu_double.cpp -o pre_euler3d_cpu_double
icc -g -O3 -DOMP_OFFLOAD -Dblock_length=216 -fopenmp -offload-option,mic,compiler,"-no-opt-prefetch" euler3d_cpu.cpp -o euler3d_cpu_offload
___Executando cfd___:
___cfd com 2 Treads___
Compute time: 186.242
Tempo total: 189275.408 ms
	Time:	0:03:09
	Energy:	0.0041 kWh
	CO2eq:	1.9565 g
	0.0182 km travelled by car
	Time:	0:03:09
	Energy:	0.0041 kWh
	CO2eq:	1.9565 g
	0.0182 km travelled by car
___cfd com 2 Treads_concluida___
___cfd com 4 Treads___
Compute time: 94.4412
Tempo total: 97515.391 ms
	Time:	0:01:38
	Energy:	0.0022 kWh
	CO2eq:	1.0525 g
	0.0098 km travelled by car
	Time:	0:01:38
	Energy:	0.0022 kWh
	CO2eq:	1.0525 g
	0.0098 km travelled by car
___cfd com 4 Treads_concluida___
___cfd com 6 Treads___
Compute time: 63.7021
Tempo total: 66819.076 ms
	Time:	0:01:07
	Energy:	0.0016 kWh
	CO2eq:	0.7551 g
	0.0070 km travelled by car
	Time:	0:01:07
	Energy:	0.0016 kWh
	CO2eq:	0.7551 g
	0.0070 km travelled by car
___cfd com 6 Treads_concluida___
___cfd com 8 Treads___
Compute time: 47.5008
Tempo total: 50545.431 ms
	Time:	0:00:51
	Energy:	0.0012 kWh
	CO2eq:	0.5926 g
	0.0055 km travelled by car
	Time:	0:00:51
	Energy:	0.0012 kWh
	CO2eq:	0.5926 g
	0.0055 km travelled by car
___cfd com 8 Treads_concluida___
___cfd com 10 Treads___
Compute time: 38.9733
Tempo total: 42007.742 ms
	Time:	0:00:42
	Energy:	0.0011 kWh
	CO2eq:	0.5078 g
	0.0047 km travelled by car
	Time:	0:00:42
	Energy:	0.0011 kWh
	CO2eq:	0.5078 g
	0.0047 km travelled by car
___cfd com 10 Treads_concluida___
___cfd com 12 Treads___
Compute time: 32.5174
Tempo total: 35541.389 ms
	Time:	0:00:36
	Energy:	0.0009 kWh
	CO2eq:	0.4433 g
	0.0041 km travelled by car
	Time:	0:00:36
	Energy:	0.0009 kWh
	CO2eq:	0.4433 g
	0.0041 km travelled by car
___cfd com 12 Treads_concluida___
___cfd com 14 Treads___
Compute time: 27.9576
Tempo total: 31142.005 ms
	Time:	0:00:31
	Energy:	0.0008 kWh
	CO2eq:	0.4011 g
	0.0037 km travelled by car
	Time:	0:00:31
	Energy:	0.0008 kWh
	CO2eq:	0.4011 g
	0.0037 km travelled by car
___cfd com 14 Treads_concluida___
___cfd com 16 Treads___
Compute time: 25.636
Tempo total: 28733.139 ms
	Time:	0:00:29
	Energy:	0.0008 kWh
	CO2eq:	0.3847 g
	0.0036 km travelled by car
	Time:	0:00:29
	Energy:	0.0008 kWh
	CO2eq:	0.3847 g
	0.0036 km travelled by car
___cfd com 16 Treads_concluida___
___Fim de cfd___:

Start -> srad
compilando srad...
cd srad_v1; 	make clean
make[1]: Entering directory '/scratch/acsilveira/rodinia_novos/openmp/srad/srad_v1'
rm *.o srad
make[1]: Leaving directory '/scratch/acsilveira/rodinia_novos/openmp/srad/srad_v1'
cd srad_v2; 	make clean
make[1]: Entering directory '/scratch/acsilveira/rodinia_novos/openmp/srad/srad_v2'
rm -f srad
make[1]: Leaving directory '/scratch/acsilveira/rodinia_novos/openmp/srad/srad_v2'
cd srad_v1; 	make
make[1]: Entering directory '/scratch/acsilveira/rodinia_novos/openmp/srad/srad_v1'
gcc	main.c \
		-c -O3 -fopenmp
gcc	main.o \
		-lm -fopenmp -o srad
make[1]: Leaving directory '/scratch/acsilveira/rodinia_novos/openmp/srad/srad_v1'
cd srad_v2; 	make
make[1]: Entering directory '/scratch/acsilveira/rodinia_novos/openmp/srad/srad_v2'
g++ -g -fopenmp -O2 -lm srad.cpp -o srad 
make[1]: Leaving directory '/scratch/acsilveira/rodinia_novos/openmp/srad/srad_v2'
___Executando srad___:
___srad com 2 Treads___
Tempo total: 231649.459 ms
	Time:	0:03:52
	Energy:	0.0050 kWh
	CO2eq:	2.3968 g
	0.0223 km travelled by car
	Time:	0:03:52
	Energy:	0.0050 kWh
	CO2eq:	2.3968 g
	0.0223 km travelled by car
___srad com 2 Treads_concluida___
___srad com 4 Treads___
Tempo total: 114075.780 ms
	Time:	0:01:54
	Energy:	0.0026 kWh
	CO2eq:	1.2320 g
	0.0115 km travelled by car
	Time:	0:01:54
	Energy:	0.0026 kWh
	CO2eq:	1.2320 g
	0.0115 km travelled by car
___srad com 4 Treads_concluida___
___srad com 6 Treads___
Tempo total: 77395.360 ms
	Time:	0:01:17
	Energy:	0.0018 kWh
	CO2eq:	0.8732 g
	0.0081 km travelled by car
	Time:	0:01:17
	Energy:	0.0018 kWh
	CO2eq:	0.8732 g
	0.0081 km travelled by car
___srad com 6 Treads_concluida___
___srad com 8 Treads___
Tempo total: 59346.135 ms
	Time:	0:00:59
	Energy:	0.0014 kWh
	CO2eq:	0.6971 g
	0.0065 km travelled by car
	Time:	0:00:59
	Energy:	0.0014 kWh
	CO2eq:	0.6971 g
	0.0065 km travelled by car
___srad com 8 Treads_concluida___
___srad com 10 Treads___
Tempo total: 47204.331 ms
	Time:	0:00:47
	Energy:	0.0012 kWh
	CO2eq:	0.5765 g
	0.0054 km travelled by car
	Time:	0:00:47
	Energy:	0.0012 kWh
	CO2eq:	0.5765 g
	0.0054 km travelled by car
___srad com 10 Treads_concluida___
___srad com 12 Treads___
Tempo total: 40572.466 ms
	Time:	0:00:41
	Energy:	0.0011 kWh
	CO2eq:	0.5123 g
	0.0048 km travelled by car
	Time:	0:00:41
	Energy:	0.0011 kWh
	CO2eq:	0.5123 g
	0.0048 km travelled by car
___srad com 12 Treads_concluida___
___srad com 14 Treads___
Tempo total: 34511.216 ms
	Time:	0:00:35
	Energy:	0.0009 kWh
	CO2eq:	0.4517 g
	0.0042 km travelled by car
	Time:	0:00:35
	Energy:	0.0009 kWh
	CO2eq:	0.4517 g
	0.0042 km travelled by car
___srad com 14 Treads_concluida___
___srad com 16 Treads___
Tempo total: 31954.137 ms
	Time:	0:00:32
	Energy:	0.0009 kWh
	CO2eq:	0.4316 g
	0.0040 km travelled by car
	Time:	0:00:32
	Energy:	0.0009 kWh
	CO2eq:	0.4316 g
	0.0040 km travelled by car
___srad com 16 Treads_concluida___
___Fim de srad___:

